mode: set
github.com/bladeacer/ocd/main.go:18.13,35.39 6 0
github.com/bladeacer/ocd/main.go:35.39,38.3 2 0
github.com/bladeacer/ocd/main.go:18.13,35.39 6 0
github.com/bladeacer/ocd/main.go:35.39,38.3 2 0
github.com/bladeacer/ocd/cmd/clean.go:12.35,16.55 1 0
github.com/bladeacer/ocd/cmd/clean.go:16.55,18.36 2 0
github.com/bladeacer/ocd/cmd/clean.go:18.36,20.5 1 0
github.com/bladeacer/ocd/cmd/clean.go:21.4,21.62 1 0
github.com/bladeacer/ocd/cmd/clean.go:21.62,23.5 1 0
github.com/bladeacer/ocd/cmd/clean.go:24.4,25.14 2 0
github.com/bladeacer/ocd/cmd/clean.go:29.2,29.12 1 0
github.com/bladeacer/ocd/cmd/diff.go:17.34,18.32 1 0
github.com/bladeacer/ocd/cmd/diff.go:18.32,21.3 2 0
github.com/bladeacer/ocd/cmd/diff.go:22.2,22.24 1 0
github.com/bladeacer/ocd/cmd/diff.go:25.64,28.16 3 0
github.com/bladeacer/ocd/cmd/diff.go:29.14,30.30 1 0
github.com/bladeacer/ocd/cmd/diff.go:31.14,32.30 1 0
github.com/bladeacer/ocd/cmd/diff.go:33.10,34.30 1 0
github.com/bladeacer/ocd/cmd/diff.go:36.2,36.16 1 0
github.com/bladeacer/ocd/cmd/diff.go:36.16,38.3 1 0
github.com/bladeacer/ocd/cmd/diff.go:39.2,39.39 1 0
github.com/bladeacer/ocd/cmd/diff.go:42.55,44.22 2 0
github.com/bladeacer/ocd/cmd/diff.go:44.22,46.3 1 0
github.com/bladeacer/ocd/cmd/diff.go:49.38,51.38 2 0
github.com/bladeacer/ocd/cmd/diff.go:51.38,53.3 1 0
github.com/bladeacer/ocd/cmd/diff.go:54.2,56.12 3 0
github.com/bladeacer/ocd/cmd/diff.go:59.34,77.55 6 0
github.com/bladeacer/ocd/cmd/diff.go:77.55,80.22 2 0
github.com/bladeacer/ocd/cmd/diff.go:80.22,83.5 2 0
github.com/bladeacer/ocd/cmd/diff.go:83.10,83.44 1 0
github.com/bladeacer/ocd/cmd/diff.go:83.44,89.19 5 0
github.com/bladeacer/ocd/cmd/diff.go:89.19,91.6 1 0
github.com/bladeacer/ocd/cmd/diff.go:92.5,92.41 1 0
github.com/bladeacer/ocd/cmd/diff.go:92.41,95.6 2 0
github.com/bladeacer/ocd/cmd/diff.go:96.10,98.5 1 0
github.com/bladeacer/ocd/cmd/diff.go:100.4,100.46 1 0
github.com/bladeacer/ocd/cmd/diff.go:100.46,102.5 1 0
github.com/bladeacer/ocd/cmd/diff.go:103.4,103.46 1 0
github.com/bladeacer/ocd/cmd/diff.go:103.46,105.5 1 0
github.com/bladeacer/ocd/cmd/diff.go:107.4,108.27 2 0
github.com/bladeacer/ocd/cmd/diff.go:108.27,110.5 1 0
github.com/bladeacer/ocd/cmd/diff.go:112.4,112.12 1 0
github.com/bladeacer/ocd/cmd/diff.go:112.12,118.25 6 0
github.com/bladeacer/ocd/cmd/diff.go:118.25,120.6 1 0
github.com/bladeacer/ocd/cmd/diff.go:120.11,122.6 1 0
github.com/bladeacer/ocd/cmd/diff.go:123.5,126.72 4 0
github.com/bladeacer/ocd/cmd/diff.go:126.72,128.6 1 0
github.com/bladeacer/ocd/cmd/diff.go:129.5,130.15 2 0
github.com/bladeacer/ocd/cmd/diff.go:133.4,133.36 1 0
github.com/bladeacer/ocd/cmd/diff.go:137.2,142.12 6 0
github.com/bladeacer/ocd/cmd/extract.go:11.37,18.55 1 0
github.com/bladeacer/ocd/cmd/extract.go:18.55,21.18 3 0
github.com/bladeacer/ocd/cmd/extract.go:21.18,23.5 1 0
github.com/bladeacer/ocd/cmd/extract.go:24.4,25.14 2 0
github.com/bladeacer/ocd/cmd/extract.go:29.2,29.12 1 0
github.com/bladeacer/ocd/cmd/interact.go:14.38,23.55 2 0
github.com/bladeacer/ocd/cmd/interact.go:23.55,29.18 5 0
github.com/bladeacer/ocd/cmd/interact.go:29.18,31.5 1 0
github.com/bladeacer/ocd/cmd/interact.go:32.4,32.30 1 0
github.com/bladeacer/ocd/cmd/interact.go:32.30,35.5 2 0
github.com/bladeacer/ocd/cmd/interact.go:37.4,39.18 3 0
github.com/bladeacer/ocd/cmd/interact.go:39.18,41.5 1 0
github.com/bladeacer/ocd/cmd/interact.go:42.4,43.14 2 0
github.com/bladeacer/ocd/cmd/interact.go:47.2,48.12 2 0
github.com/bladeacer/ocd/internal/cache/cache.go:28.36,33.49 2 0
github.com/bladeacer/ocd/internal/cache/cache.go:33.49,34.13 1 0
github.com/bladeacer/ocd/internal/cache/cache.go:36.2,36.10 1 0
github.com/bladeacer/ocd/internal/cache/cache.go:39.42,41.2 1 0
github.com/bladeacer/ocd/internal/cache/cache.go:43.55,46.16 3 0
github.com/bladeacer/ocd/internal/cache/cache.go:46.16,47.25 1 0
github.com/bladeacer/ocd/internal/cache/cache.go:47.25,49.4 1 0
github.com/bladeacer/ocd/internal/cache/cache.go:50.3,50.13 1 0
github.com/bladeacer/ocd/internal/cache/cache.go:52.2,53.53 2 0
github.com/bladeacer/ocd/internal/cache/cache.go:53.53,55.3 1 0
github.com/bladeacer/ocd/internal/cache/cache.go:56.2,56.54 1 0
github.com/bladeacer/ocd/internal/cache/cache.go:56.54,58.3 1 0
github.com/bladeacer/ocd/internal/cache/cache.go:59.2,59.38 1 0
github.com/bladeacer/ocd/internal/cache/cache.go:62.55,65.16 3 0
github.com/bladeacer/ocd/internal/cache/cache.go:65.16,67.3 1 0
github.com/bladeacer/ocd/internal/cache/cache.go:68.2,73.16 3 0
github.com/bladeacer/ocd/internal/cache/cache.go:73.16,75.3 1 0
github.com/bladeacer/ocd/internal/cache/cache.go:76.2,76.35 1 0
github.com/bladeacer/ocd/internal/cache/cache.go:79.43,82.24 3 0
github.com/bladeacer/ocd/internal/cache/cache.go:82.24,84.3 1 0
github.com/bladeacer/ocd/internal/cache/cache.go:85.2,85.12 1 0
github.com/bladeacer/ocd/internal/cache/cache.go:88.31,90.16 2 0
github.com/bladeacer/ocd/internal/cache/cache.go:90.16,91.25 1 0
github.com/bladeacer/ocd/internal/cache/cache.go:91.25,93.4 1 0
github.com/bladeacer/ocd/internal/cache/cache.go:94.3,94.13 1 0
github.com/bladeacer/ocd/internal/cache/cache.go:96.2,98.16 3 0
github.com/bladeacer/ocd/internal/cache/cache.go:98.16,100.3 1 0
github.com/bladeacer/ocd/internal/cache/cache.go:101.2,101.29 1 0
github.com/bladeacer/ocd/internal/cache/cache.go:101.29,103.3 1 0
github.com/bladeacer/ocd/internal/cache/cache.go:104.2,104.12 1 0
github.com/bladeacer/ocd/internal/core/asar.go:31.61,33.16 2 0
github.com/bladeacer/ocd/internal/core/asar.go:33.16,35.3 1 0
github.com/bladeacer/ocd/internal/core/asar.go:36.2,39.47 3 0
github.com/bladeacer/ocd/internal/core/asar.go:39.47,41.3 1 0
github.com/bladeacer/ocd/internal/core/asar.go:43.2,44.71 2 0
github.com/bladeacer/ocd/internal/core/asar.go:44.71,46.3 1 0
github.com/bladeacer/ocd/internal/core/asar.go:47.2,47.51 1 0
github.com/bladeacer/ocd/internal/core/asar.go:47.51,49.3 1 0
github.com/bladeacer/ocd/internal/core/asar.go:51.2,52.51 2 0
github.com/bladeacer/ocd/internal/core/asar.go:52.51,54.3 1 0
github.com/bladeacer/ocd/internal/core/asar.go:56.2,57.57 2 0
github.com/bladeacer/ocd/internal/core/asar.go:57.57,59.3 1 0
github.com/bladeacer/ocd/internal/core/asar.go:61.2,62.9 2 0
github.com/bladeacer/ocd/internal/core/asar.go:62.9,64.3 1 0
github.com/bladeacer/ocd/internal/core/asar.go:66.2,67.67 2 0
github.com/bladeacer/ocd/internal/core/asar.go:67.67,69.3 1 0
github.com/bladeacer/ocd/internal/core/asar.go:71.2,74.16 3 0
github.com/bladeacer/ocd/internal/core/asar.go:74.16,76.3 1 0
github.com/bladeacer/ocd/internal/core/asar.go:77.2,80.49 3 0
github.com/bladeacer/ocd/internal/core/asar.go:80.49,82.3 1 0
github.com/bladeacer/ocd/internal/core/asar.go:84.2,84.12 1 0
github.com/bladeacer/ocd/internal/core/diff.go:17.60,22.16 4 0
github.com/bladeacer/ocd/internal/core/diff.go:22.16,28.3 1 0
github.com/bladeacer/ocd/internal/core/diff.go:30.2,31.16 2 0
github.com/bladeacer/ocd/internal/core/diff.go:31.16,37.3 1 0
github.com/bladeacer/ocd/internal/core/diff.go:39.2,52.49 4 0
github.com/bladeacer/ocd/internal/core/diff.go:52.49,53.67 1 0
github.com/bladeacer/ocd/internal/core/diff.go:53.67,55.9 2 0
github.com/bladeacer/ocd/internal/core/diff.go:59.2,64.3 1 0
github.com/bladeacer/ocd/internal/core/extract.go:19.49,23.45 3 0
github.com/bladeacer/ocd/internal/core/extract.go:23.45,25.3 1 0
github.com/bladeacer/ocd/internal/core/extract.go:27.2,27.51 1 0
github.com/bladeacer/ocd/internal/core/extract.go:27.51,29.3 1 0
github.com/bladeacer/ocd/internal/core/extract.go:31.2,34.16 3 0
github.com/bladeacer/ocd/internal/core/extract.go:34.16,36.3 1 0
github.com/bladeacer/ocd/internal/core/extract.go:37.2,39.44 2 0
github.com/bladeacer/ocd/internal/core/extract.go:39.44,41.3 1 0
github.com/bladeacer/ocd/internal/core/extract.go:42.2,42.38 1 0
github.com/bladeacer/ocd/internal/core/extract.go:42.38,44.3 1 0
github.com/bladeacer/ocd/internal/core/extract.go:46.2,47.16 2 0
github.com/bladeacer/ocd/internal/core/extract.go:47.16,49.3 1 0
github.com/bladeacer/ocd/internal/core/extract.go:50.2,53.16 3 0
github.com/bladeacer/ocd/internal/core/extract.go:53.16,55.3 1 0
github.com/bladeacer/ocd/internal/core/extract.go:56.2,59.54 3 0
github.com/bladeacer/ocd/internal/core/extract.go:59.54,62.3 2 0
github.com/bladeacer/ocd/internal/core/extract.go:63.2,65.65 2 0
github.com/bladeacer/ocd/internal/core/extract.go:65.65,67.3 1 0
github.com/bladeacer/ocd/internal/core/extract.go:69.2,69.22 1 0
github.com/bladeacer/ocd/internal/core/tldr.go:51.37,54.18 3 0
github.com/bladeacer/ocd/internal/core/tldr.go:54.18,56.3 1 0
github.com/bladeacer/ocd/internal/core/tldr.go:57.2,57.19 1 0
github.com/bladeacer/ocd/internal/core/tldr.go:57.19,59.3 1 0
github.com/bladeacer/ocd/internal/core/tldr.go:60.2,60.19 1 0
github.com/bladeacer/ocd/internal/core/tldr.go:60.19,62.3 1 0
github.com/bladeacer/ocd/internal/core/tldr.go:63.2,63.19 1 0
github.com/bladeacer/ocd/internal/core/tldr.go:63.19,65.3 1 0
github.com/bladeacer/ocd/internal/core/tldr.go:66.2,66.15 1 0
github.com/bladeacer/ocd/internal/core/tldr.go:69.43,71.46 2 0
github.com/bladeacer/ocd/internal/core/tldr.go:71.46,73.52 2 0
github.com/bladeacer/ocd/internal/core/tldr.go:73.52,75.4 1 0
github.com/bladeacer/ocd/internal/core/tldr.go:75.9,77.4 1 0
github.com/bladeacer/ocd/internal/core/tldr.go:79.2,79.21 1 0
github.com/bladeacer/ocd/internal/core/tldr.go:79.21,81.3 1 0
github.com/bladeacer/ocd/internal/core/tldr.go:82.2,82.24 1 0
github.com/bladeacer/ocd/internal/core/tldr.go:85.46,87.50 2 0
github.com/bladeacer/ocd/internal/core/tldr.go:87.50,90.3 2 0
github.com/bladeacer/ocd/internal/core/tldr.go:91.2,91.42 1 0
github.com/bladeacer/ocd/internal/core/tldr.go:91.42,93.3 1 0
github.com/bladeacer/ocd/internal/core/tldr.go:94.2,94.42 1 0
github.com/bladeacer/ocd/internal/core/tldr.go:94.42,96.3 1 0
github.com/bladeacer/ocd/internal/core/tldr.go:97.2,97.44 1 0
github.com/bladeacer/ocd/internal/core/tldr.go:97.44,99.3 1 0
github.com/bladeacer/ocd/internal/core/tldr.go:100.2,100.57 1 0
github.com/bladeacer/ocd/internal/core/tldr.go:100.57,101.10 1 0
github.com/bladeacer/ocd/internal/core/tldr.go:102.38,103.21 1 0
github.com/bladeacer/ocd/internal/core/tldr.go:104.37,105.19 1 0
github.com/bladeacer/ocd/internal/core/tldr.go:106.37,107.19 1 0
github.com/bladeacer/ocd/internal/core/tldr.go:108.37,109.19 1 0
github.com/bladeacer/ocd/internal/core/tldr.go:110.39,111.23 1 0
github.com/bladeacer/ocd/internal/core/tldr.go:114.2,114.15 1 0
github.com/bladeacer/ocd/internal/core/tldr.go:117.43,119.16 2 0
github.com/bladeacer/ocd/internal/core/tldr.go:119.16,121.3 1 0
github.com/bladeacer/ocd/internal/core/tldr.go:123.2,128.49 5 0
github.com/bladeacer/ocd/internal/core/tldr.go:128.49,129.70 1 0
github.com/bladeacer/ocd/internal/core/tldr.go:129.70,133.4 3 0
github.com/bladeacer/ocd/internal/core/tldr.go:133.9,133.77 1 0
github.com/bladeacer/ocd/internal/core/tldr.go:133.77,137.4 3 0
github.com/bladeacer/ocd/internal/core/tldr.go:137.9,137.114 1 0
github.com/bladeacer/ocd/internal/core/tldr.go:137.114,138.47 1 0
github.com/bladeacer/ocd/internal/core/tldr.go:138.47,140.5 1 0
github.com/bladeacer/ocd/internal/core/tldr.go:144.2,144.38 1 0
github.com/bladeacer/ocd/internal/core/tldr.go:144.38,145.42 1 0
github.com/bladeacer/ocd/internal/core/tldr.go:145.42,146.24 1 0
github.com/bladeacer/ocd/internal/core/tldr.go:146.24,152.5 1 0
github.com/bladeacer/ocd/internal/core/tldr.go:153.9,155.4 1 0
github.com/bladeacer/ocd/internal/core/tldr.go:157.2,157.32 1 0
github.com/bladeacer/ocd/internal/core/tldr.go:157.32,158.36 1 0
github.com/bladeacer/ocd/internal/core/tldr.go:158.36,160.4 1 0
github.com/bladeacer/ocd/internal/core/tldr.go:163.2,163.10 1 0
github.com/bladeacer/ocd/internal/core/tldr.go:166.155,167.48 1 0
github.com/bladeacer/ocd/internal/core/tldr.go:167.48,172.20 5 0
github.com/bladeacer/ocd/internal/core/tldr.go:172.20,174.4 1 0
github.com/bladeacer/ocd/internal/core/tldr.go:174.9,174.27 1 0
github.com/bladeacer/ocd/internal/core/tldr.go:174.27,176.4 1 0
github.com/bladeacer/ocd/internal/core/tldr.go:179.2,179.60 1 0
github.com/bladeacer/ocd/internal/core/tldr.go:179.60,180.31 1 0
github.com/bladeacer/ocd/internal/core/tldr.go:180.31,182.21 2 0
github.com/bladeacer/ocd/internal/core/tldr.go:182.21,184.5 1 0
github.com/bladeacer/ocd/internal/core/tldr.go:184.10,184.28 1 0
github.com/bladeacer/ocd/internal/core/tldr.go:184.28,186.5 1 0
github.com/bladeacer/ocd/internal/core/tldr.go:190.2,190.38 1 0
github.com/bladeacer/ocd/internal/core/tldr.go:190.38,192.3 1 0
github.com/bladeacer/ocd/internal/core/tldr.go:194.2,194.49 1 0
github.com/bladeacer/ocd/internal/core/tldr.go:194.49,195.27 1 0
github.com/bladeacer/ocd/internal/core/tldr.go:195.27,197.4 1 0
github.com/bladeacer/ocd/internal/core/tldr.go:198.3,198.32 1 0
github.com/bladeacer/ocd/internal/core/tldr.go:202.61,203.16 1 0
github.com/bladeacer/ocd/internal/core/tldr.go:203.16,205.3 1 0
github.com/bladeacer/ocd/internal/core/tldr.go:206.2,207.23 2 0
github.com/bladeacer/ocd/internal/core/tldr.go:207.23,209.3 1 0
github.com/bladeacer/ocd/internal/core/tldr.go:210.2,210.11 1 0
github.com/bladeacer/ocd/internal/core/tldr.go:213.40,216.2 2 0
github.com/bladeacer/ocd/internal/core/tldr.go:218.42,221.22 3 0
github.com/bladeacer/ocd/internal/core/tldr.go:221.22,223.3 1 0
github.com/bladeacer/ocd/internal/core/tldr.go:224.2,224.11 1 0
github.com/bladeacer/ocd/internal/core/tldr.go:227.38,229.53 2 0
github.com/bladeacer/ocd/internal/core/tldr.go:229.53,231.3 1 0
github.com/bladeacer/ocd/internal/core/tldr.go:232.2,232.26 1 0
github.com/bladeacer/ocd/internal/core/tldr.go:232.26,233.32 1 0
github.com/bladeacer/ocd/internal/core/tldr.go:233.32,235.4 1 0
github.com/bladeacer/ocd/internal/core/tldr.go:235.9,235.39 1 0
github.com/bladeacer/ocd/internal/core/tldr.go:235.39,237.4 1 0
github.com/bladeacer/ocd/internal/core/tldr.go:237.9,239.4 1 0
github.com/bladeacer/ocd/internal/core/tldr.go:241.2,241.14 1 0
github.com/bladeacer/ocd/internal/core/tldr.go:244.52,247.2 2 0
github.com/bladeacer/ocd/internal/core/tldr.go:249.52,252.2 2 0
github.com/bladeacer/ocd/internal/core/tldr.go:254.52,271.26 4 0
github.com/bladeacer/ocd/internal/core/tldr.go:271.26,273.3 1 0
github.com/bladeacer/ocd/internal/core/tldr.go:274.2,274.26 1 0
github.com/bladeacer/ocd/internal/core/tldr.go:274.26,276.3 1 0
github.com/bladeacer/ocd/internal/core/tldr.go:277.2,277.24 1 0
github.com/bladeacer/ocd/internal/core/tldr.go:277.24,279.3 1 0
github.com/bladeacer/ocd/internal/core/tldr.go:280.2,280.28 1 0
github.com/bladeacer/ocd/internal/core/tldr.go:280.28,282.3 1 0
github.com/bladeacer/ocd/internal/core/tldr.go:283.2,283.42 1 0
github.com/bladeacer/ocd/internal/core/tldr.go:283.42,285.3 1 0
github.com/bladeacer/ocd/internal/core/tldr.go:286.2,286.25 1 0
github.com/bladeacer/ocd/internal/core/tldr.go:289.38,303.39 6 0
github.com/bladeacer/ocd/internal/core/tldr.go:303.39,305.3 1 0
github.com/bladeacer/ocd/internal/core/tldr.go:306.2,306.41 1 0
github.com/bladeacer/ocd/internal/core/tldr.go:306.41,308.3 1 0
github.com/bladeacer/ocd/internal/core/tldr.go:309.2,309.42 1 0
github.com/bladeacer/ocd/internal/core/tldr.go:309.42,311.3 1 0
github.com/bladeacer/ocd/internal/core/tldr.go:312.2,312.44 1 0
github.com/bladeacer/ocd/internal/core/tldr.go:312.44,314.3 1 0
github.com/bladeacer/ocd/internal/core/tldr.go:315.2,315.44 1 0
github.com/bladeacer/ocd/internal/core/tldr.go:315.44,317.3 1 0
github.com/bladeacer/ocd/internal/core/tldr.go:318.2,318.26 1 0
github.com/bladeacer/ocd/internal/core/tldr.go:318.26,320.3 1 0
github.com/bladeacer/ocd/internal/core/tldr.go:321.2,321.34 1 0
github.com/bladeacer/ocd/internal/core/tldr.go:321.34,323.3 1 0
github.com/bladeacer/ocd/internal/core/tldr.go:324.2,324.28 1 0
github.com/bladeacer/ocd/internal/core/tldr.go:324.28,326.32 2 0
github.com/bladeacer/ocd/internal/core/tldr.go:326.32,328.4 1 0
github.com/bladeacer/ocd/internal/core/tldr.go:329.3,331.28 3 0
github.com/bladeacer/ocd/internal/core/tldr.go:331.28,333.4 1 0
github.com/bladeacer/ocd/internal/core/tldr.go:334.3,334.55 1 0
github.com/bladeacer/ocd/internal/core/tldr.go:336.2,336.21 1 0
github.com/bladeacer/ocd/internal/core/tldr.go:336.21,338.21 2 0
github.com/bladeacer/ocd/internal/core/tldr.go:338.21,340.4 1 0
github.com/bladeacer/ocd/internal/core/tldr.go:341.3,342.20 2 0
github.com/bladeacer/ocd/internal/core/tldr.go:345.2,346.27 2 0
github.com/bladeacer/ocd/internal/core/tldr.go:346.27,348.3 1 0
github.com/bladeacer/ocd/internal/core/tldr.go:349.2,350.32 2 0
github.com/bladeacer/ocd/internal/core/tldr.go:350.32,352.22 2 0
github.com/bladeacer/ocd/internal/core/tldr.go:352.22,354.4 1 0
github.com/bladeacer/ocd/internal/core/tldr.go:355.3,356.21 2 0
github.com/bladeacer/ocd/internal/core/tldr.go:356.21,358.4 1 0
github.com/bladeacer/ocd/internal/core/tldr.go:359.3,360.14 2 0
github.com/bladeacer/ocd/internal/core/tldr.go:360.14,362.4 1 0
github.com/bladeacer/ocd/internal/core/tldr.go:363.3,363.24 1 0
github.com/bladeacer/ocd/internal/core/tldr.go:365.2,365.21 1 0
github.com/bladeacer/ocd/internal/sources/docker.go:20.32,22.2 1 0
github.com/bladeacer/ocd/internal/sources/docker.go:24.35,24.54 1 0
github.com/bladeacer/ocd/internal/sources/docker.go:39.57,43.16 3 0
github.com/bladeacer/ocd/internal/sources/docker.go:43.16,45.17 2 0
github.com/bladeacer/ocd/internal/sources/docker.go:45.17,47.4 1 0
github.com/bladeacer/ocd/internal/sources/docker.go:48.3,48.39 1 0
github.com/bladeacer/ocd/internal/sources/docker.go:48.39,51.4 2 0
github.com/bladeacer/ocd/internal/sources/docker.go:53.3,54.66 2 0
github.com/bladeacer/ocd/internal/sources/docker.go:54.66,57.4 2 0
github.com/bladeacer/ocd/internal/sources/docker.go:58.3,60.39 2 0
github.com/bladeacer/ocd/internal/sources/docker.go:60.39,61.45 1 0
github.com/bladeacer/ocd/internal/sources/docker.go:61.45,62.13 1 0
github.com/bladeacer/ocd/internal/sources/docker.go:64.4,68.44 4 0
github.com/bladeacer/ocd/internal/sources/docker.go:68.44,69.13 1 0
github.com/bladeacer/ocd/internal/sources/docker.go:72.4,76.6 1 0
github.com/bladeacer/ocd/internal/sources/docker.go:78.3,78.18 1 0
github.com/bladeacer/ocd/internal/sources/docker.go:81.2,81.18 1 0
github.com/bladeacer/ocd/internal/sources/electron.go:18.30,20.2 1 0
github.com/bladeacer/ocd/internal/sources/electron.go:22.34,22.55 1 0
github.com/bladeacer/ocd/internal/sources/electron.go:24.56,26.16 2 0
github.com/bladeacer/ocd/internal/sources/electron.go:26.16,28.3 1 0
github.com/bladeacer/ocd/internal/sources/electron.go:29.2,31.38 2 0
github.com/bladeacer/ocd/internal/sources/electron.go:31.38,33.3 1 0
github.com/bladeacer/ocd/internal/sources/electron.go:35.2,36.64 2 0
github.com/bladeacer/ocd/internal/sources/electron.go:36.64,38.3 1 0
github.com/bladeacer/ocd/internal/sources/electron.go:40.2,40.37 1 0
github.com/bladeacer/ocd/internal/sources/fetcher.go:22.42,29.2 1 0
github.com/bladeacer/ocd/internal/sources/fetcher.go:31.60,38.20 5 0
github.com/bladeacer/ocd/internal/sources/fetcher.go:38.20,39.10 1 0
github.com/bladeacer/ocd/internal/sources/fetcher.go:40.21,41.20 1 0
github.com/bladeacer/ocd/internal/sources/fetcher.go:42.11,42.11 0 0
github.com/bladeacer/ocd/internal/sources/fetcher.go:44.3,44.13 1 0
github.com/bladeacer/ocd/internal/sources/fetcher.go:44.13,46.63 2 0
github.com/bladeacer/ocd/internal/sources/fetcher.go:46.63,49.5 2 0
github.com/bladeacer/ocd/internal/sources/fetcher.go:51.3,52.17 2 0
github.com/bladeacer/ocd/internal/sources/fetcher.go:52.17,54.4 1 0
github.com/bladeacer/ocd/internal/sources/fetcher.go:55.3,55.59 1 0
github.com/bladeacer/ocd/internal/sources/fetcher.go:55.59,57.4 1 0
github.com/bladeacer/ocd/internal/sources/fetcher.go:58.3,59.13 2 0
github.com/bladeacer/ocd/internal/sources/fetcher.go:62.2,62.20 1 0
github.com/bladeacer/ocd/internal/sources/fetcher.go:62.20,63.10 1 0
github.com/bladeacer/ocd/internal/sources/fetcher.go:64.21,65.20 1 0
github.com/bladeacer/ocd/internal/sources/fetcher.go:66.11,66.11 0 0
github.com/bladeacer/ocd/internal/sources/fetcher.go:68.3,68.13 1 0
github.com/bladeacer/ocd/internal/sources/fetcher.go:68.13,70.66 2 0
github.com/bladeacer/ocd/internal/sources/fetcher.go:70.66,73.5 2 0
github.com/bladeacer/ocd/internal/sources/fetcher.go:75.3,76.17 2 0
github.com/bladeacer/ocd/internal/sources/fetcher.go:76.17,78.4 1 0
github.com/bladeacer/ocd/internal/sources/fetcher.go:79.3,79.62 1 0
github.com/bladeacer/ocd/internal/sources/fetcher.go:79.62,81.4 1 0
github.com/bladeacer/ocd/internal/sources/fetcher.go:82.3,83.13 2 0
github.com/bladeacer/ocd/internal/sources/fetcher.go:86.2,86.20 1 0
github.com/bladeacer/ocd/internal/sources/fetcher.go:86.20,87.10 1 0
github.com/bladeacer/ocd/internal/sources/fetcher.go:88.21,89.20 1 0
github.com/bladeacer/ocd/internal/sources/fetcher.go:90.11,90.11 0 0
github.com/bladeacer/ocd/internal/sources/fetcher.go:92.3,92.13 1 0
github.com/bladeacer/ocd/internal/sources/fetcher.go:92.13,94.68 2 0
github.com/bladeacer/ocd/internal/sources/fetcher.go:94.68,97.5 2 0
github.com/bladeacer/ocd/internal/sources/fetcher.go:99.3,100.17 2 0
github.com/bladeacer/ocd/internal/sources/fetcher.go:100.17,102.4 1 0
github.com/bladeacer/ocd/internal/sources/fetcher.go:103.3,103.64 1 0
github.com/bladeacer/ocd/internal/sources/fetcher.go:103.64,105.4 1 0
github.com/bladeacer/ocd/internal/sources/fetcher.go:106.3,107.13 2 0
github.com/bladeacer/ocd/internal/sources/fetcher.go:110.2,110.33 1 0
github.com/bladeacer/ocd/internal/sources/fetcher.go:110.33,112.3 1 0
github.com/bladeacer/ocd/internal/sources/fetcher.go:113.2,113.16 1 0
github.com/bladeacer/ocd/internal/sources/rss.go:17.20,19.2 1 0
github.com/bladeacer/ocd/internal/sources/rss.go:21.29,21.45 1 0
github.com/bladeacer/ocd/internal/sources/rss.go:23.52,26.16 3 0
github.com/bladeacer/ocd/internal/sources/rss.go:26.16,28.3 1 0
github.com/bladeacer/ocd/internal/sources/rss.go:30.2,35.35 4 0
github.com/bladeacer/ocd/internal/sources/rss.go:35.35,37.20 2 0
github.com/bladeacer/ocd/internal/sources/rss.go:37.20,38.12 1 0
github.com/bladeacer/ocd/internal/sources/rss.go:40.3,43.47 3 0
github.com/bladeacer/ocd/internal/sources/rss.go:43.47,45.4 1 0
github.com/bladeacer/ocd/internal/sources/rss.go:47.3,51.26 3 0
github.com/bladeacer/ocd/internal/sources/rss.go:51.26,53.22 2 0
github.com/bladeacer/ocd/internal/sources/rss.go:53.22,55.5 1 0
github.com/bladeacer/ocd/internal/sources/rss.go:56.9,56.37 1 0
github.com/bladeacer/ocd/internal/sources/rss.go:56.37,58.22 2 0
github.com/bladeacer/ocd/internal/sources/rss.go:58.22,60.5 1 0
github.com/bladeacer/ocd/internal/sources/rss.go:63.3,64.17 2 0
github.com/bladeacer/ocd/internal/sources/rss.go:64.17,66.4 1 0
github.com/bladeacer/ocd/internal/sources/rss.go:68.3,75.5 1 0
github.com/bladeacer/ocd/internal/sources/rss.go:78.2,78.24 1 0
github.com/bladeacer/ocd/internal/sources/rss.go:78.24,80.3 1 0
github.com/bladeacer/ocd/internal/sources/rss.go:82.2,83.22 2 0
github.com/bladeacer/ocd/internal/sources/rss.go:86.69,91.40 4 0
github.com/bladeacer/ocd/internal/sources/rss.go:91.40,92.31 1 0
github.com/bladeacer/ocd/internal/sources/rss.go:92.31,94.4 1 0
github.com/bladeacer/ocd/internal/sources/rss.go:94.9,96.4 1 0
github.com/bladeacer/ocd/internal/sources/rss.go:98.2,98.15 1 0
github.com/bladeacer/ocd/internal/tui/diffmodel.go:81.57,93.2 5 0
github.com/bladeacer/ocd/internal/tui/diffmodel.go:95.36,97.2 1 0
github.com/bladeacer/ocd/internal/tui/diffmodel.go:99.29,100.21 1 0
github.com/bladeacer/ocd/internal/tui/diffmodel.go:100.21,102.3 1 0
github.com/bladeacer/ocd/internal/tui/diffmodel.go:104.2,104.27 1 0
github.com/bladeacer/ocd/internal/tui/diffmodel.go:104.27,107.3 2 0
github.com/bladeacer/ocd/internal/tui/diffmodel.go:109.2,109.23 1 0
github.com/bladeacer/ocd/internal/tui/diffmodel.go:109.23,112.3 2 0
github.com/bladeacer/ocd/internal/tui/diffmodel.go:114.2,124.27 10 0
github.com/bladeacer/ocd/internal/tui/diffmodel.go:124.27,125.36 1 0
github.com/bladeacer/ocd/internal/tui/diffmodel.go:125.36,130.12 5 0
github.com/bladeacer/ocd/internal/tui/diffmodel.go:133.3,133.71 1 0
github.com/bladeacer/ocd/internal/tui/diffmodel.go:133.71,135.12 2 0
github.com/bladeacer/ocd/internal/tui/diffmodel.go:138.3,138.28 1 0
github.com/bladeacer/ocd/internal/tui/diffmodel.go:138.28,140.12 2 0
github.com/bladeacer/ocd/internal/tui/diffmodel.go:143.3,143.10 1 0
github.com/bladeacer/ocd/internal/tui/diffmodel.go:144.72,150.14 3 0
github.com/bladeacer/ocd/internal/tui/diffmodel.go:152.72,158.14 3 0
github.com/bladeacer/ocd/internal/tui/diffmodel.go:160.11,166.14 3 0
github.com/bladeacer/ocd/internal/tui/diffmodel.go:170.2,170.12 1 0
github.com/bladeacer/ocd/internal/tui/diffmodel.go:173.57,176.48 3 0
github.com/bladeacer/ocd/internal/tui/diffmodel.go:176.48,178.3 1 0
github.com/bladeacer/ocd/internal/tui/diffmodel.go:179.2,179.48 1 0
github.com/bladeacer/ocd/internal/tui/diffmodel.go:179.48,181.3 1 0
github.com/bladeacer/ocd/internal/tui/diffmodel.go:182.2,183.26 2 0
github.com/bladeacer/ocd/internal/tui/diffmodel.go:183.26,184.32 1 0
github.com/bladeacer/ocd/internal/tui/diffmodel.go:184.32,186.13 2 0
github.com/bladeacer/ocd/internal/tui/diffmodel.go:186.13,188.5 1 0
github.com/bladeacer/ocd/internal/tui/diffmodel.go:190.3,190.32 1 0
github.com/bladeacer/ocd/internal/tui/diffmodel.go:190.32,192.13 2 0
github.com/bladeacer/ocd/internal/tui/diffmodel.go:192.13,194.5 1 0
github.com/bladeacer/ocd/internal/tui/diffmodel.go:197.2,197.8 1 0
github.com/bladeacer/ocd/internal/tui/diffmodel.go:200.36,202.22 2 0
github.com/bladeacer/ocd/internal/tui/diffmodel.go:202.22,203.27 1 0
github.com/bladeacer/ocd/internal/tui/diffmodel.go:203.27,205.4 1 0
github.com/bladeacer/ocd/internal/tui/diffmodel.go:205.9,206.9 1 0
github.com/bladeacer/ocd/internal/tui/diffmodel.go:209.2,209.10 1 0
github.com/bladeacer/ocd/internal/tui/diffmodel.go:212.43,218.18 4 0
github.com/bladeacer/ocd/internal/tui/diffmodel.go:218.18,220.3 1 0
github.com/bladeacer/ocd/internal/tui/diffmodel.go:221.2,221.10 1 0
github.com/bladeacer/ocd/internal/tui/diffmodel.go:224.50,226.15 2 0
github.com/bladeacer/ocd/internal/tui/diffmodel.go:226.15,228.3 1 0
github.com/bladeacer/ocd/internal/tui/diffmodel.go:229.2,231.29 3 0
github.com/bladeacer/ocd/internal/tui/diffmodel.go:231.29,233.3 1 0
github.com/bladeacer/ocd/internal/tui/diffmodel.go:234.2,234.29 1 0
github.com/bladeacer/ocd/internal/tui/diffmodel.go:234.29,236.3 1 0
github.com/bladeacer/ocd/internal/tui/diffmodel.go:237.2,243.90 5 0
github.com/bladeacer/ocd/internal/tui/diffmodel.go:246.30,248.18 2 0
github.com/bladeacer/ocd/internal/tui/diffmodel.go:248.18,250.3 1 0
github.com/bladeacer/ocd/internal/tui/diffmodel.go:250.8,252.3 1 0
github.com/bladeacer/ocd/internal/tui/diffmodel.go:253.2,253.24 1 0
github.com/bladeacer/ocd/internal/tui/diffmodel.go:256.42,260.19 3 0
github.com/bladeacer/ocd/internal/tui/diffmodel.go:260.19,262.3 1 0
github.com/bladeacer/ocd/internal/tui/diffmodel.go:264.2,264.38 1 0
github.com/bladeacer/ocd/internal/tui/diffmodel.go:264.38,266.3 1 0
github.com/bladeacer/ocd/internal/tui/diffmodel.go:268.2,268.37 1 0
github.com/bladeacer/ocd/internal/tui/diffmodel.go:268.37,271.3 2 0
github.com/bladeacer/ocd/internal/tui/diffmodel.go:273.2,273.38 1 0
github.com/bladeacer/ocd/internal/tui/diffmodel.go:273.38,275.3 1 0
github.com/bladeacer/ocd/internal/tui/diffmodel.go:277.2,278.163 2 0
github.com/bladeacer/ocd/internal/tui/diffmodel.go:278.163,281.35 2 0
github.com/bladeacer/ocd/internal/tui/diffmodel.go:281.35,285.4 3 0
github.com/bladeacer/ocd/internal/tui/diffmodel.go:288.2,288.109 1 0
github.com/bladeacer/ocd/internal/tui/diffmodel.go:288.109,290.3 1 0
github.com/bladeacer/ocd/internal/tui/diffmodel.go:292.2,292.13 1 0
github.com/bladeacer/ocd/internal/tui/diffmodel.go:295.75,296.17 1 0
github.com/bladeacer/ocd/internal/tui/diffmodel.go:296.17,298.3 1 0
github.com/bladeacer/ocd/internal/tui/diffmodel.go:299.2,303.6 5 0
github.com/bladeacer/ocd/internal/tui/diffmodel.go:303.6,305.14 2 0
github.com/bladeacer/ocd/internal/tui/diffmodel.go:305.14,307.9 2 0
github.com/bladeacer/ocd/internal/tui/diffmodel.go:309.3,312.27 4 0
github.com/bladeacer/ocd/internal/tui/diffmodel.go:314.2,314.21 1 0
github.com/bladeacer/ocd/internal/tui/diffmodel.go:317.55,330.30 11 0
github.com/bladeacer/ocd/internal/tui/diffmodel.go:330.30,333.18 2 0
github.com/bladeacer/ocd/internal/tui/diffmodel.go:334.20,336.77 2 0
github.com/bladeacer/ocd/internal/tui/diffmodel.go:337.16,339.72 2 0
github.com/bladeacer/ocd/internal/tui/diffmodel.go:340.16,342.72 2 0
github.com/bladeacer/ocd/internal/tui/diffmodel.go:343.23,344.57 1 0
github.com/bladeacer/ocd/internal/tui/diffmodel.go:345.23,346.57 1 0
github.com/bladeacer/ocd/internal/tui/diffmodel.go:347.18,348.13 1 0
github.com/bladeacer/ocd/internal/tui/diffmodel.go:351.3,353.22 2 0
github.com/bladeacer/ocd/internal/tui/diffmodel.go:353.22,354.76 1 0
github.com/bladeacer/ocd/internal/tui/diffmodel.go:354.76,356.122 2 0
github.com/bladeacer/ocd/internal/tui/diffmodel.go:356.122,358.6 1 0
github.com/bladeacer/ocd/internal/tui/diffmodel.go:359.5,361.13 3 0
github.com/bladeacer/ocd/internal/tui/diffmodel.go:365.3,365.40 1 0
github.com/bladeacer/ocd/internal/tui/diffmodel.go:365.40,366.93 1 0
github.com/bladeacer/ocd/internal/tui/diffmodel.go:366.93,368.5 1 0
github.com/bladeacer/ocd/internal/tui/diffmodel.go:369.9,369.34 1 0
github.com/bladeacer/ocd/internal/tui/diffmodel.go:369.34,371.4 1 0
github.com/bladeacer/ocd/internal/tui/diffmodel.go:373.3,374.22 2 0
github.com/bladeacer/ocd/internal/tui/diffmodel.go:378.37,381.23 3 0
github.com/bladeacer/ocd/internal/tui/diffmodel.go:381.23,383.3 1 0
github.com/bladeacer/ocd/internal/tui/diffmodel.go:384.2,384.23 1 0
github.com/bladeacer/ocd/internal/tui/diffmodel.go:384.23,386.3 1 0
github.com/bladeacer/ocd/internal/tui/diffmodel.go:387.2,387.47 1 0
github.com/bladeacer/ocd/internal/tui/diffmodel.go:390.58,392.15 2 0
github.com/bladeacer/ocd/internal/tui/diffmodel.go:392.15,394.3 1 0
github.com/bladeacer/ocd/internal/tui/diffmodel.go:395.2,404.27 8 0
github.com/bladeacer/ocd/internal/tui/diffmodel.go:404.27,409.23 5 0
github.com/bladeacer/ocd/internal/tui/diffmodel.go:409.23,411.4 1 0
github.com/bladeacer/ocd/internal/tui/diffmodel.go:412.3,412.23 1 0
github.com/bladeacer/ocd/internal/tui/diffmodel.go:412.23,414.4 1 0
github.com/bladeacer/ocd/internal/tui/diffmodel.go:416.3,416.17 1 0
github.com/bladeacer/ocd/internal/tui/diffmodel.go:417.23,419.130 2 0
github.com/bladeacer/ocd/internal/tui/diffmodel.go:419.130,421.5 1 0
github.com/bladeacer/ocd/internal/tui/diffmodel.go:422.4,424.12 3 0
github.com/bladeacer/ocd/internal/tui/diffmodel.go:425.23,429.12 4 0
github.com/bladeacer/ocd/internal/tui/diffmodel.go:430.18,432.12 2 0
github.com/bladeacer/ocd/internal/tui/diffmodel.go:435.3,443.22 6 0
github.com/bladeacer/ocd/internal/tui/diffmodel.go:443.22,445.76 2 0
github.com/bladeacer/ocd/internal/tui/diffmodel.go:445.76,447.122 2 0
github.com/bladeacer/ocd/internal/tui/diffmodel.go:447.122,449.6 1 0
github.com/bladeacer/ocd/internal/tui/diffmodel.go:450.5,450.55 1 0
github.com/bladeacer/ocd/internal/tui/diffmodel.go:452.9,452.47 1 0
github.com/bladeacer/ocd/internal/tui/diffmodel.go:452.47,453.83 1 0
github.com/bladeacer/ocd/internal/tui/diffmodel.go:453.83,455.5 1 0
github.com/bladeacer/ocd/internal/tui/diffmodel.go:456.9,456.89 1 0
github.com/bladeacer/ocd/internal/tui/diffmodel.go:456.89,458.4 1 0
github.com/bladeacer/ocd/internal/tui/diffmodel.go:460.3,461.22 2 0
github.com/bladeacer/ocd/internal/tui/diffmodel.go:465.81,466.19 1 0
github.com/bladeacer/ocd/internal/tui/diffmodel.go:466.19,468.3 1 0
github.com/bladeacer/ocd/internal/tui/diffmodel.go:469.2,470.15 2 0
github.com/bladeacer/ocd/internal/tui/diffmodel.go:470.15,472.3 1 0
github.com/bladeacer/ocd/internal/tui/diffmodel.go:472.8,474.3 1 0
github.com/bladeacer/ocd/internal/tui/diffmodel.go:475.2,477.20 3 0
github.com/bladeacer/ocd/internal/tui/diffmodel.go:477.20,479.3 1 0
github.com/bladeacer/ocd/internal/tui/diffmodel.go:480.2,480.36 1 0
github.com/bladeacer/ocd/internal/tui/diffmodel.go:480.36,483.22 3 0
github.com/bladeacer/ocd/internal/tui/diffmodel.go:483.22,485.26 2 0
github.com/bladeacer/ocd/internal/tui/diffmodel.go:485.26,487.5 1 0
github.com/bladeacer/ocd/internal/tui/diffmodel.go:488.4,490.22 3 0
github.com/bladeacer/ocd/internal/tui/diffmodel.go:490.22,492.5 1 0
github.com/bladeacer/ocd/internal/tui/diffmodel.go:493.4,493.28 1 0
github.com/bladeacer/ocd/internal/tui/diffmodel.go:495.3,497.18 3 0
github.com/bladeacer/ocd/internal/tui/diffmodel.go:497.18,498.39 1 0
github.com/bladeacer/ocd/internal/tui/diffmodel.go:498.39,500.5 1 0
github.com/bladeacer/ocd/internal/tui/diffmodel.go:500.10,500.46 1 0
github.com/bladeacer/ocd/internal/tui/diffmodel.go:500.46,502.5 1 0
github.com/bladeacer/ocd/internal/tui/diffmodel.go:504.3,504.16 1 0
github.com/bladeacer/ocd/internal/tui/diffmodel.go:506.2,508.17 3 0
github.com/bladeacer/ocd/internal/tui/diffmodel.go:508.17,509.38 1 0
github.com/bladeacer/ocd/internal/tui/diffmodel.go:509.38,511.4 1 0
github.com/bladeacer/ocd/internal/tui/diffmodel.go:511.9,511.45 1 0
github.com/bladeacer/ocd/internal/tui/diffmodel.go:511.45,513.4 1 0
github.com/bladeacer/ocd/internal/tui/diffmodel.go:515.2,515.15 1 0
github.com/bladeacer/ocd/internal/tui/diffmodel.go:526.49,528.30 2 0
github.com/bladeacer/ocd/internal/tui/diffmodel.go:528.30,529.18 1 0
github.com/bladeacer/ocd/internal/tui/diffmodel.go:530.20,537.6 1 0
github.com/bladeacer/ocd/internal/tui/diffmodel.go:538.16,545.6 1 0
github.com/bladeacer/ocd/internal/tui/diffmodel.go:546.16,553.6 1 0
github.com/bladeacer/ocd/internal/tui/diffmodel.go:554.23,559.6 1 0
github.com/bladeacer/ocd/internal/tui/diffmodel.go:560.23,565.6 1 0
github.com/bladeacer/ocd/internal/tui/diffmodel.go:566.11,571.6 1 0
github.com/bladeacer/ocd/internal/tui/diffmodel.go:574.2,574.15 1 0
github.com/bladeacer/ocd/internal/tui/diffmodel.go:577.80,580.23 3 0
github.com/bladeacer/ocd/internal/tui/diffmodel.go:580.23,582.3 1 0
github.com/bladeacer/ocd/internal/tui/diffmodel.go:583.2,583.23 1 0
github.com/bladeacer/ocd/internal/tui/diffmodel.go:583.23,585.3 1 0
github.com/bladeacer/ocd/internal/tui/diffmodel.go:586.2,588.17 2 0
github.com/bladeacer/ocd/internal/tui/diffmodel.go:589.22,592.4 1 0
github.com/bladeacer/ocd/internal/tui/diffmodel.go:593.15,596.4 1 0
github.com/bladeacer/ocd/internal/tui/diffmodel.go:597.15,600.4 1 0
github.com/bladeacer/ocd/internal/tui/diffmodel.go:601.22,604.4 1 0
github.com/bladeacer/ocd/internal/tui/diffmodel.go:605.17,606.12 1 0
github.com/bladeacer/ocd/internal/tui/diffmodel.go:607.10,608.64 1 0
github.com/bladeacer/ocd/internal/tui/diffmodel.go:612.39,613.12 1 0
github.com/bladeacer/ocd/internal/tui/diffmodel.go:613.12,615.3 1 0
github.com/bladeacer/ocd/internal/tui/diffmodel.go:616.2,617.21 2 0
github.com/bladeacer/ocd/internal/tui/diffmodel.go:617.21,619.3 1 0
github.com/bladeacer/ocd/internal/tui/diffmodel.go:620.2,620.11 1 0
github.com/bladeacer/ocd/internal/tui/diffmodel.go:620.11,622.3 1 0
github.com/bladeacer/ocd/internal/tui/diffmodel.go:623.2,623.26 1 0
github.com/bladeacer/ocd/internal/tui/diffmodel.go:626.39,627.17 1 0
github.com/bladeacer/ocd/internal/tui/diffmodel.go:627.17,629.3 1 0
github.com/bladeacer/ocd/internal/tui/diffmodel.go:630.2,630.42 1 0
github.com/bladeacer/ocd/internal/tui/diffmodel.go:633.33,636.22 3 0
github.com/bladeacer/ocd/internal/tui/diffmodel.go:636.22,637.18 1 0
github.com/bladeacer/ocd/internal/tui/diffmodel.go:637.18,639.12 2 0
github.com/bladeacer/ocd/internal/tui/diffmodel.go:641.3,641.15 1 0
github.com/bladeacer/ocd/internal/tui/diffmodel.go:641.15,642.56 1 0
github.com/bladeacer/ocd/internal/tui/diffmodel.go:642.56,644.5 1 0
github.com/bladeacer/ocd/internal/tui/diffmodel.go:645.4,645.12 1 0
github.com/bladeacer/ocd/internal/tui/diffmodel.go:647.3,647.19 1 0
github.com/bladeacer/ocd/internal/tui/diffmodel.go:649.2,649.21 1 0
github.com/bladeacer/ocd/internal/tui/diffmodel.go:652.39,653.21 1 0
github.com/bladeacer/ocd/internal/tui/diffmodel.go:653.21,655.3 1 0
github.com/bladeacer/ocd/internal/tui/diffmodel.go:656.2,659.14 4 0
github.com/bladeacer/ocd/internal/tui/diffmodel.go:659.14,661.3 1 0
github.com/bladeacer/ocd/internal/tui/diffmodel.go:664.57,666.18 2 0
github.com/bladeacer/ocd/internal/tui/diffmodel.go:666.18,668.3 1 0
github.com/bladeacer/ocd/internal/tui/diffmodel.go:669.2,669.11 1 0
github.com/bladeacer/ocd/internal/tui/diffmodel.go:669.11,671.3 1 0
github.com/bladeacer/ocd/internal/tui/diffmodel.go:672.2,672.10 1 0
github.com/bladeacer/ocd/internal/tui/diffmodel.go:675.62,676.27 1 0
github.com/bladeacer/ocd/internal/tui/diffmodel.go:677.25,683.16 6 0
github.com/bladeacer/ocd/internal/tui/diffmodel.go:685.18,686.19 1 0
github.com/bladeacer/ocd/internal/tui/diffmodel.go:686.19,688.4 1 0
github.com/bladeacer/ocd/internal/tui/diffmodel.go:689.3,689.32 1 0
github.com/bladeacer/ocd/internal/tui/diffmodel.go:692.2,694.15 3 0
github.com/bladeacer/ocd/internal/tui/diffmodel.go:705.74,706.22 1 0
github.com/bladeacer/ocd/internal/tui/diffmodel.go:707.27,712.16 5 0
github.com/bladeacer/ocd/internal/tui/diffmodel.go:714.24,719.33 5 0
github.com/bladeacer/ocd/internal/tui/diffmodel.go:719.33,721.4 1 0
github.com/bladeacer/ocd/internal/tui/diffmodel.go:722.3,724.33 3 0
github.com/bladeacer/ocd/internal/tui/diffmodel.go:724.33,726.4 1 0
github.com/bladeacer/ocd/internal/tui/diffmodel.go:727.3,727.16 1 0
github.com/bladeacer/ocd/internal/tui/diffmodel.go:729.20,731.19 2 0
github.com/bladeacer/ocd/internal/tui/diffmodel.go:731.19,733.4 1 0
github.com/bladeacer/ocd/internal/tui/diffmodel.go:734.3,736.16 3 0
github.com/bladeacer/ocd/internal/tui/diffmodel.go:739.2,739.28 1 0
github.com/bladeacer/ocd/internal/tui/diffmodel.go:739.28,744.3 4 0
github.com/bladeacer/ocd/internal/tui/diffmodel.go:746.2,746.15 1 0
github.com/bladeacer/ocd/internal/tui/diffmodel.go:749.42,752.21 3 0
github.com/bladeacer/ocd/internal/tui/diffmodel.go:752.21,754.3 1 0
github.com/bladeacer/ocd/internal/tui/diffmodel.go:755.2,756.30 2 0
github.com/bladeacer/ocd/internal/tui/diffmodel.go:756.30,757.52 1 0
github.com/bladeacer/ocd/internal/tui/diffmodel.go:757.52,759.4 1 0
github.com/bladeacer/ocd/internal/tui/diffmodel.go:763.37,764.33 1 0
github.com/bladeacer/ocd/internal/tui/diffmodel.go:764.33,766.3 1 0
github.com/bladeacer/ocd/internal/tui/diffmodel.go:767.2,769.27 3 0
github.com/bladeacer/ocd/internal/tui/diffmodel.go:769.27,771.3 1 0
github.com/bladeacer/ocd/internal/tui/diffmodel.go:774.74,777.16 2 0
github.com/bladeacer/ocd/internal/tui/diffmodel.go:777.16,781.3 3 0
github.com/bladeacer/ocd/internal/tui/diffmodel.go:783.2,783.35 1 0
github.com/bladeacer/ocd/internal/tui/diffmodel.go:783.35,787.3 3 0
github.com/bladeacer/ocd/internal/tui/diffmodel.go:789.2,789.22 1 0
github.com/bladeacer/ocd/internal/tui/diffmodel.go:789.22,792.19 3 0
github.com/bladeacer/ocd/internal/tui/diffmodel.go:792.19,797.4 4 0
github.com/bladeacer/ocd/internal/tui/diffmodel.go:798.3,798.16 1 0
github.com/bladeacer/ocd/internal/tui/diffmodel.go:801.2,801.16 1 0
github.com/bladeacer/ocd/internal/tui/diffmodel.go:801.16,804.14 3 0
github.com/bladeacer/ocd/internal/tui/diffmodel.go:805.12,807.26 2 0
github.com/bladeacer/ocd/internal/tui/diffmodel.go:807.26,810.30 3 0
github.com/bladeacer/ocd/internal/tui/diffmodel.go:810.30,812.6 1 0
github.com/bladeacer/ocd/internal/tui/diffmodel.go:813.5,814.19 2 0
github.com/bladeacer/ocd/internal/tui/diffmodel.go:814.19,816.6 1 0
github.com/bladeacer/ocd/internal/tui/diffmodel.go:818.4,819.17 2 0
github.com/bladeacer/ocd/internal/tui/diffmodel.go:820.12,822.26 2 0
github.com/bladeacer/ocd/internal/tui/diffmodel.go:822.26,824.30 2 0
github.com/bladeacer/ocd/internal/tui/diffmodel.go:824.30,826.6 1 0
github.com/bladeacer/ocd/internal/tui/diffmodel.go:828.4,829.17 2 0
github.com/bladeacer/ocd/internal/tui/diffmodel.go:830.12,831.26 1 0
github.com/bladeacer/ocd/internal/tui/diffmodel.go:831.26,836.24 5 0
github.com/bladeacer/ocd/internal/tui/diffmodel.go:836.24,838.6 1 0
github.com/bladeacer/ocd/internal/tui/diffmodel.go:838.11,839.31 1 0
github.com/bladeacer/ocd/internal/tui/diffmodel.go:839.31,841.7 1 0
github.com/bladeacer/ocd/internal/tui/diffmodel.go:844.4,845.17 2 0
github.com/bladeacer/ocd/internal/tui/diffmodel.go:847.3,848.16 2 0
github.com/bladeacer/ocd/internal/tui/diffmodel.go:851.2,851.13 1 0
github.com/bladeacer/ocd/internal/tui/diffmodel.go:852.11,856.16 4 0
github.com/bladeacer/ocd/internal/tui/diffmodel.go:857.11,861.16 4 0
github.com/bladeacer/ocd/internal/tui/diffmodel.go:863.11,867.52 4 0
github.com/bladeacer/ocd/internal/tui/diffmodel.go:867.52,874.4 6 0
github.com/bladeacer/ocd/internal/tui/diffmodel.go:875.3,876.12 2 0
github.com/bladeacer/ocd/internal/tui/diffmodel.go:876.12,878.4 1 0
github.com/bladeacer/ocd/internal/tui/diffmodel.go:879.3,879.26 1 0
github.com/bladeacer/ocd/internal/tui/diffmodel.go:879.26,881.4 1 0
github.com/bladeacer/ocd/internal/tui/diffmodel.go:882.3,883.16 2 0
github.com/bladeacer/ocd/internal/tui/diffmodel.go:884.11,888.52 4 0
github.com/bladeacer/ocd/internal/tui/diffmodel.go:888.52,895.4 6 0
github.com/bladeacer/ocd/internal/tui/diffmodel.go:896.3,897.12 2 0
github.com/bladeacer/ocd/internal/tui/diffmodel.go:897.12,899.4 1 0
github.com/bladeacer/ocd/internal/tui/diffmodel.go:900.3,900.26 1 0
github.com/bladeacer/ocd/internal/tui/diffmodel.go:900.26,902.4 1 0
github.com/bladeacer/ocd/internal/tui/diffmodel.go:903.3,904.16 2 0
github.com/bladeacer/ocd/internal/tui/diffmodel.go:906.19,909.12 3 0
github.com/bladeacer/ocd/internal/tui/diffmodel.go:909.12,911.4 1 0
github.com/bladeacer/ocd/internal/tui/diffmodel.go:912.3,914.16 3 0
github.com/bladeacer/ocd/internal/tui/diffmodel.go:916.17,919.12 3 0
github.com/bladeacer/ocd/internal/tui/diffmodel.go:919.12,921.4 1 0
github.com/bladeacer/ocd/internal/tui/diffmodel.go:922.3,924.16 3 0
github.com/bladeacer/ocd/internal/tui/diffmodel.go:926.11,932.39 6 0
github.com/bladeacer/ocd/internal/tui/diffmodel.go:932.39,934.4 1 0
github.com/bladeacer/ocd/internal/tui/diffmodel.go:935.3,935.16 1 0
github.com/bladeacer/ocd/internal/tui/diffmodel.go:937.11,939.17 2 0
github.com/bladeacer/ocd/internal/tui/diffmodel.go:939.17,942.4 2 0
github.com/bladeacer/ocd/internal/tui/diffmodel.go:942.9,944.4 1 0
github.com/bladeacer/ocd/internal/tui/diffmodel.go:945.3,946.16 2 0
github.com/bladeacer/ocd/internal/tui/diffmodel.go:947.11,952.16 5 0
github.com/bladeacer/ocd/internal/tui/diffmodel.go:954.11,956.17 2 0
github.com/bladeacer/ocd/internal/tui/diffmodel.go:956.17,959.26 3 0
github.com/bladeacer/ocd/internal/tui/diffmodel.go:959.26,962.30 3 0
github.com/bladeacer/ocd/internal/tui/diffmodel.go:962.30,964.6 1 0
github.com/bladeacer/ocd/internal/tui/diffmodel.go:965.5,966.19 2 0
github.com/bladeacer/ocd/internal/tui/diffmodel.go:966.19,968.6 1 0
github.com/bladeacer/ocd/internal/tui/diffmodel.go:970.9,972.4 1 0
github.com/bladeacer/ocd/internal/tui/diffmodel.go:973.3,974.16 2 0
github.com/bladeacer/ocd/internal/tui/diffmodel.go:976.11,984.16 8 0
github.com/bladeacer/ocd/internal/tui/diffmodel.go:986.11,989.17 3 0
github.com/bladeacer/ocd/internal/tui/diffmodel.go:989.17,992.4 2 0
github.com/bladeacer/ocd/internal/tui/diffmodel.go:993.3,994.16 2 0
github.com/bladeacer/ocd/internal/tui/diffmodel.go:996.11,1000.24 4 0
github.com/bladeacer/ocd/internal/tui/diffmodel.go:1002.11,1006.29 4 0
github.com/bladeacer/ocd/internal/tui/diffmodel.go:1008.11,1013.24 5 0
github.com/bladeacer/ocd/internal/tui/diffmodel.go:1015.11,1021.16 6 0
github.com/bladeacer/ocd/internal/tui/diffmodel.go:1023.15,1027.16 4 0
github.com/bladeacer/ocd/internal/tui/diffmodel.go:1029.15,1033.16 4 0
github.com/bladeacer/ocd/internal/tui/diffmodel.go:1036.2,1036.16 1 0
github.com/bladeacer/ocd/internal/tui/diffmodel.go:1036.16,1039.3 2 0
github.com/bladeacer/ocd/internal/tui/diffmodel.go:1040.2,1044.53 4 0
github.com/bladeacer/ocd/internal/tui/diffmodel.go:1044.53,1046.25 2 0
github.com/bladeacer/ocd/internal/tui/diffmodel.go:1046.25,1049.4 2 0
github.com/bladeacer/ocd/internal/tui/diffmodel.go:1052.2,1054.15 3 0
github.com/bladeacer/ocd/internal/tui/diffmodel.go:1057.53,1059.52 2 0
github.com/bladeacer/ocd/internal/tui/diffmodel.go:1059.52,1061.3 1 0
github.com/bladeacer/ocd/internal/tui/diffmodel.go:1062.2,1062.34 1 0
github.com/bladeacer/ocd/internal/tui/diffmodel.go:1065.40,1066.24 1 0
github.com/bladeacer/ocd/internal/tui/diffmodel.go:1066.24,1067.26 1 0
github.com/bladeacer/ocd/internal/tui/diffmodel.go:1067.26,1069.4 1 0
github.com/bladeacer/ocd/internal/tui/diffmodel.go:1070.3,1072.39 3 0
github.com/bladeacer/ocd/internal/tui/diffmodel.go:1072.39,1074.4 1 0
github.com/bladeacer/ocd/internal/tui/diffmodel.go:1075.3,1076.50 2 0
github.com/bladeacer/ocd/internal/tui/diffmodel.go:1076.50,1078.4 1 0
github.com/bladeacer/ocd/internal/tui/diffmodel.go:1079.3,1079.13 1 0
github.com/bladeacer/ocd/internal/tui/diffmodel.go:1083.47,1084.24 1 0
github.com/bladeacer/ocd/internal/tui/diffmodel.go:1084.24,1085.61 1 0
github.com/bladeacer/ocd/internal/tui/diffmodel.go:1085.61,1087.4 1 0
github.com/bladeacer/ocd/internal/tui/diffmodel.go:1088.3,1089.42 2 0
github.com/bladeacer/ocd/internal/tui/diffmodel.go:1089.42,1091.37 2 0
github.com/bladeacer/ocd/internal/tui/diffmodel.go:1091.37,1092.60 1 0
github.com/bladeacer/ocd/internal/tui/diffmodel.go:1092.60,1094.6 1 0
github.com/bladeacer/ocd/internal/tui/diffmodel.go:1096.4,1096.51 1 0
github.com/bladeacer/ocd/internal/tui/diffmodel.go:1096.51,1098.5 1 0
github.com/bladeacer/ocd/internal/tui/diffmodel.go:1100.3,1100.13 1 0
github.com/bladeacer/ocd/internal/tui/diffmodel.go:1104.39,1105.24 1 0
github.com/bladeacer/ocd/internal/tui/diffmodel.go:1105.24,1106.22 1 0
github.com/bladeacer/ocd/internal/tui/diffmodel.go:1106.22,1108.4 1 0
github.com/bladeacer/ocd/internal/tui/diffmodel.go:1109.3,1109.26 1 0
github.com/bladeacer/ocd/internal/tui/diffmodel.go:1109.26,1114.4 4 0
github.com/bladeacer/ocd/internal/tui/diffmodel.go:1115.3,1120.13 6 0
github.com/bladeacer/ocd/internal/tui/diffmodel.go:1124.58,1127.16 3 0
github.com/bladeacer/ocd/internal/tui/diffmodel.go:1128.14,1129.30 1 0
github.com/bladeacer/ocd/internal/tui/diffmodel.go:1130.14,1131.30 1 0
github.com/bladeacer/ocd/internal/tui/diffmodel.go:1132.10,1133.30 1 0
github.com/bladeacer/ocd/internal/tui/diffmodel.go:1135.2,1135.16 1 0
github.com/bladeacer/ocd/internal/tui/diffmodel.go:1135.16,1138.3 2 0
github.com/bladeacer/ocd/internal/tui/diffmodel.go:1139.2,1139.32 1 0
github.com/bladeacer/ocd/internal/tui/diffmodel.go:1142.39,1143.24 1 0
github.com/bladeacer/ocd/internal/tui/diffmodel.go:1143.24,1145.50 2 0
github.com/bladeacer/ocd/internal/tui/diffmodel.go:1145.50,1147.4 1 0
github.com/bladeacer/ocd/internal/tui/diffmodel.go:1148.3,1148.13 1 0
github.com/bladeacer/ocd/internal/tui/diffmodel.go:1152.44,1154.16 2 0
github.com/bladeacer/ocd/internal/tui/diffmodel.go:1154.16,1156.3 1 0
github.com/bladeacer/ocd/internal/tui/diffmodel.go:1157.2,1158.56 2 0
github.com/bladeacer/ocd/internal/tui/diffmodel.go:1158.56,1161.3 2 0
github.com/bladeacer/ocd/internal/tui/diffmodel.go:1162.2,1165.18 3 0
github.com/bladeacer/ocd/internal/tui/diffmodel.go:1165.18,1167.3 1 0
github.com/bladeacer/ocd/internal/tui/diffmodel.go:1168.2,1168.18 1 0
github.com/bladeacer/ocd/internal/tui/diffmodel.go:1168.18,1169.51 1 0
github.com/bladeacer/ocd/internal/tui/diffmodel.go:1169.51,1171.4 1 0
github.com/bladeacer/ocd/internal/tui/diffmodel.go:1171.9,1173.4 1 0
github.com/bladeacer/ocd/internal/tui/diffmodel.go:1175.2,1175.22 1 0
github.com/bladeacer/ocd/internal/tui/diffmodel.go:1175.22,1177.55 2 0
github.com/bladeacer/ocd/internal/tui/diffmodel.go:1177.55,1180.4 2 0
github.com/bladeacer/ocd/internal/tui/diffmodel.go:1182.2,1183.54 2 0
github.com/bladeacer/ocd/internal/tui/diffmodel.go:1183.54,1186.3 2 0
github.com/bladeacer/ocd/internal/tui/diffmodel.go:1189.32,1190.25 1 0
github.com/bladeacer/ocd/internal/tui/diffmodel.go:1190.25,1192.3 1 0
github.com/bladeacer/ocd/internal/tui/diffmodel.go:1193.2,1195.48 3 0
github.com/bladeacer/ocd/internal/tui/diffmodel.go:1195.48,1197.3 1 0
github.com/bladeacer/ocd/internal/tui/diffmodel.go:1198.2,1199.28 2 0
github.com/bladeacer/ocd/internal/tui/diffmodel.go:1202.32,1203.25 1 0
github.com/bladeacer/ocd/internal/tui/diffmodel.go:1203.25,1205.3 1 0
github.com/bladeacer/ocd/internal/tui/diffmodel.go:1206.2,1207.23 2 0
github.com/bladeacer/ocd/internal/tui/diffmodel.go:1207.23,1209.3 1 0
github.com/bladeacer/ocd/internal/tui/diffmodel.go:1210.2,1211.48 2 0
github.com/bladeacer/ocd/internal/tui/diffmodel.go:1211.48,1213.3 1 0
github.com/bladeacer/ocd/internal/tui/diffmodel.go:1214.2,1215.28 2 0
github.com/bladeacer/ocd/internal/tui/diffmodel.go:1218.46,1219.25 1 0
github.com/bladeacer/ocd/internal/tui/diffmodel.go:1219.25,1221.3 1 0
github.com/bladeacer/ocd/internal/tui/diffmodel.go:1222.2,1224.38 3 0
github.com/bladeacer/ocd/internal/tui/diffmodel.go:1224.38,1226.3 1 0
github.com/bladeacer/ocd/internal/tui/diffmodel.go:1227.2,1227.19 1 0
github.com/bladeacer/ocd/internal/tui/diffmodel.go:1230.35,1231.14 1 0
github.com/bladeacer/ocd/internal/tui/diffmodel.go:1231.14,1233.3 1 0
github.com/bladeacer/ocd/internal/tui/diffmodel.go:1234.2,1234.66 1 0
github.com/bladeacer/ocd/internal/tui/diffmodel.go:1234.66,1237.3 2 0
github.com/bladeacer/ocd/internal/tui/diffmodel.go:1237.8,1237.55 1 0
github.com/bladeacer/ocd/internal/tui/diffmodel.go:1237.55,1239.3 1 0
github.com/bladeacer/ocd/internal/tui/diffmodel.go:1239.8,1239.34 1 0
github.com/bladeacer/ocd/internal/tui/diffmodel.go:1239.34,1241.3 1 0
github.com/bladeacer/ocd/internal/tui/diffmodel.go:1243.2,1243.16 1 0
github.com/bladeacer/ocd/internal/tui/diffmodel.go:1243.16,1245.3 1 0
github.com/bladeacer/ocd/internal/tui/diffmodel.go:1247.2,1249.18 3 0
github.com/bladeacer/ocd/internal/tui/diffmodel.go:1249.18,1251.3 1 0
github.com/bladeacer/ocd/internal/tui/diffmodel.go:1253.2,1254.24 2 0
github.com/bladeacer/ocd/internal/tui/diffmodel.go:1254.24,1258.3 1 0
github.com/bladeacer/ocd/internal/tui/diffmodel.go:1260.2,1266.59 2 0
github.com/bladeacer/ocd/internal/tui/diffmodel.go:1269.41,1295.16 6 0
github.com/bladeacer/ocd/internal/tui/diffmodel.go:1295.16,1297.3 1 0
github.com/bladeacer/ocd/internal/tui/diffmodel.go:1298.2,1299.13 2 0
github.com/bladeacer/ocd/internal/tui/diffmodel.go:1299.13,1301.3 1 0
github.com/bladeacer/ocd/internal/tui/diffmodel.go:1302.2,1302.107 1 0
github.com/bladeacer/ocd/internal/tui/diffmodel.go:1305.53,1310.2 4 0
github.com/bladeacer/ocd/internal/tui/model.go:68.49,117.2 12 0
github.com/bladeacer/ocd/internal/tui/model.go:119.32,121.2 1 0
github.com/bladeacer/ocd/internal/tui/model.go:123.38,126.2 2 0
github.com/bladeacer/ocd/internal/tui/model.go:128.37,131.2 2 0
github.com/bladeacer/ocd/internal/tui/model.go:133.58,134.27 1 0
github.com/bladeacer/ocd/internal/tui/model.go:135.25,138.16 3 0
github.com/bladeacer/ocd/internal/tui/model.go:140.21,142.30 2 0
github.com/bladeacer/ocd/internal/tui/model.go:142.30,145.4 2 0
github.com/bladeacer/ocd/internal/tui/model.go:146.3,149.16 4 0
github.com/bladeacer/ocd/internal/tui/model.go:151.15,152.30 1 0
github.com/bladeacer/ocd/internal/tui/model.go:152.30,154.42 2 0
github.com/bladeacer/ocd/internal/tui/model.go:154.42,156.5 1 0
github.com/bladeacer/ocd/internal/tui/model.go:157.4,157.26 1 0
github.com/bladeacer/ocd/internal/tui/model.go:159.3,159.16 1 0
github.com/bladeacer/ocd/internal/tui/model.go:161.18,162.26 1 0
github.com/bladeacer/ocd/internal/tui/model.go:164.23,167.16 3 0
github.com/bladeacer/ocd/internal/tui/model.go:170.2,170.15 1 0
github.com/bladeacer/ocd/internal/tui/model.go:173.64,174.17 1 0
github.com/bladeacer/ocd/internal/tui/model.go:175.20,176.33 1 0
github.com/bladeacer/ocd/internal/tui/model.go:177.18,178.31 1 0
github.com/bladeacer/ocd/internal/tui/model.go:179.19,180.32 1 0
github.com/bladeacer/ocd/internal/tui/model.go:181.20,182.33 1 0
github.com/bladeacer/ocd/internal/tui/model.go:184.2,184.15 1 0
github.com/bladeacer/ocd/internal/tui/model.go:187.71,188.53 1 0
github.com/bladeacer/ocd/internal/tui/model.go:188.53,190.3 1 0
github.com/bladeacer/ocd/internal/tui/model.go:191.2,191.15 1 0
github.com/bladeacer/ocd/internal/tui/model.go:194.69,197.16 2 0
github.com/bladeacer/ocd/internal/tui/model.go:197.16,200.3 2 0
github.com/bladeacer/ocd/internal/tui/model.go:202.2,202.13 1 0
github.com/bladeacer/ocd/internal/tui/model.go:203.21,204.21 1 0
github.com/bladeacer/ocd/internal/tui/model.go:206.17,208.16 2 0
github.com/bladeacer/ocd/internal/tui/model.go:210.16,211.23 1 0
github.com/bladeacer/ocd/internal/tui/model.go:213.11,217.16 4 0
github.com/bladeacer/ocd/internal/tui/model.go:219.11,221.19 2 0
github.com/bladeacer/ocd/internal/tui/model.go:223.11,225.19 2 0
github.com/bladeacer/ocd/internal/tui/model.go:227.11,229.19 2 0
github.com/bladeacer/ocd/internal/tui/model.go:231.11,233.19 2 0
github.com/bladeacer/ocd/internal/tui/model.go:235.11,237.16 2 0
github.com/bladeacer/ocd/internal/tui/model.go:240.2,242.15 3 0
github.com/bladeacer/ocd/internal/tui/model.go:245.70,246.22 1 0
github.com/bladeacer/ocd/internal/tui/model.go:247.27,253.16 6 0
github.com/bladeacer/ocd/internal/tui/model.go:255.24,260.16 5 0
github.com/bladeacer/ocd/internal/tui/model.go:262.19,264.19 2 0
github.com/bladeacer/ocd/internal/tui/model.go:264.19,266.4 1 0
github.com/bladeacer/ocd/internal/tui/model.go:267.3,269.16 3 0
github.com/bladeacer/ocd/internal/tui/model.go:270.11,277.16 7 0
github.com/bladeacer/ocd/internal/tui/model.go:280.2,280.28 1 0
github.com/bladeacer/ocd/internal/tui/model.go:280.28,285.3 4 0
github.com/bladeacer/ocd/internal/tui/model.go:287.2,287.15 1 0
github.com/bladeacer/ocd/internal/tui/model.go:290.71,291.22 1 0
github.com/bladeacer/ocd/internal/tui/model.go:292.21,293.21 1 0
github.com/bladeacer/ocd/internal/tui/model.go:294.27,297.16 3 0
github.com/bladeacer/ocd/internal/tui/model.go:299.2,299.15 1 0
github.com/bladeacer/ocd/internal/tui/model.go:302.50,304.16 2 0
github.com/bladeacer/ocd/internal/tui/model.go:304.16,306.3 1 0
github.com/bladeacer/ocd/internal/tui/model.go:307.2,309.15 3 0
github.com/bladeacer/ocd/internal/tui/model.go:312.32,315.29 2 0
github.com/bladeacer/ocd/internal/tui/model.go:315.29,320.42 4 0
github.com/bladeacer/ocd/internal/tui/model.go:320.42,321.12 1 0
github.com/bladeacer/ocd/internal/tui/model.go:323.3,323.25 1 0
github.com/bladeacer/ocd/internal/tui/model.go:323.25,325.35 2 0
github.com/bladeacer/ocd/internal/tui/model.go:325.35,326.29 1 0
github.com/bladeacer/ocd/internal/tui/model.go:326.29,328.11 2 0
github.com/bladeacer/ocd/internal/tui/model.go:331.4,331.15 1 0
github.com/bladeacer/ocd/internal/tui/model.go:331.15,332.13 1 0
github.com/bladeacer/ocd/internal/tui/model.go:335.3,335.46 1 0
github.com/bladeacer/ocd/internal/tui/model.go:335.46,336.12 1 0
github.com/bladeacer/ocd/internal/tui/model.go:338.3,338.26 1 0
github.com/bladeacer/ocd/internal/tui/model.go:338.26,340.69 2 0
github.com/bladeacer/ocd/internal/tui/model.go:340.69,341.13 1 0
github.com/bladeacer/ocd/internal/tui/model.go:344.3,344.35 1 0
github.com/bladeacer/ocd/internal/tui/model.go:347.2,348.21 2 0
github.com/bladeacer/ocd/internal/tui/model.go:351.50,353.2 1 0
github.com/bladeacer/ocd/internal/tui/model.go:355.35,357.17 2 0
github.com/bladeacer/ocd/internal/tui/model.go:357.17,359.3 1 0
github.com/bladeacer/ocd/internal/tui/model.go:361.2,364.41 3 0
github.com/bladeacer/ocd/internal/tui/model.go:364.41,368.23 3 0
github.com/bladeacer/ocd/internal/tui/model.go:368.23,371.22 3 0
github.com/bladeacer/ocd/internal/tui/model.go:371.22,373.5 1 0
github.com/bladeacer/ocd/internal/tui/model.go:375.3,375.37 1 0
github.com/bladeacer/ocd/internal/tui/model.go:378.2,378.23 1 0
github.com/bladeacer/ocd/internal/tui/model.go:381.29,385.37 3 0
github.com/bladeacer/ocd/internal/tui/model.go:385.37,387.3 1 0
github.com/bladeacer/ocd/internal/tui/model.go:389.2,392.46 3 0
github.com/bladeacer/ocd/internal/tui/model.go:392.46,397.3 1 0
github.com/bladeacer/ocd/internal/tui/model.go:399.2,401.36 2 0
github.com/bladeacer/ocd/internal/tui/model.go:401.36,404.16 3 0
github.com/bladeacer/ocd/internal/tui/model.go:404.16,405.12 1 0
github.com/bladeacer/ocd/internal/tui/model.go:407.3,411.16 4 0
github.com/bladeacer/ocd/internal/tui/model.go:411.16,412.38 1 0
github.com/bladeacer/ocd/internal/tui/model.go:412.38,414.5 1 0
github.com/bladeacer/ocd/internal/tui/model.go:417.3,419.33 3 0
github.com/bladeacer/ocd/internal/tui/model.go:419.33,420.17 1 0
github.com/bladeacer/ocd/internal/tui/model.go:420.17,422.5 1 0
github.com/bladeacer/ocd/internal/tui/model.go:422.10,424.5 1 0
github.com/bladeacer/ocd/internal/tui/model.go:427.3,428.52 2 0
github.com/bladeacer/ocd/internal/tui/model.go:428.52,430.4 1 0
github.com/bladeacer/ocd/internal/tui/model.go:432.3,433.21 2 0
github.com/bladeacer/ocd/internal/tui/model.go:433.21,435.4 1 0
github.com/bladeacer/ocd/internal/tui/model.go:437.3,446.5 1 0
github.com/bladeacer/ocd/internal/tui/model.go:449.2,450.19 2 0
github.com/bladeacer/ocd/internal/tui/model.go:453.41,464.2 1 0
github.com/bladeacer/ocd/internal/tui/model.go:466.42,469.16 3 0
github.com/bladeacer/ocd/internal/tui/model.go:469.16,471.3 1 0
github.com/bladeacer/ocd/internal/tui/model.go:472.2,473.9 2 0
github.com/bladeacer/ocd/internal/tui/model.go:473.9,475.3 1 0
github.com/bladeacer/ocd/internal/tui/model.go:476.2,476.30 1 0
github.com/bladeacer/ocd/internal/tui/model.go:476.30,478.3 1 0
github.com/bladeacer/ocd/internal/tui/model.go:479.2,479.25 1 0
github.com/bladeacer/ocd/internal/tui/model.go:482.35,485.26 3 0
github.com/bladeacer/ocd/internal/tui/model.go:485.26,486.12 1 0
github.com/bladeacer/ocd/internal/tui/model.go:486.12,488.4 1 0
github.com/bladeacer/ocd/internal/tui/model.go:490.2,490.13 1 0
github.com/bladeacer/ocd/internal/tui/model.go:493.25,495.22 2 0
github.com/bladeacer/ocd/internal/tui/model.go:495.22,496.27 1 0
github.com/bladeacer/ocd/internal/tui/model.go:496.27,498.4 1 0
github.com/bladeacer/ocd/internal/tui/model.go:500.2,500.10 1 0
github.com/bladeacer/ocd/internal/tui/model.go:503.38,504.25 1 0
github.com/bladeacer/ocd/internal/tui/model.go:504.25,507.17 3 0
github.com/bladeacer/ocd/internal/tui/model.go:507.17,509.4 1 0
github.com/bladeacer/ocd/internal/tui/model.go:510.3,510.17 1 0
github.com/bladeacer/ocd/internal/tui/model.go:510.17,512.4 1 0
github.com/bladeacer/ocd/internal/tui/model.go:513.3,513.15 1 0
github.com/bladeacer/ocd/internal/tui/model.go:513.15,515.4 1 0
github.com/bladeacer/ocd/internal/tui/model.go:517.2,517.10 1 0
github.com/bladeacer/ocd/internal/tui/model.go:520.38,521.37 1 0
github.com/bladeacer/ocd/internal/tui/model.go:521.37,523.3 1 0
github.com/bladeacer/ocd/internal/tui/model.go:524.2,524.16 1 0
github.com/bladeacer/ocd/internal/tui/model.go:525.22,526.11 1 0
github.com/bladeacer/ocd/internal/tui/model.go:527.19,528.11 1 0
github.com/bladeacer/ocd/internal/tui/model.go:529.24,530.11 1 0
github.com/bladeacer/ocd/internal/tui/model.go:532.2,532.10 1 0
github.com/bladeacer/ocd/internal/tui/model.go:535.35,536.13 1 0
github.com/bladeacer/ocd/internal/tui/model.go:536.13,538.3 1 0
github.com/bladeacer/ocd/internal/tui/model.go:539.2,539.16 1 0
github.com/bladeacer/ocd/internal/tui/pickermodel.go:47.61,77.2 8 0
github.com/bladeacer/ocd/internal/tui/pickermodel.go:79.38,81.2 1 0
github.com/bladeacer/ocd/internal/tui/pickermodel.go:83.42,86.2 2 0
github.com/bladeacer/ocd/internal/tui/pickermodel.go:88.64,89.27 1 0
github.com/bladeacer/ocd/internal/tui/pickermodel.go:90.21,92.30 2 0
github.com/bladeacer/ocd/internal/tui/pickermodel.go:92.30,95.4 2 0
github.com/bladeacer/ocd/internal/tui/pickermodel.go:96.3,98.16 3 0
github.com/bladeacer/ocd/internal/tui/pickermodel.go:100.32,103.16 3 0
github.com/bladeacer/ocd/internal/tui/pickermodel.go:105.18,106.38 1 0
github.com/bladeacer/ocd/internal/tui/pickermodel.go:106.38,107.55 1 0
github.com/bladeacer/ocd/internal/tui/pickermodel.go:107.55,110.5 2 0
github.com/bladeacer/ocd/internal/tui/pickermodel.go:111.4,111.17 1 0
github.com/bladeacer/ocd/internal/tui/pickermodel.go:114.3,114.26 1 0
github.com/bladeacer/ocd/internal/tui/pickermodel.go:117.2,117.15 1 0
github.com/bladeacer/ocd/internal/tui/pickermodel.go:120.70,121.18 1 0
github.com/bladeacer/ocd/internal/tui/pickermodel.go:121.18,123.3 1 0
github.com/bladeacer/ocd/internal/tui/pickermodel.go:125.2,127.16 2 0
github.com/bladeacer/ocd/internal/tui/pickermodel.go:127.16,130.3 2 0
github.com/bladeacer/ocd/internal/tui/pickermodel.go:132.2,132.13 1 0
github.com/bladeacer/ocd/internal/tui/pickermodel.go:133.21,135.21 2 0
github.com/bladeacer/ocd/internal/tui/pickermodel.go:136.17,138.16 2 0
github.com/bladeacer/ocd/internal/tui/pickermodel.go:139.11,143.16 4 0
github.com/bladeacer/ocd/internal/tui/pickermodel.go:144.16,145.27 1 0
github.com/bladeacer/ocd/internal/tui/pickermodel.go:146.11,148.18 2 0
github.com/bladeacer/ocd/internal/tui/pickermodel.go:149.11,151.18 2 0
github.com/bladeacer/ocd/internal/tui/pickermodel.go:152.11,154.16 2 0
github.com/bladeacer/ocd/internal/tui/pickermodel.go:157.2,159.15 3 0
github.com/bladeacer/ocd/internal/tui/pickermodel.go:162.76,163.22 1 0
github.com/bladeacer/ocd/internal/tui/pickermodel.go:164.27,170.16 6 0
github.com/bladeacer/ocd/internal/tui/pickermodel.go:171.24,176.16 5 0
github.com/bladeacer/ocd/internal/tui/pickermodel.go:177.20,179.19 2 0
github.com/bladeacer/ocd/internal/tui/pickermodel.go:179.19,181.4 1 0
github.com/bladeacer/ocd/internal/tui/pickermodel.go:182.3,184.16 3 0
github.com/bladeacer/ocd/internal/tui/pickermodel.go:185.11,192.16 7 0
github.com/bladeacer/ocd/internal/tui/pickermodel.go:195.2,195.28 1 0
github.com/bladeacer/ocd/internal/tui/pickermodel.go:195.28,200.3 4 0
github.com/bladeacer/ocd/internal/tui/pickermodel.go:202.2,202.15 1 0
github.com/bladeacer/ocd/internal/tui/pickermodel.go:205.60,207.16 2 0
github.com/bladeacer/ocd/internal/tui/pickermodel.go:207.16,209.3 1 0
github.com/bladeacer/ocd/internal/tui/pickermodel.go:210.2,211.29 2 0
github.com/bladeacer/ocd/internal/tui/pickermodel.go:211.29,217.3 5 0
github.com/bladeacer/ocd/internal/tui/pickermodel.go:217.8,221.3 3 0
github.com/bladeacer/ocd/internal/tui/pickermodel.go:222.2,222.15 1 0
github.com/bladeacer/ocd/internal/tui/pickermodel.go:225.35,227.38 2 0
github.com/bladeacer/ocd/internal/tui/pickermodel.go:227.38,232.3 1 0
github.com/bladeacer/ocd/internal/tui/pickermodel.go:234.2,236.37 3 0
github.com/bladeacer/ocd/internal/tui/pickermodel.go:236.37,238.3 1 0
github.com/bladeacer/ocd/internal/tui/pickermodel.go:240.2,240.24 1 0
github.com/bladeacer/ocd/internal/tui/pickermodel.go:240.24,241.58 1 0
github.com/bladeacer/ocd/internal/tui/pickermodel.go:241.58,242.12 1 0
github.com/bladeacer/ocd/internal/tui/pickermodel.go:244.3,245.21 2 0
github.com/bladeacer/ocd/internal/tui/pickermodel.go:245.21,247.4 1 0
github.com/bladeacer/ocd/internal/tui/pickermodel.go:249.3,250.31 2 0
github.com/bladeacer/ocd/internal/tui/pickermodel.go:250.31,251.28 1 0
github.com/bladeacer/ocd/internal/tui/pickermodel.go:251.28,253.5 1 0
github.com/bladeacer/ocd/internal/tui/pickermodel.go:253.10,255.5 1 0
github.com/bladeacer/ocd/internal/tui/pickermodel.go:258.3,259.16 2 0
github.com/bladeacer/ocd/internal/tui/pickermodel.go:259.16,261.4 1 0
github.com/bladeacer/ocd/internal/tui/pickermodel.go:261.9,263.4 1 0
github.com/bladeacer/ocd/internal/tui/pickermodel.go:265.3,271.5 1 0
github.com/bladeacer/ocd/internal/tui/pickermodel.go:273.2,273.15 1 0
github.com/bladeacer/ocd/internal/tui/pickermodel.go:276.57,279.2 2 0
github.com/bladeacer/ocd/internal/tui/pickermodel.go:281.37,284.29 2 0
github.com/bladeacer/ocd/internal/tui/pickermodel.go:284.29,285.43 1 0
github.com/bladeacer/ocd/internal/tui/pickermodel.go:285.43,286.12 1 0
github.com/bladeacer/ocd/internal/tui/pickermodel.go:288.3,288.44 1 0
github.com/bladeacer/ocd/internal/tui/pickermodel.go:288.44,290.35 2 0
github.com/bladeacer/ocd/internal/tui/pickermodel.go:290.35,291.28 1 0
github.com/bladeacer/ocd/internal/tui/pickermodel.go:291.28,293.11 2 0
github.com/bladeacer/ocd/internal/tui/pickermodel.go:296.4,296.15 1 0
github.com/bladeacer/ocd/internal/tui/pickermodel.go:296.15,297.13 1 0
github.com/bladeacer/ocd/internal/tui/pickermodel.go:300.3,300.22 1 0
github.com/bladeacer/ocd/internal/tui/pickermodel.go:300.22,302.63 2 0
github.com/bladeacer/ocd/internal/tui/pickermodel.go:302.63,303.13 1 0
github.com/bladeacer/ocd/internal/tui/pickermodel.go:306.3,306.35 1 0
github.com/bladeacer/ocd/internal/tui/pickermodel.go:309.2,309.49 1 0
github.com/bladeacer/ocd/internal/tui/pickermodel.go:309.49,312.19 3 0
github.com/bladeacer/ocd/internal/tui/pickermodel.go:312.19,314.4 1 0
github.com/bladeacer/ocd/internal/tui/pickermodel.go:315.3,318.8 1 0
github.com/bladeacer/ocd/internal/tui/pickermodel.go:321.2,321.25 1 0
github.com/bladeacer/ocd/internal/tui/pickermodel.go:324.37,325.18 1 0
github.com/bladeacer/ocd/internal/tui/pickermodel.go:325.18,327.3 1 0
github.com/bladeacer/ocd/internal/tui/pickermodel.go:328.2,328.21 1 0
github.com/bladeacer/ocd/internal/tui/pickermodel.go:328.21,330.3 1 0
github.com/bladeacer/ocd/internal/tui/pickermodel.go:332.2,332.16 1 0
github.com/bladeacer/ocd/internal/tui/pickermodel.go:332.16,347.3 4 0
github.com/bladeacer/ocd/internal/tui/pickermodel.go:349.2,350.30 2 0
github.com/bladeacer/ocd/internal/tui/pickermodel.go:350.30,352.3 1 0
github.com/bladeacer/ocd/internal/tui/pickermodel.go:354.2,355.18 2 0
github.com/bladeacer/ocd/internal/tui/pickermodel.go:355.18,357.3 1 0
github.com/bladeacer/ocd/internal/tui/pickermodel.go:359.2,366.92 3 0
github.com/bladeacer/ocd/internal/tui/pickermodel.go:369.75,373.16 4 0
github.com/bladeacer/ocd/internal/tui/pickermodel.go:373.16,375.3 1 0
github.com/bladeacer/ocd/internal/tui/pickermodel.go:376.2,377.25 2 0
github.com/bladeacer/ocd/internal/tui/pickermodel.go:377.25,379.3 1 0
github.com/bladeacer/ocd/internal/tui/pickermodel.go:380.2,380.47 1 0
github.com/bladeacer/ocd/internal/tui/spinner.go:18.55,27.2 4 0
github.com/bladeacer/ocd/internal/tui/spinner.go:29.39,31.2 1 0
github.com/bladeacer/ocd/internal/tui/spinner.go:33.45,36.2 2 0
github.com/bladeacer/ocd/internal/tui/spinner.go:38.69,39.27 1 0
github.com/bladeacer/ocd/internal/tui/spinner.go:40.15,42.37 2 0
github.com/bladeacer/ocd/internal/tui/spinner.go:42.37,44.4 1 0
github.com/bladeacer/ocd/internal/tui/spinner.go:45.3,45.25 1 0
github.com/bladeacer/ocd/internal/tui/spinner.go:46.23,49.16 3 0
github.com/bladeacer/ocd/internal/tui/spinner.go:51.2,51.15 1 0
github.com/bladeacer/ocd/internal/tui/spinner.go:54.38,58.2 3 0
github.com/bladeacer/ocd/internal/tui/spinner.go:60.39,62.2 1 0
github.com/bladeacer/ocd/internal/tui/styles.go:42.33,54.2 4 0
github.com/bladeacer/ocd/internal/tui/view.go:17.31,18.17 1 0
github.com/bladeacer/ocd/internal/tui/view.go:19.20,20.25 1 0
github.com/bladeacer/ocd/internal/tui/view.go:21.31,22.30 1 0
github.com/bladeacer/ocd/internal/tui/view.go:23.20,24.25 1 0
github.com/bladeacer/ocd/internal/tui/view.go:26.2,26.11 1 0
github.com/bladeacer/ocd/internal/tui/view.go:29.38,30.18 1 0
github.com/bladeacer/ocd/internal/tui/view.go:30.18,32.3 1 0
github.com/bladeacer/ocd/internal/tui/view.go:34.2,37.84 3 0
github.com/bladeacer/ocd/internal/tui/view.go:40.43,41.16 1 0
github.com/bladeacer/ocd/internal/tui/view.go:41.16,43.3 1 0
github.com/bladeacer/ocd/internal/tui/view.go:45.2,49.28 3 0
github.com/bladeacer/ocd/internal/tui/view.go:49.28,51.3 1 0
github.com/bladeacer/ocd/internal/tui/view.go:53.2,58.19 4 0
github.com/bladeacer/ocd/internal/tui/view.go:61.45,79.16 5 0
github.com/bladeacer/ocd/internal/tui/view.go:79.16,81.3 1 0
github.com/bladeacer/ocd/internal/tui/view.go:82.2,83.13 2 0
github.com/bladeacer/ocd/internal/tui/view.go:83.13,85.3 1 0
github.com/bladeacer/ocd/internal/tui/view.go:86.2,87.26 2 0
github.com/bladeacer/ocd/internal/tui/view.go:90.37,102.2 4 0
github.com/bladeacer/ocd/internal/tui/view.go:104.50,105.12 1 0
github.com/bladeacer/ocd/internal/tui/view.go:105.12,107.3 1 0
github.com/bladeacer/ocd/internal/tui/view.go:108.2,108.53 1 0
github.com/bladeacer/ocd/internal/tui/view.go:111.38,119.2 3 0
github.com/bladeacer/ocd/main.go:18.13,35.39 6 0
github.com/bladeacer/ocd/main.go:35.39,38.3 2 0
github.com/bladeacer/ocd/cmd/clean.go:12.35,16.55 1 0
github.com/bladeacer/ocd/cmd/clean.go:16.55,18.36 2 0
github.com/bladeacer/ocd/cmd/clean.go:18.36,20.5 1 0
github.com/bladeacer/ocd/cmd/clean.go:21.4,21.62 1 0
github.com/bladeacer/ocd/cmd/clean.go:21.62,23.5 1 0
github.com/bladeacer/ocd/cmd/clean.go:24.4,25.14 2 0
github.com/bladeacer/ocd/cmd/clean.go:29.2,29.12 1 0
github.com/bladeacer/ocd/cmd/diff.go:17.34,18.32 1 0
github.com/bladeacer/ocd/cmd/diff.go:18.32,21.3 2 0
github.com/bladeacer/ocd/cmd/diff.go:22.2,22.24 1 0
github.com/bladeacer/ocd/cmd/diff.go:25.64,28.16 3 0
github.com/bladeacer/ocd/cmd/diff.go:29.14,30.30 1 0
github.com/bladeacer/ocd/cmd/diff.go:31.14,32.30 1 0
github.com/bladeacer/ocd/cmd/diff.go:33.10,34.30 1 0
github.com/bladeacer/ocd/cmd/diff.go:36.2,36.16 1 0
github.com/bladeacer/ocd/cmd/diff.go:36.16,38.3 1 0
github.com/bladeacer/ocd/cmd/diff.go:39.2,39.39 1 0
github.com/bladeacer/ocd/cmd/diff.go:42.55,44.22 2 0
github.com/bladeacer/ocd/cmd/diff.go:44.22,46.3 1 0
github.com/bladeacer/ocd/cmd/diff.go:49.38,51.38 2 0
github.com/bladeacer/ocd/cmd/diff.go:51.38,53.3 1 0
github.com/bladeacer/ocd/cmd/diff.go:54.2,56.12 3 0
github.com/bladeacer/ocd/cmd/diff.go:59.34,77.55 6 0
github.com/bladeacer/ocd/cmd/diff.go:77.55,80.22 2 0
github.com/bladeacer/ocd/cmd/diff.go:80.22,83.5 2 0
github.com/bladeacer/ocd/cmd/diff.go:83.10,83.44 1 0
github.com/bladeacer/ocd/cmd/diff.go:83.44,89.19 5 0
github.com/bladeacer/ocd/cmd/diff.go:89.19,91.6 1 0
github.com/bladeacer/ocd/cmd/diff.go:92.5,92.41 1 0
github.com/bladeacer/ocd/cmd/diff.go:92.41,95.6 2 0
github.com/bladeacer/ocd/cmd/diff.go:96.10,98.5 1 0
github.com/bladeacer/ocd/cmd/diff.go:100.4,100.46 1 0
github.com/bladeacer/ocd/cmd/diff.go:100.46,102.5 1 0
github.com/bladeacer/ocd/cmd/diff.go:103.4,103.46 1 0
github.com/bladeacer/ocd/cmd/diff.go:103.46,105.5 1 0
github.com/bladeacer/ocd/cmd/diff.go:107.4,108.27 2 0
github.com/bladeacer/ocd/cmd/diff.go:108.27,110.5 1 0
github.com/bladeacer/ocd/cmd/diff.go:112.4,112.12 1 0
github.com/bladeacer/ocd/cmd/diff.go:112.12,118.25 6 0
github.com/bladeacer/ocd/cmd/diff.go:118.25,120.6 1 0
github.com/bladeacer/ocd/cmd/diff.go:120.11,122.6 1 0
github.com/bladeacer/ocd/cmd/diff.go:123.5,126.72 4 0
github.com/bladeacer/ocd/cmd/diff.go:126.72,128.6 1 0
github.com/bladeacer/ocd/cmd/diff.go:129.5,130.15 2 0
github.com/bladeacer/ocd/cmd/diff.go:133.4,133.36 1 0
github.com/bladeacer/ocd/cmd/diff.go:137.2,142.12 6 0
github.com/bladeacer/ocd/cmd/extract.go:11.37,18.55 1 0
github.com/bladeacer/ocd/cmd/extract.go:18.55,21.18 3 0
github.com/bladeacer/ocd/cmd/extract.go:21.18,23.5 1 0
github.com/bladeacer/ocd/cmd/extract.go:24.4,25.14 2 0
github.com/bladeacer/ocd/cmd/extract.go:29.2,29.12 1 0
github.com/bladeacer/ocd/cmd/interact.go:14.38,23.55 2 0
github.com/bladeacer/ocd/cmd/interact.go:23.55,29.18 5 0
github.com/bladeacer/ocd/cmd/interact.go:29.18,31.5 1 0
github.com/bladeacer/ocd/cmd/interact.go:32.4,32.30 1 0
github.com/bladeacer/ocd/cmd/interact.go:32.30,35.5 2 0
github.com/bladeacer/ocd/cmd/interact.go:37.4,39.18 3 0
github.com/bladeacer/ocd/cmd/interact.go:39.18,41.5 1 0
github.com/bladeacer/ocd/cmd/interact.go:42.4,43.14 2 0
github.com/bladeacer/ocd/cmd/interact.go:47.2,48.12 2 0
github.com/bladeacer/ocd/internal/cache/cache.go:28.36,33.49 2 0
github.com/bladeacer/ocd/internal/cache/cache.go:33.49,34.13 1 0
github.com/bladeacer/ocd/internal/cache/cache.go:36.2,36.10 1 0
github.com/bladeacer/ocd/internal/cache/cache.go:39.42,41.2 1 0
github.com/bladeacer/ocd/internal/cache/cache.go:43.55,46.16 3 0
github.com/bladeacer/ocd/internal/cache/cache.go:46.16,47.25 1 0
github.com/bladeacer/ocd/internal/cache/cache.go:47.25,49.4 1 0
github.com/bladeacer/ocd/internal/cache/cache.go:50.3,50.13 1 0
github.com/bladeacer/ocd/internal/cache/cache.go:52.2,53.53 2 0
github.com/bladeacer/ocd/internal/cache/cache.go:53.53,55.3 1 0
github.com/bladeacer/ocd/internal/cache/cache.go:56.2,56.54 1 0
github.com/bladeacer/ocd/internal/cache/cache.go:56.54,58.3 1 0
github.com/bladeacer/ocd/internal/cache/cache.go:59.2,59.38 1 0
github.com/bladeacer/ocd/internal/cache/cache.go:62.55,65.16 3 0
github.com/bladeacer/ocd/internal/cache/cache.go:65.16,67.3 1 0
github.com/bladeacer/ocd/internal/cache/cache.go:68.2,73.16 3 0
github.com/bladeacer/ocd/internal/cache/cache.go:73.16,75.3 1 0
github.com/bladeacer/ocd/internal/cache/cache.go:76.2,76.35 1 0
github.com/bladeacer/ocd/internal/cache/cache.go:79.43,82.24 3 0
github.com/bladeacer/ocd/internal/cache/cache.go:82.24,84.3 1 0
github.com/bladeacer/ocd/internal/cache/cache.go:85.2,85.12 1 0
github.com/bladeacer/ocd/internal/cache/cache.go:88.31,90.16 2 0
github.com/bladeacer/ocd/internal/cache/cache.go:90.16,91.25 1 0
github.com/bladeacer/ocd/internal/cache/cache.go:91.25,93.4 1 0
github.com/bladeacer/ocd/internal/cache/cache.go:94.3,94.13 1 0
github.com/bladeacer/ocd/internal/cache/cache.go:96.2,98.16 3 0
github.com/bladeacer/ocd/internal/cache/cache.go:98.16,100.3 1 0
github.com/bladeacer/ocd/internal/cache/cache.go:101.2,101.29 1 0
github.com/bladeacer/ocd/internal/cache/cache.go:101.29,103.3 1 0
github.com/bladeacer/ocd/internal/cache/cache.go:104.2,104.12 1 0
github.com/bladeacer/ocd/internal/core/asar.go:31.61,33.16 2 1
github.com/bladeacer/ocd/internal/core/asar.go:33.16,35.3 1 0
github.com/bladeacer/ocd/internal/core/asar.go:36.2,39.47 3 1
github.com/bladeacer/ocd/internal/core/asar.go:39.47,41.3 1 1
github.com/bladeacer/ocd/internal/core/asar.go:43.2,44.71 2 1
github.com/bladeacer/ocd/internal/core/asar.go:44.71,46.3 1 1
github.com/bladeacer/ocd/internal/core/asar.go:47.2,47.51 1 1
github.com/bladeacer/ocd/internal/core/asar.go:47.51,49.3 1 0
github.com/bladeacer/ocd/internal/core/asar.go:51.2,52.51 2 1
github.com/bladeacer/ocd/internal/core/asar.go:52.51,54.3 1 0
github.com/bladeacer/ocd/internal/core/asar.go:56.2,57.57 2 1
github.com/bladeacer/ocd/internal/core/asar.go:57.57,59.3 1 0
github.com/bladeacer/ocd/internal/core/asar.go:61.2,62.9 2 1
github.com/bladeacer/ocd/internal/core/asar.go:62.9,64.3 1 1
github.com/bladeacer/ocd/internal/core/asar.go:66.2,67.67 2 1
github.com/bladeacer/ocd/internal/core/asar.go:67.67,69.3 1 0
github.com/bladeacer/ocd/internal/core/asar.go:71.2,74.16 3 1
github.com/bladeacer/ocd/internal/core/asar.go:74.16,76.3 1 0
github.com/bladeacer/ocd/internal/core/asar.go:77.2,80.49 3 1
github.com/bladeacer/ocd/internal/core/asar.go:80.49,82.3 1 0
github.com/bladeacer/ocd/internal/core/asar.go:84.2,84.12 1 1
github.com/bladeacer/ocd/internal/core/diff.go:17.60,22.16 4 1
github.com/bladeacer/ocd/internal/core/diff.go:22.16,28.3 1 1
github.com/bladeacer/ocd/internal/core/diff.go:30.2,31.16 2 1
github.com/bladeacer/ocd/internal/core/diff.go:31.16,37.3 1 0
github.com/bladeacer/ocd/internal/core/diff.go:39.2,52.49 4 1
github.com/bladeacer/ocd/internal/core/diff.go:52.49,53.67 1 1
github.com/bladeacer/ocd/internal/core/diff.go:53.67,55.9 2 1
github.com/bladeacer/ocd/internal/core/diff.go:59.2,64.3 1 1
github.com/bladeacer/ocd/internal/core/extract.go:19.49,23.45 3 1
github.com/bladeacer/ocd/internal/core/extract.go:23.45,25.3 1 1
github.com/bladeacer/ocd/internal/core/extract.go:27.2,27.51 1 1
github.com/bladeacer/ocd/internal/core/extract.go:27.51,29.3 1 0
github.com/bladeacer/ocd/internal/core/extract.go:31.2,34.16 3 1
github.com/bladeacer/ocd/internal/core/extract.go:34.16,36.3 1 0
github.com/bladeacer/ocd/internal/core/extract.go:37.2,39.44 2 1
github.com/bladeacer/ocd/internal/core/extract.go:39.44,41.3 1 1
github.com/bladeacer/ocd/internal/core/extract.go:42.2,42.38 1 1
github.com/bladeacer/ocd/internal/core/extract.go:42.38,44.3 1 1
github.com/bladeacer/ocd/internal/core/extract.go:46.2,47.16 2 1
github.com/bladeacer/ocd/internal/core/extract.go:47.16,49.3 1 1
github.com/bladeacer/ocd/internal/core/extract.go:50.2,53.16 3 1
github.com/bladeacer/ocd/internal/core/extract.go:53.16,55.3 1 0
github.com/bladeacer/ocd/internal/core/extract.go:56.2,59.54 3 1
github.com/bladeacer/ocd/internal/core/extract.go:59.54,62.3 2 0
github.com/bladeacer/ocd/internal/core/extract.go:63.2,65.65 2 1
github.com/bladeacer/ocd/internal/core/extract.go:65.65,67.3 1 1
github.com/bladeacer/ocd/internal/core/extract.go:69.2,69.22 1 0
github.com/bladeacer/ocd/internal/core/tldr.go:51.37,54.18 3 1
github.com/bladeacer/ocd/internal/core/tldr.go:54.18,56.3 1 1
github.com/bladeacer/ocd/internal/core/tldr.go:57.2,57.19 1 1
github.com/bladeacer/ocd/internal/core/tldr.go:57.19,59.3 1 1
github.com/bladeacer/ocd/internal/core/tldr.go:60.2,60.19 1 1
github.com/bladeacer/ocd/internal/core/tldr.go:60.19,62.3 1 1
github.com/bladeacer/ocd/internal/core/tldr.go:63.2,63.19 1 1
github.com/bladeacer/ocd/internal/core/tldr.go:63.19,65.3 1 1
github.com/bladeacer/ocd/internal/core/tldr.go:66.2,66.15 1 1
github.com/bladeacer/ocd/internal/core/tldr.go:69.43,71.46 2 1
github.com/bladeacer/ocd/internal/core/tldr.go:71.46,73.52 2 1
github.com/bladeacer/ocd/internal/core/tldr.go:73.52,75.4 1 1
github.com/bladeacer/ocd/internal/core/tldr.go:75.9,77.4 1 1
github.com/bladeacer/ocd/internal/core/tldr.go:79.2,79.21 1 1
github.com/bladeacer/ocd/internal/core/tldr.go:79.21,81.3 1 1
github.com/bladeacer/ocd/internal/core/tldr.go:82.2,82.24 1 1
github.com/bladeacer/ocd/internal/core/tldr.go:85.46,87.50 2 1
github.com/bladeacer/ocd/internal/core/tldr.go:87.50,90.3 2 1
github.com/bladeacer/ocd/internal/core/tldr.go:91.2,91.42 1 1
github.com/bladeacer/ocd/internal/core/tldr.go:91.42,93.3 1 1
github.com/bladeacer/ocd/internal/core/tldr.go:94.2,94.42 1 1
github.com/bladeacer/ocd/internal/core/tldr.go:94.42,96.3 1 1
github.com/bladeacer/ocd/internal/core/tldr.go:97.2,97.44 1 1
github.com/bladeacer/ocd/internal/core/tldr.go:97.44,99.3 1 1
github.com/bladeacer/ocd/internal/core/tldr.go:100.2,100.57 1 1
github.com/bladeacer/ocd/internal/core/tldr.go:100.57,101.10 1 1
github.com/bladeacer/ocd/internal/core/tldr.go:102.38,103.21 1 0
github.com/bladeacer/ocd/internal/core/tldr.go:104.37,105.19 1 0
github.com/bladeacer/ocd/internal/core/tldr.go:106.37,107.19 1 1
github.com/bladeacer/ocd/internal/core/tldr.go:108.37,109.19 1 0
github.com/bladeacer/ocd/internal/core/tldr.go:110.39,111.23 1 0
github.com/bladeacer/ocd/internal/core/tldr.go:114.2,114.15 1 1
github.com/bladeacer/ocd/internal/core/tldr.go:117.43,119.16 2 1
github.com/bladeacer/ocd/internal/core/tldr.go:119.16,121.3 1 1
github.com/bladeacer/ocd/internal/core/tldr.go:123.2,128.49 5 1
github.com/bladeacer/ocd/internal/core/tldr.go:128.49,129.70 1 1
github.com/bladeacer/ocd/internal/core/tldr.go:129.70,133.4 3 1
github.com/bladeacer/ocd/internal/core/tldr.go:133.9,133.77 1 1
github.com/bladeacer/ocd/internal/core/tldr.go:133.77,137.4 3 1
github.com/bladeacer/ocd/internal/core/tldr.go:137.9,137.114 1 1
github.com/bladeacer/ocd/internal/core/tldr.go:137.114,138.47 1 1
github.com/bladeacer/ocd/internal/core/tldr.go:138.47,140.5 1 1
github.com/bladeacer/ocd/internal/core/tldr.go:144.2,144.38 1 1
github.com/bladeacer/ocd/internal/core/tldr.go:144.38,145.42 1 1
github.com/bladeacer/ocd/internal/core/tldr.go:145.42,146.24 1 1
github.com/bladeacer/ocd/internal/core/tldr.go:146.24,152.5 1 1
github.com/bladeacer/ocd/internal/core/tldr.go:153.9,155.4 1 1
github.com/bladeacer/ocd/internal/core/tldr.go:157.2,157.32 1 1
github.com/bladeacer/ocd/internal/core/tldr.go:157.32,158.36 1 1
github.com/bladeacer/ocd/internal/core/tldr.go:158.36,160.4 1 1
github.com/bladeacer/ocd/internal/core/tldr.go:163.2,163.10 1 1
github.com/bladeacer/ocd/internal/core/tldr.go:166.155,167.48 1 1
github.com/bladeacer/ocd/internal/core/tldr.go:167.48,172.20 5 1
github.com/bladeacer/ocd/internal/core/tldr.go:172.20,174.4 1 1
github.com/bladeacer/ocd/internal/core/tldr.go:174.9,174.27 1 1
github.com/bladeacer/ocd/internal/core/tldr.go:174.27,176.4 1 1
github.com/bladeacer/ocd/internal/core/tldr.go:179.2,179.60 1 1
github.com/bladeacer/ocd/internal/core/tldr.go:179.60,180.31 1 1
github.com/bladeacer/ocd/internal/core/tldr.go:180.31,182.21 2 1
[...]
github.com/bladeacer/ocd/internal/tui/diffmodel.go:1202.32,1203.25 1 1
github.com/bladeacer/ocd/internal/tui/diffmodel.go:1203.25,1205.3 1 1
github.com/bladeacer/ocd/internal/tui/diffmodel.go:1206.2,1207.23 2 1
github.com/bladeacer/ocd/internal/tui/diffmodel.go:1207.23,1209.3 1 1
github.com/bladeacer/ocd/internal/tui/diffmodel.go:1210.2,1211.48 2 1
github.com/bladeacer/ocd/internal/tui/diffmodel.go:1211.48,1213.3 1 1
github.com/bladeacer/ocd/internal/tui/diffmodel.go:1214.2,1215.28 2 1
github.com/bladeacer/ocd/internal/tui/diffmodel.go:1218.46,1219.25 1 1
github.com/bladeacer/ocd/internal/tui/diffmodel.go:1219.25,1221.3 1 1
github.com/bladeacer/ocd/internal/tui/diffmodel.go:1222.2,1224.38 3 1
github.com/bladeacer/ocd/internal/tui/diffmodel.go:1224.38,1226.3 1 1
github.com/bladeacer/ocd/internal/tui/diffmodel.go:1227.2,1227.19 1 1
github.com/bladeacer/ocd/internal/tui/diffmodel.go:1230.35,1231.14 1 1
github.com/bladeacer/ocd/internal/tui/diffmodel.go:1231.14,1233.3 1 1
github.com/bladeacer/ocd/internal/tui/diffmodel.go:1234.2,1234.66 1 1
github.com/bladeacer/ocd/internal/tui/diffmodel.go:1234.66,1237.3 2 0
github.com/bladeacer/ocd/internal/tui/diffmodel.go:1237.8,1237.55 1 1
github.com/bladeacer/ocd/internal/tui/diffmodel.go:1237.55,1239.3 1 1
github.com/bladeacer/ocd/internal/tui/diffmodel.go:1239.8,1239.34 1 1
github.com/bladeacer/ocd/internal/tui/diffmodel.go:1239.34,1241.3 1 0
github.com/bladeacer/ocd/internal/tui/diffmodel.go:1243.2,1243.16 1 1
github.com/bladeacer/ocd/internal/tui/diffmodel.go:1243.16,1245.3 1 1
github.com/bladeacer/ocd/internal/tui/diffmodel.go:1247.2,1249.18 3 1
github.com/bladeacer/ocd/internal/tui/diffmodel.go:1249.18,1251.3 1 0
github.com/bladeacer/ocd/internal/tui/diffmodel.go:1253.2,1254.24 2 1
github.com/bladeacer/ocd/internal/tui/diffmodel.go:1254.24,1258.3 1 1
github.com/bladeacer/ocd/internal/tui/diffmodel.go:1260.2,1266.59 2 1
github.com/bladeacer/ocd/internal/tui/diffmodel.go:1269.41,1295.16 6 1
github.com/bladeacer/ocd/internal/tui/diffmodel.go:1295.16,1297.3 1 1
github.com/bladeacer/ocd/internal/tui/diffmodel.go:1298.2,1299.13 2 1
github.com/bladeacer/ocd/internal/tui/diffmodel.go:1299.13,1301.3 1 1
github.com/bladeacer/ocd/internal/tui/diffmodel.go:1302.2,1302.107 1 1
github.com/bladeacer/ocd/internal/tui/diffmodel.go:1305.53,1310.2 4 0
github.com/bladeacer/ocd/internal/tui/model.go:68.49,117.2 12 0
github.com/bladeacer/ocd/internal/tui/model.go:119.32,121.2 1 0
github.com/bladeacer/ocd/internal/tui/model.go:123.38,126.2 2 1
github.com/bladeacer/ocd/internal/tui/model.go:128.37,131.2 2 0
github.com/bladeacer/ocd/internal/tui/model.go:133.58,134.27 1 1
github.com/bladeacer/ocd/internal/tui/model.go:135.25,138.16 3 1
github.com/bladeacer/ocd/internal/tui/model.go:140.21,142.30 2 0
github.com/bladeacer/ocd/internal/tui/model.go:142.30,145.4 2 0
github.com/bladeacer/ocd/internal/tui/model.go:146.3,149.16 4 0
github.com/bladeacer/ocd/internal/tui/model.go:151.15,152.30 1 0
github.com/bladeacer/ocd/internal/tui/model.go:152.30,154.42 2 0
github.com/bladeacer/ocd/internal/tui/model.go:154.42,156.5 1 0
github.com/bladeacer/ocd/internal/tui/model.go:157.4,157.26 1 0
github.com/bladeacer/ocd/internal/tui/model.go:159.3,159.16 1 0
github.com/bladeacer/ocd/internal/tui/model.go:161.18,162.26 1 0
github.com/bladeacer/ocd/internal/tui/model.go:164.23,167.16 3 0
github.com/bladeacer/ocd/internal/tui/model.go:170.2,170.15 1 0
github.com/bladeacer/ocd/internal/tui/model.go:173.64,174.17 1 1
github.com/bladeacer/ocd/internal/tui/model.go:175.20,176.33 1 1
github.com/bladeacer/ocd/internal/tui/model.go:177.18,178.31 1 1
github.com/bladeacer/ocd/internal/tui/model.go:179.19,180.32 1 1
github.com/bladeacer/ocd/internal/tui/model.go:181.20,182.33 1 1
github.com/bladeacer/ocd/internal/tui/model.go:184.2,184.15 1 0
github.com/bladeacer/ocd/internal/tui/model.go:187.71,188.53 1 1
github.com/bladeacer/ocd/internal/tui/model.go:188.53,190.3 1 1
github.com/bladeacer/ocd/internal/tui/model.go:191.2,191.15 1 1
github.com/bladeacer/ocd/internal/tui/model.go:194.69,197.16 2 1
github.com/bladeacer/ocd/internal/tui/model.go:197.16,200.3 2 1
github.com/bladeacer/ocd/internal/tui/model.go:202.2,202.13 1 1
github.com/bladeacer/ocd/internal/tui/model.go:203.21,204.21 1 1
github.com/bladeacer/ocd/internal/tui/model.go:206.17,208.16 2 1
github.com/bladeacer/ocd/internal/tui/model.go:210.16,211.23 1 1
github.com/bladeacer/ocd/internal/tui/model.go:213.11,217.16 4 1
github.com/bladeacer/ocd/internal/tui/model.go:219.11,221.19 2 1
github.com/bladeacer/ocd/internal/tui/model.go:223.11,225.19 2 1
github.com/bladeacer/ocd/internal/tui/model.go:227.11,229.19 2 1
github.com/bladeacer/ocd/internal/tui/model.go:231.11,233.19 2 1
github.com/bladeacer/ocd/internal/tui/model.go:235.11,237.16 2 1
github.com/bladeacer/ocd/internal/tui/model.go:240.2,242.15 3 1
github.com/bladeacer/ocd/internal/tui/model.go:245.70,246.22 1 1
github.com/bladeacer/ocd/internal/tui/model.go:247.27,253.16 6 1
github.com/bladeacer/ocd/internal/tui/model.go:255.24,260.16 5 1
github.com/bladeacer/ocd/internal/tui/model.go:262.19,264.19 2 1
github.com/bladeacer/ocd/internal/tui/model.go:264.19,266.4 1 1
github.com/bladeacer/ocd/internal/tui/model.go:267.3,269.16 3 1
github.com/bladeacer/ocd/internal/tui/model.go:270.11,277.16 7 1
github.com/bladeacer/ocd/internal/tui/model.go:280.2,280.28 1 1
github.com/bladeacer/ocd/internal/tui/model.go:280.28,285.3 4 1
github.com/bladeacer/ocd/internal/tui/model.go:287.2,287.15 1 0
github.com/bladeacer/ocd/internal/tui/model.go:290.71,291.22 1 1
github.com/bladeacer/ocd/internal/tui/model.go:292.21,293.21 1 1
github.com/bladeacer/ocd/internal/tui/model.go:294.27,297.16 3 1
github.com/bladeacer/ocd/internal/tui/model.go:299.2,299.15 1 0
github.com/bladeacer/ocd/internal/tui/model.go:302.50,304.16 2 1
github.com/bladeacer/ocd/internal/tui/model.go:304.16,306.3 1 1
github.com/bladeacer/ocd/internal/tui/model.go:307.2,309.15 3 1
github.com/bladeacer/ocd/internal/tui/model.go:312.32,315.29 2 1
github.com/bladeacer/ocd/internal/tui/model.go:315.29,320.42 4 1
github.com/bladeacer/ocd/internal/tui/model.go:320.42,321.12 1 1
github.com/bladeacer/ocd/internal/tui/model.go:323.3,323.25 1 1
github.com/bladeacer/ocd/internal/tui/model.go:323.25,325.35 2 1
github.com/bladeacer/ocd/internal/tui/model.go:325.35,326.29 1 1
github.com/bladeacer/ocd/internal/tui/model.go:326.29,328.11 2 1
github.com/bladeacer/ocd/internal/tui/model.go:331.4,331.15 1 1
github.com/bladeacer/ocd/internal/tui/model.go:331.15,332.13 1 1
github.com/bladeacer/ocd/internal/tui/model.go:335.3,335.46 1 1
github.com/bladeacer/ocd/internal/tui/model.go:335.46,336.12 1 0
github.com/bladeacer/ocd/internal/tui/model.go:338.3,338.26 1 1
github.com/bladeacer/ocd/internal/tui/model.go:338.26,340.69 2 1
github.com/bladeacer/ocd/internal/tui/model.go:340.69,341.13 1 1
github.com/bladeacer/ocd/internal/tui/model.go:344.3,344.35 1 1
github.com/bladeacer/ocd/internal/tui/model.go:347.2,348.21 2 1
github.com/bladeacer/ocd/internal/tui/model.go:351.50,353.2 1 1
github.com/bladeacer/ocd/internal/tui/model.go:355.35,357.17 2 1
github.com/bladeacer/ocd/internal/tui/model.go:357.17,359.3 1 1
github.com/bladeacer/ocd/internal/tui/model.go:361.2,364.41 3 1
github.com/bladeacer/ocd/internal/tui/model.go:364.41,368.23 3 1
github.com/bladeacer/ocd/internal/tui/model.go:368.23,371.22 3 1
github.com/bladeacer/ocd/internal/tui/model.go:371.22,373.5 1 1
github.com/bladeacer/ocd/internal/tui/model.go:375.3,375.37 1 1
github.com/bladeacer/ocd/internal/tui/model.go:378.2,378.23 1 1
github.com/bladeacer/ocd/internal/tui/model.go:381.29,385.37 3 1
github.com/bladeacer/ocd/internal/tui/model.go:385.37,387.3 1 1
github.com/bladeacer/ocd/internal/tui/model.go:389.2,392.46 3 1
github.com/bladeacer/ocd/internal/tui/model.go:392.46,397.3 1 1
github.com/bladeacer/ocd/internal/tui/model.go:399.2,401.36 2 1
github.com/bladeacer/ocd/internal/tui/model.go:401.36,404.16 3 1
github.com/bladeacer/ocd/internal/tui/model.go:404.16,405.12 1 0
github.com/bladeacer/ocd/internal/tui/model.go:407.3,411.16 4 1
github.com/bladeacer/ocd/internal/tui/model.go:411.16,412.38 1 1
github.com/bladeacer/ocd/internal/tui/model.go:412.38,414.5 1 1
github.com/bladeacer/ocd/internal/tui/model.go:417.3,419.33 3 1
github.com/bladeacer/ocd/internal/tui/model.go:419.33,420.17 1 1
github.com/bladeacer/ocd/internal/tui/model.go:420.17,422.5 1 1
github.com/bladeacer/ocd/internal/tui/model.go:422.10,424.5 1 1
github.com/bladeacer/ocd/internal/tui/model.go:427.3,428.52 2 1
github.com/bladeacer/ocd/internal/tui/model.go:428.52,430.4 1 0
github.com/bladeacer/ocd/internal/tui/model.go:432.3,433.21 2 1
github.com/bladeacer/ocd/internal/tui/model.go:433.21,435.4 1 0
github.com/bladeacer/ocd/internal/tui/model.go:437.3,446.5 1 1
github.com/bladeacer/ocd/internal/tui/model.go:449.2,450.19 2 1
github.com/bladeacer/ocd/internal/tui/model.go:453.41,464.2 1 1
github.com/bladeacer/ocd/internal/tui/model.go:466.42,469.16 3 0
github.com/bladeacer/ocd/internal/tui/model.go:469.16,471.3 1 0
github.com/bladeacer/ocd/internal/tui/model.go:472.2,473.9 2 0
github.com/bladeacer/ocd/internal/tui/model.go:473.9,475.3 1 0
github.com/bladeacer/ocd/internal/tui/model.go:476.2,476.30 1 0
github.com/bladeacer/ocd/internal/tui/model.go:476.30,478.3 1 0
github.com/bladeacer/ocd/internal/tui/model.go:479.2,479.25 1 0
github.com/bladeacer/ocd/internal/tui/model.go:482.35,485.26 3 1
github.com/bladeacer/ocd/internal/tui/model.go:485.26,486.12 1 1
github.com/bladeacer/ocd/internal/tui/model.go:486.12,488.4 1 1
github.com/bladeacer/ocd/internal/tui/model.go:490.2,490.13 1 1
github.com/bladeacer/ocd/internal/tui/model.go:493.25,495.22 2 1
github.com/bladeacer/ocd/internal/tui/model.go:495.22,496.27 1 1
github.com/bladeacer/ocd/internal/tui/model.go:496.27,498.4 1 1
github.com/bladeacer/ocd/internal/tui/model.go:500.2,500.10 1 1
github.com/bladeacer/ocd/internal/tui/model.go:503.38,504.25 1 1
github.com/bladeacer/ocd/internal/tui/model.go:504.25,507.17 3 1
github.com/bladeacer/ocd/internal/tui/model.go:507.17,509.4 1 1
github.com/bladeacer/ocd/internal/tui/model.go:510.3,510.17 1 1
github.com/bladeacer/ocd/internal/tui/model.go:510.17,512.4 1 1
github.com/bladeacer/ocd/internal/tui/model.go:513.3,513.15 1 1
github.com/bladeacer/ocd/internal/tui/model.go:513.15,515.4 1 1
github.com/bladeacer/ocd/internal/tui/model.go:517.2,517.10 1 1
github.com/bladeacer/ocd/internal/tui/model.go:520.38,521.37 1 1
github.com/bladeacer/ocd/internal/tui/model.go:521.37,523.3 1 1
github.com/bladeacer/ocd/internal/tui/model.go:524.2,524.16 1 1
github.com/bladeacer/ocd/internal/tui/model.go:525.22,526.11 1 1
github.com/bladeacer/ocd/internal/tui/model.go:527.19,528.11 1 1
github.com/bladeacer/ocd/internal/tui/model.go:529.24,530.11 1 1
github.com/bladeacer/ocd/internal/tui/model.go:532.2,532.10 1 1
github.com/bladeacer/ocd/internal/tui/model.go:535.35,536.13 1 1
github.com/bladeacer/ocd/internal/tui/model.go:536.13,538.3 1 1
github.com/bladeacer/ocd/internal/tui/model.go:539.2,539.16 1 1
github.com/bladeacer/ocd/internal/tui/pickermodel.go:47.61,77.2 8 1
github.com/bladeacer/ocd/internal/tui/pickermodel.go:79.38,81.2 1 1
github.com/bladeacer/ocd/internal/tui/pickermodel.go:83.42,86.2 2 0
github.com/bladeacer/ocd/internal/tui/pickermodel.go:88.64,89.27 1 0
github.com/bladeacer/ocd/internal/tui/pickermodel.go:90.21,92.30 2 0
github.com/bladeacer/ocd/internal/tui/pickermodel.go:92.30,95.4 2 0
github.com/bladeacer/ocd/internal/tui/pickermodel.go:96.3,98.16 3 0
github.com/bladeacer/ocd/internal/tui/pickermodel.go:100.32,103.16 3 0
github.com/bladeacer/ocd/internal/tui/pickermodel.go:105.18,106.38 1 0
github.com/bladeacer/ocd/internal/tui/pickermodel.go:106.38,107.55 1 0
github.com/bladeacer/ocd/internal/tui/pickermodel.go:107.55,110.5 2 0
github.com/bladeacer/ocd/internal/tui/pickermodel.go:111.4,111.17 1 0
github.com/bladeacer/ocd/internal/tui/pickermodel.go:114.3,114.26 1 0
github.com/bladeacer/ocd/internal/tui/pickermodel.go:117.2,117.15 1 0
github.com/bladeacer/ocd/internal/tui/pickermodel.go:120.70,121.18 1 1
github.com/bladeacer/ocd/internal/tui/pickermodel.go:121.18,123.3 1 0
github.com/bladeacer/ocd/internal/tui/pickermodel.go:125.2,127.16 2 1
github.com/bladeacer/ocd/internal/tui/pickermodel.go:127.16,130.3 2 1
github.com/bladeacer/ocd/internal/tui/pickermodel.go:132.2,132.13 1 1
github.com/bladeacer/ocd/internal/tui/pickermodel.go:133.21,135.21 2 0
github.com/bladeacer/ocd/internal/tui/pickermodel.go:136.17,138.16 2 1
github.com/bladeacer/ocd/internal/tui/pickermodel.go:139.11,143.16 4 1
github.com/bladeacer/ocd/internal/tui/pickermodel.go:144.16,145.27 1 1
github.com/bladeacer/ocd/internal/tui/pickermodel.go:146.11,148.18 2 1
github.com/bladeacer/ocd/internal/tui/pickermodel.go:149.11,151.18 2 1
github.com/bladeacer/ocd/internal/tui/pickermodel.go:152.11,154.16 2 1
github.com/bladeacer/ocd/internal/tui/pickermodel.go:157.2,159.15 3 1
github.com/bladeacer/ocd/internal/tui/pickermodel.go:162.76,163.22 1 1
github.com/bladeacer/ocd/internal/tui/pickermodel.go:164.27,170.16 6 1
github.com/bladeacer/ocd/internal/tui/pickermodel.go:171.24,176.16 5 1
github.com/bladeacer/ocd/internal/tui/pickermodel.go:177.20,179.19 2 1
github.com/bladeacer/ocd/internal/tui/pickermodel.go:179.19,181.4 1 1
github.com/bladeacer/ocd/internal/tui/pickermodel.go:182.3,184.16 3 1
github.com/bladeacer/ocd/internal/tui/pickermodel.go:185.11,192.16 7 1
github.com/bladeacer/ocd/internal/tui/pickermodel.go:195.2,195.28 1 1
github.com/bladeacer/ocd/internal/tui/pickermodel.go:195.28,200.3 4 1
github.com/bladeacer/ocd/internal/tui/pickermodel.go:202.2,202.15 1 0
github.com/bladeacer/ocd/internal/tui/pickermodel.go:205.60,207.16 2 1
github.com/bladeacer/ocd/internal/tui/pickermodel.go:207.16,209.3 1 1
github.com/bladeacer/ocd/internal/tui/pickermodel.go:210.2,211.29 2 1
github.com/bladeacer/ocd/internal/tui/pickermodel.go:211.29,217.3 5 1
github.com/bladeacer/ocd/internal/tui/pickermodel.go:217.8,221.3 3 1
github.com/bladeacer/ocd/internal/tui/pickermodel.go:222.2,222.15 1 1
github.com/bladeacer/ocd/internal/tui/pickermodel.go:225.35,227.38 2 1
github.com/bladeacer/ocd/internal/tui/pickermodel.go:227.38,232.3 1 1
github.com/bladeacer/ocd/internal/tui/pickermodel.go:234.2,236.37 3 1
github.com/bladeacer/ocd/internal/tui/pickermodel.go:236.37,238.3 1 1
github.com/bladeacer/ocd/internal/tui/pickermodel.go:240.2,240.24 1 1
github.com/bladeacer/ocd/internal/tui/pickermodel.go:240.24,241.58 1 1
github.com/bladeacer/ocd/internal/tui/pickermodel.go:241.58,242.12 1 1
github.com/bladeacer/ocd/internal/tui/pickermodel.go:244.3,245.21 2 1
github.com/bladeacer/ocd/internal/tui/pickermodel.go:245.21,247.4 1 0
github.com/bladeacer/ocd/internal/tui/pickermodel.go:249.3,250.31 2 1
github.com/bladeacer/ocd/internal/tui/pickermodel.go:250.31,251.28 1 1
github.com/bladeacer/ocd/internal/tui/pickermodel.go:251.28,253.5 1 1
github.com/bladeacer/ocd/internal/tui/pickermodel.go:253.10,255.5 1 1
github.com/bladeacer/ocd/internal/tui/pickermodel.go:258.3,259.16 2 1
github.com/bladeacer/ocd/internal/tui/pickermodel.go:259.16,261.4 1 1
github.com/bladeacer/ocd/internal/tui/pickermodel.go:261.9,263.4 1 1
github.com/bladeacer/ocd/internal/tui/pickermodel.go:265.3,271.5 1 1
github.com/bladeacer/ocd/internal/tui/pickermodel.go:273.2,273.15 1 1
github.com/bladeacer/ocd/internal/tui/pickermodel.go:276.57,279.2 2 1
github.com/bladeacer/ocd/internal/tui/pickermodel.go:281.37,284.29 2 1
github.com/bladeacer/ocd/internal/tui/pickermodel.go:284.29,285.43 1 1
github.com/bladeacer/ocd/internal/tui/pickermodel.go:285.43,286.12 1 1
github.com/bladeacer/ocd/internal/tui/pickermodel.go:288.3,288.44 1 1
github.com/bladeacer/ocd/internal/tui/pickermodel.go:288.44,290.35 2 1
github.com/bladeacer/ocd/internal/tui/pickermodel.go:290.35,291.28 1 1
github.com/bladeacer/ocd/internal/tui/pickermodel.go:291.28,293.11 2 1
github.com/bladeacer/ocd/internal/tui/pickermodel.go:296.4,296.15 1 1
github.com/bladeacer/ocd/internal/tui/pickermodel.go:296.15,297.13 1 1
github.com/bladeacer/ocd/internal/tui/pickermodel.go:300.3,300.22 1 1
github.com/bladeacer/ocd/internal/tui/pickermodel.go:300.22,302.63 2 1
github.com/bladeacer/ocd/internal/tui/pickermodel.go:302.63,303.13 1 0
github.com/bladeacer/ocd/internal/tui/pickermodel.go:306.3,306.35 1 1
github.com/bladeacer/ocd/internal/tui/pickermodel.go:309.2,309.49 1 1
github.com/bladeacer/ocd/internal/tui/pickermodel.go:309.49,312.19 3 1
github.com/bladeacer/ocd/internal/tui/pickermodel.go:312.19,314.4 1 0
github.com/bladeacer/ocd/internal/tui/pickermodel.go:315.3,318.8 1 1
github.com/bladeacer/ocd/internal/tui/pickermodel.go:321.2,321.25 1 1
github.com/bladeacer/ocd/internal/tui/pickermodel.go:324.37,325.18 1 1
github.com/bladeacer/ocd/internal/tui/pickermodel.go:325.18,327.3 1 1
github.com/bladeacer/ocd/internal/tui/pickermodel.go:328.2,328.21 1 1
github.com/bladeacer/ocd/internal/tui/pickermodel.go:328.21,330.3 1 1
github.com/bladeacer/ocd/internal/tui/pickermodel.go:332.2,332.16 1 1
github.com/bladeacer/ocd/internal/tui/pickermodel.go:332.16,347.3 4 1
github.com/bladeacer/ocd/internal/tui/pickermodel.go:349.2,350.30 2 0
github.com/bladeacer/ocd/internal/tui/pickermodel.go:350.30,352.3 1 0
github.com/bladeacer/ocd/internal/tui/pickermodel.go:354.2,355.18 2 0
github.com/bladeacer/ocd/internal/tui/pickermodel.go:355.18,357.3 1 0
github.com/bladeacer/ocd/internal/tui/pickermodel.go:359.2,366.92 3 0
github.com/bladeacer/ocd/internal/tui/pickermodel.go:369.75,373.16 4 0
github.com/bladeacer/ocd/internal/tui/pickermodel.go:373.16,375.3 1 0
github.com/bladeacer/ocd/internal/tui/pickermodel.go:376.2,377.25 2 0
github.com/bladeacer/ocd/internal/tui/pickermodel.go:377.25,379.3 1 0
github.com/bladeacer/ocd/internal/tui/pickermodel.go:380.2,380.47 1 0
github.com/bladeacer/ocd/internal/tui/spinner.go:18.55,27.2 4 1
github.com/bladeacer/ocd/internal/tui/spinner.go:29.39,31.2 1 1
github.com/bladeacer/ocd/internal/tui/spinner.go:33.45,36.2 2 1
github.com/bladeacer/ocd/internal/tui/spinner.go:38.69,39.27 1 1
github.com/bladeacer/ocd/internal/tui/spinner.go:40.15,42.37 2 1
github.com/bladeacer/ocd/internal/tui/spinner.go:42.37,44.4 1 1
github.com/bladeacer/ocd/internal/tui/spinner.go:45.3,45.25 1 1
github.com/bladeacer/ocd/internal/tui/spinner.go:46.23,49.16 3 1
github.com/bladeacer/ocd/internal/tui/spinner.go:51.2,51.15 1 0
github.com/bladeacer/ocd/internal/tui/spinner.go:54.38,58.2 3 1
github.com/bladeacer/ocd/internal/tui/spinner.go:60.39,62.2 1 1
github.com/bladeacer/ocd/internal/tui/styles.go:42.33,54.2 4 1
github.com/bladeacer/ocd/internal/tui/view.go:17.31,18.17 1 1
github.com/bladeacer/ocd/internal/tui/view.go:19.20,20.25 1 1
github.com/bladeacer/ocd/internal/tui/view.go:21.31,22.30 1 1
github.com/bladeacer/ocd/internal/tui/view.go:23.20,24.25 1 1
github.com/bladeacer/ocd/internal/tui/view.go:26.2,26.11 1 0
github.com/bladeacer/ocd/internal/tui/view.go:29.38,30.18 1 1
github.com/bladeacer/ocd/internal/tui/view.go:30.18,32.3 1 1
github.com/bladeacer/ocd/internal/tui/view.go:34.2,37.84 3 1
github.com/bladeacer/ocd/internal/tui/view.go:40.43,41.16 1 1
github.com/bladeacer/ocd/internal/tui/view.go:41.16,43.3 1 0
github.com/bladeacer/ocd/internal/tui/view.go:45.2,49.28 3 1
github.com/bladeacer/ocd/internal/tui/view.go:49.28,51.3 1 1
github.com/bladeacer/ocd/internal/tui/view.go:53.2,58.19 4 1
github.com/bladeacer/ocd/internal/tui/view.go:61.45,79.16 5 1
github.com/bladeacer/ocd/internal/tui/view.go:79.16,81.3 1 1
github.com/bladeacer/ocd/internal/tui/view.go:82.2,83.13 2 1
github.com/bladeacer/ocd/internal/tui/view.go:83.13,85.3 1 0
github.com/bladeacer/ocd/internal/tui/view.go:86.2,87.26 2 1
github.com/bladeacer/ocd/internal/tui/view.go:90.37,102.2 4 1
github.com/bladeacer/ocd/internal/tui/view.go:104.50,105.12 1 1
github.com/bladeacer/ocd/internal/tui/view.go:105.12,107.3 1 1
github.com/bladeacer/ocd/internal/tui/view.go:108.2,108.53 1 1
github.com/bladeacer/ocd/internal/tui/view.go:111.38,119.2 3 1
