mode: set
github.com/bladeacer/ocd/main.go:19.2,28.1 8 0
github.com/bladeacer/ocd/main.go:30.2,36.1 8 0
github.com/bladeacer/ocd/main.go:37.2,37.39 8 0
github.com/bladeacer/ocd/main.go:38.3,40.1 2 0
github.com/bladeacer/ocd/main.go:19.2,28.1 8 0
github.com/bladeacer/ocd/main.go:30.2,36.1 8 0
github.com/bladeacer/ocd/main.go:37.2,37.39 8 0
github.com/bladeacer/ocd/main.go:38.3,40.1 2 0
github.com/bladeacer/ocd/cmd/check.go:15.2,18.1 4 0
github.com/bladeacer/ocd/cmd/check.go:19.2,36.55 4 0
github.com/bladeacer/ocd/cmd/check.go:37.4,39.1 4 0
github.com/bladeacer/ocd/cmd/check.go:40.4,41.21 4 0
github.com/bladeacer/ocd/cmd/check.go:42.5,43.1 1 0
github.com/bladeacer/ocd/cmd/check.go:46.4,46.45 1 0
github.com/bladeacer/ocd/cmd/check.go:47.5,48.1 1 0
github.com/bladeacer/ocd/cmd/check.go:49.4,49.20 1 0
github.com/bladeacer/ocd/cmd/check.go:50.5,51.1 1 0
github.com/bladeacer/ocd/cmd/check.go:52.4,52.20 1 0
github.com/bladeacer/ocd/cmd/check.go:53.5,54.1 1 0
github.com/bladeacer/ocd/cmd/check.go:56.4,56.48 1 0
github.com/bladeacer/ocd/cmd/check.go:57.5,58.1 1 0
github.com/bladeacer/ocd/cmd/check.go:60.4,61.18 2 0
github.com/bladeacer/ocd/cmd/check.go:62.5,63.1 1 0
github.com/bladeacer/ocd/cmd/check.go:64.4,65.18 2 0
github.com/bladeacer/ocd/cmd/check.go:66.5,67.1 1 0
github.com/bladeacer/ocd/cmd/check.go:69.4,71.18 3 0
github.com/bladeacer/ocd/cmd/check.go:72.5,73.1 1 0
github.com/bladeacer/ocd/cmd/check.go:75.4,76.1 2 0
github.com/bladeacer/ocd/cmd/check.go:77.4,77.15 2 0
github.com/bladeacer/ocd/cmd/check.go:78.5,79.1 1 0
github.com/bladeacer/ocd/cmd/check.go:82.4,82.20 1 0
github.com/bladeacer/ocd/cmd/check.go:83.5,84.21 2 0
github.com/bladeacer/ocd/cmd/check.go:85.6,86.1 1 0
github.com/bladeacer/ocd/cmd/check.go:87.6,88.1 1 0
github.com/bladeacer/ocd/cmd/check.go:91.4,92.60 2 0
github.com/bladeacer/ocd/cmd/check.go:93.5,94.1 1 0
github.com/bladeacer/ocd/cmd/check.go:95.4,95.18 1 0
github.com/bladeacer/ocd/cmd/check.go:96.5,97.1 1 0
github.com/bladeacer/ocd/cmd/check.go:98.4,99.1 2 0
github.com/bladeacer/ocd/cmd/check.go:100.4,100.14 2 0
github.com/bladeacer/ocd/cmd/check.go:104.2,107.12 4 0
github.com/bladeacer/ocd/cmd/check.go:111.2,111.52 1 0
github.com/bladeacer/ocd/cmd/check.go:113.3,113.25 1 0
github.com/bladeacer/ocd/cmd/check.go:115.3,115.25 1 0
github.com/bladeacer/ocd/cmd/check.go:117.3,117.25 1 0
github.com/bladeacer/ocd/cmd/clean.go:15.2,25.55 1 0
github.com/bladeacer/ocd/cmd/clean.go:26.4,26.22 1 0
github.com/bladeacer/ocd/cmd/clean.go:27.5,29.45 3 0
github.com/bladeacer/ocd/cmd/clean.go:30.6,31.1 1 0
github.com/bladeacer/ocd/cmd/clean.go:32.5,33.15 2 0
github.com/bladeacer/ocd/cmd/clean.go:36.4,37.18 2 0
github.com/bladeacer/ocd/cmd/clean.go:38.5,39.1 1 0
github.com/bladeacer/ocd/cmd/clean.go:40.4,40.36 1 0
github.com/bladeacer/ocd/cmd/clean.go:41.5,42.1 1 0
github.com/bladeacer/ocd/cmd/clean.go:43.4,43.62 1 0
github.com/bladeacer/ocd/cmd/clean.go:44.5,45.1 1 0
github.com/bladeacer/ocd/cmd/clean.go:46.4,47.14 2 0
github.com/bladeacer/ocd/cmd/clean.go:51.2,51.12 1 0
github.com/bladeacer/ocd/cmd/diff.go:19.2,20.22 2 0
github.com/bladeacer/ocd/cmd/diff.go:21.3,22.1 1 0
github.com/bladeacer/ocd/cmd/diff.go:26.2,26.52 1 0
github.com/bladeacer/ocd/cmd/diff.go:28.3,28.25 1 0
github.com/bladeacer/ocd/cmd/diff.go:30.3,30.25 1 0
github.com/bladeacer/ocd/cmd/diff.go:32.3,32.25 1 0
github.com/bladeacer/ocd/cmd/diff.go:37.2,38.38 2 0
github.com/bladeacer/ocd/cmd/diff.go:39.3,40.1 1 0
github.com/bladeacer/ocd/cmd/diff.go:41.2,43.12 3 0
github.com/bladeacer/ocd/cmd/diff.go:47.2,52.1 6 0
github.com/bladeacer/ocd/cmd/diff.go:53.2,71.55 6 0
github.com/bladeacer/ocd/cmd/diff.go:72.4,73.21 2 0
github.com/bladeacer/ocd/cmd/diff.go:74.5,75.1 1 0
github.com/bladeacer/ocd/cmd/diff.go:77.4,77.55 1 0
github.com/bladeacer/ocd/cmd/diff.go:78.5,79.1 1 0
github.com/bladeacer/ocd/cmd/diff.go:80.4,80.67 1 0
github.com/bladeacer/ocd/cmd/diff.go:81.5,82.1 1 0
github.com/bladeacer/ocd/cmd/diff.go:83.4,83.64 1 0
github.com/bladeacer/ocd/cmd/diff.go:84.5,85.1 1 0
github.com/bladeacer/ocd/cmd/diff.go:86.4,86.55 1 0
github.com/bladeacer/ocd/cmd/diff.go:87.5,88.1 1 0
github.com/bladeacer/ocd/cmd/diff.go:89.4,89.61 1 0
github.com/bladeacer/ocd/cmd/diff.go:90.5,91.1 1 0
github.com/bladeacer/ocd/cmd/diff.go:93.4,94.1 2 0
github.com/bladeacer/ocd/cmd/diff.go:95.4,95.22 2 0
github.com/bladeacer/ocd/cmd/diff.go:96.5,98.1 2 0
github.com/bladeacer/ocd/cmd/diff.go:98.11,98.44 1 0
github.com/bladeacer/ocd/cmd/diff.go:99.5,100.19 2 0
github.com/bladeacer/ocd/cmd/diff.go:101.6,102.1 1 0
github.com/bladeacer/ocd/cmd/diff.go:103.5,104.1 3 0
github.com/bladeacer/ocd/cmd/diff.go:105.5,106.19 3 0
github.com/bladeacer/ocd/cmd/diff.go:107.6,108.1 1 0
github.com/bladeacer/ocd/cmd/diff.go:109.5,109.41 1 0
github.com/bladeacer/ocd/cmd/diff.go:110.6,112.1 2 0
github.com/bladeacer/ocd/cmd/diff.go:114.5,115.1 1 0
github.com/bladeacer/ocd/cmd/diff.go:117.4,117.46 1 0
github.com/bladeacer/ocd/cmd/diff.go:118.5,119.1 1 0
github.com/bladeacer/ocd/cmd/diff.go:120.4,120.46 1 0
github.com/bladeacer/ocd/cmd/diff.go:121.5,122.1 1 0
github.com/bladeacer/ocd/cmd/diff.go:124.4,125.27 2 0
github.com/bladeacer/ocd/cmd/diff.go:126.5,127.1 1 0
github.com/bladeacer/ocd/cmd/diff.go:129.4,129.12 1 0
github.com/bladeacer/ocd/cmd/diff.go:130.5,135.25 6 0
github.com/bladeacer/ocd/cmd/diff.go:136.6,137.22 2 0
github.com/bladeacer/ocd/cmd/diff.go:138.7,139.1 1 0
github.com/bladeacer/ocd/cmd/diff.go:140.7,141.1 1 0
github.com/bladeacer/ocd/cmd/diff.go:143.5,144.61 2 0
github.com/bladeacer/ocd/cmd/diff.go:145.6,146.1 1 0
github.com/bladeacer/ocd/cmd/diff.go:147.5,147.19 1 0
github.com/bladeacer/ocd/cmd/diff.go:148.6,149.1 1 0
github.com/bladeacer/ocd/cmd/diff.go:150.5,151.15 2 0
github.com/bladeacer/ocd/cmd/diff.go:154.4,154.50 1 0
github.com/bladeacer/ocd/cmd/diff.go:158.2,163.12 6 0
github.com/bladeacer/ocd/cmd/extract.go:14.2,15.1 2 0
github.com/bladeacer/ocd/cmd/extract.go:16.2,28.55 2 0
github.com/bladeacer/ocd/cmd/extract.go:29.4,29.22 1 0
github.com/bladeacer/ocd/cmd/extract.go:30.5,31.23 2 0
github.com/bladeacer/ocd/cmd/extract.go:32.6,33.1 1 0
github.com/bladeacer/ocd/cmd/extract.go:34.6,35.1 1 0
github.com/bladeacer/ocd/cmd/extract.go:36.5,37.19 2 0
github.com/bladeacer/ocd/cmd/extract.go:38.6,39.1 1 0
github.com/bladeacer/ocd/cmd/extract.go:40.5,41.15 2 0
github.com/bladeacer/ocd/cmd/extract.go:44.4,44.22 1 0
github.com/bladeacer/ocd/cmd/extract.go:45.5,46.1 1 0
github.com/bladeacer/ocd/cmd/extract.go:47.4,49.18 3 0
github.com/bladeacer/ocd/cmd/extract.go:50.5,51.1 1 0
github.com/bladeacer/ocd/cmd/extract.go:52.4,53.14 2 0
github.com/bladeacer/ocd/cmd/extract.go:57.2,58.12 2 0
github.com/bladeacer/ocd/cmd/interact.go:15.2,16.1 2 0
github.com/bladeacer/ocd/cmd/interact.go:17.2,23.55 2 0
github.com/bladeacer/ocd/cmd/interact.go:24.4,25.18 2 0
github.com/bladeacer/ocd/cmd/interact.go:26.5,27.1 1 0
github.com/bladeacer/ocd/cmd/interact.go:28.4,29.1 4 0
github.com/bladeacer/ocd/cmd/interact.go:30.4,32.18 4 0
github.com/bladeacer/ocd/cmd/interact.go:33.5,34.1 1 0
github.com/bladeacer/ocd/cmd/interact.go:35.4,35.30 1 0
github.com/bladeacer/ocd/cmd/interact.go:36.5,38.1 2 0
github.com/bladeacer/ocd/cmd/interact.go:40.4,42.18 3 0
github.com/bladeacer/ocd/cmd/interact.go:43.5,44.1 1 0
github.com/bladeacer/ocd/cmd/interact.go:45.4,46.14 2 0
github.com/bladeacer/ocd/cmd/interact.go:50.2,51.12 2 0
github.com/bladeacer/ocd/cmd/stat.go:15.2,17.1 3 0
github.com/bladeacer/ocd/cmd/stat.go:18.2,33.55 3 0
github.com/bladeacer/ocd/cmd/stat.go:34.4,35.21 2 0
github.com/bladeacer/ocd/cmd/stat.go:36.5,37.1 1 0
github.com/bladeacer/ocd/cmd/stat.go:39.4,39.62 1 0
github.com/bladeacer/ocd/cmd/stat.go:40.5,41.1 1 0
github.com/bladeacer/ocd/cmd/stat.go:42.4,42.59 1 0
github.com/bladeacer/ocd/cmd/stat.go:43.5,44.1 1 0
github.com/bladeacer/ocd/cmd/stat.go:46.4,47.1 3 0
github.com/bladeacer/ocd/cmd/stat.go:48.4,49.18 3 0
github.com/bladeacer/ocd/cmd/stat.go:50.5,51.1 1 0
github.com/bladeacer/ocd/cmd/stat.go:52.4,53.18 2 0
github.com/bladeacer/ocd/cmd/stat.go:54.5,55.1 1 0
github.com/bladeacer/ocd/cmd/stat.go:57.4,59.1 5 0
github.com/bladeacer/ocd/cmd/stat.go:60.4,61.1 5 0
github.com/bladeacer/ocd/cmd/stat.go:62.4,63.24 5 0
github.com/bladeacer/ocd/cmd/stat.go:64.5,65.21 2 0
github.com/bladeacer/ocd/cmd/stat.go:66.6,67.1 1 0
github.com/bladeacer/ocd/cmd/stat.go:68.6,69.1 1 0
github.com/bladeacer/ocd/cmd/stat.go:71.4,72.60 2 0
github.com/bladeacer/ocd/cmd/stat.go:73.5,74.1 1 0
github.com/bladeacer/ocd/cmd/stat.go:75.4,75.18 1 0
github.com/bladeacer/ocd/cmd/stat.go:76.5,77.1 1 0
github.com/bladeacer/ocd/cmd/stat.go:78.4,79.14 2 0
github.com/bladeacer/ocd/cmd/stat.go:83.2,85.12 3 0
github.com/bladeacer/ocd/cmd/stat.go:89.2,89.52 1 0
github.com/bladeacer/ocd/cmd/stat.go:91.3,91.25 1 0
github.com/bladeacer/ocd/cmd/stat.go:93.3,93.25 1 0
github.com/bladeacer/ocd/cmd/stat.go:95.3,95.25 1 0
github.com/bladeacer/ocd/internal/cache/cache.go:29.2,32.1 2 0
github.com/bladeacer/ocd/internal/cache/cache.go:33.2,33.49 2 0
github.com/bladeacer/ocd/internal/cache/cache.go:34.3,35.1 1 0
github.com/bladeacer/ocd/internal/cache/cache.go:36.2,36.15 1 0
github.com/bladeacer/ocd/internal/cache/cache.go:40.2,41.1 1 0
github.com/bladeacer/ocd/internal/cache/cache.go:44.2,46.16 3 0
github.com/bladeacer/ocd/internal/cache/cache.go:47.3,47.25 1 0
github.com/bladeacer/ocd/internal/cache/cache.go:48.4,49.1 1 0
github.com/bladeacer/ocd/internal/cache/cache.go:50.3,50.13 1 0
github.com/bladeacer/ocd/internal/cache/cache.go:52.2,53.53 2 0
github.com/bladeacer/ocd/internal/cache/cache.go:54.3,55.1 1 0
github.com/bladeacer/ocd/internal/cache/cache.go:56.2,56.54 1 0
github.com/bladeacer/ocd/internal/cache/cache.go:57.3,58.1 1 0
github.com/bladeacer/ocd/internal/cache/cache.go:59.2,59.38 1 0
github.com/bladeacer/ocd/internal/cache/cache.go:63.2,65.16 3 0
github.com/bladeacer/ocd/internal/cache/cache.go:66.3,67.1 1 0
github.com/bladeacer/ocd/internal/cache/cache.go:68.2,71.1 3 0
github.com/bladeacer/ocd/internal/cache/cache.go:72.2,73.16 3 0
github.com/bladeacer/ocd/internal/cache/cache.go:74.3,75.1 1 0
github.com/bladeacer/ocd/internal/cache/cache.go:76.2,76.35 1 0
github.com/bladeacer/ocd/internal/cache/cache.go:80.2,82.24 3 0
github.com/bladeacer/ocd/internal/cache/cache.go:83.3,84.1 1 0
github.com/bladeacer/ocd/internal/cache/cache.go:85.2,85.12 1 0
github.com/bladeacer/ocd/internal/cache/cache.go:89.2,90.16 2 0
github.com/bladeacer/ocd/internal/cache/cache.go:91.3,91.25 1 0
github.com/bladeacer/ocd/internal/cache/cache.go:92.4,93.1 1 0
github.com/bladeacer/ocd/internal/cache/cache.go:94.3,94.13 1 0
github.com/bladeacer/ocd/internal/cache/cache.go:96.2,96.15 1 0
github.com/bladeacer/ocd/internal/cache/cache.go:96.17,96.32 1 0
github.com/bladeacer/ocd/internal/cache/cache.go:97.2,98.16 2 0
github.com/bladeacer/ocd/internal/cache/cache.go:99.3,100.1 1 0
github.com/bladeacer/ocd/internal/cache/cache.go:101.2,101.29 1 0
github.com/bladeacer/ocd/internal/cache/cache.go:102.3,102.63 1 0
github.com/bladeacer/ocd/internal/cache/cache.go:103.4,104.1 1 0
github.com/bladeacer/ocd/internal/cache/cache.go:106.2,106.12 1 0
github.com/bladeacer/ocd/internal/config/config.go:90.2,91.1 1 0
github.com/bladeacer/ocd/internal/config/config.go:96.2,97.16 2 0
github.com/bladeacer/ocd/internal/config/config.go:98.3,99.1 1 0
github.com/bladeacer/ocd/internal/config/config.go:101.2,102.16 2 0
github.com/bladeacer/ocd/internal/config/config.go:103.3,104.1 1 0
github.com/bladeacer/ocd/internal/config/config.go:106.2,107.1 2 0
github.com/bladeacer/ocd/internal/config/config.go:111.2,111.42 2 0
github.com/bladeacer/ocd/internal/config/config.go:117.2,118.16 2 0
github.com/bladeacer/ocd/internal/config/config.go:119.3,120.17 2 0
github.com/bladeacer/ocd/internal/config/config.go:121.4,122.1 1 0
github.com/bladeacer/ocd/internal/config/config.go:123.3,123.40 1 0
github.com/bladeacer/ocd/internal/config/config.go:125.2,125.55 1 0
github.com/bladeacer/ocd/internal/config/config.go:129.2,130.26 2 0
github.com/bladeacer/ocd/internal/config/config.go:131.3,131.14 1 0
github.com/bladeacer/ocd/internal/config/config.go:132.4,132.12 1 0
github.com/bladeacer/ocd/internal/config/config.go:134.3,134.39 1 0
github.com/bladeacer/ocd/internal/config/config.go:135.4,135.26 1 0
github.com/bladeacer/ocd/internal/config/config.go:136.5,136.13 1 0
github.com/bladeacer/ocd/internal/config/config.go:138.4,138.56 1 0
github.com/bladeacer/ocd/internal/config/config.go:140.3,141.51 2 0
github.com/bladeacer/ocd/internal/config/config.go:142.4,143.1 1 0
github.com/bladeacer/ocd/internal/config/config.go:144.3,144.21 1 0
github.com/bladeacer/ocd/internal/config/config.go:146.2,146.17 1 0
github.com/bladeacer/ocd/internal/config/config.go:152.2,152.21 1 0
github.com/bladeacer/ocd/internal/config/config.go:153.3,155.1 2 0
github.com/bladeacer/ocd/internal/config/config.go:156.2,156.26 1 0
github.com/bladeacer/ocd/internal/config/config.go:157.3,158.1 1 0
github.com/bladeacer/ocd/internal/config/config.go:159.2,159.23 1 0
github.com/bladeacer/ocd/internal/config/config.go:160.3,161.1 1 0
github.com/bladeacer/ocd/internal/config/config.go:162.2,162.21 1 0
github.com/bladeacer/ocd/internal/config/config.go:163.3,165.1 2 0
github.com/bladeacer/ocd/internal/config/config.go:166.2,166.24 1 0
github.com/bladeacer/ocd/internal/config/config.go:167.3,169.1 2 0
github.com/bladeacer/ocd/internal/config/config.go:170.2,170.50 1 0
github.com/bladeacer/ocd/internal/config/config.go:171.3,172.1 1 0
github.com/bladeacer/ocd/internal/config/config.go:173.2,173.26 1 0
github.com/bladeacer/ocd/internal/config/config.go:174.3,175.1 1 0
github.com/bladeacer/ocd/internal/config/config.go:176.2,176.23 1 0
github.com/bladeacer/ocd/internal/config/config.go:177.3,178.1 1 0
github.com/bladeacer/ocd/internal/config/config.go:179.2,179.25 1 0
github.com/bladeacer/ocd/internal/config/config.go:180.3,181.1 1 0
github.com/bladeacer/ocd/internal/config/config.go:182.2,182.27 1 0
github.com/bladeacer/ocd/internal/config/config.go:183.3,184.1 1 0
github.com/bladeacer/ocd/internal/config/config.go:185.2,185.24 1 0
github.com/bladeacer/ocd/internal/config/config.go:186.3,187.1 1 0
github.com/bladeacer/ocd/internal/config/config.go:193.2,195.19 3 0
github.com/bladeacer/ocd/internal/config/config.go:196.3,197.1 1 0
github.com/bladeacer/ocd/internal/config/config.go:198.2,198.24 1 0
github.com/bladeacer/ocd/internal/config/config.go:199.3,200.1 1 0
github.com/bladeacer/ocd/internal/config/config.go:201.2,201.21 1 0
github.com/bladeacer/ocd/internal/config/config.go:202.3,203.1 1 0
github.com/bladeacer/ocd/internal/config/config.go:204.2,204.19 1 0
github.com/bladeacer/ocd/internal/config/config.go:205.3,206.1 1 0
github.com/bladeacer/ocd/internal/config/config.go:207.2,207.22 1 0
github.com/bladeacer/ocd/internal/config/config.go:208.3,209.1 1 0
github.com/bladeacer/ocd/internal/config/config.go:210.2,210.48 1 0
github.com/bladeacer/ocd/internal/config/config.go:211.3,212.1 1 0
github.com/bladeacer/ocd/internal/config/config.go:213.2,213.24 1 0
github.com/bladeacer/ocd/internal/config/config.go:214.3,215.1 1 0
github.com/bladeacer/ocd/internal/config/config.go:216.2,216.21 1 0
github.com/bladeacer/ocd/internal/config/config.go:217.3,218.1 1 0
github.com/bladeacer/ocd/internal/config/config.go:219.2,219.23 1 0
github.com/bladeacer/ocd/internal/config/config.go:220.3,221.1 1 0
github.com/bladeacer/ocd/internal/config/config.go:222.2,222.25 1 0
github.com/bladeacer/ocd/internal/config/config.go:223.3,224.1 1 0
github.com/bladeacer/ocd/internal/config/config.go:225.2,225.22 1 0
github.com/bladeacer/ocd/internal/config/config.go:226.3,227.1 1 0
github.com/bladeacer/ocd/internal/config/config.go:228.2,229.19 2 0
github.com/bladeacer/ocd/internal/core/asar.go:32.2,33.16 2 0
github.com/bladeacer/ocd/internal/core/asar.go:34.3,35.1 1 0
github.com/bladeacer/ocd/internal/core/asar.go:36.2,36.15 1 0
github.com/bladeacer/ocd/internal/core/asar.go:36.17,36.32 1 0
github.com/bladeacer/ocd/internal/core/asar.go:38.2,39.47 2 0
github.com/bladeacer/ocd/internal/core/asar.go:40.3,41.1 1 0
github.com/bladeacer/ocd/internal/core/asar.go:43.2,44.71 2 0
github.com/bladeacer/ocd/internal/core/asar.go:45.3,46.1 1 0
github.com/bladeacer/ocd/internal/core/asar.go:47.2,47.51 1 0
github.com/bladeacer/ocd/internal/core/asar.go:48.3,49.1 1 0
github.com/bladeacer/ocd/internal/core/asar.go:51.2,52.51 2 0
github.com/bladeacer/ocd/internal/core/asar.go:53.3,54.1 1 0
github.com/bladeacer/ocd/internal/core/asar.go:56.2,57.57 2 0
github.com/bladeacer/ocd/internal/core/asar.go:58.3,59.1 1 0
github.com/bladeacer/ocd/internal/core/asar.go:61.2,62.9 2 0
github.com/bladeacer/ocd/internal/core/asar.go:63.3,64.1 1 0
github.com/bladeacer/ocd/internal/core/asar.go:66.2,67.67 2 0
github.com/bladeacer/ocd/internal/core/asar.go:68.3,69.1 1 0
github.com/bladeacer/ocd/internal/core/asar.go:71.2,72.1 3 0
github.com/bladeacer/ocd/internal/core/asar.go:73.2,74.16 3 0
github.com/bladeacer/ocd/internal/core/asar.go:75.3,76.1 1 0
github.com/bladeacer/ocd/internal/core/asar.go:77.2,77.15 1 0
github.com/bladeacer/ocd/internal/core/asar.go:77.17,77.34 1 0
github.com/bladeacer/ocd/internal/core/asar.go:79.2,80.49 2 0
github.com/bladeacer/ocd/internal/core/asar.go:81.3,82.1 1 0
github.com/bladeacer/ocd/internal/core/asar.go:84.2,84.12 1 0
github.com/bladeacer/ocd/internal/core/diff.go:17.2,19.1 4 0
github.com/bladeacer/ocd/internal/core/diff.go:20.2,21.16 4 0
github.com/bladeacer/ocd/internal/core/diff.go:22.3,26.1 1 0
github.com/bladeacer/ocd/internal/core/diff.go:29.2,30.16 2 0
github.com/bladeacer/ocd/internal/core/diff.go:31.3,35.1 1 0
github.com/bladeacer/ocd/internal/core/diff.go:38.2,49.1 4 0
github.com/bladeacer/ocd/internal/core/diff.go:50.2,51.49 4 0
github.com/bladeacer/ocd/internal/core/diff.go:52.3,52.67 1 0
github.com/bladeacer/ocd/internal/core/diff.go:53.4,54.9 2 0
github.com/bladeacer/ocd/internal/core/diff.go:58.2,63.1 1 0
github.com/bladeacer/ocd/internal/core/export.go:23.2,24.15 2 0
github.com/bladeacer/ocd/internal/core/export.go:25.3,26.17 2 0
github.com/bladeacer/ocd/internal/core/export.go:27.4,28.1 1 0
github.com/bladeacer/ocd/internal/core/export.go:29.3,29.11 1 0
github.com/bladeacer/ocd/internal/core/export.go:31.2,31.47 1 0
github.com/bladeacer/ocd/internal/core/export.go:32.3,33.1 1 0
github.com/bladeacer/ocd/internal/core/export.go:35.2,37.37 3 0
github.com/bladeacer/ocd/internal/core/export.go:38.3,39.1 1 0
github.com/bladeacer/ocd/internal/core/export.go:41.2,42.16 2 0
github.com/bladeacer/ocd/internal/core/export.go:43.3,44.1 1 0
github.com/bladeacer/ocd/internal/core/export.go:45.2,45.59 1 0
github.com/bladeacer/ocd/internal/core/export.go:46.3,47.1 1 0
github.com/bladeacer/ocd/internal/core/export.go:48.2,48.22 1 0
github.com/bladeacer/ocd/internal/core/export.go:54.2,55.34 2 0
github.com/bladeacer/ocd/internal/core/export.go:56.3,57.17 2 0
github.com/bladeacer/ocd/internal/core/export.go:58.4,59.1 1 0
github.com/bladeacer/ocd/internal/core/export.go:61.2,61.12 1 0
github.com/bladeacer/ocd/internal/core/export.go:65.2,65.52 1 0
github.com/bladeacer/ocd/internal/core/export.go:67.3,67.17 1 0
github.com/bladeacer/ocd/internal/core/export.go:69.3,69.17 1 0
github.com/bladeacer/ocd/internal/core/export.go:71.3,71.17 1 0
github.com/bladeacer/ocd/internal/core/export.go:73.3,73.12 1 0
github.com/bladeacer/ocd/internal/core/extract.go:21.2,23.1 3 0
github.com/bladeacer/ocd/internal/core/extract.go:24.2,24.51 3 0
github.com/bladeacer/ocd/internal/core/extract.go:25.3,26.1 1 0
github.com/bladeacer/ocd/internal/core/extract.go:28.2,29.13 2 0
github.com/bladeacer/ocd/internal/core/extract.go:31.3,31.66 1 0
github.com/bladeacer/ocd/internal/core/extract.go:32.4,33.1 1 0
github.com/bladeacer/ocd/internal/core/extract.go:35.3,35.53 1 0
github.com/bladeacer/ocd/internal/core/extract.go:36.4,37.1 1 0
github.com/bladeacer/ocd/internal/core/extract.go:39.3,39.87 1 0
github.com/bladeacer/ocd/internal/core/extract.go:42.2,42.22 1 0
github.com/bladeacer/ocd/internal/core/extract.go:46.2,47.16 2 0
github.com/bladeacer/ocd/internal/core/extract.go:48.3,49.1 1 0
github.com/bladeacer/ocd/internal/core/extract.go:50.2,50.15 1 0
github.com/bladeacer/ocd/internal/core/extract.go:50.17,50.32 1 0
github.com/bladeacer/ocd/internal/core/extract.go:52.2,53.16 2 0
github.com/bladeacer/ocd/internal/core/extract.go:54.3,55.1 1 0
github.com/bladeacer/ocd/internal/core/extract.go:56.2,56.15 1 0
github.com/bladeacer/ocd/internal/core/extract.go:56.17,56.32 1 0
github.com/bladeacer/ocd/internal/core/extract.go:58.2,59.12 2 0
github.com/bladeacer/ocd/internal/core/extract.go:63.2,65.1 3 0
github.com/bladeacer/ocd/internal/core/extract.go:66.2,66.45 3 0
github.com/bladeacer/ocd/internal/core/extract.go:67.3,68.1 1 0
github.com/bladeacer/ocd/internal/core/extract.go:70.2,70.51 1 0
github.com/bladeacer/ocd/internal/core/extract.go:71.3,72.1 1 0
github.com/bladeacer/ocd/internal/core/extract.go:74.2,75.1 3 0
github.com/bladeacer/ocd/internal/core/extract.go:76.2,77.16 3 0
github.com/bladeacer/ocd/internal/core/extract.go:78.3,79.1 1 0
github.com/bladeacer/ocd/internal/core/extract.go:80.2,80.15 1 0
github.com/bladeacer/ocd/internal/core/extract.go:80.17,80.40 1 0
github.com/bladeacer/ocd/internal/core/extract.go:82.2,82.44 1 0
github.com/bladeacer/ocd/internal/core/extract.go:83.3,84.1 1 0
github.com/bladeacer/ocd/internal/core/extract.go:85.2,85.38 1 0
github.com/bladeacer/ocd/internal/core/extract.go:86.3,87.1 1 0
github.com/bladeacer/ocd/internal/core/extract.go:89.2,90.16 2 0
github.com/bladeacer/ocd/internal/core/extract.go:91.3,92.1 1 0
github.com/bladeacer/ocd/internal/core/extract.go:93.2,93.15 1 0
github.com/bladeacer/ocd/internal/core/extract.go:93.17,93.39 1 0
github.com/bladeacer/ocd/internal/core/extract.go:95.2,96.16 2 0
github.com/bladeacer/ocd/internal/core/extract.go:97.3,98.1 1 0
github.com/bladeacer/ocd/internal/core/extract.go:99.2,100.15 2 0
github.com/bladeacer/ocd/internal/core/extract.go:100.17,100.41 1 0
github.com/bladeacer/ocd/internal/core/extract.go:102.3,102.55 1 0
github.com/bladeacer/ocd/internal/core/extract.go:103.4,105.1 2 0
github.com/bladeacer/ocd/internal/core/extract.go:106.3,107.1 2 0
github.com/bladeacer/ocd/internal/core/extract.go:108.2,108.65 2 0
github.com/bladeacer/ocd/internal/core/extract.go:109.3,110.1 1 0
github.com/bladeacer/ocd/internal/core/extract.go:112.2,112.22 1 0
github.com/bladeacer/ocd/internal/core/tldr.go:55.2,57.18 3 0
github.com/bladeacer/ocd/internal/core/tldr.go:58.3,59.1 1 0
github.com/bladeacer/ocd/internal/core/tldr.go:60.2,60.19 1 0
github.com/bladeacer/ocd/internal/core/tldr.go:61.3,62.1 1 0
github.com/bladeacer/ocd/internal/core/tldr.go:63.2,63.19 1 0
github.com/bladeacer/ocd/internal/core/tldr.go:64.3,65.1 1 0
github.com/bladeacer/ocd/internal/core/tldr.go:66.2,66.19 1 0
github.com/bladeacer/ocd/internal/core/tldr.go:67.3,68.1 1 0
github.com/bladeacer/ocd/internal/core/tldr.go:69.2,69.15 1 0
github.com/bladeacer/ocd/internal/core/tldr.go:73.2,74.46 2 0
github.com/bladeacer/ocd/internal/core/tldr.go:75.3,76.52 2 0
github.com/bladeacer/ocd/internal/core/tldr.go:77.4,78.1 1 0
github.com/bladeacer/ocd/internal/core/tldr.go:79.4,80.1 1 0
github.com/bladeacer/ocd/internal/core/tldr.go:82.2,82.21 1 0
github.com/bladeacer/ocd/internal/core/tldr.go:83.3,84.1 1 0
github.com/bladeacer/ocd/internal/core/tldr.go:85.2,85.24 1 0
github.com/bladeacer/ocd/internal/core/tldr.go:89.2,90.50 2 0
github.com/bladeacer/ocd/internal/core/tldr.go:91.3,93.1 2 0
github.com/bladeacer/ocd/internal/core/tldr.go:94.2,94.42 1 0
github.com/bladeacer/ocd/internal/core/tldr.go:95.3,96.1 1 0
github.com/bladeacer/ocd/internal/core/tldr.go:97.2,97.42 1 0
github.com/bladeacer/ocd/internal/core/tldr.go:98.3,99.1 1 0
github.com/bladeacer/ocd/internal/core/tldr.go:100.2,100.44 1 0
github.com/bladeacer/ocd/internal/core/tldr.go:101.3,102.1 1 0
github.com/bladeacer/ocd/internal/core/tldr.go:103.2,103.57 1 0
github.com/bladeacer/ocd/internal/core/tldr.go:104.3,104.10 1 0
github.com/bladeacer/ocd/internal/core/tldr.go:106.4,106.21 1 0
github.com/bladeacer/ocd/internal/core/tldr.go:108.4,108.19 1 0
github.com/bladeacer/ocd/internal/core/tldr.go:110.4,110.19 1 0
github.com/bladeacer/ocd/internal/core/tldr.go:112.4,112.19 1 0
github.com/bladeacer/ocd/internal/core/tldr.go:114.4,114.23 1 0
github.com/bladeacer/ocd/internal/core/tldr.go:117.2,117.15 1 0
github.com/bladeacer/ocd/internal/core/tldr.go:121.2,122.15 2 0
github.com/bladeacer/ocd/internal/core/tldr.go:123.3,124.1 1 0
github.com/bladeacer/ocd/internal/core/tldr.go:125.2,127.48 3 0
github.com/bladeacer/ocd/internal/core/tldr.go:128.3,130.1 2 0
github.com/bladeacer/ocd/internal/core/tldr.go:131.2,131.30 1 0
github.com/bladeacer/ocd/internal/core/tldr.go:132.3,133.1 1 0
github.com/bladeacer/ocd/internal/core/tldr.go:134.2,135.10 2 0
github.com/bladeacer/ocd/internal/core/tldr.go:139.2,140.16 2 0
github.com/bladeacer/ocd/internal/core/tldr.go:141.3,142.1 1 0
github.com/bladeacer/ocd/internal/core/tldr.go:144.2,147.1 4 0
github.com/bladeacer/ocd/internal/core/tldr.go:148.2,148.49 4 0
github.com/bladeacer/ocd/internal/core/tldr.go:149.3,149.70 1 0
github.com/bladeacer/ocd/internal/core/tldr.go:150.4,153.1 3 0
github.com/bladeacer/ocd/internal/core/tldr.go:153.10,153.77 1 0
github.com/bladeacer/ocd/internal/core/tldr.go:154.4,157.1 3 0
github.com/bladeacer/ocd/internal/core/tldr.go:157.10,157.114 1 0
github.com/bladeacer/ocd/internal/core/tldr.go:158.4,158.47 1 0
github.com/bladeacer/ocd/internal/core/tldr.go:159.5,160.1 1 0
github.com/bladeacer/ocd/internal/core/tldr.go:164.2,164.38 1 0
github.com/bladeacer/ocd/internal/core/tldr.go:165.3,165.42 1 0
github.com/bladeacer/ocd/internal/core/tldr.go:166.4,166.24 1 0
github.com/bladeacer/ocd/internal/core/tldr.go:167.5,172.1 1 0
github.com/bladeacer/ocd/internal/core/tldr.go:174.4,175.1 1 0
github.com/bladeacer/ocd/internal/core/tldr.go:177.2,177.32 1 0
github.com/bladeacer/ocd/internal/core/tldr.go:178.3,178.36 1 0
github.com/bladeacer/ocd/internal/core/tldr.go:179.4,180.1 1 0
github.com/bladeacer/ocd/internal/core/tldr.go:183.2,185.10 3 0
github.com/bladeacer/ocd/internal/core/tldr.go:189.2,189.48 1 0
github.com/bladeacer/ocd/internal/core/tldr.go:190.3,195.17 6 0
github.com/bladeacer/ocd/internal/core/tldr.go:197.4,197.52 1 0
github.com/bladeacer/ocd/internal/core/tldr.go:199.4,199.56 1 0
github.com/bladeacer/ocd/internal/core/tldr.go:203.2,203.60 1 0
github.com/bladeacer/ocd/internal/core/tldr.go:204.3,204.31 1 0
github.com/bladeacer/ocd/internal/core/tldr.go:205.4,206.18 2 0
github.com/bladeacer/ocd/internal/core/tldr.go:208.5,208.29 1 0
github.com/bladeacer/ocd/internal/core/tldr.go:210.5,210.31 1 0
github.com/bladeacer/ocd/internal/core/tldr.go:215.2,215.38 1 0
github.com/bladeacer/ocd/internal/core/tldr.go:216.3,217.1 1 0
github.com/bladeacer/ocd/internal/core/tldr.go:219.2,219.49 1 0
github.com/bladeacer/ocd/internal/core/tldr.go:220.3,220.27 1 0
github.com/bladeacer/ocd/internal/core/tldr.go:221.4,222.1 1 0
github.com/bladeacer/ocd/internal/core/tldr.go:223.3,223.32 1 0
github.com/bladeacer/ocd/internal/core/tldr.go:228.2,228.16 1 0
github.com/bladeacer/ocd/internal/core/tldr.go:229.3,230.1 1 0
github.com/bladeacer/ocd/internal/core/tldr.go:231.2,232.23 2 0
github.com/bladeacer/ocd/internal/core/tldr.go:233.3,234.1 1 0
github.com/bladeacer/ocd/internal/core/tldr.go:235.2,235.11 1 0
github.com/bladeacer/ocd/internal/core/tldr.go:239.2,241.1 2 0
github.com/bladeacer/ocd/internal/core/tldr.go:244.2,246.22 3 0
github.com/bladeacer/ocd/internal/core/tldr.go:247.3,248.1 1 0
github.com/bladeacer/ocd/internal/core/tldr.go:249.2,249.11 1 0
github.com/bladeacer/ocd/internal/core/tldr.go:253.2,254.53 2 0
github.com/bladeacer/ocd/internal/core/tldr.go:255.3,256.1 1 0
github.com/bladeacer/ocd/internal/core/tldr.go:257.2,257.26 1 0
github.com/bladeacer/ocd/internal/core/tldr.go:258.3,258.32 1 0
github.com/bladeacer/ocd/internal/core/tldr.go:259.4,260.1 1 0
github.com/bladeacer/ocd/internal/core/tldr.go:260.10,260.39 1 0
github.com/bladeacer/ocd/internal/core/tldr.go:261.4,262.1 1 0
github.com/bladeacer/ocd/internal/core/tldr.go:263.4,264.1 1 0
github.com/bladeacer/ocd/internal/core/tldr.go:266.2,266.14 1 0
github.com/bladeacer/ocd/internal/core/tldr.go:270.2,272.22 3 0
github.com/bladeacer/ocd/internal/core/tldr.go:273.3,273.28 1 0
github.com/bladeacer/ocd/internal/core/tldr.go:274.4,276.1 2 0
github.com/bladeacer/ocd/internal/core/tldr.go:278.2,278.16 1 0
github.com/bladeacer/ocd/internal/core/tldr.go:282.2,282.20 1 0
github.com/bladeacer/ocd/internal/core/tldr.go:283.3,284.1 1 0
github.com/bladeacer/ocd/internal/core/tldr.go:285.2,288.1 6 0
github.com/bladeacer/ocd/internal/core/tldr.go:289.2,291.27 6 0
github.com/bladeacer/ocd/internal/core/tldr.go:292.3,294.1 2 0
github.com/bladeacer/ocd/internal/core/tldr.go:295.2,296.1 3 0
github.com/bladeacer/ocd/internal/core/tldr.go:297.2,298.24 3 0
github.com/bladeacer/ocd/internal/core/tldr.go:299.3,300.1 1 0
github.com/bladeacer/ocd/internal/core/tldr.go:301.3,303.1 2 0
github.com/bladeacer/ocd/internal/core/tldr.go:305.2,307.25 3 0
github.com/bladeacer/ocd/internal/core/tldr.go:308.3,308.18 1 0
github.com/bladeacer/ocd/internal/core/tldr.go:309.4,311.1 2 0
github.com/bladeacer/ocd/internal/core/tldr.go:314.2,314.92 1 0
github.com/bladeacer/ocd/internal/core/tldr.go:318.2,320.1 2 0
github.com/bladeacer/ocd/internal/core/tldr.go:323.2,325.1 2 0
github.com/bladeacer/ocd/internal/core/tldr.go:328.2,330.16 3 0
github.com/bladeacer/ocd/internal/core/tldr.go:332.3,332.30 1 0
github.com/bladeacer/ocd/internal/core/tldr.go:334.3,334.30 1 0
github.com/bladeacer/ocd/internal/core/tldr.go:336.3,336.30 1 0
github.com/bladeacer/ocd/internal/core/tldr.go:338.2,338.16 1 0
github.com/bladeacer/ocd/internal/core/tldr.go:339.3,340.1 1 0
github.com/bladeacer/ocd/internal/core/tldr.go:341.2,341.39 1 0
github.com/bladeacer/ocd/internal/core/tldr.go:345.2,360.1 4 0
github.com/bladeacer/ocd/internal/core/tldr.go:361.2,361.26 4 0
github.com/bladeacer/ocd/internal/core/tldr.go:362.3,363.1 1 0
github.com/bladeacer/ocd/internal/core/tldr.go:364.2,364.26 1 0
github.com/bladeacer/ocd/internal/core/tldr.go:365.3,366.1 1 0
github.com/bladeacer/ocd/internal/core/tldr.go:367.2,367.24 1 0
github.com/bladeacer/ocd/internal/core/tldr.go:368.3,369.1 1 0
github.com/bladeacer/ocd/internal/core/tldr.go:370.2,370.28 1 0
github.com/bladeacer/ocd/internal/core/tldr.go:371.3,372.1 1 0
github.com/bladeacer/ocd/internal/core/tldr.go:373.2,373.42 1 0
github.com/bladeacer/ocd/internal/core/tldr.go:374.3,375.1 1 0
github.com/bladeacer/ocd/internal/core/tldr.go:376.2,376.25 1 0
github.com/bladeacer/ocd/internal/core/tldr.go:380.2,386.1 3 0
github.com/bladeacer/ocd/internal/core/tldr.go:387.2,388.27 3 0
github.com/bladeacer/ocd/internal/core/tldr.go:389.3,389.24 1 0
github.com/bladeacer/ocd/internal/core/tldr.go:390.4,391.1 1 0
github.com/bladeacer/ocd/internal/core/tldr.go:394.2,397.1 6 0
github.com/bladeacer/ocd/internal/core/tldr.go:398.2,400.19 6 0
github.com/bladeacer/ocd/internal/core/tldr.go:401.3,402.1 1 0
github.com/bladeacer/ocd/internal/core/tldr.go:403.3,404.1 1 0
github.com/bladeacer/ocd/internal/core/tldr.go:405.2,405.39 1 0
github.com/bladeacer/ocd/internal/core/tldr.go:406.3,407.1 1 0
github.com/bladeacer/ocd/internal/core/tldr.go:408.2,408.41 1 0
github.com/bladeacer/ocd/internal/core/tldr.go:409.3,410.1 1 0
github.com/bladeacer/ocd/internal/core/tldr.go:411.2,411.42 1 0
github.com/bladeacer/ocd/internal/core/tldr.go:412.3,413.1 1 0
github.com/bladeacer/ocd/internal/core/tldr.go:414.2,414.44 1 0
github.com/bladeacer/ocd/internal/core/tldr.go:415.3,416.1 1 0
github.com/bladeacer/ocd/internal/core/tldr.go:417.2,417.44 1 0
github.com/bladeacer/ocd/internal/core/tldr.go:418.3,419.1 1 0
github.com/bladeacer/ocd/internal/core/tldr.go:420.2,420.26 1 0
github.com/bladeacer/ocd/internal/core/tldr.go:421.3,422.1 1 0
github.com/bladeacer/ocd/internal/core/tldr.go:423.2,424.34 2 0
github.com/bladeacer/ocd/internal/core/tldr.go:425.3,426.1 1 0
github.com/bladeacer/ocd/internal/core/tldr.go:427.2,427.28 1 0
github.com/bladeacer/ocd/internal/core/tldr.go:428.3,429.32 2 0
github.com/bladeacer/ocd/internal/core/tldr.go:430.4,431.1 1 0
github.com/bladeacer/ocd/internal/core/tldr.go:432.3,434.28 3 0
github.com/bladeacer/ocd/internal/core/tldr.go:435.4,436.1 1 0
github.com/bladeacer/ocd/internal/core/tldr.go:437.3,437.55 1 0
github.com/bladeacer/ocd/internal/core/tldr.go:439.2,439.21 1 0
github.com/bladeacer/ocd/internal/core/tldr.go:440.3,441.21 2 0
github.com/bladeacer/ocd/internal/core/tldr.go:442.4,443.1 1 0
github.com/bladeacer/ocd/internal/core/tldr.go:444.3,445.20 2 0
github.com/bladeacer/ocd/internal/core/tldr.go:447.2,447.27 1 0
github.com/bladeacer/ocd/internal/core/tldr.go:448.3,449.1 1 0
github.com/bladeacer/ocd/internal/core/tldr.go:451.2,452.27 2 0
github.com/bladeacer/ocd/internal/core/tldr.go:453.3,454.1 1 0
github.com/bladeacer/ocd/internal/core/tldr.go:455.2,456.32 2 0
github.com/bladeacer/ocd/internal/core/tldr.go:457.3,458.22 2 0
github.com/bladeacer/ocd/internal/core/tldr.go:459.4,460.1 1 0
github.com/bladeacer/ocd/internal/core/tldr.go:461.3,462.21 2 0
github.com/bladeacer/ocd/internal/core/tldr.go:463.4,464.1 1 0
github.com/bladeacer/ocd/internal/core/tldr.go:465.3,466.14 2 0
github.com/bladeacer/ocd/internal/core/tldr.go:467.4,467.24 1 0
github.com/bladeacer/ocd/internal/core/tldr.go:468.5,469.1 1 0
github.com/bladeacer/ocd/internal/core/tldr.go:470.4,471.22 2 0
github.com/bladeacer/ocd/internal/core/tldr.go:473.3,473.24 1 0
github.com/bladeacer/ocd/internal/core/tldr.go:475.2,475.21 1 0
github.com/bladeacer/ocd/internal/core/tldr.go:479.2,485.1 3 0
github.com/bladeacer/ocd/internal/core/tldr.go:486.2,487.27 3 0
github.com/bladeacer/ocd/internal/core/tldr.go:488.3,488.24 1 0
github.com/bladeacer/ocd/internal/core/tldr.go:489.4,490.1 1 0
github.com/bladeacer/ocd/internal/core/tldr.go:493.2,495.1 5 0
github.com/bladeacer/ocd/internal/core/tldr.go:496.2,498.39 5 0
github.com/bladeacer/ocd/internal/core/tldr.go:499.3,500.1 1 0
github.com/bladeacer/ocd/internal/core/tldr.go:501.2,501.41 1 0
github.com/bladeacer/ocd/internal/core/tldr.go:502.3,503.1 1 0
github.com/bladeacer/ocd/internal/core/tldr.go:504.2,504.42 1 0
github.com/bladeacer/ocd/internal/core/tldr.go:505.3,506.1 1 0
github.com/bladeacer/ocd/internal/core/tldr.go:507.2,507.44 1 0
github.com/bladeacer/ocd/internal/core/tldr.go:508.3,509.1 1 0
github.com/bladeacer/ocd/internal/core/tldr.go:510.2,510.44 1 0
github.com/bladeacer/ocd/internal/core/tldr.go:511.3,512.1 1 0
github.com/bladeacer/ocd/internal/core/tldr.go:513.2,513.26 1 0
github.com/bladeacer/ocd/internal/core/tldr.go:514.3,515.1 1 0
github.com/bladeacer/ocd/internal/core/tldr.go:516.2,517.34 2 0
github.com/bladeacer/ocd/internal/core/tldr.go:518.3,519.1 1 0
github.com/bladeacer/ocd/internal/core/tldr.go:520.2,520.28 1 0
github.com/bladeacer/ocd/internal/core/tldr.go:521.3,522.32 2 0
github.com/bladeacer/ocd/internal/core/tldr.go:523.4,524.1 1 0
github.com/bladeacer/ocd/internal/core/tldr.go:525.3,527.28 3 0
github.com/bladeacer/ocd/internal/core/tldr.go:528.4,529.1 1 0
github.com/bladeacer/ocd/internal/core/tldr.go:530.3,530.55 1 0
github.com/bladeacer/ocd/internal/core/tldr.go:532.2,532.21 1 0
github.com/bladeacer/ocd/internal/core/tldr.go:533.3,534.21 2 0
github.com/bladeacer/ocd/internal/core/tldr.go:535.4,536.1 1 0
github.com/bladeacer/ocd/internal/core/tldr.go:537.3,538.20 2 0
github.com/bladeacer/ocd/internal/core/tldr.go:540.2,540.27 1 0
github.com/bladeacer/ocd/internal/core/tldr.go:541.3,542.1 1 0
github.com/bladeacer/ocd/internal/core/tldr.go:544.2,545.27 2 0
github.com/bladeacer/ocd/internal/core/tldr.go:546.3,547.1 1 0
github.com/bladeacer/ocd/internal/core/tldr.go:548.2,549.32 2 0
github.com/bladeacer/ocd/internal/core/tldr.go:550.3,551.22 2 0
github.com/bladeacer/ocd/internal/core/tldr.go:552.4,553.1 1 0
github.com/bladeacer/ocd/internal/core/tldr.go:554.3,555.21 2 0
github.com/bladeacer/ocd/internal/core/tldr.go:556.4,557.1 1 0
github.com/bladeacer/ocd/internal/core/tldr.go:558.3,559.14 2 0
github.com/bladeacer/ocd/internal/core/tldr.go:560.4,560.24 1 0
github.com/bladeacer/ocd/internal/core/tldr.go:561.5,562.1 1 0
github.com/bladeacer/ocd/internal/core/tldr.go:563.4,564.22 2 0
github.com/bladeacer/ocd/internal/core/tldr.go:566.3,566.24 1 0
github.com/bladeacer/ocd/internal/core/tldr.go:568.2,568.21 1 0
github.com/bladeacer/ocd/internal/core/variables.go:38.2,40.48 3 0
github.com/bladeacer/ocd/internal/core/variables.go:41.3,42.15 2 0
github.com/bladeacer/ocd/internal/core/variables.go:43.4,43.12 1 0
github.com/bladeacer/ocd/internal/core/variables.go:45.3,46.17 2 0
github.com/bladeacer/ocd/internal/core/variables.go:47.4,47.12 1 0
github.com/bladeacer/ocd/internal/core/variables.go:49.3,51.57 3 0
github.com/bladeacer/ocd/internal/core/variables.go:53.2,53.12 1 0
github.com/bladeacer/ocd/internal/core/variables.go:58.2,59.25 2 0
github.com/bladeacer/ocd/internal/core/variables.go:60.3,61.1 1 0
github.com/bladeacer/ocd/internal/core/variables.go:62.2,62.12 1 0
github.com/bladeacer/ocd/internal/core/variables.go:69.2,70.31 2 0
github.com/bladeacer/ocd/internal/core/variables.go:71.3,72.1 1 0
github.com/bladeacer/ocd/internal/core/variables.go:73.2,74.30 2 0
github.com/bladeacer/ocd/internal/core/variables.go:75.3,76.1 1 0
github.com/bladeacer/ocd/internal/core/variables.go:78.2,79.32 2 0
github.com/bladeacer/ocd/internal/core/variables.go:80.3,80.24 1 0
github.com/bladeacer/ocd/internal/core/variables.go:81.4,82.1 1 0
github.com/bladeacer/ocd/internal/core/variables.go:84.2,85.1 3 0
github.com/bladeacer/ocd/internal/core/variables.go:86.2,87.31 3 0
github.com/bladeacer/ocd/internal/core/variables.go:88.3,88.38 1 0
github.com/bladeacer/ocd/internal/core/variables.go:89.4,90.1 1 0
github.com/bladeacer/ocd/internal/core/variables.go:92.2,93.1 2 0
github.com/bladeacer/ocd/internal/core/variables.go:94.2,101.1 2 0
github.com/bladeacer/ocd/internal/core/variables.go:106.2,112.24 7 0
github.com/bladeacer/ocd/internal/core/variables.go:113.3,114.34 2 0
github.com/bladeacer/ocd/internal/core/variables.go:115.4,116.1 1 0
github.com/bladeacer/ocd/internal/core/variables.go:118.2,118.22 1 0
github.com/bladeacer/ocd/internal/core/variables.go:119.3,120.32 2 0
github.com/bladeacer/ocd/internal/core/variables.go:121.4,122.1 1 0
github.com/bladeacer/ocd/internal/core/variables.go:124.2,124.46 1 0
github.com/bladeacer/ocd/internal/core/variables.go:125.3,126.1 1 0
github.com/bladeacer/ocd/internal/core/variables.go:127.2,127.19 1 0
github.com/bladeacer/ocd/internal/core/variables.go:132.2,143.1 4 0
github.com/bladeacer/ocd/internal/core/variables.go:144.2,144.27 4 0
github.com/bladeacer/ocd/internal/core/variables.go:145.3,146.35 2 0
github.com/bladeacer/ocd/internal/core/variables.go:147.4,148.1 1 0
github.com/bladeacer/ocd/internal/core/variables.go:149.3,149.30 1 0
github.com/bladeacer/ocd/internal/core/variables.go:151.2,151.26 1 0
github.com/bladeacer/ocd/internal/core/variables.go:152.3,153.34 2 0
github.com/bladeacer/ocd/internal/core/variables.go:154.4,155.1 1 0
github.com/bladeacer/ocd/internal/core/variables.go:156.3,156.29 1 0
github.com/bladeacer/ocd/internal/core/variables.go:158.2,158.24 1 0
github.com/bladeacer/ocd/internal/core/variables.go:159.3,160.1 1 0
github.com/bladeacer/ocd/internal/core/variables.go:161.2,161.22 1 0
github.com/bladeacer/ocd/internal/core/variables.go:162.3,163.1 1 0
github.com/bladeacer/ocd/internal/core/variables.go:164.2,164.42 1 0
github.com/bladeacer/ocd/internal/core/variables.go:165.3,166.1 1 0
github.com/bladeacer/ocd/internal/core/variables.go:167.2,167.34 1 0
github.com/bladeacer/ocd/internal/core/variables.go:172.2,174.1 2 0
github.com/bladeacer/ocd/internal/core/variables.go:178.2,180.1 2 0
github.com/bladeacer/ocd/internal/core/variables.go:184.2,185.16 2 0
github.com/bladeacer/ocd/internal/core/variables.go:186.3,187.1 1 0
github.com/bladeacer/ocd/internal/core/variables.go:188.2,188.47 1 0
github.com/bladeacer/ocd/internal/sources/docker.go:21.2,22.1 1 0
github.com/bladeacer/ocd/internal/sources/docker.go:24.37,24.54 1 0
github.com/bladeacer/ocd/internal/sources/docker.go:40.2,42.1 3 0
github.com/bladeacer/ocd/internal/sources/docker.go:43.2,43.16 3 0
github.com/bladeacer/ocd/internal/sources/docker.go:44.3,45.17 2 0
github.com/bladeacer/ocd/internal/sources/docker.go:46.4,47.1 1 0
github.com/bladeacer/ocd/internal/sources/docker.go:48.3,48.39 1 0
github.com/bladeacer/ocd/internal/sources/docker.go:49.4,51.1 2 0
github.com/bladeacer/ocd/internal/sources/docker.go:53.3,54.66 2 0
github.com/bladeacer/ocd/internal/sources/docker.go:55.4,57.1 2 0
github.com/bladeacer/ocd/internal/sources/docker.go:58.3,59.1 2 0
github.com/bladeacer/ocd/internal/sources/docker.go:60.3,60.39 2 0
github.com/bladeacer/ocd/internal/sources/docker.go:61.4,61.45 1 0
github.com/bladeacer/ocd/internal/sources/docker.go:62.5,62.13 1 0
github.com/bladeacer/ocd/internal/sources/docker.go:64.4,66.1 4 0
github.com/bladeacer/ocd/internal/sources/docker.go:67.4,68.44 4 0
github.com/bladeacer/ocd/internal/sources/docker.go:69.5,69.13 1 0
github.com/bladeacer/ocd/internal/sources/docker.go:72.4,76.6 1 0
github.com/bladeacer/ocd/internal/sources/docker.go:78.3,78.18 1 0
github.com/bladeacer/ocd/internal/sources/docker.go:81.2,81.18 1 0
github.com/bladeacer/ocd/internal/sources/electron.go:19.2,20.1 1 0
github.com/bladeacer/ocd/internal/sources/electron.go:22.36,22.55 1 0
github.com/bladeacer/ocd/internal/sources/electron.go:25.2,26.16 2 0
github.com/bladeacer/ocd/internal/sources/electron.go:27.3,28.1 1 0
github.com/bladeacer/ocd/internal/sources/electron.go:29.2,29.15 1 0
github.com/bladeacer/ocd/internal/sources/electron.go:29.17,29.40 1 0
github.com/bladeacer/ocd/internal/sources/electron.go:31.2,31.38 1 0
github.com/bladeacer/ocd/internal/sources/electron.go:32.3,33.1 1 0
github.com/bladeacer/ocd/internal/sources/electron.go:35.2,36.64 2 0
github.com/bladeacer/ocd/internal/sources/electron.go:37.3,38.1 1 0
github.com/bladeacer/ocd/internal/sources/electron.go:40.2,40.37 1 0
github.com/bladeacer/ocd/internal/sources/fetcher.go:23.2,28.1 1 0
github.com/bladeacer/ocd/internal/sources/fetcher.go:32.2,34.1 5 0
github.com/bladeacer/ocd/internal/sources/fetcher.go:35.2,37.1 5 0
github.com/bladeacer/ocd/internal/sources/fetcher.go:38.2,38.20 5 0
github.com/bladeacer/ocd/internal/sources/fetcher.go:39.3,39.10 1 0
github.com/bladeacer/ocd/internal/sources/fetcher.go:41.4,41.20 1 0
github.com/bladeacer/ocd/internal/sources/fetcher.go:42.11,42.11 0 0
github.com/bladeacer/ocd/internal/sources/fetcher.go:44.3,44.13 1 0
github.com/bladeacer/ocd/internal/sources/fetcher.go:45.4,46.63 2 0
github.com/bladeacer/ocd/internal/sources/fetcher.go:47.5,49.1 2 0
github.com/bladeacer/ocd/internal/sources/fetcher.go:51.3,52.17 2 0
github.com/bladeacer/ocd/internal/sources/fetcher.go:53.4,54.1 1 0
github.com/bladeacer/ocd/internal/sources/fetcher.go:55.3,55.59 1 0
github.com/bladeacer/ocd/internal/sources/fetcher.go:56.4,57.1 1 0
github.com/bladeacer/ocd/internal/sources/fetcher.go:58.3,59.13 2 0
github.com/bladeacer/ocd/internal/sources/fetcher.go:62.2,62.20 1 0
github.com/bladeacer/ocd/internal/sources/fetcher.go:63.3,63.10 1 0
github.com/bladeacer/ocd/internal/sources/fetcher.go:65.4,65.20 1 0
github.com/bladeacer/ocd/internal/sources/fetcher.go:66.11,66.11 0 0
github.com/bladeacer/ocd/internal/sources/fetcher.go:68.3,68.13 1 0
github.com/bladeacer/ocd/internal/sources/fetcher.go:69.4,70.66 2 0
github.com/bladeacer/ocd/internal/sources/fetcher.go:71.5,73.1 2 0
github.com/bladeacer/ocd/internal/sources/fetcher.go:75.3,76.17 2 0
github.com/bladeacer/ocd/internal/sources/fetcher.go:77.4,78.1 1 0
github.com/bladeacer/ocd/internal/sources/fetcher.go:79.3,79.62 1 0
github.com/bladeacer/ocd/internal/sources/fetcher.go:80.4,81.1 1 0
github.com/bladeacer/ocd/internal/sources/fetcher.go:82.3,83.13 2 0
github.com/bladeacer/ocd/internal/sources/fetcher.go:86.2,86.20 1 0
github.com/bladeacer/ocd/internal/sources/fetcher.go:87.3,87.10 1 0
github.com/bladeacer/ocd/internal/sources/fetcher.go:89.4,89.20 1 0
github.com/bladeacer/ocd/internal/sources/fetcher.go:90.11,90.11 0 0
github.com/bladeacer/ocd/internal/sources/fetcher.go:92.3,92.13 1 0
github.com/bladeacer/ocd/internal/sources/fetcher.go:93.4,94.68 2 0
github.com/bladeacer/ocd/internal/sources/fetcher.go:95.5,97.1 2 0
github.com/bladeacer/ocd/internal/sources/fetcher.go:99.3,100.17 2 0
github.com/bladeacer/ocd/internal/sources/fetcher.go:101.4,102.1 1 0
github.com/bladeacer/ocd/internal/sources/fetcher.go:103.3,103.64 1 0
github.com/bladeacer/ocd/internal/sources/fetcher.go:104.4,105.1 1 0
github.com/bladeacer/ocd/internal/sources/fetcher.go:106.3,107.13 2 0
github.com/bladeacer/ocd/internal/sources/fetcher.go:110.2,110.33 1 0
github.com/bladeacer/ocd/internal/sources/fetcher.go:111.3,112.1 1 0
github.com/bladeacer/ocd/internal/sources/fetcher.go:113.2,113.16 1 0
github.com/bladeacer/ocd/internal/sources/rss.go:18.2,19.1 1 0
github.com/bladeacer/ocd/internal/sources/rss.go:21.31,21.45 1 0
github.com/bladeacer/ocd/internal/sources/rss.go:24.2,26.16 3 0
github.com/bladeacer/ocd/internal/sources/rss.go:27.3,28.1 1 0
github.com/bladeacer/ocd/internal/sources/rss.go:30.2,32.1 4 0
github.com/bladeacer/ocd/internal/sources/rss.go:33.2,34.1 4 0
github.com/bladeacer/ocd/internal/sources/rss.go:35.2,35.35 4 0
github.com/bladeacer/ocd/internal/sources/rss.go:36.3,37.20 2 0
github.com/bladeacer/ocd/internal/sources/rss.go:38.4,38.12 1 0
github.com/bladeacer/ocd/internal/sources/rss.go:40.3,41.1 3 0
github.com/bladeacer/ocd/internal/sources/rss.go:42.3,43.47 3 0
github.com/bladeacer/ocd/internal/sources/rss.go:44.4,45.1 1 0
github.com/bladeacer/ocd/internal/sources/rss.go:47.3,49.1 3 0
github.com/bladeacer/ocd/internal/sources/rss.go:50.3,51.26 3 0
github.com/bladeacer/ocd/internal/sources/rss.go:52.4,53.22 2 0
github.com/bladeacer/ocd/internal/sources/rss.go:54.5,55.1 1 0
github.com/bladeacer/ocd/internal/sources/rss.go:56.10,56.37 1 0
github.com/bladeacer/ocd/internal/sources/rss.go:57.4,58.22 2 0
github.com/bladeacer/ocd/internal/sources/rss.go:59.5,60.1 1 0
github.com/bladeacer/ocd/internal/sources/rss.go:63.3,64.17 2 0
github.com/bladeacer/ocd/internal/sources/rss.go:65.4,66.1 1 0
github.com/bladeacer/ocd/internal/sources/rss.go:68.3,75.5 1 0
github.com/bladeacer/ocd/internal/sources/rss.go:78.2,78.24 1 0
github.com/bladeacer/ocd/internal/sources/rss.go:79.3,80.1 1 0
github.com/bladeacer/ocd/internal/sources/rss.go:82.2,83.22 2 0
github.com/bladeacer/ocd/internal/sources/rss.go:87.2,89.1 4 0
github.com/bladeacer/ocd/internal/sources/rss.go:90.2,91.40 4 0
github.com/bladeacer/ocd/internal/sources/rss.go:92.3,92.31 1 0
github.com/bladeacer/ocd/internal/sources/rss.go:93.4,94.1 1 0
github.com/bladeacer/ocd/internal/sources/rss.go:95.4,96.1 1 0
github.com/bladeacer/ocd/internal/sources/rss.go:98.2,98.15 1 0
github.com/bladeacer/ocd/internal/tui/diffmodel.go:91.2,95.1 6 0
github.com/bladeacer/ocd/internal/tui/diffmodel.go:96.2,97.1 6 0
github.com/bladeacer/ocd/internal/tui/diffmodel.go:98.2,104.1 6 0
github.com/bladeacer/ocd/internal/tui/diffmodel.go:108.2,124.1 2 0
github.com/bladeacer/ocd/internal/tui/diffmodel.go:125.2,125.25 2 0
github.com/bladeacer/ocd/internal/tui/diffmodel.go:126.3,127.1 1 0
github.com/bladeacer/ocd/internal/tui/diffmodel.go:128.2,128.25 1 0
github.com/bladeacer/ocd/internal/tui/diffmodel.go:129.3,130.1 1 0
github.com/bladeacer/ocd/internal/tui/diffmodel.go:131.2,131.27 1 0
github.com/bladeacer/ocd/internal/tui/diffmodel.go:132.3,133.1 1 0
github.com/bladeacer/ocd/internal/tui/diffmodel.go:134.2,134.25 1 0
github.com/bladeacer/ocd/internal/tui/diffmodel.go:135.3,136.1 1 0
github.com/bladeacer/ocd/internal/tui/diffmodel.go:137.2,137.30 1 0
github.com/bladeacer/ocd/internal/tui/diffmodel.go:138.3,139.1 1 0
github.com/bladeacer/ocd/internal/tui/diffmodel.go:140.2,140.21 1 0
github.com/bladeacer/ocd/internal/tui/diffmodel.go:141.3,142.1 1 0
github.com/bladeacer/ocd/internal/tui/diffmodel.go:143.2,143.18 1 0
github.com/bladeacer/ocd/internal/tui/diffmodel.go:144.3,145.1 1 0
github.com/bladeacer/ocd/internal/tui/diffmodel.go:146.2,146.20 1 0
github.com/bladeacer/ocd/internal/tui/diffmodel.go:147.3,148.1 1 0
github.com/bladeacer/ocd/internal/tui/diffmodel.go:149.2,149.24 1 0
github.com/bladeacer/ocd/internal/tui/diffmodel.go:150.3,151.1 1 0
github.com/bladeacer/ocd/internal/tui/diffmodel.go:152.2,152.24 1 0
github.com/bladeacer/ocd/internal/tui/diffmodel.go:153.3,154.1 1 0
github.com/bladeacer/ocd/internal/tui/diffmodel.go:155.2,155.26 1 0
github.com/bladeacer/ocd/internal/tui/diffmodel.go:156.3,157.1 1 0
github.com/bladeacer/ocd/internal/tui/diffmodel.go:158.2,158.31 1 0
github.com/bladeacer/ocd/internal/tui/diffmodel.go:159.3,160.1 1 0
github.com/bladeacer/ocd/internal/tui/diffmodel.go:161.2,161.34 1 0
github.com/bladeacer/ocd/internal/tui/diffmodel.go:162.3,163.1 1 0
github.com/bladeacer/ocd/internal/tui/diffmodel.go:164.2,164.11 1 0
github.com/bladeacer/ocd/internal/tui/diffmodel.go:168.2,168.25 1 0
github.com/bladeacer/ocd/internal/tui/diffmodel.go:169.3,169.15 1 0
github.com/bladeacer/ocd/internal/tui/diffmodel.go:170.4,171.1 1 0
github.com/bladeacer/ocd/internal/tui/diffmodel.go:173.2,173.14 1 0
github.com/bladeacer/ocd/internal/tui/diffmodel.go:177.2,178.1 1 0
github.com/bladeacer/ocd/internal/tui/diffmodel.go:181.2,181.21 1 0
github.com/bladeacer/ocd/internal/tui/diffmodel.go:182.3,183.1 1 0
github.com/bladeacer/ocd/internal/tui/diffmodel.go:185.2,185.27 1 0
github.com/bladeacer/ocd/internal/tui/diffmodel.go:186.3,188.1 2 0
github.com/bladeacer/ocd/internal/tui/diffmodel.go:190.2,190.23 1 0
github.com/bladeacer/ocd/internal/tui/diffmodel.go:191.3,193.1 2 0
github.com/bladeacer/ocd/internal/tui/diffmodel.go:195.2,204.1 10 0
github.com/bladeacer/ocd/internal/tui/diffmodel.go:205.2,205.27 10 0
github.com/bladeacer/ocd/internal/tui/diffmodel.go:206.3,206.36 1 0
github.com/bladeacer/ocd/internal/tui/diffmodel.go:207.4,211.12 5 0
github.com/bladeacer/ocd/internal/tui/diffmodel.go:214.3,214.71 1 0
github.com/bladeacer/ocd/internal/tui/diffmodel.go:215.4,216.12 2 0
github.com/bladeacer/ocd/internal/tui/diffmodel.go:219.3,219.28 1 0
github.com/bladeacer/ocd/internal/tui/diffmodel.go:220.4,221.12 2 0
github.com/bladeacer/ocd/internal/tui/diffmodel.go:224.3,224.10 1 0
github.com/bladeacer/ocd/internal/tui/diffmodel.go:226.4,231.14 3 0
github.com/bladeacer/ocd/internal/tui/diffmodel.go:234.4,239.14 3 0
github.com/bladeacer/ocd/internal/tui/diffmodel.go:242.4,247.14 3 0
github.com/bladeacer/ocd/internal/tui/diffmodel.go:251.2,251.12 1 0
github.com/bladeacer/ocd/internal/tui/diffmodel.go:255.2,257.48 3 0
github.com/bladeacer/ocd/internal/tui/diffmodel.go:258.3,259.1 1 0
github.com/bladeacer/ocd/internal/tui/diffmodel.go:260.2,260.48 1 0
github.com/bladeacer/ocd/internal/tui/diffmodel.go:261.3,262.1 1 0
github.com/bladeacer/ocd/internal/tui/diffmodel.go:263.2,264.26 2 0
github.com/bladeacer/ocd/internal/tui/diffmodel.go:265.3,265.32 1 0
github.com/bladeacer/ocd/internal/tui/diffmodel.go:266.4,267.13 2 0
github.com/bladeacer/ocd/internal/tui/diffmodel.go:268.5,269.1 1 0
github.com/bladeacer/ocd/internal/tui/diffmodel.go:271.3,271.32 1 0
github.com/bladeacer/ocd/internal/tui/diffmodel.go:272.4,273.13 2 0
github.com/bladeacer/ocd/internal/tui/diffmodel.go:274.5,275.1 1 0
github.com/bladeacer/ocd/internal/tui/diffmodel.go:278.2,278.8 1 0
github.com/bladeacer/ocd/internal/tui/diffmodel.go:282.2,283.22 2 0
github.com/bladeacer/ocd/internal/tui/diffmodel.go:284.3,284.27 1 0
github.com/bladeacer/ocd/internal/tui/diffmodel.go:285.4,286.1 1 0
github.com/bladeacer/ocd/internal/tui/diffmodel.go:287.4,287.9 1 0
github.com/bladeacer/ocd/internal/tui/diffmodel.go:290.2,290.10 1 0
github.com/bladeacer/ocd/internal/tui/diffmodel.go:294.2,300.18 5 0
github.com/bladeacer/ocd/internal/tui/diffmodel.go:301.3,302.1 1 0
github.com/bladeacer/ocd/internal/tui/diffmodel.go:303.2,303.10 1 0
github.com/bladeacer/ocd/internal/tui/diffmodel.go:307.2,311.29 5 0
github.com/bladeacer/ocd/internal/tui/diffmodel.go:312.3,313.1 1 0
github.com/bladeacer/ocd/internal/tui/diffmodel.go:314.2,314.29 1 0
github.com/bladeacer/ocd/internal/tui/diffmodel.go:315.3,316.1 1 0
github.com/bladeacer/ocd/internal/tui/diffmodel.go:317.2,323.90 5 0
github.com/bladeacer/ocd/internal/tui/diffmodel.go:327.2,328.18 2 0
github.com/bladeacer/ocd/internal/tui/diffmodel.go:329.3,330.1 1 0
github.com/bladeacer/ocd/internal/tui/diffmodel.go:331.3,332.1 1 0
github.com/bladeacer/ocd/internal/tui/diffmodel.go:333.2,333.24 1 0
github.com/bladeacer/ocd/internal/tui/diffmodel.go:337.2,339.1 3 0
github.com/bladeacer/ocd/internal/tui/diffmodel.go:340.2,340.19 3 0
github.com/bladeacer/ocd/internal/tui/diffmodel.go:341.3,342.1 1 0
github.com/bladeacer/ocd/internal/tui/diffmodel.go:344.2,344.38 1 0
github.com/bladeacer/ocd/internal/tui/diffmodel.go:345.3,346.1 1 0
github.com/bladeacer/ocd/internal/tui/diffmodel.go:348.2,348.37 1 0
github.com/bladeacer/ocd/internal/tui/diffmodel.go:349.3,352.1 3 0
github.com/bladeacer/ocd/internal/tui/diffmodel.go:354.2,354.38 1 0
github.com/bladeacer/ocd/internal/tui/diffmodel.go:355.3,356.1 1 0
github.com/bladeacer/ocd/internal/tui/diffmodel.go:358.2,359.163 2 0
github.com/bladeacer/ocd/internal/tui/diffmodel.go:360.3,361.1 2 0
github.com/bladeacer/ocd/internal/tui/diffmodel.go:362.3,362.35 2 0
github.com/bladeacer/ocd/internal/tui/diffmodel.go:363.4,365.1 2 0
github.com/bladeacer/ocd/internal/tui/diffmodel.go:368.2,368.109 1 0
github.com/bladeacer/ocd/internal/tui/diffmodel.go:369.3,370.1 1 0
github.com/bladeacer/ocd/internal/tui/diffmodel.go:372.2,372.13 1 0
github.com/bladeacer/ocd/internal/tui/diffmodel.go:376.2,376.17 1 0
github.com/bladeacer/ocd/internal/tui/diffmodel.go:377.3,378.1 1 0
github.com/bladeacer/ocd/internal/tui/diffmodel.go:379.2,383.6 5 0
github.com/bladeacer/ocd/internal/tui/diffmodel.go:384.3,385.14 2 0
github.com/bladeacer/ocd/internal/tui/diffmodel.go:386.4,387.9 2 0
github.com/bladeacer/ocd/internal/tui/diffmodel.go:389.3,392.27 4 0
github.com/bladeacer/ocd/internal/tui/diffmodel.go:394.2,394.21 1 0
github.com/bladeacer/ocd/internal/tui/diffmodel.go:401.2,401.86 1 0
github.com/bladeacer/ocd/internal/tui/diffmodel.go:402.3,403.1 1 0
github.com/bladeacer/ocd/internal/tui/diffmodel.go:405.2,407.1 3 0
github.com/bladeacer/ocd/internal/tui/diffmodel.go:408.2,408.61 3 0
github.com/bladeacer/ocd/internal/tui/diffmodel.go:409.3,410.1 1 0
github.com/bladeacer/ocd/internal/tui/diffmodel.go:411.2,412.1 6 0
github.com/bladeacer/ocd/internal/tui/diffmodel.go:413.2,417.1 6 0
github.com/bladeacer/ocd/internal/tui/diffmodel.go:418.2,418.6 6 0
github.com/bladeacer/ocd/internal/tui/diffmodel.go:419.3,420.14 2 0
github.com/bladeacer/ocd/internal/tui/diffmodel.go:421.4,422.9 2 0
github.com/bladeacer/ocd/internal/tui/diffmodel.go:424.3,425.1 2 0
github.com/bladeacer/ocd/internal/tui/diffmodel.go:427.3,427.19 2 0
github.com/bladeacer/ocd/internal/tui/diffmodel.go:428.4,428.26 1 0
github.com/bladeacer/ocd/internal/tui/diffmodel.go:429.5,429.10 1 0
github.com/bladeacer/ocd/internal/tui/diffmodel.go:431.4,431.29 1 0
github.com/bladeacer/ocd/internal/tui/diffmodel.go:432.5,434.49 3 0
github.com/bladeacer/ocd/internal/tui/diffmodel.go:435.6,437.1 2 0
github.com/bladeacer/ocd/internal/tui/diffmodel.go:438.5,438.26 1 0
github.com/bladeacer/ocd/internal/tui/diffmodel.go:439.6,441.1 2 0
github.com/bladeacer/ocd/internal/tui/diffmodel.go:443.5,446.1 3 0
github.com/bladeacer/ocd/internal/tui/diffmodel.go:450.3,451.1 2 0
github.com/bladeacer/ocd/internal/tui/diffmodel.go:453.3,453.35 2 0
github.com/bladeacer/ocd/internal/tui/diffmodel.go:454.4,454.26 1 0
github.com/bladeacer/ocd/internal/tui/diffmodel.go:455.5,455.10 1 0
github.com/bladeacer/ocd/internal/tui/diffmodel.go:457.4,457.29 1 0
github.com/bladeacer/ocd/internal/tui/diffmodel.go:458.5,460.49 3 0
github.com/bladeacer/ocd/internal/tui/diffmodel.go:461.6,463.1 2 0
github.com/bladeacer/ocd/internal/tui/diffmodel.go:464.5,464.26 1 0
github.com/bladeacer/ocd/internal/tui/diffmodel.go:465.6,467.1 2 0
github.com/bladeacer/ocd/internal/tui/diffmodel.go:469.5,472.1 3 0
github.com/bladeacer/ocd/internal/tui/diffmodel.go:476.3,476.27 1 0
github.com/bladeacer/ocd/internal/tui/diffmodel.go:478.2,478.21 1 0
github.com/bladeacer/ocd/internal/tui/diffmodel.go:482.2,490.1 10 0
github.com/bladeacer/ocd/internal/tui/diffmodel.go:491.2,492.1 10 0
github.com/bladeacer/ocd/internal/tui/diffmodel.go:493.2,493.30 10 0
github.com/bladeacer/ocd/internal/tui/diffmodel.go:494.3,496.1 3 0
github.com/bladeacer/ocd/internal/tui/diffmodel.go:497.3,497.18 3 0
github.com/bladeacer/ocd/internal/tui/diffmodel.go:499.4,500.53 2 0
github.com/bladeacer/ocd/internal/tui/diffmodel.go:501.5,502.1 1 0
github.com/bladeacer/ocd/internal/tui/diffmodel.go:503.4,505.101 3 0
github.com/bladeacer/ocd/internal/tui/diffmodel.go:506.5,507.122 2 0
github.com/bladeacer/ocd/internal/tui/diffmodel.go:508.6,509.1 1 0
github.com/bladeacer/ocd/internal/tui/diffmodel.go:510.5,510.69 1 0
github.com/bladeacer/ocd/internal/tui/diffmodel.go:512.4,512.16 1 0
github.com/bladeacer/ocd/internal/tui/diffmodel.go:513.5,515.1 2 0
github.com/bladeacer/ocd/internal/tui/diffmodel.go:516.5,518.1 2 0
github.com/bladeacer/ocd/internal/tui/diffmodel.go:520.4,521.53 2 0
github.com/bladeacer/ocd/internal/tui/diffmodel.go:522.5,523.1 1 0
github.com/bladeacer/ocd/internal/tui/diffmodel.go:524.4,526.101 3 0
github.com/bladeacer/ocd/internal/tui/diffmodel.go:527.5,528.122 2 0
github.com/bladeacer/ocd/internal/tui/diffmodel.go:529.6,530.1 1 0
github.com/bladeacer/ocd/internal/tui/diffmodel.go:531.5,531.69 1 0
github.com/bladeacer/ocd/internal/tui/diffmodel.go:533.4,533.16 1 0
github.com/bladeacer/ocd/internal/tui/diffmodel.go:534.5,536.1 2 0
github.com/bladeacer/ocd/internal/tui/diffmodel.go:537.5,539.1 2 0
github.com/bladeacer/ocd/internal/tui/diffmodel.go:541.4,542.53 2 0
github.com/bladeacer/ocd/internal/tui/diffmodel.go:543.5,544.1 1 0
github.com/bladeacer/ocd/internal/tui/diffmodel.go:545.4,547.101 3 0
github.com/bladeacer/ocd/internal/tui/diffmodel.go:548.5,549.122 2 0
github.com/bladeacer/ocd/internal/tui/diffmodel.go:550.6,551.1 1 0
github.com/bladeacer/ocd/internal/tui/diffmodel.go:552.5,552.69 1 0
github.com/bladeacer/ocd/internal/tui/diffmodel.go:554.4,554.16 1 0
github.com/bladeacer/ocd/internal/tui/diffmodel.go:555.5,557.1 2 0
github.com/bladeacer/ocd/internal/tui/diffmodel.go:558.5,560.1 2 0
github.com/bladeacer/ocd/internal/tui/diffmodel.go:562.4,563.94 2 0
github.com/bladeacer/ocd/internal/tui/diffmodel.go:564.5,565.122 2 0
github.com/bladeacer/ocd/internal/tui/diffmodel.go:566.6,567.1 1 0
github.com/bladeacer/ocd/internal/tui/diffmodel.go:568.5,568.54 1 0
github.com/bladeacer/ocd/internal/tui/diffmodel.go:570.4,570.16 1 0
github.com/bladeacer/ocd/internal/tui/diffmodel.go:571.5,573.94 3 0
github.com/bladeacer/ocd/internal/tui/diffmodel.go:574.6,576.1 2 0
github.com/bladeacer/ocd/internal/tui/diffmodel.go:578.5,580.1 2 0
github.com/bladeacer/ocd/internal/tui/diffmodel.go:582.4,583.94 2 0
github.com/bladeacer/ocd/internal/tui/diffmodel.go:584.5,585.122 2 0
github.com/bladeacer/ocd/internal/tui/diffmodel.go:586.6,587.1 1 0
github.com/bladeacer/ocd/internal/tui/diffmodel.go:588.5,588.54 1 0
github.com/bladeacer/ocd/internal/tui/diffmodel.go:590.4,590.16 1 0
github.com/bladeacer/ocd/internal/tui/diffmodel.go:591.5,593.1 2 0
github.com/bladeacer/ocd/internal/tui/diffmodel.go:594.5,596.1 2 0
github.com/bladeacer/ocd/internal/tui/diffmodel.go:598.4,598.13 1 0
github.com/bladeacer/ocd/internal/tui/diffmodel.go:601.3,602.22 2 0
github.com/bladeacer/ocd/internal/tui/diffmodel.go:607.2,609.23 3 0
github.com/bladeacer/ocd/internal/tui/diffmodel.go:610.3,611.1 1 0
github.com/bladeacer/ocd/internal/tui/diffmodel.go:612.2,612.23 1 0
github.com/bladeacer/ocd/internal/tui/diffmodel.go:613.3,614.1 1 0
github.com/bladeacer/ocd/internal/tui/diffmodel.go:615.2,615.47 1 0
github.com/bladeacer/ocd/internal/tui/diffmodel.go:619.2,630.1 14 0
github.com/bladeacer/ocd/internal/tui/diffmodel.go:631.2,633.1 14 0
github.com/bladeacer/ocd/internal/tui/diffmodel.go:634.2,634.27 14 0
github.com/bladeacer/ocd/internal/tui/diffmodel.go:635.3,639.23 5 0
github.com/bladeacer/ocd/internal/tui/diffmodel.go:640.4,641.1 1 0
github.com/bladeacer/ocd/internal/tui/diffmodel.go:642.3,642.23 1 0
github.com/bladeacer/ocd/internal/tui/diffmodel.go:643.4,644.1 1 0
github.com/bladeacer/ocd/internal/tui/diffmodel.go:646.3,647.1 2 0
github.com/bladeacer/ocd/internal/tui/diffmodel.go:648.3,648.17 2 0
github.com/bladeacer/ocd/internal/tui/diffmodel.go:650.4,651.16 2 0
github.com/bladeacer/ocd/internal/tui/diffmodel.go:652.5,653.94 2 0
github.com/bladeacer/ocd/internal/tui/diffmodel.go:654.6,655.1 1 0
github.com/bladeacer/ocd/internal/tui/diffmodel.go:656.5,656.34 1 0
github.com/bladeacer/ocd/internal/tui/diffmodel.go:658.5,660.1 2 0
github.com/bladeacer/ocd/internal/tui/diffmodel.go:661.4,662.12 2 0
github.com/bladeacer/ocd/internal/tui/diffmodel.go:664.4,665.16 2 0
github.com/bladeacer/ocd/internal/tui/diffmodel.go:666.5,668.1 2 0
github.com/bladeacer/ocd/internal/tui/diffmodel.go:669.5,671.1 2 0
github.com/bladeacer/ocd/internal/tui/diffmodel.go:672.4,673.12 2 0
github.com/bladeacer/ocd/internal/tui/diffmodel.go:675.4,676.12 2 0
github.com/bladeacer/ocd/internal/tui/diffmodel.go:679.3,681.1 3 0
github.com/bladeacer/ocd/internal/tui/diffmodel.go:682.3,682.22 3 0
github.com/bladeacer/ocd/internal/tui/diffmodel.go:683.4,684.27 2 0
github.com/bladeacer/ocd/internal/tui/diffmodel.go:685.5,686.41 2 0
github.com/bladeacer/ocd/internal/tui/diffmodel.go:687.6,688.1 1 0
github.com/bladeacer/ocd/internal/tui/diffmodel.go:690.4,691.27 2 0
github.com/bladeacer/ocd/internal/tui/diffmodel.go:692.5,693.41 2 0
github.com/bladeacer/ocd/internal/tui/diffmodel.go:694.6,695.1 1 0
github.com/bladeacer/ocd/internal/tui/diffmodel.go:697.4,698.121 2 0
github.com/bladeacer/ocd/internal/tui/diffmodel.go:699.5,700.1 1 0
github.com/bladeacer/ocd/internal/tui/diffmodel.go:701.4,701.100 1 0
github.com/bladeacer/ocd/internal/tui/diffmodel.go:702.5,704.1 2 0
github.com/bladeacer/ocd/internal/tui/diffmodel.go:705.4,705.100 1 0
github.com/bladeacer/ocd/internal/tui/diffmodel.go:706.5,708.1 2 0
github.com/bladeacer/ocd/internal/tui/diffmodel.go:711.3,713.17 3 0
github.com/bladeacer/ocd/internal/tui/diffmodel.go:715.4,715.16 1 0
github.com/bladeacer/ocd/internal/tui/diffmodel.go:716.5,718.1 2 0
github.com/bladeacer/ocd/internal/tui/diffmodel.go:719.5,721.1 2 0
github.com/bladeacer/ocd/internal/tui/diffmodel.go:723.4,723.16 1 0
github.com/bladeacer/ocd/internal/tui/diffmodel.go:724.5,726.1 2 0
github.com/bladeacer/ocd/internal/tui/diffmodel.go:727.5,729.1 2 0
github.com/bladeacer/ocd/internal/tui/diffmodel.go:731.4,731.16 1 0
github.com/bladeacer/ocd/internal/tui/diffmodel.go:732.5,734.1 2 0
github.com/bladeacer/ocd/internal/tui/diffmodel.go:735.5,737.1 2 0
github.com/bladeacer/ocd/internal/tui/diffmodel.go:739.3,741.1 5 0
github.com/bladeacer/ocd/internal/tui/diffmodel.go:742.3,743.1 5 0
github.com/bladeacer/ocd/internal/tui/diffmodel.go:744.3,745.22 5 0
github.com/bladeacer/ocd/internal/tui/diffmodel.go:750.2,750.19 1 0
github.com/bladeacer/ocd/internal/tui/diffmodel.go:751.3,752.1 1 0
github.com/bladeacer/ocd/internal/tui/diffmodel.go:753.2,754.26 2 0
github.com/bladeacer/ocd/internal/tui/diffmodel.go:755.3,756.51 2 0
github.com/bladeacer/ocd/internal/tui/diffmodel.go:757.4,758.1 1 0
github.com/bladeacer/ocd/internal/tui/diffmodel.go:760.2,761.15 2 0
github.com/bladeacer/ocd/internal/tui/diffmodel.go:762.3,763.1 1 0
github.com/bladeacer/ocd/internal/tui/diffmodel.go:764.3,765.1 1 0
github.com/bladeacer/ocd/internal/tui/diffmodel.go:766.2,769.36 4 0
github.com/bladeacer/ocd/internal/tui/diffmodel.go:770.3,773.22 4 0
github.com/bladeacer/ocd/internal/tui/diffmodel.go:774.4,775.26 2 0
github.com/bladeacer/ocd/internal/tui/diffmodel.go:776.5,777.1 1 0
github.com/bladeacer/ocd/internal/tui/diffmodel.go:778.4,778.13 1 0
github.com/bladeacer/ocd/internal/tui/diffmodel.go:779.5,782.1 3 0
github.com/bladeacer/ocd/internal/tui/diffmodel.go:783.5,784.1 1 0
github.com/bladeacer/ocd/internal/tui/diffmodel.go:785.4,787.22 3 0
github.com/bladeacer/ocd/internal/tui/diffmodel.go:788.5,789.1 1 0
github.com/bladeacer/ocd/internal/tui/diffmodel.go:791.3,791.26 1 0
github.com/bladeacer/ocd/internal/tui/diffmodel.go:793.2,793.46 1 0
github.com/bladeacer/ocd/internal/tui/diffmodel.go:799.2,799.19 1 0
github.com/bladeacer/ocd/internal/tui/diffmodel.go:800.3,801.1 1 0
github.com/bladeacer/ocd/internal/tui/diffmodel.go:802.2,803.26 2 0
github.com/bladeacer/ocd/internal/tui/diffmodel.go:804.3,805.51 2 0
github.com/bladeacer/ocd/internal/tui/diffmodel.go:806.4,807.1 1 0
github.com/bladeacer/ocd/internal/tui/diffmodel.go:809.2,810.15 2 0
github.com/bladeacer/ocd/internal/tui/diffmodel.go:811.3,812.1 1 0
github.com/bladeacer/ocd/internal/tui/diffmodel.go:813.3,814.1 1 0
github.com/bladeacer/ocd/internal/tui/diffmodel.go:815.2,818.36 4 0
github.com/bladeacer/ocd/internal/tui/diffmodel.go:819.3,822.22 4 0
github.com/bladeacer/ocd/internal/tui/diffmodel.go:823.4,824.26 2 0
github.com/bladeacer/ocd/internal/tui/diffmodel.go:825.5,826.1 1 0
github.com/bladeacer/ocd/internal/tui/diffmodel.go:827.4,827.13 1 0
github.com/bladeacer/ocd/internal/tui/diffmodel.go:828.5,831.1 3 0
github.com/bladeacer/ocd/internal/tui/diffmodel.go:832.5,833.1 1 0
github.com/bladeacer/ocd/internal/tui/diffmodel.go:834.4,836.22 3 0
github.com/bladeacer/ocd/internal/tui/diffmodel.go:837.5,838.1 1 0
github.com/bladeacer/ocd/internal/tui/diffmodel.go:840.3,840.26 1 0
github.com/bladeacer/ocd/internal/tui/diffmodel.go:842.2,842.28 1 0
github.com/bladeacer/ocd/internal/tui/diffmodel.go:854.2,855.30 2 0
github.com/bladeacer/ocd/internal/tui/diffmodel.go:856.3,856.18 1 0
github.com/bladeacer/ocd/internal/tui/diffmodel.go:858.4,864.6 1 0
github.com/bladeacer/ocd/internal/tui/diffmodel.go:866.4,872.6 1 0
github.com/bladeacer/ocd/internal/tui/diffmodel.go:874.4,880.6 1 0
github.com/bladeacer/ocd/internal/tui/diffmodel.go:882.4,886.6 1 0
github.com/bladeacer/ocd/internal/tui/diffmodel.go:888.4,892.6 1 0
github.com/bladeacer/ocd/internal/tui/diffmodel.go:894.4,898.6 1 0
github.com/bladeacer/ocd/internal/tui/diffmodel.go:901.2,901.15 1 0
github.com/bladeacer/ocd/internal/tui/diffmodel.go:905.2,907.23 3 0
github.com/bladeacer/ocd/internal/tui/diffmodel.go:908.3,909.1 1 0
github.com/bladeacer/ocd/internal/tui/diffmodel.go:910.2,910.23 1 0
github.com/bladeacer/ocd/internal/tui/diffmodel.go:911.3,912.1 1 0
github.com/bladeacer/ocd/internal/tui/diffmodel.go:913.2,914.1 2 0
github.com/bladeacer/ocd/internal/tui/diffmodel.go:915.2,915.17 2 0
github.com/bladeacer/ocd/internal/tui/diffmodel.go:917.3,919.4 1 0
github.com/bladeacer/ocd/internal/tui/diffmodel.go:921.3,923.4 1 0
github.com/bladeacer/ocd/internal/tui/diffmodel.go:925.3,927.4 1 0
github.com/bladeacer/ocd/internal/tui/diffmodel.go:929.3,931.4 1 0
github.com/bladeacer/ocd/internal/tui/diffmodel.go:933.3,933.12 1 0
github.com/bladeacer/ocd/internal/tui/diffmodel.go:935.3,935.64 1 0
github.com/bladeacer/ocd/internal/tui/diffmodel.go:940.2,940.12 1 0
github.com/bladeacer/ocd/internal/tui/diffmodel.go:941.3,942.1 1 0
github.com/bladeacer/ocd/internal/tui/diffmodel.go:943.2,944.21 2 0
github.com/bladeacer/ocd/internal/tui/diffmodel.go:945.3,946.1 1 0
github.com/bladeacer/ocd/internal/tui/diffmodel.go:947.2,947.11 1 0
github.com/bladeacer/ocd/internal/tui/diffmodel.go:948.3,949.1 1 0
github.com/bladeacer/ocd/internal/tui/diffmodel.go:950.2,950.26 1 0
github.com/bladeacer/ocd/internal/tui/diffmodel.go:954.2,954.17 1 0
github.com/bladeacer/ocd/internal/tui/diffmodel.go:955.3,956.1 1 0
github.com/bladeacer/ocd/internal/tui/diffmodel.go:957.2,957.42 1 0
github.com/bladeacer/ocd/internal/tui/diffmodel.go:961.2,963.22 3 0
github.com/bladeacer/ocd/internal/tui/diffmodel.go:964.3,964.18 1 0
github.com/bladeacer/ocd/internal/tui/diffmodel.go:965.4,966.12 2 0
github.com/bladeacer/ocd/internal/tui/diffmodel.go:968.3,968.15 1 0
github.com/bladeacer/ocd/internal/tui/diffmodel.go:969.4,969.56 1 0
github.com/bladeacer/ocd/internal/tui/diffmodel.go:970.5,971.1 1 0
github.com/bladeacer/ocd/internal/tui/diffmodel.go:972.4,972.12 1 0
github.com/bladeacer/ocd/internal/tui/diffmodel.go:974.3,974.19 1 0
github.com/bladeacer/ocd/internal/tui/diffmodel.go:976.2,976.21 1 0
github.com/bladeacer/ocd/internal/tui/diffmodel.go:980.2,980.21 1 0
github.com/bladeacer/ocd/internal/tui/diffmodel.go:981.3,982.1 1 0
github.com/bladeacer/ocd/internal/tui/diffmodel.go:983.2,986.14 4 0
github.com/bladeacer/ocd/internal/tui/diffmodel.go:987.3,988.1 1 0
github.com/bladeacer/ocd/internal/tui/diffmodel.go:992.2,993.18 2 0
github.com/bladeacer/ocd/internal/tui/diffmodel.go:994.3,995.1 1 0
github.com/bladeacer/ocd/internal/tui/diffmodel.go:996.2,997.10 2 0
github.com/bladeacer/ocd/internal/tui/diffmodel.go:1001.2,1001.27 1 0
github.com/bladeacer/ocd/internal/tui/diffmodel.go:1003.3,1008.16 6 0
github.com/bladeacer/ocd/internal/tui/diffmodel.go:1011.3,1011.19 1 0
github.com/bladeacer/ocd/internal/tui/diffmodel.go:1012.4,1013.1 1 0
github.com/bladeacer/ocd/internal/tui/diffmodel.go:1014.3,1014.32 1 0
github.com/bladeacer/ocd/internal/tui/diffmodel.go:1017.2,1019.15 3 0
github.com/bladeacer/ocd/internal/tui/diffmodel.go:1031.2,1031.22 1 0
github.com/bladeacer/ocd/internal/tui/diffmodel.go:1033.3,1037.16 5 0
github.com/bladeacer/ocd/internal/tui/diffmodel.go:1040.3,1044.33 5 0
github.com/bladeacer/ocd/internal/tui/diffmodel.go:1045.4,1046.1 1 0
github.com/bladeacer/ocd/internal/tui/diffmodel.go:1047.3,1049.33 3 0
github.com/bladeacer/ocd/internal/tui/diffmodel.go:1050.4,1051.1 1 0
github.com/bladeacer/ocd/internal/tui/diffmodel.go:1052.3,1052.16 1 0
github.com/bladeacer/ocd/internal/tui/diffmodel.go:1055.3,1056.19 2 0
github.com/bladeacer/ocd/internal/tui/diffmodel.go:1057.4,1058.1 1 0
github.com/bladeacer/ocd/internal/tui/diffmodel.go:1059.3,1061.16 3 0
github.com/bladeacer/ocd/internal/tui/diffmodel.go:1064.2,1064.28 1 0
github.com/bladeacer/ocd/internal/tui/diffmodel.go:1065.3,1069.1 4 0
github.com/bladeacer/ocd/internal/tui/diffmodel.go:1071.2,1071.15 1 0
github.com/bladeacer/ocd/internal/tui/diffmodel.go:1075.2,1077.21 3 0
github.com/bladeacer/ocd/internal/tui/diffmodel.go:1078.3,1079.1 1 0
github.com/bladeacer/ocd/internal/tui/diffmodel.go:1080.2,1081.30 2 0
github.com/bladeacer/ocd/internal/tui/diffmodel.go:1082.3,1082.52 1 0
github.com/bladeacer/ocd/internal/tui/diffmodel.go:1083.4,1084.1 1 0
github.com/bladeacer/ocd/internal/tui/diffmodel.go:1089.2,1089.33 1 0
github.com/bladeacer/ocd/internal/tui/diffmodel.go:1090.3,1091.1 1 0
github.com/bladeacer/ocd/internal/tui/diffmodel.go:1092.2,1094.27 3 0
github.com/bladeacer/ocd/internal/tui/diffmodel.go:1095.3,1096.1 1 0
github.com/bladeacer/ocd/internal/tui/diffmodel.go:1100.2,1101.1 2 0
github.com/bladeacer/ocd/internal/tui/diffmodel.go:1102.2,1102.16 2 0
github.com/bladeacer/ocd/internal/tui/diffmodel.go:1103.3,1106.1 3 0
github.com/bladeacer/ocd/internal/tui/diffmodel.go:1108.2,1108.17 1 0
github.com/bladeacer/ocd/internal/tui/diffmodel.go:1109.3,1109.14 1 0
github.com/bladeacer/ocd/internal/tui/diffmodel.go:1111.4,1111.15 1 0
github.com/bladeacer/ocd/internal/tui/diffmodel.go:1113.5,1113.28 1 0
github.com/bladeacer/ocd/internal/tui/diffmodel.go:1115.5,1115.28 1 0
github.com/bladeacer/ocd/internal/tui/diffmodel.go:1117.5,1117.28 1 0
github.com/bladeacer/ocd/internal/tui/diffmodel.go:1119.4,1121.22 3 0
github.com/bladeacer/ocd/internal/tui/diffmodel.go:1123.4,1125.17 3 0
github.com/bladeacer/ocd/internal/tui/diffmodel.go:1127.4,1129.22 3 0
github.com/bladeacer/ocd/internal/tui/diffmodel.go:1131.3,1132.16 2 0
github.com/bladeacer/ocd/internal/tui/diffmodel.go:1135.2,1135.58 1 0
github.com/bladeacer/ocd/internal/tui/diffmodel.go:1136.3,1139.1 3 0
github.com/bladeacer/ocd/internal/tui/diffmodel.go:1141.2,1141.22 1 0
github.com/bladeacer/ocd/internal/tui/diffmodel.go:1142.3,1144.19 3 0
github.com/bladeacer/ocd/internal/tui/diffmodel.go:1145.4,1149.1 4 0
github.com/bladeacer/ocd/internal/tui/diffmodel.go:1150.3,1150.16 1 0
github.com/bladeacer/ocd/internal/tui/diffmodel.go:1153.2,1153.16 1 0
github.com/bladeacer/ocd/internal/tui/diffmodel.go:1154.3,1156.10 3 0
github.com/bladeacer/ocd/internal/tui/diffmodel.go:1158.4,1158.26 1 0
github.com/bladeacer/ocd/internal/tui/diffmodel.go:1159.5,1161.19 3 0
github.com/bladeacer/ocd/internal/tui/diffmodel.go:1162.6,1163.1 1 0
github.com/bladeacer/ocd/internal/tui/diffmodel.go:1164.6,1165.1 1 0
github.com/bladeacer/ocd/internal/tui/diffmodel.go:1167.4,1168.17 2 0
github.com/bladeacer/ocd/internal/tui/diffmodel.go:1170.4,1170.26 1 0
github.com/bladeacer/ocd/internal/tui/diffmodel.go:1171.5,1172.1 1 0
github.com/bladeacer/ocd/internal/tui/diffmodel.go:1173.4,1174.17 2 0
github.com/bladeacer/ocd/internal/tui/diffmodel.go:1176.4,1176.26 1 0
github.com/bladeacer/ocd/internal/tui/diffmodel.go:1177.5,1179.19 3 0
github.com/bladeacer/ocd/internal/tui/diffmodel.go:1180.6,1181.1 1 0
github.com/bladeacer/ocd/internal/tui/diffmodel.go:1182.6,1183.1 1 0
github.com/bladeacer/ocd/internal/tui/diffmodel.go:1185.4,1186.17 2 0
github.com/bladeacer/ocd/internal/tui/diffmodel.go:1188.3,1189.16 2 0
github.com/bladeacer/ocd/internal/tui/diffmodel.go:1192.2,1192.9 1 0
github.com/bladeacer/ocd/internal/tui/diffmodel.go:1194.3,1197.16 4 0
github.com/bladeacer/ocd/internal/tui/diffmodel.go:1199.3,1202.16 4 0
github.com/bladeacer/ocd/internal/tui/diffmodel.go:1205.3,1208.52 4 0
github.com/bladeacer/ocd/internal/tui/diffmodel.go:1209.4,1215.1 6 0
github.com/bladeacer/ocd/internal/tui/diffmodel.go:1216.3,1217.16 2 0
github.com/bladeacer/ocd/internal/tui/diffmodel.go:1219.3,1222.52 4 0
github.com/bladeacer/ocd/internal/tui/diffmodel.go:1223.4,1229.1 6 0
github.com/bladeacer/ocd/internal/tui/diffmodel.go:1230.3,1232.26 3 0
github.com/bladeacer/ocd/internal/tui/diffmodel.go:1233.4,1234.1 1 0
github.com/bladeacer/ocd/internal/tui/diffmodel.go:1235.3,1236.16 2 0
github.com/bladeacer/ocd/internal/tui/diffmodel.go:1239.3,1244.16 6 0
github.com/bladeacer/ocd/internal/tui/diffmodel.go:1247.3,1252.16 6 0
github.com/bladeacer/ocd/internal/tui/diffmodel.go:1255.3,1260.39 6 0
github.com/bladeacer/ocd/internal/tui/diffmodel.go:1261.4,1262.1 1 0
github.com/bladeacer/ocd/internal/tui/diffmodel.go:1263.3,1263.16 1 0
github.com/bladeacer/ocd/internal/tui/diffmodel.go:1266.3,1267.17 2 0
github.com/bladeacer/ocd/internal/tui/diffmodel.go:1268.4,1270.1 2 0
github.com/bladeacer/ocd/internal/tui/diffmodel.go:1271.4,1272.1 1 0
github.com/bladeacer/ocd/internal/tui/diffmodel.go:1273.3,1274.16 2 0
github.com/bladeacer/ocd/internal/tui/diffmodel.go:1276.3,1280.16 5 0
github.com/bladeacer/ocd/internal/tui/diffmodel.go:1283.3,1284.17 2 0
github.com/bladeacer/ocd/internal/tui/diffmodel.go:1285.4,1287.26 3 0
github.com/bladeacer/ocd/internal/tui/diffmodel.go:1288.5,1290.30 3 0
github.com/bladeacer/ocd/internal/tui/diffmodel.go:1291.6,1292.1 1 0
github.com/bladeacer/ocd/internal/tui/diffmodel.go:1293.5,1294.19 2 0
github.com/bladeacer/ocd/internal/tui/diffmodel.go:1295.6,1296.1 1 0
github.com/bladeacer/ocd/internal/tui/diffmodel.go:1299.4,1300.1 1 0
github.com/bladeacer/ocd/internal/tui/diffmodel.go:1301.3,1302.16 2 0
github.com/bladeacer/ocd/internal/tui/diffmodel.go:1305.3,1312.16 8 0
github.com/bladeacer/ocd/internal/tui/diffmodel.go:1315.3,1317.17 3 0
github.com/bladeacer/ocd/internal/tui/diffmodel.go:1318.4,1320.1 2 0
github.com/bladeacer/ocd/internal/tui/diffmodel.go:1321.3,1322.16 2 0
github.com/bladeacer/ocd/internal/tui/diffmodel.go:1325.3,1328.24 4 0
github.com/bladeacer/ocd/internal/tui/diffmodel.go:1331.3,1336.16 6 0
github.com/bladeacer/ocd/internal/tui/diffmodel.go:1339.3,1344.16 6 0
github.com/bladeacer/ocd/internal/tui/diffmodel.go:1347.3,1350.29 4 0
github.com/bladeacer/ocd/internal/tui/diffmodel.go:1353.3,1356.16 4 0
github.com/bladeacer/ocd/internal/tui/diffmodel.go:1359.3,1362.16 4 0
github.com/bladeacer/ocd/internal/tui/diffmodel.go:1365.2,1365.16 1 0
github.com/bladeacer/ocd/internal/tui/diffmodel.go:1366.3,1368.1 2 0
github.com/bladeacer/ocd/internal/tui/diffmodel.go:1369.2,1372.1 4 0
github.com/bladeacer/ocd/internal/tui/diffmodel.go:1373.2,1373.53 4 0
github.com/bladeacer/ocd/internal/tui/diffmodel.go:1374.3,1375.25 2 0
github.com/bladeacer/ocd/internal/tui/diffmodel.go:1376.4,1378.1 2 0
github.com/bladeacer/ocd/internal/tui/diffmodel.go:1381.2,1383.15 3 0
github.com/bladeacer/ocd/internal/tui/diffmodel.go:1387.2,1388.52 2 0
github.com/bladeacer/ocd/internal/tui/diffmodel.go:1389.3,1390.1 1 0
github.com/bladeacer/ocd/internal/tui/diffmodel.go:1391.2,1391.34 1 0
github.com/bladeacer/ocd/internal/tui/diffmodel.go:1395.2,1395.24 1 0
github.com/bladeacer/ocd/internal/tui/diffmodel.go:1396.3,1396.26 1 0
github.com/bladeacer/ocd/internal/tui/diffmodel.go:1397.4,1398.1 1 0
github.com/bladeacer/ocd/internal/tui/diffmodel.go:1399.3,1401.39 3 0
github.com/bladeacer/ocd/internal/tui/diffmodel.go:1402.4,1403.1 1 0
github.com/bladeacer/ocd/internal/tui/diffmodel.go:1404.3,1405.50 2 0
github.com/bladeacer/ocd/internal/tui/diffmodel.go:1406.4,1407.1 1 0
github.com/bladeacer/ocd/internal/tui/diffmodel.go:1408.3,1408.13 1 0
github.com/bladeacer/ocd/internal/tui/diffmodel.go:1413.2,1413.24 1 0
github.com/bladeacer/ocd/internal/tui/diffmodel.go:1414.3,1414.61 1 0
github.com/bladeacer/ocd/internal/tui/diffmodel.go:1415.4,1416.1 1 0
github.com/bladeacer/ocd/internal/tui/diffmodel.go:1417.3,1418.42 2 0
github.com/bladeacer/ocd/internal/tui/diffmodel.go:1419.4,1420.37 2 0
github.com/bladeacer/ocd/internal/tui/diffmodel.go:1421.5,1421.60 1 0
github.com/bladeacer/ocd/internal/tui/diffmodel.go:1422.6,1423.1 1 0
github.com/bladeacer/ocd/internal/tui/diffmodel.go:1425.4,1425.51 1 0
github.com/bladeacer/ocd/internal/tui/diffmodel.go:1426.5,1427.1 1 0
github.com/bladeacer/ocd/internal/tui/diffmodel.go:1429.3,1429.13 1 0
github.com/bladeacer/ocd/internal/tui/diffmodel.go:1434.2,1434.24 1 0
github.com/bladeacer/ocd/internal/tui/diffmodel.go:1435.3,1435.22 1 0
github.com/bladeacer/ocd/internal/tui/diffmodel.go:1436.4,1437.1 1 0
github.com/bladeacer/ocd/internal/tui/diffmodel.go:1438.3,1438.26 1 0
github.com/bladeacer/ocd/internal/tui/diffmodel.go:1439.4,1443.1 4 0
github.com/bladeacer/ocd/internal/tui/diffmodel.go:1444.3,1446.70 3 0
github.com/bladeacer/ocd/internal/tui/diffmodel.go:1447.4,1448.1 1 0
github.com/bladeacer/ocd/internal/tui/diffmodel.go:1449.4,1450.1 1 0
github.com/bladeacer/ocd/internal/tui/diffmodel.go:1451.3,1451.13 1 0
github.com/bladeacer/ocd/internal/tui/diffmodel.go:1456.2,1456.21 1 0
github.com/bladeacer/ocd/internal/tui/diffmodel.go:1457.3,1458.1 1 0
github.com/bladeacer/ocd/internal/tui/diffmodel.go:1459.2,1462.81 4 0
github.com/bladeacer/ocd/internal/tui/diffmodel.go:1466.2,1466.24 1 0
github.com/bladeacer/ocd/internal/tui/diffmodel.go:1467.3,1468.50 2 0
github.com/bladeacer/ocd/internal/tui/diffmodel.go:1469.4,1470.1 1 0
github.com/bladeacer/ocd/internal/tui/diffmodel.go:1471.3,1471.13 1 0
github.com/bladeacer/ocd/internal/tui/diffmodel.go:1476.2,1477.16 2 0
github.com/bladeacer/ocd/internal/tui/diffmodel.go:1478.3,1479.1 1 0
github.com/bladeacer/ocd/internal/tui/diffmodel.go:1480.2,1481.56 2 0
github.com/bladeacer/ocd/internal/tui/diffmodel.go:1482.3,1484.1 2 0
github.com/bladeacer/ocd/internal/tui/diffmodel.go:1485.2,1486.1 3 0
github.com/bladeacer/ocd/internal/tui/diffmodel.go:1487.2,1488.18 3 0
github.com/bladeacer/ocd/internal/tui/diffmodel.go:1489.3,1490.1 1 0
github.com/bladeacer/ocd/internal/tui/diffmodel.go:1491.2,1491.18 1 0
github.com/bladeacer/ocd/internal/tui/diffmodel.go:1492.3,1492.51 1 0
github.com/bladeacer/ocd/internal/tui/diffmodel.go:1493.4,1494.1 1 0
github.com/bladeacer/ocd/internal/tui/diffmodel.go:1495.4,1496.1 1 0
github.com/bladeacer/ocd/internal/tui/diffmodel.go:1498.2,1498.22 1 0
github.com/bladeacer/ocd/internal/tui/diffmodel.go:1499.3,1500.55 2 0
[...]
github.com/bladeacer/ocd/internal/tui/diffmodel.go:1593.2,1593.59 2 1
github.com/bladeacer/ocd/internal/tui/diffmodel.go:1597.2,1611.1 8 1
github.com/bladeacer/ocd/internal/tui/diffmodel.go:1614.2,1630.1 7 1
github.com/bladeacer/ocd/internal/tui/diffmodel.go:1631.2,1641.1 7 1
github.com/bladeacer/ocd/internal/tui/diffmodel.go:1644.2,1647.16 4 0
github.com/bladeacer/ocd/internal/tui/diffmodel.go:1648.3,1649.1 1 0
github.com/bladeacer/ocd/internal/tui/diffmodel.go:1650.2,1651.9 2 0
github.com/bladeacer/ocd/internal/tui/diffmodel.go:1652.3,1653.1 1 0
github.com/bladeacer/ocd/internal/tui/diffmodel.go:1654.2,1654.51 1 0
github.com/bladeacer/ocd/internal/tui/diffmodel.go:1655.3,1657.80 3 0
github.com/bladeacer/ocd/internal/tui/diffmodel.go:1658.4,1659.1 1 0
github.com/bladeacer/ocd/internal/tui/diffmodel.go:1660.4,1661.1 1 0
github.com/bladeacer/ocd/internal/tui/diffmodel.go:1663.2,1663.12 1 0
github.com/bladeacer/ocd/internal/tui/model.go:69.2,72.1 12 0
github.com/bladeacer/ocd/internal/tui/model.go:73.2,82.1 12 0
github.com/bladeacer/ocd/internal/tui/model.go:84.2,90.1 12 0
github.com/bladeacer/ocd/internal/tui/model.go:91.2,95.1 12 0
github.com/bladeacer/ocd/internal/tui/model.go:96.2,114.1 12 0
github.com/bladeacer/ocd/internal/tui/model.go:116.2,117.1 12 0
github.com/bladeacer/ocd/internal/tui/model.go:120.2,121.1 1 0
github.com/bladeacer/ocd/internal/tui/model.go:124.2,126.1 2 1
github.com/bladeacer/ocd/internal/tui/model.go:129.2,131.1 2 0
github.com/bladeacer/ocd/internal/tui/model.go:134.2,134.27 1 1
github.com/bladeacer/ocd/internal/tui/model.go:136.3,138.16 3 1
github.com/bladeacer/ocd/internal/tui/model.go:141.3,142.30 2 0
github.com/bladeacer/ocd/internal/tui/model.go:143.4,145.1 2 0
github.com/bladeacer/ocd/internal/tui/model.go:146.3,149.16 4 0
github.com/bladeacer/ocd/internal/tui/model.go:152.3,152.30 1 0
github.com/bladeacer/ocd/internal/tui/model.go:153.4,154.42 2 0
github.com/bladeacer/ocd/internal/tui/model.go:155.5,156.1 1 0
github.com/bladeacer/ocd/internal/tui/model.go:157.4,157.26 1 0
github.com/bladeacer/ocd/internal/tui/model.go:159.3,159.16 1 0
github.com/bladeacer/ocd/internal/tui/model.go:162.3,162.26 1 0
github.com/bladeacer/ocd/internal/tui/model.go:165.3,167.16 3 0
github.com/bladeacer/ocd/internal/tui/model.go:170.2,170.15 1 0
github.com/bladeacer/ocd/internal/tui/model.go:174.2,174.17 1 1
github.com/bladeacer/ocd/internal/tui/model.go:176.3,176.33 1 1
github.com/bladeacer/ocd/internal/tui/model.go:178.3,178.31 1 1
github.com/bladeacer/ocd/internal/tui/model.go:180.3,180.32 1 1
github.com/bladeacer/ocd/internal/tui/model.go:182.3,182.33 1 1
github.com/bladeacer/ocd/internal/tui/model.go:184.2,184.15 1 0
github.com/bladeacer/ocd/internal/tui/model.go:188.2,188.53 1 1
github.com/bladeacer/ocd/internal/tui/model.go:189.3,190.1 1 1
github.com/bladeacer/ocd/internal/tui/model.go:191.2,191.15 1 1
github.com/bladeacer/ocd/internal/tui/model.go:195.2,196.1 2 1
github.com/bladeacer/ocd/internal/tui/model.go:197.2,197.16 2 1
github.com/bladeacer/ocd/internal/tui/model.go:198.3,200.1 2 1
github.com/bladeacer/ocd/internal/tui/model.go:202.2,202.13 1 1
github.com/bladeacer/ocd/internal/tui/model.go:204.3,204.21 1 1
github.com/bladeacer/ocd/internal/tui/model.go:207.3,208.16 2 1
github.com/bladeacer/ocd/internal/tui/model.go:211.3,211.23 1 1
github.com/bladeacer/ocd/internal/tui/model.go:214.3,217.16 4 1
github.com/bladeacer/ocd/internal/tui/model.go:220.3,221.19 2 1
github.com/bladeacer/ocd/internal/tui/model.go:224.3,225.19 2 1
github.com/bladeacer/ocd/internal/tui/model.go:228.3,229.19 2 1
github.com/bladeacer/ocd/internal/tui/model.go:232.3,233.19 2 1
github.com/bladeacer/ocd/internal/tui/model.go:236.3,237.16 2 1
github.com/bladeacer/ocd/internal/tui/model.go:240.2,242.15 3 1
github.com/bladeacer/ocd/internal/tui/model.go:246.2,246.22 1 1
github.com/bladeacer/ocd/internal/tui/model.go:248.3,253.16 6 1
github.com/bladeacer/ocd/internal/tui/model.go:256.3,260.16 5 1
github.com/bladeacer/ocd/internal/tui/model.go:263.3,264.19 2 1
github.com/bladeacer/ocd/internal/tui/model.go:265.4,266.1 1 1
github.com/bladeacer/ocd/internal/tui/model.go:267.3,269.16 3 1
github.com/bladeacer/ocd/internal/tui/model.go:271.3,277.16 7 1
github.com/bladeacer/ocd/internal/tui/model.go:280.2,280.28 1 1
github.com/bladeacer/ocd/internal/tui/model.go:281.3,285.1 4 1
github.com/bladeacer/ocd/internal/tui/model.go:287.2,287.15 1 0
github.com/bladeacer/ocd/internal/tui/model.go:291.2,291.22 1 1
github.com/bladeacer/ocd/internal/tui/model.go:293.3,293.21 1 1
github.com/bladeacer/ocd/internal/tui/model.go:295.3,297.16 3 1
github.com/bladeacer/ocd/internal/tui/model.go:299.2,299.15 1 0
github.com/bladeacer/ocd/internal/tui/model.go:303.2,304.16 2 1
github.com/bladeacer/ocd/internal/tui/model.go:305.3,306.1 1 1
github.com/bladeacer/ocd/internal/tui/model.go:307.2,309.15 3 1
github.com/bladeacer/ocd/internal/tui/model.go:313.2,314.1 2 1
github.com/bladeacer/ocd/internal/tui/model.go:315.2,315.29 2 1
github.com/bladeacer/ocd/internal/tui/model.go:316.3,319.1 4 1
github.com/bladeacer/ocd/internal/tui/model.go:320.3,320.42 4 1
github.com/bladeacer/ocd/internal/tui/model.go:321.4,321.12 1 1
github.com/bladeacer/ocd/internal/tui/model.go:323.3,323.25 1 1
github.com/bladeacer/ocd/internal/tui/model.go:324.4,325.35 2 1
github.com/bladeacer/ocd/internal/tui/model.go:326.5,326.29 1 1
github.com/bladeacer/ocd/internal/tui/model.go:327.6,328.11 2 1
github.com/bladeacer/ocd/internal/tui/model.go:331.4,331.15 1 1
github.com/bladeacer/ocd/internal/tui/model.go:332.5,332.13 1 1
github.com/bladeacer/ocd/internal/tui/model.go:335.3,335.46 1 1
github.com/bladeacer/ocd/internal/tui/model.go:336.4,336.12 1 0
github.com/bladeacer/ocd/internal/tui/model.go:338.3,338.26 1 1
github.com/bladeacer/ocd/internal/tui/model.go:339.4,340.69 2 1
github.com/bladeacer/ocd/internal/tui/model.go:341.5,341.13 1 1
github.com/bladeacer/ocd/internal/tui/model.go:344.3,344.35 1 1
github.com/bladeacer/ocd/internal/tui/model.go:347.2,348.21 2 1
github.com/bladeacer/ocd/internal/tui/model.go:352.2,353.1 1 1
github.com/bladeacer/ocd/internal/tui/model.go:356.2,357.17 2 1
github.com/bladeacer/ocd/internal/tui/model.go:358.3,359.1 1 1
github.com/bladeacer/ocd/internal/tui/model.go:361.2,363.1 3 1
github.com/bladeacer/ocd/internal/tui/model.go:364.2,364.41 3 1
github.com/bladeacer/ocd/internal/tui/model.go:365.3,367.1 3 1
github.com/bladeacer/ocd/internal/tui/model.go:368.3,368.23 3 1
github.com/bladeacer/ocd/internal/tui/model.go:369.4,371.22 3 1
github.com/bladeacer/ocd/internal/tui/model.go:372.5,373.1 1 1
github.com/bladeacer/ocd/internal/tui/model.go:375.3,375.37 1 1
github.com/bladeacer/ocd/internal/tui/model.go:378.2,378.23 1 1
github.com/bladeacer/ocd/internal/tui/model.go:382.2,383.1 3 1
github.com/bladeacer/ocd/internal/tui/model.go:384.2,385.37 3 1
github.com/bladeacer/ocd/internal/tui/model.go:386.3,387.1 1 1
github.com/bladeacer/ocd/internal/tui/model.go:389.2,390.1 3 1
github.com/bladeacer/ocd/internal/tui/model.go:391.2,392.46 3 1
github.com/bladeacer/ocd/internal/tui/model.go:393.3,397.1 1 1
github.com/bladeacer/ocd/internal/tui/model.go:399.2,400.1 2 1
github.com/bladeacer/ocd/internal/tui/model.go:401.2,401.36 2 1
github.com/bladeacer/ocd/internal/tui/model.go:402.3,404.16 3 1
github.com/bladeacer/ocd/internal/tui/model.go:405.4,405.12 1 0
github.com/bladeacer/ocd/internal/tui/model.go:407.3,408.1 4 1
github.com/bladeacer/ocd/internal/tui/model.go:409.3,411.16 4 1
github.com/bladeacer/ocd/internal/tui/model.go:412.4,412.38 1 1
github.com/bladeacer/ocd/internal/tui/model.go:413.5,414.1 1 1
github.com/bladeacer/ocd/internal/tui/model.go:417.3,419.33 3 1
github.com/bladeacer/ocd/internal/tui/model.go:420.4,420.17 1 1
github.com/bladeacer/ocd/internal/tui/model.go:421.5,422.1 1 1
github.com/bladeacer/ocd/internal/tui/model.go:423.5,424.1 1 1
github.com/bladeacer/ocd/internal/tui/model.go:427.3,428.52 2 1
github.com/bladeacer/ocd/internal/tui/model.go:429.4,430.1 1 0
github.com/bladeacer/ocd/internal/tui/model.go:432.3,433.21 2 1
github.com/bladeacer/ocd/internal/tui/model.go:434.4,435.1 1 0
github.com/bladeacer/ocd/internal/tui/model.go:437.3,446.5 1 1
github.com/bladeacer/ocd/internal/tui/model.go:449.2,450.19 2 1
github.com/bladeacer/ocd/internal/tui/model.go:454.2,464.1 1 1
github.com/bladeacer/ocd/internal/tui/model.go:467.2,469.16 3 0
github.com/bladeacer/ocd/internal/tui/model.go:470.3,471.1 1 0
github.com/bladeacer/ocd/internal/tui/model.go:472.2,473.9 2 0
github.com/bladeacer/ocd/internal/tui/model.go:474.3,475.1 1 0
github.com/bladeacer/ocd/internal/tui/model.go:476.2,476.30 1 0
github.com/bladeacer/ocd/internal/tui/model.go:477.3,478.1 1 0
github.com/bladeacer/ocd/internal/tui/model.go:479.2,479.25 1 0
github.com/bladeacer/ocd/internal/tui/model.go:483.2,485.26 3 1
github.com/bladeacer/ocd/internal/tui/model.go:486.3,486.12 1 1
github.com/bladeacer/ocd/internal/tui/model.go:487.4,488.1 1 1
github.com/bladeacer/ocd/internal/tui/model.go:490.2,490.13 1 1
github.com/bladeacer/ocd/internal/tui/model.go:494.2,495.22 2 1
github.com/bladeacer/ocd/internal/tui/model.go:496.3,496.27 1 1
github.com/bladeacer/ocd/internal/tui/model.go:497.4,498.1 1 1
github.com/bladeacer/ocd/internal/tui/model.go:500.2,500.10 1 1
github.com/bladeacer/ocd/internal/tui/model.go:504.2,504.25 1 1
github.com/bladeacer/ocd/internal/tui/model.go:505.3,507.17 3 1
github.com/bladeacer/ocd/internal/tui/model.go:508.4,509.1 1 1
github.com/bladeacer/ocd/internal/tui/model.go:510.3,510.17 1 1
github.com/bladeacer/ocd/internal/tui/model.go:511.4,512.1 1 1
github.com/bladeacer/ocd/internal/tui/model.go:513.3,513.15 1 1
github.com/bladeacer/ocd/internal/tui/model.go:514.4,515.1 1 1
github.com/bladeacer/ocd/internal/tui/model.go:517.2,517.10 1 1
github.com/bladeacer/ocd/internal/tui/model.go:521.2,521.37 1 1
github.com/bladeacer/ocd/internal/tui/model.go:522.3,523.1 1 1
github.com/bladeacer/ocd/internal/tui/model.go:524.2,524.16 1 1
github.com/bladeacer/ocd/internal/tui/model.go:526.3,526.11 1 1
github.com/bladeacer/ocd/internal/tui/model.go:528.3,528.11 1 1
github.com/bladeacer/ocd/internal/tui/model.go:530.3,530.11 1 1
github.com/bladeacer/ocd/internal/tui/model.go:532.2,532.10 1 1
github.com/bladeacer/ocd/internal/tui/model.go:536.2,536.13 1 1
github.com/bladeacer/ocd/internal/tui/model.go:537.3,538.1 1 1
github.com/bladeacer/ocd/internal/tui/model.go:539.2,539.16 1 1
github.com/bladeacer/ocd/internal/tui/pickermodel.go:48.2,54.1 8 1
github.com/bladeacer/ocd/internal/tui/pickermodel.go:56.2,62.1 8 1
github.com/bladeacer/ocd/internal/tui/pickermodel.go:63.2,67.1 8 1
github.com/bladeacer/ocd/internal/tui/pickermodel.go:68.2,76.1 8 1
github.com/bladeacer/ocd/internal/tui/pickermodel.go:80.2,81.1 1 1
github.com/bladeacer/ocd/internal/tui/pickermodel.go:84.2,86.1 2 0
github.com/bladeacer/ocd/internal/tui/pickermodel.go:89.2,89.27 1 1
github.com/bladeacer/ocd/internal/tui/pickermodel.go:91.3,92.30 2 1
github.com/bladeacer/ocd/internal/tui/pickermodel.go:93.4,95.1 2 1
github.com/bladeacer/ocd/internal/tui/pickermodel.go:96.3,98.16 3 1
github.com/bladeacer/ocd/internal/tui/pickermodel.go:101.3,103.16 3 0
github.com/bladeacer/ocd/internal/tui/pickermodel.go:106.3,106.38 1 0
github.com/bladeacer/ocd/internal/tui/pickermodel.go:107.4,107.55 1 0
github.com/bladeacer/ocd/internal/tui/pickermodel.go:108.5,110.1 2 0
github.com/bladeacer/ocd/internal/tui/pickermodel.go:111.4,111.17 1 0
github.com/bladeacer/ocd/internal/tui/pickermodel.go:114.3,114.26 1 0
github.com/bladeacer/ocd/internal/tui/pickermodel.go:117.2,117.15 1 0
github.com/bladeacer/ocd/internal/tui/pickermodel.go:121.2,121.18 1 1
github.com/bladeacer/ocd/internal/tui/pickermodel.go:122.3,123.1 1 0
github.com/bladeacer/ocd/internal/tui/pickermodel.go:125.2,126.1 2 1
github.com/bladeacer/ocd/internal/tui/pickermodel.go:127.2,127.16 2 1
github.com/bladeacer/ocd/internal/tui/pickermodel.go:128.3,130.1 2 1
github.com/bladeacer/ocd/internal/tui/pickermodel.go:132.2,132.13 1 1
github.com/bladeacer/ocd/internal/tui/pickermodel.go:134.3,135.21 2 0
github.com/bladeacer/ocd/internal/tui/pickermodel.go:137.3,138.16 2 1
github.com/bladeacer/ocd/internal/tui/pickermodel.go:140.3,143.16 4 1
github.com/bladeacer/ocd/internal/tui/pickermodel.go:145.3,145.27 1 1
github.com/bladeacer/ocd/internal/tui/pickermodel.go:147.3,148.18 2 1
github.com/bladeacer/ocd/internal/tui/pickermodel.go:150.3,151.18 2 1
github.com/bladeacer/ocd/internal/tui/pickermodel.go:153.3,154.16 2 1
github.com/bladeacer/ocd/internal/tui/pickermodel.go:157.2,159.15 3 1
github.com/bladeacer/ocd/internal/tui/pickermodel.go:163.2,163.22 1 1
github.com/bladeacer/ocd/internal/tui/pickermodel.go:165.3,170.16 6 1
github.com/bladeacer/ocd/internal/tui/pickermodel.go:172.3,176.16 5 1
github.com/bladeacer/ocd/internal/tui/pickermodel.go:178.3,179.19 2 1
github.com/bladeacer/ocd/internal/tui/pickermodel.go:180.4,181.1 1 1
github.com/bladeacer/ocd/internal/tui/pickermodel.go:182.3,184.16 3 1
github.com/bladeacer/ocd/internal/tui/pickermodel.go:186.3,192.16 7 1
github.com/bladeacer/ocd/internal/tui/pickermodel.go:195.2,195.28 1 1
github.com/bladeacer/ocd/internal/tui/pickermodel.go:196.3,200.1 4 1
github.com/bladeacer/ocd/internal/tui/pickermodel.go:202.2,202.15 1 0
github.com/bladeacer/ocd/internal/tui/pickermodel.go:206.2,207.16 2 1
github.com/bladeacer/ocd/internal/tui/pickermodel.go:208.3,209.1 1 1
github.com/bladeacer/ocd/internal/tui/pickermodel.go:210.2,211.29 2 1
github.com/bladeacer/ocd/internal/tui/pickermodel.go:212.3,217.1 5 1
github.com/bladeacer/ocd/internal/tui/pickermodel.go:218.3,221.1 3 1
github.com/bladeacer/ocd/internal/tui/pickermodel.go:222.2,222.15 1 1
github.com/bladeacer/ocd/internal/tui/pickermodel.go:226.2,227.38 2 1
github.com/bladeacer/ocd/internal/tui/pickermodel.go:228.3,232.1 1 1
github.com/bladeacer/ocd/internal/tui/pickermodel.go:234.2,236.37 3 1
github.com/bladeacer/ocd/internal/tui/pickermodel.go:237.3,238.1 1 1
github.com/bladeacer/ocd/internal/tui/pickermodel.go:240.2,240.24 1 1
github.com/bladeacer/ocd/internal/tui/pickermodel.go:241.3,241.58 1 1
github.com/bladeacer/ocd/internal/tui/pickermodel.go:242.4,242.12 1 1
github.com/bladeacer/ocd/internal/tui/pickermodel.go:244.3,245.21 2 1
github.com/bladeacer/ocd/internal/tui/pickermodel.go:246.4,247.1 1 0
github.com/bladeacer/ocd/internal/tui/pickermodel.go:249.3,250.31 2 1
github.com/bladeacer/ocd/internal/tui/pickermodel.go:251.4,251.28 1 1
github.com/bladeacer/ocd/internal/tui/pickermodel.go:252.5,253.1 1 1
github.com/bladeacer/ocd/internal/tui/pickermodel.go:254.5,255.1 1 1
github.com/bladeacer/ocd/internal/tui/pickermodel.go:258.3,259.16 2 1
github.com/bladeacer/ocd/internal/tui/pickermodel.go:260.4,261.1 1 1
github.com/bladeacer/ocd/internal/tui/pickermodel.go:262.4,263.1 1 1
github.com/bladeacer/ocd/internal/tui/pickermodel.go:265.3,271.5 1 1
github.com/bladeacer/ocd/internal/tui/pickermodel.go:273.2,273.15 1 1
github.com/bladeacer/ocd/internal/tui/pickermodel.go:277.2,279.1 2 1
github.com/bladeacer/ocd/internal/tui/pickermodel.go:282.2,283.1 2 1
github.com/bladeacer/ocd/internal/tui/pickermodel.go:284.2,284.29 2 1
github.com/bladeacer/ocd/internal/tui/pickermodel.go:285.3,285.43 1 1
github.com/bladeacer/ocd/internal/tui/pickermodel.go:286.4,286.12 1 1
github.com/bladeacer/ocd/internal/tui/pickermodel.go:288.3,288.44 1 1
github.com/bladeacer/ocd/internal/tui/pickermodel.go:289.4,290.35 2 1
github.com/bladeacer/ocd/internal/tui/pickermodel.go:291.5,291.28 1 1
github.com/bladeacer/ocd/internal/tui/pickermodel.go:292.6,293.11 2 1
github.com/bladeacer/ocd/internal/tui/pickermodel.go:296.4,296.15 1 1
github.com/bladeacer/ocd/internal/tui/pickermodel.go:297.5,297.13 1 1
github.com/bladeacer/ocd/internal/tui/pickermodel.go:300.3,300.22 1 1
github.com/bladeacer/ocd/internal/tui/pickermodel.go:301.4,302.63 2 1
github.com/bladeacer/ocd/internal/tui/pickermodel.go:303.5,303.13 1 0
github.com/bladeacer/ocd/internal/tui/pickermodel.go:306.3,306.35 1 1
github.com/bladeacer/ocd/internal/tui/pickermodel.go:309.2,309.49 1 1
github.com/bladeacer/ocd/internal/tui/pickermodel.go:310.3,312.19 3 1
github.com/bladeacer/ocd/internal/tui/pickermodel.go:313.4,314.1 1 0
github.com/bladeacer/ocd/internal/tui/pickermodel.go:315.3,318.8 1 1
github.com/bladeacer/ocd/internal/tui/pickermodel.go:321.2,321.25 1 1
github.com/bladeacer/ocd/internal/tui/pickermodel.go:325.2,325.18 1 1
github.com/bladeacer/ocd/internal/tui/pickermodel.go:326.3,327.1 1 1
github.com/bladeacer/ocd/internal/tui/pickermodel.go:328.2,328.21 1 1
github.com/bladeacer/ocd/internal/tui/pickermodel.go:329.3,330.1 1 1
github.com/bladeacer/ocd/internal/tui/pickermodel.go:332.2,332.16 1 1
github.com/bladeacer/ocd/internal/tui/pickermodel.go:333.3,343.1 4 1
github.com/bladeacer/ocd/internal/tui/pickermodel.go:344.3,347.1 4 1
github.com/bladeacer/ocd/internal/tui/pickermodel.go:349.2,350.30 2 0
github.com/bladeacer/ocd/internal/tui/pickermodel.go:351.3,352.1 1 0
github.com/bladeacer/ocd/internal/tui/pickermodel.go:354.2,355.18 2 0
github.com/bladeacer/ocd/internal/tui/pickermodel.go:356.3,357.1 1 0
github.com/bladeacer/ocd/internal/tui/pickermodel.go:359.2,363.1 3 0
github.com/bladeacer/ocd/internal/tui/pickermodel.go:364.2,365.1 3 0
github.com/bladeacer/ocd/internal/tui/pickermodel.go:366.2,366.92 3 0
github.com/bladeacer/ocd/internal/tui/pickermodel.go:370.2,373.16 4 0
github.com/bladeacer/ocd/internal/tui/pickermodel.go:374.3,375.1 1 0
github.com/bladeacer/ocd/internal/tui/pickermodel.go:376.2,377.25 2 0
github.com/bladeacer/ocd/internal/tui/pickermodel.go:378.3,379.1 1 0
github.com/bladeacer/ocd/internal/tui/pickermodel.go:380.2,380.47 1 0
github.com/bladeacer/ocd/internal/tui/spinner.go:19.2,26.1 4 1
github.com/bladeacer/ocd/internal/tui/spinner.go:30.2,31.1 1 1
github.com/bladeacer/ocd/internal/tui/spinner.go:34.2,36.1 2 1
github.com/bladeacer/ocd/internal/tui/spinner.go:39.2,39.27 1 1
github.com/bladeacer/ocd/internal/tui/spinner.go:41.3,42.37 2 1
github.com/bladeacer/ocd/internal/tui/spinner.go:43.4,44.1 1 1
github.com/bladeacer/ocd/internal/tui/spinner.go:45.3,45.25 1 1
github.com/bladeacer/ocd/internal/tui/spinner.go:47.3,49.16 3 1
github.com/bladeacer/ocd/internal/tui/spinner.go:51.2,51.15 1 0
github.com/bladeacer/ocd/internal/tui/spinner.go:55.2,58.1 3 1
github.com/bladeacer/ocd/internal/tui/spinner.go:61.2,62.1 1 1
github.com/bladeacer/ocd/internal/tui/styles.go:43.2,54.1 4 1
github.com/bladeacer/ocd/internal/tui/view.go:18.2,18.17 1 1
github.com/bladeacer/ocd/internal/tui/view.go:20.3,20.25 1 1
github.com/bladeacer/ocd/internal/tui/view.go:22.3,22.30 1 1
github.com/bladeacer/ocd/internal/tui/view.go:24.3,24.25 1 1
github.com/bladeacer/ocd/internal/tui/view.go:26.2,26.11 1 0
github.com/bladeacer/ocd/internal/tui/view.go:30.2,30.18 1 1
github.com/bladeacer/ocd/internal/tui/view.go:31.3,32.1 1 1
github.com/bladeacer/ocd/internal/tui/view.go:34.2,36.1 3 1
github.com/bladeacer/ocd/internal/tui/view.go:37.2,37.84 3 1
github.com/bladeacer/ocd/internal/tui/view.go:41.2,41.16 1 1
github.com/bladeacer/ocd/internal/tui/view.go:42.3,43.1 1 0
github.com/bladeacer/ocd/internal/tui/view.go:45.2,46.1 3 1
github.com/bladeacer/ocd/internal/tui/view.go:47.2,48.1 3 1
github.com/bladeacer/ocd/internal/tui/view.go:49.2,49.28 3 1
github.com/bladeacer/ocd/internal/tui/view.go:50.3,52.1 2 1
github.com/bladeacer/ocd/internal/tui/view.go:54.2,56.1 4 1
github.com/bladeacer/ocd/internal/tui/view.go:57.2,58.1 4 1
github.com/bladeacer/ocd/internal/tui/view.go:59.2,59.19 4 1
github.com/bladeacer/ocd/internal/tui/view.go:63.2,76.1 6 1
github.com/bladeacer/ocd/internal/tui/view.go:77.2,82.1 6 1
github.com/bladeacer/ocd/internal/tui/view.go:85.2,86.1 3 1
github.com/bladeacer/ocd/internal/tui/view.go:87.2,94.1 3 1
github.com/bladeacer/ocd/internal/tui/view.go:97.2,97.12 1 1
github.com/bladeacer/ocd/internal/tui/view.go:98.3,99.1 1 1
github.com/bladeacer/ocd/internal/tui/view.go:100.2,100.53 1 1
github.com/bladeacer/ocd/internal/tui/view.go:104.2,111.1 3 1
