mode: set
github.com/bladeacer/ocd/main.go:19.2,28.1 8 0
github.com/bladeacer/ocd/main.go:30.2,36.1 8 0
github.com/bladeacer/ocd/main.go:37.2,37.39 8 0
github.com/bladeacer/ocd/main.go:38.3,40.1 2 0
github.com/bladeacer/ocd/main.go:19.2,28.1 8 0
github.com/bladeacer/ocd/main.go:30.2,36.1 8 0
github.com/bladeacer/ocd/main.go:37.2,37.39 8 0
github.com/bladeacer/ocd/main.go:38.3,40.1 2 0
github.com/bladeacer/ocd/cmd/check.go:15.2,18.1 4 0
github.com/bladeacer/ocd/cmd/check.go:19.2,35.55 4 0
github.com/bladeacer/ocd/cmd/check.go:36.4,38.1 4 0
github.com/bladeacer/ocd/cmd/check.go:39.4,40.21 4 0
github.com/bladeacer/ocd/cmd/check.go:41.5,42.1 1 0
github.com/bladeacer/ocd/cmd/check.go:45.4,45.45 1 0
github.com/bladeacer/ocd/cmd/check.go:46.5,47.1 1 0
github.com/bladeacer/ocd/cmd/check.go:48.4,48.20 1 0
github.com/bladeacer/ocd/cmd/check.go:49.5,50.1 1 0
github.com/bladeacer/ocd/cmd/check.go:51.4,51.20 1 0
github.com/bladeacer/ocd/cmd/check.go:52.5,53.1 1 0
github.com/bladeacer/ocd/cmd/check.go:55.4,55.48 1 0
github.com/bladeacer/ocd/cmd/check.go:56.5,57.1 1 0
github.com/bladeacer/ocd/cmd/check.go:59.4,60.18 2 0
github.com/bladeacer/ocd/cmd/check.go:61.5,62.1 1 0
github.com/bladeacer/ocd/cmd/check.go:63.4,64.18 2 0
github.com/bladeacer/ocd/cmd/check.go:65.5,66.1 1 0
github.com/bladeacer/ocd/cmd/check.go:68.4,70.18 3 0
github.com/bladeacer/ocd/cmd/check.go:71.5,72.1 1 0
github.com/bladeacer/ocd/cmd/check.go:74.4,75.1 2 0
github.com/bladeacer/ocd/cmd/check.go:76.4,76.15 2 0
github.com/bladeacer/ocd/cmd/check.go:77.5,78.1 1 0
github.com/bladeacer/ocd/cmd/check.go:80.4,80.20 1 0
github.com/bladeacer/ocd/cmd/check.go:81.5,82.61 2 0
github.com/bladeacer/ocd/cmd/check.go:83.6,84.1 1 0
github.com/bladeacer/ocd/cmd/check.go:85.5,85.19 1 0
github.com/bladeacer/ocd/cmd/check.go:86.6,87.1 1 0
github.com/bladeacer/ocd/cmd/check.go:88.5,88.43 1 0
github.com/bladeacer/ocd/cmd/check.go:91.4,91.14 1 0
github.com/bladeacer/ocd/cmd/check.go:95.2,98.12 4 0
github.com/bladeacer/ocd/cmd/check.go:102.2,102.52 1 0
github.com/bladeacer/ocd/cmd/check.go:104.3,104.25 1 0
github.com/bladeacer/ocd/cmd/check.go:106.3,106.25 1 0
github.com/bladeacer/ocd/cmd/check.go:108.3,108.25 1 0
github.com/bladeacer/ocd/cmd/clean.go:15.2,25.55 1 0
github.com/bladeacer/ocd/cmd/clean.go:26.4,26.22 1 0
github.com/bladeacer/ocd/cmd/clean.go:27.5,29.45 3 0
github.com/bladeacer/ocd/cmd/clean.go:30.6,31.1 1 0
github.com/bladeacer/ocd/cmd/clean.go:32.5,33.15 2 0
github.com/bladeacer/ocd/cmd/clean.go:36.4,37.18 2 0
github.com/bladeacer/ocd/cmd/clean.go:38.5,39.1 1 0
github.com/bladeacer/ocd/cmd/clean.go:40.4,40.36 1 0
github.com/bladeacer/ocd/cmd/clean.go:41.5,42.1 1 0
github.com/bladeacer/ocd/cmd/clean.go:43.4,43.62 1 0
github.com/bladeacer/ocd/cmd/clean.go:44.5,45.1 1 0
github.com/bladeacer/ocd/cmd/clean.go:46.4,47.14 2 0
github.com/bladeacer/ocd/cmd/clean.go:51.2,51.12 1 0
github.com/bladeacer/ocd/cmd/diff.go:19.2,20.22 2 0
github.com/bladeacer/ocd/cmd/diff.go:21.3,22.1 1 0
github.com/bladeacer/ocd/cmd/diff.go:26.2,26.52 1 0
github.com/bladeacer/ocd/cmd/diff.go:28.3,28.25 1 0
github.com/bladeacer/ocd/cmd/diff.go:30.3,30.25 1 0
github.com/bladeacer/ocd/cmd/diff.go:32.3,32.25 1 0
github.com/bladeacer/ocd/cmd/diff.go:37.2,38.38 2 0
github.com/bladeacer/ocd/cmd/diff.go:39.3,40.1 1 0
github.com/bladeacer/ocd/cmd/diff.go:41.2,43.12 3 0
github.com/bladeacer/ocd/cmd/diff.go:47.2,52.1 6 0
github.com/bladeacer/ocd/cmd/diff.go:53.2,69.55 6 0
github.com/bladeacer/ocd/cmd/diff.go:70.4,71.21 2 0
github.com/bladeacer/ocd/cmd/diff.go:72.5,73.1 1 0
github.com/bladeacer/ocd/cmd/diff.go:75.4,75.55 1 0
github.com/bladeacer/ocd/cmd/diff.go:76.5,77.1 1 0
github.com/bladeacer/ocd/cmd/diff.go:78.4,78.67 1 0
github.com/bladeacer/ocd/cmd/diff.go:79.5,80.1 1 0
github.com/bladeacer/ocd/cmd/diff.go:81.4,81.64 1 0
github.com/bladeacer/ocd/cmd/diff.go:82.5,83.1 1 0
github.com/bladeacer/ocd/cmd/diff.go:84.4,84.55 1 0
github.com/bladeacer/ocd/cmd/diff.go:85.5,86.1 1 0
github.com/bladeacer/ocd/cmd/diff.go:87.4,87.61 1 0
github.com/bladeacer/ocd/cmd/diff.go:88.5,89.1 1 0
github.com/bladeacer/ocd/cmd/diff.go:91.4,92.1 2 0
github.com/bladeacer/ocd/cmd/diff.go:93.4,93.22 2 0
github.com/bladeacer/ocd/cmd/diff.go:94.5,96.1 2 0
github.com/bladeacer/ocd/cmd/diff.go:96.11,96.44 1 0
github.com/bladeacer/ocd/cmd/diff.go:97.5,98.19 2 0
github.com/bladeacer/ocd/cmd/diff.go:99.6,100.1 1 0
github.com/bladeacer/ocd/cmd/diff.go:101.5,102.1 3 0
github.com/bladeacer/ocd/cmd/diff.go:103.5,104.19 3 0
github.com/bladeacer/ocd/cmd/diff.go:105.6,106.1 1 0
github.com/bladeacer/ocd/cmd/diff.go:107.5,107.41 1 0
github.com/bladeacer/ocd/cmd/diff.go:108.6,110.1 2 0
github.com/bladeacer/ocd/cmd/diff.go:112.5,113.1 1 0
github.com/bladeacer/ocd/cmd/diff.go:115.4,115.46 1 0
github.com/bladeacer/ocd/cmd/diff.go:116.5,117.1 1 0
github.com/bladeacer/ocd/cmd/diff.go:118.4,118.46 1 0
github.com/bladeacer/ocd/cmd/diff.go:119.5,120.1 1 0
github.com/bladeacer/ocd/cmd/diff.go:122.4,123.27 2 0
github.com/bladeacer/ocd/cmd/diff.go:124.5,125.1 1 0
github.com/bladeacer/ocd/cmd/diff.go:127.4,127.12 1 0
github.com/bladeacer/ocd/cmd/diff.go:128.5,133.25 6 0
github.com/bladeacer/ocd/cmd/diff.go:134.6,135.22 2 0
github.com/bladeacer/ocd/cmd/diff.go:136.7,137.1 1 0
github.com/bladeacer/ocd/cmd/diff.go:138.7,139.1 1 0
github.com/bladeacer/ocd/cmd/diff.go:141.5,142.61 2 0
github.com/bladeacer/ocd/cmd/diff.go:143.6,144.1 1 0
github.com/bladeacer/ocd/cmd/diff.go:145.5,145.19 1 0
github.com/bladeacer/ocd/cmd/diff.go:146.6,147.1 1 0
github.com/bladeacer/ocd/cmd/diff.go:148.5,149.15 2 0
github.com/bladeacer/ocd/cmd/diff.go:152.4,152.36 1 0
github.com/bladeacer/ocd/cmd/diff.go:156.2,161.12 6 0
github.com/bladeacer/ocd/cmd/extract.go:14.2,15.1 2 0
github.com/bladeacer/ocd/cmd/extract.go:16.2,28.55 2 0
github.com/bladeacer/ocd/cmd/extract.go:29.4,29.22 1 0
github.com/bladeacer/ocd/cmd/extract.go:30.5,31.23 2 0
github.com/bladeacer/ocd/cmd/extract.go:32.6,33.1 1 0
github.com/bladeacer/ocd/cmd/extract.go:34.6,35.1 1 0
github.com/bladeacer/ocd/cmd/extract.go:36.5,37.19 2 0
github.com/bladeacer/ocd/cmd/extract.go:38.6,39.1 1 0
github.com/bladeacer/ocd/cmd/extract.go:40.5,41.15 2 0
github.com/bladeacer/ocd/cmd/extract.go:44.4,44.22 1 0
github.com/bladeacer/ocd/cmd/extract.go:45.5,46.1 1 0
github.com/bladeacer/ocd/cmd/extract.go:47.4,49.18 3 0
github.com/bladeacer/ocd/cmd/extract.go:50.5,51.1 1 0
github.com/bladeacer/ocd/cmd/extract.go:52.4,53.14 2 0
github.com/bladeacer/ocd/cmd/extract.go:57.2,58.12 2 0
github.com/bladeacer/ocd/cmd/interact.go:15.2,16.1 2 0
github.com/bladeacer/ocd/cmd/interact.go:17.2,23.55 2 0
github.com/bladeacer/ocd/cmd/interact.go:24.4,25.18 2 0
github.com/bladeacer/ocd/cmd/interact.go:26.5,27.1 1 0
github.com/bladeacer/ocd/cmd/interact.go:28.4,29.1 4 0
github.com/bladeacer/ocd/cmd/interact.go:30.4,32.18 4 0
github.com/bladeacer/ocd/cmd/interact.go:33.5,34.1 1 0
github.com/bladeacer/ocd/cmd/interact.go:35.4,35.30 1 0
github.com/bladeacer/ocd/cmd/interact.go:36.5,38.1 2 0
github.com/bladeacer/ocd/cmd/interact.go:40.4,42.18 3 0
github.com/bladeacer/ocd/cmd/interact.go:43.5,44.1 1 0
github.com/bladeacer/ocd/cmd/interact.go:45.4,46.14 2 0
github.com/bladeacer/ocd/cmd/interact.go:50.2,51.12 2 0
github.com/bladeacer/ocd/cmd/stat.go:15.2,17.1 3 0
github.com/bladeacer/ocd/cmd/stat.go:18.2,32.55 3 0
github.com/bladeacer/ocd/cmd/stat.go:33.4,34.21 2 0
github.com/bladeacer/ocd/cmd/stat.go:35.5,36.1 1 0
github.com/bladeacer/ocd/cmd/stat.go:38.4,38.62 1 0
github.com/bladeacer/ocd/cmd/stat.go:39.5,40.1 1 0
github.com/bladeacer/ocd/cmd/stat.go:41.4,41.59 1 0
github.com/bladeacer/ocd/cmd/stat.go:42.5,43.1 1 0
github.com/bladeacer/ocd/cmd/stat.go:45.4,46.1 3 0
github.com/bladeacer/ocd/cmd/stat.go:47.4,48.18 3 0
github.com/bladeacer/ocd/cmd/stat.go:49.5,50.1 1 0
github.com/bladeacer/ocd/cmd/stat.go:51.4,52.18 2 0
github.com/bladeacer/ocd/cmd/stat.go:53.5,54.1 1 0
github.com/bladeacer/ocd/cmd/stat.go:56.4,58.1 5 0
github.com/bladeacer/ocd/cmd/stat.go:59.4,60.1 5 0
github.com/bladeacer/ocd/cmd/stat.go:61.4,62.24 5 0
github.com/bladeacer/ocd/cmd/stat.go:63.5,64.21 2 0
github.com/bladeacer/ocd/cmd/stat.go:65.6,66.1 1 0
github.com/bladeacer/ocd/cmd/stat.go:67.6,68.1 1 0
github.com/bladeacer/ocd/cmd/stat.go:70.4,71.60 2 0
github.com/bladeacer/ocd/cmd/stat.go:72.5,73.1 1 0
github.com/bladeacer/ocd/cmd/stat.go:74.4,74.18 1 0
github.com/bladeacer/ocd/cmd/stat.go:75.5,76.1 1 0
github.com/bladeacer/ocd/cmd/stat.go:77.4,78.14 2 0
github.com/bladeacer/ocd/cmd/stat.go:82.2,84.12 3 0
github.com/bladeacer/ocd/cmd/stat.go:88.2,88.52 1 0
github.com/bladeacer/ocd/cmd/stat.go:90.3,90.25 1 0
github.com/bladeacer/ocd/cmd/stat.go:92.3,92.25 1 0
github.com/bladeacer/ocd/cmd/stat.go:94.3,94.25 1 0
github.com/bladeacer/ocd/internal/cache/cache.go:29.2,32.1 2 0
github.com/bladeacer/ocd/internal/cache/cache.go:33.2,33.49 2 0
github.com/bladeacer/ocd/internal/cache/cache.go:34.3,35.1 1 0
github.com/bladeacer/ocd/internal/cache/cache.go:36.2,36.15 1 0
github.com/bladeacer/ocd/internal/cache/cache.go:40.2,41.1 1 0
github.com/bladeacer/ocd/internal/cache/cache.go:44.2,46.16 3 0
github.com/bladeacer/ocd/internal/cache/cache.go:47.3,47.25 1 0
github.com/bladeacer/ocd/internal/cache/cache.go:48.4,49.1 1 0
github.com/bladeacer/ocd/internal/cache/cache.go:50.3,50.13 1 0
github.com/bladeacer/ocd/internal/cache/cache.go:52.2,53.53 2 0
github.com/bladeacer/ocd/internal/cache/cache.go:54.3,55.1 1 0
github.com/bladeacer/ocd/internal/cache/cache.go:56.2,56.54 1 0
github.com/bladeacer/ocd/internal/cache/cache.go:57.3,58.1 1 0
github.com/bladeacer/ocd/internal/cache/cache.go:59.2,59.38 1 0
github.com/bladeacer/ocd/internal/cache/cache.go:63.2,65.16 3 0
github.com/bladeacer/ocd/internal/cache/cache.go:66.3,67.1 1 0
github.com/bladeacer/ocd/internal/cache/cache.go:68.2,71.1 3 0
github.com/bladeacer/ocd/internal/cache/cache.go:72.2,73.16 3 0
github.com/bladeacer/ocd/internal/cache/cache.go:74.3,75.1 1 0
github.com/bladeacer/ocd/internal/cache/cache.go:76.2,76.35 1 0
github.com/bladeacer/ocd/internal/cache/cache.go:80.2,82.24 3 0
github.com/bladeacer/ocd/internal/cache/cache.go:83.3,84.1 1 0
github.com/bladeacer/ocd/internal/cache/cache.go:85.2,85.12 1 0
github.com/bladeacer/ocd/internal/cache/cache.go:89.2,90.16 2 0
github.com/bladeacer/ocd/internal/cache/cache.go:91.3,91.25 1 0
github.com/bladeacer/ocd/internal/cache/cache.go:92.4,93.1 1 0
github.com/bladeacer/ocd/internal/cache/cache.go:94.3,94.13 1 0
github.com/bladeacer/ocd/internal/cache/cache.go:96.2,98.16 3 0
github.com/bladeacer/ocd/internal/cache/cache.go:99.3,100.1 1 0
github.com/bladeacer/ocd/internal/cache/cache.go:101.2,101.29 1 0
github.com/bladeacer/ocd/internal/cache/cache.go:102.3,102.63 1 0
github.com/bladeacer/ocd/internal/cache/cache.go:103.4,104.1 1 0
github.com/bladeacer/ocd/internal/cache/cache.go:106.2,106.12 1 0
github.com/bladeacer/ocd/internal/config/config.go:56.2,57.1 1 0
github.com/bladeacer/ocd/internal/config/config.go:62.2,63.16 2 1
github.com/bladeacer/ocd/internal/config/config.go:64.3,65.1 1 0
github.com/bladeacer/ocd/internal/config/config.go:67.2,68.16 2 1
github.com/bladeacer/ocd/internal/config/config.go:69.3,70.1 1 0
github.com/bladeacer/ocd/internal/config/config.go:72.2,73.1 2 1
github.com/bladeacer/ocd/internal/config/config.go:77.2,77.42 2 1
github.com/bladeacer/ocd/internal/config/config.go:83.2,84.16 2 1
github.com/bladeacer/ocd/internal/config/config.go:85.3,86.17 2 1
github.com/bladeacer/ocd/internal/config/config.go:87.4,88.1 1 0
github.com/bladeacer/ocd/internal/config/config.go:89.3,89.40 1 1
github.com/bladeacer/ocd/internal/config/config.go:91.2,91.55 1 1
github.com/bladeacer/ocd/internal/config/config.go:95.2,96.26 2 1
github.com/bladeacer/ocd/internal/config/config.go:97.3,97.14 1 1
github.com/bladeacer/ocd/internal/config/config.go:98.4,98.12 1 0
github.com/bladeacer/ocd/internal/config/config.go:100.3,100.39 1 1
github.com/bladeacer/ocd/internal/config/config.go:101.4,101.26 1 1
github.com/bladeacer/ocd/internal/config/config.go:102.5,102.13 1 1
github.com/bladeacer/ocd/internal/config/config.go:104.4,104.56 1 0
github.com/bladeacer/ocd/internal/config/config.go:106.3,107.51 2 1
github.com/bladeacer/ocd/internal/config/config.go:108.4,109.1 1 0
github.com/bladeacer/ocd/internal/config/config.go:110.3,110.21 1 1
github.com/bladeacer/ocd/internal/config/config.go:112.2,112.17 1 1
github.com/bladeacer/ocd/internal/config/config.go:118.2,118.21 1 1
github.com/bladeacer/ocd/internal/config/config.go:119.3,121.1 2 1
github.com/bladeacer/ocd/internal/config/config.go:122.2,122.26 1 1
github.com/bladeacer/ocd/internal/config/config.go:123.3,124.1 1 1
github.com/bladeacer/ocd/internal/config/config.go:125.2,125.23 1 1
github.com/bladeacer/ocd/internal/config/config.go:126.3,127.1 1 1
github.com/bladeacer/ocd/internal/config/config.go:128.2,128.21 1 1
github.com/bladeacer/ocd/internal/config/config.go:129.3,131.1 2 1
github.com/bladeacer/ocd/internal/config/config.go:132.2,132.24 1 1
github.com/bladeacer/ocd/internal/config/config.go:133.3,135.1 2 1
github.com/bladeacer/ocd/internal/config/config.go:136.2,136.26 1 1
github.com/bladeacer/ocd/internal/config/config.go:137.3,138.1 1 1
github.com/bladeacer/ocd/internal/config/config.go:139.2,139.23 1 1
github.com/bladeacer/ocd/internal/config/config.go:140.3,141.1 1 1
github.com/bladeacer/ocd/internal/config/config.go:142.2,142.25 1 1
github.com/bladeacer/ocd/internal/config/config.go:143.3,144.1 1 1
github.com/bladeacer/ocd/internal/config/config.go:145.2,145.27 1 1
github.com/bladeacer/ocd/internal/config/config.go:146.3,147.1 1 1
github.com/bladeacer/ocd/internal/config/config.go:148.2,148.24 1 1
github.com/bladeacer/ocd/internal/config/config.go:149.3,150.1 1 1
github.com/bladeacer/ocd/internal/config/config.go:156.2,158.19 3 1
github.com/bladeacer/ocd/internal/config/config.go:159.3,160.1 1 1
github.com/bladeacer/ocd/internal/config/config.go:161.2,161.24 1 1
github.com/bladeacer/ocd/internal/config/config.go:162.3,163.1 1 1
github.com/bladeacer/ocd/internal/config/config.go:164.2,164.21 1 1
github.com/bladeacer/ocd/internal/config/config.go:165.3,166.1 1 0
github.com/bladeacer/ocd/internal/config/config.go:167.2,167.19 1 1
github.com/bladeacer/ocd/internal/config/config.go:168.3,169.1 1 0
github.com/bladeacer/ocd/internal/config/config.go:170.2,170.22 1 1
github.com/bladeacer/ocd/internal/config/config.go:171.3,172.1 1 0
github.com/bladeacer/ocd/internal/config/config.go:173.2,173.24 1 1
github.com/bladeacer/ocd/internal/config/config.go:174.3,175.1 1 0
github.com/bladeacer/ocd/internal/config/config.go:176.2,176.21 1 1
github.com/bladeacer/ocd/internal/config/config.go:177.3,178.1 1 0
github.com/bladeacer/ocd/internal/config/config.go:179.2,179.23 1 1
github.com/bladeacer/ocd/internal/config/config.go:180.3,181.1 1 0
github.com/bladeacer/ocd/internal/config/config.go:182.2,182.25 1 1
github.com/bladeacer/ocd/internal/config/config.go:183.3,184.1 1 0
github.com/bladeacer/ocd/internal/config/config.go:185.2,185.22 1 1
github.com/bladeacer/ocd/internal/config/config.go:186.3,187.1 1 0
github.com/bladeacer/ocd/internal/config/config.go:188.2,189.19 2 1
github.com/bladeacer/ocd/internal/core/asar.go:32.2,33.16 2 0
github.com/bladeacer/ocd/internal/core/asar.go:34.3,35.1 1 0
github.com/bladeacer/ocd/internal/core/asar.go:36.2,37.1 3 0
github.com/bladeacer/ocd/internal/core/asar.go:38.2,39.47 3 0
github.com/bladeacer/ocd/internal/core/asar.go:40.3,41.1 1 0
github.com/bladeacer/ocd/internal/core/asar.go:43.2,44.71 2 0
github.com/bladeacer/ocd/internal/core/asar.go:45.3,46.1 1 0
github.com/bladeacer/ocd/internal/core/asar.go:47.2,47.51 1 0
github.com/bladeacer/ocd/internal/core/asar.go:48.3,49.1 1 0
github.com/bladeacer/ocd/internal/core/asar.go:51.2,52.51 2 0
github.com/bladeacer/ocd/internal/core/asar.go:53.3,54.1 1 0
github.com/bladeacer/ocd/internal/core/asar.go:56.2,57.57 2 0
github.com/bladeacer/ocd/internal/core/asar.go:58.3,59.1 1 0
github.com/bladeacer/ocd/internal/core/asar.go:61.2,62.9 2 0
github.com/bladeacer/ocd/internal/core/asar.go:63.3,64.1 1 0
github.com/bladeacer/ocd/internal/core/asar.go:66.2,67.67 2 0
github.com/bladeacer/ocd/internal/core/asar.go:68.3,69.1 1 0
github.com/bladeacer/ocd/internal/core/asar.go:71.2,72.1 3 0
github.com/bladeacer/ocd/internal/core/asar.go:73.2,74.16 3 0
github.com/bladeacer/ocd/internal/core/asar.go:75.3,76.1 1 0
github.com/bladeacer/ocd/internal/core/asar.go:77.2,78.1 3 0
github.com/bladeacer/ocd/internal/core/asar.go:79.2,80.49 3 0
github.com/bladeacer/ocd/internal/core/asar.go:81.3,82.1 1 0
github.com/bladeacer/ocd/internal/core/asar.go:84.2,84.12 1 0
github.com/bladeacer/ocd/internal/core/diff.go:17.2,19.1 4 0
github.com/bladeacer/ocd/internal/core/diff.go:20.2,21.16 4 0
github.com/bladeacer/ocd/internal/core/diff.go:22.3,26.1 1 0
github.com/bladeacer/ocd/internal/core/diff.go:29.2,30.16 2 0
github.com/bladeacer/ocd/internal/core/diff.go:31.3,35.1 1 0
github.com/bladeacer/ocd/internal/core/diff.go:38.2,49.1 4 0
github.com/bladeacer/ocd/internal/core/diff.go:50.2,51.49 4 0
github.com/bladeacer/ocd/internal/core/diff.go:52.3,52.67 1 0
github.com/bladeacer/ocd/internal/core/diff.go:53.4,54.9 2 0
github.com/bladeacer/ocd/internal/core/diff.go:58.2,63.1 1 0
github.com/bladeacer/ocd/internal/core/export.go:23.2,24.15 2 0
github.com/bladeacer/ocd/internal/core/export.go:25.3,26.17 2 0
github.com/bladeacer/ocd/internal/core/export.go:27.4,28.1 1 0
github.com/bladeacer/ocd/internal/core/export.go:29.3,29.11 1 0
github.com/bladeacer/ocd/internal/core/export.go:31.2,31.47 1 0
github.com/bladeacer/ocd/internal/core/export.go:32.3,33.1 1 0
github.com/bladeacer/ocd/internal/core/export.go:35.2,37.37 3 0
github.com/bladeacer/ocd/internal/core/export.go:38.3,39.1 1 0
github.com/bladeacer/ocd/internal/core/export.go:41.2,42.16 2 0
github.com/bladeacer/ocd/internal/core/export.go:43.3,44.1 1 0
github.com/bladeacer/ocd/internal/core/export.go:45.2,45.59 1 0
github.com/bladeacer/ocd/internal/core/export.go:46.3,47.1 1 0
github.com/bladeacer/ocd/internal/core/export.go:48.2,48.22 1 0
github.com/bladeacer/ocd/internal/core/export.go:54.2,55.34 2 0
github.com/bladeacer/ocd/internal/core/export.go:56.3,57.17 2 0
github.com/bladeacer/ocd/internal/core/export.go:58.4,59.1 1 0
github.com/bladeacer/ocd/internal/core/export.go:61.2,61.12 1 0
github.com/bladeacer/ocd/internal/core/export.go:65.2,65.52 1 0
github.com/bladeacer/ocd/internal/core/export.go:67.3,67.17 1 0
github.com/bladeacer/ocd/internal/core/export.go:69.3,69.17 1 0
github.com/bladeacer/ocd/internal/core/export.go:71.3,71.17 1 0
github.com/bladeacer/ocd/internal/core/export.go:73.3,73.12 1 0
github.com/bladeacer/ocd/internal/core/extract.go:21.2,23.1 3 0
github.com/bladeacer/ocd/internal/core/extract.go:24.2,24.51 3 0
github.com/bladeacer/ocd/internal/core/extract.go:25.3,26.1 1 0
github.com/bladeacer/ocd/internal/core/extract.go:28.2,29.13 2 0
github.com/bladeacer/ocd/internal/core/extract.go:31.3,31.66 1 0
github.com/bladeacer/ocd/internal/core/extract.go:32.4,33.1 1 0
github.com/bladeacer/ocd/internal/core/extract.go:35.3,35.53 1 0
github.com/bladeacer/ocd/internal/core/extract.go:36.4,37.1 1 0
github.com/bladeacer/ocd/internal/core/extract.go:39.3,39.87 1 0
github.com/bladeacer/ocd/internal/core/extract.go:42.2,42.22 1 0
github.com/bladeacer/ocd/internal/core/extract.go:46.2,47.16 2 0
github.com/bladeacer/ocd/internal/core/extract.go:48.3,49.1 1 0
github.com/bladeacer/ocd/internal/core/extract.go:50.2,51.1 3 0
github.com/bladeacer/ocd/internal/core/extract.go:52.2,53.16 3 0
github.com/bladeacer/ocd/internal/core/extract.go:54.3,55.1 1 0
github.com/bladeacer/ocd/internal/core/extract.go:56.2,57.1 3 0
github.com/bladeacer/ocd/internal/core/extract.go:58.2,59.12 3 0
github.com/bladeacer/ocd/internal/core/extract.go:63.2,65.1 3 0
github.com/bladeacer/ocd/internal/core/extract.go:66.2,66.45 3 0
github.com/bladeacer/ocd/internal/core/extract.go:67.3,68.1 1 0
github.com/bladeacer/ocd/internal/core/extract.go:70.2,70.51 1 0
github.com/bladeacer/ocd/internal/core/extract.go:71.3,72.1 1 0
github.com/bladeacer/ocd/internal/core/extract.go:74.2,75.1 3 0
github.com/bladeacer/ocd/internal/core/extract.go:76.2,77.16 3 0
github.com/bladeacer/ocd/internal/core/extract.go:78.3,79.1 1 0
github.com/bladeacer/ocd/internal/core/extract.go:80.2,81.1 2 0
github.com/bladeacer/ocd/internal/core/extract.go:82.2,82.44 2 0
github.com/bladeacer/ocd/internal/core/extract.go:83.3,84.1 1 0
github.com/bladeacer/ocd/internal/core/extract.go:85.2,85.38 1 0
github.com/bladeacer/ocd/internal/core/extract.go:86.3,87.1 1 0
github.com/bladeacer/ocd/internal/core/extract.go:89.2,90.16 2 0
github.com/bladeacer/ocd/internal/core/extract.go:91.3,92.1 1 0
github.com/bladeacer/ocd/internal/core/extract.go:93.2,94.1 3 0
github.com/bladeacer/ocd/internal/core/extract.go:95.2,96.16 3 0
github.com/bladeacer/ocd/internal/core/extract.go:97.3,98.1 1 0
github.com/bladeacer/ocd/internal/core/extract.go:99.2,101.1 3 0
github.com/bladeacer/ocd/internal/core/extract.go:102.2,102.54 3 0
github.com/bladeacer/ocd/internal/core/extract.go:103.3,105.1 2 0
github.com/bladeacer/ocd/internal/core/extract.go:106.2,107.1 2 0
github.com/bladeacer/ocd/internal/core/extract.go:108.2,108.65 2 0
github.com/bladeacer/ocd/internal/core/extract.go:109.3,110.1 1 0
github.com/bladeacer/ocd/internal/core/extract.go:112.2,112.22 1 0
github.com/bladeacer/ocd/internal/core/tldr.go:55.2,57.18 3 0
github.com/bladeacer/ocd/internal/core/tldr.go:58.3,59.1 1 0
github.com/bladeacer/ocd/internal/core/tldr.go:60.2,60.19 1 0
github.com/bladeacer/ocd/internal/core/tldr.go:61.3,62.1 1 0
github.com/bladeacer/ocd/internal/core/tldr.go:63.2,63.19 1 0
github.com/bladeacer/ocd/internal/core/tldr.go:64.3,65.1 1 0
github.com/bladeacer/ocd/internal/core/tldr.go:66.2,66.19 1 0
github.com/bladeacer/ocd/internal/core/tldr.go:67.3,68.1 1 0
github.com/bladeacer/ocd/internal/core/tldr.go:69.2,69.15 1 0
github.com/bladeacer/ocd/internal/core/tldr.go:73.2,74.46 2 0
github.com/bladeacer/ocd/internal/core/tldr.go:75.3,76.52 2 0
github.com/bladeacer/ocd/internal/core/tldr.go:77.4,78.1 1 0
github.com/bladeacer/ocd/internal/core/tldr.go:79.4,80.1 1 0
github.com/bladeacer/ocd/internal/core/tldr.go:82.2,82.21 1 0
github.com/bladeacer/ocd/internal/core/tldr.go:83.3,84.1 1 0
github.com/bladeacer/ocd/internal/core/tldr.go:85.2,85.24 1 0
github.com/bladeacer/ocd/internal/core/tldr.go:89.2,90.50 2 0
github.com/bladeacer/ocd/internal/core/tldr.go:91.3,93.1 2 0
github.com/bladeacer/ocd/internal/core/tldr.go:94.2,94.42 1 0
github.com/bladeacer/ocd/internal/core/tldr.go:95.3,96.1 1 0
github.com/bladeacer/ocd/internal/core/tldr.go:97.2,97.42 1 0
github.com/bladeacer/ocd/internal/core/tldr.go:98.3,99.1 1 0
github.com/bladeacer/ocd/internal/core/tldr.go:100.2,100.44 1 0
github.com/bladeacer/ocd/internal/core/tldr.go:101.3,102.1 1 0
github.com/bladeacer/ocd/internal/core/tldr.go:103.2,103.57 1 0
github.com/bladeacer/ocd/internal/core/tldr.go:104.3,104.10 1 0
github.com/bladeacer/ocd/internal/core/tldr.go:106.4,106.21 1 0
github.com/bladeacer/ocd/internal/core/tldr.go:108.4,108.19 1 0
github.com/bladeacer/ocd/internal/core/tldr.go:110.4,110.19 1 0
github.com/bladeacer/ocd/internal/core/tldr.go:112.4,112.19 1 0
github.com/bladeacer/ocd/internal/core/tldr.go:114.4,114.23 1 0
github.com/bladeacer/ocd/internal/core/tldr.go:117.2,117.15 1 0
github.com/bladeacer/ocd/internal/core/tldr.go:121.2,122.15 2 0
github.com/bladeacer/ocd/internal/core/tldr.go:123.3,124.1 1 0
github.com/bladeacer/ocd/internal/core/tldr.go:125.2,127.48 3 0
github.com/bladeacer/ocd/internal/core/tldr.go:128.3,130.1 2 0
github.com/bladeacer/ocd/internal/core/tldr.go:131.2,131.30 1 0
github.com/bladeacer/ocd/internal/core/tldr.go:132.3,133.1 1 0
github.com/bladeacer/ocd/internal/core/tldr.go:134.2,135.10 2 0
github.com/bladeacer/ocd/internal/core/tldr.go:139.2,140.16 2 0
github.com/bladeacer/ocd/internal/core/tldr.go:141.3,142.1 1 0
github.com/bladeacer/ocd/internal/core/tldr.go:144.2,147.1 4 0
github.com/bladeacer/ocd/internal/core/tldr.go:148.2,148.49 4 0
github.com/bladeacer/ocd/internal/core/tldr.go:149.3,149.70 1 0
github.com/bladeacer/ocd/internal/core/tldr.go:150.4,153.1 3 0
github.com/bladeacer/ocd/internal/core/tldr.go:153.10,153.77 1 0
github.com/bladeacer/ocd/internal/core/tldr.go:154.4,157.1 3 0
github.com/bladeacer/ocd/internal/core/tldr.go:157.10,157.114 1 0
github.com/bladeacer/ocd/internal/core/tldr.go:158.4,158.47 1 0
github.com/bladeacer/ocd/internal/core/tldr.go:159.5,160.1 1 0
github.com/bladeacer/ocd/internal/core/tldr.go:164.2,164.38 1 0
github.com/bladeacer/ocd/internal/core/tldr.go:165.3,165.42 1 0
github.com/bladeacer/ocd/internal/core/tldr.go:166.4,166.24 1 0
github.com/bladeacer/ocd/internal/core/tldr.go:167.5,172.1 1 0
github.com/bladeacer/ocd/internal/core/tldr.go:174.4,175.1 1 0
github.com/bladeacer/ocd/internal/core/tldr.go:177.2,177.32 1 0
github.com/bladeacer/ocd/internal/core/tldr.go:178.3,178.36 1 0
github.com/bladeacer/ocd/internal/core/tldr.go:179.4,180.1 1 0
github.com/bladeacer/ocd/internal/core/tldr.go:183.2,185.10 3 0
github.com/bladeacer/ocd/internal/core/tldr.go:189.2,189.48 1 0
github.com/bladeacer/ocd/internal/core/tldr.go:190.3,195.20 6 0
github.com/bladeacer/ocd/internal/core/tldr.go:196.4,197.1 1 0
github.com/bladeacer/ocd/internal/core/tldr.go:197.10,197.27 1 0
github.com/bladeacer/ocd/internal/core/tldr.go:198.4,199.1 1 0
github.com/bladeacer/ocd/internal/core/tldr.go:202.2,202.60 1 0
github.com/bladeacer/ocd/internal/core/tldr.go:203.3,203.31 1 0
github.com/bladeacer/ocd/internal/core/tldr.go:204.4,205.21 2 0
github.com/bladeacer/ocd/internal/core/tldr.go:206.5,207.1 1 0
github.com/bladeacer/ocd/internal/core/tldr.go:207.11,207.28 1 0
github.com/bladeacer/ocd/internal/core/tldr.go:208.5,209.1 1 0
github.com/bladeacer/ocd/internal/core/tldr.go:213.2,213.38 1 0
github.com/bladeacer/ocd/internal/core/tldr.go:214.3,215.1 1 0
github.com/bladeacer/ocd/internal/core/tldr.go:217.2,217.49 1 0
github.com/bladeacer/ocd/internal/core/tldr.go:218.3,218.27 1 0
github.com/bladeacer/ocd/internal/core/tldr.go:219.4,220.1 1 0
github.com/bladeacer/ocd/internal/core/tldr.go:221.3,221.32 1 0
github.com/bladeacer/ocd/internal/core/tldr.go:226.2,226.16 1 0
github.com/bladeacer/ocd/internal/core/tldr.go:227.3,228.1 1 0
github.com/bladeacer/ocd/internal/core/tldr.go:229.2,230.23 2 0
github.com/bladeacer/ocd/internal/core/tldr.go:231.3,232.1 1 0
github.com/bladeacer/ocd/internal/core/tldr.go:233.2,233.11 1 0
github.com/bladeacer/ocd/internal/core/tldr.go:237.2,239.1 2 0
github.com/bladeacer/ocd/internal/core/tldr.go:242.2,244.22 3 0
github.com/bladeacer/ocd/internal/core/tldr.go:245.3,246.1 1 0
github.com/bladeacer/ocd/internal/core/tldr.go:247.2,247.11 1 0
github.com/bladeacer/ocd/internal/core/tldr.go:251.2,252.53 2 0
github.com/bladeacer/ocd/internal/core/tldr.go:253.3,254.1 1 0
github.com/bladeacer/ocd/internal/core/tldr.go:255.2,255.26 1 0
github.com/bladeacer/ocd/internal/core/tldr.go:256.3,256.32 1 0
github.com/bladeacer/ocd/internal/core/tldr.go:257.4,258.1 1 0
github.com/bladeacer/ocd/internal/core/tldr.go:258.10,258.39 1 0
github.com/bladeacer/ocd/internal/core/tldr.go:259.4,260.1 1 0
github.com/bladeacer/ocd/internal/core/tldr.go:261.4,262.1 1 0
github.com/bladeacer/ocd/internal/core/tldr.go:264.2,264.14 1 0
github.com/bladeacer/ocd/internal/core/tldr.go:268.2,270.22 3 0
github.com/bladeacer/ocd/internal/core/tldr.go:271.3,271.28 1 0
github.com/bladeacer/ocd/internal/core/tldr.go:272.4,274.1 2 0
github.com/bladeacer/ocd/internal/core/tldr.go:276.2,276.16 1 0
github.com/bladeacer/ocd/internal/core/tldr.go:280.2,280.20 1 0
github.com/bladeacer/ocd/internal/core/tldr.go:281.3,282.1 1 0
github.com/bladeacer/ocd/internal/core/tldr.go:283.2,286.1 6 0
github.com/bladeacer/ocd/internal/core/tldr.go:287.2,289.27 6 0
github.com/bladeacer/ocd/internal/core/tldr.go:290.3,292.1 2 0
github.com/bladeacer/ocd/internal/core/tldr.go:293.2,294.1 3 0
github.com/bladeacer/ocd/internal/core/tldr.go:295.2,296.24 3 0
github.com/bladeacer/ocd/internal/core/tldr.go:297.3,298.1 1 0
github.com/bladeacer/ocd/internal/core/tldr.go:299.3,301.1 2 0
github.com/bladeacer/ocd/internal/core/tldr.go:303.2,305.25 3 0
github.com/bladeacer/ocd/internal/core/tldr.go:306.3,306.18 1 0
github.com/bladeacer/ocd/internal/core/tldr.go:307.4,309.1 2 0
github.com/bladeacer/ocd/internal/core/tldr.go:312.2,312.92 1 0
github.com/bladeacer/ocd/internal/core/tldr.go:316.2,318.1 2 0
github.com/bladeacer/ocd/internal/core/tldr.go:321.2,323.1 2 0
github.com/bladeacer/ocd/internal/core/tldr.go:326.2,328.16 3 0
github.com/bladeacer/ocd/internal/core/tldr.go:330.3,330.30 1 0
github.com/bladeacer/ocd/internal/core/tldr.go:332.3,332.30 1 0
github.com/bladeacer/ocd/internal/core/tldr.go:334.3,334.30 1 0
github.com/bladeacer/ocd/internal/core/tldr.go:336.2,336.16 1 0
github.com/bladeacer/ocd/internal/core/tldr.go:337.3,338.1 1 0
github.com/bladeacer/ocd/internal/core/tldr.go:339.2,339.39 1 0
github.com/bladeacer/ocd/internal/core/tldr.go:343.2,358.1 4 0
github.com/bladeacer/ocd/internal/core/tldr.go:359.2,359.26 4 0
github.com/bladeacer/ocd/internal/core/tldr.go:360.3,361.1 1 0
github.com/bladeacer/ocd/internal/core/tldr.go:362.2,362.26 1 0
github.com/bladeacer/ocd/internal/core/tldr.go:363.3,364.1 1 0
github.com/bladeacer/ocd/internal/core/tldr.go:365.2,365.24 1 0
github.com/bladeacer/ocd/internal/core/tldr.go:366.3,367.1 1 0
github.com/bladeacer/ocd/internal/core/tldr.go:368.2,368.28 1 0
github.com/bladeacer/ocd/internal/core/tldr.go:369.3,370.1 1 0
github.com/bladeacer/ocd/internal/core/tldr.go:371.2,371.42 1 0
github.com/bladeacer/ocd/internal/core/tldr.go:372.3,373.1 1 0
github.com/bladeacer/ocd/internal/core/tldr.go:374.2,374.25 1 0
github.com/bladeacer/ocd/internal/core/tldr.go:378.2,384.1 3 0
github.com/bladeacer/ocd/internal/core/tldr.go:385.2,386.27 3 0
github.com/bladeacer/ocd/internal/core/tldr.go:387.3,387.24 1 0
github.com/bladeacer/ocd/internal/core/tldr.go:388.4,389.1 1 0
github.com/bladeacer/ocd/internal/core/tldr.go:392.2,395.1 6 0
github.com/bladeacer/ocd/internal/core/tldr.go:396.2,398.19 6 0
github.com/bladeacer/ocd/internal/core/tldr.go:399.3,400.1 1 0
github.com/bladeacer/ocd/internal/core/tldr.go:401.3,402.1 1 0
github.com/bladeacer/ocd/internal/core/tldr.go:403.2,403.39 1 0
github.com/bladeacer/ocd/internal/core/tldr.go:404.3,405.1 1 0
github.com/bladeacer/ocd/internal/core/tldr.go:406.2,406.41 1 0
github.com/bladeacer/ocd/internal/core/tldr.go:407.3,408.1 1 0
github.com/bladeacer/ocd/internal/core/tldr.go:409.2,409.42 1 0
github.com/bladeacer/ocd/internal/core/tldr.go:410.3,411.1 1 0
github.com/bladeacer/ocd/internal/core/tldr.go:412.2,412.44 1 0
github.com/bladeacer/ocd/internal/core/tldr.go:413.3,414.1 1 0
github.com/bladeacer/ocd/internal/core/tldr.go:415.2,415.44 1 0
github.com/bladeacer/ocd/internal/core/tldr.go:416.3,417.1 1 0
github.com/bladeacer/ocd/internal/core/tldr.go:418.2,418.26 1 0
github.com/bladeacer/ocd/internal/core/tldr.go:419.3,420.1 1 0
github.com/bladeacer/ocd/internal/core/tldr.go:421.2,422.34 2 0
github.com/bladeacer/ocd/internal/core/tldr.go:423.3,424.1 1 0
github.com/bladeacer/ocd/internal/core/tldr.go:425.2,425.28 1 0
github.com/bladeacer/ocd/internal/core/tldr.go:426.3,427.32 2 0
github.com/bladeacer/ocd/internal/core/tldr.go:428.4,429.1 1 0
github.com/bladeacer/ocd/internal/core/tldr.go:430.3,432.28 3 0
github.com/bladeacer/ocd/internal/core/tldr.go:433.4,434.1 1 0
github.com/bladeacer/ocd/internal/core/tldr.go:435.3,435.55 1 0
github.com/bladeacer/ocd/internal/core/tldr.go:437.2,437.21 1 0
github.com/bladeacer/ocd/internal/core/tldr.go:438.3,439.21 2 0
github.com/bladeacer/ocd/internal/core/tldr.go:440.4,441.1 1 0
github.com/bladeacer/ocd/internal/core/tldr.go:442.3,443.20 2 0
github.com/bladeacer/ocd/internal/core/tldr.go:445.2,445.27 1 0
github.com/bladeacer/ocd/internal/core/tldr.go:446.3,447.1 1 0
github.com/bladeacer/ocd/internal/core/tldr.go:449.2,450.27 2 0
github.com/bladeacer/ocd/internal/core/tldr.go:451.3,452.1 1 0
github.com/bladeacer/ocd/internal/core/tldr.go:453.2,454.32 2 0
github.com/bladeacer/ocd/internal/core/tldr.go:455.3,456.22 2 0
github.com/bladeacer/ocd/internal/core/tldr.go:457.4,458.1 1 0
github.com/bladeacer/ocd/internal/core/tldr.go:459.3,460.21 2 0
github.com/bladeacer/ocd/internal/core/tldr.go:461.4,462.1 1 0
github.com/bladeacer/ocd/internal/core/tldr.go:463.3,464.14 2 0
github.com/bladeacer/ocd/internal/core/tldr.go:465.4,465.24 1 0
github.com/bladeacer/ocd/internal/core/tldr.go:466.5,467.1 1 0
github.com/bladeacer/ocd/internal/core/tldr.go:468.4,469.22 2 0
github.com/bladeacer/ocd/internal/core/tldr.go:471.3,471.24 1 0
github.com/bladeacer/ocd/internal/core/tldr.go:473.2,473.21 1 0
github.com/bladeacer/ocd/internal/core/tldr.go:477.2,483.1 3 0
github.com/bladeacer/ocd/internal/core/tldr.go:484.2,485.27 3 0
github.com/bladeacer/ocd/internal/core/tldr.go:486.3,486.24 1 0
github.com/bladeacer/ocd/internal/core/tldr.go:487.4,488.1 1 0
github.com/bladeacer/ocd/internal/core/tldr.go:491.2,493.1 5 0
github.com/bladeacer/ocd/internal/core/tldr.go:494.2,496.39 5 0
github.com/bladeacer/ocd/internal/core/tldr.go:497.3,498.1 1 0
github.com/bladeacer/ocd/internal/core/tldr.go:499.2,499.41 1 0
github.com/bladeacer/ocd/internal/core/tldr.go:500.3,501.1 1 0
github.com/bladeacer/ocd/internal/core/tldr.go:502.2,502.42 1 0
github.com/bladeacer/ocd/internal/core/tldr.go:503.3,504.1 1 0
github.com/bladeacer/ocd/internal/core/tldr.go:505.2,505.44 1 0
github.com/bladeacer/ocd/internal/core/tldr.go:506.3,507.1 1 0
github.com/bladeacer/ocd/internal/core/tldr.go:508.2,508.44 1 0
github.com/bladeacer/ocd/internal/core/tldr.go:509.3,510.1 1 0
github.com/bladeacer/ocd/internal/core/tldr.go:511.2,511.26 1 0
github.com/bladeacer/ocd/internal/core/tldr.go:512.3,513.1 1 0
github.com/bladeacer/ocd/internal/core/tldr.go:514.2,515.34 2 0
github.com/bladeacer/ocd/internal/core/tldr.go:516.3,517.1 1 0
github.com/bladeacer/ocd/internal/core/tldr.go:518.2,518.28 1 0
github.com/bladeacer/ocd/internal/core/tldr.go:519.3,520.32 2 0
github.com/bladeacer/ocd/internal/core/tldr.go:521.4,522.1 1 0
github.com/bladeacer/ocd/internal/core/tldr.go:523.3,525.28 3 0
github.com/bladeacer/ocd/internal/core/tldr.go:526.4,527.1 1 0
github.com/bladeacer/ocd/internal/core/tldr.go:528.3,528.55 1 0
github.com/bladeacer/ocd/internal/core/tldr.go:530.2,530.21 1 0
github.com/bladeacer/ocd/internal/core/tldr.go:531.3,532.21 2 0
github.com/bladeacer/ocd/internal/core/tldr.go:533.4,534.1 1 0
github.com/bladeacer/ocd/internal/core/tldr.go:535.3,536.20 2 0
github.com/bladeacer/ocd/internal/core/tldr.go:538.2,538.27 1 0
github.com/bladeacer/ocd/internal/core/tldr.go:539.3,540.1 1 0
github.com/bladeacer/ocd/internal/core/tldr.go:542.2,543.27 2 0
github.com/bladeacer/ocd/internal/core/tldr.go:544.3,545.1 1 0
github.com/bladeacer/ocd/internal/core/tldr.go:546.2,547.32 2 0
github.com/bladeacer/ocd/internal/core/tldr.go:548.3,549.22 2 0
github.com/bladeacer/ocd/internal/core/tldr.go:550.4,551.1 1 0
github.com/bladeacer/ocd/internal/core/tldr.go:552.3,553.21 2 0
github.com/bladeacer/ocd/internal/core/tldr.go:554.4,555.1 1 0
github.com/bladeacer/ocd/internal/core/tldr.go:556.3,557.14 2 0
github.com/bladeacer/ocd/internal/core/tldr.go:558.4,558.24 1 0
github.com/bladeacer/ocd/internal/core/tldr.go:559.5,560.1 1 0
github.com/bladeacer/ocd/internal/core/tldr.go:561.4,562.22 2 0
github.com/bladeacer/ocd/internal/core/tldr.go:564.3,564.24 1 0
github.com/bladeacer/ocd/internal/core/tldr.go:566.2,566.21 1 0
github.com/bladeacer/ocd/internal/core/variables.go:38.2,40.48 3 0
github.com/bladeacer/ocd/internal/core/variables.go:41.3,42.15 2 0
github.com/bladeacer/ocd/internal/core/variables.go:43.4,43.12 1 0
github.com/bladeacer/ocd/internal/core/variables.go:45.3,46.17 2 0
github.com/bladeacer/ocd/internal/core/variables.go:47.4,47.12 1 0
github.com/bladeacer/ocd/internal/core/variables.go:49.3,51.57 3 0
github.com/bladeacer/ocd/internal/core/variables.go:53.2,53.12 1 0
github.com/bladeacer/ocd/internal/core/variables.go:58.2,59.25 2 0
github.com/bladeacer/ocd/internal/core/variables.go:60.3,61.1 1 0
github.com/bladeacer/ocd/internal/core/variables.go:62.2,62.12 1 0
github.com/bladeacer/ocd/internal/core/variables.go:69.2,70.31 2 0
github.com/bladeacer/ocd/internal/core/variables.go:71.3,72.1 1 0
github.com/bladeacer/ocd/internal/core/variables.go:73.2,74.30 2 0
github.com/bladeacer/ocd/internal/core/variables.go:75.3,76.1 1 0
github.com/bladeacer/ocd/internal/core/variables.go:78.2,79.32 2 0
github.com/bladeacer/ocd/internal/core/variables.go:80.3,80.24 1 0
github.com/bladeacer/ocd/internal/core/variables.go:81.4,82.1 1 0
github.com/bladeacer/ocd/internal/core/variables.go:84.2,85.1 3 0
github.com/bladeacer/ocd/internal/core/variables.go:86.2,87.31 3 0
github.com/bladeacer/ocd/internal/core/variables.go:88.3,88.38 1 0
github.com/bladeacer/ocd/internal/core/variables.go:89.4,90.1 1 0
github.com/bladeacer/ocd/internal/core/variables.go:92.2,93.1 2 0
github.com/bladeacer/ocd/internal/core/variables.go:94.2,101.1 2 0
github.com/bladeacer/ocd/internal/core/variables.go:106.2,112.24 7 0
github.com/bladeacer/ocd/internal/core/variables.go:113.3,114.34 2 0
github.com/bladeacer/ocd/internal/core/variables.go:115.4,116.1 1 0
github.com/bladeacer/ocd/internal/core/variables.go:118.2,118.22 1 0
github.com/bladeacer/ocd/internal/core/variables.go:119.3,120.32 2 0
github.com/bladeacer/ocd/internal/core/variables.go:121.4,122.1 1 0
github.com/bladeacer/ocd/internal/core/variables.go:124.2,124.46 1 0
github.com/bladeacer/ocd/internal/core/variables.go:125.3,126.1 1 0
github.com/bladeacer/ocd/internal/core/variables.go:127.2,127.19 1 0
github.com/bladeacer/ocd/internal/core/variables.go:132.2,143.1 4 0
github.com/bladeacer/ocd/internal/core/variables.go:144.2,144.27 4 0
github.com/bladeacer/ocd/internal/core/variables.go:145.3,146.35 2 0
github.com/bladeacer/ocd/internal/core/variables.go:147.4,148.1 1 0
github.com/bladeacer/ocd/internal/core/variables.go:149.3,149.30 1 0
github.com/bladeacer/ocd/internal/core/variables.go:151.2,151.26 1 0
github.com/bladeacer/ocd/internal/core/variables.go:152.3,153.34 2 0
github.com/bladeacer/ocd/internal/core/variables.go:154.4,155.1 1 0
github.com/bladeacer/ocd/internal/core/variables.go:156.3,156.29 1 0
github.com/bladeacer/ocd/internal/core/variables.go:158.2,158.24 1 0
github.com/bladeacer/ocd/internal/core/variables.go:159.3,160.1 1 0
github.com/bladeacer/ocd/internal/core/variables.go:161.2,161.22 1 0
github.com/bladeacer/ocd/internal/core/variables.go:162.3,163.1 1 0
github.com/bladeacer/ocd/internal/core/variables.go:164.2,164.42 1 0
github.com/bladeacer/ocd/internal/core/variables.go:165.3,166.1 1 0
github.com/bladeacer/ocd/internal/core/variables.go:167.2,167.34 1 0
github.com/bladeacer/ocd/internal/core/variables.go:172.2,174.1 2 0
github.com/bladeacer/ocd/internal/core/variables.go:178.2,180.1 2 0
github.com/bladeacer/ocd/internal/core/variables.go:184.2,185.16 2 0
github.com/bladeacer/ocd/internal/core/variables.go:186.3,187.1 1 0
github.com/bladeacer/ocd/internal/core/variables.go:188.2,188.47 1 0
github.com/bladeacer/ocd/internal/sources/docker.go:21.2,22.1 1 0
github.com/bladeacer/ocd/internal/sources/docker.go:24.37,24.54 1 0
github.com/bladeacer/ocd/internal/sources/docker.go:40.2,42.1 3 0
github.com/bladeacer/ocd/internal/sources/docker.go:43.2,43.16 3 0
github.com/bladeacer/ocd/internal/sources/docker.go:44.3,45.17 2 0
github.com/bladeacer/ocd/internal/sources/docker.go:46.4,47.1 1 0
github.com/bladeacer/ocd/internal/sources/docker.go:48.3,48.39 1 0
github.com/bladeacer/ocd/internal/sources/docker.go:49.4,51.1 2 0
github.com/bladeacer/ocd/internal/sources/docker.go:53.3,54.66 2 0
github.com/bladeacer/ocd/internal/sources/docker.go:55.4,57.1 2 0
github.com/bladeacer/ocd/internal/sources/docker.go:58.3,59.1 2 0
github.com/bladeacer/ocd/internal/sources/docker.go:60.3,60.39 2 0
github.com/bladeacer/ocd/internal/sources/docker.go:61.4,61.45 1 0
github.com/bladeacer/ocd/internal/sources/docker.go:62.5,62.13 1 0
github.com/bladeacer/ocd/internal/sources/docker.go:64.4,66.1 4 0
github.com/bladeacer/ocd/internal/sources/docker.go:67.4,68.44 4 0
github.com/bladeacer/ocd/internal/sources/docker.go:69.5,69.13 1 0
github.com/bladeacer/ocd/internal/sources/docker.go:72.4,76.6 1 0
github.com/bladeacer/ocd/internal/sources/docker.go:78.3,78.18 1 0
github.com/bladeacer/ocd/internal/sources/docker.go:81.2,81.18 1 0
github.com/bladeacer/ocd/internal/sources/electron.go:19.2,20.1 1 0
github.com/bladeacer/ocd/internal/sources/electron.go:22.36,22.55 1 0
github.com/bladeacer/ocd/internal/sources/electron.go:25.2,26.16 2 0
github.com/bladeacer/ocd/internal/sources/electron.go:27.3,28.1 1 0
github.com/bladeacer/ocd/internal/sources/electron.go:29.2,30.1 2 0
github.com/bladeacer/ocd/internal/sources/electron.go:31.2,31.38 2 0
github.com/bladeacer/ocd/internal/sources/electron.go:32.3,33.1 1 0
github.com/bladeacer/ocd/internal/sources/electron.go:35.2,36.64 2 0
github.com/bladeacer/ocd/internal/sources/electron.go:37.3,38.1 1 0
github.com/bladeacer/ocd/internal/sources/electron.go:40.2,40.37 1 0
github.com/bladeacer/ocd/internal/sources/fetcher.go:23.2,28.1 1 0
github.com/bladeacer/ocd/internal/sources/fetcher.go:32.2,34.1 5 0
github.com/bladeacer/ocd/internal/sources/fetcher.go:35.2,37.1 5 0
github.com/bladeacer/ocd/internal/sources/fetcher.go:38.2,38.20 5 0
github.com/bladeacer/ocd/internal/sources/fetcher.go:39.3,39.10 1 0
github.com/bladeacer/ocd/internal/sources/fetcher.go:41.4,41.20 1 0
github.com/bladeacer/ocd/internal/sources/fetcher.go:42.11,42.11 0 0
github.com/bladeacer/ocd/internal/sources/fetcher.go:44.3,44.13 1 0
github.com/bladeacer/ocd/internal/sources/fetcher.go:45.4,46.63 2 0
github.com/bladeacer/ocd/internal/sources/fetcher.go:47.5,49.1 2 0
github.com/bladeacer/ocd/internal/sources/fetcher.go:51.3,52.17 2 0
github.com/bladeacer/ocd/internal/sources/fetcher.go:53.4,54.1 1 0
github.com/bladeacer/ocd/internal/sources/fetcher.go:55.3,55.59 1 0
github.com/bladeacer/ocd/internal/sources/fetcher.go:56.4,57.1 1 0
github.com/bladeacer/ocd/internal/sources/fetcher.go:58.3,59.13 2 0
github.com/bladeacer/ocd/internal/sources/fetcher.go:62.2,62.20 1 0
github.com/bladeacer/ocd/internal/sources/fetcher.go:63.3,63.10 1 0
github.com/bladeacer/ocd/internal/sources/fetcher.go:65.4,65.20 1 0
github.com/bladeacer/ocd/internal/sources/fetcher.go:66.11,66.11 0 0
github.com/bladeacer/ocd/internal/sources/fetcher.go:68.3,68.13 1 0
github.com/bladeacer/ocd/internal/sources/fetcher.go:69.4,70.66 2 0
github.com/bladeacer/ocd/internal/sources/fetcher.go:71.5,73.1 2 0
github.com/bladeacer/ocd/internal/sources/fetcher.go:75.3,76.17 2 0
github.com/bladeacer/ocd/internal/sources/fetcher.go:77.4,78.1 1 0
github.com/bladeacer/ocd/internal/sources/fetcher.go:79.3,79.62 1 0
github.com/bladeacer/ocd/internal/sources/fetcher.go:80.4,81.1 1 0
github.com/bladeacer/ocd/internal/sources/fetcher.go:82.3,83.13 2 0
github.com/bladeacer/ocd/internal/sources/fetcher.go:86.2,86.20 1 0
github.com/bladeacer/ocd/internal/sources/fetcher.go:87.3,87.10 1 0
github.com/bladeacer/ocd/internal/sources/fetcher.go:89.4,89.20 1 0
github.com/bladeacer/ocd/internal/sources/fetcher.go:90.11,90.11 0 0
github.com/bladeacer/ocd/internal/sources/fetcher.go:92.3,92.13 1 0
github.com/bladeacer/ocd/internal/sources/fetcher.go:93.4,94.68 2 0
github.com/bladeacer/ocd/internal/sources/fetcher.go:95.5,97.1 2 0
github.com/bladeacer/ocd/internal/sources/fetcher.go:99.3,100.17 2 0
github.com/bladeacer/ocd/internal/sources/fetcher.go:101.4,102.1 1 0
github.com/bladeacer/ocd/internal/sources/fetcher.go:103.3,103.64 1 0
github.com/bladeacer/ocd/internal/sources/fetcher.go:104.4,105.1 1 0
github.com/bladeacer/ocd/internal/sources/fetcher.go:106.3,107.13 2 0
github.com/bladeacer/ocd/internal/sources/fetcher.go:110.2,110.33 1 0
github.com/bladeacer/ocd/internal/sources/fetcher.go:111.3,112.1 1 0
github.com/bladeacer/ocd/internal/sources/fetcher.go:113.2,113.16 1 0
github.com/bladeacer/ocd/internal/sources/rss.go:18.2,19.1 1 0
github.com/bladeacer/ocd/internal/sources/rss.go:21.31,21.45 1 0
github.com/bladeacer/ocd/internal/sources/rss.go:24.2,26.16 3 0
github.com/bladeacer/ocd/internal/sources/rss.go:27.3,28.1 1 0
github.com/bladeacer/ocd/internal/sources/rss.go:30.2,32.1 4 0
github.com/bladeacer/ocd/internal/sources/rss.go:33.2,34.1 4 0
github.com/bladeacer/ocd/internal/sources/rss.go:35.2,35.35 4 0
github.com/bladeacer/ocd/internal/sources/rss.go:36.3,37.20 2 0
github.com/bladeacer/ocd/internal/sources/rss.go:38.4,38.12 1 0
github.com/bladeacer/ocd/internal/sources/rss.go:40.3,41.1 3 0
github.com/bladeacer/ocd/internal/sources/rss.go:42.3,43.47 3 0
github.com/bladeacer/ocd/internal/sources/rss.go:44.4,45.1 1 0
github.com/bladeacer/ocd/internal/sources/rss.go:47.3,49.1 3 0
github.com/bladeacer/ocd/internal/sources/rss.go:50.3,51.26 3 0
github.com/bladeacer/ocd/internal/sources/rss.go:52.4,53.22 2 0
github.com/bladeacer/ocd/internal/sources/rss.go:54.5,55.1 1 0
github.com/bladeacer/ocd/internal/sources/rss.go:56.10,56.37 1 0
github.com/bladeacer/ocd/internal/sources/rss.go:57.4,58.22 2 0
github.com/bladeacer/ocd/internal/sources/rss.go:59.5,60.1 1 0
github.com/bladeacer/ocd/internal/sources/rss.go:63.3,64.17 2 0
github.com/bladeacer/ocd/internal/sources/rss.go:65.4,66.1 1 0
github.com/bladeacer/ocd/internal/sources/rss.go:68.3,75.5 1 0
github.com/bladeacer/ocd/internal/sources/rss.go:78.2,78.24 1 0
github.com/bladeacer/ocd/internal/sources/rss.go:79.3,80.1 1 0
github.com/bladeacer/ocd/internal/sources/rss.go:82.2,83.22 2 0
github.com/bladeacer/ocd/internal/sources/rss.go:87.2,89.1 4 0
github.com/bladeacer/ocd/internal/sources/rss.go:90.2,91.40 4 0
github.com/bladeacer/ocd/internal/sources/rss.go:92.3,92.31 1 0
github.com/bladeacer/ocd/internal/sources/rss.go:93.4,94.1 1 0
github.com/bladeacer/ocd/internal/sources/rss.go:95.4,96.1 1 0
github.com/bladeacer/ocd/internal/sources/rss.go:98.2,98.15 1 0
github.com/bladeacer/ocd/internal/tui/diffmodel.go:88.2,92.1 5 0
github.com/bladeacer/ocd/internal/tui/diffmodel.go:93.2,98.1 5 0
github.com/bladeacer/ocd/internal/tui/diffmodel.go:102.2,103.1 1 0
github.com/bladeacer/ocd/internal/tui/diffmodel.go:106.2,106.21 1 0
github.com/bladeacer/ocd/internal/tui/diffmodel.go:107.3,108.1 1 0
github.com/bladeacer/ocd/internal/tui/diffmodel.go:110.2,110.27 1 0
github.com/bladeacer/ocd/internal/tui/diffmodel.go:111.3,113.1 2 0
github.com/bladeacer/ocd/internal/tui/diffmodel.go:115.2,115.23 1 0
github.com/bladeacer/ocd/internal/tui/diffmodel.go:116.3,118.1 2 0
github.com/bladeacer/ocd/internal/tui/diffmodel.go:120.2,129.1 10 0
github.com/bladeacer/ocd/internal/tui/diffmodel.go:130.2,130.27 10 0
github.com/bladeacer/ocd/internal/tui/diffmodel.go:131.3,131.36 1 0
github.com/bladeacer/ocd/internal/tui/diffmodel.go:132.4,136.12 5 0
github.com/bladeacer/ocd/internal/tui/diffmodel.go:139.3,139.71 1 0
github.com/bladeacer/ocd/internal/tui/diffmodel.go:140.4,141.12 2 0
github.com/bladeacer/ocd/internal/tui/diffmodel.go:144.3,144.28 1 0
github.com/bladeacer/ocd/internal/tui/diffmodel.go:145.4,146.12 2 0
github.com/bladeacer/ocd/internal/tui/diffmodel.go:149.3,149.10 1 0
github.com/bladeacer/ocd/internal/tui/diffmodel.go:151.4,156.14 3 0
github.com/bladeacer/ocd/internal/tui/diffmodel.go:159.4,164.14 3 0
github.com/bladeacer/ocd/internal/tui/diffmodel.go:167.4,172.14 3 0
github.com/bladeacer/ocd/internal/tui/diffmodel.go:176.2,176.12 1 0
github.com/bladeacer/ocd/internal/tui/diffmodel.go:180.2,182.48 3 0
github.com/bladeacer/ocd/internal/tui/diffmodel.go:183.3,184.1 1 0
github.com/bladeacer/ocd/internal/tui/diffmodel.go:185.2,185.48 1 0
github.com/bladeacer/ocd/internal/tui/diffmodel.go:186.3,187.1 1 0
github.com/bladeacer/ocd/internal/tui/diffmodel.go:188.2,189.26 2 0
github.com/bladeacer/ocd/internal/tui/diffmodel.go:190.3,190.32 1 0
github.com/bladeacer/ocd/internal/tui/diffmodel.go:191.4,192.13 2 0
github.com/bladeacer/ocd/internal/tui/diffmodel.go:193.5,194.1 1 0
github.com/bladeacer/ocd/internal/tui/diffmodel.go:196.3,196.32 1 0
github.com/bladeacer/ocd/internal/tui/diffmodel.go:197.4,198.13 2 0
github.com/bladeacer/ocd/internal/tui/diffmodel.go:199.5,200.1 1 0
github.com/bladeacer/ocd/internal/tui/diffmodel.go:203.2,203.8 1 0
github.com/bladeacer/ocd/internal/tui/diffmodel.go:207.2,208.22 2 0
github.com/bladeacer/ocd/internal/tui/diffmodel.go:209.3,209.27 1 0
github.com/bladeacer/ocd/internal/tui/diffmodel.go:210.4,211.1 1 0
github.com/bladeacer/ocd/internal/tui/diffmodel.go:212.4,212.9 1 0
github.com/bladeacer/ocd/internal/tui/diffmodel.go:215.2,215.10 1 0
github.com/bladeacer/ocd/internal/tui/diffmodel.go:219.2,225.18 5 0
github.com/bladeacer/ocd/internal/tui/diffmodel.go:226.3,227.1 1 0
github.com/bladeacer/ocd/internal/tui/diffmodel.go:228.2,228.10 1 0
github.com/bladeacer/ocd/internal/tui/diffmodel.go:232.2,236.29 5 0
github.com/bladeacer/ocd/internal/tui/diffmodel.go:237.3,238.1 1 0
github.com/bladeacer/ocd/internal/tui/diffmodel.go:239.2,239.29 1 0
github.com/bladeacer/ocd/internal/tui/diffmodel.go:240.3,241.1 1 0
github.com/bladeacer/ocd/internal/tui/diffmodel.go:242.2,248.90 5 0
github.com/bladeacer/ocd/internal/tui/diffmodel.go:252.2,253.18 2 0
github.com/bladeacer/ocd/internal/tui/diffmodel.go:254.3,255.1 1 0
github.com/bladeacer/ocd/internal/tui/diffmodel.go:256.3,257.1 1 0
github.com/bladeacer/ocd/internal/tui/diffmodel.go:258.2,258.24 1 0
github.com/bladeacer/ocd/internal/tui/diffmodel.go:262.2,264.1 3 0
github.com/bladeacer/ocd/internal/tui/diffmodel.go:265.2,265.19 3 0
github.com/bladeacer/ocd/internal/tui/diffmodel.go:266.3,267.1 1 0
github.com/bladeacer/ocd/internal/tui/diffmodel.go:269.2,269.38 1 0
github.com/bladeacer/ocd/internal/tui/diffmodel.go:270.3,271.1 1 0
github.com/bladeacer/ocd/internal/tui/diffmodel.go:273.2,273.37 1 0
github.com/bladeacer/ocd/internal/tui/diffmodel.go:274.3,277.1 3 0
github.com/bladeacer/ocd/internal/tui/diffmodel.go:279.2,279.38 1 0
github.com/bladeacer/ocd/internal/tui/diffmodel.go:280.3,281.1 1 0
github.com/bladeacer/ocd/internal/tui/diffmodel.go:283.2,284.163 2 0
github.com/bladeacer/ocd/internal/tui/diffmodel.go:285.3,286.1 2 0
github.com/bladeacer/ocd/internal/tui/diffmodel.go:287.3,287.35 2 0
github.com/bladeacer/ocd/internal/tui/diffmodel.go:288.4,290.1 2 0
github.com/bladeacer/ocd/internal/tui/diffmodel.go:293.2,293.109 1 0
github.com/bladeacer/ocd/internal/tui/diffmodel.go:294.3,295.1 1 0
github.com/bladeacer/ocd/internal/tui/diffmodel.go:297.2,297.13 1 0
github.com/bladeacer/ocd/internal/tui/diffmodel.go:301.2,301.17 1 0
github.com/bladeacer/ocd/internal/tui/diffmodel.go:302.3,303.1 1 0
github.com/bladeacer/ocd/internal/tui/diffmodel.go:304.2,308.6 5 0
github.com/bladeacer/ocd/internal/tui/diffmodel.go:309.3,310.14 2 0
github.com/bladeacer/ocd/internal/tui/diffmodel.go:311.4,312.9 2 0
github.com/bladeacer/ocd/internal/tui/diffmodel.go:314.3,317.27 4 0
github.com/bladeacer/ocd/internal/tui/diffmodel.go:319.2,319.21 1 0
github.com/bladeacer/ocd/internal/tui/diffmodel.go:326.2,326.86 1 0
github.com/bladeacer/ocd/internal/tui/diffmodel.go:327.3,328.1 1 0
github.com/bladeacer/ocd/internal/tui/diffmodel.go:330.2,332.1 3 0
github.com/bladeacer/ocd/internal/tui/diffmodel.go:333.2,333.61 3 0
github.com/bladeacer/ocd/internal/tui/diffmodel.go:334.3,335.1 1 0
github.com/bladeacer/ocd/internal/tui/diffmodel.go:336.2,337.1 6 0
github.com/bladeacer/ocd/internal/tui/diffmodel.go:338.2,342.1 6 0
github.com/bladeacer/ocd/internal/tui/diffmodel.go:343.2,343.6 6 0
github.com/bladeacer/ocd/internal/tui/diffmodel.go:344.3,345.14 2 0
github.com/bladeacer/ocd/internal/tui/diffmodel.go:346.4,347.9 2 0
github.com/bladeacer/ocd/internal/tui/diffmodel.go:349.3,350.1 2 0
github.com/bladeacer/ocd/internal/tui/diffmodel.go:352.3,352.19 2 0
github.com/bladeacer/ocd/internal/tui/diffmodel.go:353.4,353.26 1 0
github.com/bladeacer/ocd/internal/tui/diffmodel.go:354.5,354.10 1 0
github.com/bladeacer/ocd/internal/tui/diffmodel.go:356.4,356.29 1 0
github.com/bladeacer/ocd/internal/tui/diffmodel.go:357.5,359.49 3 0
github.com/bladeacer/ocd/internal/tui/diffmodel.go:360.6,362.1 2 0
github.com/bladeacer/ocd/internal/tui/diffmodel.go:363.5,363.26 1 0
github.com/bladeacer/ocd/internal/tui/diffmodel.go:364.6,366.1 2 0
github.com/bladeacer/ocd/internal/tui/diffmodel.go:368.5,371.1 3 0
github.com/bladeacer/ocd/internal/tui/diffmodel.go:375.3,376.1 2 0
github.com/bladeacer/ocd/internal/tui/diffmodel.go:378.3,378.35 2 0
github.com/bladeacer/ocd/internal/tui/diffmodel.go:379.4,379.26 1 0
github.com/bladeacer/ocd/internal/tui/diffmodel.go:380.5,380.10 1 0
github.com/bladeacer/ocd/internal/tui/diffmodel.go:382.4,382.29 1 0
github.com/bladeacer/ocd/internal/tui/diffmodel.go:383.5,385.49 3 0
github.com/bladeacer/ocd/internal/tui/diffmodel.go:386.6,388.1 2 0
github.com/bladeacer/ocd/internal/tui/diffmodel.go:389.5,389.26 1 0
github.com/bladeacer/ocd/internal/tui/diffmodel.go:390.6,392.1 2 0
github.com/bladeacer/ocd/internal/tui/diffmodel.go:394.5,397.1 3 0
github.com/bladeacer/ocd/internal/tui/diffmodel.go:401.3,401.27 1 0
github.com/bladeacer/ocd/internal/tui/diffmodel.go:403.2,403.21 1 0
github.com/bladeacer/ocd/internal/tui/diffmodel.go:407.2,415.1 10 0
github.com/bladeacer/ocd/internal/tui/diffmodel.go:416.2,417.1 10 0
github.com/bladeacer/ocd/internal/tui/diffmodel.go:418.2,418.30 10 0
github.com/bladeacer/ocd/internal/tui/diffmodel.go:419.3,421.1 3 0
github.com/bladeacer/ocd/internal/tui/diffmodel.go:422.3,422.18 3 0
github.com/bladeacer/ocd/internal/tui/diffmodel.go:424.4,425.53 2 0
github.com/bladeacer/ocd/internal/tui/diffmodel.go:426.5,427.1 1 0
github.com/bladeacer/ocd/internal/tui/diffmodel.go:428.4,430.101 3 0
github.com/bladeacer/ocd/internal/tui/diffmodel.go:431.5,432.122 2 0
github.com/bladeacer/ocd/internal/tui/diffmodel.go:433.6,434.1 1 0
github.com/bladeacer/ocd/internal/tui/diffmodel.go:435.5,435.69 1 0
github.com/bladeacer/ocd/internal/tui/diffmodel.go:437.4,437.16 1 0
github.com/bladeacer/ocd/internal/tui/diffmodel.go:438.5,440.1 2 0
github.com/bladeacer/ocd/internal/tui/diffmodel.go:441.5,443.1 2 0
github.com/bladeacer/ocd/internal/tui/diffmodel.go:445.4,446.53 2 0
github.com/bladeacer/ocd/internal/tui/diffmodel.go:447.5,448.1 1 0
github.com/bladeacer/ocd/internal/tui/diffmodel.go:449.4,451.101 3 0
github.com/bladeacer/ocd/internal/tui/diffmodel.go:452.5,453.122 2 0
github.com/bladeacer/ocd/internal/tui/diffmodel.go:454.6,455.1 1 0
github.com/bladeacer/ocd/internal/tui/diffmodel.go:456.5,456.69 1 0
github.com/bladeacer/ocd/internal/tui/diffmodel.go:458.4,458.16 1 0
github.com/bladeacer/ocd/internal/tui/diffmodel.go:459.5,461.1 2 0
github.com/bladeacer/ocd/internal/tui/diffmodel.go:462.5,464.1 2 0
github.com/bladeacer/ocd/internal/tui/diffmodel.go:466.4,467.53 2 0
github.com/bladeacer/ocd/internal/tui/diffmodel.go:468.5,469.1 1 0
github.com/bladeacer/ocd/internal/tui/diffmodel.go:470.4,472.101 3 0
github.com/bladeacer/ocd/internal/tui/diffmodel.go:473.5,474.122 2 0
github.com/bladeacer/ocd/internal/tui/diffmodel.go:475.6,476.1 1 0
github.com/bladeacer/ocd/internal/tui/diffmodel.go:477.5,477.69 1 0
github.com/bladeacer/ocd/internal/tui/diffmodel.go:479.4,479.16 1 0
github.com/bladeacer/ocd/internal/tui/diffmodel.go:480.5,482.1 2 0
github.com/bladeacer/ocd/internal/tui/diffmodel.go:483.5,485.1 2 0
github.com/bladeacer/ocd/internal/tui/diffmodel.go:487.4,488.94 2 0
github.com/bladeacer/ocd/internal/tui/diffmodel.go:489.5,490.122 2 0
github.com/bladeacer/ocd/internal/tui/diffmodel.go:491.6,492.1 1 0
github.com/bladeacer/ocd/internal/tui/diffmodel.go:493.5,493.54 1 0
github.com/bladeacer/ocd/internal/tui/diffmodel.go:495.4,495.16 1 0
github.com/bladeacer/ocd/internal/tui/diffmodel.go:496.5,498.94 3 0
github.com/bladeacer/ocd/internal/tui/diffmodel.go:499.6,501.1 2 0
github.com/bladeacer/ocd/internal/tui/diffmodel.go:503.5,505.1 2 0
github.com/bladeacer/ocd/internal/tui/diffmodel.go:507.4,508.94 2 0
github.com/bladeacer/ocd/internal/tui/diffmodel.go:509.5,510.122 2 0
github.com/bladeacer/ocd/internal/tui/diffmodel.go:511.6,512.1 1 0
github.com/bladeacer/ocd/internal/tui/diffmodel.go:513.5,513.54 1 0
github.com/bladeacer/ocd/internal/tui/diffmodel.go:515.4,515.16 1 0
github.com/bladeacer/ocd/internal/tui/diffmodel.go:516.5,518.1 2 0
github.com/bladeacer/ocd/internal/tui/diffmodel.go:519.5,521.1 2 0
github.com/bladeacer/ocd/internal/tui/diffmodel.go:523.4,523.13 1 0
github.com/bladeacer/ocd/internal/tui/diffmodel.go:526.3,527.22 2 0
github.com/bladeacer/ocd/internal/tui/diffmodel.go:532.2,534.23 3 0
github.com/bladeacer/ocd/internal/tui/diffmodel.go:535.3,536.1 1 0
github.com/bladeacer/ocd/internal/tui/diffmodel.go:537.2,537.23 1 0
github.com/bladeacer/ocd/internal/tui/diffmodel.go:538.3,539.1 1 0
github.com/bladeacer/ocd/internal/tui/diffmodel.go:540.2,540.47 1 0
github.com/bladeacer/ocd/internal/tui/diffmodel.go:544.2,555.1 14 0
github.com/bladeacer/ocd/internal/tui/diffmodel.go:556.2,558.1 14 0
github.com/bladeacer/ocd/internal/tui/diffmodel.go:559.2,559.27 14 0
github.com/bladeacer/ocd/internal/tui/diffmodel.go:560.3,564.23 5 0
github.com/bladeacer/ocd/internal/tui/diffmodel.go:565.4,566.1 1 0
github.com/bladeacer/ocd/internal/tui/diffmodel.go:567.3,567.23 1 0
github.com/bladeacer/ocd/internal/tui/diffmodel.go:568.4,569.1 1 0
github.com/bladeacer/ocd/internal/tui/diffmodel.go:571.3,572.1 2 0
github.com/bladeacer/ocd/internal/tui/diffmodel.go:573.3,573.17 2 0
github.com/bladeacer/ocd/internal/tui/diffmodel.go:575.4,576.16 2 0
github.com/bladeacer/ocd/internal/tui/diffmodel.go:577.5,578.94 2 0
github.com/bladeacer/ocd/internal/tui/diffmodel.go:579.6,580.1 1 0
github.com/bladeacer/ocd/internal/tui/diffmodel.go:581.5,581.34 1 0
github.com/bladeacer/ocd/internal/tui/diffmodel.go:583.5,585.1 2 0
github.com/bladeacer/ocd/internal/tui/diffmodel.go:586.4,587.12 2 0
github.com/bladeacer/ocd/internal/tui/diffmodel.go:589.4,590.16 2 0
github.com/bladeacer/ocd/internal/tui/diffmodel.go:591.5,593.1 2 0
github.com/bladeacer/ocd/internal/tui/diffmodel.go:594.5,596.1 2 0
github.com/bladeacer/ocd/internal/tui/diffmodel.go:597.4,598.12 2 0
github.com/bladeacer/ocd/internal/tui/diffmodel.go:600.4,601.12 2 0
github.com/bladeacer/ocd/internal/tui/diffmodel.go:604.3,606.1 3 0
github.com/bladeacer/ocd/internal/tui/diffmodel.go:607.3,607.22 3 0
github.com/bladeacer/ocd/internal/tui/diffmodel.go:608.4,609.27 2 0
github.com/bladeacer/ocd/internal/tui/diffmodel.go:610.5,611.41 2 0
github.com/bladeacer/ocd/internal/tui/diffmodel.go:612.6,613.1 1 0
github.com/bladeacer/ocd/internal/tui/diffmodel.go:615.4,616.27 2 0
github.com/bladeacer/ocd/internal/tui/diffmodel.go:617.5,618.41 2 0
github.com/bladeacer/ocd/internal/tui/diffmodel.go:619.6,620.1 1 0
github.com/bladeacer/ocd/internal/tui/diffmodel.go:622.4,623.121 2 0
github.com/bladeacer/ocd/internal/tui/diffmodel.go:624.5,625.1 1 0
github.com/bladeacer/ocd/internal/tui/diffmodel.go:626.4,626.100 1 0
github.com/bladeacer/ocd/internal/tui/diffmodel.go:627.5,629.1 2 0
github.com/bladeacer/ocd/internal/tui/diffmodel.go:630.4,630.100 1 0
github.com/bladeacer/ocd/internal/tui/diffmodel.go:631.5,633.1 2 0
github.com/bladeacer/ocd/internal/tui/diffmodel.go:636.3,638.17 3 0
github.com/bladeacer/ocd/internal/tui/diffmodel.go:640.4,640.16 1 0
github.com/bladeacer/ocd/internal/tui/diffmodel.go:641.5,643.1 2 0
github.com/bladeacer/ocd/internal/tui/diffmodel.go:644.5,646.1 2 0
github.com/bladeacer/ocd/internal/tui/diffmodel.go:648.4,648.16 1 0
github.com/bladeacer/ocd/internal/tui/diffmodel.go:649.5,651.1 2 0
github.com/bladeacer/ocd/internal/tui/diffmodel.go:652.5,654.1 2 0
github.com/bladeacer/ocd/internal/tui/diffmodel.go:656.4,656.16 1 0
github.com/bladeacer/ocd/internal/tui/diffmodel.go:657.5,659.1 2 0
github.com/bladeacer/ocd/internal/tui/diffmodel.go:660.5,662.1 2 0
github.com/bladeacer/ocd/internal/tui/diffmodel.go:664.3,666.1 5 0
github.com/bladeacer/ocd/internal/tui/diffmodel.go:667.3,668.1 5 0
github.com/bladeacer/ocd/internal/tui/diffmodel.go:669.3,670.22 5 0
github.com/bladeacer/ocd/internal/tui/diffmodel.go:675.2,675.19 1 0
github.com/bladeacer/ocd/internal/tui/diffmodel.go:676.3,677.1 1 0
github.com/bladeacer/ocd/internal/tui/diffmodel.go:678.2,679.26 2 0
github.com/bladeacer/ocd/internal/tui/diffmodel.go:680.3,681.51 2 0
github.com/bladeacer/ocd/internal/tui/diffmodel.go:682.4,683.1 1 0
github.com/bladeacer/ocd/internal/tui/diffmodel.go:685.2,686.15 2 0
github.com/bladeacer/ocd/internal/tui/diffmodel.go:687.3,688.1 1 0
github.com/bladeacer/ocd/internal/tui/diffmodel.go:689.3,690.1 1 0
github.com/bladeacer/ocd/internal/tui/diffmodel.go:691.2,694.36 4 0
github.com/bladeacer/ocd/internal/tui/diffmodel.go:695.3,698.22 4 0
github.com/bladeacer/ocd/internal/tui/diffmodel.go:699.4,700.26 2 0
github.com/bladeacer/ocd/internal/tui/diffmodel.go:701.5,702.1 1 0
github.com/bladeacer/ocd/internal/tui/diffmodel.go:703.4,703.13 1 0
github.com/bladeacer/ocd/internal/tui/diffmodel.go:704.5,707.1 3 0
github.com/bladeacer/ocd/internal/tui/diffmodel.go:708.5,709.1 1 0
github.com/bladeacer/ocd/internal/tui/diffmodel.go:710.4,712.22 3 0
github.com/bladeacer/ocd/internal/tui/diffmodel.go:713.5,714.1 1 0
github.com/bladeacer/ocd/internal/tui/diffmodel.go:716.3,716.26 1 0
github.com/bladeacer/ocd/internal/tui/diffmodel.go:718.2,718.46 1 0
github.com/bladeacer/ocd/internal/tui/diffmodel.go:724.2,724.19 1 0
github.com/bladeacer/ocd/internal/tui/diffmodel.go:725.3,726.1 1 0
github.com/bladeacer/ocd/internal/tui/diffmodel.go:727.2,728.26 2 0
github.com/bladeacer/ocd/internal/tui/diffmodel.go:729.3,730.51 2 0
github.com/bladeacer/ocd/internal/tui/diffmodel.go:731.4,732.1 1 0
github.com/bladeacer/ocd/internal/tui/diffmodel.go:734.2,735.15 2 0
github.com/bladeacer/ocd/internal/tui/diffmodel.go:736.3,737.1 1 0
github.com/bladeacer/ocd/internal/tui/diffmodel.go:738.3,739.1 1 0
github.com/bladeacer/ocd/internal/tui/diffmodel.go:740.2,743.36 4 0
github.com/bladeacer/ocd/internal/tui/diffmodel.go:744.3,747.22 4 0
github.com/bladeacer/ocd/internal/tui/diffmodel.go:748.4,749.26 2 0
github.com/bladeacer/ocd/internal/tui/diffmodel.go:750.5,751.1 1 0
github.com/bladeacer/ocd/internal/tui/diffmodel.go:752.4,752.13 1 0
github.com/bladeacer/ocd/internal/tui/diffmodel.go:753.5,756.1 3 0
github.com/bladeacer/ocd/internal/tui/diffmodel.go:757.5,758.1 1 0
github.com/bladeacer/ocd/internal/tui/diffmodel.go:759.4,761.22 3 0
github.com/bladeacer/ocd/internal/tui/diffmodel.go:762.5,763.1 1 0
github.com/bladeacer/ocd/internal/tui/diffmodel.go:765.3,765.26 1 0
github.com/bladeacer/ocd/internal/tui/diffmodel.go:767.2,767.28 1 0
github.com/bladeacer/ocd/internal/tui/diffmodel.go:779.2,780.30 2 0
github.com/bladeacer/ocd/internal/tui/diffmodel.go:781.3,781.18 1 0
github.com/bladeacer/ocd/internal/tui/diffmodel.go:783.4,789.6 1 0
github.com/bladeacer/ocd/internal/tui/diffmodel.go:791.4,797.6 1 0
github.com/bladeacer/ocd/internal/tui/diffmodel.go:799.4,805.6 1 0
github.com/bladeacer/ocd/internal/tui/diffmodel.go:807.4,811.6 1 0
github.com/bladeacer/ocd/internal/tui/diffmodel.go:813.4,817.6 1 0
github.com/bladeacer/ocd/internal/tui/diffmodel.go:819.4,823.6 1 0
github.com/bladeacer/ocd/internal/tui/diffmodel.go:826.2,826.15 1 0
github.com/bladeacer/ocd/internal/tui/diffmodel.go:830.2,832.23 3 0
github.com/bladeacer/ocd/internal/tui/diffmodel.go:833.3,834.1 1 0
github.com/bladeacer/ocd/internal/tui/diffmodel.go:835.2,835.23 1 0
github.com/bladeacer/ocd/internal/tui/diffmodel.go:836.3,837.1 1 0
github.com/bladeacer/ocd/internal/tui/diffmodel.go:838.2,839.1 2 0
github.com/bladeacer/ocd/internal/tui/diffmodel.go:840.2,840.17 2 0
github.com/bladeacer/ocd/internal/tui/diffmodel.go:842.3,844.4 1 0
github.com/bladeacer/ocd/internal/tui/diffmodel.go:846.3,848.4 1 0
github.com/bladeacer/ocd/internal/tui/diffmodel.go:850.3,852.4 1 0
github.com/bladeacer/ocd/internal/tui/diffmodel.go:854.3,856.4 1 0
github.com/bladeacer/ocd/internal/tui/diffmodel.go:858.3,858.12 1 0
github.com/bladeacer/ocd/internal/tui/diffmodel.go:860.3,860.64 1 0
github.com/bladeacer/ocd/internal/tui/diffmodel.go:865.2,865.12 1 0
github.com/bladeacer/ocd/internal/tui/diffmodel.go:866.3,867.1 1 0
github.com/bladeacer/ocd/internal/tui/diffmodel.go:868.2,869.21 2 0
github.com/bladeacer/ocd/internal/tui/diffmodel.go:870.3,871.1 1 0
github.com/bladeacer/ocd/internal/tui/diffmodel.go:872.2,872.11 1 0
github.com/bladeacer/ocd/internal/tui/diffmodel.go:873.3,874.1 1 0
github.com/bladeacer/ocd/internal/tui/diffmodel.go:875.2,875.26 1 0
github.com/bladeacer/ocd/internal/tui/diffmodel.go:879.2,879.17 1 0
github.com/bladeacer/ocd/internal/tui/diffmodel.go:880.3,881.1 1 0
github.com/bladeacer/ocd/internal/tui/diffmodel.go:882.2,882.42 1 0
github.com/bladeacer/ocd/internal/tui/diffmodel.go:886.2,888.22 3 0
github.com/bladeacer/ocd/internal/tui/diffmodel.go:889.3,889.18 1 0
github.com/bladeacer/ocd/internal/tui/diffmodel.go:890.4,891.12 2 0
github.com/bladeacer/ocd/internal/tui/diffmodel.go:893.3,893.15 1 0
github.com/bladeacer/ocd/internal/tui/diffmodel.go:894.4,894.56 1 0
github.com/bladeacer/ocd/internal/tui/diffmodel.go:895.5,896.1 1 0
github.com/bladeacer/ocd/internal/tui/diffmodel.go:897.4,897.12 1 0
github.com/bladeacer/ocd/internal/tui/diffmodel.go:899.3,899.19 1 0
github.com/bladeacer/ocd/internal/tui/diffmodel.go:901.2,901.21 1 0
github.com/bladeacer/ocd/internal/tui/diffmodel.go:905.2,905.21 1 0
github.com/bladeacer/ocd/internal/tui/diffmodel.go:906.3,907.1 1 0
github.com/bladeacer/ocd/internal/tui/diffmodel.go:908.2,911.14 4 0
github.com/bladeacer/ocd/internal/tui/diffmodel.go:912.3,913.1 1 0
github.com/bladeacer/ocd/internal/tui/diffmodel.go:917.2,918.18 2 0
github.com/bladeacer/ocd/internal/tui/diffmodel.go:919.3,920.1 1 0
github.com/bladeacer/ocd/internal/tui/diffmodel.go:921.2,922.10 2 0
github.com/bladeacer/ocd/internal/tui/diffmodel.go:926.2,926.27 1 0
github.com/bladeacer/ocd/internal/tui/diffmodel.go:928.3,933.16 6 0
github.com/bladeacer/ocd/internal/tui/diffmodel.go:936.3,936.19 1 0
github.com/bladeacer/ocd/internal/tui/diffmodel.go:937.4,938.1 1 0
github.com/bladeacer/ocd/internal/tui/diffmodel.go:939.3,939.32 1 0
github.com/bladeacer/ocd/internal/tui/diffmodel.go:942.2,944.15 3 0
github.com/bladeacer/ocd/internal/tui/diffmodel.go:956.2,956.22 1 0
github.com/bladeacer/ocd/internal/tui/diffmodel.go:958.3,962.16 5 0
github.com/bladeacer/ocd/internal/tui/diffmodel.go:965.3,969.33 5 0
github.com/bladeacer/ocd/internal/tui/diffmodel.go:970.4,971.1 1 0
github.com/bladeacer/ocd/internal/tui/diffmodel.go:972.3,974.33 3 0
github.com/bladeacer/ocd/internal/tui/diffmodel.go:975.4,976.1 1 0
github.com/bladeacer/ocd/internal/tui/diffmodel.go:977.3,977.16 1 0
github.com/bladeacer/ocd/internal/tui/diffmodel.go:980.3,981.19 2 0
github.com/bladeacer/ocd/internal/tui/diffmodel.go:982.4,983.1 1 0
github.com/bladeacer/ocd/internal/tui/diffmodel.go:984.3,986.16 3 0
github.com/bladeacer/ocd/internal/tui/diffmodel.go:989.2,989.28 1 0
github.com/bladeacer/ocd/internal/tui/diffmodel.go:990.3,994.1 4 0
github.com/bladeacer/ocd/internal/tui/diffmodel.go:996.2,996.15 1 0
github.com/bladeacer/ocd/internal/tui/diffmodel.go:1000.2,1002.21 3 0
github.com/bladeacer/ocd/internal/tui/diffmodel.go:1003.3,1004.1 1 0
github.com/bladeacer/ocd/internal/tui/diffmodel.go:1005.2,1006.30 2 0
github.com/bladeacer/ocd/internal/tui/diffmodel.go:1007.3,1007.52 1 0
github.com/bladeacer/ocd/internal/tui/diffmodel.go:1008.4,1009.1 1 0
github.com/bladeacer/ocd/internal/tui/diffmodel.go:1014.2,1014.33 1 0
github.com/bladeacer/ocd/internal/tui/diffmodel.go:1015.3,1016.1 1 0
github.com/bladeacer/ocd/internal/tui/diffmodel.go:1017.2,1019.27 3 0
github.com/bladeacer/ocd/internal/tui/diffmodel.go:1020.3,1021.1 1 0
github.com/bladeacer/ocd/internal/tui/diffmodel.go:1025.2,1026.1 2 0
github.com/bladeacer/ocd/internal/tui/diffmodel.go:1027.2,1027.16 2 0
github.com/bladeacer/ocd/internal/tui/diffmodel.go:1028.3,1031.1 3 0
github.com/bladeacer/ocd/internal/tui/diffmodel.go:1033.2,1033.17 1 0
github.com/bladeacer/ocd/internal/tui/diffmodel.go:1034.3,1034.14 1 0
github.com/bladeacer/ocd/internal/tui/diffmodel.go:1036.4,1036.15 1 0
github.com/bladeacer/ocd/internal/tui/diffmodel.go:1038.5,1038.28 1 0
github.com/bladeacer/ocd/internal/tui/diffmodel.go:1040.5,1040.28 1 0
github.com/bladeacer/ocd/internal/tui/diffmodel.go:1042.5,1042.28 1 0
github.com/bladeacer/ocd/internal/tui/diffmodel.go:1044.4,1046.22 3 0
github.com/bladeacer/ocd/internal/tui/diffmodel.go:1048.4,1050.17 3 0
github.com/bladeacer/ocd/internal/tui/diffmodel.go:1052.4,1054.22 3 0
github.com/bladeacer/ocd/internal/tui/diffmodel.go:1056.3,1057.16 2 0
github.com/bladeacer/ocd/internal/tui/diffmodel.go:1060.2,1060.35 1 0
github.com/bladeacer/ocd/internal/tui/diffmodel.go:1061.3,1064.1 3 0
github.com/bladeacer/ocd/internal/tui/diffmodel.go:1066.2,1066.22 1 0
github.com/bladeacer/ocd/internal/tui/diffmodel.go:1067.3,1069.19 3 0
github.com/bladeacer/ocd/internal/tui/diffmodel.go:1070.4,1074.1 4 0
github.com/bladeacer/ocd/internal/tui/diffmodel.go:1075.3,1075.16 1 0
github.com/bladeacer/ocd/internal/tui/diffmodel.go:1078.2,1078.16 1 0
github.com/bladeacer/ocd/internal/tui/diffmodel.go:1079.3,1081.14 3 0
github.com/bladeacer/ocd/internal/tui/diffmodel.go:1083.4,1083.26 1 0
github.com/bladeacer/ocd/internal/tui/diffmodel.go:1084.5,1086.19 3 0
github.com/bladeacer/ocd/internal/tui/diffmodel.go:1087.6,1088.1 1 0
github.com/bladeacer/ocd/internal/tui/diffmodel.go:1089.6,1090.1 1 0
github.com/bladeacer/ocd/internal/tui/diffmodel.go:1092.4,1093.17 2 0
github.com/bladeacer/ocd/internal/tui/diffmodel.go:1095.4,1095.26 1 0
github.com/bladeacer/ocd/internal/tui/diffmodel.go:1096.5,1097.1 1 0
github.com/bladeacer/ocd/internal/tui/diffmodel.go:1098.4,1099.17 2 0
github.com/bladeacer/ocd/internal/tui/diffmodel.go:1101.4,1101.26 1 0
github.com/bladeacer/ocd/internal/tui/diffmodel.go:1102.5,1104.19 3 0
github.com/bladeacer/ocd/internal/tui/diffmodel.go:1105.6,1106.1 1 0
github.com/bladeacer/ocd/internal/tui/diffmodel.go:1107.6,1108.1 1 0
github.com/bladeacer/ocd/internal/tui/diffmodel.go:1110.4,1111.17 2 0
github.com/bladeacer/ocd/internal/tui/diffmodel.go:1113.3,1114.16 2 0
github.com/bladeacer/ocd/internal/tui/diffmodel.go:1117.2,1117.13 1 0
github.com/bladeacer/ocd/internal/tui/diffmodel.go:1119.3,1122.16 4 0
github.com/bladeacer/ocd/internal/tui/diffmodel.go:1124.3,1127.16 4 0
github.com/bladeacer/ocd/internal/tui/diffmodel.go:1130.3,1133.52 4 0
github.com/bladeacer/ocd/internal/tui/diffmodel.go:1134.4,1140.1 6 0
github.com/bladeacer/ocd/internal/tui/diffmodel.go:1141.3,1142.16 2 0
github.com/bladeacer/ocd/internal/tui/diffmodel.go:1144.3,1147.52 4 0
github.com/bladeacer/ocd/internal/tui/diffmodel.go:1148.4,1154.1 6 0
github.com/bladeacer/ocd/internal/tui/diffmodel.go:1155.3,1157.26 3 0
github.com/bladeacer/ocd/internal/tui/diffmodel.go:1158.4,1159.1 1 0
github.com/bladeacer/ocd/internal/tui/diffmodel.go:1160.3,1161.16 2 0
github.com/bladeacer/ocd/internal/tui/diffmodel.go:1164.3,1169.16 6 0
github.com/bladeacer/ocd/internal/tui/diffmodel.go:1172.3,1177.16 6 0
github.com/bladeacer/ocd/internal/tui/diffmodel.go:1180.3,1185.39 6 0
github.com/bladeacer/ocd/internal/tui/diffmodel.go:1186.4,1187.1 1 0
github.com/bladeacer/ocd/internal/tui/diffmodel.go:1188.3,1188.16 1 0
github.com/bladeacer/ocd/internal/tui/diffmodel.go:1191.3,1192.17 2 0
github.com/bladeacer/ocd/internal/tui/diffmodel.go:1193.4,1195.1 2 0
github.com/bladeacer/ocd/internal/tui/diffmodel.go:1196.4,1197.1 1 0
github.com/bladeacer/ocd/internal/tui/diffmodel.go:1198.3,1199.16 2 0
github.com/bladeacer/ocd/internal/tui/diffmodel.go:1201.3,1205.16 5 0
github.com/bladeacer/ocd/internal/tui/diffmodel.go:1208.3,1209.17 2 0
github.com/bladeacer/ocd/internal/tui/diffmodel.go:1210.4,1212.26 3 0
github.com/bladeacer/ocd/internal/tui/diffmodel.go:1213.5,1215.30 3 0
github.com/bladeacer/ocd/internal/tui/diffmodel.go:1216.6,1217.1 1 0
github.com/bladeacer/ocd/internal/tui/diffmodel.go:1218.5,1219.19 2 0
github.com/bladeacer/ocd/internal/tui/diffmodel.go:1220.6,1221.1 1 0
github.com/bladeacer/ocd/internal/tui/diffmodel.go:1224.4,1225.1 1 0
github.com/bladeacer/ocd/internal/tui/diffmodel.go:1226.3,1227.16 2 0
github.com/bladeacer/ocd/internal/tui/diffmodel.go:1230.3,1237.16 8 0
github.com/bladeacer/ocd/internal/tui/diffmodel.go:1240.3,1242.17 3 0
github.com/bladeacer/ocd/internal/tui/diffmodel.go:1243.4,1245.1 2 0
github.com/bladeacer/ocd/internal/tui/diffmodel.go:1246.3,1247.16 2 0
github.com/bladeacer/ocd/internal/tui/diffmodel.go:1250.3,1253.24 4 0
github.com/bladeacer/ocd/internal/tui/diffmodel.go:1256.3,1259.29 4 0
github.com/bladeacer/ocd/internal/tui/diffmodel.go:1262.3,1267.16 6 0
github.com/bladeacer/ocd/internal/tui/diffmodel.go:1270.3,1275.16 6 0
github.com/bladeacer/ocd/internal/tui/diffmodel.go:1278.3,1281.16 4 0
github.com/bladeacer/ocd/internal/tui/diffmodel.go:1284.3,1287.16 4 0
github.com/bladeacer/ocd/internal/tui/diffmodel.go:1290.2,1290.16 1 0
github.com/bladeacer/ocd/internal/tui/diffmodel.go:1291.3,1293.1 2 0
github.com/bladeacer/ocd/internal/tui/diffmodel.go:1294.2,1297.1 4 0
github.com/bladeacer/ocd/internal/tui/diffmodel.go:1298.2,1298.53 4 0
github.com/bladeacer/ocd/internal/tui/diffmodel.go:1299.3,1300.25 2 0
github.com/bladeacer/ocd/internal/tui/diffmodel.go:1301.4,1303.1 2 0
github.com/bladeacer/ocd/internal/tui/diffmodel.go:1306.2,1308.15 3 0
github.com/bladeacer/ocd/internal/tui/diffmodel.go:1312.2,1313.52 2 0
github.com/bladeacer/ocd/internal/tui/diffmodel.go:1314.3,1315.1 1 0
github.com/bladeacer/ocd/internal/tui/diffmodel.go:1316.2,1316.34 1 0
github.com/bladeacer/ocd/internal/tui/diffmodel.go:1320.2,1320.24 1 0
github.com/bladeacer/ocd/internal/tui/diffmodel.go:1321.3,1321.26 1 0
github.com/bladeacer/ocd/internal/tui/diffmodel.go:1322.4,1323.1 1 0
github.com/bladeacer/ocd/internal/tui/diffmodel.go:1324.3,1326.39 3 0
github.com/bladeacer/ocd/internal/tui/diffmodel.go:1327.4,1328.1 1 0
github.com/bladeacer/ocd/internal/tui/diffmodel.go:1329.3,1330.50 2 0
github.com/bladeacer/ocd/internal/tui/diffmodel.go:1331.4,1332.1 1 0
github.com/bladeacer/ocd/internal/tui/diffmodel.go:1333.3,1333.13 1 0
github.com/bladeacer/ocd/internal/tui/diffmodel.go:1338.2,1338.24 1 0
github.com/bladeacer/ocd/internal/tui/diffmodel.go:1339.3,1339.61 1 0
github.com/bladeacer/ocd/internal/tui/diffmodel.go:1340.4,1341.1 1 0
github.com/bladeacer/ocd/internal/tui/diffmodel.go:1342.3,1343.42 2 0
github.com/bladeacer/ocd/internal/tui/diffmodel.go:1344.4,1345.37 2 0
github.com/bladeacer/ocd/internal/tui/diffmodel.go:1346.5,1346.60 1 0
github.com/bladeacer/ocd/internal/tui/diffmodel.go:1347.6,1348.1 1 0
github.com/bladeacer/ocd/internal/tui/diffmodel.go:1350.4,1350.51 1 0
github.com/bladeacer/ocd/internal/tui/diffmodel.go:1351.5,1352.1 1 0
github.com/bladeacer/ocd/internal/tui/diffmodel.go:1354.3,1354.13 1 0
github.com/bladeacer/ocd/internal/tui/diffmodel.go:1359.2,1359.24 1 0
github.com/bladeacer/ocd/internal/tui/diffmodel.go:1360.3,1360.22 1 0
github.com/bladeacer/ocd/internal/tui/diffmodel.go:1361.4,1362.1 1 0
github.com/bladeacer/ocd/internal/tui/diffmodel.go:1363.3,1363.26 1 0
github.com/bladeacer/ocd/internal/tui/diffmodel.go:1364.4,1368.1 4 0
github.com/bladeacer/ocd/internal/tui/diffmodel.go:1369.3,1371.70 3 0
github.com/bladeacer/ocd/internal/tui/diffmodel.go:1372.4,1373.1 1 0
github.com/bladeacer/ocd/internal/tui/diffmodel.go:1374.4,1375.1 1 0
github.com/bladeacer/ocd/internal/tui/diffmodel.go:1376.3,1376.13 1 0
github.com/bladeacer/ocd/internal/tui/diffmodel.go:1381.2,1381.21 1 0
github.com/bladeacer/ocd/internal/tui/diffmodel.go:1382.3,1383.1 1 0
github.com/bladeacer/ocd/internal/tui/diffmodel.go:1384.2,1387.81 4 0
github.com/bladeacer/ocd/internal/tui/diffmodel.go:1391.2,1391.24 1 0
github.com/bladeacer/ocd/internal/tui/diffmodel.go:1392.3,1393.50 2 0
github.com/bladeacer/ocd/internal/tui/diffmodel.go:1394.4,1395.1 1 0
github.com/bladeacer/ocd/internal/tui/diffmodel.go:1396.3,1396.13 1 0
github.com/bladeacer/ocd/internal/tui/diffmodel.go:1401.2,1402.16 2 0
github.com/bladeacer/ocd/internal/tui/diffmodel.go:1403.3,1404.1 1 0
github.com/bladeacer/ocd/internal/tui/diffmodel.go:1405.2,1406.56 2 0
github.com/bladeacer/ocd/internal/tui/diffmodel.go:1407.3,1409.1 2 0
github.com/bladeacer/ocd/internal/tui/diffmodel.go:1410.2,1411.1 3 0
github.com/bladeacer/ocd/internal/tui/diffmodel.go:1412.2,1413.18 3 0
github.com/bladeacer/ocd/internal/tui/diffmodel.go:1414.3,1415.1 1 0
github.com/bladeacer/ocd/internal/tui/diffmodel.go:1416.2,1416.18 1 0
github.com/bladeacer/ocd/internal/tui/diffmodel.go:1417.3,1417.51 1 0
github.com/bladeacer/ocd/internal/tui/diffmodel.go:1418.4,1419.1 1 0
github.com/bladeacer/ocd/internal/tui/diffmodel.go:1420.4,1421.1 1 0
github.com/bladeacer/ocd/internal/tui/diffmodel.go:1423.2,1423.22 1 0
github.com/bladeacer/ocd/internal/tui/diffmodel.go:1424.3,1425.55 2 0
github.com/bladeacer/ocd/internal/tui/diffmodel.go:1426.4,1428.1 2 0
github.com/bladeacer/ocd/internal/tui/diffmodel.go:1430.2,1431.54 2 0
github.com/bladeacer/ocd/internal/tui/diffmodel.go:1432.3,1434.1 2 0
github.com/bladeacer/ocd/internal/tui/diffmodel.go:1438.2,1438.25 1 0
github.com/bladeacer/ocd/internal/tui/diffmodel.go:1439.3,1440.1 1 0
github.com/bladeacer/ocd/internal/tui/diffmodel.go:1441.2,1444.28 4 0
github.com/bladeacer/ocd/internal/tui/diffmodel.go:1448.2,1448.25 1 0
github.com/bladeacer/ocd/internal/tui/diffmodel.go:1449.3,1450.1 1 0
github.com/bladeacer/ocd/internal/tui/diffmodel.go:1451.2,1452.23 2 0
github.com/bladeacer/ocd/internal/tui/diffmodel.go:1453.3,1454.1 1 0
github.com/bladeacer/ocd/internal/tui/diffmodel.go:1455.2,1457.28 3 0
github.com/bladeacer/ocd/internal/tui/diffmodel.go:1461.2,1461.25 1 0
github.com/bladeacer/ocd/internal/tui/diffmodel.go:1462.3,1463.1 1 0
github.com/bladeacer/ocd/internal/tui/diffmodel.go:1464.2,1466.38 3 0
github.com/bladeacer/ocd/internal/tui/diffmodel.go:1467.3,1468.1 1 0
github.com/bladeacer/ocd/internal/tui/diffmodel.go:1469.2,1469.19 1 0
github.com/bladeacer/ocd/internal/tui/diffmodel.go:1473.2,1473.14 1 0
github.com/bladeacer/ocd/internal/tui/diffmodel.go:1474.3,1475.1 1 0
github.com/bladeacer/ocd/internal/tui/diffmodel.go:1476.2,1476.66 1 0
github.com/bladeacer/ocd/internal/tui/diffmodel.go:1477.3,1479.1 2 0
github.com/bladeacer/ocd/internal/tui/diffmodel.go:1479.9,1479.55 1 0
github.com/bladeacer/ocd/internal/tui/diffmodel.go:1480.3,1481.1 1 0
github.com/bladeacer/ocd/internal/tui/diffmodel.go:1481.9,1481.34 1 0
github.com/bladeacer/ocd/internal/tui/diffmodel.go:1482.3,1483.1 1 0
github.com/bladeacer/ocd/internal/tui/diffmodel.go:1485.2,1485.17 1 0
github.com/bladeacer/ocd/internal/tui/diffmodel.go:1486.3,1487.1 1 0
github.com/bladeacer/ocd/internal/tui/diffmodel.go:1489.2,1489.16 1 0
github.com/bladeacer/ocd/internal/tui/diffmodel.go:1490.3,1491.1 1 0
github.com/bladeacer/ocd/internal/tui/diffmodel.go:1493.2,1495.18 3 0
github.com/bladeacer/ocd/internal/tui/diffmodel.go:1496.3,1497.1 1 0
github.com/bladeacer/ocd/internal/tui/diffmodel.go:1499.2,1500.24 2 0
github.com/bladeacer/ocd/internal/tui/diffmodel.go:1501.3,1504.1 1 0
github.com/bladeacer/ocd/internal/tui/diffmodel.go:1506.2,1511.1 2 0
github.com/bladeacer/ocd/internal/tui/diffmodel.go:1512.2,1512.59 2 0
github.com/bladeacer/ocd/internal/tui/diffmodel.go:1516.2,1530.1 8 0
github.com/bladeacer/ocd/internal/tui/diffmodel.go:1533.2,1550.1 7 0
github.com/bladeacer/ocd/internal/tui/diffmodel.go:1551.2,1561.1 7 0
github.com/bladeacer/ocd/internal/tui/diffmodel.go:1564.2,1567.16 4 0
github.com/bladeacer/ocd/internal/tui/diffmodel.go:1568.3,1569.1 1 0
github.com/bladeacer/ocd/internal/tui/diffmodel.go:1570.2,1571.9 2 0
github.com/bladeacer/ocd/internal/tui/diffmodel.go:1572.3,1573.1 1 0
github.com/bladeacer/ocd/internal/tui/diffmodel.go:1574.2,1574.51 1 0
github.com/bladeacer/ocd/internal/tui/diffmodel.go:1575.3,1577.80 3 0
github.com/bladeacer/ocd/internal/tui/diffmodel.go:1578.4,1579.1 1 0
github.com/bladeacer/ocd/internal/tui/diffmodel.go:1580.4,1581.1 1 0
github.com/bladeacer/ocd/internal/tui/diffmodel.go:1583.2,1583.12 1 0
github.com/bladeacer/ocd/internal/tui/model.go:69.2,72.1 12 0
github.com/bladeacer/ocd/internal/tui/model.go:73.2,82.1 12 0
[...]
github.com/bladeacer/ocd/internal/tui/diffmodel.go:1512.2,1512.59 2 1
github.com/bladeacer/ocd/internal/tui/diffmodel.go:1516.2,1530.1 8 1
github.com/bladeacer/ocd/internal/tui/diffmodel.go:1533.2,1550.1 7 1
github.com/bladeacer/ocd/internal/tui/diffmodel.go:1551.2,1561.1 7 1
github.com/bladeacer/ocd/internal/tui/diffmodel.go:1564.2,1567.16 4 0
github.com/bladeacer/ocd/internal/tui/diffmodel.go:1568.3,1569.1 1 0
github.com/bladeacer/ocd/internal/tui/diffmodel.go:1570.2,1571.9 2 0
github.com/bladeacer/ocd/internal/tui/diffmodel.go:1572.3,1573.1 1 0
github.com/bladeacer/ocd/internal/tui/diffmodel.go:1574.2,1574.51 1 0
github.com/bladeacer/ocd/internal/tui/diffmodel.go:1575.3,1577.80 3 0
github.com/bladeacer/ocd/internal/tui/diffmodel.go:1578.4,1579.1 1 0
github.com/bladeacer/ocd/internal/tui/diffmodel.go:1580.4,1581.1 1 0
github.com/bladeacer/ocd/internal/tui/diffmodel.go:1583.2,1583.12 1 0
github.com/bladeacer/ocd/internal/tui/model.go:69.2,72.1 12 0
github.com/bladeacer/ocd/internal/tui/model.go:73.2,82.1 12 0
github.com/bladeacer/ocd/internal/tui/model.go:84.2,90.1 12 0
github.com/bladeacer/ocd/internal/tui/model.go:91.2,95.1 12 0
github.com/bladeacer/ocd/internal/tui/model.go:96.2,114.1 12 0
github.com/bladeacer/ocd/internal/tui/model.go:116.2,117.1 12 0
github.com/bladeacer/ocd/internal/tui/model.go:120.2,121.1 1 0
github.com/bladeacer/ocd/internal/tui/model.go:124.2,126.1 2 1
github.com/bladeacer/ocd/internal/tui/model.go:129.2,131.1 2 0
github.com/bladeacer/ocd/internal/tui/model.go:134.2,134.27 1 1
github.com/bladeacer/ocd/internal/tui/model.go:136.3,138.16 3 1
github.com/bladeacer/ocd/internal/tui/model.go:141.3,142.30 2 0
github.com/bladeacer/ocd/internal/tui/model.go:143.4,145.1 2 0
github.com/bladeacer/ocd/internal/tui/model.go:146.3,149.16 4 0
github.com/bladeacer/ocd/internal/tui/model.go:152.3,152.30 1 0
github.com/bladeacer/ocd/internal/tui/model.go:153.4,154.42 2 0
github.com/bladeacer/ocd/internal/tui/model.go:155.5,156.1 1 0
github.com/bladeacer/ocd/internal/tui/model.go:157.4,157.26 1 0
github.com/bladeacer/ocd/internal/tui/model.go:159.3,159.16 1 0
github.com/bladeacer/ocd/internal/tui/model.go:162.3,162.26 1 0
github.com/bladeacer/ocd/internal/tui/model.go:165.3,167.16 3 0
github.com/bladeacer/ocd/internal/tui/model.go:170.2,170.15 1 0
github.com/bladeacer/ocd/internal/tui/model.go:174.2,174.17 1 1
github.com/bladeacer/ocd/internal/tui/model.go:176.3,176.33 1 1
github.com/bladeacer/ocd/internal/tui/model.go:178.3,178.31 1 1
github.com/bladeacer/ocd/internal/tui/model.go:180.3,180.32 1 1
github.com/bladeacer/ocd/internal/tui/model.go:182.3,182.33 1 1
github.com/bladeacer/ocd/internal/tui/model.go:184.2,184.15 1 0
github.com/bladeacer/ocd/internal/tui/model.go:188.2,188.53 1 1
github.com/bladeacer/ocd/internal/tui/model.go:189.3,190.1 1 1
github.com/bladeacer/ocd/internal/tui/model.go:191.2,191.15 1 1
github.com/bladeacer/ocd/internal/tui/model.go:195.2,196.1 2 1
github.com/bladeacer/ocd/internal/tui/model.go:197.2,197.16 2 1
github.com/bladeacer/ocd/internal/tui/model.go:198.3,200.1 2 1
github.com/bladeacer/ocd/internal/tui/model.go:202.2,202.13 1 1
github.com/bladeacer/ocd/internal/tui/model.go:204.3,204.21 1 1
github.com/bladeacer/ocd/internal/tui/model.go:207.3,208.16 2 1
github.com/bladeacer/ocd/internal/tui/model.go:211.3,211.23 1 1
github.com/bladeacer/ocd/internal/tui/model.go:214.3,217.16 4 1
github.com/bladeacer/ocd/internal/tui/model.go:220.3,221.19 2 1
github.com/bladeacer/ocd/internal/tui/model.go:224.3,225.19 2 1
github.com/bladeacer/ocd/internal/tui/model.go:228.3,229.19 2 1
github.com/bladeacer/ocd/internal/tui/model.go:232.3,233.19 2 1
github.com/bladeacer/ocd/internal/tui/model.go:236.3,237.16 2 1
github.com/bladeacer/ocd/internal/tui/model.go:240.2,242.15 3 1
github.com/bladeacer/ocd/internal/tui/model.go:246.2,246.22 1 1
github.com/bladeacer/ocd/internal/tui/model.go:248.3,253.16 6 1
github.com/bladeacer/ocd/internal/tui/model.go:256.3,260.16 5 1
github.com/bladeacer/ocd/internal/tui/model.go:263.3,264.19 2 1
github.com/bladeacer/ocd/internal/tui/model.go:265.4,266.1 1 1
github.com/bladeacer/ocd/internal/tui/model.go:267.3,269.16 3 1
github.com/bladeacer/ocd/internal/tui/model.go:271.3,277.16 7 1
github.com/bladeacer/ocd/internal/tui/model.go:280.2,280.28 1 1
github.com/bladeacer/ocd/internal/tui/model.go:281.3,285.1 4 1
github.com/bladeacer/ocd/internal/tui/model.go:287.2,287.15 1 0
github.com/bladeacer/ocd/internal/tui/model.go:291.2,291.22 1 1
github.com/bladeacer/ocd/internal/tui/model.go:293.3,293.21 1 1
github.com/bladeacer/ocd/internal/tui/model.go:295.3,297.16 3 1
github.com/bladeacer/ocd/internal/tui/model.go:299.2,299.15 1 0
github.com/bladeacer/ocd/internal/tui/model.go:303.2,304.16 2 1
github.com/bladeacer/ocd/internal/tui/model.go:305.3,306.1 1 1
github.com/bladeacer/ocd/internal/tui/model.go:307.2,309.15 3 1
github.com/bladeacer/ocd/internal/tui/model.go:313.2,314.1 2 1
github.com/bladeacer/ocd/internal/tui/model.go:315.2,315.29 2 1
github.com/bladeacer/ocd/internal/tui/model.go:316.3,319.1 4 1
github.com/bladeacer/ocd/internal/tui/model.go:320.3,320.42 4 1
github.com/bladeacer/ocd/internal/tui/model.go:321.4,321.12 1 1
github.com/bladeacer/ocd/internal/tui/model.go:323.3,323.25 1 1
github.com/bladeacer/ocd/internal/tui/model.go:324.4,325.35 2 1
github.com/bladeacer/ocd/internal/tui/model.go:326.5,326.29 1 1
github.com/bladeacer/ocd/internal/tui/model.go:327.6,328.11 2 1
github.com/bladeacer/ocd/internal/tui/model.go:331.4,331.15 1 1
github.com/bladeacer/ocd/internal/tui/model.go:332.5,332.13 1 1
github.com/bladeacer/ocd/internal/tui/model.go:335.3,335.46 1 1
github.com/bladeacer/ocd/internal/tui/model.go:336.4,336.12 1 0
github.com/bladeacer/ocd/internal/tui/model.go:338.3,338.26 1 1
github.com/bladeacer/ocd/internal/tui/model.go:339.4,340.69 2 1
github.com/bladeacer/ocd/internal/tui/model.go:341.5,341.13 1 1
github.com/bladeacer/ocd/internal/tui/model.go:344.3,344.35 1 1
github.com/bladeacer/ocd/internal/tui/model.go:347.2,348.21 2 1
github.com/bladeacer/ocd/internal/tui/model.go:352.2,353.1 1 1
github.com/bladeacer/ocd/internal/tui/model.go:356.2,357.17 2 1
github.com/bladeacer/ocd/internal/tui/model.go:358.3,359.1 1 1
github.com/bladeacer/ocd/internal/tui/model.go:361.2,363.1 3 1
github.com/bladeacer/ocd/internal/tui/model.go:364.2,364.41 3 1
github.com/bladeacer/ocd/internal/tui/model.go:365.3,367.1 3 1
github.com/bladeacer/ocd/internal/tui/model.go:368.3,368.23 3 1
github.com/bladeacer/ocd/internal/tui/model.go:369.4,371.22 3 1
github.com/bladeacer/ocd/internal/tui/model.go:372.5,373.1 1 1
github.com/bladeacer/ocd/internal/tui/model.go:375.3,375.37 1 1
github.com/bladeacer/ocd/internal/tui/model.go:378.2,378.23 1 1
github.com/bladeacer/ocd/internal/tui/model.go:382.2,383.1 3 1
github.com/bladeacer/ocd/internal/tui/model.go:384.2,385.37 3 1
github.com/bladeacer/ocd/internal/tui/model.go:386.3,387.1 1 1
github.com/bladeacer/ocd/internal/tui/model.go:389.2,390.1 3 1
github.com/bladeacer/ocd/internal/tui/model.go:391.2,392.46 3 1
github.com/bladeacer/ocd/internal/tui/model.go:393.3,397.1 1 1
github.com/bladeacer/ocd/internal/tui/model.go:399.2,400.1 2 1
github.com/bladeacer/ocd/internal/tui/model.go:401.2,401.36 2 1
github.com/bladeacer/ocd/internal/tui/model.go:402.3,404.16 3 1
github.com/bladeacer/ocd/internal/tui/model.go:405.4,405.12 1 0
github.com/bladeacer/ocd/internal/tui/model.go:407.3,408.1 4 1
github.com/bladeacer/ocd/internal/tui/model.go:409.3,411.16 4 1
github.com/bladeacer/ocd/internal/tui/model.go:412.4,412.38 1 1
github.com/bladeacer/ocd/internal/tui/model.go:413.5,414.1 1 1
github.com/bladeacer/ocd/internal/tui/model.go:417.3,419.33 3 1
github.com/bladeacer/ocd/internal/tui/model.go:420.4,420.17 1 1
github.com/bladeacer/ocd/internal/tui/model.go:421.5,422.1 1 1
github.com/bladeacer/ocd/internal/tui/model.go:423.5,424.1 1 1
github.com/bladeacer/ocd/internal/tui/model.go:427.3,428.52 2 1
github.com/bladeacer/ocd/internal/tui/model.go:429.4,430.1 1 0
github.com/bladeacer/ocd/internal/tui/model.go:432.3,433.21 2 1
github.com/bladeacer/ocd/internal/tui/model.go:434.4,435.1 1 0
github.com/bladeacer/ocd/internal/tui/model.go:437.3,446.5 1 1
github.com/bladeacer/ocd/internal/tui/model.go:449.2,450.19 2 1
github.com/bladeacer/ocd/internal/tui/model.go:454.2,464.1 1 1
github.com/bladeacer/ocd/internal/tui/model.go:467.2,469.16 3 0
github.com/bladeacer/ocd/internal/tui/model.go:470.3,471.1 1 0
github.com/bladeacer/ocd/internal/tui/model.go:472.2,473.9 2 0
github.com/bladeacer/ocd/internal/tui/model.go:474.3,475.1 1 0
github.com/bladeacer/ocd/internal/tui/model.go:476.2,476.30 1 0
github.com/bladeacer/ocd/internal/tui/model.go:477.3,478.1 1 0
github.com/bladeacer/ocd/internal/tui/model.go:479.2,479.25 1 0
github.com/bladeacer/ocd/internal/tui/model.go:483.2,485.26 3 1
github.com/bladeacer/ocd/internal/tui/model.go:486.3,486.12 1 1
github.com/bladeacer/ocd/internal/tui/model.go:487.4,488.1 1 1
github.com/bladeacer/ocd/internal/tui/model.go:490.2,490.13 1 1
github.com/bladeacer/ocd/internal/tui/model.go:494.2,495.22 2 1
github.com/bladeacer/ocd/internal/tui/model.go:496.3,496.27 1 1
github.com/bladeacer/ocd/internal/tui/model.go:497.4,498.1 1 1
github.com/bladeacer/ocd/internal/tui/model.go:500.2,500.10 1 1
github.com/bladeacer/ocd/internal/tui/model.go:504.2,504.25 1 1
github.com/bladeacer/ocd/internal/tui/model.go:505.3,507.17 3 1
github.com/bladeacer/ocd/internal/tui/model.go:508.4,509.1 1 1
github.com/bladeacer/ocd/internal/tui/model.go:510.3,510.17 1 1
github.com/bladeacer/ocd/internal/tui/model.go:511.4,512.1 1 1
github.com/bladeacer/ocd/internal/tui/model.go:513.3,513.15 1 1
github.com/bladeacer/ocd/internal/tui/model.go:514.4,515.1 1 1
github.com/bladeacer/ocd/internal/tui/model.go:517.2,517.10 1 1
github.com/bladeacer/ocd/internal/tui/model.go:521.2,521.37 1 1
github.com/bladeacer/ocd/internal/tui/model.go:522.3,523.1 1 1
github.com/bladeacer/ocd/internal/tui/model.go:524.2,524.16 1 1
github.com/bladeacer/ocd/internal/tui/model.go:526.3,526.11 1 1
github.com/bladeacer/ocd/internal/tui/model.go:528.3,528.11 1 1
github.com/bladeacer/ocd/internal/tui/model.go:530.3,530.11 1 1
github.com/bladeacer/ocd/internal/tui/model.go:532.2,532.10 1 1
github.com/bladeacer/ocd/internal/tui/model.go:536.2,536.13 1 1
github.com/bladeacer/ocd/internal/tui/model.go:537.3,538.1 1 1
github.com/bladeacer/ocd/internal/tui/model.go:539.2,539.16 1 1
github.com/bladeacer/ocd/internal/tui/pickermodel.go:48.2,54.1 8 1
github.com/bladeacer/ocd/internal/tui/pickermodel.go:56.2,62.1 8 1
github.com/bladeacer/ocd/internal/tui/pickermodel.go:63.2,67.1 8 1
github.com/bladeacer/ocd/internal/tui/pickermodel.go:68.2,76.1 8 1
github.com/bladeacer/ocd/internal/tui/pickermodel.go:80.2,81.1 1 1
github.com/bladeacer/ocd/internal/tui/pickermodel.go:84.2,86.1 2 0
github.com/bladeacer/ocd/internal/tui/pickermodel.go:89.2,89.27 1 1
github.com/bladeacer/ocd/internal/tui/pickermodel.go:91.3,92.30 2 1
github.com/bladeacer/ocd/internal/tui/pickermodel.go:93.4,95.1 2 1
github.com/bladeacer/ocd/internal/tui/pickermodel.go:96.3,98.16 3 1
github.com/bladeacer/ocd/internal/tui/pickermodel.go:101.3,103.16 3 0
github.com/bladeacer/ocd/internal/tui/pickermodel.go:106.3,106.38 1 0
github.com/bladeacer/ocd/internal/tui/pickermodel.go:107.4,107.55 1 0
github.com/bladeacer/ocd/internal/tui/pickermodel.go:108.5,110.1 2 0
github.com/bladeacer/ocd/internal/tui/pickermodel.go:111.4,111.17 1 0
github.com/bladeacer/ocd/internal/tui/pickermodel.go:114.3,114.26 1 0
github.com/bladeacer/ocd/internal/tui/pickermodel.go:117.2,117.15 1 0
github.com/bladeacer/ocd/internal/tui/pickermodel.go:121.2,121.18 1 1
github.com/bladeacer/ocd/internal/tui/pickermodel.go:122.3,123.1 1 0
github.com/bladeacer/ocd/internal/tui/pickermodel.go:125.2,126.1 2 1
github.com/bladeacer/ocd/internal/tui/pickermodel.go:127.2,127.16 2 1
github.com/bladeacer/ocd/internal/tui/pickermodel.go:128.3,130.1 2 1
github.com/bladeacer/ocd/internal/tui/pickermodel.go:132.2,132.13 1 1
github.com/bladeacer/ocd/internal/tui/pickermodel.go:134.3,135.21 2 0
github.com/bladeacer/ocd/internal/tui/pickermodel.go:137.3,138.16 2 1
github.com/bladeacer/ocd/internal/tui/pickermodel.go:140.3,143.16 4 1
github.com/bladeacer/ocd/internal/tui/pickermodel.go:145.3,145.27 1 1
github.com/bladeacer/ocd/internal/tui/pickermodel.go:147.3,148.18 2 1
github.com/bladeacer/ocd/internal/tui/pickermodel.go:150.3,151.18 2 1
github.com/bladeacer/ocd/internal/tui/pickermodel.go:153.3,154.16 2 1
github.com/bladeacer/ocd/internal/tui/pickermodel.go:157.2,159.15 3 1
github.com/bladeacer/ocd/internal/tui/pickermodel.go:163.2,163.22 1 1
github.com/bladeacer/ocd/internal/tui/pickermodel.go:165.3,170.16 6 1
github.com/bladeacer/ocd/internal/tui/pickermodel.go:172.3,176.16 5 1
github.com/bladeacer/ocd/internal/tui/pickermodel.go:178.3,179.19 2 1
github.com/bladeacer/ocd/internal/tui/pickermodel.go:180.4,181.1 1 1
github.com/bladeacer/ocd/internal/tui/pickermodel.go:182.3,184.16 3 1
github.com/bladeacer/ocd/internal/tui/pickermodel.go:186.3,192.16 7 1
github.com/bladeacer/ocd/internal/tui/pickermodel.go:195.2,195.28 1 1
github.com/bladeacer/ocd/internal/tui/pickermodel.go:196.3,200.1 4 1
github.com/bladeacer/ocd/internal/tui/pickermodel.go:202.2,202.15 1 0
github.com/bladeacer/ocd/internal/tui/pickermodel.go:206.2,207.16 2 1
github.com/bladeacer/ocd/internal/tui/pickermodel.go:208.3,209.1 1 1
github.com/bladeacer/ocd/internal/tui/pickermodel.go:210.2,211.29 2 1
github.com/bladeacer/ocd/internal/tui/pickermodel.go:212.3,217.1 5 1
github.com/bladeacer/ocd/internal/tui/pickermodel.go:218.3,221.1 3 1
github.com/bladeacer/ocd/internal/tui/pickermodel.go:222.2,222.15 1 1
github.com/bladeacer/ocd/internal/tui/pickermodel.go:226.2,227.38 2 1
github.com/bladeacer/ocd/internal/tui/pickermodel.go:228.3,232.1 1 1
github.com/bladeacer/ocd/internal/tui/pickermodel.go:234.2,236.37 3 1
github.com/bladeacer/ocd/internal/tui/pickermodel.go:237.3,238.1 1 1
github.com/bladeacer/ocd/internal/tui/pickermodel.go:240.2,240.24 1 1
github.com/bladeacer/ocd/internal/tui/pickermodel.go:241.3,241.58 1 1
github.com/bladeacer/ocd/internal/tui/pickermodel.go:242.4,242.12 1 1
github.com/bladeacer/ocd/internal/tui/pickermodel.go:244.3,245.21 2 1
github.com/bladeacer/ocd/internal/tui/pickermodel.go:246.4,247.1 1 0
github.com/bladeacer/ocd/internal/tui/pickermodel.go:249.3,250.31 2 1
github.com/bladeacer/ocd/internal/tui/pickermodel.go:251.4,251.28 1 1
github.com/bladeacer/ocd/internal/tui/pickermodel.go:252.5,253.1 1 1
github.com/bladeacer/ocd/internal/tui/pickermodel.go:254.5,255.1 1 1
github.com/bladeacer/ocd/internal/tui/pickermodel.go:258.3,259.16 2 1
github.com/bladeacer/ocd/internal/tui/pickermodel.go:260.4,261.1 1 1
github.com/bladeacer/ocd/internal/tui/pickermodel.go:262.4,263.1 1 1
github.com/bladeacer/ocd/internal/tui/pickermodel.go:265.3,271.5 1 1
github.com/bladeacer/ocd/internal/tui/pickermodel.go:273.2,273.15 1 1
github.com/bladeacer/ocd/internal/tui/pickermodel.go:277.2,279.1 2 1
github.com/bladeacer/ocd/internal/tui/pickermodel.go:282.2,283.1 2 1
github.com/bladeacer/ocd/internal/tui/pickermodel.go:284.2,284.29 2 1
github.com/bladeacer/ocd/internal/tui/pickermodel.go:285.3,285.43 1 1
github.com/bladeacer/ocd/internal/tui/pickermodel.go:286.4,286.12 1 1
github.com/bladeacer/ocd/internal/tui/pickermodel.go:288.3,288.44 1 1
github.com/bladeacer/ocd/internal/tui/pickermodel.go:289.4,290.35 2 1
github.com/bladeacer/ocd/internal/tui/pickermodel.go:291.5,291.28 1 1
github.com/bladeacer/ocd/internal/tui/pickermodel.go:292.6,293.11 2 1
github.com/bladeacer/ocd/internal/tui/pickermodel.go:296.4,296.15 1 1
github.com/bladeacer/ocd/internal/tui/pickermodel.go:297.5,297.13 1 1
github.com/bladeacer/ocd/internal/tui/pickermodel.go:300.3,300.22 1 1
github.com/bladeacer/ocd/internal/tui/pickermodel.go:301.4,302.63 2 1
github.com/bladeacer/ocd/internal/tui/pickermodel.go:303.5,303.13 1 0
github.com/bladeacer/ocd/internal/tui/pickermodel.go:306.3,306.35 1 1
github.com/bladeacer/ocd/internal/tui/pickermodel.go:309.2,309.49 1 1
github.com/bladeacer/ocd/internal/tui/pickermodel.go:310.3,312.19 3 1
github.com/bladeacer/ocd/internal/tui/pickermodel.go:313.4,314.1 1 0
github.com/bladeacer/ocd/internal/tui/pickermodel.go:315.3,318.8 1 1
github.com/bladeacer/ocd/internal/tui/pickermodel.go:321.2,321.25 1 1
github.com/bladeacer/ocd/internal/tui/pickermodel.go:325.2,325.18 1 1
github.com/bladeacer/ocd/internal/tui/pickermodel.go:326.3,327.1 1 1
github.com/bladeacer/ocd/internal/tui/pickermodel.go:328.2,328.21 1 1
github.com/bladeacer/ocd/internal/tui/pickermodel.go:329.3,330.1 1 1
github.com/bladeacer/ocd/internal/tui/pickermodel.go:332.2,332.16 1 1
github.com/bladeacer/ocd/internal/tui/pickermodel.go:333.3,343.1 4 1
github.com/bladeacer/ocd/internal/tui/pickermodel.go:344.3,347.1 4 1
github.com/bladeacer/ocd/internal/tui/pickermodel.go:349.2,350.30 2 0
github.com/bladeacer/ocd/internal/tui/pickermodel.go:351.3,352.1 1 0
github.com/bladeacer/ocd/internal/tui/pickermodel.go:354.2,355.18 2 0
github.com/bladeacer/ocd/internal/tui/pickermodel.go:356.3,357.1 1 0
github.com/bladeacer/ocd/internal/tui/pickermodel.go:359.2,363.1 3 0
github.com/bladeacer/ocd/internal/tui/pickermodel.go:364.2,365.1 3 0
github.com/bladeacer/ocd/internal/tui/pickermodel.go:366.2,366.92 3 0
github.com/bladeacer/ocd/internal/tui/pickermodel.go:370.2,373.16 4 0
github.com/bladeacer/ocd/internal/tui/pickermodel.go:374.3,375.1 1 0
github.com/bladeacer/ocd/internal/tui/pickermodel.go:376.2,377.25 2 0
github.com/bladeacer/ocd/internal/tui/pickermodel.go:378.3,379.1 1 0
github.com/bladeacer/ocd/internal/tui/pickermodel.go:380.2,380.47 1 0
github.com/bladeacer/ocd/internal/tui/spinner.go:19.2,26.1 4 1
github.com/bladeacer/ocd/internal/tui/spinner.go:30.2,31.1 1 1
github.com/bladeacer/ocd/internal/tui/spinner.go:34.2,36.1 2 1
github.com/bladeacer/ocd/internal/tui/spinner.go:39.2,39.27 1 1
github.com/bladeacer/ocd/internal/tui/spinner.go:41.3,42.37 2 1
github.com/bladeacer/ocd/internal/tui/spinner.go:43.4,44.1 1 1
github.com/bladeacer/ocd/internal/tui/spinner.go:45.3,45.25 1 1
github.com/bladeacer/ocd/internal/tui/spinner.go:47.3,49.16 3 1
github.com/bladeacer/ocd/internal/tui/spinner.go:51.2,51.15 1 0
github.com/bladeacer/ocd/internal/tui/spinner.go:55.2,58.1 3 1
github.com/bladeacer/ocd/internal/tui/spinner.go:61.2,62.1 1 1
github.com/bladeacer/ocd/internal/tui/styles.go:43.2,54.1 4 1
github.com/bladeacer/ocd/internal/tui/view.go:18.2,18.17 1 1
github.com/bladeacer/ocd/internal/tui/view.go:20.3,20.25 1 1
github.com/bladeacer/ocd/internal/tui/view.go:22.3,22.30 1 1
github.com/bladeacer/ocd/internal/tui/view.go:24.3,24.25 1 1
github.com/bladeacer/ocd/internal/tui/view.go:26.2,26.11 1 0
github.com/bladeacer/ocd/internal/tui/view.go:30.2,30.18 1 1
github.com/bladeacer/ocd/internal/tui/view.go:31.3,32.1 1 1
github.com/bladeacer/ocd/internal/tui/view.go:34.2,36.1 3 1
github.com/bladeacer/ocd/internal/tui/view.go:37.2,37.84 3 1
github.com/bladeacer/ocd/internal/tui/view.go:41.2,41.16 1 1
github.com/bladeacer/ocd/internal/tui/view.go:42.3,43.1 1 0
github.com/bladeacer/ocd/internal/tui/view.go:45.2,46.1 3 1
github.com/bladeacer/ocd/internal/tui/view.go:47.2,48.1 3 1
github.com/bladeacer/ocd/internal/tui/view.go:49.2,49.28 3 1
github.com/bladeacer/ocd/internal/tui/view.go:50.3,52.1 2 1
github.com/bladeacer/ocd/internal/tui/view.go:54.2,56.1 4 1
github.com/bladeacer/ocd/internal/tui/view.go:57.2,58.1 4 1
github.com/bladeacer/ocd/internal/tui/view.go:59.2,59.19 4 1
github.com/bladeacer/ocd/internal/tui/view.go:63.2,76.1 6 1
github.com/bladeacer/ocd/internal/tui/view.go:77.2,82.1 6 1
github.com/bladeacer/ocd/internal/tui/view.go:85.2,86.1 3 1
github.com/bladeacer/ocd/internal/tui/view.go:87.2,94.1 3 1
github.com/bladeacer/ocd/internal/tui/view.go:97.2,97.12 1 1
github.com/bladeacer/ocd/internal/tui/view.go:98.3,99.1 1 1
github.com/bladeacer/ocd/internal/tui/view.go:100.2,100.53 1 1
github.com/bladeacer/ocd/internal/tui/view.go:104.2,111.1 3 1
