mode: set
github.com/bladeacer/ocd/internal/tui/diffmodel.go:85.57,97.2 5 1
github.com/bladeacer/ocd/internal/tui/diffmodel.go:99.36,101.2 1 1
github.com/bladeacer/ocd/internal/tui/diffmodel.go:103.29,104.21 1 1
github.com/bladeacer/ocd/internal/tui/diffmodel.go:104.21,106.3 1 1
github.com/bladeacer/ocd/internal/tui/diffmodel.go:108.2,108.27 1 1
github.com/bladeacer/ocd/internal/tui/diffmodel.go:108.27,111.3 2 1
github.com/bladeacer/ocd/internal/tui/diffmodel.go:113.2,113.23 1 1
github.com/bladeacer/ocd/internal/tui/diffmodel.go:113.23,116.3 2 1
github.com/bladeacer/ocd/internal/tui/diffmodel.go:118.2,128.27 10 1
github.com/bladeacer/ocd/internal/tui/diffmodel.go:128.27,129.36 1 1
github.com/bladeacer/ocd/internal/tui/diffmodel.go:129.36,134.12 5 1
github.com/bladeacer/ocd/internal/tui/diffmodel.go:137.3,137.71 1 1
github.com/bladeacer/ocd/internal/tui/diffmodel.go:137.71,139.12 2 1
github.com/bladeacer/ocd/internal/tui/diffmodel.go:142.3,142.28 1 1
github.com/bladeacer/ocd/internal/tui/diffmodel.go:142.28,144.12 2 1
github.com/bladeacer/ocd/internal/tui/diffmodel.go:147.3,147.10 1 1
github.com/bladeacer/ocd/internal/tui/diffmodel.go:148.72,154.14 3 1
github.com/bladeacer/ocd/internal/tui/diffmodel.go:156.72,162.14 3 1
github.com/bladeacer/ocd/internal/tui/diffmodel.go:164.11,170.14 3 1
github.com/bladeacer/ocd/internal/tui/diffmodel.go:174.2,174.12 1 1
github.com/bladeacer/ocd/internal/tui/diffmodel.go:177.57,180.48 3 1
github.com/bladeacer/ocd/internal/tui/diffmodel.go:180.48,182.3 1 1
github.com/bladeacer/ocd/internal/tui/diffmodel.go:183.2,183.48 1 1
github.com/bladeacer/ocd/internal/tui/diffmodel.go:183.48,185.3 1 1
github.com/bladeacer/ocd/internal/tui/diffmodel.go:186.2,187.26 2 1
github.com/bladeacer/ocd/internal/tui/diffmodel.go:187.26,188.32 1 1
github.com/bladeacer/ocd/internal/tui/diffmodel.go:188.32,190.13 2 1
github.com/bladeacer/ocd/internal/tui/diffmodel.go:190.13,192.5 1 1
github.com/bladeacer/ocd/internal/tui/diffmodel.go:194.3,194.32 1 1
github.com/bladeacer/ocd/internal/tui/diffmodel.go:194.32,196.13 2 1
github.com/bladeacer/ocd/internal/tui/diffmodel.go:196.13,198.5 1 1
github.com/bladeacer/ocd/internal/tui/diffmodel.go:201.2,201.8 1 1
github.com/bladeacer/ocd/internal/tui/diffmodel.go:204.36,206.22 2 1
github.com/bladeacer/ocd/internal/tui/diffmodel.go:206.22,207.27 1 1
github.com/bladeacer/ocd/internal/tui/diffmodel.go:207.27,209.4 1 1
github.com/bladeacer/ocd/internal/tui/diffmodel.go:209.9,210.9 1 1
github.com/bladeacer/ocd/internal/tui/diffmodel.go:213.2,213.10 1 1
github.com/bladeacer/ocd/internal/tui/diffmodel.go:216.43,222.18 4 1
github.com/bladeacer/ocd/internal/tui/diffmodel.go:222.18,224.3 1 1
github.com/bladeacer/ocd/internal/tui/diffmodel.go:225.2,225.10 1 1
github.com/bladeacer/ocd/internal/tui/diffmodel.go:228.50,230.15 2 1
github.com/bladeacer/ocd/internal/tui/diffmodel.go:230.15,232.3 1 0
github.com/bladeacer/ocd/internal/tui/diffmodel.go:233.2,235.29 3 1
github.com/bladeacer/ocd/internal/tui/diffmodel.go:235.29,237.3 1 0
github.com/bladeacer/ocd/internal/tui/diffmodel.go:238.2,238.29 1 1
github.com/bladeacer/ocd/internal/tui/diffmodel.go:238.29,240.3 1 0
github.com/bladeacer/ocd/internal/tui/diffmodel.go:241.2,247.90 5 1
github.com/bladeacer/ocd/internal/tui/diffmodel.go:250.30,252.18 2 1
github.com/bladeacer/ocd/internal/tui/diffmodel.go:252.18,254.3 1 1
github.com/bladeacer/ocd/internal/tui/diffmodel.go:254.8,256.3 1 1
github.com/bladeacer/ocd/internal/tui/diffmodel.go:257.2,257.24 1 1
github.com/bladeacer/ocd/internal/tui/diffmodel.go:260.42,264.19 3 1
github.com/bladeacer/ocd/internal/tui/diffmodel.go:264.19,266.3 1 0
github.com/bladeacer/ocd/internal/tui/diffmodel.go:268.2,268.38 1 1
github.com/bladeacer/ocd/internal/tui/diffmodel.go:268.38,270.3 1 1
github.com/bladeacer/ocd/internal/tui/diffmodel.go:272.2,272.37 1 1
github.com/bladeacer/ocd/internal/tui/diffmodel.go:272.37,275.3 2 1
github.com/bladeacer/ocd/internal/tui/diffmodel.go:277.2,277.38 1 1
github.com/bladeacer/ocd/internal/tui/diffmodel.go:277.38,279.3 1 1
github.com/bladeacer/ocd/internal/tui/diffmodel.go:281.2,282.163 2 1
github.com/bladeacer/ocd/internal/tui/diffmodel.go:282.163,285.35 2 1
github.com/bladeacer/ocd/internal/tui/diffmodel.go:285.35,289.4 3 1
github.com/bladeacer/ocd/internal/tui/diffmodel.go:292.2,292.109 1 1
github.com/bladeacer/ocd/internal/tui/diffmodel.go:292.109,294.3 1 1
github.com/bladeacer/ocd/internal/tui/diffmodel.go:296.2,296.13 1 0
github.com/bladeacer/ocd/internal/tui/diffmodel.go:299.75,304.6 5 1
github.com/bladeacer/ocd/internal/tui/diffmodel.go:304.6,306.14 2 1
github.com/bladeacer/ocd/internal/tui/diffmodel.go:306.14,308.9 2 1
github.com/bladeacer/ocd/internal/tui/diffmodel.go:310.3,313.27 4 1
github.com/bladeacer/ocd/internal/tui/diffmodel.go:315.2,315.21 1 1
github.com/bladeacer/ocd/internal/tui/diffmodel.go:318.55,327.30 7 1
github.com/bladeacer/ocd/internal/tui/diffmodel.go:327.30,330.73 2 1
github.com/bladeacer/ocd/internal/tui/diffmodel.go:330.73,332.4 1 1
github.com/bladeacer/ocd/internal/tui/diffmodel.go:334.3,336.22 2 1
github.com/bladeacer/ocd/internal/tui/diffmodel.go:336.22,337.76 1 1
github.com/bladeacer/ocd/internal/tui/diffmodel.go:337.76,339.122 2 1
github.com/bladeacer/ocd/internal/tui/diffmodel.go:339.122,341.6 1 1
github.com/bladeacer/ocd/internal/tui/diffmodel.go:342.5,344.13 3 1
github.com/bladeacer/ocd/internal/tui/diffmodel.go:348.3,348.40 1 1
github.com/bladeacer/ocd/internal/tui/diffmodel.go:348.40,349.93 1 1
github.com/bladeacer/ocd/internal/tui/diffmodel.go:349.93,351.5 1 1
github.com/bladeacer/ocd/internal/tui/diffmodel.go:352.9,352.34 1 1
github.com/bladeacer/ocd/internal/tui/diffmodel.go:352.34,354.4 1 1
github.com/bladeacer/ocd/internal/tui/diffmodel.go:356.3,357.22 2 1
github.com/bladeacer/ocd/internal/tui/diffmodel.go:361.58,363.15 2 1
github.com/bladeacer/ocd/internal/tui/diffmodel.go:363.15,365.3 1 0
github.com/bladeacer/ocd/internal/tui/diffmodel.go:366.2,375.27 8 1
github.com/bladeacer/ocd/internal/tui/diffmodel.go:375.27,380.23 5 1
github.com/bladeacer/ocd/internal/tui/diffmodel.go:380.23,382.4 1 1
github.com/bladeacer/ocd/internal/tui/diffmodel.go:383.3,383.23 1 1
github.com/bladeacer/ocd/internal/tui/diffmodel.go:383.23,385.4 1 1
github.com/bladeacer/ocd/internal/tui/diffmodel.go:387.3,387.17 1 1
github.com/bladeacer/ocd/internal/tui/diffmodel.go:388.23,390.130 2 1
github.com/bladeacer/ocd/internal/tui/diffmodel.go:390.130,392.5 1 1
github.com/bladeacer/ocd/internal/tui/diffmodel.go:393.4,395.12 3 1
github.com/bladeacer/ocd/internal/tui/diffmodel.go:396.23,400.12 4 1
github.com/bladeacer/ocd/internal/tui/diffmodel.go:401.18,403.12 2 1
github.com/bladeacer/ocd/internal/tui/diffmodel.go:406.3,414.22 6 1
github.com/bladeacer/ocd/internal/tui/diffmodel.go:414.22,416.76 2 1
github.com/bladeacer/ocd/internal/tui/diffmodel.go:416.76,418.122 2 1
github.com/bladeacer/ocd/internal/tui/diffmodel.go:418.122,420.6 1 0
github.com/bladeacer/ocd/internal/tui/diffmodel.go:421.5,421.55 1 1
github.com/bladeacer/ocd/internal/tui/diffmodel.go:423.9,423.47 1 1
github.com/bladeacer/ocd/internal/tui/diffmodel.go:423.47,424.83 1 1
github.com/bladeacer/ocd/internal/tui/diffmodel.go:424.83,427.5 2 1
github.com/bladeacer/ocd/internal/tui/diffmodel.go:428.9,428.89 1 0
github.com/bladeacer/ocd/internal/tui/diffmodel.go:428.89,431.4 2 0
github.com/bladeacer/ocd/internal/tui/diffmodel.go:433.3,434.22 2 1
github.com/bladeacer/ocd/internal/tui/diffmodel.go:438.81,439.19 1 1
github.com/bladeacer/ocd/internal/tui/diffmodel.go:439.19,441.3 1 1
github.com/bladeacer/ocd/internal/tui/diffmodel.go:442.2,443.15 2 1
github.com/bladeacer/ocd/internal/tui/diffmodel.go:443.15,445.3 1 1
github.com/bladeacer/ocd/internal/tui/diffmodel.go:445.8,447.3 1 0
github.com/bladeacer/ocd/internal/tui/diffmodel.go:448.2,450.20 3 1
github.com/bladeacer/ocd/internal/tui/diffmodel.go:450.20,452.3 1 0
github.com/bladeacer/ocd/internal/tui/diffmodel.go:453.2,453.36 1 1
github.com/bladeacer/ocd/internal/tui/diffmodel.go:453.36,456.22 3 0
github.com/bladeacer/ocd/internal/tui/diffmodel.go:456.22,458.26 2 0
github.com/bladeacer/ocd/internal/tui/diffmodel.go:458.26,460.5 1 0
github.com/bladeacer/ocd/internal/tui/diffmodel.go:461.4,463.22 3 0
github.com/bladeacer/ocd/internal/tui/diffmodel.go:463.22,465.5 1 0
github.com/bladeacer/ocd/internal/tui/diffmodel.go:466.4,466.28 1 0
github.com/bladeacer/ocd/internal/tui/diffmodel.go:468.3,470.18 3 0
github.com/bladeacer/ocd/internal/tui/diffmodel.go:470.18,471.39 1 0
github.com/bladeacer/ocd/internal/tui/diffmodel.go:471.39,473.5 1 0
github.com/bladeacer/ocd/internal/tui/diffmodel.go:473.10,473.46 1 0
github.com/bladeacer/ocd/internal/tui/diffmodel.go:473.46,475.5 1 0
github.com/bladeacer/ocd/internal/tui/diffmodel.go:477.3,477.16 1 0
github.com/bladeacer/ocd/internal/tui/diffmodel.go:479.2,481.17 3 1
github.com/bladeacer/ocd/internal/tui/diffmodel.go:481.17,482.38 1 1
github.com/bladeacer/ocd/internal/tui/diffmodel.go:482.38,484.4 1 1
github.com/bladeacer/ocd/internal/tui/diffmodel.go:484.9,484.45 1 1
github.com/bladeacer/ocd/internal/tui/diffmodel.go:484.45,486.4 1 1
github.com/bladeacer/ocd/internal/tui/diffmodel.go:488.2,488.15 1 1
github.com/bladeacer/ocd/internal/tui/diffmodel.go:499.49,501.30 2 1
github.com/bladeacer/ocd/internal/tui/diffmodel.go:501.30,502.18 1 1
github.com/bladeacer/ocd/internal/tui/diffmodel.go:503.20,510.6 1 1
github.com/bladeacer/ocd/internal/tui/diffmodel.go:511.16,518.6 1 1
github.com/bladeacer/ocd/internal/tui/diffmodel.go:519.16,526.6 1 1
github.com/bladeacer/ocd/internal/tui/diffmodel.go:527.23,532.6 1 1
github.com/bladeacer/ocd/internal/tui/diffmodel.go:533.23,538.6 1 1
github.com/bladeacer/ocd/internal/tui/diffmodel.go:539.11,544.6 1 1
github.com/bladeacer/ocd/internal/tui/diffmodel.go:547.2,547.15 1 1
github.com/bladeacer/ocd/internal/tui/diffmodel.go:550.80,553.23 3 1
github.com/bladeacer/ocd/internal/tui/diffmodel.go:553.23,555.3 1 1
github.com/bladeacer/ocd/internal/tui/diffmodel.go:556.2,556.23 1 1
github.com/bladeacer/ocd/internal/tui/diffmodel.go:556.23,558.3 1 1
github.com/bladeacer/ocd/internal/tui/diffmodel.go:559.2,561.17 2 1
github.com/bladeacer/ocd/internal/tui/diffmodel.go:562.22,565.4 1 1
github.com/bladeacer/ocd/internal/tui/diffmodel.go:566.15,569.4 1 1
github.com/bladeacer/ocd/internal/tui/diffmodel.go:570.15,573.4 1 1
github.com/bladeacer/ocd/internal/tui/diffmodel.go:574.22,577.4 1 1
github.com/bladeacer/ocd/internal/tui/diffmodel.go:578.17,579.12 1 1
github.com/bladeacer/ocd/internal/tui/diffmodel.go:580.10,581.64 1 1
github.com/bladeacer/ocd/internal/tui/diffmodel.go:585.39,586.12 1 1
github.com/bladeacer/ocd/internal/tui/diffmodel.go:586.12,588.3 1 1
github.com/bladeacer/ocd/internal/tui/diffmodel.go:589.2,590.21 2 1
github.com/bladeacer/ocd/internal/tui/diffmodel.go:590.21,592.3 1 1
github.com/bladeacer/ocd/internal/tui/diffmodel.go:593.2,593.11 1 1
github.com/bladeacer/ocd/internal/tui/diffmodel.go:593.11,595.3 1 1
github.com/bladeacer/ocd/internal/tui/diffmodel.go:596.2,596.26 1 1
github.com/bladeacer/ocd/internal/tui/diffmodel.go:599.39,600.17 1 1
github.com/bladeacer/ocd/internal/tui/diffmodel.go:600.17,602.3 1 1
github.com/bladeacer/ocd/internal/tui/diffmodel.go:603.2,603.42 1 1
github.com/bladeacer/ocd/internal/tui/diffmodel.go:606.33,609.22 3 1
github.com/bladeacer/ocd/internal/tui/diffmodel.go:609.22,610.18 1 1
github.com/bladeacer/ocd/internal/tui/diffmodel.go:610.18,612.12 2 1
github.com/bladeacer/ocd/internal/tui/diffmodel.go:614.3,614.15 1 1
github.com/bladeacer/ocd/internal/tui/diffmodel.go:614.15,615.56 1 1
github.com/bladeacer/ocd/internal/tui/diffmodel.go:615.56,617.5 1 1
github.com/bladeacer/ocd/internal/tui/diffmodel.go:618.4,618.12 1 1
github.com/bladeacer/ocd/internal/tui/diffmodel.go:620.3,620.19 1 1
github.com/bladeacer/ocd/internal/tui/diffmodel.go:622.2,622.21 1 1
github.com/bladeacer/ocd/internal/tui/diffmodel.go:625.39,626.21 1 1
github.com/bladeacer/ocd/internal/tui/diffmodel.go:626.21,628.3 1 1
github.com/bladeacer/ocd/internal/tui/diffmodel.go:629.2,632.14 4 1
github.com/bladeacer/ocd/internal/tui/diffmodel.go:632.14,634.3 1 0
github.com/bladeacer/ocd/internal/tui/diffmodel.go:637.57,639.18 2 1
github.com/bladeacer/ocd/internal/tui/diffmodel.go:639.18,641.3 1 1
github.com/bladeacer/ocd/internal/tui/diffmodel.go:642.2,642.11 1 1
github.com/bladeacer/ocd/internal/tui/diffmodel.go:642.11,644.3 1 0
github.com/bladeacer/ocd/internal/tui/diffmodel.go:645.2,645.10 1 1
github.com/bladeacer/ocd/internal/tui/diffmodel.go:648.62,649.27 1 1
github.com/bladeacer/ocd/internal/tui/diffmodel.go:650.25,656.16 6 1
github.com/bladeacer/ocd/internal/tui/diffmodel.go:658.18,659.19 1 1
github.com/bladeacer/ocd/internal/tui/diffmodel.go:659.19,661.4 1 1
github.com/bladeacer/ocd/internal/tui/diffmodel.go:662.3,662.32 1 1
github.com/bladeacer/ocd/internal/tui/diffmodel.go:665.2,667.15 3 0
github.com/bladeacer/ocd/internal/tui/diffmodel.go:678.74,679.22 1 1
github.com/bladeacer/ocd/internal/tui/diffmodel.go:680.27,685.16 5 1
github.com/bladeacer/ocd/internal/tui/diffmodel.go:687.24,692.33 5 1
github.com/bladeacer/ocd/internal/tui/diffmodel.go:692.33,694.4 1 1
github.com/bladeacer/ocd/internal/tui/diffmodel.go:695.3,697.33 3 1
github.com/bladeacer/ocd/internal/tui/diffmodel.go:697.33,699.4 1 1
github.com/bladeacer/ocd/internal/tui/diffmodel.go:700.3,700.16 1 1
github.com/bladeacer/ocd/internal/tui/diffmodel.go:702.20,704.19 2 1
github.com/bladeacer/ocd/internal/tui/diffmodel.go:704.19,706.4 1 1
github.com/bladeacer/ocd/internal/tui/diffmodel.go:707.3,709.16 3 1
github.com/bladeacer/ocd/internal/tui/diffmodel.go:712.2,712.28 1 1
github.com/bladeacer/ocd/internal/tui/diffmodel.go:712.28,717.3 4 1
github.com/bladeacer/ocd/internal/tui/diffmodel.go:719.2,719.15 1 1
github.com/bladeacer/ocd/internal/tui/diffmodel.go:722.42,725.21 3 1
github.com/bladeacer/ocd/internal/tui/diffmodel.go:725.21,727.3 1 1
github.com/bladeacer/ocd/internal/tui/diffmodel.go:728.2,729.30 2 1
github.com/bladeacer/ocd/internal/tui/diffmodel.go:729.30,730.52 1 1
github.com/bladeacer/ocd/internal/tui/diffmodel.go:730.52,732.4 1 1
github.com/bladeacer/ocd/internal/tui/diffmodel.go:736.37,737.33 1 1
github.com/bladeacer/ocd/internal/tui/diffmodel.go:737.33,739.3 1 1
github.com/bladeacer/ocd/internal/tui/diffmodel.go:740.2,742.27 3 1
github.com/bladeacer/ocd/internal/tui/diffmodel.go:742.27,744.3 1 1
github.com/bladeacer/ocd/internal/tui/diffmodel.go:747.74,750.16 2 1
github.com/bladeacer/ocd/internal/tui/diffmodel.go:750.16,754.3 3 1
github.com/bladeacer/ocd/internal/tui/diffmodel.go:756.2,756.35 1 1
github.com/bladeacer/ocd/internal/tui/diffmodel.go:756.35,760.3 3 1
github.com/bladeacer/ocd/internal/tui/diffmodel.go:762.2,762.22 1 1
github.com/bladeacer/ocd/internal/tui/diffmodel.go:762.22,765.19 3 0
github.com/bladeacer/ocd/internal/tui/diffmodel.go:765.19,770.4 4 0
github.com/bladeacer/ocd/internal/tui/diffmodel.go:771.3,771.16 1 0
github.com/bladeacer/ocd/internal/tui/diffmodel.go:774.2,774.16 1 1
github.com/bladeacer/ocd/internal/tui/diffmodel.go:774.16,777.14 3 1
github.com/bladeacer/ocd/internal/tui/diffmodel.go:778.12,780.26 2 1
github.com/bladeacer/ocd/internal/tui/diffmodel.go:780.26,783.30 3 1
github.com/bladeacer/ocd/internal/tui/diffmodel.go:783.30,785.6 1 1
github.com/bladeacer/ocd/internal/tui/diffmodel.go:786.5,787.19 2 1
github.com/bladeacer/ocd/internal/tui/diffmodel.go:787.19,789.6 1 0
github.com/bladeacer/ocd/internal/tui/diffmodel.go:791.4,792.17 2 1
github.com/bladeacer/ocd/internal/tui/diffmodel.go:793.12,795.26 2 1
github.com/bladeacer/ocd/internal/tui/diffmodel.go:795.26,797.30 2 1
github.com/bladeacer/ocd/internal/tui/diffmodel.go:797.30,799.6 1 1
github.com/bladeacer/ocd/internal/tui/diffmodel.go:801.4,802.17 2 1
github.com/bladeacer/ocd/internal/tui/diffmodel.go:803.12,804.26 1 0
github.com/bladeacer/ocd/internal/tui/diffmodel.go:804.26,809.24 5 0
github.com/bladeacer/ocd/internal/tui/diffmodel.go:809.24,811.6 1 0
github.com/bladeacer/ocd/internal/tui/diffmodel.go:811.11,812.31 1 0
github.com/bladeacer/ocd/internal/tui/diffmodel.go:812.31,814.7 1 0
github.com/bladeacer/ocd/internal/tui/diffmodel.go:817.4,818.17 2 0
github.com/bladeacer/ocd/internal/tui/diffmodel.go:820.3,821.16 2 0
github.com/bladeacer/ocd/internal/tui/diffmodel.go:824.2,824.13 1 1
github.com/bladeacer/ocd/internal/tui/diffmodel.go:825.11,829.16 4 1
github.com/bladeacer/ocd/internal/tui/diffmodel.go:830.11,834.16 4 1
github.com/bladeacer/ocd/internal/tui/diffmodel.go:836.11,840.52 4 1
github.com/bladeacer/ocd/internal/tui/diffmodel.go:840.52,847.4 6 1
github.com/bladeacer/ocd/internal/tui/diffmodel.go:848.3,849.12 2 1
github.com/bladeacer/ocd/internal/tui/diffmodel.go:849.12,851.4 1 1
github.com/bladeacer/ocd/internal/tui/diffmodel.go:852.3,852.26 1 1
github.com/bladeacer/ocd/internal/tui/diffmodel.go:852.26,854.4 1 1
github.com/bladeacer/ocd/internal/tui/diffmodel.go:855.3,856.16 2 1
github.com/bladeacer/ocd/internal/tui/diffmodel.go:857.11,861.52 4 1
github.com/bladeacer/ocd/internal/tui/diffmodel.go:861.52,868.4 6 1
github.com/bladeacer/ocd/internal/tui/diffmodel.go:869.3,870.12 2 1
github.com/bladeacer/ocd/internal/tui/diffmodel.go:870.12,872.4 1 1
github.com/bladeacer/ocd/internal/tui/diffmodel.go:873.3,873.26 1 1
github.com/bladeacer/ocd/internal/tui/diffmodel.go:873.26,875.4 1 1
github.com/bladeacer/ocd/internal/tui/diffmodel.go:876.3,877.16 2 1
github.com/bladeacer/ocd/internal/tui/diffmodel.go:879.19,882.12 3 1
github.com/bladeacer/ocd/internal/tui/diffmodel.go:882.12,884.4 1 0
github.com/bladeacer/ocd/internal/tui/diffmodel.go:885.3,887.16 3 1
github.com/bladeacer/ocd/internal/tui/diffmodel.go:889.17,892.12 3 0
github.com/bladeacer/ocd/internal/tui/diffmodel.go:892.12,894.4 1 0
github.com/bladeacer/ocd/internal/tui/diffmodel.go:895.3,897.16 3 0
github.com/bladeacer/ocd/internal/tui/diffmodel.go:899.11,905.39 6 1
github.com/bladeacer/ocd/internal/tui/diffmodel.go:905.39,907.4 1 0
github.com/bladeacer/ocd/internal/tui/diffmodel.go:908.3,908.16 1 1
github.com/bladeacer/ocd/internal/tui/diffmodel.go:910.11,912.17 2 1
github.com/bladeacer/ocd/internal/tui/diffmodel.go:912.17,915.4 2 1
github.com/bladeacer/ocd/internal/tui/diffmodel.go:915.9,917.4 1 1
github.com/bladeacer/ocd/internal/tui/diffmodel.go:918.3,919.16 2 1
github.com/bladeacer/ocd/internal/tui/diffmodel.go:920.11,925.16 5 1
github.com/bladeacer/ocd/internal/tui/diffmodel.go:927.11,929.17 2 1
github.com/bladeacer/ocd/internal/tui/diffmodel.go:929.17,932.26 3 0
github.com/bladeacer/ocd/internal/tui/diffmodel.go:932.26,935.30 3 0
github.com/bladeacer/ocd/internal/tui/diffmodel.go:935.30,937.6 1 0
github.com/bladeacer/ocd/internal/tui/diffmodel.go:938.5,939.19 2 0
github.com/bladeacer/ocd/internal/tui/diffmodel.go:939.19,941.6 1 0
github.com/bladeacer/ocd/internal/tui/diffmodel.go:943.9,945.4 1 1
github.com/bladeacer/ocd/internal/tui/diffmodel.go:946.3,947.16 2 1
github.com/bladeacer/ocd/internal/tui/diffmodel.go:949.11,957.16 8 1
github.com/bladeacer/ocd/internal/tui/diffmodel.go:959.11,962.17 3 1
github.com/bladeacer/ocd/internal/tui/diffmodel.go:962.17,965.4 2 1
github.com/bladeacer/ocd/internal/tui/diffmodel.go:966.3,967.16 2 1
github.com/bladeacer/ocd/internal/tui/diffmodel.go:969.11,973.24 4 1
github.com/bladeacer/ocd/internal/tui/diffmodel.go:975.11,979.29 4 1
github.com/bladeacer/ocd/internal/tui/diffmodel.go:981.11,986.24 5 0
github.com/bladeacer/ocd/internal/tui/diffmodel.go:988.11,994.16 6 1
github.com/bladeacer/ocd/internal/tui/diffmodel.go:996.15,1000.16 4 0
github.com/bladeacer/ocd/internal/tui/diffmodel.go:1002.15,1006.16 4 0
github.com/bladeacer/ocd/internal/tui/diffmodel.go:1009.2,1009.16 1 1
github.com/bladeacer/ocd/internal/tui/diffmodel.go:1009.16,1012.3 2 0
github.com/bladeacer/ocd/internal/tui/diffmodel.go:1013.2,1017.53 4 1
github.com/bladeacer/ocd/internal/tui/diffmodel.go:1017.53,1019.25 2 1
github.com/bladeacer/ocd/internal/tui/diffmodel.go:1019.25,1022.4 2 1
github.com/bladeacer/ocd/internal/tui/diffmodel.go:1025.2,1027.15 3 1
github.com/bladeacer/ocd/internal/tui/diffmodel.go:1030.53,1032.52 2 1
github.com/bladeacer/ocd/internal/tui/diffmodel.go:1032.52,1034.3 1 1
github.com/bladeacer/ocd/internal/tui/diffmodel.go:1035.2,1035.34 1 1
github.com/bladeacer/ocd/internal/tui/diffmodel.go:1038.40,1039.24 1 1
github.com/bladeacer/ocd/internal/tui/diffmodel.go:1039.24,1040.26 1 1
github.com/bladeacer/ocd/internal/tui/diffmodel.go:1040.26,1042.4 1 1
github.com/bladeacer/ocd/internal/tui/diffmodel.go:1043.3,1045.39 3 1
github.com/bladeacer/ocd/internal/tui/diffmodel.go:1045.39,1047.4 1 0
github.com/bladeacer/ocd/internal/tui/diffmodel.go:1048.3,1049.50 2 1
github.com/bladeacer/ocd/internal/tui/diffmodel.go:1049.50,1051.4 1 0
github.com/bladeacer/ocd/internal/tui/diffmodel.go:1052.3,1052.13 1 1
github.com/bladeacer/ocd/internal/tui/diffmodel.go:1056.47,1057.24 1 1
github.com/bladeacer/ocd/internal/tui/diffmodel.go:1057.24,1058.61 1 1
github.com/bladeacer/ocd/internal/tui/diffmodel.go:1058.61,1060.4 1 1
github.com/bladeacer/ocd/internal/tui/diffmodel.go:1061.3,1062.42 2 0
github.com/bladeacer/ocd/internal/tui/diffmodel.go:1062.42,1064.37 2 0
github.com/bladeacer/ocd/internal/tui/diffmodel.go:1064.37,1065.60 1 0
github.com/bladeacer/ocd/internal/tui/diffmodel.go:1065.60,1067.6 1 0
github.com/bladeacer/ocd/internal/tui/diffmodel.go:1069.4,1069.51 1 0
github.com/bladeacer/ocd/internal/tui/diffmodel.go:1069.51,1071.5 1 0
github.com/bladeacer/ocd/internal/tui/diffmodel.go:1073.3,1073.13 1 0
github.com/bladeacer/ocd/internal/tui/diffmodel.go:1077.39,1078.24 1 0
github.com/bladeacer/ocd/internal/tui/diffmodel.go:1078.24,1079.22 1 0
github.com/bladeacer/ocd/internal/tui/diffmodel.go:1079.22,1081.4 1 0
github.com/bladeacer/ocd/internal/tui/diffmodel.go:1082.3,1082.26 1 0
github.com/bladeacer/ocd/internal/tui/diffmodel.go:1082.26,1086.4 3 0
github.com/bladeacer/ocd/internal/tui/diffmodel.go:1087.3,1092.13 6 0
github.com/bladeacer/ocd/internal/tui/diffmodel.go:1096.58,1098.16 2 0
github.com/bladeacer/ocd/internal/tui/diffmodel.go:1099.14,1100.44 1 0
github.com/bladeacer/ocd/internal/tui/diffmodel.go:1101.14,1102.28 1 0
github.com/bladeacer/ocd/internal/tui/diffmodel.go:1103.10,1107.21 4 0
github.com/bladeacer/ocd/internal/tui/diffmodel.go:1109.2,1109.32 1 0
github.com/bladeacer/ocd/internal/tui/diffmodel.go:1112.39,1113.24 1 1
github.com/bladeacer/ocd/internal/tui/diffmodel.go:1113.24,1115.50 2 1
github.com/bladeacer/ocd/internal/tui/diffmodel.go:1115.50,1117.4 1 0
github.com/bladeacer/ocd/internal/tui/diffmodel.go:1118.3,1118.13 1 1
github.com/bladeacer/ocd/internal/tui/diffmodel.go:1122.44,1124.16 2 1
github.com/bladeacer/ocd/internal/tui/diffmodel.go:1124.16,1126.3 1 0
github.com/bladeacer/ocd/internal/tui/diffmodel.go:1127.2,1128.56 2 1
github.com/bladeacer/ocd/internal/tui/diffmodel.go:1128.56,1131.3 2 0
github.com/bladeacer/ocd/internal/tui/diffmodel.go:1132.2,1135.18 3 1
github.com/bladeacer/ocd/internal/tui/diffmodel.go:1135.18,1137.3 1 1
github.com/bladeacer/ocd/internal/tui/diffmodel.go:1138.2,1138.18 1 1
github.com/bladeacer/ocd/internal/tui/diffmodel.go:1138.18,1139.51 1 0
github.com/bladeacer/ocd/internal/tui/diffmodel.go:1139.51,1141.4 1 0
github.com/bladeacer/ocd/internal/tui/diffmodel.go:1141.9,1143.4 1 0
github.com/bladeacer/ocd/internal/tui/diffmodel.go:1145.2,1145.22 1 1
github.com/bladeacer/ocd/internal/tui/diffmodel.go:1145.22,1147.55 2 0
github.com/bladeacer/ocd/internal/tui/diffmodel.go:1147.55,1150.4 2 0
github.com/bladeacer/ocd/internal/tui/diffmodel.go:1152.2,1153.54 2 1
github.com/bladeacer/ocd/internal/tui/diffmodel.go:1153.54,1156.3 2 0
github.com/bladeacer/ocd/internal/tui/diffmodel.go:1159.32,1160.25 1 1
github.com/bladeacer/ocd/internal/tui/diffmodel.go:1160.25,1162.3 1 1
github.com/bladeacer/ocd/internal/tui/diffmodel.go:1163.2,1165.48 3 1
github.com/bladeacer/ocd/internal/tui/diffmodel.go:1165.48,1167.3 1 1
github.com/bladeacer/ocd/internal/tui/diffmodel.go:1168.2,1169.28 2 1
github.com/bladeacer/ocd/internal/tui/diffmodel.go:1172.32,1173.25 1 1
github.com/bladeacer/ocd/internal/tui/diffmodel.go:1173.25,1175.3 1 1
github.com/bladeacer/ocd/internal/tui/diffmodel.go:1176.2,1177.23 2 1
github.com/bladeacer/ocd/internal/tui/diffmodel.go:1177.23,1179.3 1 1
github.com/bladeacer/ocd/internal/tui/diffmodel.go:1180.2,1181.48 2 1
github.com/bladeacer/ocd/internal/tui/diffmodel.go:1181.48,1183.3 1 1
github.com/bladeacer/ocd/internal/tui/diffmodel.go:1184.2,1185.28 2 1
github.com/bladeacer/ocd/internal/tui/diffmodel.go:1188.46,1189.25 1 1
github.com/bladeacer/ocd/internal/tui/diffmodel.go:1189.25,1191.3 1 1
github.com/bladeacer/ocd/internal/tui/diffmodel.go:1192.2,1194.38 3 1
github.com/bladeacer/ocd/internal/tui/diffmodel.go:1194.38,1196.3 1 1
github.com/bladeacer/ocd/internal/tui/diffmodel.go:1197.2,1197.19 1 1
github.com/bladeacer/ocd/internal/tui/diffmodel.go:1200.35,1201.14 1 1
github.com/bladeacer/ocd/internal/tui/diffmodel.go:1201.14,1203.3 1 1
github.com/bladeacer/ocd/internal/tui/diffmodel.go:1204.2,1204.66 1 1
github.com/bladeacer/ocd/internal/tui/diffmodel.go:1204.66,1207.3 2 0
github.com/bladeacer/ocd/internal/tui/diffmodel.go:1207.8,1207.55 1 1
github.com/bladeacer/ocd/internal/tui/diffmodel.go:1207.55,1209.3 1 1
github.com/bladeacer/ocd/internal/tui/diffmodel.go:1209.8,1209.34 1 1
github.com/bladeacer/ocd/internal/tui/diffmodel.go:1209.34,1211.3 1 0
github.com/bladeacer/ocd/internal/tui/diffmodel.go:1213.2,1213.16 1 1
github.com/bladeacer/ocd/internal/tui/diffmodel.go:1213.16,1215.3 1 1
github.com/bladeacer/ocd/internal/tui/diffmodel.go:1217.2,1219.18 3 1
github.com/bladeacer/ocd/internal/tui/diffmodel.go:1219.18,1221.3 1 0
github.com/bladeacer/ocd/internal/tui/diffmodel.go:1223.2,1224.24 2 1
github.com/bladeacer/ocd/internal/tui/diffmodel.go:1224.24,1228.3 1 1
github.com/bladeacer/ocd/internal/tui/diffmodel.go:1230.2,1236.59 2 1
github.com/bladeacer/ocd/internal/tui/diffmodel.go:1239.41,1265.16 6 1
github.com/bladeacer/ocd/internal/tui/diffmodel.go:1265.16,1267.3 1 1
github.com/bladeacer/ocd/internal/tui/diffmodel.go:1268.2,1269.13 2 1
github.com/bladeacer/ocd/internal/tui/diffmodel.go:1269.13,1271.3 1 1
github.com/bladeacer/ocd/internal/tui/diffmodel.go:1272.2,1272.107 1 1
github.com/bladeacer/ocd/internal/tui/diffmodel.go:1275.53,1280.2 4 0
github.com/bladeacer/ocd/internal/tui/model.go:68.49,117.2 12 0
github.com/bladeacer/ocd/internal/tui/model.go:119.32,121.2 1 0
github.com/bladeacer/ocd/internal/tui/model.go:123.38,126.2 2 1
github.com/bladeacer/ocd/internal/tui/model.go:128.37,131.2 2 0
github.com/bladeacer/ocd/internal/tui/model.go:133.58,134.27 1 0
github.com/bladeacer/ocd/internal/tui/model.go:135.25,138.16 3 0
github.com/bladeacer/ocd/internal/tui/model.go:140.21,142.30 2 0
github.com/bladeacer/ocd/internal/tui/model.go:142.30,145.4 2 0
github.com/bladeacer/ocd/internal/tui/model.go:146.3,149.16 4 0
github.com/bladeacer/ocd/internal/tui/model.go:151.15,152.30 1 0
github.com/bladeacer/ocd/internal/tui/model.go:152.30,154.42 2 0
github.com/bladeacer/ocd/internal/tui/model.go:154.42,156.5 1 0
github.com/bladeacer/ocd/internal/tui/model.go:157.4,157.26 1 0
github.com/bladeacer/ocd/internal/tui/model.go:159.3,159.16 1 0
github.com/bladeacer/ocd/internal/tui/model.go:161.18,162.26 1 0
github.com/bladeacer/ocd/internal/tui/model.go:164.23,167.16 3 0
github.com/bladeacer/ocd/internal/tui/model.go:170.2,170.15 1 0
github.com/bladeacer/ocd/internal/tui/model.go:173.64,174.17 1 1
github.com/bladeacer/ocd/internal/tui/model.go:175.20,176.33 1 1
github.com/bladeacer/ocd/internal/tui/model.go:177.18,178.31 1 1
github.com/bladeacer/ocd/internal/tui/model.go:179.19,180.32 1 1
github.com/bladeacer/ocd/internal/tui/model.go:181.20,182.33 1 1
github.com/bladeacer/ocd/internal/tui/model.go:184.2,184.15 1 0
github.com/bladeacer/ocd/internal/tui/model.go:187.71,188.53 1 1
github.com/bladeacer/ocd/internal/tui/model.go:188.53,190.3 1 1
github.com/bladeacer/ocd/internal/tui/model.go:191.2,191.15 1 1
github.com/bladeacer/ocd/internal/tui/model.go:194.69,197.16 2 1
github.com/bladeacer/ocd/internal/tui/model.go:197.16,200.3 2 0
github.com/bladeacer/ocd/internal/tui/model.go:202.2,202.13 1 1
github.com/bladeacer/ocd/internal/tui/model.go:203.21,204.21 1 1
github.com/bladeacer/ocd/internal/tui/model.go:206.17,208.16 2 0
github.com/bladeacer/ocd/internal/tui/model.go:210.16,211.23 1 1
github.com/bladeacer/ocd/internal/tui/model.go:213.11,217.16 4 1
github.com/bladeacer/ocd/internal/tui/model.go:219.11,221.19 2 1
github.com/bladeacer/ocd/internal/tui/model.go:223.11,225.19 2 1
github.com/bladeacer/ocd/internal/tui/model.go:227.11,229.19 2 1
github.com/bladeacer/ocd/internal/tui/model.go:231.11,233.19 2 1
github.com/bladeacer/ocd/internal/tui/model.go:235.11,237.16 2 0
github.com/bladeacer/ocd/internal/tui/model.go:240.2,242.15 3 1
github.com/bladeacer/ocd/internal/tui/model.go:245.70,246.22 1 1
github.com/bladeacer/ocd/internal/tui/model.go:247.27,253.16 6 1
github.com/bladeacer/ocd/internal/tui/model.go:255.24,260.16 5 1
github.com/bladeacer/ocd/internal/tui/model.go:262.19,264.19 2 1
github.com/bladeacer/ocd/internal/tui/model.go:264.19,266.4 1 1
github.com/bladeacer/ocd/internal/tui/model.go:267.3,269.16 3 1
github.com/bladeacer/ocd/internal/tui/model.go:270.11,277.16 7 0
github.com/bladeacer/ocd/internal/tui/model.go:280.2,280.28 1 1
github.com/bladeacer/ocd/internal/tui/model.go:280.28,285.3 4 1
github.com/bladeacer/ocd/internal/tui/model.go:287.2,287.15 1 0
github.com/bladeacer/ocd/internal/tui/model.go:290.71,291.22 1 1
github.com/bladeacer/ocd/internal/tui/model.go:292.21,293.21 1 1
github.com/bladeacer/ocd/internal/tui/model.go:294.27,297.16 3 1
github.com/bladeacer/ocd/internal/tui/model.go:299.2,299.15 1 0
github.com/bladeacer/ocd/internal/tui/model.go:302.50,304.16 2 1
github.com/bladeacer/ocd/internal/tui/model.go:304.16,306.3 1 1
github.com/bladeacer/ocd/internal/tui/model.go:307.2,309.15 3 1
github.com/bladeacer/ocd/internal/tui/model.go:312.32,315.29 2 1
github.com/bladeacer/ocd/internal/tui/model.go:315.29,320.42 4 1
github.com/bladeacer/ocd/internal/tui/model.go:320.42,321.12 1 1
github.com/bladeacer/ocd/internal/tui/model.go:323.3,323.25 1 1
github.com/bladeacer/ocd/internal/tui/model.go:323.25,325.35 2 1
github.com/bladeacer/ocd/internal/tui/model.go:325.35,326.29 1 1
github.com/bladeacer/ocd/internal/tui/model.go:326.29,328.11 2 1
github.com/bladeacer/ocd/internal/tui/model.go:331.4,331.15 1 1
github.com/bladeacer/ocd/internal/tui/model.go:331.15,332.13 1 1
github.com/bladeacer/ocd/internal/tui/model.go:335.3,335.46 1 1
github.com/bladeacer/ocd/internal/tui/model.go:335.46,336.12 1 0
github.com/bladeacer/ocd/internal/tui/model.go:338.3,338.26 1 1
github.com/bladeacer/ocd/internal/tui/model.go:338.26,340.69 2 1
github.com/bladeacer/ocd/internal/tui/model.go:340.69,341.13 1 1
github.com/bladeacer/ocd/internal/tui/model.go:344.3,344.35 1 1
github.com/bladeacer/ocd/internal/tui/model.go:347.2,348.21 2 1
github.com/bladeacer/ocd/internal/tui/model.go:351.50,353.2 1 1
github.com/bladeacer/ocd/internal/tui/model.go:355.35,357.17 2 1
github.com/bladeacer/ocd/internal/tui/model.go:357.17,359.3 1 1
github.com/bladeacer/ocd/internal/tui/model.go:361.2,364.41 3 1
github.com/bladeacer/ocd/internal/tui/model.go:364.41,368.23 3 1
github.com/bladeacer/ocd/internal/tui/model.go:368.23,371.22 3 1
github.com/bladeacer/ocd/internal/tui/model.go:371.22,373.5 1 1
github.com/bladeacer/ocd/internal/tui/model.go:375.3,375.37 1 1
github.com/bladeacer/ocd/internal/tui/model.go:378.2,378.23 1 1
github.com/bladeacer/ocd/internal/tui/model.go:381.29,385.37 3 1
github.com/bladeacer/ocd/internal/tui/model.go:385.37,387.3 1 1
github.com/bladeacer/ocd/internal/tui/model.go:389.2,392.46 3 1
github.com/bladeacer/ocd/internal/tui/model.go:392.46,397.3 1 1
github.com/bladeacer/ocd/internal/tui/model.go:399.2,401.36 2 1
github.com/bladeacer/ocd/internal/tui/model.go:401.36,404.16 3 1
github.com/bladeacer/ocd/internal/tui/model.go:404.16,405.12 1 0
github.com/bladeacer/ocd/internal/tui/model.go:407.3,411.16 4 1
github.com/bladeacer/ocd/internal/tui/model.go:411.16,412.38 1 1
github.com/bladeacer/ocd/internal/tui/model.go:412.38,414.5 1 1
github.com/bladeacer/ocd/internal/tui/model.go:417.3,419.33 3 1
github.com/bladeacer/ocd/internal/tui/model.go:419.33,420.17 1 1
github.com/bladeacer/ocd/internal/tui/model.go:420.17,422.5 1 1
github.com/bladeacer/ocd/internal/tui/model.go:422.10,424.5 1 1
github.com/bladeacer/ocd/internal/tui/model.go:427.3,428.52 2 1
github.com/bladeacer/ocd/internal/tui/model.go:428.52,430.4 1 0
github.com/bladeacer/ocd/internal/tui/model.go:432.3,433.21 2 1
github.com/bladeacer/ocd/internal/tui/model.go:433.21,435.4 1 0
github.com/bladeacer/ocd/internal/tui/model.go:437.3,446.5 1 1
github.com/bladeacer/ocd/internal/tui/model.go:449.2,450.19 2 1
github.com/bladeacer/ocd/internal/tui/model.go:453.41,464.2 1 1
github.com/bladeacer/ocd/internal/tui/model.go:466.42,469.16 3 0
github.com/bladeacer/ocd/internal/tui/model.go:469.16,471.3 1 0
github.com/bladeacer/ocd/internal/tui/model.go:472.2,473.9 2 0
github.com/bladeacer/ocd/internal/tui/model.go:473.9,475.3 1 0
github.com/bladeacer/ocd/internal/tui/model.go:476.2,476.30 1 0
github.com/bladeacer/ocd/internal/tui/model.go:476.30,478.3 1 0
github.com/bladeacer/ocd/internal/tui/model.go:479.2,479.25 1 0
github.com/bladeacer/ocd/internal/tui/model.go:482.35,485.26 3 1
github.com/bladeacer/ocd/internal/tui/model.go:485.26,486.12 1 1
github.com/bladeacer/ocd/internal/tui/model.go:486.12,488.4 1 1
github.com/bladeacer/ocd/internal/tui/model.go:490.2,490.13 1 1
github.com/bladeacer/ocd/internal/tui/model.go:493.25,495.22 2 1
github.com/bladeacer/ocd/internal/tui/model.go:495.22,496.27 1 1
github.com/bladeacer/ocd/internal/tui/model.go:496.27,498.4 1 1
github.com/bladeacer/ocd/internal/tui/model.go:500.2,500.10 1 1
github.com/bladeacer/ocd/internal/tui/model.go:503.38,504.25 1 1
github.com/bladeacer/ocd/internal/tui/model.go:504.25,507.17 3 1
github.com/bladeacer/ocd/internal/tui/model.go:507.17,509.4 1 1
github.com/bladeacer/ocd/internal/tui/model.go:510.3,510.17 1 1
github.com/bladeacer/ocd/internal/tui/model.go:510.17,512.4 1 1
github.com/bladeacer/ocd/internal/tui/model.go:513.3,513.15 1 1
github.com/bladeacer/ocd/internal/tui/model.go:513.15,515.4 1 1
github.com/bladeacer/ocd/internal/tui/model.go:517.2,517.10 1 1
github.com/bladeacer/ocd/internal/tui/model.go:520.38,521.37 1 1
github.com/bladeacer/ocd/internal/tui/model.go:521.37,523.3 1 1
github.com/bladeacer/ocd/internal/tui/model.go:524.2,524.16 1 1
github.com/bladeacer/ocd/internal/tui/model.go:525.22,526.11 1 1
github.com/bladeacer/ocd/internal/tui/model.go:527.19,528.11 1 1
github.com/bladeacer/ocd/internal/tui/model.go:529.24,530.11 1 1
github.com/bladeacer/ocd/internal/tui/model.go:532.2,532.10 1 1
github.com/bladeacer/ocd/internal/tui/model.go:535.35,536.13 1 1
github.com/bladeacer/ocd/internal/tui/model.go:536.13,538.3 1 1
github.com/bladeacer/ocd/internal/tui/model.go:539.2,539.16 1 1
github.com/bladeacer/ocd/internal/tui/pickermodel.go:47.61,77.2 8 0
github.com/bladeacer/ocd/internal/tui/pickermodel.go:79.38,81.2 1 0
github.com/bladeacer/ocd/internal/tui/pickermodel.go:83.42,86.2 2 0
github.com/bladeacer/ocd/internal/tui/pickermodel.go:88.64,89.27 1 0
github.com/bladeacer/ocd/internal/tui/pickermodel.go:90.21,92.30 2 0
github.com/bladeacer/ocd/internal/tui/pickermodel.go:92.30,95.4 2 0
github.com/bladeacer/ocd/internal/tui/pickermodel.go:96.3,98.16 3 0
github.com/bladeacer/ocd/internal/tui/pickermodel.go:100.32,103.16 3 0
github.com/bladeacer/ocd/internal/tui/pickermodel.go:105.18,106.38 1 0
github.com/bladeacer/ocd/internal/tui/pickermodel.go:106.38,107.55 1 0
github.com/bladeacer/ocd/internal/tui/pickermodel.go:107.55,110.5 2 0
github.com/bladeacer/ocd/internal/tui/pickermodel.go:111.4,111.17 1 0
github.com/bladeacer/ocd/internal/tui/pickermodel.go:114.3,114.26 1 0
github.com/bladeacer/ocd/internal/tui/pickermodel.go:117.2,117.15 1 0
github.com/bladeacer/ocd/internal/tui/pickermodel.go:120.70,121.18 1 1
github.com/bladeacer/ocd/internal/tui/pickermodel.go:121.18,123.3 1 0
github.com/bladeacer/ocd/internal/tui/pickermodel.go:125.2,127.16 2 1
github.com/bladeacer/ocd/internal/tui/pickermodel.go:127.16,130.3 2 0
github.com/bladeacer/ocd/internal/tui/pickermodel.go:132.2,132.13 1 1
github.com/bladeacer/ocd/internal/tui/pickermodel.go:133.21,135.21 2 0
github.com/bladeacer/ocd/internal/tui/pickermodel.go:136.17,138.16 2 0
github.com/bladeacer/ocd/internal/tui/pickermodel.go:139.11,143.16 4 1
github.com/bladeacer/ocd/internal/tui/pickermodel.go:144.16,145.27 1 1
github.com/bladeacer/ocd/internal/tui/pickermodel.go:146.11,148.18 2 1
github.com/bladeacer/ocd/internal/tui/pickermodel.go:149.11,151.18 2 0
github.com/bladeacer/ocd/internal/tui/pickermodel.go:152.11,154.16 2 0
github.com/bladeacer/ocd/internal/tui/pickermodel.go:157.2,159.15 3 1
github.com/bladeacer/ocd/internal/tui/pickermodel.go:162.76,163.22 1 1
github.com/bladeacer/ocd/internal/tui/pickermodel.go:164.27,170.16 6 1
github.com/bladeacer/ocd/internal/tui/pickermodel.go:171.24,176.16 5 1
github.com/bladeacer/ocd/internal/tui/pickermodel.go:177.20,179.19 2 1
github.com/bladeacer/ocd/internal/tui/pickermodel.go:179.19,181.4 1 1
github.com/bladeacer/ocd/internal/tui/pickermodel.go:182.3,184.16 3 1
github.com/bladeacer/ocd/internal/tui/pickermodel.go:185.11,192.16 7 0
github.com/bladeacer/ocd/internal/tui/pickermodel.go:195.2,195.28 1 1
github.com/bladeacer/ocd/internal/tui/pickermodel.go:195.28,200.3 4 1
github.com/bladeacer/ocd/internal/tui/pickermodel.go:202.2,202.15 1 0
github.com/bladeacer/ocd/internal/tui/pickermodel.go:205.60,207.16 2 1
github.com/bladeacer/ocd/internal/tui/pickermodel.go:207.16,209.3 1 1
github.com/bladeacer/ocd/internal/tui/pickermodel.go:210.2,211.29 2 1
github.com/bladeacer/ocd/internal/tui/pickermodel.go:211.29,217.3 5 1
github.com/bladeacer/ocd/internal/tui/pickermodel.go:217.8,221.3 3 1
github.com/bladeacer/ocd/internal/tui/pickermodel.go:222.2,222.15 1 1
github.com/bladeacer/ocd/internal/tui/pickermodel.go:225.35,227.38 2 1
github.com/bladeacer/ocd/internal/tui/pickermodel.go:227.38,232.3 1 1
github.com/bladeacer/ocd/internal/tui/pickermodel.go:234.2,236.37 3 1
github.com/bladeacer/ocd/internal/tui/pickermodel.go:236.37,238.3 1 1
github.com/bladeacer/ocd/internal/tui/pickermodel.go:240.2,240.24 1 1
github.com/bladeacer/ocd/internal/tui/pickermodel.go:240.24,241.58 1 1
github.com/bladeacer/ocd/internal/tui/pickermodel.go:241.58,242.12 1 1
github.com/bladeacer/ocd/internal/tui/pickermodel.go:244.3,245.21 2 1
github.com/bladeacer/ocd/internal/tui/pickermodel.go:245.21,247.4 1 0
github.com/bladeacer/ocd/internal/tui/pickermodel.go:249.3,250.31 2 1
github.com/bladeacer/ocd/internal/tui/pickermodel.go:250.31,251.28 1 1
github.com/bladeacer/ocd/internal/tui/pickermodel.go:251.28,253.5 1 1
github.com/bladeacer/ocd/internal/tui/pickermodel.go:253.10,255.5 1 1
github.com/bladeacer/ocd/internal/tui/pickermodel.go:258.3,259.16 2 1
github.com/bladeacer/ocd/internal/tui/pickermodel.go:259.16,261.4 1 1
github.com/bladeacer/ocd/internal/tui/pickermodel.go:261.9,263.4 1 1
github.com/bladeacer/ocd/internal/tui/pickermodel.go:265.3,271.5 1 1
github.com/bladeacer/ocd/internal/tui/pickermodel.go:273.2,273.15 1 1
github.com/bladeacer/ocd/internal/tui/pickermodel.go:276.57,279.2 2 1
github.com/bladeacer/ocd/internal/tui/pickermodel.go:281.37,284.29 2 1
github.com/bladeacer/ocd/internal/tui/pickermodel.go:284.29,285.43 1 1
github.com/bladeacer/ocd/internal/tui/pickermodel.go:285.43,286.12 1 1
github.com/bladeacer/ocd/internal/tui/pickermodel.go:288.3,288.44 1 1
github.com/bladeacer/ocd/internal/tui/pickermodel.go:288.44,290.35 2 0
github.com/bladeacer/ocd/internal/tui/pickermodel.go:290.35,291.28 1 0
github.com/bladeacer/ocd/internal/tui/pickermodel.go:291.28,293.11 2 0
github.com/bladeacer/ocd/internal/tui/pickermodel.go:296.4,296.15 1 0
github.com/bladeacer/ocd/internal/tui/pickermodel.go:296.15,297.13 1 0
github.com/bladeacer/ocd/internal/tui/pickermodel.go:300.3,300.22 1 1
github.com/bladeacer/ocd/internal/tui/pickermodel.go:300.22,302.63 2 1
github.com/bladeacer/ocd/internal/tui/pickermodel.go:302.63,303.13 1 0
github.com/bladeacer/ocd/internal/tui/pickermodel.go:306.3,306.35 1 1
github.com/bladeacer/ocd/internal/tui/pickermodel.go:309.2,309.49 1 1
github.com/bladeacer/ocd/internal/tui/pickermodel.go:309.49,312.19 3 1
github.com/bladeacer/ocd/internal/tui/pickermodel.go:312.19,314.4 1 0
github.com/bladeacer/ocd/internal/tui/pickermodel.go:315.3,318.8 1 1
github.com/bladeacer/ocd/internal/tui/pickermodel.go:321.2,321.25 1 1
github.com/bladeacer/ocd/internal/tui/pickermodel.go:324.37,325.18 1 0
github.com/bladeacer/ocd/internal/tui/pickermodel.go:325.18,327.3 1 0
github.com/bladeacer/ocd/internal/tui/pickermodel.go:328.2,328.21 1 0
github.com/bladeacer/ocd/internal/tui/pickermodel.go:328.21,330.3 1 0
github.com/bladeacer/ocd/internal/tui/pickermodel.go:332.2,332.16 1 0
github.com/bladeacer/ocd/internal/tui/pickermodel.go:332.16,347.3 4 0
github.com/bladeacer/ocd/internal/tui/pickermodel.go:349.2,350.30 2 0
github.com/bladeacer/ocd/internal/tui/pickermodel.go:350.30,352.3 1 0
github.com/bladeacer/ocd/internal/tui/pickermodel.go:354.2,355.18 2 0
github.com/bladeacer/ocd/internal/tui/pickermodel.go:355.18,357.3 1 0
github.com/bladeacer/ocd/internal/tui/pickermodel.go:359.2,366.92 3 0
github.com/bladeacer/ocd/internal/tui/pickermodel.go:369.75,373.16 4 0
github.com/bladeacer/ocd/internal/tui/pickermodel.go:373.16,375.3 1 0
github.com/bladeacer/ocd/internal/tui/pickermodel.go:376.2,377.25 2 0
github.com/bladeacer/ocd/internal/tui/pickermodel.go:377.25,379.3 1 0
github.com/bladeacer/ocd/internal/tui/pickermodel.go:380.2,380.47 1 0
github.com/bladeacer/ocd/internal/tui/spinner.go:18.55,27.2 4 1
github.com/bladeacer/ocd/internal/tui/spinner.go:29.39,31.2 1 1
github.com/bladeacer/ocd/internal/tui/spinner.go:33.45,36.2 2 0
github.com/bladeacer/ocd/internal/tui/spinner.go:38.69,39.27 1 1
github.com/bladeacer/ocd/internal/tui/spinner.go:40.15,42.37 2 1
github.com/bladeacer/ocd/internal/tui/spinner.go:42.37,44.4 1 1
github.com/bladeacer/ocd/internal/tui/spinner.go:45.3,45.25 1 1
github.com/bladeacer/ocd/internal/tui/spinner.go:46.23,49.16 3 1
github.com/bladeacer/ocd/internal/tui/spinner.go:51.2,51.15 1 0
github.com/bladeacer/ocd/internal/tui/spinner.go:54.38,58.2 3 1
github.com/bladeacer/ocd/internal/tui/spinner.go:60.39,62.2 1 1
github.com/bladeacer/ocd/internal/tui/styles.go:42.33,54.2 4 1
github.com/bladeacer/ocd/internal/tui/view.go:17.31,18.17 1 1
github.com/bladeacer/ocd/internal/tui/view.go:19.20,20.25 1 1
github.com/bladeacer/ocd/internal/tui/view.go:21.31,22.30 1 1
github.com/bladeacer/ocd/internal/tui/view.go:23.20,24.25 1 0
github.com/bladeacer/ocd/internal/tui/view.go:26.2,26.11 1 0
github.com/bladeacer/ocd/internal/tui/view.go:29.38,30.18 1 1
github.com/bladeacer/ocd/internal/tui/view.go:30.18,32.3 1 1
github.com/bladeacer/ocd/internal/tui/view.go:34.2,37.84 3 1
github.com/bladeacer/ocd/internal/tui/view.go:40.43,41.16 1 1
github.com/bladeacer/ocd/internal/tui/view.go:41.16,43.3 1 0
github.com/bladeacer/ocd/internal/tui/view.go:45.2,49.28 3 1
github.com/bladeacer/ocd/internal/tui/view.go:49.28,51.3 1 1
github.com/bladeacer/ocd/internal/tui/view.go:53.2,58.19 4 1
github.com/bladeacer/ocd/internal/tui/view.go:61.45,79.16 5 0
github.com/bladeacer/ocd/internal/tui/view.go:79.16,81.3 1 0
github.com/bladeacer/ocd/internal/tui/view.go:82.2,83.13 2 0
github.com/bladeacer/ocd/internal/tui/view.go:83.13,85.3 1 0
github.com/bladeacer/ocd/internal/tui/view.go:86.2,87.26 2 0
github.com/bladeacer/ocd/internal/tui/view.go:90.37,102.2 4 1
github.com/bladeacer/ocd/internal/tui/view.go:104.50,105.12 1 1
github.com/bladeacer/ocd/internal/tui/view.go:105.12,107.3 1 1
github.com/bladeacer/ocd/internal/tui/view.go:108.2,108.53 1 1
github.com/bladeacer/ocd/internal/tui/view.go:111.38,119.2 3 1
