mode: set
github.com/bladeacer/ocd/main.go:18.13,35.39 6 0
github.com/bladeacer/ocd/main.go:35.39,38.3 2 0
github.com/bladeacer/ocd/main.go:18.13,35.39 6 0
github.com/bladeacer/ocd/main.go:35.39,38.3 2 0
github.com/bladeacer/ocd/cmd/clean.go:12.35,16.55 1 0
github.com/bladeacer/ocd/cmd/clean.go:16.55,18.36 2 0
github.com/bladeacer/ocd/cmd/clean.go:18.36,20.5 1 0
github.com/bladeacer/ocd/cmd/clean.go:21.4,21.62 1 0
github.com/bladeacer/ocd/cmd/clean.go:21.62,23.5 1 0
github.com/bladeacer/ocd/cmd/clean.go:24.4,25.14 2 0
github.com/bladeacer/ocd/cmd/clean.go:29.2,29.12 1 0
github.com/bladeacer/ocd/cmd/diff.go:17.34,18.32 1 0
github.com/bladeacer/ocd/cmd/diff.go:18.32,21.3 2 0
github.com/bladeacer/ocd/cmd/diff.go:22.2,22.24 1 0
github.com/bladeacer/ocd/cmd/diff.go:25.64,28.16 3 0
github.com/bladeacer/ocd/cmd/diff.go:29.14,30.30 1 0
github.com/bladeacer/ocd/cmd/diff.go:31.14,32.30 1 0
github.com/bladeacer/ocd/cmd/diff.go:33.10,34.30 1 0
github.com/bladeacer/ocd/cmd/diff.go:36.2,36.16 1 0
github.com/bladeacer/ocd/cmd/diff.go:36.16,38.3 1 0
github.com/bladeacer/ocd/cmd/diff.go:39.2,39.39 1 0
github.com/bladeacer/ocd/cmd/diff.go:42.55,44.22 2 0
github.com/bladeacer/ocd/cmd/diff.go:44.22,46.3 1 0
github.com/bladeacer/ocd/cmd/diff.go:49.38,51.38 2 0
github.com/bladeacer/ocd/cmd/diff.go:51.38,53.3 1 0
github.com/bladeacer/ocd/cmd/diff.go:54.2,56.12 3 0
github.com/bladeacer/ocd/cmd/diff.go:59.34,77.55 6 0
github.com/bladeacer/ocd/cmd/diff.go:77.55,80.22 2 0
github.com/bladeacer/ocd/cmd/diff.go:80.22,83.5 2 0
github.com/bladeacer/ocd/cmd/diff.go:83.10,83.44 1 0
github.com/bladeacer/ocd/cmd/diff.go:83.44,89.19 5 0
github.com/bladeacer/ocd/cmd/diff.go:89.19,91.6 1 0
github.com/bladeacer/ocd/cmd/diff.go:92.5,92.41 1 0
github.com/bladeacer/ocd/cmd/diff.go:92.41,95.6 2 0
github.com/bladeacer/ocd/cmd/diff.go:96.10,98.5 1 0
github.com/bladeacer/ocd/cmd/diff.go:100.4,100.46 1 0
github.com/bladeacer/ocd/cmd/diff.go:100.46,102.5 1 0
github.com/bladeacer/ocd/cmd/diff.go:103.4,103.46 1 0
github.com/bladeacer/ocd/cmd/diff.go:103.46,105.5 1 0
github.com/bladeacer/ocd/cmd/diff.go:107.4,108.27 2 0
github.com/bladeacer/ocd/cmd/diff.go:108.27,110.5 1 0
github.com/bladeacer/ocd/cmd/diff.go:112.4,112.12 1 0
github.com/bladeacer/ocd/cmd/diff.go:112.12,118.25 6 0
github.com/bladeacer/ocd/cmd/diff.go:118.25,120.6 1 0
github.com/bladeacer/ocd/cmd/diff.go:120.11,122.6 1 0
github.com/bladeacer/ocd/cmd/diff.go:123.5,126.72 4 0
github.com/bladeacer/ocd/cmd/diff.go:126.72,128.6 1 0
github.com/bladeacer/ocd/cmd/diff.go:129.5,130.15 2 0
github.com/bladeacer/ocd/cmd/diff.go:133.4,133.36 1 0
github.com/bladeacer/ocd/cmd/diff.go:137.2,142.12 6 0
github.com/bladeacer/ocd/cmd/extract.go:11.37,18.55 1 0
github.com/bladeacer/ocd/cmd/extract.go:18.55,21.18 3 0
github.com/bladeacer/ocd/cmd/extract.go:21.18,23.5 1 0
github.com/bladeacer/ocd/cmd/extract.go:24.4,25.14 2 0
github.com/bladeacer/ocd/cmd/extract.go:29.2,29.12 1 0
github.com/bladeacer/ocd/cmd/interact.go:14.38,23.55 2 0
github.com/bladeacer/ocd/cmd/interact.go:23.55,29.18 5 0
github.com/bladeacer/ocd/cmd/interact.go:29.18,31.5 1 0
github.com/bladeacer/ocd/cmd/interact.go:32.4,32.30 1 0
github.com/bladeacer/ocd/cmd/interact.go:32.30,35.5 2 0
github.com/bladeacer/ocd/cmd/interact.go:37.4,39.18 3 0
github.com/bladeacer/ocd/cmd/interact.go:39.18,41.5 1 0
github.com/bladeacer/ocd/cmd/interact.go:42.4,43.14 2 0
github.com/bladeacer/ocd/cmd/interact.go:47.2,48.12 2 0
github.com/bladeacer/ocd/internal/cache/cache.go:28.36,33.49 2 0
github.com/bladeacer/ocd/internal/cache/cache.go:33.49,34.13 1 0
github.com/bladeacer/ocd/internal/cache/cache.go:36.2,36.10 1 0
github.com/bladeacer/ocd/internal/cache/cache.go:39.42,41.2 1 0
github.com/bladeacer/ocd/internal/cache/cache.go:43.55,46.16 3 0
github.com/bladeacer/ocd/internal/cache/cache.go:46.16,47.25 1 0
github.com/bladeacer/ocd/internal/cache/cache.go:47.25,49.4 1 0
github.com/bladeacer/ocd/internal/cache/cache.go:50.3,50.13 1 0
github.com/bladeacer/ocd/internal/cache/cache.go:52.2,53.53 2 0
github.com/bladeacer/ocd/internal/cache/cache.go:53.53,55.3 1 0
github.com/bladeacer/ocd/internal/cache/cache.go:56.2,56.54 1 0
github.com/bladeacer/ocd/internal/cache/cache.go:56.54,58.3 1 0
github.com/bladeacer/ocd/internal/cache/cache.go:59.2,59.38 1 0
github.com/bladeacer/ocd/internal/cache/cache.go:62.55,65.16 3 0
github.com/bladeacer/ocd/internal/cache/cache.go:65.16,67.3 1 0
github.com/bladeacer/ocd/internal/cache/cache.go:68.2,73.16 3 0
github.com/bladeacer/ocd/internal/cache/cache.go:73.16,75.3 1 0
github.com/bladeacer/ocd/internal/cache/cache.go:76.2,76.35 1 0
github.com/bladeacer/ocd/internal/cache/cache.go:79.43,82.24 3 0
github.com/bladeacer/ocd/internal/cache/cache.go:82.24,84.3 1 0
github.com/bladeacer/ocd/internal/cache/cache.go:85.2,85.12 1 0
github.com/bladeacer/ocd/internal/cache/cache.go:88.31,90.16 2 0
github.com/bladeacer/ocd/internal/cache/cache.go:90.16,91.25 1 0
github.com/bladeacer/ocd/internal/cache/cache.go:91.25,93.4 1 0
github.com/bladeacer/ocd/internal/cache/cache.go:94.3,94.13 1 0
github.com/bladeacer/ocd/internal/cache/cache.go:96.2,98.16 3 0
github.com/bladeacer/ocd/internal/cache/cache.go:98.16,100.3 1 0
github.com/bladeacer/ocd/internal/cache/cache.go:101.2,101.29 1 0
github.com/bladeacer/ocd/internal/cache/cache.go:101.29,103.3 1 0
github.com/bladeacer/ocd/internal/cache/cache.go:104.2,104.12 1 0
github.com/bladeacer/ocd/internal/core/asar.go:31.61,33.16 2 0
github.com/bladeacer/ocd/internal/core/asar.go:33.16,35.3 1 0
github.com/bladeacer/ocd/internal/core/asar.go:36.2,39.47 3 0
github.com/bladeacer/ocd/internal/core/asar.go:39.47,41.3 1 0
github.com/bladeacer/ocd/internal/core/asar.go:43.2,44.71 2 0
github.com/bladeacer/ocd/internal/core/asar.go:44.71,46.3 1 0
github.com/bladeacer/ocd/internal/core/asar.go:47.2,47.51 1 0
github.com/bladeacer/ocd/internal/core/asar.go:47.51,49.3 1 0
github.com/bladeacer/ocd/internal/core/asar.go:51.2,52.51 2 0
github.com/bladeacer/ocd/internal/core/asar.go:52.51,54.3 1 0
github.com/bladeacer/ocd/internal/core/asar.go:56.2,57.57 2 0
github.com/bladeacer/ocd/internal/core/asar.go:57.57,59.3 1 0
github.com/bladeacer/ocd/internal/core/asar.go:61.2,62.9 2 0
github.com/bladeacer/ocd/internal/core/asar.go:62.9,64.3 1 0
github.com/bladeacer/ocd/internal/core/asar.go:66.2,67.67 2 0
github.com/bladeacer/ocd/internal/core/asar.go:67.67,69.3 1 0
github.com/bladeacer/ocd/internal/core/asar.go:71.2,74.16 3 0
github.com/bladeacer/ocd/internal/core/asar.go:74.16,76.3 1 0
github.com/bladeacer/ocd/internal/core/asar.go:77.2,80.49 3 0
github.com/bladeacer/ocd/internal/core/asar.go:80.49,82.3 1 0
github.com/bladeacer/ocd/internal/core/asar.go:84.2,84.12 1 0
github.com/bladeacer/ocd/internal/core/diff.go:17.60,22.16 4 0
github.com/bladeacer/ocd/internal/core/diff.go:22.16,28.3 1 0
github.com/bladeacer/ocd/internal/core/diff.go:30.2,31.16 2 0
github.com/bladeacer/ocd/internal/core/diff.go:31.16,37.3 1 0
github.com/bladeacer/ocd/internal/core/diff.go:39.2,52.49 4 0
github.com/bladeacer/ocd/internal/core/diff.go:52.49,53.67 1 0
github.com/bladeacer/ocd/internal/core/diff.go:53.67,55.9 2 0
github.com/bladeacer/ocd/internal/core/diff.go:59.2,64.3 1 0
github.com/bladeacer/ocd/internal/core/extract.go:19.49,23.45 3 0
github.com/bladeacer/ocd/internal/core/extract.go:23.45,25.3 1 0
github.com/bladeacer/ocd/internal/core/extract.go:27.2,27.51 1 0
github.com/bladeacer/ocd/internal/core/extract.go:27.51,29.3 1 0
github.com/bladeacer/ocd/internal/core/extract.go:31.2,34.16 3 0
github.com/bladeacer/ocd/internal/core/extract.go:34.16,36.3 1 0
github.com/bladeacer/ocd/internal/core/extract.go:37.2,39.44 2 0
github.com/bladeacer/ocd/internal/core/extract.go:39.44,41.3 1 0
github.com/bladeacer/ocd/internal/core/extract.go:42.2,42.38 1 0
github.com/bladeacer/ocd/internal/core/extract.go:42.38,44.3 1 0
github.com/bladeacer/ocd/internal/core/extract.go:46.2,47.16 2 0
github.com/bladeacer/ocd/internal/core/extract.go:47.16,49.3 1 0
github.com/bladeacer/ocd/internal/core/extract.go:50.2,53.16 3 0
github.com/bladeacer/ocd/internal/core/extract.go:53.16,55.3 1 0
github.com/bladeacer/ocd/internal/core/extract.go:56.2,59.54 3 0
github.com/bladeacer/ocd/internal/core/extract.go:59.54,62.3 2 0
github.com/bladeacer/ocd/internal/core/extract.go:63.2,65.65 2 0
github.com/bladeacer/ocd/internal/core/extract.go:65.65,67.3 1 0
github.com/bladeacer/ocd/internal/core/extract.go:69.2,69.22 1 0
github.com/bladeacer/ocd/internal/core/tldr.go:51.37,54.18 3 0
github.com/bladeacer/ocd/internal/core/tldr.go:54.18,56.3 1 0
github.com/bladeacer/ocd/internal/core/tldr.go:57.2,57.19 1 0
github.com/bladeacer/ocd/internal/core/tldr.go:57.19,59.3 1 0
github.com/bladeacer/ocd/internal/core/tldr.go:60.2,60.19 1 0
github.com/bladeacer/ocd/internal/core/tldr.go:60.19,62.3 1 0
github.com/bladeacer/ocd/internal/core/tldr.go:63.2,63.19 1 0
github.com/bladeacer/ocd/internal/core/tldr.go:63.19,65.3 1 0
github.com/bladeacer/ocd/internal/core/tldr.go:66.2,66.15 1 0
github.com/bladeacer/ocd/internal/core/tldr.go:69.43,71.46 2 0
github.com/bladeacer/ocd/internal/core/tldr.go:71.46,73.52 2 0
github.com/bladeacer/ocd/internal/core/tldr.go:73.52,75.4 1 0
github.com/bladeacer/ocd/internal/core/tldr.go:75.9,77.4 1 0
github.com/bladeacer/ocd/internal/core/tldr.go:79.2,79.21 1 0
github.com/bladeacer/ocd/internal/core/tldr.go:79.21,81.3 1 0
github.com/bladeacer/ocd/internal/core/tldr.go:82.2,82.24 1 0
github.com/bladeacer/ocd/internal/core/tldr.go:85.46,87.50 2 0
github.com/bladeacer/ocd/internal/core/tldr.go:87.50,90.3 2 0
github.com/bladeacer/ocd/internal/core/tldr.go:91.2,91.42 1 0
github.com/bladeacer/ocd/internal/core/tldr.go:91.42,93.3 1 0
github.com/bladeacer/ocd/internal/core/tldr.go:94.2,94.42 1 0
github.com/bladeacer/ocd/internal/core/tldr.go:94.42,96.3 1 0
github.com/bladeacer/ocd/internal/core/tldr.go:97.2,97.44 1 0
github.com/bladeacer/ocd/internal/core/tldr.go:97.44,99.3 1 0
github.com/bladeacer/ocd/internal/core/tldr.go:100.2,100.57 1 0
github.com/bladeacer/ocd/internal/core/tldr.go:100.57,101.10 1 0
github.com/bladeacer/ocd/internal/core/tldr.go:102.38,103.21 1 0
github.com/bladeacer/ocd/internal/core/tldr.go:104.37,105.19 1 0
github.com/bladeacer/ocd/internal/core/tldr.go:106.37,107.19 1 0
github.com/bladeacer/ocd/internal/core/tldr.go:108.37,109.19 1 0
github.com/bladeacer/ocd/internal/core/tldr.go:110.39,111.23 1 0
github.com/bladeacer/ocd/internal/core/tldr.go:114.2,114.15 1 0
github.com/bladeacer/ocd/internal/core/tldr.go:117.43,119.16 2 0
github.com/bladeacer/ocd/internal/core/tldr.go:119.16,121.3 1 0
github.com/bladeacer/ocd/internal/core/tldr.go:123.2,128.49 5 0
github.com/bladeacer/ocd/internal/core/tldr.go:128.49,129.70 1 0
github.com/bladeacer/ocd/internal/core/tldr.go:129.70,133.4 3 0
github.com/bladeacer/ocd/internal/core/tldr.go:133.9,133.77 1 0
github.com/bladeacer/ocd/internal/core/tldr.go:133.77,137.4 3 0
github.com/bladeacer/ocd/internal/core/tldr.go:137.9,137.114 1 0
github.com/bladeacer/ocd/internal/core/tldr.go:137.114,138.47 1 0
github.com/bladeacer/ocd/internal/core/tldr.go:138.47,140.5 1 0
github.com/bladeacer/ocd/internal/core/tldr.go:144.2,144.38 1 0
github.com/bladeacer/ocd/internal/core/tldr.go:144.38,145.42 1 0
github.com/bladeacer/ocd/internal/core/tldr.go:145.42,146.24 1 0
github.com/bladeacer/ocd/internal/core/tldr.go:146.24,152.5 1 0
github.com/bladeacer/ocd/internal/core/tldr.go:153.9,155.4 1 0
github.com/bladeacer/ocd/internal/core/tldr.go:157.2,157.32 1 0
github.com/bladeacer/ocd/internal/core/tldr.go:157.32,158.36 1 0
github.com/bladeacer/ocd/internal/core/tldr.go:158.36,160.4 1 0
github.com/bladeacer/ocd/internal/core/tldr.go:163.2,163.10 1 0
github.com/bladeacer/ocd/internal/core/tldr.go:166.155,167.48 1 0
github.com/bladeacer/ocd/internal/core/tldr.go:167.48,172.20 5 0
github.com/bladeacer/ocd/internal/core/tldr.go:172.20,174.4 1 0
github.com/bladeacer/ocd/internal/core/tldr.go:174.9,174.27 1 0
github.com/bladeacer/ocd/internal/core/tldr.go:174.27,176.4 1 0
github.com/bladeacer/ocd/internal/core/tldr.go:179.2,179.60 1 0
github.com/bladeacer/ocd/internal/core/tldr.go:179.60,180.31 1 0
github.com/bladeacer/ocd/internal/core/tldr.go:180.31,182.21 2 0
github.com/bladeacer/ocd/internal/core/tldr.go:182.21,184.5 1 0
github.com/bladeacer/ocd/internal/core/tldr.go:184.10,184.28 1 0
github.com/bladeacer/ocd/internal/core/tldr.go:184.28,186.5 1 0
github.com/bladeacer/ocd/internal/core/tldr.go:190.2,190.38 1 0
github.com/bladeacer/ocd/internal/core/tldr.go:190.38,192.3 1 0
github.com/bladeacer/ocd/internal/core/tldr.go:194.2,194.49 1 0
github.com/bladeacer/ocd/internal/core/tldr.go:194.49,195.27 1 0
github.com/bladeacer/ocd/internal/core/tldr.go:195.27,197.4 1 0
github.com/bladeacer/ocd/internal/core/tldr.go:198.3,198.32 1 0
github.com/bladeacer/ocd/internal/core/tldr.go:202.61,203.16 1 0
github.com/bladeacer/ocd/internal/core/tldr.go:203.16,205.3 1 0
github.com/bladeacer/ocd/internal/core/tldr.go:206.2,207.23 2 0
github.com/bladeacer/ocd/internal/core/tldr.go:207.23,209.3 1 0
github.com/bladeacer/ocd/internal/core/tldr.go:210.2,210.11 1 0
github.com/bladeacer/ocd/internal/core/tldr.go:213.40,216.2 2 0
github.com/bladeacer/ocd/internal/core/tldr.go:218.42,221.22 3 0
github.com/bladeacer/ocd/internal/core/tldr.go:221.22,223.3 1 0
github.com/bladeacer/ocd/internal/core/tldr.go:224.2,224.11 1 0
github.com/bladeacer/ocd/internal/core/tldr.go:227.38,229.53 2 0
github.com/bladeacer/ocd/internal/core/tldr.go:229.53,231.3 1 0
github.com/bladeacer/ocd/internal/core/tldr.go:232.2,232.26 1 0
github.com/bladeacer/ocd/internal/core/tldr.go:232.26,233.32 1 0
github.com/bladeacer/ocd/internal/core/tldr.go:233.32,235.4 1 0
github.com/bladeacer/ocd/internal/core/tldr.go:235.9,235.39 1 0
github.com/bladeacer/ocd/internal/core/tldr.go:235.39,237.4 1 0
github.com/bladeacer/ocd/internal/core/tldr.go:237.9,239.4 1 0
github.com/bladeacer/ocd/internal/core/tldr.go:241.2,241.14 1 0
github.com/bladeacer/ocd/internal/core/tldr.go:244.52,247.2 2 0
github.com/bladeacer/ocd/internal/core/tldr.go:249.52,252.2 2 0
github.com/bladeacer/ocd/internal/core/tldr.go:254.52,271.26 4 0
github.com/bladeacer/ocd/internal/core/tldr.go:271.26,273.3 1 0
github.com/bladeacer/ocd/internal/core/tldr.go:274.2,274.26 1 0
github.com/bladeacer/ocd/internal/core/tldr.go:274.26,276.3 1 0
github.com/bladeacer/ocd/internal/core/tldr.go:277.2,277.24 1 0
github.com/bladeacer/ocd/internal/core/tldr.go:277.24,279.3 1 0
github.com/bladeacer/ocd/internal/core/tldr.go:280.2,280.28 1 0
github.com/bladeacer/ocd/internal/core/tldr.go:280.28,282.3 1 0
github.com/bladeacer/ocd/internal/core/tldr.go:283.2,283.42 1 0
github.com/bladeacer/ocd/internal/core/tldr.go:283.42,285.3 1 0
github.com/bladeacer/ocd/internal/core/tldr.go:286.2,286.25 1 0
github.com/bladeacer/ocd/internal/core/tldr.go:289.38,303.39 6 0
github.com/bladeacer/ocd/internal/core/tldr.go:303.39,305.3 1 0
github.com/bladeacer/ocd/internal/core/tldr.go:306.2,306.41 1 0
github.com/bladeacer/ocd/internal/core/tldr.go:306.41,308.3 1 0
github.com/bladeacer/ocd/internal/core/tldr.go:309.2,309.42 1 0
github.com/bladeacer/ocd/internal/core/tldr.go:309.42,311.3 1 0
github.com/bladeacer/ocd/internal/core/tldr.go:312.2,312.44 1 0
github.com/bladeacer/ocd/internal/core/tldr.go:312.44,314.3 1 0
github.com/bladeacer/ocd/internal/core/tldr.go:315.2,315.44 1 0
github.com/bladeacer/ocd/internal/core/tldr.go:315.44,317.3 1 0
github.com/bladeacer/ocd/internal/core/tldr.go:318.2,318.26 1 0
github.com/bladeacer/ocd/internal/core/tldr.go:318.26,320.3 1 0
github.com/bladeacer/ocd/internal/core/tldr.go:321.2,321.34 1 0
github.com/bladeacer/ocd/internal/core/tldr.go:321.34,323.3 1 0
github.com/bladeacer/ocd/internal/core/tldr.go:324.2,324.28 1 0
github.com/bladeacer/ocd/internal/core/tldr.go:324.28,326.32 2 0
github.com/bladeacer/ocd/internal/core/tldr.go:326.32,328.4 1 0
github.com/bladeacer/ocd/internal/core/tldr.go:329.3,331.28 3 0
github.com/bladeacer/ocd/internal/core/tldr.go:331.28,333.4 1 0
github.com/bladeacer/ocd/internal/core/tldr.go:334.3,334.55 1 0
github.com/bladeacer/ocd/internal/core/tldr.go:336.2,336.21 1 0
github.com/bladeacer/ocd/internal/core/tldr.go:336.21,338.21 2 0
github.com/bladeacer/ocd/internal/core/tldr.go:338.21,340.4 1 0
github.com/bladeacer/ocd/internal/core/tldr.go:341.3,342.20 2 0
github.com/bladeacer/ocd/internal/core/tldr.go:345.2,346.27 2 0
github.com/bladeacer/ocd/internal/core/tldr.go:346.27,348.3 1 0
github.com/bladeacer/ocd/internal/core/tldr.go:349.2,350.32 2 0
github.com/bladeacer/ocd/internal/core/tldr.go:350.32,352.22 2 0
github.com/bladeacer/ocd/internal/core/tldr.go:352.22,354.4 1 0
github.com/bladeacer/ocd/internal/core/tldr.go:355.3,356.21 2 0
github.com/bladeacer/ocd/internal/core/tldr.go:356.21,358.4 1 0
github.com/bladeacer/ocd/internal/core/tldr.go:359.3,360.14 2 0
github.com/bladeacer/ocd/internal/core/tldr.go:360.14,362.4 1 0
github.com/bladeacer/ocd/internal/core/tldr.go:363.3,363.24 1 0
github.com/bladeacer/ocd/internal/core/tldr.go:365.2,365.21 1 0
github.com/bladeacer/ocd/internal/sources/docker.go:20.32,22.2 1 0
github.com/bladeacer/ocd/internal/sources/docker.go:24.35,24.54 1 0
github.com/bladeacer/ocd/internal/sources/docker.go:39.57,43.16 3 0
github.com/bladeacer/ocd/internal/sources/docker.go:43.16,45.17 2 0
github.com/bladeacer/ocd/internal/sources/docker.go:45.17,47.4 1 0
github.com/bladeacer/ocd/internal/sources/docker.go:48.3,48.39 1 0
github.com/bladeacer/ocd/internal/sources/docker.go:48.39,51.4 2 0
github.com/bladeacer/ocd/internal/sources/docker.go:53.3,54.66 2 0
github.com/bladeacer/ocd/internal/sources/docker.go:54.66,57.4 2 0
github.com/bladeacer/ocd/internal/sources/docker.go:58.3,60.39 2 0
github.com/bladeacer/ocd/internal/sources/docker.go:60.39,61.45 1 0
github.com/bladeacer/ocd/internal/sources/docker.go:61.45,62.13 1 0
github.com/bladeacer/ocd/internal/sources/docker.go:64.4,68.44 4 0
github.com/bladeacer/ocd/internal/sources/docker.go:68.44,69.13 1 0
github.com/bladeacer/ocd/internal/sources/docker.go:72.4,76.6 1 0
github.com/bladeacer/ocd/internal/sources/docker.go:78.3,78.18 1 0
github.com/bladeacer/ocd/internal/sources/docker.go:81.2,81.18 1 0
github.com/bladeacer/ocd/internal/sources/electron.go:18.30,20.2 1 0
github.com/bladeacer/ocd/internal/sources/electron.go:22.34,22.55 1 0
github.com/bladeacer/ocd/internal/sources/electron.go:24.56,26.16 2 0
github.com/bladeacer/ocd/internal/sources/electron.go:26.16,28.3 1 0
github.com/bladeacer/ocd/internal/sources/electron.go:29.2,31.38 2 0
github.com/bladeacer/ocd/internal/sources/electron.go:31.38,33.3 1 0
github.com/bladeacer/ocd/internal/sources/electron.go:35.2,36.64 2 0
github.com/bladeacer/ocd/internal/sources/electron.go:36.64,38.3 1 0
github.com/bladeacer/ocd/internal/sources/electron.go:40.2,40.37 1 0
github.com/bladeacer/ocd/internal/sources/fetcher.go:22.42,29.2 1 0
github.com/bladeacer/ocd/internal/sources/fetcher.go:31.60,38.20 5 0
github.com/bladeacer/ocd/internal/sources/fetcher.go:38.20,39.10 1 0
github.com/bladeacer/ocd/internal/sources/fetcher.go:40.21,41.20 1 0
github.com/bladeacer/ocd/internal/sources/fetcher.go:42.11,42.11 0 0
github.com/bladeacer/ocd/internal/sources/fetcher.go:44.3,44.13 1 0
github.com/bladeacer/ocd/internal/sources/fetcher.go:44.13,46.63 2 0
github.com/bladeacer/ocd/internal/sources/fetcher.go:46.63,49.5 2 0
github.com/bladeacer/ocd/internal/sources/fetcher.go:51.3,52.17 2 0
github.com/bladeacer/ocd/internal/sources/fetcher.go:52.17,54.4 1 0
github.com/bladeacer/ocd/internal/sources/fetcher.go:55.3,55.59 1 0
github.com/bladeacer/ocd/internal/sources/fetcher.go:55.59,57.4 1 0
github.com/bladeacer/ocd/internal/sources/fetcher.go:58.3,59.13 2 0
github.com/bladeacer/ocd/internal/sources/fetcher.go:62.2,62.20 1 0
github.com/bladeacer/ocd/internal/sources/fetcher.go:62.20,63.10 1 0
github.com/bladeacer/ocd/internal/sources/fetcher.go:64.21,65.20 1 0
github.com/bladeacer/ocd/internal/sources/fetcher.go:66.11,66.11 0 0
github.com/bladeacer/ocd/internal/sources/fetcher.go:68.3,68.13 1 0
github.com/bladeacer/ocd/internal/sources/fetcher.go:68.13,70.66 2 0
github.com/bladeacer/ocd/internal/sources/fetcher.go:70.66,73.5 2 0
github.com/bladeacer/ocd/internal/sources/fetcher.go:75.3,76.17 2 0
github.com/bladeacer/ocd/internal/sources/fetcher.go:76.17,78.4 1 0
github.com/bladeacer/ocd/internal/sources/fetcher.go:79.3,79.62 1 0
github.com/bladeacer/ocd/internal/sources/fetcher.go:79.62,81.4 1 0
github.com/bladeacer/ocd/internal/sources/fetcher.go:82.3,83.13 2 0
github.com/bladeacer/ocd/internal/sources/fetcher.go:86.2,86.20 1 0
github.com/bladeacer/ocd/internal/sources/fetcher.go:86.20,87.10 1 0
github.com/bladeacer/ocd/internal/sources/fetcher.go:88.21,89.20 1 0
github.com/bladeacer/ocd/internal/sources/fetcher.go:90.11,90.11 0 0
github.com/bladeacer/ocd/internal/sources/fetcher.go:92.3,92.13 1 0
github.com/bladeacer/ocd/internal/sources/fetcher.go:92.13,94.68 2 0
github.com/bladeacer/ocd/internal/sources/fetcher.go:94.68,97.5 2 0
github.com/bladeacer/ocd/internal/sources/fetcher.go:99.3,100.17 2 0
github.com/bladeacer/ocd/internal/sources/fetcher.go:100.17,102.4 1 0
github.com/bladeacer/ocd/internal/sources/fetcher.go:103.3,103.64 1 0
github.com/bladeacer/ocd/internal/sources/fetcher.go:103.64,105.4 1 0
github.com/bladeacer/ocd/internal/sources/fetcher.go:106.3,107.13 2 0
github.com/bladeacer/ocd/internal/sources/fetcher.go:110.2,110.33 1 0
github.com/bladeacer/ocd/internal/sources/fetcher.go:110.33,112.3 1 0
github.com/bladeacer/ocd/internal/sources/fetcher.go:113.2,113.16 1 0
github.com/bladeacer/ocd/internal/sources/rss.go:17.20,19.2 1 0
github.com/bladeacer/ocd/internal/sources/rss.go:21.29,21.45 1 0
github.com/bladeacer/ocd/internal/sources/rss.go:23.52,26.16 3 0
github.com/bladeacer/ocd/internal/sources/rss.go:26.16,28.3 1 0
github.com/bladeacer/ocd/internal/sources/rss.go:30.2,35.35 4 0
github.com/bladeacer/ocd/internal/sources/rss.go:35.35,37.20 2 0
github.com/bladeacer/ocd/internal/sources/rss.go:37.20,38.12 1 0
github.com/bladeacer/ocd/internal/sources/rss.go:40.3,43.47 3 0
github.com/bladeacer/ocd/internal/sources/rss.go:43.47,45.4 1 0
github.com/bladeacer/ocd/internal/sources/rss.go:47.3,51.26 3 0
github.com/bladeacer/ocd/internal/sources/rss.go:51.26,53.22 2 0
github.com/bladeacer/ocd/internal/sources/rss.go:53.22,55.5 1 0
github.com/bladeacer/ocd/internal/sources/rss.go:56.9,56.37 1 0
github.com/bladeacer/ocd/internal/sources/rss.go:56.37,58.22 2 0
github.com/bladeacer/ocd/internal/sources/rss.go:58.22,60.5 1 0
github.com/bladeacer/ocd/internal/sources/rss.go:63.3,64.17 2 0
github.com/bladeacer/ocd/internal/sources/rss.go:64.17,66.4 1 0
github.com/bladeacer/ocd/internal/sources/rss.go:68.3,75.5 1 0
github.com/bladeacer/ocd/internal/sources/rss.go:78.2,78.24 1 0
github.com/bladeacer/ocd/internal/sources/rss.go:78.24,80.3 1 0
github.com/bladeacer/ocd/internal/sources/rss.go:82.2,83.22 2 0
github.com/bladeacer/ocd/internal/sources/rss.go:86.69,91.40 4 0
github.com/bladeacer/ocd/internal/sources/rss.go:91.40,92.31 1 0
github.com/bladeacer/ocd/internal/sources/rss.go:92.31,94.4 1 0
github.com/bladeacer/ocd/internal/sources/rss.go:94.9,96.4 1 0
github.com/bladeacer/ocd/internal/sources/rss.go:98.2,98.15 1 0
github.com/bladeacer/ocd/internal/tui/diffmodel.go:87.57,99.2 5 0
github.com/bladeacer/ocd/internal/tui/diffmodel.go:101.36,103.2 1 0
github.com/bladeacer/ocd/internal/tui/diffmodel.go:105.29,106.21 1 0
github.com/bladeacer/ocd/internal/tui/diffmodel.go:106.21,108.3 1 0
github.com/bladeacer/ocd/internal/tui/diffmodel.go:110.2,110.27 1 0
github.com/bladeacer/ocd/internal/tui/diffmodel.go:110.27,113.3 2 0
github.com/bladeacer/ocd/internal/tui/diffmodel.go:115.2,115.23 1 0
github.com/bladeacer/ocd/internal/tui/diffmodel.go:115.23,118.3 2 0
github.com/bladeacer/ocd/internal/tui/diffmodel.go:120.2,130.27 10 0
github.com/bladeacer/ocd/internal/tui/diffmodel.go:130.27,131.36 1 0
github.com/bladeacer/ocd/internal/tui/diffmodel.go:131.36,136.12 5 0
github.com/bladeacer/ocd/internal/tui/diffmodel.go:139.3,139.71 1 0
github.com/bladeacer/ocd/internal/tui/diffmodel.go:139.71,141.12 2 0
github.com/bladeacer/ocd/internal/tui/diffmodel.go:144.3,144.28 1 0
github.com/bladeacer/ocd/internal/tui/diffmodel.go:144.28,146.12 2 0
github.com/bladeacer/ocd/internal/tui/diffmodel.go:149.3,149.10 1 0
github.com/bladeacer/ocd/internal/tui/diffmodel.go:150.72,156.14 3 0
github.com/bladeacer/ocd/internal/tui/diffmodel.go:158.72,164.14 3 0
github.com/bladeacer/ocd/internal/tui/diffmodel.go:166.11,172.14 3 0
github.com/bladeacer/ocd/internal/tui/diffmodel.go:176.2,176.12 1 0
github.com/bladeacer/ocd/internal/tui/diffmodel.go:179.57,182.48 3 0
github.com/bladeacer/ocd/internal/tui/diffmodel.go:182.48,184.3 1 0
github.com/bladeacer/ocd/internal/tui/diffmodel.go:185.2,185.48 1 0
github.com/bladeacer/ocd/internal/tui/diffmodel.go:185.48,187.3 1 0
github.com/bladeacer/ocd/internal/tui/diffmodel.go:188.2,189.26 2 0
github.com/bladeacer/ocd/internal/tui/diffmodel.go:189.26,190.32 1 0
github.com/bladeacer/ocd/internal/tui/diffmodel.go:190.32,192.13 2 0
github.com/bladeacer/ocd/internal/tui/diffmodel.go:192.13,194.5 1 0
github.com/bladeacer/ocd/internal/tui/diffmodel.go:196.3,196.32 1 0
github.com/bladeacer/ocd/internal/tui/diffmodel.go:196.32,198.13 2 0
github.com/bladeacer/ocd/internal/tui/diffmodel.go:198.13,200.5 1 0
github.com/bladeacer/ocd/internal/tui/diffmodel.go:203.2,203.8 1 0
github.com/bladeacer/ocd/internal/tui/diffmodel.go:206.36,208.22 2 0
github.com/bladeacer/ocd/internal/tui/diffmodel.go:208.22,209.27 1 0
github.com/bladeacer/ocd/internal/tui/diffmodel.go:209.27,211.4 1 0
github.com/bladeacer/ocd/internal/tui/diffmodel.go:211.9,212.9 1 0
github.com/bladeacer/ocd/internal/tui/diffmodel.go:215.2,215.10 1 0
github.com/bladeacer/ocd/internal/tui/diffmodel.go:218.43,225.18 5 0
github.com/bladeacer/ocd/internal/tui/diffmodel.go:225.18,227.3 1 0
github.com/bladeacer/ocd/internal/tui/diffmodel.go:228.2,228.10 1 0
github.com/bladeacer/ocd/internal/tui/diffmodel.go:231.50,233.15 2 0
github.com/bladeacer/ocd/internal/tui/diffmodel.go:233.15,235.3 1 0
github.com/bladeacer/ocd/internal/tui/diffmodel.go:236.2,238.29 3 0
github.com/bladeacer/ocd/internal/tui/diffmodel.go:238.29,240.3 1 0
github.com/bladeacer/ocd/internal/tui/diffmodel.go:241.2,241.29 1 0
github.com/bladeacer/ocd/internal/tui/diffmodel.go:241.29,243.3 1 0
github.com/bladeacer/ocd/internal/tui/diffmodel.go:244.2,250.90 5 0
github.com/bladeacer/ocd/internal/tui/diffmodel.go:253.30,255.18 2 0
github.com/bladeacer/ocd/internal/tui/diffmodel.go:255.18,257.3 1 0
github.com/bladeacer/ocd/internal/tui/diffmodel.go:257.8,259.3 1 0
github.com/bladeacer/ocd/internal/tui/diffmodel.go:260.2,260.24 1 0
github.com/bladeacer/ocd/internal/tui/diffmodel.go:263.42,267.19 3 0
github.com/bladeacer/ocd/internal/tui/diffmodel.go:267.19,269.3 1 0
github.com/bladeacer/ocd/internal/tui/diffmodel.go:271.2,271.38 1 0
github.com/bladeacer/ocd/internal/tui/diffmodel.go:271.38,273.3 1 0
github.com/bladeacer/ocd/internal/tui/diffmodel.go:275.2,275.37 1 0
github.com/bladeacer/ocd/internal/tui/diffmodel.go:275.37,279.3 3 0
github.com/bladeacer/ocd/internal/tui/diffmodel.go:281.2,281.38 1 0
github.com/bladeacer/ocd/internal/tui/diffmodel.go:281.38,283.3 1 0
github.com/bladeacer/ocd/internal/tui/diffmodel.go:285.2,286.163 2 0
github.com/bladeacer/ocd/internal/tui/diffmodel.go:286.163,289.35 2 0
github.com/bladeacer/ocd/internal/tui/diffmodel.go:289.35,292.4 2 0
github.com/bladeacer/ocd/internal/tui/diffmodel.go:295.2,295.109 1 0
github.com/bladeacer/ocd/internal/tui/diffmodel.go:295.109,297.3 1 0
github.com/bladeacer/ocd/internal/tui/diffmodel.go:299.2,299.13 1 0
github.com/bladeacer/ocd/internal/tui/diffmodel.go:302.75,303.17 1 0
github.com/bladeacer/ocd/internal/tui/diffmodel.go:303.17,305.3 1 0
github.com/bladeacer/ocd/internal/tui/diffmodel.go:306.2,310.6 5 0
github.com/bladeacer/ocd/internal/tui/diffmodel.go:310.6,312.14 2 0
github.com/bladeacer/ocd/internal/tui/diffmodel.go:312.14,314.9 2 0
github.com/bladeacer/ocd/internal/tui/diffmodel.go:316.3,319.27 4 0
github.com/bladeacer/ocd/internal/tui/diffmodel.go:321.2,321.21 1 0
github.com/bladeacer/ocd/internal/tui/diffmodel.go:324.55,337.30 11 0
github.com/bladeacer/ocd/internal/tui/diffmodel.go:337.30,343.18 5 0
github.com/bladeacer/ocd/internal/tui/diffmodel.go:344.20,346.53 2 0
github.com/bladeacer/ocd/internal/tui/diffmodel.go:346.53,348.5 1 0
github.com/bladeacer/ocd/internal/tui/diffmodel.go:349.4,351.16 3 0
github.com/bladeacer/ocd/internal/tui/diffmodel.go:351.16,354.5 2 0
github.com/bladeacer/ocd/internal/tui/diffmodel.go:354.10,357.5 2 0
github.com/bladeacer/ocd/internal/tui/diffmodel.go:358.16,360.53 2 0
github.com/bladeacer/ocd/internal/tui/diffmodel.go:360.53,362.5 1 0
github.com/bladeacer/ocd/internal/tui/diffmodel.go:363.4,365.16 3 0
github.com/bladeacer/ocd/internal/tui/diffmodel.go:365.16,368.5 2 0
github.com/bladeacer/ocd/internal/tui/diffmodel.go:368.10,371.5 2 0
github.com/bladeacer/ocd/internal/tui/diffmodel.go:372.16,374.53 2 0
github.com/bladeacer/ocd/internal/tui/diffmodel.go:374.53,376.5 1 0
github.com/bladeacer/ocd/internal/tui/diffmodel.go:377.4,379.16 3 0
github.com/bladeacer/ocd/internal/tui/diffmodel.go:379.16,382.5 2 0
github.com/bladeacer/ocd/internal/tui/diffmodel.go:382.10,385.5 2 0
github.com/bladeacer/ocd/internal/tui/diffmodel.go:386.23,388.16 2 0
github.com/bladeacer/ocd/internal/tui/diffmodel.go:388.16,391.94 3 0
github.com/bladeacer/ocd/internal/tui/diffmodel.go:391.94,394.6 2 0
github.com/bladeacer/ocd/internal/tui/diffmodel.go:395.10,398.5 2 0
github.com/bladeacer/ocd/internal/tui/diffmodel.go:399.23,401.16 2 0
github.com/bladeacer/ocd/internal/tui/diffmodel.go:401.16,404.5 2 0
github.com/bladeacer/ocd/internal/tui/diffmodel.go:404.10,407.5 2 0
github.com/bladeacer/ocd/internal/tui/diffmodel.go:408.18,409.13 1 0
github.com/bladeacer/ocd/internal/tui/diffmodel.go:412.3,414.22 2 0
github.com/bladeacer/ocd/internal/tui/diffmodel.go:414.22,415.76 1 0
github.com/bladeacer/ocd/internal/tui/diffmodel.go:415.76,417.122 2 0
github.com/bladeacer/ocd/internal/tui/diffmodel.go:417.122,419.6 1 0
github.com/bladeacer/ocd/internal/tui/diffmodel.go:420.5,422.13 3 0
github.com/bladeacer/ocd/internal/tui/diffmodel.go:426.3,426.74 1 0
github.com/bladeacer/ocd/internal/tui/diffmodel.go:426.74,429.4 2 0
github.com/bladeacer/ocd/internal/tui/diffmodel.go:431.3,432.22 2 0
github.com/bladeacer/ocd/internal/tui/diffmodel.go:436.37,439.23 3 0
github.com/bladeacer/ocd/internal/tui/diffmodel.go:439.23,441.3 1 0
github.com/bladeacer/ocd/internal/tui/diffmodel.go:442.2,442.23 1 0
github.com/bladeacer/ocd/internal/tui/diffmodel.go:442.23,444.3 1 0
github.com/bladeacer/ocd/internal/tui/diffmodel.go:445.2,445.47 1 0
github.com/bladeacer/ocd/internal/tui/diffmodel.go:448.58,450.15 2 0
github.com/bladeacer/ocd/internal/tui/diffmodel.go:450.15,452.3 1 0
github.com/bladeacer/ocd/internal/tui/diffmodel.go:453.2,464.27 10 0
github.com/bladeacer/ocd/internal/tui/diffmodel.go:464.27,469.23 5 0
github.com/bladeacer/ocd/internal/tui/diffmodel.go:469.23,471.4 1 0
github.com/bladeacer/ocd/internal/tui/diffmodel.go:472.3,472.23 1 0
github.com/bladeacer/ocd/internal/tui/diffmodel.go:472.23,474.4 1 0
github.com/bladeacer/ocd/internal/tui/diffmodel.go:476.3,479.17 3 0
github.com/bladeacer/ocd/internal/tui/diffmodel.go:480.23,482.16 2 0
github.com/bladeacer/ocd/internal/tui/diffmodel.go:482.16,484.94 2 0
github.com/bladeacer/ocd/internal/tui/diffmodel.go:484.94,486.6 1 0
github.com/bladeacer/ocd/internal/tui/diffmodel.go:487.5,487.34 1 0
github.com/bladeacer/ocd/internal/tui/diffmodel.go:488.10,491.5 2 0
github.com/bladeacer/ocd/internal/tui/diffmodel.go:492.4,493.12 2 0
github.com/bladeacer/ocd/internal/tui/diffmodel.go:494.23,496.16 2 0
github.com/bladeacer/ocd/internal/tui/diffmodel.go:496.16,499.5 2 0
github.com/bladeacer/ocd/internal/tui/diffmodel.go:499.10,502.5 2 0
github.com/bladeacer/ocd/internal/tui/diffmodel.go:503.4,504.12 2 0
github.com/bladeacer/ocd/internal/tui/diffmodel.go:505.18,507.12 2 0
github.com/bladeacer/ocd/internal/tui/diffmodel.go:510.3,518.22 6 0
github.com/bladeacer/ocd/internal/tui/diffmodel.go:518.22,520.76 2 0
github.com/bladeacer/ocd/internal/tui/diffmodel.go:520.76,522.122 2 0
github.com/bladeacer/ocd/internal/tui/diffmodel.go:522.122,524.6 1 0
github.com/bladeacer/ocd/internal/tui/diffmodel.go:525.5,525.55 1 0
github.com/bladeacer/ocd/internal/tui/diffmodel.go:527.9,527.39 1 0
github.com/bladeacer/ocd/internal/tui/diffmodel.go:527.39,530.4 2 0
github.com/bladeacer/ocd/internal/tui/diffmodel.go:530.9,530.63 1 0
github.com/bladeacer/ocd/internal/tui/diffmodel.go:530.63,533.4 2 0
github.com/bladeacer/ocd/internal/tui/diffmodel.go:535.3,536.22 2 0
github.com/bladeacer/ocd/internal/tui/diffmodel.go:540.63,541.19 1 0
github.com/bladeacer/ocd/internal/tui/diffmodel.go:541.19,543.3 1 0
github.com/bladeacer/ocd/internal/tui/diffmodel.go:544.2,545.26 2 0
github.com/bladeacer/ocd/internal/tui/diffmodel.go:545.26,547.51 2 0
github.com/bladeacer/ocd/internal/tui/diffmodel.go:547.51,549.4 1 0
github.com/bladeacer/ocd/internal/tui/diffmodel.go:551.2,552.15 2 0
github.com/bladeacer/ocd/internal/tui/diffmodel.go:552.15,554.3 1 0
github.com/bladeacer/ocd/internal/tui/diffmodel.go:554.8,556.3 1 0
github.com/bladeacer/ocd/internal/tui/diffmodel.go:557.2,559.20 3 0
github.com/bladeacer/ocd/internal/tui/diffmodel.go:559.20,561.3 1 0
github.com/bladeacer/ocd/internal/tui/diffmodel.go:562.2,562.36 1 0
github.com/bladeacer/ocd/internal/tui/diffmodel.go:562.36,565.22 3 0
github.com/bladeacer/ocd/internal/tui/diffmodel.go:565.22,567.26 2 0
github.com/bladeacer/ocd/internal/tui/diffmodel.go:567.26,569.5 1 0
github.com/bladeacer/ocd/internal/tui/diffmodel.go:570.4,572.22 3 0
github.com/bladeacer/ocd/internal/tui/diffmodel.go:572.22,574.5 1 0
github.com/bladeacer/ocd/internal/tui/diffmodel.go:575.4,575.28 1 0
github.com/bladeacer/ocd/internal/tui/diffmodel.go:577.3,577.44 1 0
github.com/bladeacer/ocd/internal/tui/diffmodel.go:579.2,580.33 2 0
github.com/bladeacer/ocd/internal/tui/diffmodel.go:591.49,593.30 2 0
github.com/bladeacer/ocd/internal/tui/diffmodel.go:593.30,594.18 1 0
github.com/bladeacer/ocd/internal/tui/diffmodel.go:595.20,602.6 1 0
github.com/bladeacer/ocd/internal/tui/diffmodel.go:603.16,610.6 1 0
github.com/bladeacer/ocd/internal/tui/diffmodel.go:611.16,618.6 1 0
github.com/bladeacer/ocd/internal/tui/diffmodel.go:619.23,624.6 1 0
github.com/bladeacer/ocd/internal/tui/diffmodel.go:625.23,630.6 1 0
github.com/bladeacer/ocd/internal/tui/diffmodel.go:631.11,636.6 1 0
github.com/bladeacer/ocd/internal/tui/diffmodel.go:639.2,639.15 1 0
github.com/bladeacer/ocd/internal/tui/diffmodel.go:642.80,645.23 3 0
github.com/bladeacer/ocd/internal/tui/diffmodel.go:645.23,647.3 1 0
github.com/bladeacer/ocd/internal/tui/diffmodel.go:648.2,648.23 1 0
github.com/bladeacer/ocd/internal/tui/diffmodel.go:648.23,650.3 1 0
github.com/bladeacer/ocd/internal/tui/diffmodel.go:651.2,653.17 2 0
github.com/bladeacer/ocd/internal/tui/diffmodel.go:654.22,657.4 1 0
github.com/bladeacer/ocd/internal/tui/diffmodel.go:658.15,661.4 1 0
github.com/bladeacer/ocd/internal/tui/diffmodel.go:662.15,665.4 1 0
github.com/bladeacer/ocd/internal/tui/diffmodel.go:666.22,669.4 1 0
github.com/bladeacer/ocd/internal/tui/diffmodel.go:670.17,671.12 1 0
github.com/bladeacer/ocd/internal/tui/diffmodel.go:672.10,673.64 1 0
github.com/bladeacer/ocd/internal/tui/diffmodel.go:677.39,678.12 1 0
github.com/bladeacer/ocd/internal/tui/diffmodel.go:678.12,680.3 1 0
github.com/bladeacer/ocd/internal/tui/diffmodel.go:681.2,682.21 2 0
github.com/bladeacer/ocd/internal/tui/diffmodel.go:682.21,684.3 1 0
github.com/bladeacer/ocd/internal/tui/diffmodel.go:685.2,685.11 1 0
github.com/bladeacer/ocd/internal/tui/diffmodel.go:685.11,687.3 1 0
github.com/bladeacer/ocd/internal/tui/diffmodel.go:688.2,688.26 1 0
github.com/bladeacer/ocd/internal/tui/diffmodel.go:691.39,692.17 1 0
github.com/bladeacer/ocd/internal/tui/diffmodel.go:692.17,694.3 1 0
github.com/bladeacer/ocd/internal/tui/diffmodel.go:695.2,695.42 1 0
github.com/bladeacer/ocd/internal/tui/diffmodel.go:698.33,701.22 3 0
github.com/bladeacer/ocd/internal/tui/diffmodel.go:701.22,702.18 1 0
github.com/bladeacer/ocd/internal/tui/diffmodel.go:702.18,704.12 2 0
github.com/bladeacer/ocd/internal/tui/diffmodel.go:706.3,706.15 1 0
github.com/bladeacer/ocd/internal/tui/diffmodel.go:706.15,707.56 1 0
github.com/bladeacer/ocd/internal/tui/diffmodel.go:707.56,709.5 1 0
github.com/bladeacer/ocd/internal/tui/diffmodel.go:710.4,710.12 1 0
github.com/bladeacer/ocd/internal/tui/diffmodel.go:712.3,712.19 1 0
github.com/bladeacer/ocd/internal/tui/diffmodel.go:714.2,714.21 1 0
github.com/bladeacer/ocd/internal/tui/diffmodel.go:717.39,718.21 1 0
github.com/bladeacer/ocd/internal/tui/diffmodel.go:718.21,720.3 1 0
github.com/bladeacer/ocd/internal/tui/diffmodel.go:721.2,724.14 4 0
github.com/bladeacer/ocd/internal/tui/diffmodel.go:724.14,726.3 1 0
github.com/bladeacer/ocd/internal/tui/diffmodel.go:729.57,731.18 2 0
github.com/bladeacer/ocd/internal/tui/diffmodel.go:731.18,733.3 1 0
github.com/bladeacer/ocd/internal/tui/diffmodel.go:734.2,734.11 1 0
github.com/bladeacer/ocd/internal/tui/diffmodel.go:734.11,736.3 1 0
github.com/bladeacer/ocd/internal/tui/diffmodel.go:737.2,737.10 1 0
github.com/bladeacer/ocd/internal/tui/diffmodel.go:740.62,741.27 1 0
github.com/bladeacer/ocd/internal/tui/diffmodel.go:742.25,748.16 6 0
github.com/bladeacer/ocd/internal/tui/diffmodel.go:750.18,751.19 1 0
github.com/bladeacer/ocd/internal/tui/diffmodel.go:751.19,753.4 1 0
github.com/bladeacer/ocd/internal/tui/diffmodel.go:754.3,754.32 1 0
github.com/bladeacer/ocd/internal/tui/diffmodel.go:757.2,759.15 3 0
github.com/bladeacer/ocd/internal/tui/diffmodel.go:770.74,771.22 1 0
github.com/bladeacer/ocd/internal/tui/diffmodel.go:772.27,777.16 5 0
github.com/bladeacer/ocd/internal/tui/diffmodel.go:779.24,784.33 5 0
github.com/bladeacer/ocd/internal/tui/diffmodel.go:784.33,786.4 1 0
github.com/bladeacer/ocd/internal/tui/diffmodel.go:787.3,789.33 3 0
github.com/bladeacer/ocd/internal/tui/diffmodel.go:789.33,791.4 1 0
github.com/bladeacer/ocd/internal/tui/diffmodel.go:792.3,792.16 1 0
github.com/bladeacer/ocd/internal/tui/diffmodel.go:794.20,796.19 2 0
github.com/bladeacer/ocd/internal/tui/diffmodel.go:796.19,798.4 1 0
github.com/bladeacer/ocd/internal/tui/diffmodel.go:799.3,801.16 3 0
github.com/bladeacer/ocd/internal/tui/diffmodel.go:804.2,804.28 1 0
github.com/bladeacer/ocd/internal/tui/diffmodel.go:804.28,809.3 4 0
github.com/bladeacer/ocd/internal/tui/diffmodel.go:811.2,811.15 1 0
github.com/bladeacer/ocd/internal/tui/diffmodel.go:814.42,817.21 3 0
github.com/bladeacer/ocd/internal/tui/diffmodel.go:817.21,819.3 1 0
github.com/bladeacer/ocd/internal/tui/diffmodel.go:820.2,821.30 2 0
github.com/bladeacer/ocd/internal/tui/diffmodel.go:821.30,822.52 1 0
github.com/bladeacer/ocd/internal/tui/diffmodel.go:822.52,824.4 1 0
github.com/bladeacer/ocd/internal/tui/diffmodel.go:828.37,829.33 1 0
github.com/bladeacer/ocd/internal/tui/diffmodel.go:829.33,831.3 1 0
github.com/bladeacer/ocd/internal/tui/diffmodel.go:832.2,834.27 3 0
github.com/bladeacer/ocd/internal/tui/diffmodel.go:834.27,836.3 1 0
github.com/bladeacer/ocd/internal/tui/diffmodel.go:839.74,842.16 2 0
github.com/bladeacer/ocd/internal/tui/diffmodel.go:842.16,846.3 3 0
github.com/bladeacer/ocd/internal/tui/diffmodel.go:848.2,848.17 1 0
github.com/bladeacer/ocd/internal/tui/diffmodel.go:848.17,849.14 1 0
github.com/bladeacer/ocd/internal/tui/diffmodel.go:850.37,851.15 1 0
github.com/bladeacer/ocd/internal/tui/diffmodel.go:852.18,853.28 1 0
github.com/bladeacer/ocd/internal/tui/diffmodel.go:854.18,855.28 1 0
github.com/bladeacer/ocd/internal/tui/diffmodel.go:856.18,857.28 1 0
github.com/bladeacer/ocd/internal/tui/diffmodel.go:859.4,861.22 3 0
github.com/bladeacer/ocd/internal/tui/diffmodel.go:862.18,865.17 3 0
github.com/bladeacer/ocd/internal/tui/diffmodel.go:866.22,869.22 3 0
github.com/bladeacer/ocd/internal/tui/diffmodel.go:871.3,872.16 2 0
github.com/bladeacer/ocd/internal/tui/diffmodel.go:875.2,875.35 1 0
github.com/bladeacer/ocd/internal/tui/diffmodel.go:875.35,879.3 3 0
github.com/bladeacer/ocd/internal/tui/diffmodel.go:881.2,881.22 1 0
github.com/bladeacer/ocd/internal/tui/diffmodel.go:881.22,884.19 3 0
github.com/bladeacer/ocd/internal/tui/diffmodel.go:884.19,889.4 4 0
github.com/bladeacer/ocd/internal/tui/diffmodel.go:890.3,890.16 1 0
github.com/bladeacer/ocd/internal/tui/diffmodel.go:893.2,893.16 1 0
github.com/bladeacer/ocd/internal/tui/diffmodel.go:893.16,896.14 3 0
github.com/bladeacer/ocd/internal/tui/diffmodel.go:897.12,898.26 1 0
github.com/bladeacer/ocd/internal/tui/diffmodel.go:898.26,901.19 3 0
github.com/bladeacer/ocd/internal/tui/diffmodel.go:901.19,903.6 1 0
github.com/bladeacer/ocd/internal/tui/diffmodel.go:903.11,905.6 1 0
github.com/bladeacer/ocd/internal/tui/diffmodel.go:907.4,908.17 2 0
github.com/bladeacer/ocd/internal/tui/diffmodel.go:909.12,910.26 1 0
github.com/bladeacer/ocd/internal/tui/diffmodel.go:910.26,912.5 1 0
github.com/bladeacer/ocd/internal/tui/diffmodel.go:913.4,914.17 2 0
github.com/bladeacer/ocd/internal/tui/diffmodel.go:915.12,916.26 1 0
github.com/bladeacer/ocd/internal/tui/diffmodel.go:916.26,919.19 3 0
github.com/bladeacer/ocd/internal/tui/diffmodel.go:919.19,921.6 1 0
github.com/bladeacer/ocd/internal/tui/diffmodel.go:921.11,923.6 1 0
github.com/bladeacer/ocd/internal/tui/diffmodel.go:925.4,926.17 2 0
github.com/bladeacer/ocd/internal/tui/diffmodel.go:928.3,929.16 2 0
github.com/bladeacer/ocd/internal/tui/diffmodel.go:932.2,932.13 1 0
github.com/bladeacer/ocd/internal/tui/diffmodel.go:933.11,937.16 4 0
github.com/bladeacer/ocd/internal/tui/diffmodel.go:938.11,942.16 4 0
github.com/bladeacer/ocd/internal/tui/diffmodel.go:944.11,948.52 4 0
github.com/bladeacer/ocd/internal/tui/diffmodel.go:948.52,955.4 6 0
github.com/bladeacer/ocd/internal/tui/diffmodel.go:956.3,957.12 2 0
github.com/bladeacer/ocd/internal/tui/diffmodel.go:957.12,959.4 1 0
github.com/bladeacer/ocd/internal/tui/diffmodel.go:960.3,960.26 1 0
github.com/bladeacer/ocd/internal/tui/diffmodel.go:960.26,962.4 1 0
github.com/bladeacer/ocd/internal/tui/diffmodel.go:963.3,964.16 2 0
github.com/bladeacer/ocd/internal/tui/diffmodel.go:965.11,969.52 4 0
github.com/bladeacer/ocd/internal/tui/diffmodel.go:969.52,976.4 6 0
github.com/bladeacer/ocd/internal/tui/diffmodel.go:977.3,978.12 2 0
github.com/bladeacer/ocd/internal/tui/diffmodel.go:978.12,980.4 1 0
github.com/bladeacer/ocd/internal/tui/diffmodel.go:981.3,981.26 1 0
github.com/bladeacer/ocd/internal/tui/diffmodel.go:981.26,983.4 1 0
github.com/bladeacer/ocd/internal/tui/diffmodel.go:984.3,985.16 2 0
github.com/bladeacer/ocd/internal/tui/diffmodel.go:987.19,990.12 3 0
github.com/bladeacer/ocd/internal/tui/diffmodel.go:990.12,992.4 1 0
github.com/bladeacer/ocd/internal/tui/diffmodel.go:993.3,995.16 3 0
github.com/bladeacer/ocd/internal/tui/diffmodel.go:997.17,1000.12 3 0
github.com/bladeacer/ocd/internal/tui/diffmodel.go:1000.12,1002.4 1 0
github.com/bladeacer/ocd/internal/tui/diffmodel.go:1003.3,1005.16 3 0
github.com/bladeacer/ocd/internal/tui/diffmodel.go:1007.11,1013.39 6 0
github.com/bladeacer/ocd/internal/tui/diffmodel.go:1013.39,1015.4 1 0
github.com/bladeacer/ocd/internal/tui/diffmodel.go:1016.3,1016.16 1 0
github.com/bladeacer/ocd/internal/tui/diffmodel.go:1018.11,1020.17 2 0
github.com/bladeacer/ocd/internal/tui/diffmodel.go:1020.17,1023.4 2 0
github.com/bladeacer/ocd/internal/tui/diffmodel.go:1023.9,1025.4 1 0
github.com/bladeacer/ocd/internal/tui/diffmodel.go:1026.3,1027.16 2 0
github.com/bladeacer/ocd/internal/tui/diffmodel.go:1028.11,1033.16 5 0
github.com/bladeacer/ocd/internal/tui/diffmodel.go:1035.11,1037.17 2 0
github.com/bladeacer/ocd/internal/tui/diffmodel.go:1037.17,1040.26 3 0
github.com/bladeacer/ocd/internal/tui/diffmodel.go:1040.26,1043.30 3 0
github.com/bladeacer/ocd/internal/tui/diffmodel.go:1043.30,1045.6 1 0
github.com/bladeacer/ocd/internal/tui/diffmodel.go:1046.5,1047.19 2 0
github.com/bladeacer/ocd/internal/tui/diffmodel.go:1047.19,1049.6 1 0
github.com/bladeacer/ocd/internal/tui/diffmodel.go:1051.9,1053.4 1 0
github.com/bladeacer/ocd/internal/tui/diffmodel.go:1054.3,1055.16 2 0
github.com/bladeacer/ocd/internal/tui/diffmodel.go:1057.11,1065.16 8 0
github.com/bladeacer/ocd/internal/tui/diffmodel.go:1067.11,1070.17 3 0
github.com/bladeacer/ocd/internal/tui/diffmodel.go:1070.17,1073.4 2 0
github.com/bladeacer/ocd/internal/tui/diffmodel.go:1074.3,1075.16 2 0
github.com/bladeacer/ocd/internal/tui/diffmodel.go:1077.11,1081.24 4 0
github.com/bladeacer/ocd/internal/tui/diffmodel.go:1083.11,1087.29 4 0
github.com/bladeacer/ocd/internal/tui/diffmodel.go:1089.11,1095.16 6 0
github.com/bladeacer/ocd/internal/tui/diffmodel.go:1097.11,1103.16 6 0
github.com/bladeacer/ocd/internal/tui/diffmodel.go:1105.15,1109.16 4 0
github.com/bladeacer/ocd/internal/tui/diffmodel.go:1111.15,1115.16 4 0
github.com/bladeacer/ocd/internal/tui/diffmodel.go:1118.2,1118.16 1 0
github.com/bladeacer/ocd/internal/tui/diffmodel.go:1118.16,1121.3 2 0
github.com/bladeacer/ocd/internal/tui/diffmodel.go:1122.2,1126.53 4 0
github.com/bladeacer/ocd/internal/tui/diffmodel.go:1126.53,1128.25 2 0
github.com/bladeacer/ocd/internal/tui/diffmodel.go:1128.25,1131.4 2 0
github.com/bladeacer/ocd/internal/tui/diffmodel.go:1134.2,1136.15 3 0
github.com/bladeacer/ocd/internal/tui/diffmodel.go:1139.53,1141.52 2 0
github.com/bladeacer/ocd/internal/tui/diffmodel.go:1141.52,1143.3 1 0
github.com/bladeacer/ocd/internal/tui/diffmodel.go:1144.2,1144.34 1 0
github.com/bladeacer/ocd/internal/tui/diffmodel.go:1147.40,1148.24 1 0
github.com/bladeacer/ocd/internal/tui/diffmodel.go:1148.24,1149.26 1 0
github.com/bladeacer/ocd/internal/tui/diffmodel.go:1149.26,1151.4 1 0
github.com/bladeacer/ocd/internal/tui/diffmodel.go:1152.3,1154.39 3 0
github.com/bladeacer/ocd/internal/tui/diffmodel.go:1154.39,1156.4 1 0
github.com/bladeacer/ocd/internal/tui/diffmodel.go:1157.3,1158.50 2 0
github.com/bladeacer/ocd/internal/tui/diffmodel.go:1158.50,1160.4 1 0
github.com/bladeacer/ocd/internal/tui/diffmodel.go:1161.3,1161.13 1 0
github.com/bladeacer/ocd/internal/tui/diffmodel.go:1165.47,1166.24 1 0
github.com/bladeacer/ocd/internal/tui/diffmodel.go:1166.24,1167.61 1 0
github.com/bladeacer/ocd/internal/tui/diffmodel.go:1167.61,1169.4 1 0
github.com/bladeacer/ocd/internal/tui/diffmodel.go:1170.3,1171.42 2 0
github.com/bladeacer/ocd/internal/tui/diffmodel.go:1171.42,1173.37 2 0
github.com/bladeacer/ocd/internal/tui/diffmodel.go:1173.37,1174.60 1 0
github.com/bladeacer/ocd/internal/tui/diffmodel.go:1174.60,1176.6 1 0
github.com/bladeacer/ocd/internal/tui/diffmodel.go:1178.4,1178.51 1 0
github.com/bladeacer/ocd/internal/tui/diffmodel.go:1178.51,1180.5 1 0
github.com/bladeacer/ocd/internal/tui/diffmodel.go:1182.3,1182.13 1 0
github.com/bladeacer/ocd/internal/tui/diffmodel.go:1186.39,1187.24 1 0
github.com/bladeacer/ocd/internal/tui/diffmodel.go:1187.24,1188.22 1 0
github.com/bladeacer/ocd/internal/tui/diffmodel.go:1188.22,1190.4 1 0
github.com/bladeacer/ocd/internal/tui/diffmodel.go:1191.3,1191.26 1 0
github.com/bladeacer/ocd/internal/tui/diffmodel.go:1191.26,1196.4 4 0
github.com/bladeacer/ocd/internal/tui/diffmodel.go:1197.3,1202.13 6 0
github.com/bladeacer/ocd/internal/tui/diffmodel.go:1206.35,1207.21 1 0
github.com/bladeacer/ocd/internal/tui/diffmodel.go:1207.21,1209.3 1 0
github.com/bladeacer/ocd/internal/tui/diffmodel.go:1210.2,1213.81 4 0
github.com/bladeacer/ocd/internal/tui/diffmodel.go:1216.58,1219.16 3 0
github.com/bladeacer/ocd/internal/tui/diffmodel.go:1220.14,1221.30 1 0
github.com/bladeacer/ocd/internal/tui/diffmodel.go:1222.14,1223.30 1 0
github.com/bladeacer/ocd/internal/tui/diffmodel.go:1224.10,1225.30 1 0
github.com/bladeacer/ocd/internal/tui/diffmodel.go:1227.2,1227.16 1 0
github.com/bladeacer/ocd/internal/tui/diffmodel.go:1227.16,1230.3 2 0
github.com/bladeacer/ocd/internal/tui/diffmodel.go:1231.2,1231.32 1 0
github.com/bladeacer/ocd/internal/tui/diffmodel.go:1234.39,1235.24 1 0
github.com/bladeacer/ocd/internal/tui/diffmodel.go:1235.24,1237.50 2 0
github.com/bladeacer/ocd/internal/tui/diffmodel.go:1237.50,1239.4 1 0
github.com/bladeacer/ocd/internal/tui/diffmodel.go:1240.3,1240.13 1 0
github.com/bladeacer/ocd/internal/tui/diffmodel.go:1244.44,1246.16 2 0
github.com/bladeacer/ocd/internal/tui/diffmodel.go:1246.16,1248.3 1 0
github.com/bladeacer/ocd/internal/tui/diffmodel.go:1249.2,1250.56 2 0
github.com/bladeacer/ocd/internal/tui/diffmodel.go:1250.56,1253.3 2 0
github.com/bladeacer/ocd/internal/tui/diffmodel.go:1254.2,1257.18 3 0
github.com/bladeacer/ocd/internal/tui/diffmodel.go:1257.18,1259.3 1 0
github.com/bladeacer/ocd/internal/tui/diffmodel.go:1260.2,1260.18 1 0
github.com/bladeacer/ocd/internal/tui/diffmodel.go:1260.18,1261.51 1 0
github.com/bladeacer/ocd/internal/tui/diffmodel.go:1261.51,1263.4 1 0
github.com/bladeacer/ocd/internal/tui/diffmodel.go:1263.9,1265.4 1 0
github.com/bladeacer/ocd/internal/tui/diffmodel.go:1267.2,1267.22 1 0
github.com/bladeacer/ocd/internal/tui/diffmodel.go:1267.22,1269.55 2 0
github.com/bladeacer/ocd/internal/tui/diffmodel.go:1269.55,1272.4 2 0
github.com/bladeacer/ocd/internal/tui/diffmodel.go:1274.2,1275.54 2 0
github.com/bladeacer/ocd/internal/tui/diffmodel.go:1275.54,1278.3 2 0
github.com/bladeacer/ocd/internal/tui/diffmodel.go:1281.32,1282.25 1 0
github.com/bladeacer/ocd/internal/tui/diffmodel.go:1282.25,1284.3 1 0
github.com/bladeacer/ocd/internal/tui/diffmodel.go:1285.2,1288.28 4 0
github.com/bladeacer/ocd/internal/tui/diffmodel.go:1291.32,1292.25 1 0
github.com/bladeacer/ocd/internal/tui/diffmodel.go:1292.25,1294.3 1 0
github.com/bladeacer/ocd/internal/tui/diffmodel.go:1295.2,1296.23 2 0
github.com/bladeacer/ocd/internal/tui/diffmodel.go:1296.23,1298.3 1 0
github.com/bladeacer/ocd/internal/tui/diffmodel.go:1299.2,1301.28 3 0
github.com/bladeacer/ocd/internal/tui/diffmodel.go:1304.46,1305.25 1 0
github.com/bladeacer/ocd/internal/tui/diffmodel.go:1305.25,1307.3 1 0
github.com/bladeacer/ocd/internal/tui/diffmodel.go:1308.2,1310.38 3 0
github.com/bladeacer/ocd/internal/tui/diffmodel.go:1310.38,1312.3 1 0
github.com/bladeacer/ocd/internal/tui/diffmodel.go:1313.2,1313.19 1 0
github.com/bladeacer/ocd/internal/tui/diffmodel.go:1316.35,1317.14 1 0
github.com/bladeacer/ocd/internal/tui/diffmodel.go:1317.14,1319.3 1 0
github.com/bladeacer/ocd/internal/tui/diffmodel.go:1320.2,1320.66 1 0
github.com/bladeacer/ocd/internal/tui/diffmodel.go:1320.66,1323.3 2 0
github.com/bladeacer/ocd/internal/tui/diffmodel.go:1323.8,1323.55 1 0
github.com/bladeacer/ocd/internal/tui/diffmodel.go:1323.55,1325.3 1 0
github.com/bladeacer/ocd/internal/tui/diffmodel.go:1325.8,1325.34 1 0
github.com/bladeacer/ocd/internal/tui/diffmodel.go:1325.34,1327.3 1 0
github.com/bladeacer/ocd/internal/tui/diffmodel.go:1329.2,1329.17 1 0
github.com/bladeacer/ocd/internal/tui/diffmodel.go:1329.17,1331.3 1 0
github.com/bladeacer/ocd/internal/tui/diffmodel.go:1333.2,1333.16 1 0
github.com/bladeacer/ocd/internal/tui/diffmodel.go:1333.16,1335.3 1 0
github.com/bladeacer/ocd/internal/tui/diffmodel.go:1337.2,1339.18 3 0
github.com/bladeacer/ocd/internal/tui/diffmodel.go:1339.18,1341.3 1 0
github.com/bladeacer/ocd/internal/tui/diffmodel.go:1343.2,1344.24 2 0
github.com/bladeacer/ocd/internal/tui/diffmodel.go:1344.24,1348.3 1 0
github.com/bladeacer/ocd/internal/tui/diffmodel.go:1350.2,1356.59 2 0
github.com/bladeacer/ocd/internal/tui/diffmodel.go:1359.49,1370.16 5 0
github.com/bladeacer/ocd/internal/tui/diffmodel.go:1370.16,1372.3 1 0
github.com/bladeacer/ocd/internal/tui/diffmodel.go:1373.2,1374.13 2 0
github.com/bladeacer/ocd/internal/tui/diffmodel.go:1374.13,1376.3 1 0
github.com/bladeacer/ocd/internal/tui/diffmodel.go:1377.2,1377.68 1 0
github.com/bladeacer/ocd/internal/tui/diffmodel.go:1380.41,1406.16 6 0
github.com/bladeacer/ocd/internal/tui/diffmodel.go:1406.16,1408.3 1 0
github.com/bladeacer/ocd/internal/tui/diffmodel.go:1409.2,1410.13 2 0
github.com/bladeacer/ocd/internal/tui/diffmodel.go:1410.13,1412.3 1 0
github.com/bladeacer/ocd/internal/tui/diffmodel.go:1413.2,1413.107 1 0
github.com/bladeacer/ocd/internal/tui/diffmodel.go:1416.53,1420.16 4 0
github.com/bladeacer/ocd/internal/tui/diffmodel.go:1420.16,1422.3 1 0
github.com/bladeacer/ocd/internal/tui/diffmodel.go:1423.2,1424.51 2 0
github.com/bladeacer/ocd/internal/tui/diffmodel.go:1424.51,1431.3 6 0
github.com/bladeacer/ocd/internal/tui/diffmodel.go:1432.2,1432.12 1 0
github.com/bladeacer/ocd/internal/tui/model.go:68.49,117.2 12 0
github.com/bladeacer/ocd/internal/tui/model.go:119.32,121.2 1 0
github.com/bladeacer/ocd/internal/tui/model.go:123.38,126.2 2 0
github.com/bladeacer/ocd/internal/tui/model.go:128.37,131.2 2 0
github.com/bladeacer/ocd/internal/tui/model.go:133.58,134.27 1 0
github.com/bladeacer/ocd/internal/tui/model.go:135.25,138.16 3 0
github.com/bladeacer/ocd/internal/tui/model.go:140.21,142.30 2 0
github.com/bladeacer/ocd/internal/tui/model.go:142.30,145.4 2 0
github.com/bladeacer/ocd/internal/tui/model.go:146.3,149.16 4 0
github.com/bladeacer/ocd/internal/tui/model.go:151.15,152.30 1 0
github.com/bladeacer/ocd/internal/tui/model.go:152.30,154.42 2 0
github.com/bladeacer/ocd/internal/tui/model.go:154.42,156.5 1 0
github.com/bladeacer/ocd/internal/tui/model.go:157.4,157.26 1 0
github.com/bladeacer/ocd/internal/tui/model.go:159.3,159.16 1 0
github.com/bladeacer/ocd/internal/tui/model.go:161.18,162.26 1 0
github.com/bladeacer/ocd/internal/tui/model.go:164.23,167.16 3 0
github.com/bladeacer/ocd/internal/tui/model.go:170.2,170.15 1 0
github.com/bladeacer/ocd/internal/tui/model.go:173.64,174.17 1 0
github.com/bladeacer/ocd/internal/tui/model.go:175.20,176.33 1 0
github.com/bladeacer/ocd/internal/tui/model.go:177.18,178.31 1 0
github.com/bladeacer/ocd/internal/tui/model.go:179.19,180.32 1 0
github.com/bladeacer/ocd/internal/tui/model.go:181.20,182.33 1 0
github.com/bladeacer/ocd/internal/tui/model.go:184.2,184.15 1 0
github.com/bladeacer/ocd/internal/tui/model.go:187.71,188.53 1 0
github.com/bladeacer/ocd/internal/tui/model.go:188.53,190.3 1 0
github.com/bladeacer/ocd/internal/tui/model.go:191.2,191.15 1 0
github.com/bladeacer/ocd/internal/tui/model.go:194.69,197.16 2 0
github.com/bladeacer/ocd/internal/tui/model.go:197.16,200.3 2 0
github.com/bladeacer/ocd/internal/tui/model.go:202.2,202.13 1 0
github.com/bladeacer/ocd/internal/tui/model.go:203.21,204.21 1 0
github.com/bladeacer/ocd/internal/tui/model.go:206.17,208.16 2 0
github.com/bladeacer/ocd/internal/tui/model.go:210.16,211.23 1 0
github.com/bladeacer/ocd/internal/tui/model.go:213.11,217.16 4 0
github.com/bladeacer/ocd/internal/tui/model.go:219.11,221.19 2 0
github.com/bladeacer/ocd/internal/tui/model.go:223.11,225.19 2 0
github.com/bladeacer/ocd/internal/tui/model.go:227.11,229.19 2 0
github.com/bladeacer/ocd/internal/tui/model.go:231.11,233.19 2 0
github.com/bladeacer/ocd/internal/tui/model.go:235.11,237.16 2 0
github.com/bladeacer/ocd/internal/tui/model.go:240.2,242.15 3 0
github.com/bladeacer/ocd/internal/tui/model.go:245.70,246.22 1 0
github.com/bladeacer/ocd/internal/tui/model.go:247.27,253.16 6 0
github.com/bladeacer/ocd/internal/tui/model.go:255.24,260.16 5 0
github.com/bladeacer/ocd/internal/tui/model.go:262.19,264.19 2 0
github.com/bladeacer/ocd/internal/tui/model.go:264.19,266.4 1 0
github.com/bladeacer/ocd/internal/tui/model.go:267.3,269.16 3 0
github.com/bladeacer/ocd/internal/tui/model.go:270.11,277.16 7 0
github.com/bladeacer/ocd/internal/tui/model.go:280.2,280.28 1 0
github.com/bladeacer/ocd/internal/tui/model.go:280.28,285.3 4 0
github.com/bladeacer/ocd/internal/tui/model.go:287.2,287.15 1 0
github.com/bladeacer/ocd/internal/tui/model.go:290.71,291.22 1 0
github.com/bladeacer/ocd/internal/tui/model.go:292.21,293.21 1 0
github.com/bladeacer/ocd/internal/tui/model.go:294.27,297.16 3 0
github.com/bladeacer/ocd/internal/tui/model.go:299.2,299.15 1 0
github.com/bladeacer/ocd/internal/tui/model.go:302.50,304.16 2 0
github.com/bladeacer/ocd/internal/tui/model.go:304.16,306.3 1 0
github.com/bladeacer/ocd/internal/tui/model.go:307.2,309.15 3 0
github.com/bladeacer/ocd/internal/tui/model.go:312.32,315.29 2 0
github.com/bladeacer/ocd/internal/tui/model.go:315.29,320.42 4 0
github.com/bladeacer/ocd/internal/tui/model.go:320.42,321.12 1 0
github.com/bladeacer/ocd/internal/tui/model.go:323.3,323.25 1 0
github.com/bladeacer/ocd/internal/tui/model.go:323.25,325.35 2 0
github.com/bladeacer/ocd/internal/tui/model.go:325.35,326.29 1 0
github.com/bladeacer/ocd/internal/tui/model.go:326.29,328.11 2 0
github.com/bladeacer/ocd/internal/tui/model.go:331.4,331.15 1 0
github.com/bladeacer/ocd/internal/tui/model.go:331.15,332.13 1 0
github.com/bladeacer/ocd/internal/tui/model.go:335.3,335.46 1 0
github.com/bladeacer/ocd/internal/tui/model.go:335.46,336.12 1 0
github.com/bladeacer/ocd/internal/tui/model.go:338.3,338.26 1 0
github.com/bladeacer/ocd/internal/tui/model.go:338.26,340.69 2 0
github.com/bladeacer/ocd/internal/tui/model.go:340.69,341.13 1 0
github.com/bladeacer/ocd/internal/tui/model.go:344.3,344.35 1 0
github.com/bladeacer/ocd/internal/tui/model.go:347.2,348.21 2 0
github.com/bladeacer/ocd/internal/tui/model.go:351.50,353.2 1 0
github.com/bladeacer/ocd/internal/tui/model.go:355.35,357.17 2 0
github.com/bladeacer/ocd/internal/tui/model.go:357.17,359.3 1 0
github.com/bladeacer/ocd/internal/tui/model.go:361.2,364.41 3 0
github.com/bladeacer/ocd/internal/tui/model.go:364.41,368.23 3 0
github.com/bladeacer/ocd/internal/tui/model.go:368.23,371.22 3 0
github.com/bladeacer/ocd/internal/tui/model.go:371.22,373.5 1 0
github.com/bladeacer/ocd/internal/tui/model.go:375.3,375.37 1 0
github.com/bladeacer/ocd/internal/tui/model.go:378.2,378.23 1 0
github.com/bladeacer/ocd/internal/tui/model.go:381.29,385.37 3 0
github.com/bladeacer/ocd/internal/tui/model.go:385.37,387.3 1 0
github.com/bladeacer/ocd/internal/tui/model.go:389.2,392.46 3 0
github.com/bladeacer/ocd/internal/tui/model.go:392.46,397.3 1 0
github.com/bladeacer/ocd/internal/tui/model.go:399.2,401.36 2 0
github.com/bladeacer/ocd/internal/tui/model.go:401.36,404.16 3 0
github.com/bladeacer/ocd/internal/tui/model.go:404.16,405.12 1 0
github.com/bladeacer/ocd/internal/tui/model.go:407.3,411.16 4 0
github.com/bladeacer/ocd/internal/tui/model.go:411.16,412.38 1 0
github.com/bladeacer/ocd/internal/tui/model.go:412.38,414.5 1 0
github.com/bladeacer/ocd/internal/tui/model.go:417.3,419.33 3 0
github.com/bladeacer/ocd/internal/tui/model.go:419.33,420.17 1 0
github.com/bladeacer/ocd/internal/tui/model.go:420.17,422.5 1 0
github.com/bladeacer/ocd/internal/tui/model.go:422.10,424.5 1 0
github.com/bladeacer/ocd/internal/tui/model.go:427.3,428.52 2 0
github.com/bladeacer/ocd/internal/tui/model.go:428.52,430.4 1 0
github.com/bladeacer/ocd/internal/tui/model.go:432.3,433.21 2 0
github.com/bladeacer/ocd/internal/tui/model.go:433.21,435.4 1 0
github.com/bladeacer/ocd/internal/tui/model.go:437.3,446.5 1 0
github.com/bladeacer/ocd/internal/tui/model.go:449.2,450.19 2 0
github.com/bladeacer/ocd/internal/tui/model.go:453.41,464.2 1 0
github.com/bladeacer/ocd/internal/tui/model.go:466.42,469.16 3 0
github.com/bladeacer/ocd/internal/tui/model.go:469.16,471.3 1 0
github.com/bladeacer/ocd/internal/tui/model.go:472.2,473.9 2 0
github.com/bladeacer/ocd/internal/tui/model.go:473.9,475.3 1 0
github.com/bladeacer/ocd/internal/tui/model.go:476.2,476.30 1 0
github.com/bladeacer/ocd/internal/tui/model.go:476.30,478.3 1 0
github.com/bladeacer/ocd/internal/tui/model.go:479.2,479.25 1 0
github.com/bladeacer/ocd/internal/tui/model.go:482.35,485.26 3 0
github.com/bladeacer/ocd/internal/tui/model.go:485.26,486.12 1 0
github.com/bladeacer/ocd/internal/tui/model.go:486.12,488.4 1 0
github.com/bladeacer/ocd/internal/tui/model.go:490.2,490.13 1 0
github.com/bladeacer/ocd/internal/tui/model.go:493.25,495.22 2 0
github.com/bladeacer/ocd/internal/tui/model.go:495.22,496.27 1 0
github.com/bladeacer/ocd/internal/tui/model.go:496.27,498.4 1 0
github.com/bladeacer/ocd/internal/tui/model.go:500.2,500.10 1 0
github.com/bladeacer/ocd/internal/tui/model.go:503.38,504.25 1 0
github.com/bladeacer/ocd/internal/tui/model.go:504.25,507.17 3 0
github.com/bladeacer/ocd/internal/tui/model.go:507.17,509.4 1 0
github.com/bladeacer/ocd/internal/tui/model.go:510.3,510.17 1 0
github.com/bladeacer/ocd/internal/tui/model.go:510.17,512.4 1 0
github.com/bladeacer/ocd/internal/tui/model.go:513.3,513.15 1 0
github.com/bladeacer/ocd/internal/tui/model.go:513.15,515.4 1 0
github.com/bladeacer/ocd/internal/tui/model.go:517.2,517.10 1 0
github.com/bladeacer/ocd/internal/tui/model.go:520.38,521.37 1 0
github.com/bladeacer/ocd/internal/tui/model.go:521.37,523.3 1 0
github.com/bladeacer/ocd/internal/tui/model.go:524.2,524.16 1 0
github.com/bladeacer/ocd/internal/tui/model.go:525.22,526.11 1 0
github.com/bladeacer/ocd/internal/tui/model.go:527.19,528.11 1 0
github.com/bladeacer/ocd/internal/tui/model.go:529.24,530.11 1 0
github.com/bladeacer/ocd/internal/tui/model.go:532.2,532.10 1 0
github.com/bladeacer/ocd/internal/tui/model.go:535.35,536.13 1 0
github.com/bladeacer/ocd/internal/tui/model.go:536.13,538.3 1 0
github.com/bladeacer/ocd/internal/tui/model.go:539.2,539.16 1 0
github.com/bladeacer/ocd/internal/tui/pickermodel.go:47.61,77.2 8 0
github.com/bladeacer/ocd/internal/tui/pickermodel.go:79.38,81.2 1 0
github.com/bladeacer/ocd/internal/tui/pickermodel.go:83.42,86.2 2 0
github.com/bladeacer/ocd/internal/tui/pickermodel.go:88.64,89.27 1 0
github.com/bladeacer/ocd/internal/tui/pickermodel.go:90.21,92.30 2 0
github.com/bladeacer/ocd/internal/tui/pickermodel.go:92.30,95.4 2 0
github.com/bladeacer/ocd/internal/tui/pickermodel.go:96.3,98.16 3 0
github.com/bladeacer/ocd/internal/tui/pickermodel.go:100.32,103.16 3 0
github.com/bladeacer/ocd/internal/tui/pickermodel.go:105.18,106.38 1 0
github.com/bladeacer/ocd/internal/tui/pickermodel.go:106.38,107.55 1 0
github.com/bladeacer/ocd/internal/tui/pickermodel.go:107.55,110.5 2 0
github.com/bladeacer/ocd/internal/tui/pickermodel.go:111.4,111.17 1 0
github.com/bladeacer/ocd/internal/tui/pickermodel.go:114.3,114.26 1 0
github.com/bladeacer/ocd/internal/tui/pickermodel.go:117.2,117.15 1 0
github.com/bladeacer/ocd/internal/tui/pickermodel.go:120.70,121.18 1 0
github.com/bladeacer/ocd/internal/tui/pickermodel.go:121.18,123.3 1 0
github.com/bladeacer/ocd/internal/tui/pickermodel.go:125.2,127.16 2 0
github.com/bladeacer/ocd/internal/tui/pickermodel.go:127.16,130.3 2 0
github.com/bladeacer/ocd/internal/tui/pickermodel.go:132.2,132.13 1 0
github.com/bladeacer/ocd/internal/tui/pickermodel.go:133.21,135.21 2 0
github.com/bladeacer/ocd/internal/tui/pickermodel.go:136.17,138.16 2 0
github.com/bladeacer/ocd/internal/tui/pickermodel.go:139.11,143.16 4 0
github.com/bladeacer/ocd/internal/tui/pickermodel.go:144.16,145.27 1 0
github.com/bladeacer/ocd/internal/tui/pickermodel.go:146.11,148.18 2 0
github.com/bladeacer/ocd/internal/tui/pickermodel.go:149.11,151.18 2 0
github.com/bladeacer/ocd/internal/tui/pickermodel.go:152.11,154.16 2 0
github.com/bladeacer/ocd/internal/tui/pickermodel.go:157.2,159.15 3 0
github.com/bladeacer/ocd/internal/tui/pickermodel.go:162.76,163.22 1 0
github.com/bladeacer/ocd/internal/tui/pickermodel.go:164.27,170.16 6 0
github.com/bladeacer/ocd/internal/tui/pickermodel.go:171.24,176.16 5 0
github.com/bladeacer/ocd/internal/tui/pickermodel.go:177.20,179.19 2 0
github.com/bladeacer/ocd/internal/tui/pickermodel.go:179.19,181.4 1 0
github.com/bladeacer/ocd/internal/tui/pickermodel.go:182.3,184.16 3 0
github.com/bladeacer/ocd/internal/tui/pickermodel.go:185.11,192.16 7 0
github.com/bladeacer/ocd/internal/tui/pickermodel.go:195.2,195.28 1 0
github.com/bladeacer/ocd/internal/tui/pickermodel.go:195.28,200.3 4 0
github.com/bladeacer/ocd/internal/tui/pickermodel.go:202.2,202.15 1 0
github.com/bladeacer/ocd/internal/tui/pickermodel.go:205.60,207.16 2 0
github.com/bladeacer/ocd/internal/tui/pickermodel.go:207.16,209.3 1 0
github.com/bladeacer/ocd/internal/tui/pickermodel.go:210.2,211.29 2 0
github.com/bladeacer/ocd/internal/tui/pickermodel.go:211.29,217.3 5 0
github.com/bladeacer/ocd/internal/tui/pickermodel.go:217.8,221.3 3 0
github.com/bladeacer/ocd/internal/tui/pickermodel.go:222.2,222.15 1 0
github.com/bladeacer/ocd/internal/tui/pickermodel.go:225.35,227.38 2 0
github.com/bladeacer/ocd/internal/tui/pickermodel.go:227.38,232.3 1 0
github.com/bladeacer/ocd/internal/tui/pickermodel.go:234.2,236.37 3 0
github.com/bladeacer/ocd/internal/tui/pickermodel.go:236.37,238.3 1 0
github.com/bladeacer/ocd/internal/tui/pickermodel.go:240.2,240.24 1 0
github.com/bladeacer/ocd/internal/tui/pickermodel.go:240.24,241.58 1 0
github.com/bladeacer/ocd/internal/tui/pickermodel.go:241.58,242.12 1 0
github.com/bladeacer/ocd/internal/tui/pickermodel.go:244.3,245.21 2 0
github.com/bladeacer/ocd/internal/tui/pickermodel.go:245.21,247.4 1 0
github.com/bladeacer/ocd/internal/tui/pickermodel.go:249.3,250.31 2 0
github.com/bladeacer/ocd/internal/tui/pickermodel.go:250.31,251.28 1 0
github.com/bladeacer/ocd/internal/tui/pickermodel.go:251.28,253.5 1 0
github.com/bladeacer/ocd/internal/tui/pickermodel.go:253.10,255.5 1 0
github.com/bladeacer/ocd/internal/tui/pickermodel.go:258.3,259.16 2 0
github.com/bladeacer/ocd/internal/tui/pickermodel.go:259.16,261.4 1 0
github.com/bladeacer/ocd/internal/tui/pickermodel.go:261.9,263.4 1 0
github.com/bladeacer/ocd/internal/tui/pickermodel.go:265.3,271.5 1 0
github.com/bladeacer/ocd/internal/tui/pickermodel.go:273.2,273.15 1 0
github.com/bladeacer/ocd/internal/tui/pickermodel.go:276.57,279.2 2 0
github.com/bladeacer/ocd/internal/tui/pickermodel.go:281.37,284.29 2 0
github.com/bladeacer/ocd/internal/tui/pickermodel.go:284.29,285.43 1 0
github.com/bladeacer/ocd/internal/tui/pickermodel.go:285.43,286.12 1 0
github.com/bladeacer/ocd/internal/tui/pickermodel.go:288.3,288.44 1 0
github.com/bladeacer/ocd/internal/tui/pickermodel.go:288.44,290.35 2 0
github.com/bladeacer/ocd/internal/tui/pickermodel.go:290.35,291.28 1 0
github.com/bladeacer/ocd/internal/tui/pickermodel.go:291.28,293.11 2 0
github.com/bladeacer/ocd/internal/tui/pickermodel.go:296.4,296.15 1 0
github.com/bladeacer/ocd/internal/tui/pickermodel.go:296.15,297.13 1 0
github.com/bladeacer/ocd/internal/tui/pickermodel.go:300.3,300.22 1 0
github.com/bladeacer/ocd/internal/tui/pickermodel.go:300.22,302.63 2 0
github.com/bladeacer/ocd/internal/tui/pickermodel.go:302.63,303.13 1 0
github.com/bladeacer/ocd/internal/tui/pickermodel.go:306.3,306.35 1 0
github.com/bladeacer/ocd/internal/tui/pickermodel.go:309.2,309.49 1 0
github.com/bladeacer/ocd/internal/tui/pickermodel.go:309.49,312.19 3 0
github.com/bladeacer/ocd/internal/tui/pickermodel.go:312.19,314.4 1 0
github.com/bladeacer/ocd/internal/tui/pickermodel.go:315.3,318.8 1 0
github.com/bladeacer/ocd/internal/tui/pickermodel.go:321.2,321.25 1 0
github.com/bladeacer/ocd/internal/tui/pickermodel.go:324.37,325.18 1 0
github.com/bladeacer/ocd/internal/tui/pickermodel.go:325.18,327.3 1 0
github.com/bladeacer/ocd/internal/tui/pickermodel.go:328.2,328.21 1 0
github.com/bladeacer/ocd/internal/tui/pickermodel.go:328.21,330.3 1 0
github.com/bladeacer/ocd/internal/tui/pickermodel.go:332.2,332.16 1 0
github.com/bladeacer/ocd/internal/tui/pickermodel.go:332.16,347.3 4 0
github.com/bladeacer/ocd/internal/tui/pickermodel.go:349.2,350.30 2 0
github.com/bladeacer/ocd/internal/tui/pickermodel.go:350.30,352.3 1 0
github.com/bladeacer/ocd/internal/tui/pickermodel.go:354.2,355.18 2 0
github.com/bladeacer/ocd/internal/tui/pickermodel.go:355.18,357.3 1 0
github.com/bladeacer/ocd/internal/tui/pickermodel.go:359.2,366.92 3 0
github.com/bladeacer/ocd/internal/tui/pickermodel.go:369.75,373.16 4 0
github.com/bladeacer/ocd/internal/tui/pickermodel.go:373.16,375.3 1 0
github.com/bladeacer/ocd/internal/tui/pickermodel.go:376.2,377.25 2 0
github.com/bladeacer/ocd/internal/tui/pickermodel.go:377.25,379.3 1 0
github.com/bladeacer/ocd/internal/tui/pickermodel.go:380.2,380.47 1 0
github.com/bladeacer/ocd/internal/tui/spinner.go:18.55,27.2 4 0
github.com/bladeacer/ocd/internal/tui/spinner.go:29.39,31.2 1 0
github.com/bladeacer/ocd/internal/tui/spinner.go:33.45,36.2 2 0
github.com/bladeacer/ocd/internal/tui/spinner.go:38.69,39.27 1 0
github.com/bladeacer/ocd/internal/tui/spinner.go:40.15,42.37 2 0
github.com/bladeacer/ocd/internal/tui/spinner.go:42.37,44.4 1 0
github.com/bladeacer/ocd/internal/tui/spinner.go:45.3,45.25 1 0
github.com/bladeacer/ocd/internal/tui/spinner.go:46.23,49.16 3 0
github.com/bladeacer/ocd/internal/tui/spinner.go:51.2,51.15 1 0
github.com/bladeacer/ocd/internal/tui/spinner.go:54.38,58.2 3 0
github.com/bladeacer/ocd/internal/tui/spinner.go:60.39,62.2 1 0
github.com/bladeacer/ocd/internal/tui/styles.go:42.33,54.2 4 0
github.com/bladeacer/ocd/internal/tui/view.go:17.31,18.17 1 0
github.com/bladeacer/ocd/internal/tui/view.go:19.20,20.25 1 0
github.com/bladeacer/ocd/internal/tui/view.go:21.31,22.30 1 0
github.com/bladeacer/ocd/internal/tui/view.go:23.20,24.25 1 0
github.com/bladeacer/ocd/internal/tui/view.go:26.2,26.11 1 0
github.com/bladeacer/ocd/internal/tui/view.go:29.38,30.18 1 0
github.com/bladeacer/ocd/internal/tui/view.go:30.18,32.3 1 0
github.com/bladeacer/ocd/internal/tui/view.go:34.2,37.84 3 0
github.com/bladeacer/ocd/internal/tui/view.go:40.43,41.16 1 0
github.com/bladeacer/ocd/internal/tui/view.go:41.16,43.3 1 0
github.com/bladeacer/ocd/internal/tui/view.go:45.2,49.28 3 0
github.com/bladeacer/ocd/internal/tui/view.go:49.28,51.3 1 0
github.com/bladeacer/ocd/internal/tui/view.go:53.2,58.19 4 0
github.com/bladeacer/ocd/internal/tui/view.go:61.45,79.16 5 0
github.com/bladeacer/ocd/internal/tui/view.go:79.16,81.3 1 0
github.com/bladeacer/ocd/internal/tui/view.go:82.2,83.13 2 0
github.com/bladeacer/ocd/internal/tui/view.go:83.13,85.3 1 0
github.com/bladeacer/ocd/internal/tui/view.go:86.2,87.26 2 0
github.com/bladeacer/ocd/internal/tui/view.go:90.37,102.2 4 0
github.com/bladeacer/ocd/internal/tui/view.go:104.50,105.12 1 0
github.com/bladeacer/ocd/internal/tui/view.go:105.12,107.3 1 0
github.com/bladeacer/ocd/internal/tui/view.go:108.2,108.53 1 0
github.com/bladeacer/ocd/internal/tui/view.go:111.38,119.2 3 0
github.com/bladeacer/ocd/main.go:18.13,35.39 6 0
github.com/bladeacer/ocd/main.go:35.39,38.3 2 0
github.com/bladeacer/ocd/cmd/clean.go:12.35,16.55 1 0
github.com/bladeacer/ocd/cmd/clean.go:16.55,18.36 2 0
github.com/bladeacer/ocd/cmd/clean.go:18.36,20.5 1 0
github.com/bladeacer/ocd/cmd/clean.go:21.4,21.62 1 0
github.com/bladeacer/ocd/cmd/clean.go:21.62,23.5 1 0
github.com/bladeacer/ocd/cmd/clean.go:24.4,25.14 2 0
github.com/bladeacer/ocd/cmd/clean.go:29.2,29.12 1 0
github.com/bladeacer/ocd/cmd/diff.go:17.34,18.32 1 0
github.com/bladeacer/ocd/cmd/diff.go:18.32,21.3 2 0
github.com/bladeacer/ocd/cmd/diff.go:22.2,22.24 1 0
github.com/bladeacer/ocd/cmd/diff.go:25.64,28.16 3 0
github.com/bladeacer/ocd/cmd/diff.go:29.14,30.30 1 0
github.com/bladeacer/ocd/cmd/diff.go:31.14,32.30 1 0
github.com/bladeacer/ocd/cmd/diff.go:33.10,34.30 1 0
github.com/bladeacer/ocd/cmd/diff.go:36.2,36.16 1 0
github.com/bladeacer/ocd/cmd/diff.go:36.16,38.3 1 0
github.com/bladeacer/ocd/cmd/diff.go:39.2,39.39 1 0
github.com/bladeacer/ocd/cmd/diff.go:42.55,44.22 2 0
github.com/bladeacer/ocd/cmd/diff.go:44.22,46.3 1 0
github.com/bladeacer/ocd/cmd/diff.go:49.38,51.38 2 0
github.com/bladeacer/ocd/cmd/diff.go:51.38,53.3 1 0
github.com/bladeacer/ocd/cmd/diff.go:54.2,56.12 3 0
github.com/bladeacer/ocd/cmd/diff.go:59.34,77.55 6 0
github.com/bladeacer/ocd/cmd/diff.go:77.55,80.22 2 0
github.com/bladeacer/ocd/cmd/diff.go:80.22,83.5 2 0
github.com/bladeacer/ocd/cmd/diff.go:83.10,83.44 1 0
github.com/bladeacer/ocd/cmd/diff.go:83.44,89.19 5 0
github.com/bladeacer/ocd/cmd/diff.go:89.19,91.6 1 0
github.com/bladeacer/ocd/cmd/diff.go:92.5,92.41 1 0
github.com/bladeacer/ocd/cmd/diff.go:92.41,95.6 2 0
github.com/bladeacer/ocd/cmd/diff.go:96.10,98.5 1 0
github.com/bladeacer/ocd/cmd/diff.go:100.4,100.46 1 0
github.com/bladeacer/ocd/cmd/diff.go:100.46,102.5 1 0
github.com/bladeacer/ocd/cmd/diff.go:103.4,103.46 1 0
github.com/bladeacer/ocd/cmd/diff.go:103.46,105.5 1 0
github.com/bladeacer/ocd/cmd/diff.go:107.4,108.27 2 0
github.com/bladeacer/ocd/cmd/diff.go:108.27,110.5 1 0
github.com/bladeacer/ocd/cmd/diff.go:112.4,112.12 1 0
github.com/bladeacer/ocd/cmd/diff.go:112.12,118.25 6 0
github.com/bladeacer/ocd/cmd/diff.go:118.25,120.6 1 0
github.com/bladeacer/ocd/cmd/diff.go:120.11,122.6 1 0
github.com/bladeacer/ocd/cmd/diff.go:123.5,126.72 4 0
github.com/bladeacer/ocd/cmd/diff.go:126.72,128.6 1 0
github.com/bladeacer/ocd/cmd/diff.go:129.5,130.15 2 0
github.com/bladeacer/ocd/cmd/diff.go:133.4,133.36 1 0
github.com/bladeacer/ocd/cmd/diff.go:137.2,142.12 6 0
github.com/bladeacer/ocd/cmd/extract.go:11.37,18.55 1 0
github.com/bladeacer/ocd/cmd/extract.go:18.55,21.18 3 0
github.com/bladeacer/ocd/cmd/extract.go:21.18,23.5 1 0
github.com/bladeacer/ocd/cmd/extract.go:24.4,25.14 2 0
github.com/bladeacer/ocd/cmd/extract.go:29.2,29.12 1 0
github.com/bladeacer/ocd/cmd/interact.go:14.38,23.55 2 0
github.com/bladeacer/ocd/cmd/interact.go:23.55,29.18 5 0
github.com/bladeacer/ocd/cmd/interact.go:29.18,31.5 1 0
github.com/bladeacer/ocd/cmd/interact.go:32.4,32.30 1 0
github.com/bladeacer/ocd/cmd/interact.go:32.30,35.5 2 0
github.com/bladeacer/ocd/cmd/interact.go:37.4,39.18 3 0
github.com/bladeacer/ocd/cmd/interact.go:39.18,41.5 1 0
github.com/bladeacer/ocd/cmd/interact.go:42.4,43.14 2 0
github.com/bladeacer/ocd/cmd/interact.go:47.2,48.12 2 0
github.com/bladeacer/ocd/internal/cache/cache.go:28.36,33.49 2 0
github.com/bladeacer/ocd/internal/cache/cache.go:33.49,34.13 1 0
github.com/bladeacer/ocd/internal/cache/cache.go:36.2,36.10 1 0
github.com/bladeacer/ocd/internal/cache/cache.go:39.42,41.2 1 0
github.com/bladeacer/ocd/internal/cache/cache.go:43.55,46.16 3 0
github.com/bladeacer/ocd/internal/cache/cache.go:46.16,47.25 1 0
github.com/bladeacer/ocd/internal/cache/cache.go:47.25,49.4 1 0
github.com/bladeacer/ocd/internal/cache/cache.go:50.3,50.13 1 0
github.com/bladeacer/ocd/internal/cache/cache.go:52.2,53.53 2 0
github.com/bladeacer/ocd/internal/cache/cache.go:53.53,55.3 1 0
github.com/bladeacer/ocd/internal/cache/cache.go:56.2,56.54 1 0
github.com/bladeacer/ocd/internal/cache/cache.go:56.54,58.3 1 0
github.com/bladeacer/ocd/internal/cache/cache.go:59.2,59.38 1 0
github.com/bladeacer/ocd/internal/cache/cache.go:62.55,65.16 3 0
github.com/bladeacer/ocd/internal/cache/cache.go:65.16,67.3 1 0
github.com/bladeacer/ocd/internal/cache/cache.go:68.2,73.16 3 0
github.com/bladeacer/ocd/internal/cache/cache.go:73.16,75.3 1 0
github.com/bladeacer/ocd/internal/cache/cache.go:76.2,76.35 1 0
github.com/bladeacer/ocd/internal/cache/cache.go:79.43,82.24 3 0
github.com/bladeacer/ocd/internal/cache/cache.go:82.24,84.3 1 0
github.com/bladeacer/ocd/internal/cache/cache.go:85.2,85.12 1 0
github.com/bladeacer/ocd/internal/cache/cache.go:88.31,90.16 2 0
github.com/bladeacer/ocd/internal/cache/cache.go:90.16,91.25 1 0
github.com/bladeacer/ocd/internal/cache/cache.go:91.25,93.4 1 0
github.com/bladeacer/ocd/internal/cache/cache.go:94.3,94.13 1 0
github.com/bladeacer/ocd/internal/cache/cache.go:96.2,98.16 3 0
github.com/bladeacer/ocd/internal/cache/cache.go:98.16,100.3 1 0
github.com/bladeacer/ocd/internal/cache/cache.go:101.2,101.29 1 0
github.com/bladeacer/ocd/internal/cache/cache.go:101.29,103.3 1 0
github.com/bladeacer/ocd/internal/cache/cache.go:104.2,104.12 1 0
github.com/bladeacer/ocd/internal/core/asar.go:31.61,33.16 2 1
github.com/bladeacer/ocd/internal/core/asar.go:33.16,35.3 1 0
github.com/bladeacer/ocd/internal/core/asar.go:36.2,39.47 3 1
github.com/bladeacer/ocd/internal/core/asar.go:39.47,41.3 1 1
github.com/bladeacer/ocd/internal/core/asar.go:43.2,44.71 2 1
github.com/bladeacer/ocd/internal/core/asar.go:44.71,46.3 1 1
github.com/bladeacer/ocd/internal/core/asar.go:47.2,47.51 1 1
github.com/bladeacer/ocd/internal/core/asar.go:47.51,49.3 1 0
github.com/bladeacer/ocd/internal/core/asar.go:51.2,52.51 2 1
github.com/bladeacer/ocd/internal/core/asar.go:52.51,54.3 1 0
github.com/bladeacer/ocd/internal/core/asar.go:56.2,57.57 2 1
github.com/bladeacer/ocd/internal/core/asar.go:57.57,59.3 1 0
github.com/bladeacer/ocd/internal/core/asar.go:61.2,62.9 2 1
github.com/bladeacer/ocd/internal/core/asar.go:62.9,64.3 1 1
github.com/bladeacer/ocd/internal/core/asar.go:66.2,67.67 2 1
github.com/bladeacer/ocd/internal/core/asar.go:67.67,69.3 1 0
github.com/bladeacer/ocd/internal/core/asar.go:71.2,74.16 3 1
github.com/bladeacer/ocd/internal/core/asar.go:74.16,76.3 1 0
github.com/bladeacer/ocd/internal/core/asar.go:77.2,80.49 3 1
github.com/bladeacer/ocd/internal/core/asar.go:80.49,82.3 1 0
github.com/bladeacer/ocd/internal/core/asar.go:84.2,84.12 1 1
github.com/bladeacer/ocd/internal/core/diff.go:17.60,22.16 4 1
github.com/bladeacer/ocd/internal/core/diff.go:22.16,28.3 1 1
github.com/bladeacer/ocd/internal/core/diff.go:30.2,31.16 2 1
github.com/bladeacer/ocd/internal/core/diff.go:31.16,37.3 1 0
github.com/bladeacer/ocd/internal/core/diff.go:39.2,52.49 4 1
github.com/bladeacer/ocd/internal/core/diff.go:52.49,53.67 1 1
github.com/bladeacer/ocd/internal/core/diff.go:53.67,55.9 2 1
github.com/bladeacer/ocd/internal/core/diff.go:59.2,64.3 1 1
github.com/bladeacer/ocd/internal/core/extract.go:19.49,23.45 3 1
github.com/bladeacer/ocd/internal/core/extract.go:23.45,25.3 1 1
github.com/bladeacer/ocd/internal/core/extract.go:27.2,27.51 1 1
github.com/bladeacer/ocd/internal/core/extract.go:27.51,29.3 1 0
github.com/bladeacer/ocd/internal/core/extract.go:31.2,34.16 3 1
github.com/bladeacer/ocd/internal/core/extract.go:34.16,36.3 1 0
github.com/bladeacer/ocd/internal/core/extract.go:37.2,39.44 2 1
github.com/bladeacer/ocd/internal/core/extract.go:39.44,41.3 1 1
github.com/bladeacer/ocd/internal/core/extract.go:42.2,42.38 1 1
github.com/bladeacer/ocd/internal/core/extract.go:42.38,44.3 1 1
github.com/bladeacer/ocd/internal/core/extract.go:46.2,47.16 2 1
github.com/bladeacer/ocd/internal/core/extract.go:47.16,49.3 1 1
github.com/bladeacer/ocd/internal/core/extract.go:50.2,53.16 3 1
github.com/bladeacer/ocd/internal/core/extract.go:53.16,55.3 1 0
github.com/bladeacer/ocd/internal/core/extract.go:56.2,59.54 3 1
github.com/bladeacer/ocd/internal/core/extract.go:59.54,62.3 2 0
github.com/bladeacer/ocd/internal/core/extract.go:63.2,65.65 2 1
github.com/bladeacer/ocd/internal/core/extract.go:65.65,67.3 1 1
github.com/bladeacer/ocd/internal/core/extract.go:69.2,69.22 1 0
github.com/bladeacer/ocd/internal/core/tldr.go:51.37,54.18 3 1
github.com/bladeacer/ocd/internal/core/tldr.go:54.18,56.3 1 1
github.com/bladeacer/ocd/internal/core/tldr.go:57.2,57.19 1 1
github.com/bladeacer/ocd/internal/core/tldr.go:57.19,59.3 1 1
github.com/bladeacer/ocd/internal/core/tldr.go:60.2,60.19 1 1
github.com/bladeacer/ocd/internal/core/tldr.go:60.19,62.3 1 1
github.com/bladeacer/ocd/internal/core/tldr.go:63.2,63.19 1 1
github.com/bladeacer/ocd/internal/core/tldr.go:63.19,65.3 1 1
github.com/bladeacer/ocd/internal/core/tldr.go:66.2,66.15 1 1
github.com/bladeacer/ocd/internal/core/tldr.go:69.43,71.46 2 1
github.com/bladeacer/ocd/internal/core/tldr.go:71.46,73.52 2 1
github.com/bladeacer/ocd/internal/core/tldr.go:73.52,75.4 1 1
github.com/bladeacer/ocd/internal/core/tldr.go:75.9,77.4 1 1
github.com/bladeacer/ocd/internal/core/tldr.go:79.2,79.21 1 1
github.com/bladeacer/ocd/internal/core/tldr.go:79.21,81.3 1 1
github.com/bladeacer/ocd/internal/core/tldr.go:82.2,82.24 1 1
github.com/bladeacer/ocd/internal/core/tldr.go:85.46,87.50 2 1
github.com/bladeacer/ocd/internal/core/tldr.go:87.50,90.3 2 1
github.com/bladeacer/ocd/internal/core/tldr.go:91.2,91.42 1 1
github.com/bladeacer/ocd/internal/core/tldr.go:91.42,93.3 1 1
github.com/bladeacer/ocd/internal/core/tldr.go:94.2,94.42 1 1
github.com/bladeacer/ocd/internal/core/tldr.go:94.42,96.3 1 1
github.com/bladeacer/ocd/internal/core/tldr.go:97.2,97.44 1 1
github.com/bladeacer/ocd/internal/core/tldr.go:97.44,99.3 1 1
github.com/bladeacer/ocd/internal/core/tldr.go:100.2,100.57 1 1
github.com/bladeacer/ocd/internal/core/tldr.go:100.57,101.10 1 1
github.com/bladeacer/ocd/internal/core/tldr.go:102.38,103.21 1 0
[...]
github.com/bladeacer/ocd/internal/tui/diffmodel.go:1313.2,1313.19 1 1
github.com/bladeacer/ocd/internal/tui/diffmodel.go:1316.35,1317.14 1 1
github.com/bladeacer/ocd/internal/tui/diffmodel.go:1317.14,1319.3 1 1
github.com/bladeacer/ocd/internal/tui/diffmodel.go:1320.2,1320.66 1 1
github.com/bladeacer/ocd/internal/tui/diffmodel.go:1320.66,1323.3 2 0
github.com/bladeacer/ocd/internal/tui/diffmodel.go:1323.8,1323.55 1 1
github.com/bladeacer/ocd/internal/tui/diffmodel.go:1323.55,1325.3 1 1
github.com/bladeacer/ocd/internal/tui/diffmodel.go:1325.8,1325.34 1 1
github.com/bladeacer/ocd/internal/tui/diffmodel.go:1325.34,1327.3 1 0
github.com/bladeacer/ocd/internal/tui/diffmodel.go:1329.2,1329.17 1 1
github.com/bladeacer/ocd/internal/tui/diffmodel.go:1329.17,1331.3 1 0
github.com/bladeacer/ocd/internal/tui/diffmodel.go:1333.2,1333.16 1 1
github.com/bladeacer/ocd/internal/tui/diffmodel.go:1333.16,1335.3 1 1
github.com/bladeacer/ocd/internal/tui/diffmodel.go:1337.2,1339.18 3 1
github.com/bladeacer/ocd/internal/tui/diffmodel.go:1339.18,1341.3 1 0
github.com/bladeacer/ocd/internal/tui/diffmodel.go:1343.2,1344.24 2 1
github.com/bladeacer/ocd/internal/tui/diffmodel.go:1344.24,1348.3 1 1
github.com/bladeacer/ocd/internal/tui/diffmodel.go:1350.2,1356.59 2 1
github.com/bladeacer/ocd/internal/tui/diffmodel.go:1359.49,1370.16 5 0
github.com/bladeacer/ocd/internal/tui/diffmodel.go:1370.16,1372.3 1 0
github.com/bladeacer/ocd/internal/tui/diffmodel.go:1373.2,1374.13 2 0
github.com/bladeacer/ocd/internal/tui/diffmodel.go:1374.13,1376.3 1 0
github.com/bladeacer/ocd/internal/tui/diffmodel.go:1377.2,1377.68 1 0
github.com/bladeacer/ocd/internal/tui/diffmodel.go:1380.41,1406.16 6 1
github.com/bladeacer/ocd/internal/tui/diffmodel.go:1406.16,1408.3 1 1
github.com/bladeacer/ocd/internal/tui/diffmodel.go:1409.2,1410.13 2 1
github.com/bladeacer/ocd/internal/tui/diffmodel.go:1410.13,1412.3 1 1
github.com/bladeacer/ocd/internal/tui/diffmodel.go:1413.2,1413.107 1 1
github.com/bladeacer/ocd/internal/tui/diffmodel.go:1416.53,1420.16 4 0
github.com/bladeacer/ocd/internal/tui/diffmodel.go:1420.16,1422.3 1 0
github.com/bladeacer/ocd/internal/tui/diffmodel.go:1423.2,1424.51 2 0
github.com/bladeacer/ocd/internal/tui/diffmodel.go:1424.51,1431.3 6 0
github.com/bladeacer/ocd/internal/tui/diffmodel.go:1432.2,1432.12 1 0
github.com/bladeacer/ocd/internal/tui/model.go:68.49,117.2 12 0
github.com/bladeacer/ocd/internal/tui/model.go:119.32,121.2 1 0
github.com/bladeacer/ocd/internal/tui/model.go:123.38,126.2 2 1
github.com/bladeacer/ocd/internal/tui/model.go:128.37,131.2 2 0
github.com/bladeacer/ocd/internal/tui/model.go:133.58,134.27 1 1
github.com/bladeacer/ocd/internal/tui/model.go:135.25,138.16 3 1
github.com/bladeacer/ocd/internal/tui/model.go:140.21,142.30 2 0
github.com/bladeacer/ocd/internal/tui/model.go:142.30,145.4 2 0
github.com/bladeacer/ocd/internal/tui/model.go:146.3,149.16 4 0
github.com/bladeacer/ocd/internal/tui/model.go:151.15,152.30 1 0
github.com/bladeacer/ocd/internal/tui/model.go:152.30,154.42 2 0
github.com/bladeacer/ocd/internal/tui/model.go:154.42,156.5 1 0
github.com/bladeacer/ocd/internal/tui/model.go:157.4,157.26 1 0
github.com/bladeacer/ocd/internal/tui/model.go:159.3,159.16 1 0
github.com/bladeacer/ocd/internal/tui/model.go:161.18,162.26 1 0
github.com/bladeacer/ocd/internal/tui/model.go:164.23,167.16 3 0
github.com/bladeacer/ocd/internal/tui/model.go:170.2,170.15 1 0
github.com/bladeacer/ocd/internal/tui/model.go:173.64,174.17 1 1
github.com/bladeacer/ocd/internal/tui/model.go:175.20,176.33 1 1
github.com/bladeacer/ocd/internal/tui/model.go:177.18,178.31 1 1
github.com/bladeacer/ocd/internal/tui/model.go:179.19,180.32 1 1
github.com/bladeacer/ocd/internal/tui/model.go:181.20,182.33 1 1
github.com/bladeacer/ocd/internal/tui/model.go:184.2,184.15 1 0
github.com/bladeacer/ocd/internal/tui/model.go:187.71,188.53 1 1
github.com/bladeacer/ocd/internal/tui/model.go:188.53,190.3 1 1
github.com/bladeacer/ocd/internal/tui/model.go:191.2,191.15 1 1
github.com/bladeacer/ocd/internal/tui/model.go:194.69,197.16 2 1
github.com/bladeacer/ocd/internal/tui/model.go:197.16,200.3 2 1
github.com/bladeacer/ocd/internal/tui/model.go:202.2,202.13 1 1
github.com/bladeacer/ocd/internal/tui/model.go:203.21,204.21 1 1
github.com/bladeacer/ocd/internal/tui/model.go:206.17,208.16 2 1
github.com/bladeacer/ocd/internal/tui/model.go:210.16,211.23 1 1
github.com/bladeacer/ocd/internal/tui/model.go:213.11,217.16 4 1
github.com/bladeacer/ocd/internal/tui/model.go:219.11,221.19 2 1
github.com/bladeacer/ocd/internal/tui/model.go:223.11,225.19 2 1
github.com/bladeacer/ocd/internal/tui/model.go:227.11,229.19 2 1
github.com/bladeacer/ocd/internal/tui/model.go:231.11,233.19 2 1
github.com/bladeacer/ocd/internal/tui/model.go:235.11,237.16 2 1
github.com/bladeacer/ocd/internal/tui/model.go:240.2,242.15 3 1
github.com/bladeacer/ocd/internal/tui/model.go:245.70,246.22 1 1
github.com/bladeacer/ocd/internal/tui/model.go:247.27,253.16 6 1
github.com/bladeacer/ocd/internal/tui/model.go:255.24,260.16 5 1
github.com/bladeacer/ocd/internal/tui/model.go:262.19,264.19 2 1
github.com/bladeacer/ocd/internal/tui/model.go:264.19,266.4 1 1
github.com/bladeacer/ocd/internal/tui/model.go:267.3,269.16 3 1
github.com/bladeacer/ocd/internal/tui/model.go:270.11,277.16 7 1
github.com/bladeacer/ocd/internal/tui/model.go:280.2,280.28 1 1
github.com/bladeacer/ocd/internal/tui/model.go:280.28,285.3 4 1
github.com/bladeacer/ocd/internal/tui/model.go:287.2,287.15 1 0
github.com/bladeacer/ocd/internal/tui/model.go:290.71,291.22 1 1
github.com/bladeacer/ocd/internal/tui/model.go:292.21,293.21 1 1
github.com/bladeacer/ocd/internal/tui/model.go:294.27,297.16 3 1
github.com/bladeacer/ocd/internal/tui/model.go:299.2,299.15 1 0
github.com/bladeacer/ocd/internal/tui/model.go:302.50,304.16 2 1
github.com/bladeacer/ocd/internal/tui/model.go:304.16,306.3 1 1
github.com/bladeacer/ocd/internal/tui/model.go:307.2,309.15 3 1
github.com/bladeacer/ocd/internal/tui/model.go:312.32,315.29 2 1
github.com/bladeacer/ocd/internal/tui/model.go:315.29,320.42 4 1
github.com/bladeacer/ocd/internal/tui/model.go:320.42,321.12 1 1
github.com/bladeacer/ocd/internal/tui/model.go:323.3,323.25 1 1
github.com/bladeacer/ocd/internal/tui/model.go:323.25,325.35 2 1
github.com/bladeacer/ocd/internal/tui/model.go:325.35,326.29 1 1
github.com/bladeacer/ocd/internal/tui/model.go:326.29,328.11 2 1
github.com/bladeacer/ocd/internal/tui/model.go:331.4,331.15 1 1
github.com/bladeacer/ocd/internal/tui/model.go:331.15,332.13 1 1
github.com/bladeacer/ocd/internal/tui/model.go:335.3,335.46 1 1
github.com/bladeacer/ocd/internal/tui/model.go:335.46,336.12 1 0
github.com/bladeacer/ocd/internal/tui/model.go:338.3,338.26 1 1
github.com/bladeacer/ocd/internal/tui/model.go:338.26,340.69 2 1
github.com/bladeacer/ocd/internal/tui/model.go:340.69,341.13 1 1
github.com/bladeacer/ocd/internal/tui/model.go:344.3,344.35 1 1
github.com/bladeacer/ocd/internal/tui/model.go:347.2,348.21 2 1
github.com/bladeacer/ocd/internal/tui/model.go:351.50,353.2 1 1
github.com/bladeacer/ocd/internal/tui/model.go:355.35,357.17 2 1
github.com/bladeacer/ocd/internal/tui/model.go:357.17,359.3 1 1
github.com/bladeacer/ocd/internal/tui/model.go:361.2,364.41 3 1
github.com/bladeacer/ocd/internal/tui/model.go:364.41,368.23 3 1
github.com/bladeacer/ocd/internal/tui/model.go:368.23,371.22 3 1
github.com/bladeacer/ocd/internal/tui/model.go:371.22,373.5 1 1
github.com/bladeacer/ocd/internal/tui/model.go:375.3,375.37 1 1
github.com/bladeacer/ocd/internal/tui/model.go:378.2,378.23 1 1
github.com/bladeacer/ocd/internal/tui/model.go:381.29,385.37 3 1
github.com/bladeacer/ocd/internal/tui/model.go:385.37,387.3 1 1
github.com/bladeacer/ocd/internal/tui/model.go:389.2,392.46 3 1
github.com/bladeacer/ocd/internal/tui/model.go:392.46,397.3 1 1
github.com/bladeacer/ocd/internal/tui/model.go:399.2,401.36 2 1
github.com/bladeacer/ocd/internal/tui/model.go:401.36,404.16 3 1
github.com/bladeacer/ocd/internal/tui/model.go:404.16,405.12 1 0
github.com/bladeacer/ocd/internal/tui/model.go:407.3,411.16 4 1
github.com/bladeacer/ocd/internal/tui/model.go:411.16,412.38 1 1
github.com/bladeacer/ocd/internal/tui/model.go:412.38,414.5 1 1
github.com/bladeacer/ocd/internal/tui/model.go:417.3,419.33 3 1
github.com/bladeacer/ocd/internal/tui/model.go:419.33,420.17 1 1
github.com/bladeacer/ocd/internal/tui/model.go:420.17,422.5 1 1
github.com/bladeacer/ocd/internal/tui/model.go:422.10,424.5 1 1
github.com/bladeacer/ocd/internal/tui/model.go:427.3,428.52 2 1
github.com/bladeacer/ocd/internal/tui/model.go:428.52,430.4 1 0
github.com/bladeacer/ocd/internal/tui/model.go:432.3,433.21 2 1
github.com/bladeacer/ocd/internal/tui/model.go:433.21,435.4 1 0
github.com/bladeacer/ocd/internal/tui/model.go:437.3,446.5 1 1
github.com/bladeacer/ocd/internal/tui/model.go:449.2,450.19 2 1
github.com/bladeacer/ocd/internal/tui/model.go:453.41,464.2 1 1
github.com/bladeacer/ocd/internal/tui/model.go:466.42,469.16 3 0
github.com/bladeacer/ocd/internal/tui/model.go:469.16,471.3 1 0
github.com/bladeacer/ocd/internal/tui/model.go:472.2,473.9 2 0
github.com/bladeacer/ocd/internal/tui/model.go:473.9,475.3 1 0
github.com/bladeacer/ocd/internal/tui/model.go:476.2,476.30 1 0
github.com/bladeacer/ocd/internal/tui/model.go:476.30,478.3 1 0
github.com/bladeacer/ocd/internal/tui/model.go:479.2,479.25 1 0
github.com/bladeacer/ocd/internal/tui/model.go:482.35,485.26 3 1
github.com/bladeacer/ocd/internal/tui/model.go:485.26,486.12 1 1
github.com/bladeacer/ocd/internal/tui/model.go:486.12,488.4 1 1
github.com/bladeacer/ocd/internal/tui/model.go:490.2,490.13 1 1
github.com/bladeacer/ocd/internal/tui/model.go:493.25,495.22 2 1
github.com/bladeacer/ocd/internal/tui/model.go:495.22,496.27 1 1
github.com/bladeacer/ocd/internal/tui/model.go:496.27,498.4 1 1
github.com/bladeacer/ocd/internal/tui/model.go:500.2,500.10 1 1
github.com/bladeacer/ocd/internal/tui/model.go:503.38,504.25 1 1
github.com/bladeacer/ocd/internal/tui/model.go:504.25,507.17 3 1
github.com/bladeacer/ocd/internal/tui/model.go:507.17,509.4 1 1
github.com/bladeacer/ocd/internal/tui/model.go:510.3,510.17 1 1
github.com/bladeacer/ocd/internal/tui/model.go:510.17,512.4 1 1
github.com/bladeacer/ocd/internal/tui/model.go:513.3,513.15 1 1
github.com/bladeacer/ocd/internal/tui/model.go:513.15,515.4 1 1
github.com/bladeacer/ocd/internal/tui/model.go:517.2,517.10 1 1
github.com/bladeacer/ocd/internal/tui/model.go:520.38,521.37 1 1
github.com/bladeacer/ocd/internal/tui/model.go:521.37,523.3 1 1
github.com/bladeacer/ocd/internal/tui/model.go:524.2,524.16 1 1
github.com/bladeacer/ocd/internal/tui/model.go:525.22,526.11 1 1
github.com/bladeacer/ocd/internal/tui/model.go:527.19,528.11 1 1
github.com/bladeacer/ocd/internal/tui/model.go:529.24,530.11 1 1
github.com/bladeacer/ocd/internal/tui/model.go:532.2,532.10 1 1
github.com/bladeacer/ocd/internal/tui/model.go:535.35,536.13 1 1
github.com/bladeacer/ocd/internal/tui/model.go:536.13,538.3 1 1
github.com/bladeacer/ocd/internal/tui/model.go:539.2,539.16 1 1
github.com/bladeacer/ocd/internal/tui/pickermodel.go:47.61,77.2 8 1
github.com/bladeacer/ocd/internal/tui/pickermodel.go:79.38,81.2 1 1
github.com/bladeacer/ocd/internal/tui/pickermodel.go:83.42,86.2 2 0
github.com/bladeacer/ocd/internal/tui/pickermodel.go:88.64,89.27 1 0
github.com/bladeacer/ocd/internal/tui/pickermodel.go:90.21,92.30 2 0
github.com/bladeacer/ocd/internal/tui/pickermodel.go:92.30,95.4 2 0
github.com/bladeacer/ocd/internal/tui/pickermodel.go:96.3,98.16 3 0
github.com/bladeacer/ocd/internal/tui/pickermodel.go:100.32,103.16 3 0
github.com/bladeacer/ocd/internal/tui/pickermodel.go:105.18,106.38 1 0
github.com/bladeacer/ocd/internal/tui/pickermodel.go:106.38,107.55 1 0
github.com/bladeacer/ocd/internal/tui/pickermodel.go:107.55,110.5 2 0
github.com/bladeacer/ocd/internal/tui/pickermodel.go:111.4,111.17 1 0
github.com/bladeacer/ocd/internal/tui/pickermodel.go:114.3,114.26 1 0
github.com/bladeacer/ocd/internal/tui/pickermodel.go:117.2,117.15 1 0
github.com/bladeacer/ocd/internal/tui/pickermodel.go:120.70,121.18 1 1
github.com/bladeacer/ocd/internal/tui/pickermodel.go:121.18,123.3 1 0
github.com/bladeacer/ocd/internal/tui/pickermodel.go:125.2,127.16 2 1
github.com/bladeacer/ocd/internal/tui/pickermodel.go:127.16,130.3 2 1
github.com/bladeacer/ocd/internal/tui/pickermodel.go:132.2,132.13 1 1
github.com/bladeacer/ocd/internal/tui/pickermodel.go:133.21,135.21 2 0
github.com/bladeacer/ocd/internal/tui/pickermodel.go:136.17,138.16 2 1
github.com/bladeacer/ocd/internal/tui/pickermodel.go:139.11,143.16 4 1
github.com/bladeacer/ocd/internal/tui/pickermodel.go:144.16,145.27 1 1
github.com/bladeacer/ocd/internal/tui/pickermodel.go:146.11,148.18 2 1
github.com/bladeacer/ocd/internal/tui/pickermodel.go:149.11,151.18 2 1
github.com/bladeacer/ocd/internal/tui/pickermodel.go:152.11,154.16 2 1
github.com/bladeacer/ocd/internal/tui/pickermodel.go:157.2,159.15 3 1
github.com/bladeacer/ocd/internal/tui/pickermodel.go:162.76,163.22 1 1
github.com/bladeacer/ocd/internal/tui/pickermodel.go:164.27,170.16 6 1
github.com/bladeacer/ocd/internal/tui/pickermodel.go:171.24,176.16 5 1
github.com/bladeacer/ocd/internal/tui/pickermodel.go:177.20,179.19 2 1
github.com/bladeacer/ocd/internal/tui/pickermodel.go:179.19,181.4 1 1
github.com/bladeacer/ocd/internal/tui/pickermodel.go:182.3,184.16 3 1
github.com/bladeacer/ocd/internal/tui/pickermodel.go:185.11,192.16 7 1
github.com/bladeacer/ocd/internal/tui/pickermodel.go:195.2,195.28 1 1
github.com/bladeacer/ocd/internal/tui/pickermodel.go:195.28,200.3 4 1
github.com/bladeacer/ocd/internal/tui/pickermodel.go:202.2,202.15 1 0
github.com/bladeacer/ocd/internal/tui/pickermodel.go:205.60,207.16 2 1
github.com/bladeacer/ocd/internal/tui/pickermodel.go:207.16,209.3 1 1
github.com/bladeacer/ocd/internal/tui/pickermodel.go:210.2,211.29 2 1
github.com/bladeacer/ocd/internal/tui/pickermodel.go:211.29,217.3 5 1
github.com/bladeacer/ocd/internal/tui/pickermodel.go:217.8,221.3 3 1
github.com/bladeacer/ocd/internal/tui/pickermodel.go:222.2,222.15 1 1
github.com/bladeacer/ocd/internal/tui/pickermodel.go:225.35,227.38 2 1
github.com/bladeacer/ocd/internal/tui/pickermodel.go:227.38,232.3 1 1
github.com/bladeacer/ocd/internal/tui/pickermodel.go:234.2,236.37 3 1
github.com/bladeacer/ocd/internal/tui/pickermodel.go:236.37,238.3 1 1
github.com/bladeacer/ocd/internal/tui/pickermodel.go:240.2,240.24 1 1
github.com/bladeacer/ocd/internal/tui/pickermodel.go:240.24,241.58 1 1
github.com/bladeacer/ocd/internal/tui/pickermodel.go:241.58,242.12 1 1
github.com/bladeacer/ocd/internal/tui/pickermodel.go:244.3,245.21 2 1
github.com/bladeacer/ocd/internal/tui/pickermodel.go:245.21,247.4 1 0
github.com/bladeacer/ocd/internal/tui/pickermodel.go:249.3,250.31 2 1
github.com/bladeacer/ocd/internal/tui/pickermodel.go:250.31,251.28 1 1
github.com/bladeacer/ocd/internal/tui/pickermodel.go:251.28,253.5 1 1
github.com/bladeacer/ocd/internal/tui/pickermodel.go:253.10,255.5 1 1
github.com/bladeacer/ocd/internal/tui/pickermodel.go:258.3,259.16 2 1
github.com/bladeacer/ocd/internal/tui/pickermodel.go:259.16,261.4 1 1
github.com/bladeacer/ocd/internal/tui/pickermodel.go:261.9,263.4 1 1
github.com/bladeacer/ocd/internal/tui/pickermodel.go:265.3,271.5 1 1
github.com/bladeacer/ocd/internal/tui/pickermodel.go:273.2,273.15 1 1
github.com/bladeacer/ocd/internal/tui/pickermodel.go:276.57,279.2 2 1
github.com/bladeacer/ocd/internal/tui/pickermodel.go:281.37,284.29 2 1
github.com/bladeacer/ocd/internal/tui/pickermodel.go:284.29,285.43 1 1
github.com/bladeacer/ocd/internal/tui/pickermodel.go:285.43,286.12 1 1
github.com/bladeacer/ocd/internal/tui/pickermodel.go:288.3,288.44 1 1
github.com/bladeacer/ocd/internal/tui/pickermodel.go:288.44,290.35 2 1
github.com/bladeacer/ocd/internal/tui/pickermodel.go:290.35,291.28 1 1
github.com/bladeacer/ocd/internal/tui/pickermodel.go:291.28,293.11 2 1
github.com/bladeacer/ocd/internal/tui/pickermodel.go:296.4,296.15 1 1
github.com/bladeacer/ocd/internal/tui/pickermodel.go:296.15,297.13 1 1
github.com/bladeacer/ocd/internal/tui/pickermodel.go:300.3,300.22 1 1
github.com/bladeacer/ocd/internal/tui/pickermodel.go:300.22,302.63 2 1
github.com/bladeacer/ocd/internal/tui/pickermodel.go:302.63,303.13 1 0
github.com/bladeacer/ocd/internal/tui/pickermodel.go:306.3,306.35 1 1
github.com/bladeacer/ocd/internal/tui/pickermodel.go:309.2,309.49 1 1
github.com/bladeacer/ocd/internal/tui/pickermodel.go:309.49,312.19 3 1
github.com/bladeacer/ocd/internal/tui/pickermodel.go:312.19,314.4 1 0
github.com/bladeacer/ocd/internal/tui/pickermodel.go:315.3,318.8 1 1
github.com/bladeacer/ocd/internal/tui/pickermodel.go:321.2,321.25 1 1
github.com/bladeacer/ocd/internal/tui/pickermodel.go:324.37,325.18 1 1
github.com/bladeacer/ocd/internal/tui/pickermodel.go:325.18,327.3 1 1
github.com/bladeacer/ocd/internal/tui/pickermodel.go:328.2,328.21 1 1
github.com/bladeacer/ocd/internal/tui/pickermodel.go:328.21,330.3 1 1
github.com/bladeacer/ocd/internal/tui/pickermodel.go:332.2,332.16 1 1
github.com/bladeacer/ocd/internal/tui/pickermodel.go:332.16,347.3 4 1
github.com/bladeacer/ocd/internal/tui/pickermodel.go:349.2,350.30 2 0
github.com/bladeacer/ocd/internal/tui/pickermodel.go:350.30,352.3 1 0
github.com/bladeacer/ocd/internal/tui/pickermodel.go:354.2,355.18 2 0
github.com/bladeacer/ocd/internal/tui/pickermodel.go:355.18,357.3 1 0
github.com/bladeacer/ocd/internal/tui/pickermodel.go:359.2,366.92 3 0
github.com/bladeacer/ocd/internal/tui/pickermodel.go:369.75,373.16 4 0
github.com/bladeacer/ocd/internal/tui/pickermodel.go:373.16,375.3 1 0
github.com/bladeacer/ocd/internal/tui/pickermodel.go:376.2,377.25 2 0
github.com/bladeacer/ocd/internal/tui/pickermodel.go:377.25,379.3 1 0
github.com/bladeacer/ocd/internal/tui/pickermodel.go:380.2,380.47 1 0
github.com/bladeacer/ocd/internal/tui/spinner.go:18.55,27.2 4 1
github.com/bladeacer/ocd/internal/tui/spinner.go:29.39,31.2 1 1
github.com/bladeacer/ocd/internal/tui/spinner.go:33.45,36.2 2 1
github.com/bladeacer/ocd/internal/tui/spinner.go:38.69,39.27 1 1
github.com/bladeacer/ocd/internal/tui/spinner.go:40.15,42.37 2 1
github.com/bladeacer/ocd/internal/tui/spinner.go:42.37,44.4 1 1
github.com/bladeacer/ocd/internal/tui/spinner.go:45.3,45.25 1 1
github.com/bladeacer/ocd/internal/tui/spinner.go:46.23,49.16 3 1
github.com/bladeacer/ocd/internal/tui/spinner.go:51.2,51.15 1 0
github.com/bladeacer/ocd/internal/tui/spinner.go:54.38,58.2 3 1
github.com/bladeacer/ocd/internal/tui/spinner.go:60.39,62.2 1 1
github.com/bladeacer/ocd/internal/tui/styles.go:42.33,54.2 4 1
github.com/bladeacer/ocd/internal/tui/view.go:17.31,18.17 1 1
github.com/bladeacer/ocd/internal/tui/view.go:19.20,20.25 1 1
github.com/bladeacer/ocd/internal/tui/view.go:21.31,22.30 1 1
github.com/bladeacer/ocd/internal/tui/view.go:23.20,24.25 1 1
github.com/bladeacer/ocd/internal/tui/view.go:26.2,26.11 1 0
github.com/bladeacer/ocd/internal/tui/view.go:29.38,30.18 1 1
github.com/bladeacer/ocd/internal/tui/view.go:30.18,32.3 1 1
github.com/bladeacer/ocd/internal/tui/view.go:34.2,37.84 3 1
github.com/bladeacer/ocd/internal/tui/view.go:40.43,41.16 1 1
github.com/bladeacer/ocd/internal/tui/view.go:41.16,43.3 1 0
github.com/bladeacer/ocd/internal/tui/view.go:45.2,49.28 3 1
github.com/bladeacer/ocd/internal/tui/view.go:49.28,51.3 1 1
github.com/bladeacer/ocd/internal/tui/view.go:53.2,58.19 4 1
github.com/bladeacer/ocd/internal/tui/view.go:61.45,79.16 5 1
github.com/bladeacer/ocd/internal/tui/view.go:79.16,81.3 1 1
github.com/bladeacer/ocd/internal/tui/view.go:82.2,83.13 2 1
github.com/bladeacer/ocd/internal/tui/view.go:83.13,85.3 1 0
github.com/bladeacer/ocd/internal/tui/view.go:86.2,87.26 2 1
github.com/bladeacer/ocd/internal/tui/view.go:90.37,102.2 4 1
github.com/bladeacer/ocd/internal/tui/view.go:104.50,105.12 1 1
github.com/bladeacer/ocd/internal/tui/view.go:105.12,107.3 1 1
github.com/bladeacer/ocd/internal/tui/view.go:108.2,108.53 1 1
github.com/bladeacer/ocd/internal/tui/view.go:111.38,119.2 3 1
