mode: set
github.com/bladeacer/ocd/main.go:18.13,33.39 6 0
github.com/bladeacer/ocd/main.go:33.39,36.3 2 0
github.com/bladeacer/ocd/main.go:18.13,33.39 6 0
github.com/bladeacer/ocd/main.go:33.39,36.3 2 0
github.com/bladeacer/ocd/cmd/clean.go:12.35,16.55 1 0
github.com/bladeacer/ocd/cmd/clean.go:16.55,18.36 2 0
github.com/bladeacer/ocd/cmd/clean.go:18.36,20.5 1 0
github.com/bladeacer/ocd/cmd/clean.go:21.4,21.62 1 0
github.com/bladeacer/ocd/cmd/clean.go:21.62,23.5 1 0
github.com/bladeacer/ocd/cmd/clean.go:24.4,25.14 2 0
github.com/bladeacer/ocd/cmd/clean.go:29.2,29.12 1 0
github.com/bladeacer/ocd/cmd/diff.go:16.38,18.38 2 0
github.com/bladeacer/ocd/cmd/diff.go:18.38,20.3 1 0
github.com/bladeacer/ocd/cmd/diff.go:21.2,23.12 3 0
github.com/bladeacer/ocd/cmd/diff.go:26.34,39.55 3 0
github.com/bladeacer/ocd/cmd/diff.go:39.55,42.22 2 0
github.com/bladeacer/ocd/cmd/diff.go:42.22,45.5 2 0
github.com/bladeacer/ocd/cmd/diff.go:45.10,45.44 1 0
github.com/bladeacer/ocd/cmd/diff.go:45.44,51.19 5 0
github.com/bladeacer/ocd/cmd/diff.go:51.19,53.6 1 0
github.com/bladeacer/ocd/cmd/diff.go:54.5,54.41 1 0
github.com/bladeacer/ocd/cmd/diff.go:54.41,57.6 2 0
github.com/bladeacer/ocd/cmd/diff.go:58.10,60.5 1 0
github.com/bladeacer/ocd/cmd/diff.go:62.4,62.46 1 0
github.com/bladeacer/ocd/cmd/diff.go:62.46,64.5 1 0
github.com/bladeacer/ocd/cmd/diff.go:65.4,65.46 1 0
github.com/bladeacer/ocd/cmd/diff.go:65.46,67.5 1 0
github.com/bladeacer/ocd/cmd/diff.go:69.4,70.27 2 0
github.com/bladeacer/ocd/cmd/diff.go:70.27,72.5 1 0
github.com/bladeacer/ocd/cmd/diff.go:74.4,74.36 1 0
github.com/bladeacer/ocd/cmd/diff.go:78.2,80.12 3 0
github.com/bladeacer/ocd/cmd/extract.go:11.37,18.55 1 0
github.com/bladeacer/ocd/cmd/extract.go:18.55,21.18 3 0
github.com/bladeacer/ocd/cmd/extract.go:21.18,23.5 1 0
github.com/bladeacer/ocd/cmd/extract.go:24.4,25.14 2 0
github.com/bladeacer/ocd/cmd/extract.go:29.2,29.12 1 0
github.com/bladeacer/ocd/cmd/interact.go:14.38,23.55 2 0
github.com/bladeacer/ocd/cmd/interact.go:23.55,29.18 5 0
github.com/bladeacer/ocd/cmd/interact.go:29.18,31.5 1 0
github.com/bladeacer/ocd/cmd/interact.go:32.4,32.30 1 0
github.com/bladeacer/ocd/cmd/interact.go:32.30,35.5 2 0
github.com/bladeacer/ocd/cmd/interact.go:37.4,39.18 3 0
github.com/bladeacer/ocd/cmd/interact.go:39.18,41.5 1 0
github.com/bladeacer/ocd/cmd/interact.go:42.4,43.14 2 0
github.com/bladeacer/ocd/cmd/interact.go:47.2,48.12 2 0
github.com/bladeacer/ocd/internal/cache/cache.go:28.36,33.49 2 0
github.com/bladeacer/ocd/internal/cache/cache.go:33.49,34.13 1 0
github.com/bladeacer/ocd/internal/cache/cache.go:36.2,36.10 1 0
github.com/bladeacer/ocd/internal/cache/cache.go:39.42,41.2 1 0
github.com/bladeacer/ocd/internal/cache/cache.go:43.55,46.16 3 0
github.com/bladeacer/ocd/internal/cache/cache.go:46.16,47.25 1 0
github.com/bladeacer/ocd/internal/cache/cache.go:47.25,49.4 1 0
github.com/bladeacer/ocd/internal/cache/cache.go:50.3,50.13 1 0
github.com/bladeacer/ocd/internal/cache/cache.go:52.2,53.53 2 0
github.com/bladeacer/ocd/internal/cache/cache.go:53.53,55.3 1 0
github.com/bladeacer/ocd/internal/cache/cache.go:56.2,56.54 1 0
github.com/bladeacer/ocd/internal/cache/cache.go:56.54,58.3 1 0
github.com/bladeacer/ocd/internal/cache/cache.go:59.2,59.38 1 0
github.com/bladeacer/ocd/internal/cache/cache.go:62.55,65.16 3 0
github.com/bladeacer/ocd/internal/cache/cache.go:65.16,67.3 1 0
github.com/bladeacer/ocd/internal/cache/cache.go:68.2,73.16 3 0
github.com/bladeacer/ocd/internal/cache/cache.go:73.16,75.3 1 0
github.com/bladeacer/ocd/internal/cache/cache.go:76.2,76.35 1 0
github.com/bladeacer/ocd/internal/cache/cache.go:79.43,82.24 3 0
github.com/bladeacer/ocd/internal/cache/cache.go:82.24,84.3 1 0
github.com/bladeacer/ocd/internal/cache/cache.go:85.2,85.12 1 0
github.com/bladeacer/ocd/internal/cache/cache.go:88.31,90.16 2 0
github.com/bladeacer/ocd/internal/cache/cache.go:90.16,91.25 1 0
github.com/bladeacer/ocd/internal/cache/cache.go:91.25,93.4 1 0
github.com/bladeacer/ocd/internal/cache/cache.go:94.3,94.13 1 0
github.com/bladeacer/ocd/internal/cache/cache.go:96.2,98.16 3 0
github.com/bladeacer/ocd/internal/cache/cache.go:98.16,100.3 1 0
github.com/bladeacer/ocd/internal/cache/cache.go:101.2,101.29 1 0
github.com/bladeacer/ocd/internal/cache/cache.go:101.29,103.3 1 0
github.com/bladeacer/ocd/internal/cache/cache.go:104.2,104.12 1 0
github.com/bladeacer/ocd/internal/core/asar.go:31.61,33.16 2 0
github.com/bladeacer/ocd/internal/core/asar.go:33.16,35.3 1 0
github.com/bladeacer/ocd/internal/core/asar.go:36.2,39.47 3 0
github.com/bladeacer/ocd/internal/core/asar.go:39.47,41.3 1 0
github.com/bladeacer/ocd/internal/core/asar.go:43.2,44.71 2 0
github.com/bladeacer/ocd/internal/core/asar.go:44.71,46.3 1 0
github.com/bladeacer/ocd/internal/core/asar.go:47.2,47.51 1 0
github.com/bladeacer/ocd/internal/core/asar.go:47.51,49.3 1 0
github.com/bladeacer/ocd/internal/core/asar.go:51.2,52.51 2 0
github.com/bladeacer/ocd/internal/core/asar.go:52.51,54.3 1 0
github.com/bladeacer/ocd/internal/core/asar.go:56.2,57.57 2 0
github.com/bladeacer/ocd/internal/core/asar.go:57.57,59.3 1 0
github.com/bladeacer/ocd/internal/core/asar.go:61.2,62.9 2 0
github.com/bladeacer/ocd/internal/core/asar.go:62.9,64.3 1 0
github.com/bladeacer/ocd/internal/core/asar.go:66.2,67.67 2 0
github.com/bladeacer/ocd/internal/core/asar.go:67.67,69.3 1 0
github.com/bladeacer/ocd/internal/core/asar.go:71.2,74.16 3 0
github.com/bladeacer/ocd/internal/core/asar.go:74.16,76.3 1 0
github.com/bladeacer/ocd/internal/core/asar.go:77.2,80.49 3 0
github.com/bladeacer/ocd/internal/core/asar.go:80.49,82.3 1 0
github.com/bladeacer/ocd/internal/core/asar.go:84.2,84.12 1 0
github.com/bladeacer/ocd/internal/core/diff.go:17.60,22.16 4 0
github.com/bladeacer/ocd/internal/core/diff.go:22.16,28.3 1 0
github.com/bladeacer/ocd/internal/core/diff.go:30.2,31.16 2 0
github.com/bladeacer/ocd/internal/core/diff.go:31.16,37.3 1 0
github.com/bladeacer/ocd/internal/core/diff.go:39.2,52.49 4 0
github.com/bladeacer/ocd/internal/core/diff.go:52.49,53.67 1 0
github.com/bladeacer/ocd/internal/core/diff.go:53.67,55.9 2 0
github.com/bladeacer/ocd/internal/core/diff.go:59.2,64.3 1 0
github.com/bladeacer/ocd/internal/core/extract.go:19.49,23.45 3 0
github.com/bladeacer/ocd/internal/core/extract.go:23.45,25.3 1 0
github.com/bladeacer/ocd/internal/core/extract.go:27.2,27.51 1 0
github.com/bladeacer/ocd/internal/core/extract.go:27.51,29.3 1 0
github.com/bladeacer/ocd/internal/core/extract.go:31.2,34.16 3 0
github.com/bladeacer/ocd/internal/core/extract.go:34.16,36.3 1 0
github.com/bladeacer/ocd/internal/core/extract.go:37.2,39.44 2 0
github.com/bladeacer/ocd/internal/core/extract.go:39.44,41.3 1 0
github.com/bladeacer/ocd/internal/core/extract.go:42.2,42.38 1 0
github.com/bladeacer/ocd/internal/core/extract.go:42.38,44.3 1 0
github.com/bladeacer/ocd/internal/core/extract.go:46.2,47.16 2 0
github.com/bladeacer/ocd/internal/core/extract.go:47.16,49.3 1 0
github.com/bladeacer/ocd/internal/core/extract.go:50.2,53.16 3 0
github.com/bladeacer/ocd/internal/core/extract.go:53.16,55.3 1 0
github.com/bladeacer/ocd/internal/core/extract.go:56.2,59.54 3 0
github.com/bladeacer/ocd/internal/core/extract.go:59.54,62.3 2 0
github.com/bladeacer/ocd/internal/core/extract.go:63.2,65.65 2 0
github.com/bladeacer/ocd/internal/core/extract.go:65.65,67.3 1 0
github.com/bladeacer/ocd/internal/core/extract.go:69.2,69.22 1 0
github.com/bladeacer/ocd/internal/sources/docker.go:20.32,22.2 1 0
github.com/bladeacer/ocd/internal/sources/docker.go:24.35,24.54 1 0
github.com/bladeacer/ocd/internal/sources/docker.go:39.57,43.16 3 0
github.com/bladeacer/ocd/internal/sources/docker.go:43.16,45.17 2 0
github.com/bladeacer/ocd/internal/sources/docker.go:45.17,47.4 1 0
github.com/bladeacer/ocd/internal/sources/docker.go:48.3,48.39 1 0
github.com/bladeacer/ocd/internal/sources/docker.go:48.39,51.4 2 0
github.com/bladeacer/ocd/internal/sources/docker.go:53.3,54.66 2 0
github.com/bladeacer/ocd/internal/sources/docker.go:54.66,57.4 2 0
github.com/bladeacer/ocd/internal/sources/docker.go:58.3,60.39 2 0
github.com/bladeacer/ocd/internal/sources/docker.go:60.39,61.45 1 0
github.com/bladeacer/ocd/internal/sources/docker.go:61.45,62.13 1 0
github.com/bladeacer/ocd/internal/sources/docker.go:64.4,68.44 4 0
github.com/bladeacer/ocd/internal/sources/docker.go:68.44,69.13 1 0
github.com/bladeacer/ocd/internal/sources/docker.go:72.4,76.6 1 0
github.com/bladeacer/ocd/internal/sources/docker.go:78.3,78.18 1 0
github.com/bladeacer/ocd/internal/sources/docker.go:81.2,81.18 1 0
github.com/bladeacer/ocd/internal/sources/electron.go:18.30,20.2 1 0
github.com/bladeacer/ocd/internal/sources/electron.go:22.34,22.55 1 0
github.com/bladeacer/ocd/internal/sources/electron.go:24.56,26.16 2 0
github.com/bladeacer/ocd/internal/sources/electron.go:26.16,28.3 1 0
github.com/bladeacer/ocd/internal/sources/electron.go:29.2,31.38 2 0
github.com/bladeacer/ocd/internal/sources/electron.go:31.38,33.3 1 0
github.com/bladeacer/ocd/internal/sources/electron.go:35.2,36.64 2 0
github.com/bladeacer/ocd/internal/sources/electron.go:36.64,38.3 1 0
github.com/bladeacer/ocd/internal/sources/electron.go:40.2,40.37 1 0
github.com/bladeacer/ocd/internal/sources/fetcher.go:22.42,29.2 1 0
github.com/bladeacer/ocd/internal/sources/fetcher.go:31.60,38.20 5 0
github.com/bladeacer/ocd/internal/sources/fetcher.go:38.20,39.10 1 0
github.com/bladeacer/ocd/internal/sources/fetcher.go:40.21,41.20 1 0
github.com/bladeacer/ocd/internal/sources/fetcher.go:42.11,42.11 0 0
github.com/bladeacer/ocd/internal/sources/fetcher.go:44.3,44.13 1 0
github.com/bladeacer/ocd/internal/sources/fetcher.go:44.13,46.63 2 0
github.com/bladeacer/ocd/internal/sources/fetcher.go:46.63,49.5 2 0
github.com/bladeacer/ocd/internal/sources/fetcher.go:51.3,52.17 2 0
github.com/bladeacer/ocd/internal/sources/fetcher.go:52.17,54.4 1 0
github.com/bladeacer/ocd/internal/sources/fetcher.go:55.3,55.59 1 0
github.com/bladeacer/ocd/internal/sources/fetcher.go:55.59,57.4 1 0
github.com/bladeacer/ocd/internal/sources/fetcher.go:58.3,59.13 2 0
github.com/bladeacer/ocd/internal/sources/fetcher.go:62.2,62.20 1 0
github.com/bladeacer/ocd/internal/sources/fetcher.go:62.20,63.10 1 0
github.com/bladeacer/ocd/internal/sources/fetcher.go:64.21,65.20 1 0
github.com/bladeacer/ocd/internal/sources/fetcher.go:66.11,66.11 0 0
github.com/bladeacer/ocd/internal/sources/fetcher.go:68.3,68.13 1 0
github.com/bladeacer/ocd/internal/sources/fetcher.go:68.13,70.66 2 0
github.com/bladeacer/ocd/internal/sources/fetcher.go:70.66,73.5 2 0
github.com/bladeacer/ocd/internal/sources/fetcher.go:75.3,76.17 2 0
github.com/bladeacer/ocd/internal/sources/fetcher.go:76.17,78.4 1 0
github.com/bladeacer/ocd/internal/sources/fetcher.go:79.3,79.62 1 0
github.com/bladeacer/ocd/internal/sources/fetcher.go:79.62,81.4 1 0
github.com/bladeacer/ocd/internal/sources/fetcher.go:82.3,83.13 2 0
github.com/bladeacer/ocd/internal/sources/fetcher.go:86.2,86.20 1 0
github.com/bladeacer/ocd/internal/sources/fetcher.go:86.20,87.10 1 0
github.com/bladeacer/ocd/internal/sources/fetcher.go:88.21,89.20 1 0
github.com/bladeacer/ocd/internal/sources/fetcher.go:90.11,90.11 0 0
github.com/bladeacer/ocd/internal/sources/fetcher.go:92.3,92.13 1 0
github.com/bladeacer/ocd/internal/sources/fetcher.go:92.13,94.68 2 0
github.com/bladeacer/ocd/internal/sources/fetcher.go:94.68,97.5 2 0
github.com/bladeacer/ocd/internal/sources/fetcher.go:99.3,100.17 2 0
github.com/bladeacer/ocd/internal/sources/fetcher.go:100.17,102.4 1 0
github.com/bladeacer/ocd/internal/sources/fetcher.go:103.3,103.64 1 0
github.com/bladeacer/ocd/internal/sources/fetcher.go:103.64,105.4 1 0
github.com/bladeacer/ocd/internal/sources/fetcher.go:106.3,107.13 2 0
github.com/bladeacer/ocd/internal/sources/fetcher.go:110.2,110.33 1 0
github.com/bladeacer/ocd/internal/sources/fetcher.go:110.33,112.3 1 0
github.com/bladeacer/ocd/internal/sources/fetcher.go:113.2,113.16 1 0
github.com/bladeacer/ocd/internal/sources/rss.go:17.20,19.2 1 0
github.com/bladeacer/ocd/internal/sources/rss.go:21.29,21.45 1 0
github.com/bladeacer/ocd/internal/sources/rss.go:23.52,26.16 3 0
github.com/bladeacer/ocd/internal/sources/rss.go:26.16,28.3 1 0
github.com/bladeacer/ocd/internal/sources/rss.go:30.2,35.35 4 0
github.com/bladeacer/ocd/internal/sources/rss.go:35.35,37.20 2 0
github.com/bladeacer/ocd/internal/sources/rss.go:37.20,38.12 1 0
github.com/bladeacer/ocd/internal/sources/rss.go:40.3,43.47 3 0
github.com/bladeacer/ocd/internal/sources/rss.go:43.47,45.4 1 0
github.com/bladeacer/ocd/internal/sources/rss.go:47.3,51.26 3 0
github.com/bladeacer/ocd/internal/sources/rss.go:51.26,53.22 2 0
github.com/bladeacer/ocd/internal/sources/rss.go:53.22,55.5 1 0
github.com/bladeacer/ocd/internal/sources/rss.go:56.9,56.37 1 0
github.com/bladeacer/ocd/internal/sources/rss.go:56.37,58.22 2 0
github.com/bladeacer/ocd/internal/sources/rss.go:58.22,60.5 1 0
github.com/bladeacer/ocd/internal/sources/rss.go:63.3,64.17 2 0
github.com/bladeacer/ocd/internal/sources/rss.go:64.17,66.4 1 0
github.com/bladeacer/ocd/internal/sources/rss.go:68.3,75.5 1 0
github.com/bladeacer/ocd/internal/sources/rss.go:78.2,78.24 1 0
github.com/bladeacer/ocd/internal/sources/rss.go:78.24,80.3 1 0
github.com/bladeacer/ocd/internal/sources/rss.go:82.2,83.22 2 0
github.com/bladeacer/ocd/internal/sources/rss.go:86.69,91.40 4 0
github.com/bladeacer/ocd/internal/sources/rss.go:91.40,92.31 1 0
github.com/bladeacer/ocd/internal/sources/rss.go:92.31,94.4 1 0
github.com/bladeacer/ocd/internal/sources/rss.go:94.9,96.4 1 0
github.com/bladeacer/ocd/internal/sources/rss.go:98.2,98.15 1 0
github.com/bladeacer/ocd/internal/tui/diffmodel.go:78.57,90.2 5 0
github.com/bladeacer/ocd/internal/tui/diffmodel.go:92.36,94.2 1 0
github.com/bladeacer/ocd/internal/tui/diffmodel.go:96.29,97.21 1 0
github.com/bladeacer/ocd/internal/tui/diffmodel.go:97.21,99.3 1 0
github.com/bladeacer/ocd/internal/tui/diffmodel.go:101.2,101.27 1 0
github.com/bladeacer/ocd/internal/tui/diffmodel.go:101.27,104.3 2 0
github.com/bladeacer/ocd/internal/tui/diffmodel.go:106.2,106.23 1 0
github.com/bladeacer/ocd/internal/tui/diffmodel.go:106.23,109.3 2 0
github.com/bladeacer/ocd/internal/tui/diffmodel.go:111.2,121.27 10 0
github.com/bladeacer/ocd/internal/tui/diffmodel.go:121.27,122.36 1 0
github.com/bladeacer/ocd/internal/tui/diffmodel.go:122.36,127.12 5 0
github.com/bladeacer/ocd/internal/tui/diffmodel.go:130.3,130.71 1 0
github.com/bladeacer/ocd/internal/tui/diffmodel.go:130.71,132.12 2 0
github.com/bladeacer/ocd/internal/tui/diffmodel.go:135.3,135.28 1 0
github.com/bladeacer/ocd/internal/tui/diffmodel.go:135.28,137.12 2 0
github.com/bladeacer/ocd/internal/tui/diffmodel.go:140.3,140.10 1 0
github.com/bladeacer/ocd/internal/tui/diffmodel.go:141.72,147.14 3 0
github.com/bladeacer/ocd/internal/tui/diffmodel.go:149.72,155.14 3 0
github.com/bladeacer/ocd/internal/tui/diffmodel.go:157.11,163.14 3 0
github.com/bladeacer/ocd/internal/tui/diffmodel.go:167.2,167.12 1 0
github.com/bladeacer/ocd/internal/tui/diffmodel.go:170.57,173.48 3 0
github.com/bladeacer/ocd/internal/tui/diffmodel.go:173.48,175.3 1 0
github.com/bladeacer/ocd/internal/tui/diffmodel.go:176.2,176.48 1 0
github.com/bladeacer/ocd/internal/tui/diffmodel.go:176.48,178.3 1 0
github.com/bladeacer/ocd/internal/tui/diffmodel.go:179.2,180.26 2 0
github.com/bladeacer/ocd/internal/tui/diffmodel.go:180.26,181.32 1 0
github.com/bladeacer/ocd/internal/tui/diffmodel.go:181.32,183.13 2 0
github.com/bladeacer/ocd/internal/tui/diffmodel.go:183.13,185.5 1 0
github.com/bladeacer/ocd/internal/tui/diffmodel.go:187.3,187.32 1 0
github.com/bladeacer/ocd/internal/tui/diffmodel.go:187.32,189.13 2 0
github.com/bladeacer/ocd/internal/tui/diffmodel.go:189.13,191.5 1 0
github.com/bladeacer/ocd/internal/tui/diffmodel.go:194.2,194.8 1 0
github.com/bladeacer/ocd/internal/tui/diffmodel.go:197.36,199.22 2 0
github.com/bladeacer/ocd/internal/tui/diffmodel.go:199.22,200.27 1 0
github.com/bladeacer/ocd/internal/tui/diffmodel.go:200.27,202.4 1 0
github.com/bladeacer/ocd/internal/tui/diffmodel.go:202.9,203.9 1 0
github.com/bladeacer/ocd/internal/tui/diffmodel.go:206.2,206.10 1 0
github.com/bladeacer/ocd/internal/tui/diffmodel.go:209.43,215.18 4 0
github.com/bladeacer/ocd/internal/tui/diffmodel.go:215.18,217.3 1 0
github.com/bladeacer/ocd/internal/tui/diffmodel.go:218.2,218.10 1 0
github.com/bladeacer/ocd/internal/tui/diffmodel.go:221.50,223.15 2 0
github.com/bladeacer/ocd/internal/tui/diffmodel.go:223.15,225.3 1 0
github.com/bladeacer/ocd/internal/tui/diffmodel.go:226.2,228.29 3 0
github.com/bladeacer/ocd/internal/tui/diffmodel.go:228.29,230.3 1 0
github.com/bladeacer/ocd/internal/tui/diffmodel.go:231.2,231.29 1 0
github.com/bladeacer/ocd/internal/tui/diffmodel.go:231.29,233.3 1 0
github.com/bladeacer/ocd/internal/tui/diffmodel.go:234.2,240.90 5 0
github.com/bladeacer/ocd/internal/tui/diffmodel.go:243.30,245.18 2 0
github.com/bladeacer/ocd/internal/tui/diffmodel.go:245.18,247.3 1 0
github.com/bladeacer/ocd/internal/tui/diffmodel.go:247.8,249.3 1 0
github.com/bladeacer/ocd/internal/tui/diffmodel.go:250.2,250.24 1 0
github.com/bladeacer/ocd/internal/tui/diffmodel.go:253.42,257.19 3 0
github.com/bladeacer/ocd/internal/tui/diffmodel.go:257.19,259.3 1 0
github.com/bladeacer/ocd/internal/tui/diffmodel.go:261.2,261.38 1 0
github.com/bladeacer/ocd/internal/tui/diffmodel.go:261.38,263.3 1 0
github.com/bladeacer/ocd/internal/tui/diffmodel.go:265.2,265.37 1 0
github.com/bladeacer/ocd/internal/tui/diffmodel.go:265.37,268.3 2 0
github.com/bladeacer/ocd/internal/tui/diffmodel.go:270.2,270.38 1 0
github.com/bladeacer/ocd/internal/tui/diffmodel.go:270.38,272.3 1 0
github.com/bladeacer/ocd/internal/tui/diffmodel.go:274.2,275.163 2 0
github.com/bladeacer/ocd/internal/tui/diffmodel.go:275.163,278.35 2 0
github.com/bladeacer/ocd/internal/tui/diffmodel.go:278.35,282.4 3 0
github.com/bladeacer/ocd/internal/tui/diffmodel.go:285.2,285.109 1 0
github.com/bladeacer/ocd/internal/tui/diffmodel.go:285.109,287.3 1 0
github.com/bladeacer/ocd/internal/tui/diffmodel.go:289.2,289.13 1 0
github.com/bladeacer/ocd/internal/tui/diffmodel.go:292.55,300.30 6 0
github.com/bladeacer/ocd/internal/tui/diffmodel.go:300.30,303.73 2 0
github.com/bladeacer/ocd/internal/tui/diffmodel.go:303.73,305.4 1 0
github.com/bladeacer/ocd/internal/tui/diffmodel.go:307.3,309.22 2 0
github.com/bladeacer/ocd/internal/tui/diffmodel.go:309.22,310.76 1 0
github.com/bladeacer/ocd/internal/tui/diffmodel.go:310.76,311.122 1 0
github.com/bladeacer/ocd/internal/tui/diffmodel.go:311.122,313.6 1 0
github.com/bladeacer/ocd/internal/tui/diffmodel.go:313.11,315.6 1 0
github.com/bladeacer/ocd/internal/tui/diffmodel.go:316.5,317.13 2 0
github.com/bladeacer/ocd/internal/tui/diffmodel.go:321.3,321.64 1 0
github.com/bladeacer/ocd/internal/tui/diffmodel.go:321.64,323.4 1 0
github.com/bladeacer/ocd/internal/tui/diffmodel.go:325.3,326.22 2 0
github.com/bladeacer/ocd/internal/tui/diffmodel.go:330.58,332.15 2 0
github.com/bladeacer/ocd/internal/tui/diffmodel.go:332.15,334.3 1 0
github.com/bladeacer/ocd/internal/tui/diffmodel.go:335.2,343.27 7 0
github.com/bladeacer/ocd/internal/tui/diffmodel.go:343.27,348.23 5 0
github.com/bladeacer/ocd/internal/tui/diffmodel.go:348.23,350.4 1 0
github.com/bladeacer/ocd/internal/tui/diffmodel.go:351.3,351.23 1 0
github.com/bladeacer/ocd/internal/tui/diffmodel.go:351.23,353.4 1 0
github.com/bladeacer/ocd/internal/tui/diffmodel.go:355.3,355.17 1 0
github.com/bladeacer/ocd/internal/tui/diffmodel.go:356.23,360.12 4 0
github.com/bladeacer/ocd/internal/tui/diffmodel.go:361.23,365.12 4 0
github.com/bladeacer/ocd/internal/tui/diffmodel.go:366.18,368.12 2 0
github.com/bladeacer/ocd/internal/tui/diffmodel.go:371.3,379.22 6 0
github.com/bladeacer/ocd/internal/tui/diffmodel.go:379.22,381.76 2 0
github.com/bladeacer/ocd/internal/tui/diffmodel.go:381.76,382.122 1 0
github.com/bladeacer/ocd/internal/tui/diffmodel.go:382.122,384.6 1 0
github.com/bladeacer/ocd/internal/tui/diffmodel.go:384.11,386.6 1 0
github.com/bladeacer/ocd/internal/tui/diffmodel.go:388.9,388.126 1 0
github.com/bladeacer/ocd/internal/tui/diffmodel.go:388.126,391.4 2 0
github.com/bladeacer/ocd/internal/tui/diffmodel.go:393.3,394.22 2 0
github.com/bladeacer/ocd/internal/tui/diffmodel.go:398.81,399.19 1 0
github.com/bladeacer/ocd/internal/tui/diffmodel.go:399.19,401.3 1 0
github.com/bladeacer/ocd/internal/tui/diffmodel.go:402.2,403.15 2 0
github.com/bladeacer/ocd/internal/tui/diffmodel.go:403.15,405.3 1 0
github.com/bladeacer/ocd/internal/tui/diffmodel.go:405.8,407.3 1 0
github.com/bladeacer/ocd/internal/tui/diffmodel.go:408.2,409.73 2 0
github.com/bladeacer/ocd/internal/tui/diffmodel.go:409.73,412.17 3 0
github.com/bladeacer/ocd/internal/tui/diffmodel.go:412.17,414.4 1 0
github.com/bladeacer/ocd/internal/tui/diffmodel.go:414.9,416.4 1 0
github.com/bladeacer/ocd/internal/tui/diffmodel.go:418.2,420.17 3 0
github.com/bladeacer/ocd/internal/tui/diffmodel.go:420.17,421.38 1 0
github.com/bladeacer/ocd/internal/tui/diffmodel.go:421.38,423.4 1 0
github.com/bladeacer/ocd/internal/tui/diffmodel.go:423.9,423.45 1 0
github.com/bladeacer/ocd/internal/tui/diffmodel.go:423.45,425.4 1 0
github.com/bladeacer/ocd/internal/tui/diffmodel.go:427.2,427.15 1 0
github.com/bladeacer/ocd/internal/tui/diffmodel.go:438.49,440.30 2 0
github.com/bladeacer/ocd/internal/tui/diffmodel.go:440.30,441.18 1 0
github.com/bladeacer/ocd/internal/tui/diffmodel.go:442.20,449.6 1 0
github.com/bladeacer/ocd/internal/tui/diffmodel.go:450.16,457.6 1 0
github.com/bladeacer/ocd/internal/tui/diffmodel.go:458.16,465.6 1 0
github.com/bladeacer/ocd/internal/tui/diffmodel.go:466.23,471.6 1 0
github.com/bladeacer/ocd/internal/tui/diffmodel.go:472.23,477.6 1 0
github.com/bladeacer/ocd/internal/tui/diffmodel.go:478.11,483.6 1 0
github.com/bladeacer/ocd/internal/tui/diffmodel.go:486.2,486.15 1 0
github.com/bladeacer/ocd/internal/tui/diffmodel.go:489.80,492.23 3 0
github.com/bladeacer/ocd/internal/tui/diffmodel.go:492.23,494.3 1 0
github.com/bladeacer/ocd/internal/tui/diffmodel.go:495.2,495.23 1 0
github.com/bladeacer/ocd/internal/tui/diffmodel.go:495.23,497.3 1 0
github.com/bladeacer/ocd/internal/tui/diffmodel.go:498.2,500.17 2 0
github.com/bladeacer/ocd/internal/tui/diffmodel.go:501.22,504.4 1 0
github.com/bladeacer/ocd/internal/tui/diffmodel.go:505.15,508.4 1 0
github.com/bladeacer/ocd/internal/tui/diffmodel.go:509.15,512.4 1 0
github.com/bladeacer/ocd/internal/tui/diffmodel.go:513.22,516.4 1 0
github.com/bladeacer/ocd/internal/tui/diffmodel.go:517.17,518.12 1 0
github.com/bladeacer/ocd/internal/tui/diffmodel.go:519.10,520.64 1 0
github.com/bladeacer/ocd/internal/tui/diffmodel.go:524.39,525.12 1 0
github.com/bladeacer/ocd/internal/tui/diffmodel.go:525.12,527.3 1 0
github.com/bladeacer/ocd/internal/tui/diffmodel.go:528.2,529.21 2 0
github.com/bladeacer/ocd/internal/tui/diffmodel.go:529.21,531.3 1 0
github.com/bladeacer/ocd/internal/tui/diffmodel.go:532.2,532.11 1 0
github.com/bladeacer/ocd/internal/tui/diffmodel.go:532.11,534.3 1 0
github.com/bladeacer/ocd/internal/tui/diffmodel.go:535.2,535.26 1 0
github.com/bladeacer/ocd/internal/tui/diffmodel.go:538.39,539.17 1 0
github.com/bladeacer/ocd/internal/tui/diffmodel.go:539.17,541.3 1 0
github.com/bladeacer/ocd/internal/tui/diffmodel.go:542.2,542.42 1 0
github.com/bladeacer/ocd/internal/tui/diffmodel.go:545.33,548.22 3 0
github.com/bladeacer/ocd/internal/tui/diffmodel.go:548.22,549.18 1 0
github.com/bladeacer/ocd/internal/tui/diffmodel.go:549.18,551.12 2 0
github.com/bladeacer/ocd/internal/tui/diffmodel.go:553.3,553.15 1 0
github.com/bladeacer/ocd/internal/tui/diffmodel.go:553.15,554.56 1 0
github.com/bladeacer/ocd/internal/tui/diffmodel.go:554.56,556.5 1 0
github.com/bladeacer/ocd/internal/tui/diffmodel.go:557.4,557.12 1 0
github.com/bladeacer/ocd/internal/tui/diffmodel.go:559.3,559.19 1 0
github.com/bladeacer/ocd/internal/tui/diffmodel.go:561.2,561.21 1 0
github.com/bladeacer/ocd/internal/tui/diffmodel.go:564.39,565.21 1 0
github.com/bladeacer/ocd/internal/tui/diffmodel.go:565.21,567.3 1 0
github.com/bladeacer/ocd/internal/tui/diffmodel.go:568.2,571.14 4 0
github.com/bladeacer/ocd/internal/tui/diffmodel.go:571.14,573.3 1 0
github.com/bladeacer/ocd/internal/tui/diffmodel.go:576.57,578.18 2 0
github.com/bladeacer/ocd/internal/tui/diffmodel.go:578.18,580.3 1 0
github.com/bladeacer/ocd/internal/tui/diffmodel.go:581.2,581.11 1 0
github.com/bladeacer/ocd/internal/tui/diffmodel.go:581.11,583.3 1 0
github.com/bladeacer/ocd/internal/tui/diffmodel.go:584.2,584.10 1 0
github.com/bladeacer/ocd/internal/tui/diffmodel.go:587.62,588.27 1 0
github.com/bladeacer/ocd/internal/tui/diffmodel.go:589.25,595.16 6 0
github.com/bladeacer/ocd/internal/tui/diffmodel.go:597.18,598.19 1 0
github.com/bladeacer/ocd/internal/tui/diffmodel.go:598.19,600.4 1 0
github.com/bladeacer/ocd/internal/tui/diffmodel.go:601.3,601.32 1 0
github.com/bladeacer/ocd/internal/tui/diffmodel.go:604.2,606.15 3 0
github.com/bladeacer/ocd/internal/tui/diffmodel.go:617.74,618.22 1 0
github.com/bladeacer/ocd/internal/tui/diffmodel.go:619.27,624.16 5 0
github.com/bladeacer/ocd/internal/tui/diffmodel.go:626.24,631.33 5 0
github.com/bladeacer/ocd/internal/tui/diffmodel.go:631.33,633.4 1 0
github.com/bladeacer/ocd/internal/tui/diffmodel.go:634.3,636.33 3 0
github.com/bladeacer/ocd/internal/tui/diffmodel.go:636.33,638.4 1 0
github.com/bladeacer/ocd/internal/tui/diffmodel.go:639.3,639.16 1 0
github.com/bladeacer/ocd/internal/tui/diffmodel.go:641.20,643.19 2 0
github.com/bladeacer/ocd/internal/tui/diffmodel.go:643.19,645.4 1 0
github.com/bladeacer/ocd/internal/tui/diffmodel.go:646.3,648.16 3 0
github.com/bladeacer/ocd/internal/tui/diffmodel.go:651.2,651.28 1 0
github.com/bladeacer/ocd/internal/tui/diffmodel.go:651.28,656.3 4 0
github.com/bladeacer/ocd/internal/tui/diffmodel.go:658.2,658.15 1 0
github.com/bladeacer/ocd/internal/tui/diffmodel.go:661.42,664.21 3 0
github.com/bladeacer/ocd/internal/tui/diffmodel.go:664.21,666.3 1 0
github.com/bladeacer/ocd/internal/tui/diffmodel.go:667.2,668.30 2 0
github.com/bladeacer/ocd/internal/tui/diffmodel.go:668.30,669.52 1 0
github.com/bladeacer/ocd/internal/tui/diffmodel.go:669.52,671.4 1 0
github.com/bladeacer/ocd/internal/tui/diffmodel.go:675.37,676.33 1 0
github.com/bladeacer/ocd/internal/tui/diffmodel.go:676.33,678.3 1 0
github.com/bladeacer/ocd/internal/tui/diffmodel.go:679.2,681.27 3 0
github.com/bladeacer/ocd/internal/tui/diffmodel.go:681.27,683.3 1 0
github.com/bladeacer/ocd/internal/tui/diffmodel.go:686.74,689.55 2 0
github.com/bladeacer/ocd/internal/tui/diffmodel.go:689.55,693.3 3 0
github.com/bladeacer/ocd/internal/tui/diffmodel.go:695.2,695.16 1 0
github.com/bladeacer/ocd/internal/tui/diffmodel.go:695.16,698.14 3 0
github.com/bladeacer/ocd/internal/tui/diffmodel.go:699.12,701.26 2 0
github.com/bladeacer/ocd/internal/tui/diffmodel.go:701.26,704.30 3 0
github.com/bladeacer/ocd/internal/tui/diffmodel.go:704.30,706.6 1 0
github.com/bladeacer/ocd/internal/tui/diffmodel.go:707.5,708.19 2 0
github.com/bladeacer/ocd/internal/tui/diffmodel.go:708.19,710.6 1 0
github.com/bladeacer/ocd/internal/tui/diffmodel.go:712.4,713.17 2 0
github.com/bladeacer/ocd/internal/tui/diffmodel.go:714.12,716.26 2 0
github.com/bladeacer/ocd/internal/tui/diffmodel.go:716.26,718.30 2 0
github.com/bladeacer/ocd/internal/tui/diffmodel.go:718.30,720.6 1 0
github.com/bladeacer/ocd/internal/tui/diffmodel.go:722.4,723.17 2 0
github.com/bladeacer/ocd/internal/tui/diffmodel.go:724.12,725.26 1 0
github.com/bladeacer/ocd/internal/tui/diffmodel.go:725.26,730.24 5 0
github.com/bladeacer/ocd/internal/tui/diffmodel.go:730.24,732.6 1 0
github.com/bladeacer/ocd/internal/tui/diffmodel.go:732.11,733.31 1 0
github.com/bladeacer/ocd/internal/tui/diffmodel.go:733.31,735.7 1 0
github.com/bladeacer/ocd/internal/tui/diffmodel.go:738.4,739.17 2 0
github.com/bladeacer/ocd/internal/tui/diffmodel.go:741.3,742.16 2 0
github.com/bladeacer/ocd/internal/tui/diffmodel.go:745.2,745.13 1 0
github.com/bladeacer/ocd/internal/tui/diffmodel.go:746.11,750.16 4 0
github.com/bladeacer/ocd/internal/tui/diffmodel.go:751.11,755.16 4 0
github.com/bladeacer/ocd/internal/tui/diffmodel.go:757.11,761.52 4 0
github.com/bladeacer/ocd/internal/tui/diffmodel.go:761.52,768.4 6 0
github.com/bladeacer/ocd/internal/tui/diffmodel.go:769.3,770.12 2 0
github.com/bladeacer/ocd/internal/tui/diffmodel.go:770.12,772.4 1 0
github.com/bladeacer/ocd/internal/tui/diffmodel.go:773.3,773.26 1 0
github.com/bladeacer/ocd/internal/tui/diffmodel.go:773.26,775.4 1 0
github.com/bladeacer/ocd/internal/tui/diffmodel.go:776.3,777.16 2 0
github.com/bladeacer/ocd/internal/tui/diffmodel.go:778.11,782.52 4 0
github.com/bladeacer/ocd/internal/tui/diffmodel.go:782.52,789.4 6 0
github.com/bladeacer/ocd/internal/tui/diffmodel.go:790.3,791.12 2 0
github.com/bladeacer/ocd/internal/tui/diffmodel.go:791.12,793.4 1 0
github.com/bladeacer/ocd/internal/tui/diffmodel.go:794.3,794.26 1 0
github.com/bladeacer/ocd/internal/tui/diffmodel.go:794.26,796.4 1 0
github.com/bladeacer/ocd/internal/tui/diffmodel.go:797.3,798.16 2 0
github.com/bladeacer/ocd/internal/tui/diffmodel.go:800.19,803.12 3 0
github.com/bladeacer/ocd/internal/tui/diffmodel.go:803.12,805.4 1 0
github.com/bladeacer/ocd/internal/tui/diffmodel.go:806.3,808.16 3 0
github.com/bladeacer/ocd/internal/tui/diffmodel.go:810.17,813.12 3 0
github.com/bladeacer/ocd/internal/tui/diffmodel.go:813.12,815.4 1 0
github.com/bladeacer/ocd/internal/tui/diffmodel.go:816.3,818.16 3 0
github.com/bladeacer/ocd/internal/tui/diffmodel.go:820.11,826.39 6 0
github.com/bladeacer/ocd/internal/tui/diffmodel.go:826.39,828.4 1 0
github.com/bladeacer/ocd/internal/tui/diffmodel.go:829.3,829.16 1 0
github.com/bladeacer/ocd/internal/tui/diffmodel.go:831.11,833.17 2 0
github.com/bladeacer/ocd/internal/tui/diffmodel.go:833.17,836.4 2 0
github.com/bladeacer/ocd/internal/tui/diffmodel.go:836.9,838.4 1 0
github.com/bladeacer/ocd/internal/tui/diffmodel.go:839.3,840.16 2 0
github.com/bladeacer/ocd/internal/tui/diffmodel.go:841.11,846.16 5 0
github.com/bladeacer/ocd/internal/tui/diffmodel.go:848.11,850.17 2 0
github.com/bladeacer/ocd/internal/tui/diffmodel.go:850.17,853.26 3 0
github.com/bladeacer/ocd/internal/tui/diffmodel.go:853.26,856.30 3 0
github.com/bladeacer/ocd/internal/tui/diffmodel.go:856.30,858.6 1 0
github.com/bladeacer/ocd/internal/tui/diffmodel.go:859.5,860.19 2 0
github.com/bladeacer/ocd/internal/tui/diffmodel.go:860.19,862.6 1 0
github.com/bladeacer/ocd/internal/tui/diffmodel.go:864.9,866.4 1 0
github.com/bladeacer/ocd/internal/tui/diffmodel.go:867.3,868.16 2 0
github.com/bladeacer/ocd/internal/tui/diffmodel.go:870.11,878.16 8 0
github.com/bladeacer/ocd/internal/tui/diffmodel.go:880.11,883.17 3 0
github.com/bladeacer/ocd/internal/tui/diffmodel.go:883.17,886.4 2 0
github.com/bladeacer/ocd/internal/tui/diffmodel.go:887.3,888.25 2 0
github.com/bladeacer/ocd/internal/tui/diffmodel.go:890.11,894.24 4 0
github.com/bladeacer/ocd/internal/tui/diffmodel.go:896.11,900.29 4 0
github.com/bladeacer/ocd/internal/tui/diffmodel.go:902.11,908.16 6 0
github.com/bladeacer/ocd/internal/tui/diffmodel.go:910.15,914.16 4 0
github.com/bladeacer/ocd/internal/tui/diffmodel.go:916.15,920.16 4 0
github.com/bladeacer/ocd/internal/tui/diffmodel.go:923.2,927.53 4 0
github.com/bladeacer/ocd/internal/tui/diffmodel.go:927.53,929.25 2 0
github.com/bladeacer/ocd/internal/tui/diffmodel.go:929.25,932.4 2 0
github.com/bladeacer/ocd/internal/tui/diffmodel.go:935.2,937.15 3 0
github.com/bladeacer/ocd/internal/tui/diffmodel.go:940.53,942.52 2 0
github.com/bladeacer/ocd/internal/tui/diffmodel.go:942.52,944.3 1 0
github.com/bladeacer/ocd/internal/tui/diffmodel.go:945.2,945.34 1 0
github.com/bladeacer/ocd/internal/tui/diffmodel.go:948.40,949.24 1 0
github.com/bladeacer/ocd/internal/tui/diffmodel.go:949.24,950.26 1 0
github.com/bladeacer/ocd/internal/tui/diffmodel.go:950.26,952.4 1 0
github.com/bladeacer/ocd/internal/tui/diffmodel.go:953.3,955.39 3 0
github.com/bladeacer/ocd/internal/tui/diffmodel.go:955.39,957.4 1 0
github.com/bladeacer/ocd/internal/tui/diffmodel.go:958.3,959.50 2 0
github.com/bladeacer/ocd/internal/tui/diffmodel.go:959.50,961.4 1 0
github.com/bladeacer/ocd/internal/tui/diffmodel.go:962.3,962.13 1 0
github.com/bladeacer/ocd/internal/tui/diffmodel.go:966.47,967.24 1 0
github.com/bladeacer/ocd/internal/tui/diffmodel.go:967.24,968.26 1 0
github.com/bladeacer/ocd/internal/tui/diffmodel.go:968.26,970.4 1 0
github.com/bladeacer/ocd/internal/tui/diffmodel.go:971.3,972.42 2 0
github.com/bladeacer/ocd/internal/tui/diffmodel.go:972.42,973.67 1 0
github.com/bladeacer/ocd/internal/tui/diffmodel.go:973.67,975.5 1 0
github.com/bladeacer/ocd/internal/tui/diffmodel.go:977.3,977.13 1 0
github.com/bladeacer/ocd/internal/tui/diffmodel.go:981.39,982.24 1 0
github.com/bladeacer/ocd/internal/tui/diffmodel.go:982.24,984.50 2 0
github.com/bladeacer/ocd/internal/tui/diffmodel.go:984.50,986.4 1 0
github.com/bladeacer/ocd/internal/tui/diffmodel.go:987.3,987.13 1 0
github.com/bladeacer/ocd/internal/tui/diffmodel.go:991.44,993.16 2 0
github.com/bladeacer/ocd/internal/tui/diffmodel.go:993.16,995.3 1 0
github.com/bladeacer/ocd/internal/tui/diffmodel.go:996.2,997.56 2 0
github.com/bladeacer/ocd/internal/tui/diffmodel.go:997.56,1000.3 2 0
github.com/bladeacer/ocd/internal/tui/diffmodel.go:1001.2,1004.18 3 0
github.com/bladeacer/ocd/internal/tui/diffmodel.go:1004.18,1006.3 1 0
github.com/bladeacer/ocd/internal/tui/diffmodel.go:1007.2,1008.54 2 0
github.com/bladeacer/ocd/internal/tui/diffmodel.go:1008.54,1011.3 2 0
github.com/bladeacer/ocd/internal/tui/diffmodel.go:1014.32,1015.25 1 0
github.com/bladeacer/ocd/internal/tui/diffmodel.go:1015.25,1017.3 1 0
github.com/bladeacer/ocd/internal/tui/diffmodel.go:1018.2,1020.48 3 0
github.com/bladeacer/ocd/internal/tui/diffmodel.go:1020.48,1022.3 1 0
github.com/bladeacer/ocd/internal/tui/diffmodel.go:1025.32,1026.25 1 0
github.com/bladeacer/ocd/internal/tui/diffmodel.go:1026.25,1028.3 1 0
github.com/bladeacer/ocd/internal/tui/diffmodel.go:1029.2,1030.23 2 0
github.com/bladeacer/ocd/internal/tui/diffmodel.go:1030.23,1032.3 1 0
github.com/bladeacer/ocd/internal/tui/diffmodel.go:1033.2,1034.48 2 0
github.com/bladeacer/ocd/internal/tui/diffmodel.go:1034.48,1036.3 1 0
github.com/bladeacer/ocd/internal/tui/diffmodel.go:1039.46,1040.25 1 0
github.com/bladeacer/ocd/internal/tui/diffmodel.go:1040.25,1042.3 1 0
github.com/bladeacer/ocd/internal/tui/diffmodel.go:1043.2,1045.38 3 0
github.com/bladeacer/ocd/internal/tui/diffmodel.go:1045.38,1047.3 1 0
github.com/bladeacer/ocd/internal/tui/diffmodel.go:1048.2,1048.19 1 0
github.com/bladeacer/ocd/internal/tui/diffmodel.go:1051.35,1052.14 1 0
github.com/bladeacer/ocd/internal/tui/diffmodel.go:1052.14,1054.3 1 0
github.com/bladeacer/ocd/internal/tui/diffmodel.go:1055.2,1055.66 1 0
github.com/bladeacer/ocd/internal/tui/diffmodel.go:1055.66,1058.3 2 0
github.com/bladeacer/ocd/internal/tui/diffmodel.go:1058.8,1058.55 1 0
github.com/bladeacer/ocd/internal/tui/diffmodel.go:1058.55,1060.3 1 0
github.com/bladeacer/ocd/internal/tui/diffmodel.go:1060.8,1060.34 1 0
github.com/bladeacer/ocd/internal/tui/diffmodel.go:1060.34,1062.3 1 0
github.com/bladeacer/ocd/internal/tui/diffmodel.go:1064.2,1066.18 3 0
github.com/bladeacer/ocd/internal/tui/diffmodel.go:1066.18,1068.3 1 0
github.com/bladeacer/ocd/internal/tui/diffmodel.go:1070.2,1071.24 2 0
github.com/bladeacer/ocd/internal/tui/diffmodel.go:1071.24,1075.3 1 0
github.com/bladeacer/ocd/internal/tui/diffmodel.go:1077.2,1085.16 3 0
github.com/bladeacer/ocd/internal/tui/diffmodel.go:1085.16,1087.3 1 0
github.com/bladeacer/ocd/internal/tui/diffmodel.go:1089.2,1089.13 1 0
github.com/bladeacer/ocd/internal/tui/diffmodel.go:1092.41,1117.2 4 0
github.com/bladeacer/ocd/internal/tui/diffmodel.go:1119.53,1124.2 4 0
github.com/bladeacer/ocd/internal/tui/model.go:68.49,117.2 12 0
github.com/bladeacer/ocd/internal/tui/model.go:119.32,121.2 1 0
github.com/bladeacer/ocd/internal/tui/model.go:123.38,126.2 2 0
github.com/bladeacer/ocd/internal/tui/model.go:128.37,131.2 2 0
github.com/bladeacer/ocd/internal/tui/model.go:133.58,134.27 1 0
github.com/bladeacer/ocd/internal/tui/model.go:135.25,138.16 3 0
github.com/bladeacer/ocd/internal/tui/model.go:140.21,142.30 2 0
github.com/bladeacer/ocd/internal/tui/model.go:142.30,145.4 2 0
github.com/bladeacer/ocd/internal/tui/model.go:146.3,149.16 4 0
github.com/bladeacer/ocd/internal/tui/model.go:151.15,152.30 1 0
github.com/bladeacer/ocd/internal/tui/model.go:152.30,154.42 2 0
github.com/bladeacer/ocd/internal/tui/model.go:154.42,156.5 1 0
github.com/bladeacer/ocd/internal/tui/model.go:157.4,157.26 1 0
github.com/bladeacer/ocd/internal/tui/model.go:159.3,159.16 1 0
github.com/bladeacer/ocd/internal/tui/model.go:161.18,162.26 1 0
github.com/bladeacer/ocd/internal/tui/model.go:164.23,167.16 3 0
github.com/bladeacer/ocd/internal/tui/model.go:170.2,170.15 1 0
github.com/bladeacer/ocd/internal/tui/model.go:173.64,174.17 1 0
github.com/bladeacer/ocd/internal/tui/model.go:175.20,176.33 1 0
github.com/bladeacer/ocd/internal/tui/model.go:177.18,178.31 1 0
github.com/bladeacer/ocd/internal/tui/model.go:179.19,180.32 1 0
github.com/bladeacer/ocd/internal/tui/model.go:181.20,182.33 1 0
github.com/bladeacer/ocd/internal/tui/model.go:184.2,184.15 1 0
github.com/bladeacer/ocd/internal/tui/model.go:187.71,188.53 1 0
github.com/bladeacer/ocd/internal/tui/model.go:188.53,190.3 1 0
github.com/bladeacer/ocd/internal/tui/model.go:191.2,191.15 1 0
github.com/bladeacer/ocd/internal/tui/model.go:194.69,195.22 1 0
github.com/bladeacer/ocd/internal/tui/model.go:196.21,197.21 1 0
github.com/bladeacer/ocd/internal/tui/model.go:199.16,200.23 1 0
github.com/bladeacer/ocd/internal/tui/model.go:202.11,206.16 4 0
github.com/bladeacer/ocd/internal/tui/model.go:208.11,210.19 2 0
github.com/bladeacer/ocd/internal/tui/model.go:212.11,214.19 2 0
github.com/bladeacer/ocd/internal/tui/model.go:216.11,218.19 2 0
github.com/bladeacer/ocd/internal/tui/model.go:220.11,222.19 2 0
github.com/bladeacer/ocd/internal/tui/model.go:224.11,226.16 2 0
github.com/bladeacer/ocd/internal/tui/model.go:229.2,231.15 3 0
github.com/bladeacer/ocd/internal/tui/model.go:234.70,235.22 1 0
github.com/bladeacer/ocd/internal/tui/model.go:236.27,242.16 6 0
github.com/bladeacer/ocd/internal/tui/model.go:244.24,249.16 5 0
github.com/bladeacer/ocd/internal/tui/model.go:251.19,253.19 2 0
github.com/bladeacer/ocd/internal/tui/model.go:253.19,255.4 1 0
github.com/bladeacer/ocd/internal/tui/model.go:256.3,258.16 3 0
github.com/bladeacer/ocd/internal/tui/model.go:259.11,266.16 7 0
github.com/bladeacer/ocd/internal/tui/model.go:269.2,269.28 1 0
github.com/bladeacer/ocd/internal/tui/model.go:269.28,274.3 4 0
github.com/bladeacer/ocd/internal/tui/model.go:276.2,276.15 1 0
github.com/bladeacer/ocd/internal/tui/model.go:279.71,280.22 1 0
github.com/bladeacer/ocd/internal/tui/model.go:281.21,282.21 1 0
github.com/bladeacer/ocd/internal/tui/model.go:283.27,286.16 3 0
github.com/bladeacer/ocd/internal/tui/model.go:288.2,288.15 1 0
github.com/bladeacer/ocd/internal/tui/model.go:291.50,293.16 2 0
github.com/bladeacer/ocd/internal/tui/model.go:293.16,295.3 1 0
github.com/bladeacer/ocd/internal/tui/model.go:296.2,298.15 3 0
github.com/bladeacer/ocd/internal/tui/model.go:301.32,304.29 2 0
github.com/bladeacer/ocd/internal/tui/model.go:304.29,309.42 4 0
github.com/bladeacer/ocd/internal/tui/model.go:309.42,310.12 1 0
github.com/bladeacer/ocd/internal/tui/model.go:312.3,312.25 1 0
github.com/bladeacer/ocd/internal/tui/model.go:312.25,314.35 2 0
github.com/bladeacer/ocd/internal/tui/model.go:314.35,315.29 1 0
github.com/bladeacer/ocd/internal/tui/model.go:315.29,317.11 2 0
github.com/bladeacer/ocd/internal/tui/model.go:320.4,320.15 1 0
github.com/bladeacer/ocd/internal/tui/model.go:320.15,321.13 1 0
github.com/bladeacer/ocd/internal/tui/model.go:324.3,324.46 1 0
github.com/bladeacer/ocd/internal/tui/model.go:324.46,325.12 1 0
github.com/bladeacer/ocd/internal/tui/model.go:327.3,327.26 1 0
github.com/bladeacer/ocd/internal/tui/model.go:327.26,329.69 2 0
github.com/bladeacer/ocd/internal/tui/model.go:329.69,330.13 1 0
github.com/bladeacer/ocd/internal/tui/model.go:333.3,333.35 1 0
github.com/bladeacer/ocd/internal/tui/model.go:336.2,337.21 2 0
github.com/bladeacer/ocd/internal/tui/model.go:340.50,342.2 1 0
github.com/bladeacer/ocd/internal/tui/model.go:344.35,346.17 2 0
github.com/bladeacer/ocd/internal/tui/model.go:346.17,348.3 1 0
github.com/bladeacer/ocd/internal/tui/model.go:350.2,353.41 3 0
github.com/bladeacer/ocd/internal/tui/model.go:353.41,357.23 3 0
github.com/bladeacer/ocd/internal/tui/model.go:357.23,360.22 3 0
github.com/bladeacer/ocd/internal/tui/model.go:360.22,362.5 1 0
github.com/bladeacer/ocd/internal/tui/model.go:364.3,364.37 1 0
github.com/bladeacer/ocd/internal/tui/model.go:367.2,367.23 1 0
github.com/bladeacer/ocd/internal/tui/model.go:370.29,374.37 3 0
github.com/bladeacer/ocd/internal/tui/model.go:374.37,376.3 1 0
github.com/bladeacer/ocd/internal/tui/model.go:378.2,381.46 3 0
github.com/bladeacer/ocd/internal/tui/model.go:381.46,386.3 1 0
github.com/bladeacer/ocd/internal/tui/model.go:388.2,390.36 2 0
github.com/bladeacer/ocd/internal/tui/model.go:390.36,393.16 3 0
github.com/bladeacer/ocd/internal/tui/model.go:393.16,394.12 1 0
github.com/bladeacer/ocd/internal/tui/model.go:396.3,400.16 4 0
github.com/bladeacer/ocd/internal/tui/model.go:400.16,401.38 1 0
github.com/bladeacer/ocd/internal/tui/model.go:401.38,403.5 1 0
github.com/bladeacer/ocd/internal/tui/model.go:406.3,408.33 3 0
github.com/bladeacer/ocd/internal/tui/model.go:408.33,409.17 1 0
github.com/bladeacer/ocd/internal/tui/model.go:409.17,411.5 1 0
github.com/bladeacer/ocd/internal/tui/model.go:411.10,413.5 1 0
github.com/bladeacer/ocd/internal/tui/model.go:416.3,417.52 2 0
github.com/bladeacer/ocd/internal/tui/model.go:417.52,419.4 1 0
github.com/bladeacer/ocd/internal/tui/model.go:421.3,422.21 2 0
github.com/bladeacer/ocd/internal/tui/model.go:422.21,424.4 1 0
github.com/bladeacer/ocd/internal/tui/model.go:426.3,435.5 1 0
github.com/bladeacer/ocd/internal/tui/model.go:438.2,439.19 2 0
github.com/bladeacer/ocd/internal/tui/model.go:442.41,453.2 1 0
github.com/bladeacer/ocd/internal/tui/model.go:455.42,458.16 3 0
github.com/bladeacer/ocd/internal/tui/model.go:458.16,460.3 1 0
github.com/bladeacer/ocd/internal/tui/model.go:461.2,462.9 2 0
github.com/bladeacer/ocd/internal/tui/model.go:462.9,464.3 1 0
github.com/bladeacer/ocd/internal/tui/model.go:465.2,465.30 1 0
github.com/bladeacer/ocd/internal/tui/model.go:465.30,467.3 1 0
github.com/bladeacer/ocd/internal/tui/model.go:468.2,468.25 1 0
github.com/bladeacer/ocd/internal/tui/model.go:471.35,474.26 3 0
github.com/bladeacer/ocd/internal/tui/model.go:474.26,475.12 1 0
github.com/bladeacer/ocd/internal/tui/model.go:475.12,477.4 1 0
github.com/bladeacer/ocd/internal/tui/model.go:479.2,479.13 1 0
github.com/bladeacer/ocd/internal/tui/model.go:482.25,484.22 2 0
github.com/bladeacer/ocd/internal/tui/model.go:484.22,485.27 1 0
github.com/bladeacer/ocd/internal/tui/model.go:485.27,487.4 1 0
github.com/bladeacer/ocd/internal/tui/model.go:489.2,489.10 1 0
github.com/bladeacer/ocd/internal/tui/model.go:492.38,493.25 1 0
github.com/bladeacer/ocd/internal/tui/model.go:493.25,496.17 3 0
github.com/bladeacer/ocd/internal/tui/model.go:496.17,498.4 1 0
github.com/bladeacer/ocd/internal/tui/model.go:499.3,499.17 1 0
github.com/bladeacer/ocd/internal/tui/model.go:499.17,501.4 1 0
github.com/bladeacer/ocd/internal/tui/model.go:502.3,502.15 1 0
github.com/bladeacer/ocd/internal/tui/model.go:502.15,504.4 1 0
github.com/bladeacer/ocd/internal/tui/model.go:506.2,506.10 1 0
github.com/bladeacer/ocd/internal/tui/model.go:509.38,510.37 1 0
github.com/bladeacer/ocd/internal/tui/model.go:510.37,512.3 1 0
github.com/bladeacer/ocd/internal/tui/model.go:513.2,513.16 1 0
github.com/bladeacer/ocd/internal/tui/model.go:514.22,515.11 1 0
github.com/bladeacer/ocd/internal/tui/model.go:516.19,517.11 1 0
github.com/bladeacer/ocd/internal/tui/model.go:518.24,519.11 1 0
github.com/bladeacer/ocd/internal/tui/model.go:521.2,521.10 1 0
github.com/bladeacer/ocd/internal/tui/model.go:524.35,525.13 1 0
github.com/bladeacer/ocd/internal/tui/model.go:525.13,527.3 1 0
github.com/bladeacer/ocd/internal/tui/model.go:528.2,528.16 1 0
github.com/bladeacer/ocd/internal/tui/pickermodel.go:47.61,77.2 8 0
github.com/bladeacer/ocd/internal/tui/pickermodel.go:79.38,81.2 1 0
github.com/bladeacer/ocd/internal/tui/pickermodel.go:83.42,86.2 2 0
github.com/bladeacer/ocd/internal/tui/pickermodel.go:88.64,89.27 1 0
github.com/bladeacer/ocd/internal/tui/pickermodel.go:90.21,92.30 2 0
github.com/bladeacer/ocd/internal/tui/pickermodel.go:92.30,95.4 2 0
github.com/bladeacer/ocd/internal/tui/pickermodel.go:96.3,98.16 3 0
github.com/bladeacer/ocd/internal/tui/pickermodel.go:100.32,103.16 3 0
github.com/bladeacer/ocd/internal/tui/pickermodel.go:105.18,106.38 1 0
github.com/bladeacer/ocd/internal/tui/pickermodel.go:106.38,107.55 1 0
github.com/bladeacer/ocd/internal/tui/pickermodel.go:107.55,110.5 2 0
github.com/bladeacer/ocd/internal/tui/pickermodel.go:111.4,111.17 1 0
github.com/bladeacer/ocd/internal/tui/pickermodel.go:114.3,114.26 1 0
github.com/bladeacer/ocd/internal/tui/pickermodel.go:117.2,117.15 1 0
github.com/bladeacer/ocd/internal/tui/pickermodel.go:120.70,121.18 1 0
github.com/bladeacer/ocd/internal/tui/pickermodel.go:121.18,123.3 1 0
github.com/bladeacer/ocd/internal/tui/pickermodel.go:125.2,125.22 1 0
github.com/bladeacer/ocd/internal/tui/pickermodel.go:126.21,128.21 2 0
github.com/bladeacer/ocd/internal/tui/pickermodel.go:129.11,133.16 4 0
github.com/bladeacer/ocd/internal/tui/pickermodel.go:134.16,135.27 1 0
github.com/bladeacer/ocd/internal/tui/pickermodel.go:136.11,138.18 2 0
github.com/bladeacer/ocd/internal/tui/pickermodel.go:139.11,141.18 2 0
github.com/bladeacer/ocd/internal/tui/pickermodel.go:142.11,144.16 2 0
github.com/bladeacer/ocd/internal/tui/pickermodel.go:147.2,149.15 3 0
github.com/bladeacer/ocd/internal/tui/pickermodel.go:152.76,153.22 1 0
github.com/bladeacer/ocd/internal/tui/pickermodel.go:154.27,160.16 6 0
github.com/bladeacer/ocd/internal/tui/pickermodel.go:161.24,166.16 5 0
github.com/bladeacer/ocd/internal/tui/pickermodel.go:167.20,169.19 2 0
github.com/bladeacer/ocd/internal/tui/pickermodel.go:169.19,171.4 1 0
github.com/bladeacer/ocd/internal/tui/pickermodel.go:172.3,174.16 3 0
github.com/bladeacer/ocd/internal/tui/pickermodel.go:175.11,182.16 7 0
github.com/bladeacer/ocd/internal/tui/pickermodel.go:185.2,185.28 1 0
github.com/bladeacer/ocd/internal/tui/pickermodel.go:185.28,190.3 4 0
github.com/bladeacer/ocd/internal/tui/pickermodel.go:192.2,192.15 1 0
github.com/bladeacer/ocd/internal/tui/pickermodel.go:195.60,197.16 2 0
github.com/bladeacer/ocd/internal/tui/pickermodel.go:197.16,199.3 1 0
github.com/bladeacer/ocd/internal/tui/pickermodel.go:200.2,201.29 2 0
github.com/bladeacer/ocd/internal/tui/pickermodel.go:201.29,207.3 5 0
github.com/bladeacer/ocd/internal/tui/pickermodel.go:207.8,211.3 3 0
github.com/bladeacer/ocd/internal/tui/pickermodel.go:212.2,212.15 1 0
github.com/bladeacer/ocd/internal/tui/pickermodel.go:215.35,217.38 2 0
github.com/bladeacer/ocd/internal/tui/pickermodel.go:217.38,222.3 1 0
github.com/bladeacer/ocd/internal/tui/pickermodel.go:224.2,226.37 3 0
github.com/bladeacer/ocd/internal/tui/pickermodel.go:226.37,228.3 1 0
github.com/bladeacer/ocd/internal/tui/pickermodel.go:230.2,230.24 1 0
github.com/bladeacer/ocd/internal/tui/pickermodel.go:230.24,231.58 1 0
github.com/bladeacer/ocd/internal/tui/pickermodel.go:231.58,232.12 1 0
github.com/bladeacer/ocd/internal/tui/pickermodel.go:234.3,235.21 2 0
github.com/bladeacer/ocd/internal/tui/pickermodel.go:235.21,237.4 1 0
github.com/bladeacer/ocd/internal/tui/pickermodel.go:239.3,240.31 2 0
github.com/bladeacer/ocd/internal/tui/pickermodel.go:240.31,241.28 1 0
github.com/bladeacer/ocd/internal/tui/pickermodel.go:241.28,243.5 1 0
github.com/bladeacer/ocd/internal/tui/pickermodel.go:243.10,245.5 1 0
github.com/bladeacer/ocd/internal/tui/pickermodel.go:248.3,249.16 2 0
github.com/bladeacer/ocd/internal/tui/pickermodel.go:249.16,251.4 1 0
github.com/bladeacer/ocd/internal/tui/pickermodel.go:251.9,253.4 1 0
github.com/bladeacer/ocd/internal/tui/pickermodel.go:255.3,261.5 1 0
github.com/bladeacer/ocd/internal/tui/pickermodel.go:263.2,263.15 1 0
github.com/bladeacer/ocd/internal/tui/pickermodel.go:266.57,269.2 2 0
github.com/bladeacer/ocd/internal/tui/pickermodel.go:271.37,274.29 2 0
github.com/bladeacer/ocd/internal/tui/pickermodel.go:274.29,275.43 1 0
github.com/bladeacer/ocd/internal/tui/pickermodel.go:275.43,276.12 1 0
github.com/bladeacer/ocd/internal/tui/pickermodel.go:278.3,278.44 1 0
github.com/bladeacer/ocd/internal/tui/pickermodel.go:278.44,280.35 2 0
github.com/bladeacer/ocd/internal/tui/pickermodel.go:280.35,281.28 1 0
github.com/bladeacer/ocd/internal/tui/pickermodel.go:281.28,283.11 2 0
github.com/bladeacer/ocd/internal/tui/pickermodel.go:286.4,286.15 1 0
github.com/bladeacer/ocd/internal/tui/pickermodel.go:286.15,287.13 1 0
github.com/bladeacer/ocd/internal/tui/pickermodel.go:290.3,290.22 1 0
github.com/bladeacer/ocd/internal/tui/pickermodel.go:290.22,292.63 2 0
github.com/bladeacer/ocd/internal/tui/pickermodel.go:292.63,293.13 1 0
github.com/bladeacer/ocd/internal/tui/pickermodel.go:296.3,296.35 1 0
github.com/bladeacer/ocd/internal/tui/pickermodel.go:299.2,299.49 1 0
github.com/bladeacer/ocd/internal/tui/pickermodel.go:299.49,302.19 3 0
github.com/bladeacer/ocd/internal/tui/pickermodel.go:302.19,304.4 1 0
github.com/bladeacer/ocd/internal/tui/pickermodel.go:305.3,308.8 1 0
github.com/bladeacer/ocd/internal/tui/pickermodel.go:311.2,311.25 1 0
github.com/bladeacer/ocd/internal/tui/pickermodel.go:314.37,315.18 1 0
github.com/bladeacer/ocd/internal/tui/pickermodel.go:315.18,317.3 1 0
github.com/bladeacer/ocd/internal/tui/pickermodel.go:318.2,318.21 1 0
github.com/bladeacer/ocd/internal/tui/pickermodel.go:318.21,320.3 1 0
github.com/bladeacer/ocd/internal/tui/pickermodel.go:322.2,322.16 1 0
github.com/bladeacer/ocd/internal/tui/pickermodel.go:322.16,336.3 3 0
github.com/bladeacer/ocd/internal/tui/pickermodel.go:338.2,339.30 2 0
github.com/bladeacer/ocd/internal/tui/pickermodel.go:339.30,341.3 1 0
github.com/bladeacer/ocd/internal/tui/pickermodel.go:343.2,344.18 2 0
github.com/bladeacer/ocd/internal/tui/pickermodel.go:344.18,346.3 1 0
github.com/bladeacer/ocd/internal/tui/pickermodel.go:348.2,355.92 3 0
github.com/bladeacer/ocd/internal/tui/pickermodel.go:358.75,362.16 4 0
github.com/bladeacer/ocd/internal/tui/pickermodel.go:362.16,364.3 1 0
github.com/bladeacer/ocd/internal/tui/pickermodel.go:365.2,366.25 2 0
github.com/bladeacer/ocd/internal/tui/pickermodel.go:366.25,368.3 1 0
github.com/bladeacer/ocd/internal/tui/pickermodel.go:369.2,369.47 1 0
github.com/bladeacer/ocd/internal/tui/spinner.go:18.55,27.2 4 0
github.com/bladeacer/ocd/internal/tui/spinner.go:29.39,31.2 1 0
github.com/bladeacer/ocd/internal/tui/spinner.go:33.45,36.2 2 0
github.com/bladeacer/ocd/internal/tui/spinner.go:38.69,39.27 1 0
github.com/bladeacer/ocd/internal/tui/spinner.go:40.15,42.37 2 0
github.com/bladeacer/ocd/internal/tui/spinner.go:42.37,44.4 1 0
github.com/bladeacer/ocd/internal/tui/spinner.go:45.3,45.25 1 0
github.com/bladeacer/ocd/internal/tui/spinner.go:46.23,49.16 3 0
github.com/bladeacer/ocd/internal/tui/spinner.go:51.2,51.15 1 0
github.com/bladeacer/ocd/internal/tui/spinner.go:54.38,58.2 3 0
github.com/bladeacer/ocd/internal/tui/spinner.go:60.39,62.2 1 0
github.com/bladeacer/ocd/internal/tui/styles.go:42.33,54.2 4 0
github.com/bladeacer/ocd/internal/tui/view.go:17.31,18.17 1 0
github.com/bladeacer/ocd/internal/tui/view.go:19.20,20.25 1 0
github.com/bladeacer/ocd/internal/tui/view.go:21.31,22.30 1 0
github.com/bladeacer/ocd/internal/tui/view.go:23.20,24.25 1 0
github.com/bladeacer/ocd/internal/tui/view.go:26.2,26.11 1 0
github.com/bladeacer/ocd/internal/tui/view.go:29.38,30.18 1 0
github.com/bladeacer/ocd/internal/tui/view.go:30.18,32.3 1 0
github.com/bladeacer/ocd/internal/tui/view.go:34.2,37.84 3 0
github.com/bladeacer/ocd/internal/tui/view.go:40.43,41.16 1 0
github.com/bladeacer/ocd/internal/tui/view.go:41.16,43.3 1 0
github.com/bladeacer/ocd/internal/tui/view.go:45.2,49.28 3 0
github.com/bladeacer/ocd/internal/tui/view.go:49.28,51.3 1 0
github.com/bladeacer/ocd/internal/tui/view.go:53.2,58.19 4 0
github.com/bladeacer/ocd/internal/tui/view.go:61.37,78.2 3 0
github.com/bladeacer/ocd/internal/tui/view.go:80.37,92.2 4 0
github.com/bladeacer/ocd/internal/tui/view.go:94.50,95.12 1 0
github.com/bladeacer/ocd/internal/tui/view.go:95.12,97.3 1 0
github.com/bladeacer/ocd/internal/tui/view.go:98.2,98.53 1 0
github.com/bladeacer/ocd/internal/tui/view.go:101.38,109.2 3 0
github.com/bladeacer/ocd/main.go:18.13,33.39 6 0
github.com/bladeacer/ocd/main.go:33.39,36.3 2 0
github.com/bladeacer/ocd/cmd/clean.go:12.35,16.55 1 0
github.com/bladeacer/ocd/cmd/clean.go:16.55,18.36 2 0
github.com/bladeacer/ocd/cmd/clean.go:18.36,20.5 1 0
github.com/bladeacer/ocd/cmd/clean.go:21.4,21.62 1 0
github.com/bladeacer/ocd/cmd/clean.go:21.62,23.5 1 0
github.com/bladeacer/ocd/cmd/clean.go:24.4,25.14 2 0
github.com/bladeacer/ocd/cmd/clean.go:29.2,29.12 1 0
github.com/bladeacer/ocd/cmd/diff.go:16.38,18.38 2 0
github.com/bladeacer/ocd/cmd/diff.go:18.38,20.3 1 0
github.com/bladeacer/ocd/cmd/diff.go:21.2,23.12 3 0
github.com/bladeacer/ocd/cmd/diff.go:26.34,39.55 3 0
github.com/bladeacer/ocd/cmd/diff.go:39.55,42.22 2 0
github.com/bladeacer/ocd/cmd/diff.go:42.22,45.5 2 0
github.com/bladeacer/ocd/cmd/diff.go:45.10,45.44 1 0
github.com/bladeacer/ocd/cmd/diff.go:45.44,51.19 5 0
github.com/bladeacer/ocd/cmd/diff.go:51.19,53.6 1 0
github.com/bladeacer/ocd/cmd/diff.go:54.5,54.41 1 0
github.com/bladeacer/ocd/cmd/diff.go:54.41,57.6 2 0
github.com/bladeacer/ocd/cmd/diff.go:58.10,60.5 1 0
github.com/bladeacer/ocd/cmd/diff.go:62.4,62.46 1 0
github.com/bladeacer/ocd/cmd/diff.go:62.46,64.5 1 0
github.com/bladeacer/ocd/cmd/diff.go:65.4,65.46 1 0
github.com/bladeacer/ocd/cmd/diff.go:65.46,67.5 1 0
github.com/bladeacer/ocd/cmd/diff.go:69.4,70.27 2 0
github.com/bladeacer/ocd/cmd/diff.go:70.27,72.5 1 0
github.com/bladeacer/ocd/cmd/diff.go:74.4,74.36 1 0
github.com/bladeacer/ocd/cmd/diff.go:78.2,80.12 3 0
github.com/bladeacer/ocd/cmd/extract.go:11.37,18.55 1 0
github.com/bladeacer/ocd/cmd/extract.go:18.55,21.18 3 0
github.com/bladeacer/ocd/cmd/extract.go:21.18,23.5 1 0
github.com/bladeacer/ocd/cmd/extract.go:24.4,25.14 2 0
github.com/bladeacer/ocd/cmd/extract.go:29.2,29.12 1 0
github.com/bladeacer/ocd/cmd/interact.go:14.38,23.55 2 0
github.com/bladeacer/ocd/cmd/interact.go:23.55,29.18 5 0
github.com/bladeacer/ocd/cmd/interact.go:29.18,31.5 1 0
github.com/bladeacer/ocd/cmd/interact.go:32.4,32.30 1 0
github.com/bladeacer/ocd/cmd/interact.go:32.30,35.5 2 0
github.com/bladeacer/ocd/cmd/interact.go:37.4,39.18 3 0
github.com/bladeacer/ocd/cmd/interact.go:39.18,41.5 1 0
github.com/bladeacer/ocd/cmd/interact.go:42.4,43.14 2 0
github.com/bladeacer/ocd/cmd/interact.go:47.2,48.12 2 0
github.com/bladeacer/ocd/internal/cache/cache.go:28.36,33.49 2 0
github.com/bladeacer/ocd/internal/cache/cache.go:33.49,34.13 1 0
github.com/bladeacer/ocd/internal/cache/cache.go:36.2,36.10 1 0
github.com/bladeacer/ocd/internal/cache/cache.go:39.42,41.2 1 0
github.com/bladeacer/ocd/internal/cache/cache.go:43.55,46.16 3 0
github.com/bladeacer/ocd/internal/cache/cache.go:46.16,47.25 1 0
github.com/bladeacer/ocd/internal/cache/cache.go:47.25,49.4 1 0
github.com/bladeacer/ocd/internal/cache/cache.go:50.3,50.13 1 0
github.com/bladeacer/ocd/internal/cache/cache.go:52.2,53.53 2 0
github.com/bladeacer/ocd/internal/cache/cache.go:53.53,55.3 1 0
github.com/bladeacer/ocd/internal/cache/cache.go:56.2,56.54 1 0
github.com/bladeacer/ocd/internal/cache/cache.go:56.54,58.3 1 0
github.com/bladeacer/ocd/internal/cache/cache.go:59.2,59.38 1 0
github.com/bladeacer/ocd/internal/cache/cache.go:62.55,65.16 3 0
github.com/bladeacer/ocd/internal/cache/cache.go:65.16,67.3 1 0
github.com/bladeacer/ocd/internal/cache/cache.go:68.2,73.16 3 0
github.com/bladeacer/ocd/internal/cache/cache.go:73.16,75.3 1 0
github.com/bladeacer/ocd/internal/cache/cache.go:76.2,76.35 1 0
github.com/bladeacer/ocd/internal/cache/cache.go:79.43,82.24 3 0
github.com/bladeacer/ocd/internal/cache/cache.go:82.24,84.3 1 0
github.com/bladeacer/ocd/internal/cache/cache.go:85.2,85.12 1 0
github.com/bladeacer/ocd/internal/cache/cache.go:88.31,90.16 2 0
github.com/bladeacer/ocd/internal/cache/cache.go:90.16,91.25 1 0
github.com/bladeacer/ocd/internal/cache/cache.go:91.25,93.4 1 0
github.com/bladeacer/ocd/internal/cache/cache.go:94.3,94.13 1 0
github.com/bladeacer/ocd/internal/cache/cache.go:96.2,98.16 3 0
github.com/bladeacer/ocd/internal/cache/cache.go:98.16,100.3 1 0
github.com/bladeacer/ocd/internal/cache/cache.go:101.2,101.29 1 0
github.com/bladeacer/ocd/internal/cache/cache.go:101.29,103.3 1 0
github.com/bladeacer/ocd/internal/cache/cache.go:104.2,104.12 1 0
github.com/bladeacer/ocd/internal/core/asar.go:31.61,33.16 2 1
github.com/bladeacer/ocd/internal/core/asar.go:33.16,35.3 1 0
github.com/bladeacer/ocd/internal/core/asar.go:36.2,39.47 3 1
github.com/bladeacer/ocd/internal/core/asar.go:39.47,41.3 1 1
github.com/bladeacer/ocd/internal/core/asar.go:43.2,44.71 2 1
github.com/bladeacer/ocd/internal/core/asar.go:44.71,46.3 1 1
github.com/bladeacer/ocd/internal/core/asar.go:47.2,47.51 1 1
github.com/bladeacer/ocd/internal/core/asar.go:47.51,49.3 1 0
github.com/bladeacer/ocd/internal/core/asar.go:51.2,52.51 2 1
github.com/bladeacer/ocd/internal/core/asar.go:52.51,54.3 1 0
github.com/bladeacer/ocd/internal/core/asar.go:56.2,57.57 2 1
github.com/bladeacer/ocd/internal/core/asar.go:57.57,59.3 1 0
github.com/bladeacer/ocd/internal/core/asar.go:61.2,62.9 2 1
github.com/bladeacer/ocd/internal/core/asar.go:62.9,64.3 1 1
github.com/bladeacer/ocd/internal/core/asar.go:66.2,67.67 2 1
github.com/bladeacer/ocd/internal/core/asar.go:67.67,69.3 1 0
github.com/bladeacer/ocd/internal/core/asar.go:71.2,74.16 3 1
github.com/bladeacer/ocd/internal/core/asar.go:74.16,76.3 1 0
github.com/bladeacer/ocd/internal/core/asar.go:77.2,80.49 3 1
github.com/bladeacer/ocd/internal/core/asar.go:80.49,82.3 1 0
github.com/bladeacer/ocd/internal/core/asar.go:84.2,84.12 1 1
github.com/bladeacer/ocd/internal/core/diff.go:17.60,22.16 4 1
github.com/bladeacer/ocd/internal/core/diff.go:22.16,28.3 1 1
github.com/bladeacer/ocd/internal/core/diff.go:30.2,31.16 2 1
github.com/bladeacer/ocd/internal/core/diff.go:31.16,37.3 1 0
github.com/bladeacer/ocd/internal/core/diff.go:39.2,52.49 4 1
github.com/bladeacer/ocd/internal/core/diff.go:52.49,53.67 1 1
github.com/bladeacer/ocd/internal/core/diff.go:53.67,55.9 2 1
github.com/bladeacer/ocd/internal/core/diff.go:59.2,64.3 1 1
github.com/bladeacer/ocd/internal/core/extract.go:19.49,23.45 3 1
github.com/bladeacer/ocd/internal/core/extract.go:23.45,25.3 1 1
github.com/bladeacer/ocd/internal/core/extract.go:27.2,27.51 1 1
github.com/bladeacer/ocd/internal/core/extract.go:27.51,29.3 1 0
github.com/bladeacer/ocd/internal/core/extract.go:31.2,34.16 3 1
github.com/bladeacer/ocd/internal/core/extract.go:34.16,36.3 1 0
github.com/bladeacer/ocd/internal/core/extract.go:37.2,39.44 2 1
github.com/bladeacer/ocd/internal/core/extract.go:39.44,41.3 1 1
github.com/bladeacer/ocd/internal/core/extract.go:42.2,42.38 1 1
github.com/bladeacer/ocd/internal/core/extract.go:42.38,44.3 1 1
github.com/bladeacer/ocd/internal/core/extract.go:46.2,47.16 2 1
github.com/bladeacer/ocd/internal/core/extract.go:47.16,49.3 1 1
github.com/bladeacer/ocd/internal/core/extract.go:50.2,53.16 3 1
github.com/bladeacer/ocd/internal/core/extract.go:53.16,55.3 1 0
github.com/bladeacer/ocd/internal/core/extract.go:56.2,59.54 3 1
github.com/bladeacer/ocd/internal/core/extract.go:59.54,62.3 2 0
github.com/bladeacer/ocd/internal/core/extract.go:63.2,65.65 2 1
github.com/bladeacer/ocd/internal/core/extract.go:65.65,67.3 1 1
github.com/bladeacer/ocd/internal/core/extract.go:69.2,69.22 1 0
github.com/bladeacer/ocd/internal/sources/docker.go:20.32,22.2 1 0
github.com/bladeacer/ocd/internal/sources/docker.go:24.35,24.54 1 0
github.com/bladeacer/ocd/internal/sources/docker.go:39.57,43.16 3 0
github.com/bladeacer/ocd/internal/sources/docker.go:43.16,45.17 2 0
github.com/bladeacer/ocd/internal/sources/docker.go:45.17,47.4 1 0
github.com/bladeacer/ocd/internal/sources/docker.go:48.3,48.39 1 0
github.com/bladeacer/ocd/internal/sources/docker.go:48.39,51.4 2 0
github.com/bladeacer/ocd/internal/sources/docker.go:53.3,54.66 2 0
github.com/bladeacer/ocd/internal/sources/docker.go:54.66,57.4 2 0
github.com/bladeacer/ocd/internal/sources/docker.go:58.3,60.39 2 0
github.com/bladeacer/ocd/internal/sources/docker.go:60.39,61.45 1 0
github.com/bladeacer/ocd/internal/sources/docker.go:61.45,62.13 1 0
github.com/bladeacer/ocd/internal/sources/docker.go:64.4,68.44 4 0
github.com/bladeacer/ocd/internal/sources/docker.go:68.44,69.13 1 0
github.com/bladeacer/ocd/internal/sources/docker.go:72.4,76.6 1 0
github.com/bladeacer/ocd/internal/sources/docker.go:78.3,78.18 1 0
github.com/bladeacer/ocd/internal/sources/docker.go:81.2,81.18 1 0
github.com/bladeacer/ocd/internal/sources/electron.go:18.30,20.2 1 0
github.com/bladeacer/ocd/internal/sources/electron.go:22.34,22.55 1 0
github.com/bladeacer/ocd/internal/sources/electron.go:24.56,26.16 2 0
github.com/bladeacer/ocd/internal/sources/electron.go:26.16,28.3 1 0
github.com/bladeacer/ocd/internal/sources/electron.go:29.2,31.38 2 0
github.com/bladeacer/ocd/internal/sources/electron.go:31.38,33.3 1 0
github.com/bladeacer/ocd/internal/sources/electron.go:35.2,36.64 2 0
github.com/bladeacer/ocd/internal/sources/electron.go:36.64,38.3 1 0
github.com/bladeacer/ocd/internal/sources/electron.go:40.2,40.37 1 0
github.com/bladeacer/ocd/internal/sources/fetcher.go:22.42,29.2 1 0
github.com/bladeacer/ocd/internal/sources/fetcher.go:31.60,38.20 5 0
github.com/bladeacer/ocd/internal/sources/fetcher.go:38.20,39.10 1 0
github.com/bladeacer/ocd/internal/sources/fetcher.go:40.21,41.20 1 0
github.com/bladeacer/ocd/internal/sources/fetcher.go:42.11,42.11 0 0
github.com/bladeacer/ocd/internal/sources/fetcher.go:44.3,44.13 1 0
github.com/bladeacer/ocd/internal/sources/fetcher.go:44.13,46.63 2 0
github.com/bladeacer/ocd/internal/sources/fetcher.go:46.63,49.5 2 0
github.com/bladeacer/ocd/internal/sources/fetcher.go:51.3,52.17 2 0
github.com/bladeacer/ocd/internal/sources/fetcher.go:52.17,54.4 1 0
github.com/bladeacer/ocd/internal/sources/fetcher.go:55.3,55.59 1 0
github.com/bladeacer/ocd/internal/sources/fetcher.go:55.59,57.4 1 0
github.com/bladeacer/ocd/internal/sources/fetcher.go:58.3,59.13 2 0
github.com/bladeacer/ocd/internal/sources/fetcher.go:62.2,62.20 1 0
github.com/bladeacer/ocd/internal/sources/fetcher.go:62.20,63.10 1 0
github.com/bladeacer/ocd/internal/sources/fetcher.go:64.21,65.20 1 0
github.com/bladeacer/ocd/internal/sources/fetcher.go:66.11,66.11 0 0
github.com/bladeacer/ocd/internal/sources/fetcher.go:68.3,68.13 1 0
github.com/bladeacer/ocd/internal/sources/fetcher.go:68.13,70.66 2 0
github.com/bladeacer/ocd/internal/sources/fetcher.go:70.66,73.5 2 0
github.com/bladeacer/ocd/internal/sources/fetcher.go:75.3,76.17 2 0
github.com/bladeacer/ocd/internal/sources/fetcher.go:76.17,78.4 1 0
github.com/bladeacer/ocd/internal/sources/fetcher.go:79.3,79.62 1 0
github.com/bladeacer/ocd/internal/sources/fetcher.go:79.62,81.4 1 0
github.com/bladeacer/ocd/internal/sources/fetcher.go:82.3,83.13 2 0
github.com/bladeacer/ocd/internal/sources/fetcher.go:86.2,86.20 1 0
github.com/bladeacer/ocd/internal/sources/fetcher.go:86.20,87.10 1 0
github.com/bladeacer/ocd/internal/sources/fetcher.go:88.21,89.20 1 0
github.com/bladeacer/ocd/internal/sources/fetcher.go:90.11,90.11 0 0
github.com/bladeacer/ocd/internal/sources/fetcher.go:92.3,92.13 1 0
github.com/bladeacer/ocd/internal/sources/fetcher.go:92.13,94.68 2 0
github.com/bladeacer/ocd/internal/sources/fetcher.go:94.68,97.5 2 0
github.com/bladeacer/ocd/internal/sources/fetcher.go:99.3,100.17 2 0
github.com/bladeacer/ocd/internal/sources/fetcher.go:100.17,102.4 1 0
github.com/bladeacer/ocd/internal/sources/fetcher.go:103.3,103.64 1 0
github.com/bladeacer/ocd/internal/sources/fetcher.go:103.64,105.4 1 0
github.com/bladeacer/ocd/internal/sources/fetcher.go:106.3,107.13 2 0
github.com/bladeacer/ocd/internal/sources/fetcher.go:110.2,110.33 1 0
github.com/bladeacer/ocd/internal/sources/fetcher.go:110.33,112.3 1 0
github.com/bladeacer/ocd/internal/sources/fetcher.go:113.2,113.16 1 0
github.com/bladeacer/ocd/internal/sources/rss.go:17.20,19.2 1 0
github.com/bladeacer/ocd/internal/sources/rss.go:21.29,21.45 1 0
github.com/bladeacer/ocd/internal/sources/rss.go:23.52,26.16 3 0
github.com/bladeacer/ocd/internal/sources/rss.go:26.16,28.3 1 0
github.com/bladeacer/ocd/internal/sources/rss.go:30.2,35.35 4 0
github.com/bladeacer/ocd/internal/sources/rss.go:35.35,37.20 2 0
github.com/bladeacer/ocd/internal/sources/rss.go:37.20,38.12 1 0
github.com/bladeacer/ocd/internal/sources/rss.go:40.3,43.47 3 0
github.com/bladeacer/ocd/internal/sources/rss.go:43.47,45.4 1 0
github.com/bladeacer/ocd/internal/sources/rss.go:47.3,51.26 3 0
github.com/bladeacer/ocd/internal/sources/rss.go:51.26,53.22 2 0
github.com/bladeacer/ocd/internal/sources/rss.go:53.22,55.5 1 0
github.com/bladeacer/ocd/internal/sources/rss.go:56.9,56.37 1 0
github.com/bladeacer/ocd/internal/sources/rss.go:56.37,58.22 2 0
github.com/bladeacer/ocd/internal/sources/rss.go:58.22,60.5 1 0
github.com/bladeacer/ocd/internal/sources/rss.go:63.3,64.17 2 0
github.com/bladeacer/ocd/internal/sources/rss.go:64.17,66.4 1 0
github.com/bladeacer/ocd/internal/sources/rss.go:68.3,75.5 1 0
github.com/bladeacer/ocd/internal/sources/rss.go:78.2,78.24 1 0
github.com/bladeacer/ocd/internal/sources/rss.go:78.24,80.3 1 0
github.com/bladeacer/ocd/internal/sources/rss.go:82.2,83.22 2 0
github.com/bladeacer/ocd/internal/sources/rss.go:86.69,91.40 4 0
github.com/bladeacer/ocd/internal/sources/rss.go:91.40,92.31 1 0
github.com/bladeacer/ocd/internal/sources/rss.go:92.31,94.4 1 0
github.com/bladeacer/ocd/internal/sources/rss.go:94.9,96.4 1 0
github.com/bladeacer/ocd/internal/sources/rss.go:98.2,98.15 1 0
github.com/bladeacer/ocd/internal/tui/diffmodel.go:78.57,90.2 5 0
github.com/bladeacer/ocd/internal/tui/diffmodel.go:92.36,94.2 1 0
github.com/bladeacer/ocd/internal/tui/diffmodel.go:96.29,97.21 1 0
github.com/bladeacer/ocd/internal/tui/diffmodel.go:97.21,99.3 1 0
github.com/bladeacer/ocd/internal/tui/diffmodel.go:101.2,101.27 1 0
github.com/bladeacer/ocd/internal/tui/diffmodel.go:101.27,104.3 2 0
github.com/bladeacer/ocd/internal/tui/diffmodel.go:106.2,106.23 1 0
github.com/bladeacer/ocd/internal/tui/diffmodel.go:106.23,109.3 2 0
github.com/bladeacer/ocd/internal/tui/diffmodel.go:111.2,121.27 10 0
github.com/bladeacer/ocd/internal/tui/diffmodel.go:121.27,122.36 1 0
github.com/bladeacer/ocd/internal/tui/diffmodel.go:122.36,127.12 5 0
github.com/bladeacer/ocd/internal/tui/diffmodel.go:130.3,130.71 1 0
github.com/bladeacer/ocd/internal/tui/diffmodel.go:130.71,132.12 2 0
github.com/bladeacer/ocd/internal/tui/diffmodel.go:135.3,135.28 1 0
github.com/bladeacer/ocd/internal/tui/diffmodel.go:135.28,137.12 2 0
github.com/bladeacer/ocd/internal/tui/diffmodel.go:140.3,140.10 1 0
github.com/bladeacer/ocd/internal/tui/diffmodel.go:141.72,147.14 3 0
github.com/bladeacer/ocd/internal/tui/diffmodel.go:149.72,155.14 3 0
github.com/bladeacer/ocd/internal/tui/diffmodel.go:157.11,163.14 3 0
github.com/bladeacer/ocd/internal/tui/diffmodel.go:167.2,167.12 1 0
github.com/bladeacer/ocd/internal/tui/diffmodel.go:170.57,173.48 3 0
github.com/bladeacer/ocd/internal/tui/diffmodel.go:173.48,175.3 1 0
github.com/bladeacer/ocd/internal/tui/diffmodel.go:176.2,176.48 1 0
github.com/bladeacer/ocd/internal/tui/diffmodel.go:176.48,178.3 1 0
github.com/bladeacer/ocd/internal/tui/diffmodel.go:179.2,180.26 2 0
github.com/bladeacer/ocd/internal/tui/diffmodel.go:180.26,181.32 1 0
github.com/bladeacer/ocd/internal/tui/diffmodel.go:181.32,183.13 2 0
github.com/bladeacer/ocd/internal/tui/diffmodel.go:183.13,185.5 1 0
github.com/bladeacer/ocd/internal/tui/diffmodel.go:187.3,187.32 1 0
github.com/bladeacer/ocd/internal/tui/diffmodel.go:187.32,189.13 2 0
github.com/bladeacer/ocd/internal/tui/diffmodel.go:189.13,191.5 1 0
github.com/bladeacer/ocd/internal/tui/diffmodel.go:194.2,194.8 1 0
github.com/bladeacer/ocd/internal/tui/diffmodel.go:197.36,199.22 2 0
github.com/bladeacer/ocd/internal/tui/diffmodel.go:199.22,200.27 1 0
github.com/bladeacer/ocd/internal/tui/diffmodel.go:200.27,202.4 1 0
github.com/bladeacer/ocd/internal/tui/diffmodel.go:202.9,203.9 1 0
github.com/bladeacer/ocd/internal/tui/diffmodel.go:206.2,206.10 1 0
github.com/bladeacer/ocd/internal/tui/diffmodel.go:209.43,215.18 4 0
github.com/bladeacer/ocd/internal/tui/diffmodel.go:215.18,217.3 1 0
github.com/bladeacer/ocd/internal/tui/diffmodel.go:218.2,218.10 1 0
github.com/bladeacer/ocd/internal/tui/diffmodel.go:221.50,223.15 2 0
github.com/bladeacer/ocd/internal/tui/diffmodel.go:223.15,225.3 1 0
github.com/bladeacer/ocd/internal/tui/diffmodel.go:226.2,228.29 3 0
github.com/bladeacer/ocd/internal/tui/diffmodel.go:228.29,230.3 1 0
github.com/bladeacer/ocd/internal/tui/diffmodel.go:231.2,231.29 1 0
github.com/bladeacer/ocd/internal/tui/diffmodel.go:231.29,233.3 1 0
github.com/bladeacer/ocd/internal/tui/diffmodel.go:234.2,240.90 5 0
github.com/bladeacer/ocd/internal/tui/diffmodel.go:243.30,245.18 2 0
github.com/bladeacer/ocd/internal/tui/diffmodel.go:245.18,247.3 1 0
github.com/bladeacer/ocd/internal/tui/diffmodel.go:247.8,249.3 1 0
github.com/bladeacer/ocd/internal/tui/diffmodel.go:250.2,250.24 1 0
github.com/bladeacer/ocd/internal/tui/diffmodel.go:253.42,257.19 3 0
github.com/bladeacer/ocd/internal/tui/diffmodel.go:257.19,259.3 1 0
github.com/bladeacer/ocd/internal/tui/diffmodel.go:261.2,261.38 1 0
github.com/bladeacer/ocd/internal/tui/diffmodel.go:261.38,263.3 1 0
github.com/bladeacer/ocd/internal/tui/diffmodel.go:265.2,265.37 1 0
github.com/bladeacer/ocd/internal/tui/diffmodel.go:265.37,268.3 2 0
github.com/bladeacer/ocd/internal/tui/diffmodel.go:270.2,270.38 1 0
github.com/bladeacer/ocd/internal/tui/diffmodel.go:270.38,272.3 1 0
github.com/bladeacer/ocd/internal/tui/diffmodel.go:274.2,275.163 2 0
github.com/bladeacer/ocd/internal/tui/diffmodel.go:275.163,278.35 2 0
github.com/bladeacer/ocd/internal/tui/diffmodel.go:278.35,282.4 3 0
github.com/bladeacer/ocd/internal/tui/diffmodel.go:285.2,285.109 1 0
github.com/bladeacer/ocd/internal/tui/diffmodel.go:285.109,287.3 1 0
github.com/bladeacer/ocd/internal/tui/diffmodel.go:289.2,289.13 1 0
github.com/bladeacer/ocd/internal/tui/diffmodel.go:292.55,300.30 6 0
github.com/bladeacer/ocd/internal/tui/diffmodel.go:300.30,303.73 2 0
github.com/bladeacer/ocd/internal/tui/diffmodel.go:303.73,305.4 1 0
github.com/bladeacer/ocd/internal/tui/diffmodel.go:307.3,309.22 2 0
github.com/bladeacer/ocd/internal/tui/diffmodel.go:309.22,310.76 1 0
github.com/bladeacer/ocd/internal/tui/diffmodel.go:310.76,311.122 1 0
github.com/bladeacer/ocd/internal/tui/diffmodel.go:311.122,313.6 1 0
github.com/bladeacer/ocd/internal/tui/diffmodel.go:313.11,315.6 1 0
github.com/bladeacer/ocd/internal/tui/diffmodel.go:316.5,317.13 2 0
github.com/bladeacer/ocd/internal/tui/diffmodel.go:321.3,321.64 1 0
github.com/bladeacer/ocd/internal/tui/diffmodel.go:321.64,323.4 1 0
github.com/bladeacer/ocd/internal/tui/diffmodel.go:325.3,326.22 2 0
github.com/bladeacer/ocd/internal/tui/diffmodel.go:330.58,332.15 2 0
github.com/bladeacer/ocd/internal/tui/diffmodel.go:332.15,334.3 1 0
github.com/bladeacer/ocd/internal/tui/diffmodel.go:335.2,343.27 7 0
github.com/bladeacer/ocd/internal/tui/diffmodel.go:343.27,348.23 5 0
github.com/bladeacer/ocd/internal/tui/diffmodel.go:348.23,350.4 1 0
github.com/bladeacer/ocd/internal/tui/diffmodel.go:351.3,351.23 1 0
github.com/bladeacer/ocd/internal/tui/diffmodel.go:351.23,353.4 1 0
github.com/bladeacer/ocd/internal/tui/diffmodel.go:355.3,355.17 1 0
github.com/bladeacer/ocd/internal/tui/diffmodel.go:356.23,360.12 4 0
github.com/bladeacer/ocd/internal/tui/diffmodel.go:361.23,365.12 4 0
github.com/bladeacer/ocd/internal/tui/diffmodel.go:366.18,368.12 2 0
github.com/bladeacer/ocd/internal/tui/diffmodel.go:371.3,379.22 6 0
github.com/bladeacer/ocd/internal/tui/diffmodel.go:379.22,381.76 2 0
github.com/bladeacer/ocd/internal/tui/diffmodel.go:381.76,382.122 1 0
github.com/bladeacer/ocd/internal/tui/diffmodel.go:382.122,384.6 1 0
github.com/bladeacer/ocd/internal/tui/diffmodel.go:384.11,386.6 1 0
github.com/bladeacer/ocd/internal/tui/diffmodel.go:388.9,388.126 1 0
github.com/bladeacer/ocd/internal/tui/diffmodel.go:388.126,391.4 2 0
github.com/bladeacer/ocd/internal/tui/diffmodel.go:393.3,394.22 2 0
github.com/bladeacer/ocd/internal/tui/diffmodel.go:398.81,399.19 1 0
github.com/bladeacer/ocd/internal/tui/diffmodel.go:399.19,401.3 1 0
github.com/bladeacer/ocd/internal/tui/diffmodel.go:402.2,403.15 2 0
github.com/bladeacer/ocd/internal/tui/diffmodel.go:403.15,405.3 1 0
github.com/bladeacer/ocd/internal/tui/diffmodel.go:405.8,407.3 1 0
github.com/bladeacer/ocd/internal/tui/diffmodel.go:408.2,409.73 2 0
github.com/bladeacer/ocd/internal/tui/diffmodel.go:409.73,412.17 3 0
github.com/bladeacer/ocd/internal/tui/diffmodel.go:412.17,414.4 1 0
github.com/bladeacer/ocd/internal/tui/diffmodel.go:414.9,416.4 1 0
github.com/bladeacer/ocd/internal/tui/diffmodel.go:418.2,420.17 3 0
github.com/bladeacer/ocd/internal/tui/diffmodel.go:420.17,421.38 1 0
github.com/bladeacer/ocd/internal/tui/diffmodel.go:421.38,423.4 1 0
github.com/bladeacer/ocd/internal/tui/diffmodel.go:423.9,423.45 1 0
github.com/bladeacer/ocd/internal/tui/diffmodel.go:423.45,425.4 1 0
github.com/bladeacer/ocd/internal/tui/diffmodel.go:427.2,427.15 1 0
github.com/bladeacer/ocd/internal/tui/diffmodel.go:438.49,440.30 2 0
github.com/bladeacer/ocd/internal/tui/diffmodel.go:440.30,441.18 1 0
github.com/bladeacer/ocd/internal/tui/diffmodel.go:442.20,449.6 1 0
github.com/bladeacer/ocd/internal/tui/diffmodel.go:450.16,457.6 1 0
github.com/bladeacer/ocd/internal/tui/diffmodel.go:458.16,465.6 1 0
github.com/bladeacer/ocd/internal/tui/diffmodel.go:466.23,471.6 1 0
github.com/bladeacer/ocd/internal/tui/diffmodel.go:472.23,477.6 1 0
github.com/bladeacer/ocd/internal/tui/diffmodel.go:478.11,483.6 1 0
github.com/bladeacer/ocd/internal/tui/diffmodel.go:486.2,486.15 1 0
github.com/bladeacer/ocd/internal/tui/diffmodel.go:489.80,492.23 3 0
github.com/bladeacer/ocd/internal/tui/diffmodel.go:492.23,494.3 1 0
github.com/bladeacer/ocd/internal/tui/diffmodel.go:495.2,495.23 1 0
github.com/bladeacer/ocd/internal/tui/diffmodel.go:495.23,497.3 1 0
github.com/bladeacer/ocd/internal/tui/diffmodel.go:498.2,500.17 2 0
github.com/bladeacer/ocd/internal/tui/diffmodel.go:501.22,504.4 1 0
github.com/bladeacer/ocd/internal/tui/diffmodel.go:505.15,508.4 1 0
github.com/bladeacer/ocd/internal/tui/diffmodel.go:509.15,512.4 1 0
github.com/bladeacer/ocd/internal/tui/diffmodel.go:513.22,516.4 1 0
github.com/bladeacer/ocd/internal/tui/diffmodel.go:517.17,518.12 1 0
github.com/bladeacer/ocd/internal/tui/diffmodel.go:519.10,520.64 1 0
github.com/bladeacer/ocd/internal/tui/diffmodel.go:524.39,525.12 1 0
github.com/bladeacer/ocd/internal/tui/diffmodel.go:525.12,527.3 1 0
github.com/bladeacer/ocd/internal/tui/diffmodel.go:528.2,529.21 2 0
github.com/bladeacer/ocd/internal/tui/diffmodel.go:529.21,531.3 1 0
github.com/bladeacer/ocd/internal/tui/diffmodel.go:532.2,532.11 1 0
github.com/bladeacer/ocd/internal/tui/diffmodel.go:532.11,534.3 1 0
github.com/bladeacer/ocd/internal/tui/diffmodel.go:535.2,535.26 1 0
github.com/bladeacer/ocd/internal/tui/diffmodel.go:538.39,539.17 1 0
github.com/bladeacer/ocd/internal/tui/diffmodel.go:539.17,541.3 1 0
github.com/bladeacer/ocd/internal/tui/diffmodel.go:542.2,542.42 1 0
github.com/bladeacer/ocd/internal/tui/diffmodel.go:545.33,548.22 3 0
github.com/bladeacer/ocd/internal/tui/diffmodel.go:548.22,549.18 1 0
github.com/bladeacer/ocd/internal/tui/diffmodel.go:549.18,551.12 2 0
github.com/bladeacer/ocd/internal/tui/diffmodel.go:553.3,553.15 1 0
github.com/bladeacer/ocd/internal/tui/diffmodel.go:553.15,554.56 1 0
github.com/bladeacer/ocd/internal/tui/diffmodel.go:554.56,556.5 1 0
github.com/bladeacer/ocd/internal/tui/diffmodel.go:557.4,557.12 1 0
github.com/bladeacer/ocd/internal/tui/diffmodel.go:559.3,559.19 1 0
github.com/bladeacer/ocd/internal/tui/diffmodel.go:561.2,561.21 1 0
github.com/bladeacer/ocd/internal/tui/diffmodel.go:564.39,565.21 1 0
github.com/bladeacer/ocd/internal/tui/diffmodel.go:565.21,567.3 1 0
github.com/bladeacer/ocd/internal/tui/diffmodel.go:568.2,571.14 4 0
github.com/bladeacer/ocd/internal/tui/diffmodel.go:571.14,573.3 1 0
github.com/bladeacer/ocd/internal/tui/diffmodel.go:576.57,578.18 2 0
github.com/bladeacer/ocd/internal/tui/diffmodel.go:578.18,580.3 1 0
github.com/bladeacer/ocd/internal/tui/diffmodel.go:581.2,581.11 1 0
github.com/bladeacer/ocd/internal/tui/diffmodel.go:581.11,583.3 1 0
github.com/bladeacer/ocd/internal/tui/diffmodel.go:584.2,584.10 1 0
github.com/bladeacer/ocd/internal/tui/diffmodel.go:587.62,588.27 1 0
github.com/bladeacer/ocd/internal/tui/diffmodel.go:589.25,595.16 6 0
github.com/bladeacer/ocd/internal/tui/diffmodel.go:597.18,598.19 1 0
github.com/bladeacer/ocd/internal/tui/diffmodel.go:598.19,600.4 1 0
github.com/bladeacer/ocd/internal/tui/diffmodel.go:601.3,601.32 1 0
github.com/bladeacer/ocd/internal/tui/diffmodel.go:604.2,606.15 3 0
github.com/bladeacer/ocd/internal/tui/diffmodel.go:617.74,618.22 1 0
github.com/bladeacer/ocd/internal/tui/diffmodel.go:619.27,624.16 5 0
github.com/bladeacer/ocd/internal/tui/diffmodel.go:626.24,631.33 5 0
github.com/bladeacer/ocd/internal/tui/diffmodel.go:631.33,633.4 1 0
github.com/bladeacer/ocd/internal/tui/diffmodel.go:634.3,636.33 3 0
github.com/bladeacer/ocd/internal/tui/diffmodel.go:636.33,638.4 1 0
github.com/bladeacer/ocd/internal/tui/diffmodel.go:639.3,639.16 1 0
github.com/bladeacer/ocd/internal/tui/diffmodel.go:641.20,643.19 2 0
github.com/bladeacer/ocd/internal/tui/diffmodel.go:643.19,645.4 1 0
github.com/bladeacer/ocd/internal/tui/diffmodel.go:646.3,648.16 3 0
github.com/bladeacer/ocd/internal/tui/diffmodel.go:651.2,651.28 1 0
github.com/bladeacer/ocd/internal/tui/diffmodel.go:651.28,656.3 4 0
github.com/bladeacer/ocd/internal/tui/diffmodel.go:658.2,658.15 1 0
github.com/bladeacer/ocd/internal/tui/diffmodel.go:661.42,664.21 3 0
github.com/bladeacer/ocd/internal/tui/diffmodel.go:664.21,666.3 1 0
github.com/bladeacer/ocd/internal/tui/diffmodel.go:667.2,668.30 2 0
github.com/bladeacer/ocd/internal/tui/diffmodel.go:668.30,669.52 1 0
github.com/bladeacer/ocd/internal/tui/diffmodel.go:669.52,671.4 1 0
github.com/bladeacer/ocd/internal/tui/diffmodel.go:675.37,676.33 1 0
github.com/bladeacer/ocd/internal/tui/diffmodel.go:676.33,678.3 1 0
github.com/bladeacer/ocd/internal/tui/diffmodel.go:679.2,681.27 3 0
github.com/bladeacer/ocd/internal/tui/diffmodel.go:681.27,683.3 1 0
github.com/bladeacer/ocd/internal/tui/diffmodel.go:686.74,689.55 2 0
github.com/bladeacer/ocd/internal/tui/diffmodel.go:689.55,693.3 3 0
github.com/bladeacer/ocd/internal/tui/diffmodel.go:695.2,695.16 1 0
github.com/bladeacer/ocd/internal/tui/diffmodel.go:695.16,698.14 3 0
github.com/bladeacer/ocd/internal/tui/diffmodel.go:699.12,701.26 2 0
github.com/bladeacer/ocd/internal/tui/diffmodel.go:701.26,704.30 3 0
github.com/bladeacer/ocd/internal/tui/diffmodel.go:704.30,706.6 1 0
github.com/bladeacer/ocd/internal/tui/diffmodel.go:707.5,708.19 2 0
github.com/bladeacer/ocd/internal/tui/diffmodel.go:708.19,710.6 1 0
github.com/bladeacer/ocd/internal/tui/diffmodel.go:712.4,713.17 2 0
github.com/bladeacer/ocd/internal/tui/diffmodel.go:714.12,716.26 2 0
github.com/bladeacer/ocd/internal/tui/diffmodel.go:716.26,718.30 2 0
github.com/bladeacer/ocd/internal/tui/diffmodel.go:718.30,720.6 1 0
github.com/bladeacer/ocd/internal/tui/diffmodel.go:722.4,723.17 2 0
github.com/bladeacer/ocd/internal/tui/diffmodel.go:724.12,725.26 1 0
github.com/bladeacer/ocd/internal/tui/diffmodel.go:725.26,730.24 5 0
github.com/bladeacer/ocd/internal/tui/diffmodel.go:730.24,732.6 1 0
[...]
github.com/bladeacer/ocd/internal/tui/diffmodel.go:982.24,984.50 2 1
github.com/bladeacer/ocd/internal/tui/diffmodel.go:984.50,986.4 1 0
github.com/bladeacer/ocd/internal/tui/diffmodel.go:987.3,987.13 1 1
github.com/bladeacer/ocd/internal/tui/diffmodel.go:991.44,993.16 2 1
github.com/bladeacer/ocd/internal/tui/diffmodel.go:993.16,995.3 1 0
github.com/bladeacer/ocd/internal/tui/diffmodel.go:996.2,997.56 2 1
github.com/bladeacer/ocd/internal/tui/diffmodel.go:997.56,1000.3 2 0
github.com/bladeacer/ocd/internal/tui/diffmodel.go:1001.2,1004.18 3 1
github.com/bladeacer/ocd/internal/tui/diffmodel.go:1004.18,1006.3 1 0
github.com/bladeacer/ocd/internal/tui/diffmodel.go:1007.2,1008.54 2 1
github.com/bladeacer/ocd/internal/tui/diffmodel.go:1008.54,1011.3 2 0
github.com/bladeacer/ocd/internal/tui/diffmodel.go:1014.32,1015.25 1 1
github.com/bladeacer/ocd/internal/tui/diffmodel.go:1015.25,1017.3 1 1
github.com/bladeacer/ocd/internal/tui/diffmodel.go:1018.2,1020.48 3 1
github.com/bladeacer/ocd/internal/tui/diffmodel.go:1020.48,1022.3 1 1
github.com/bladeacer/ocd/internal/tui/diffmodel.go:1025.32,1026.25 1 1
github.com/bladeacer/ocd/internal/tui/diffmodel.go:1026.25,1028.3 1 1
github.com/bladeacer/ocd/internal/tui/diffmodel.go:1029.2,1030.23 2 1
github.com/bladeacer/ocd/internal/tui/diffmodel.go:1030.23,1032.3 1 1
github.com/bladeacer/ocd/internal/tui/diffmodel.go:1033.2,1034.48 2 1
github.com/bladeacer/ocd/internal/tui/diffmodel.go:1034.48,1036.3 1 1
github.com/bladeacer/ocd/internal/tui/diffmodel.go:1039.46,1040.25 1 1
github.com/bladeacer/ocd/internal/tui/diffmodel.go:1040.25,1042.3 1 1
github.com/bladeacer/ocd/internal/tui/diffmodel.go:1043.2,1045.38 3 1
github.com/bladeacer/ocd/internal/tui/diffmodel.go:1045.38,1047.3 1 1
github.com/bladeacer/ocd/internal/tui/diffmodel.go:1048.2,1048.19 1 1
github.com/bladeacer/ocd/internal/tui/diffmodel.go:1051.35,1052.14 1 1
github.com/bladeacer/ocd/internal/tui/diffmodel.go:1052.14,1054.3 1 1
github.com/bladeacer/ocd/internal/tui/diffmodel.go:1055.2,1055.66 1 1
github.com/bladeacer/ocd/internal/tui/diffmodel.go:1055.66,1058.3 2 0
github.com/bladeacer/ocd/internal/tui/diffmodel.go:1058.8,1058.55 1 1
github.com/bladeacer/ocd/internal/tui/diffmodel.go:1058.55,1060.3 1 1
github.com/bladeacer/ocd/internal/tui/diffmodel.go:1060.8,1060.34 1 1
github.com/bladeacer/ocd/internal/tui/diffmodel.go:1060.34,1062.3 1 0
github.com/bladeacer/ocd/internal/tui/diffmodel.go:1064.2,1066.18 3 1
github.com/bladeacer/ocd/internal/tui/diffmodel.go:1066.18,1068.3 1 0
github.com/bladeacer/ocd/internal/tui/diffmodel.go:1070.2,1071.24 2 1
github.com/bladeacer/ocd/internal/tui/diffmodel.go:1071.24,1075.3 1 1
github.com/bladeacer/ocd/internal/tui/diffmodel.go:1077.2,1085.16 3 1
github.com/bladeacer/ocd/internal/tui/diffmodel.go:1085.16,1087.3 1 1
github.com/bladeacer/ocd/internal/tui/diffmodel.go:1089.2,1089.13 1 1
github.com/bladeacer/ocd/internal/tui/diffmodel.go:1092.41,1117.2 4 1
github.com/bladeacer/ocd/internal/tui/diffmodel.go:1119.53,1124.2 4 0
github.com/bladeacer/ocd/internal/tui/model.go:68.49,117.2 12 0
github.com/bladeacer/ocd/internal/tui/model.go:119.32,121.2 1 0
github.com/bladeacer/ocd/internal/tui/model.go:123.38,126.2 2 1
github.com/bladeacer/ocd/internal/tui/model.go:128.37,131.2 2 0
github.com/bladeacer/ocd/internal/tui/model.go:133.58,134.27 1 0
github.com/bladeacer/ocd/internal/tui/model.go:135.25,138.16 3 0
github.com/bladeacer/ocd/internal/tui/model.go:140.21,142.30 2 0
github.com/bladeacer/ocd/internal/tui/model.go:142.30,145.4 2 0
github.com/bladeacer/ocd/internal/tui/model.go:146.3,149.16 4 0
github.com/bladeacer/ocd/internal/tui/model.go:151.15,152.30 1 0
github.com/bladeacer/ocd/internal/tui/model.go:152.30,154.42 2 0
github.com/bladeacer/ocd/internal/tui/model.go:154.42,156.5 1 0
github.com/bladeacer/ocd/internal/tui/model.go:157.4,157.26 1 0
github.com/bladeacer/ocd/internal/tui/model.go:159.3,159.16 1 0
github.com/bladeacer/ocd/internal/tui/model.go:161.18,162.26 1 0
github.com/bladeacer/ocd/internal/tui/model.go:164.23,167.16 3 0
github.com/bladeacer/ocd/internal/tui/model.go:170.2,170.15 1 0
github.com/bladeacer/ocd/internal/tui/model.go:173.64,174.17 1 1
github.com/bladeacer/ocd/internal/tui/model.go:175.20,176.33 1 1
github.com/bladeacer/ocd/internal/tui/model.go:177.18,178.31 1 1
github.com/bladeacer/ocd/internal/tui/model.go:179.19,180.32 1 1
github.com/bladeacer/ocd/internal/tui/model.go:181.20,182.33 1 1
github.com/bladeacer/ocd/internal/tui/model.go:184.2,184.15 1 0
github.com/bladeacer/ocd/internal/tui/model.go:187.71,188.53 1 1
github.com/bladeacer/ocd/internal/tui/model.go:188.53,190.3 1 1
github.com/bladeacer/ocd/internal/tui/model.go:191.2,191.15 1 1
github.com/bladeacer/ocd/internal/tui/model.go:194.69,195.22 1 1
github.com/bladeacer/ocd/internal/tui/model.go:196.21,197.21 1 1
github.com/bladeacer/ocd/internal/tui/model.go:199.16,200.23 1 1
github.com/bladeacer/ocd/internal/tui/model.go:202.11,206.16 4 1
github.com/bladeacer/ocd/internal/tui/model.go:208.11,210.19 2 1
github.com/bladeacer/ocd/internal/tui/model.go:212.11,214.19 2 1
github.com/bladeacer/ocd/internal/tui/model.go:216.11,218.19 2 1
github.com/bladeacer/ocd/internal/tui/model.go:220.11,222.19 2 1
github.com/bladeacer/ocd/internal/tui/model.go:224.11,226.16 2 0
github.com/bladeacer/ocd/internal/tui/model.go:229.2,231.15 3 1
github.com/bladeacer/ocd/internal/tui/model.go:234.70,235.22 1 1
github.com/bladeacer/ocd/internal/tui/model.go:236.27,242.16 6 1
github.com/bladeacer/ocd/internal/tui/model.go:244.24,249.16 5 1
github.com/bladeacer/ocd/internal/tui/model.go:251.19,253.19 2 1
github.com/bladeacer/ocd/internal/tui/model.go:253.19,255.4 1 1
github.com/bladeacer/ocd/internal/tui/model.go:256.3,258.16 3 1
github.com/bladeacer/ocd/internal/tui/model.go:259.11,266.16 7 0
github.com/bladeacer/ocd/internal/tui/model.go:269.2,269.28 1 1
github.com/bladeacer/ocd/internal/tui/model.go:269.28,274.3 4 1
github.com/bladeacer/ocd/internal/tui/model.go:276.2,276.15 1 0
github.com/bladeacer/ocd/internal/tui/model.go:279.71,280.22 1 1
github.com/bladeacer/ocd/internal/tui/model.go:281.21,282.21 1 1
github.com/bladeacer/ocd/internal/tui/model.go:283.27,286.16 3 1
github.com/bladeacer/ocd/internal/tui/model.go:288.2,288.15 1 0
github.com/bladeacer/ocd/internal/tui/model.go:291.50,293.16 2 1
github.com/bladeacer/ocd/internal/tui/model.go:293.16,295.3 1 1
github.com/bladeacer/ocd/internal/tui/model.go:296.2,298.15 3 1
github.com/bladeacer/ocd/internal/tui/model.go:301.32,304.29 2 1
github.com/bladeacer/ocd/internal/tui/model.go:304.29,309.42 4 1
github.com/bladeacer/ocd/internal/tui/model.go:309.42,310.12 1 1
github.com/bladeacer/ocd/internal/tui/model.go:312.3,312.25 1 1
github.com/bladeacer/ocd/internal/tui/model.go:312.25,314.35 2 1
github.com/bladeacer/ocd/internal/tui/model.go:314.35,315.29 1 1
github.com/bladeacer/ocd/internal/tui/model.go:315.29,317.11 2 1
github.com/bladeacer/ocd/internal/tui/model.go:320.4,320.15 1 1
github.com/bladeacer/ocd/internal/tui/model.go:320.15,321.13 1 1
github.com/bladeacer/ocd/internal/tui/model.go:324.3,324.46 1 1
github.com/bladeacer/ocd/internal/tui/model.go:324.46,325.12 1 0
github.com/bladeacer/ocd/internal/tui/model.go:327.3,327.26 1 1
github.com/bladeacer/ocd/internal/tui/model.go:327.26,329.69 2 1
github.com/bladeacer/ocd/internal/tui/model.go:329.69,330.13 1 1
github.com/bladeacer/ocd/internal/tui/model.go:333.3,333.35 1 1
github.com/bladeacer/ocd/internal/tui/model.go:336.2,337.21 2 1
github.com/bladeacer/ocd/internal/tui/model.go:340.50,342.2 1 1
github.com/bladeacer/ocd/internal/tui/model.go:344.35,346.17 2 1
github.com/bladeacer/ocd/internal/tui/model.go:346.17,348.3 1 1
github.com/bladeacer/ocd/internal/tui/model.go:350.2,353.41 3 1
github.com/bladeacer/ocd/internal/tui/model.go:353.41,357.23 3 1
github.com/bladeacer/ocd/internal/tui/model.go:357.23,360.22 3 1
github.com/bladeacer/ocd/internal/tui/model.go:360.22,362.5 1 1
github.com/bladeacer/ocd/internal/tui/model.go:364.3,364.37 1 1
github.com/bladeacer/ocd/internal/tui/model.go:367.2,367.23 1 1
github.com/bladeacer/ocd/internal/tui/model.go:370.29,374.37 3 1
github.com/bladeacer/ocd/internal/tui/model.go:374.37,376.3 1 1
github.com/bladeacer/ocd/internal/tui/model.go:378.2,381.46 3 1
github.com/bladeacer/ocd/internal/tui/model.go:381.46,386.3 1 1
github.com/bladeacer/ocd/internal/tui/model.go:388.2,390.36 2 1
github.com/bladeacer/ocd/internal/tui/model.go:390.36,393.16 3 1
github.com/bladeacer/ocd/internal/tui/model.go:393.16,394.12 1 0
github.com/bladeacer/ocd/internal/tui/model.go:396.3,400.16 4 1
github.com/bladeacer/ocd/internal/tui/model.go:400.16,401.38 1 1
github.com/bladeacer/ocd/internal/tui/model.go:401.38,403.5 1 1
github.com/bladeacer/ocd/internal/tui/model.go:406.3,408.33 3 1
github.com/bladeacer/ocd/internal/tui/model.go:408.33,409.17 1 1
github.com/bladeacer/ocd/internal/tui/model.go:409.17,411.5 1 1
github.com/bladeacer/ocd/internal/tui/model.go:411.10,413.5 1 1
github.com/bladeacer/ocd/internal/tui/model.go:416.3,417.52 2 1
github.com/bladeacer/ocd/internal/tui/model.go:417.52,419.4 1 0
github.com/bladeacer/ocd/internal/tui/model.go:421.3,422.21 2 1
github.com/bladeacer/ocd/internal/tui/model.go:422.21,424.4 1 0
github.com/bladeacer/ocd/internal/tui/model.go:426.3,435.5 1 1
github.com/bladeacer/ocd/internal/tui/model.go:438.2,439.19 2 1
github.com/bladeacer/ocd/internal/tui/model.go:442.41,453.2 1 1
github.com/bladeacer/ocd/internal/tui/model.go:455.42,458.16 3 0
github.com/bladeacer/ocd/internal/tui/model.go:458.16,460.3 1 0
github.com/bladeacer/ocd/internal/tui/model.go:461.2,462.9 2 0
github.com/bladeacer/ocd/internal/tui/model.go:462.9,464.3 1 0
github.com/bladeacer/ocd/internal/tui/model.go:465.2,465.30 1 0
github.com/bladeacer/ocd/internal/tui/model.go:465.30,467.3 1 0
github.com/bladeacer/ocd/internal/tui/model.go:468.2,468.25 1 0
github.com/bladeacer/ocd/internal/tui/model.go:471.35,474.26 3 1
github.com/bladeacer/ocd/internal/tui/model.go:474.26,475.12 1 1
github.com/bladeacer/ocd/internal/tui/model.go:475.12,477.4 1 1
github.com/bladeacer/ocd/internal/tui/model.go:479.2,479.13 1 1
github.com/bladeacer/ocd/internal/tui/model.go:482.25,484.22 2 1
github.com/bladeacer/ocd/internal/tui/model.go:484.22,485.27 1 1
github.com/bladeacer/ocd/internal/tui/model.go:485.27,487.4 1 1
github.com/bladeacer/ocd/internal/tui/model.go:489.2,489.10 1 1
github.com/bladeacer/ocd/internal/tui/model.go:492.38,493.25 1 1
github.com/bladeacer/ocd/internal/tui/model.go:493.25,496.17 3 1
github.com/bladeacer/ocd/internal/tui/model.go:496.17,498.4 1 1
github.com/bladeacer/ocd/internal/tui/model.go:499.3,499.17 1 1
github.com/bladeacer/ocd/internal/tui/model.go:499.17,501.4 1 1
github.com/bladeacer/ocd/internal/tui/model.go:502.3,502.15 1 1
github.com/bladeacer/ocd/internal/tui/model.go:502.15,504.4 1 1
github.com/bladeacer/ocd/internal/tui/model.go:506.2,506.10 1 1
github.com/bladeacer/ocd/internal/tui/model.go:509.38,510.37 1 1
github.com/bladeacer/ocd/internal/tui/model.go:510.37,512.3 1 1
github.com/bladeacer/ocd/internal/tui/model.go:513.2,513.16 1 1
github.com/bladeacer/ocd/internal/tui/model.go:514.22,515.11 1 1
github.com/bladeacer/ocd/internal/tui/model.go:516.19,517.11 1 1
github.com/bladeacer/ocd/internal/tui/model.go:518.24,519.11 1 1
github.com/bladeacer/ocd/internal/tui/model.go:521.2,521.10 1 1
github.com/bladeacer/ocd/internal/tui/model.go:524.35,525.13 1 1
github.com/bladeacer/ocd/internal/tui/model.go:525.13,527.3 1 1
github.com/bladeacer/ocd/internal/tui/model.go:528.2,528.16 1 1
github.com/bladeacer/ocd/internal/tui/pickermodel.go:47.61,77.2 8 0
github.com/bladeacer/ocd/internal/tui/pickermodel.go:79.38,81.2 1 0
github.com/bladeacer/ocd/internal/tui/pickermodel.go:83.42,86.2 2 0
github.com/bladeacer/ocd/internal/tui/pickermodel.go:88.64,89.27 1 0
github.com/bladeacer/ocd/internal/tui/pickermodel.go:90.21,92.30 2 0
github.com/bladeacer/ocd/internal/tui/pickermodel.go:92.30,95.4 2 0
github.com/bladeacer/ocd/internal/tui/pickermodel.go:96.3,98.16 3 0
github.com/bladeacer/ocd/internal/tui/pickermodel.go:100.32,103.16 3 0
github.com/bladeacer/ocd/internal/tui/pickermodel.go:105.18,106.38 1 0
github.com/bladeacer/ocd/internal/tui/pickermodel.go:106.38,107.55 1 0
github.com/bladeacer/ocd/internal/tui/pickermodel.go:107.55,110.5 2 0
github.com/bladeacer/ocd/internal/tui/pickermodel.go:111.4,111.17 1 0
github.com/bladeacer/ocd/internal/tui/pickermodel.go:114.3,114.26 1 0
github.com/bladeacer/ocd/internal/tui/pickermodel.go:117.2,117.15 1 0
github.com/bladeacer/ocd/internal/tui/pickermodel.go:120.70,121.18 1 1
github.com/bladeacer/ocd/internal/tui/pickermodel.go:121.18,123.3 1 0
github.com/bladeacer/ocd/internal/tui/pickermodel.go:125.2,125.22 1 1
github.com/bladeacer/ocd/internal/tui/pickermodel.go:126.21,128.21 2 0
github.com/bladeacer/ocd/internal/tui/pickermodel.go:129.11,133.16 4 1
github.com/bladeacer/ocd/internal/tui/pickermodel.go:134.16,135.27 1 1
github.com/bladeacer/ocd/internal/tui/pickermodel.go:136.11,138.18 2 1
github.com/bladeacer/ocd/internal/tui/pickermodel.go:139.11,141.18 2 0
github.com/bladeacer/ocd/internal/tui/pickermodel.go:142.11,144.16 2 0
github.com/bladeacer/ocd/internal/tui/pickermodel.go:147.2,149.15 3 1
github.com/bladeacer/ocd/internal/tui/pickermodel.go:152.76,153.22 1 1
github.com/bladeacer/ocd/internal/tui/pickermodel.go:154.27,160.16 6 1
github.com/bladeacer/ocd/internal/tui/pickermodel.go:161.24,166.16 5 1
github.com/bladeacer/ocd/internal/tui/pickermodel.go:167.20,169.19 2 1
github.com/bladeacer/ocd/internal/tui/pickermodel.go:169.19,171.4 1 1
github.com/bladeacer/ocd/internal/tui/pickermodel.go:172.3,174.16 3 1
github.com/bladeacer/ocd/internal/tui/pickermodel.go:175.11,182.16 7 0
github.com/bladeacer/ocd/internal/tui/pickermodel.go:185.2,185.28 1 1
github.com/bladeacer/ocd/internal/tui/pickermodel.go:185.28,190.3 4 1
github.com/bladeacer/ocd/internal/tui/pickermodel.go:192.2,192.15 1 0
github.com/bladeacer/ocd/internal/tui/pickermodel.go:195.60,197.16 2 1
github.com/bladeacer/ocd/internal/tui/pickermodel.go:197.16,199.3 1 1
github.com/bladeacer/ocd/internal/tui/pickermodel.go:200.2,201.29 2 1
github.com/bladeacer/ocd/internal/tui/pickermodel.go:201.29,207.3 5 1
github.com/bladeacer/ocd/internal/tui/pickermodel.go:207.8,211.3 3 1
github.com/bladeacer/ocd/internal/tui/pickermodel.go:212.2,212.15 1 1
github.com/bladeacer/ocd/internal/tui/pickermodel.go:215.35,217.38 2 1
github.com/bladeacer/ocd/internal/tui/pickermodel.go:217.38,222.3 1 1
github.com/bladeacer/ocd/internal/tui/pickermodel.go:224.2,226.37 3 1
github.com/bladeacer/ocd/internal/tui/pickermodel.go:226.37,228.3 1 1
github.com/bladeacer/ocd/internal/tui/pickermodel.go:230.2,230.24 1 1
github.com/bladeacer/ocd/internal/tui/pickermodel.go:230.24,231.58 1 1
github.com/bladeacer/ocd/internal/tui/pickermodel.go:231.58,232.12 1 1
github.com/bladeacer/ocd/internal/tui/pickermodel.go:234.3,235.21 2 1
github.com/bladeacer/ocd/internal/tui/pickermodel.go:235.21,237.4 1 0
github.com/bladeacer/ocd/internal/tui/pickermodel.go:239.3,240.31 2 1
github.com/bladeacer/ocd/internal/tui/pickermodel.go:240.31,241.28 1 1
github.com/bladeacer/ocd/internal/tui/pickermodel.go:241.28,243.5 1 1
github.com/bladeacer/ocd/internal/tui/pickermodel.go:243.10,245.5 1 1
github.com/bladeacer/ocd/internal/tui/pickermodel.go:248.3,249.16 2 1
github.com/bladeacer/ocd/internal/tui/pickermodel.go:249.16,251.4 1 1
github.com/bladeacer/ocd/internal/tui/pickermodel.go:251.9,253.4 1 1
github.com/bladeacer/ocd/internal/tui/pickermodel.go:255.3,261.5 1 1
github.com/bladeacer/ocd/internal/tui/pickermodel.go:263.2,263.15 1 1
github.com/bladeacer/ocd/internal/tui/pickermodel.go:266.57,269.2 2 1
github.com/bladeacer/ocd/internal/tui/pickermodel.go:271.37,274.29 2 1
github.com/bladeacer/ocd/internal/tui/pickermodel.go:274.29,275.43 1 1
github.com/bladeacer/ocd/internal/tui/pickermodel.go:275.43,276.12 1 1
github.com/bladeacer/ocd/internal/tui/pickermodel.go:278.3,278.44 1 1
github.com/bladeacer/ocd/internal/tui/pickermodel.go:278.44,280.35 2 0
github.com/bladeacer/ocd/internal/tui/pickermodel.go:280.35,281.28 1 0
github.com/bladeacer/ocd/internal/tui/pickermodel.go:281.28,283.11 2 0
github.com/bladeacer/ocd/internal/tui/pickermodel.go:286.4,286.15 1 0
github.com/bladeacer/ocd/internal/tui/pickermodel.go:286.15,287.13 1 0
github.com/bladeacer/ocd/internal/tui/pickermodel.go:290.3,290.22 1 1
github.com/bladeacer/ocd/internal/tui/pickermodel.go:290.22,292.63 2 1
github.com/bladeacer/ocd/internal/tui/pickermodel.go:292.63,293.13 1 0
github.com/bladeacer/ocd/internal/tui/pickermodel.go:296.3,296.35 1 1
github.com/bladeacer/ocd/internal/tui/pickermodel.go:299.2,299.49 1 1
github.com/bladeacer/ocd/internal/tui/pickermodel.go:299.49,302.19 3 1
github.com/bladeacer/ocd/internal/tui/pickermodel.go:302.19,304.4 1 0
github.com/bladeacer/ocd/internal/tui/pickermodel.go:305.3,308.8 1 1
github.com/bladeacer/ocd/internal/tui/pickermodel.go:311.2,311.25 1 1
github.com/bladeacer/ocd/internal/tui/pickermodel.go:314.37,315.18 1 0
github.com/bladeacer/ocd/internal/tui/pickermodel.go:315.18,317.3 1 0
github.com/bladeacer/ocd/internal/tui/pickermodel.go:318.2,318.21 1 0
github.com/bladeacer/ocd/internal/tui/pickermodel.go:318.21,320.3 1 0
github.com/bladeacer/ocd/internal/tui/pickermodel.go:322.2,322.16 1 0
github.com/bladeacer/ocd/internal/tui/pickermodel.go:322.16,336.3 3 0
github.com/bladeacer/ocd/internal/tui/pickermodel.go:338.2,339.30 2 0
github.com/bladeacer/ocd/internal/tui/pickermodel.go:339.30,341.3 1 0
github.com/bladeacer/ocd/internal/tui/pickermodel.go:343.2,344.18 2 0
github.com/bladeacer/ocd/internal/tui/pickermodel.go:344.18,346.3 1 0
github.com/bladeacer/ocd/internal/tui/pickermodel.go:348.2,355.92 3 0
github.com/bladeacer/ocd/internal/tui/pickermodel.go:358.75,362.16 4 0
github.com/bladeacer/ocd/internal/tui/pickermodel.go:362.16,364.3 1 0
github.com/bladeacer/ocd/internal/tui/pickermodel.go:365.2,366.25 2 0
github.com/bladeacer/ocd/internal/tui/pickermodel.go:366.25,368.3 1 0
github.com/bladeacer/ocd/internal/tui/pickermodel.go:369.2,369.47 1 0
github.com/bladeacer/ocd/internal/tui/spinner.go:18.55,27.2 4 1
github.com/bladeacer/ocd/internal/tui/spinner.go:29.39,31.2 1 1
github.com/bladeacer/ocd/internal/tui/spinner.go:33.45,36.2 2 0
github.com/bladeacer/ocd/internal/tui/spinner.go:38.69,39.27 1 1
github.com/bladeacer/ocd/internal/tui/spinner.go:40.15,42.37 2 1
github.com/bladeacer/ocd/internal/tui/spinner.go:42.37,44.4 1 1
github.com/bladeacer/ocd/internal/tui/spinner.go:45.3,45.25 1 1
github.com/bladeacer/ocd/internal/tui/spinner.go:46.23,49.16 3 1
github.com/bladeacer/ocd/internal/tui/spinner.go:51.2,51.15 1 0
github.com/bladeacer/ocd/internal/tui/spinner.go:54.38,58.2 3 1
github.com/bladeacer/ocd/internal/tui/spinner.go:60.39,62.2 1 1
github.com/bladeacer/ocd/internal/tui/styles.go:42.33,54.2 4 1
github.com/bladeacer/ocd/internal/tui/view.go:17.31,18.17 1 1
github.com/bladeacer/ocd/internal/tui/view.go:19.20,20.25 1 1
github.com/bladeacer/ocd/internal/tui/view.go:21.31,22.30 1 1
github.com/bladeacer/ocd/internal/tui/view.go:23.20,24.25 1 0
github.com/bladeacer/ocd/internal/tui/view.go:26.2,26.11 1 0
github.com/bladeacer/ocd/internal/tui/view.go:29.38,30.18 1 1
github.com/bladeacer/ocd/internal/tui/view.go:30.18,32.3 1 1
github.com/bladeacer/ocd/internal/tui/view.go:34.2,37.84 3 1
github.com/bladeacer/ocd/internal/tui/view.go:40.43,41.16 1 1
github.com/bladeacer/ocd/internal/tui/view.go:41.16,43.3 1 0
github.com/bladeacer/ocd/internal/tui/view.go:45.2,49.28 3 1
github.com/bladeacer/ocd/internal/tui/view.go:49.28,51.3 1 1
github.com/bladeacer/ocd/internal/tui/view.go:53.2,58.19 4 1
github.com/bladeacer/ocd/internal/tui/view.go:61.37,78.2 3 0
github.com/bladeacer/ocd/internal/tui/view.go:80.37,92.2 4 1
github.com/bladeacer/ocd/internal/tui/view.go:94.50,95.12 1 1
github.com/bladeacer/ocd/internal/tui/view.go:95.12,97.3 1 1
github.com/bladeacer/ocd/internal/tui/view.go:98.2,98.53 1 1
github.com/bladeacer/ocd/internal/tui/view.go:101.38,109.2 3 1
