mode: set
github.com/bladeacer/ocd/main.go:18.13,36.39 7 0
github.com/bladeacer/ocd/main.go:36.39,39.3 2 0
github.com/bladeacer/ocd/main.go:18.13,36.39 7 0
github.com/bladeacer/ocd/main.go:36.39,39.3 2 0
github.com/bladeacer/ocd/cmd/clean.go:12.35,16.55 1 0
github.com/bladeacer/ocd/cmd/clean.go:16.55,18.36 2 0
github.com/bladeacer/ocd/cmd/clean.go:18.36,20.5 1 0
github.com/bladeacer/ocd/cmd/clean.go:21.4,21.62 1 0
github.com/bladeacer/ocd/cmd/clean.go:21.62,23.5 1 0
github.com/bladeacer/ocd/cmd/clean.go:24.4,25.14 2 0
github.com/bladeacer/ocd/cmd/clean.go:29.2,29.12 1 0
github.com/bladeacer/ocd/cmd/diff.go:17.34,18.32 1 0
github.com/bladeacer/ocd/cmd/diff.go:18.32,21.3 2 0
github.com/bladeacer/ocd/cmd/diff.go:22.2,22.24 1 0
github.com/bladeacer/ocd/cmd/diff.go:25.64,28.16 3 0
github.com/bladeacer/ocd/cmd/diff.go:29.14,30.30 1 0
github.com/bladeacer/ocd/cmd/diff.go:31.14,32.30 1 0
github.com/bladeacer/ocd/cmd/diff.go:33.10,34.30 1 0
github.com/bladeacer/ocd/cmd/diff.go:36.2,36.16 1 0
github.com/bladeacer/ocd/cmd/diff.go:36.16,38.3 1 0
github.com/bladeacer/ocd/cmd/diff.go:39.2,39.39 1 0
github.com/bladeacer/ocd/cmd/diff.go:42.55,44.22 2 0
github.com/bladeacer/ocd/cmd/diff.go:44.22,46.3 1 0
github.com/bladeacer/ocd/cmd/diff.go:49.38,51.38 2 0
github.com/bladeacer/ocd/cmd/diff.go:51.38,53.3 1 0
github.com/bladeacer/ocd/cmd/diff.go:54.2,56.12 3 0
github.com/bladeacer/ocd/cmd/diff.go:59.34,77.55 6 0
github.com/bladeacer/ocd/cmd/diff.go:77.55,80.22 2 0
github.com/bladeacer/ocd/cmd/diff.go:80.22,83.5 2 0
github.com/bladeacer/ocd/cmd/diff.go:83.10,83.44 1 0
github.com/bladeacer/ocd/cmd/diff.go:83.44,89.19 5 0
github.com/bladeacer/ocd/cmd/diff.go:89.19,91.6 1 0
github.com/bladeacer/ocd/cmd/diff.go:92.5,92.41 1 0
github.com/bladeacer/ocd/cmd/diff.go:92.41,95.6 2 0
github.com/bladeacer/ocd/cmd/diff.go:96.10,98.5 1 0
github.com/bladeacer/ocd/cmd/diff.go:100.4,100.46 1 0
github.com/bladeacer/ocd/cmd/diff.go:100.46,102.5 1 0
github.com/bladeacer/ocd/cmd/diff.go:103.4,103.46 1 0
github.com/bladeacer/ocd/cmd/diff.go:103.46,105.5 1 0
github.com/bladeacer/ocd/cmd/diff.go:107.4,108.27 2 0
github.com/bladeacer/ocd/cmd/diff.go:108.27,110.5 1 0
github.com/bladeacer/ocd/cmd/diff.go:112.4,112.12 1 0
github.com/bladeacer/ocd/cmd/diff.go:112.12,118.25 6 0
github.com/bladeacer/ocd/cmd/diff.go:118.25,120.6 1 0
github.com/bladeacer/ocd/cmd/diff.go:120.11,122.6 1 0
github.com/bladeacer/ocd/cmd/diff.go:123.5,125.72 3 0
github.com/bladeacer/ocd/cmd/diff.go:125.72,127.6 1 0
github.com/bladeacer/ocd/cmd/diff.go:128.5,129.15 2 0
github.com/bladeacer/ocd/cmd/diff.go:132.4,132.36 1 0
github.com/bladeacer/ocd/cmd/diff.go:136.2,141.12 6 0
github.com/bladeacer/ocd/cmd/extract.go:11.37,18.55 1 0
github.com/bladeacer/ocd/cmd/extract.go:18.55,21.18 3 0
github.com/bladeacer/ocd/cmd/extract.go:21.18,23.5 1 0
github.com/bladeacer/ocd/cmd/extract.go:24.4,25.14 2 0
github.com/bladeacer/ocd/cmd/extract.go:29.2,29.12 1 0
github.com/bladeacer/ocd/cmd/interact.go:14.38,23.55 2 0
github.com/bladeacer/ocd/cmd/interact.go:23.55,29.18 5 0
github.com/bladeacer/ocd/cmd/interact.go:29.18,31.5 1 0
github.com/bladeacer/ocd/cmd/interact.go:32.4,32.30 1 0
github.com/bladeacer/ocd/cmd/interact.go:32.30,35.5 2 0
github.com/bladeacer/ocd/cmd/interact.go:37.4,39.18 3 0
github.com/bladeacer/ocd/cmd/interact.go:39.18,41.5 1 0
github.com/bladeacer/ocd/cmd/interact.go:42.4,43.14 2 0
github.com/bladeacer/ocd/cmd/interact.go:47.2,48.12 2 0
github.com/bladeacer/ocd/cmd/stat.go:13.34,26.55 3 0
github.com/bladeacer/ocd/cmd/stat.go:26.55,30.18 3 0
github.com/bladeacer/ocd/cmd/stat.go:30.18,32.5 1 0
github.com/bladeacer/ocd/cmd/stat.go:33.4,34.18 2 0
github.com/bladeacer/ocd/cmd/stat.go:34.18,36.5 1 0
github.com/bladeacer/ocd/cmd/stat.go:38.4,44.24 5 0
github.com/bladeacer/ocd/cmd/stat.go:44.24,46.5 1 0
github.com/bladeacer/ocd/cmd/stat.go:46.10,48.5 1 0
github.com/bladeacer/ocd/cmd/stat.go:49.4,51.63 3 0
github.com/bladeacer/ocd/cmd/stat.go:51.63,53.5 1 0
github.com/bladeacer/ocd/cmd/stat.go:54.4,55.14 2 0
github.com/bladeacer/ocd/cmd/stat.go:59.2,61.12 3 0
github.com/bladeacer/ocd/internal/cache/cache.go:28.36,33.49 2 0
github.com/bladeacer/ocd/internal/cache/cache.go:33.49,34.13 1 0
github.com/bladeacer/ocd/internal/cache/cache.go:36.2,36.10 1 0
github.com/bladeacer/ocd/internal/cache/cache.go:39.42,41.2 1 0
github.com/bladeacer/ocd/internal/cache/cache.go:43.55,46.16 3 0
github.com/bladeacer/ocd/internal/cache/cache.go:46.16,47.25 1 0
github.com/bladeacer/ocd/internal/cache/cache.go:47.25,49.4 1 0
github.com/bladeacer/ocd/internal/cache/cache.go:50.3,50.13 1 0
github.com/bladeacer/ocd/internal/cache/cache.go:52.2,53.53 2 0
github.com/bladeacer/ocd/internal/cache/cache.go:53.53,55.3 1 0
github.com/bladeacer/ocd/internal/cache/cache.go:56.2,56.54 1 0
github.com/bladeacer/ocd/internal/cache/cache.go:56.54,58.3 1 0
github.com/bladeacer/ocd/internal/cache/cache.go:59.2,59.38 1 0
github.com/bladeacer/ocd/internal/cache/cache.go:62.55,65.16 3 0
github.com/bladeacer/ocd/internal/cache/cache.go:65.16,67.3 1 0
github.com/bladeacer/ocd/internal/cache/cache.go:68.2,73.16 3 0
github.com/bladeacer/ocd/internal/cache/cache.go:73.16,75.3 1 0
github.com/bladeacer/ocd/internal/cache/cache.go:76.2,76.35 1 0
github.com/bladeacer/ocd/internal/cache/cache.go:79.43,82.24 3 0
github.com/bladeacer/ocd/internal/cache/cache.go:82.24,84.3 1 0
github.com/bladeacer/ocd/internal/cache/cache.go:85.2,85.12 1 0
github.com/bladeacer/ocd/internal/cache/cache.go:88.31,90.16 2 0
github.com/bladeacer/ocd/internal/cache/cache.go:90.16,91.25 1 0
github.com/bladeacer/ocd/internal/cache/cache.go:91.25,93.4 1 0
github.com/bladeacer/ocd/internal/cache/cache.go:94.3,94.13 1 0
github.com/bladeacer/ocd/internal/cache/cache.go:96.2,98.16 3 0
github.com/bladeacer/ocd/internal/cache/cache.go:98.16,100.3 1 0
github.com/bladeacer/ocd/internal/cache/cache.go:101.2,101.29 1 0
github.com/bladeacer/ocd/internal/cache/cache.go:101.29,103.3 1 0
github.com/bladeacer/ocd/internal/cache/cache.go:104.2,104.12 1 0
github.com/bladeacer/ocd/internal/core/asar.go:31.61,33.16 2 0
github.com/bladeacer/ocd/internal/core/asar.go:33.16,35.3 1 0
github.com/bladeacer/ocd/internal/core/asar.go:36.2,39.47 3 0
github.com/bladeacer/ocd/internal/core/asar.go:39.47,41.3 1 0
github.com/bladeacer/ocd/internal/core/asar.go:43.2,44.71 2 0
github.com/bladeacer/ocd/internal/core/asar.go:44.71,46.3 1 0
github.com/bladeacer/ocd/internal/core/asar.go:47.2,47.51 1 0
github.com/bladeacer/ocd/internal/core/asar.go:47.51,49.3 1 0
github.com/bladeacer/ocd/internal/core/asar.go:51.2,52.51 2 0
github.com/bladeacer/ocd/internal/core/asar.go:52.51,54.3 1 0
github.com/bladeacer/ocd/internal/core/asar.go:56.2,57.57 2 0
github.com/bladeacer/ocd/internal/core/asar.go:57.57,59.3 1 0
github.com/bladeacer/ocd/internal/core/asar.go:61.2,62.9 2 0
github.com/bladeacer/ocd/internal/core/asar.go:62.9,64.3 1 0
github.com/bladeacer/ocd/internal/core/asar.go:66.2,67.67 2 0
github.com/bladeacer/ocd/internal/core/asar.go:67.67,69.3 1 0
github.com/bladeacer/ocd/internal/core/asar.go:71.2,74.16 3 0
github.com/bladeacer/ocd/internal/core/asar.go:74.16,76.3 1 0
github.com/bladeacer/ocd/internal/core/asar.go:77.2,80.49 3 0
github.com/bladeacer/ocd/internal/core/asar.go:80.49,82.3 1 0
github.com/bladeacer/ocd/internal/core/asar.go:84.2,84.12 1 0
github.com/bladeacer/ocd/internal/core/diff.go:17.60,22.16 4 0
github.com/bladeacer/ocd/internal/core/diff.go:22.16,28.3 1 0
github.com/bladeacer/ocd/internal/core/diff.go:30.2,31.16 2 0
github.com/bladeacer/ocd/internal/core/diff.go:31.16,37.3 1 0
github.com/bladeacer/ocd/internal/core/diff.go:39.2,52.49 4 0
github.com/bladeacer/ocd/internal/core/diff.go:52.49,53.67 1 0
github.com/bladeacer/ocd/internal/core/diff.go:53.67,55.9 2 0
github.com/bladeacer/ocd/internal/core/diff.go:59.2,64.3 1 0
github.com/bladeacer/ocd/internal/core/extract.go:19.49,23.45 3 0
github.com/bladeacer/ocd/internal/core/extract.go:23.45,25.3 1 0
github.com/bladeacer/ocd/internal/core/extract.go:27.2,27.51 1 0
github.com/bladeacer/ocd/internal/core/extract.go:27.51,29.3 1 0
github.com/bladeacer/ocd/internal/core/extract.go:31.2,34.16 3 0
github.com/bladeacer/ocd/internal/core/extract.go:34.16,36.3 1 0
github.com/bladeacer/ocd/internal/core/extract.go:37.2,39.44 2 0
github.com/bladeacer/ocd/internal/core/extract.go:39.44,41.3 1 0
github.com/bladeacer/ocd/internal/core/extract.go:42.2,42.38 1 0
github.com/bladeacer/ocd/internal/core/extract.go:42.38,44.3 1 0
github.com/bladeacer/ocd/internal/core/extract.go:46.2,47.16 2 0
github.com/bladeacer/ocd/internal/core/extract.go:47.16,49.3 1 0
github.com/bladeacer/ocd/internal/core/extract.go:50.2,53.16 3 0
github.com/bladeacer/ocd/internal/core/extract.go:53.16,55.3 1 0
github.com/bladeacer/ocd/internal/core/extract.go:56.2,59.54 3 0
github.com/bladeacer/ocd/internal/core/extract.go:59.54,62.3 2 0
github.com/bladeacer/ocd/internal/core/extract.go:63.2,65.65 2 0
github.com/bladeacer/ocd/internal/core/extract.go:65.65,67.3 1 0
github.com/bladeacer/ocd/internal/core/extract.go:69.2,69.22 1 0
github.com/bladeacer/ocd/internal/core/tldr.go:52.37,55.18 3 0
github.com/bladeacer/ocd/internal/core/tldr.go:55.18,57.3 1 0
github.com/bladeacer/ocd/internal/core/tldr.go:58.2,58.19 1 0
github.com/bladeacer/ocd/internal/core/tldr.go:58.19,60.3 1 0
github.com/bladeacer/ocd/internal/core/tldr.go:61.2,61.19 1 0
github.com/bladeacer/ocd/internal/core/tldr.go:61.19,63.3 1 0
github.com/bladeacer/ocd/internal/core/tldr.go:64.2,64.19 1 0
github.com/bladeacer/ocd/internal/core/tldr.go:64.19,66.3 1 0
github.com/bladeacer/ocd/internal/core/tldr.go:67.2,67.15 1 0
github.com/bladeacer/ocd/internal/core/tldr.go:70.43,72.46 2 0
github.com/bladeacer/ocd/internal/core/tldr.go:72.46,74.52 2 0
github.com/bladeacer/ocd/internal/core/tldr.go:74.52,76.4 1 0
github.com/bladeacer/ocd/internal/core/tldr.go:76.9,78.4 1 0
github.com/bladeacer/ocd/internal/core/tldr.go:80.2,80.21 1 0
github.com/bladeacer/ocd/internal/core/tldr.go:80.21,82.3 1 0
github.com/bladeacer/ocd/internal/core/tldr.go:83.2,83.24 1 0
github.com/bladeacer/ocd/internal/core/tldr.go:86.46,88.50 2 0
github.com/bladeacer/ocd/internal/core/tldr.go:88.50,91.3 2 0
github.com/bladeacer/ocd/internal/core/tldr.go:92.2,92.42 1 0
github.com/bladeacer/ocd/internal/core/tldr.go:92.42,94.3 1 0
github.com/bladeacer/ocd/internal/core/tldr.go:95.2,95.42 1 0
github.com/bladeacer/ocd/internal/core/tldr.go:95.42,97.3 1 0
github.com/bladeacer/ocd/internal/core/tldr.go:98.2,98.44 1 0
github.com/bladeacer/ocd/internal/core/tldr.go:98.44,100.3 1 0
github.com/bladeacer/ocd/internal/core/tldr.go:101.2,101.57 1 0
github.com/bladeacer/ocd/internal/core/tldr.go:101.57,102.10 1 0
github.com/bladeacer/ocd/internal/core/tldr.go:103.38,104.21 1 0
github.com/bladeacer/ocd/internal/core/tldr.go:105.37,106.19 1 0
github.com/bladeacer/ocd/internal/core/tldr.go:107.37,108.19 1 0
github.com/bladeacer/ocd/internal/core/tldr.go:109.37,110.19 1 0
github.com/bladeacer/ocd/internal/core/tldr.go:111.39,112.23 1 0
github.com/bladeacer/ocd/internal/core/tldr.go:115.2,115.15 1 0
github.com/bladeacer/ocd/internal/core/tldr.go:118.41,120.15 2 0
github.com/bladeacer/ocd/internal/core/tldr.go:120.15,122.3 1 0
github.com/bladeacer/ocd/internal/core/tldr.go:123.2,126.48 4 0
github.com/bladeacer/ocd/internal/core/tldr.go:126.48,129.3 2 0
github.com/bladeacer/ocd/internal/core/tldr.go:130.2,130.30 1 0
github.com/bladeacer/ocd/internal/core/tldr.go:130.30,132.3 1 0
github.com/bladeacer/ocd/internal/core/tldr.go:133.2,133.10 1 0
github.com/bladeacer/ocd/internal/core/tldr.go:136.43,138.16 2 0
github.com/bladeacer/ocd/internal/core/tldr.go:138.16,140.3 1 0
github.com/bladeacer/ocd/internal/core/tldr.go:142.2,147.49 5 0
github.com/bladeacer/ocd/internal/core/tldr.go:147.49,148.70 1 0
github.com/bladeacer/ocd/internal/core/tldr.go:148.70,152.4 3 0
github.com/bladeacer/ocd/internal/core/tldr.go:152.9,152.77 1 0
github.com/bladeacer/ocd/internal/core/tldr.go:152.77,156.4 3 0
github.com/bladeacer/ocd/internal/core/tldr.go:156.9,156.114 1 0
github.com/bladeacer/ocd/internal/core/tldr.go:156.114,157.47 1 0
github.com/bladeacer/ocd/internal/core/tldr.go:157.47,159.5 1 0
github.com/bladeacer/ocd/internal/core/tldr.go:163.2,163.38 1 0
github.com/bladeacer/ocd/internal/core/tldr.go:163.38,164.42 1 0
github.com/bladeacer/ocd/internal/core/tldr.go:164.42,165.24 1 0
github.com/bladeacer/ocd/internal/core/tldr.go:165.24,171.5 1 0
github.com/bladeacer/ocd/internal/core/tldr.go:172.9,174.4 1 0
github.com/bladeacer/ocd/internal/core/tldr.go:176.2,176.32 1 0
github.com/bladeacer/ocd/internal/core/tldr.go:176.32,177.36 1 0
github.com/bladeacer/ocd/internal/core/tldr.go:177.36,179.4 1 0
github.com/bladeacer/ocd/internal/core/tldr.go:182.2,182.10 1 0
github.com/bladeacer/ocd/internal/core/tldr.go:185.155,186.48 1 0
github.com/bladeacer/ocd/internal/core/tldr.go:186.48,192.20 6 0
github.com/bladeacer/ocd/internal/core/tldr.go:192.20,194.4 1 0
github.com/bladeacer/ocd/internal/core/tldr.go:194.9,194.27 1 0
github.com/bladeacer/ocd/internal/core/tldr.go:194.27,196.4 1 0
github.com/bladeacer/ocd/internal/core/tldr.go:199.2,199.60 1 0
github.com/bladeacer/ocd/internal/core/tldr.go:199.60,200.31 1 0
github.com/bladeacer/ocd/internal/core/tldr.go:200.31,202.21 2 0
github.com/bladeacer/ocd/internal/core/tldr.go:202.21,204.5 1 0
github.com/bladeacer/ocd/internal/core/tldr.go:204.10,204.28 1 0
github.com/bladeacer/ocd/internal/core/tldr.go:204.28,206.5 1 0
github.com/bladeacer/ocd/internal/core/tldr.go:210.2,210.38 1 0
github.com/bladeacer/ocd/internal/core/tldr.go:210.38,212.3 1 0
github.com/bladeacer/ocd/internal/core/tldr.go:214.2,214.49 1 0
github.com/bladeacer/ocd/internal/core/tldr.go:214.49,215.27 1 0
github.com/bladeacer/ocd/internal/core/tldr.go:215.27,217.4 1 0
github.com/bladeacer/ocd/internal/core/tldr.go:218.3,218.32 1 0
github.com/bladeacer/ocd/internal/core/tldr.go:222.61,223.16 1 0
github.com/bladeacer/ocd/internal/core/tldr.go:223.16,225.3 1 0
github.com/bladeacer/ocd/internal/core/tldr.go:226.2,227.23 2 0
github.com/bladeacer/ocd/internal/core/tldr.go:227.23,229.3 1 0
github.com/bladeacer/ocd/internal/core/tldr.go:230.2,230.11 1 0
github.com/bladeacer/ocd/internal/core/tldr.go:233.40,236.2 2 0
github.com/bladeacer/ocd/internal/core/tldr.go:238.42,241.22 3 0
github.com/bladeacer/ocd/internal/core/tldr.go:241.22,243.3 1 0
github.com/bladeacer/ocd/internal/core/tldr.go:244.2,244.11 1 0
github.com/bladeacer/ocd/internal/core/tldr.go:247.38,249.53 2 0
github.com/bladeacer/ocd/internal/core/tldr.go:249.53,251.3 1 0
github.com/bladeacer/ocd/internal/core/tldr.go:252.2,252.26 1 0
github.com/bladeacer/ocd/internal/core/tldr.go:252.26,253.32 1 0
github.com/bladeacer/ocd/internal/core/tldr.go:253.32,255.4 1 0
github.com/bladeacer/ocd/internal/core/tldr.go:255.9,255.39 1 0
github.com/bladeacer/ocd/internal/core/tldr.go:255.39,257.4 1 0
github.com/bladeacer/ocd/internal/core/tldr.go:257.9,259.4 1 0
github.com/bladeacer/ocd/internal/core/tldr.go:261.2,261.14 1 0
github.com/bladeacer/ocd/internal/core/tldr.go:264.46,265.20 1 0
github.com/bladeacer/ocd/internal/core/tldr.go:265.20,267.3 1 0
github.com/bladeacer/ocd/internal/core/tldr.go:268.2,274.27 6 0
github.com/bladeacer/ocd/internal/core/tldr.go:274.27,277.3 2 0
github.com/bladeacer/ocd/internal/core/tldr.go:278.2,281.24 3 0
github.com/bladeacer/ocd/internal/core/tldr.go:281.24,283.3 1 0
github.com/bladeacer/ocd/internal/core/tldr.go:283.8,286.3 2 0
github.com/bladeacer/ocd/internal/core/tldr.go:288.2,290.25 3 0
github.com/bladeacer/ocd/internal/core/tldr.go:290.25,291.18 1 0
github.com/bladeacer/ocd/internal/core/tldr.go:291.18,294.4 2 0
github.com/bladeacer/ocd/internal/core/tldr.go:297.2,297.92 1 0
github.com/bladeacer/ocd/internal/core/tldr.go:300.52,303.2 2 0
github.com/bladeacer/ocd/internal/core/tldr.go:305.52,308.2 2 0
github.com/bladeacer/ocd/internal/core/tldr.go:310.52,327.26 4 0
github.com/bladeacer/ocd/internal/core/tldr.go:327.26,329.3 1 0
github.com/bladeacer/ocd/internal/core/tldr.go:330.2,330.26 1 0
github.com/bladeacer/ocd/internal/core/tldr.go:330.26,332.3 1 0
github.com/bladeacer/ocd/internal/core/tldr.go:333.2,333.24 1 0
github.com/bladeacer/ocd/internal/core/tldr.go:333.24,335.3 1 0
github.com/bladeacer/ocd/internal/core/tldr.go:336.2,336.28 1 0
github.com/bladeacer/ocd/internal/core/tldr.go:336.28,338.3 1 0
github.com/bladeacer/ocd/internal/core/tldr.go:339.2,339.42 1 0
github.com/bladeacer/ocd/internal/core/tldr.go:339.42,341.3 1 0
github.com/bladeacer/ocd/internal/core/tldr.go:342.2,342.25 1 0
github.com/bladeacer/ocd/internal/core/tldr.go:345.38,360.19 7 0
github.com/bladeacer/ocd/internal/core/tldr.go:360.19,362.3 1 0
github.com/bladeacer/ocd/internal/core/tldr.go:362.8,364.3 1 0
github.com/bladeacer/ocd/internal/core/tldr.go:365.2,365.39 1 0
github.com/bladeacer/ocd/internal/core/tldr.go:365.39,367.3 1 0
github.com/bladeacer/ocd/internal/core/tldr.go:368.2,368.41 1 0
github.com/bladeacer/ocd/internal/core/tldr.go:368.41,370.3 1 0
github.com/bladeacer/ocd/internal/core/tldr.go:371.2,371.42 1 0
github.com/bladeacer/ocd/internal/core/tldr.go:371.42,373.3 1 0
github.com/bladeacer/ocd/internal/core/tldr.go:374.2,374.44 1 0
github.com/bladeacer/ocd/internal/core/tldr.go:374.44,376.3 1 0
github.com/bladeacer/ocd/internal/core/tldr.go:377.2,377.44 1 0
github.com/bladeacer/ocd/internal/core/tldr.go:377.44,379.3 1 0
github.com/bladeacer/ocd/internal/core/tldr.go:380.2,380.26 1 0
github.com/bladeacer/ocd/internal/core/tldr.go:380.26,382.3 1 0
github.com/bladeacer/ocd/internal/core/tldr.go:383.2,383.34 1 0
github.com/bladeacer/ocd/internal/core/tldr.go:383.34,385.3 1 0
github.com/bladeacer/ocd/internal/core/tldr.go:386.2,386.28 1 0
github.com/bladeacer/ocd/internal/core/tldr.go:386.28,388.32 2 0
github.com/bladeacer/ocd/internal/core/tldr.go:388.32,390.4 1 0
github.com/bladeacer/ocd/internal/core/tldr.go:391.3,393.28 3 0
github.com/bladeacer/ocd/internal/core/tldr.go:393.28,395.4 1 0
github.com/bladeacer/ocd/internal/core/tldr.go:396.3,396.55 1 0
github.com/bladeacer/ocd/internal/core/tldr.go:398.2,398.21 1 0
github.com/bladeacer/ocd/internal/core/tldr.go:398.21,400.21 2 0
github.com/bladeacer/ocd/internal/core/tldr.go:400.21,402.4 1 0
github.com/bladeacer/ocd/internal/core/tldr.go:403.3,404.20 2 0
github.com/bladeacer/ocd/internal/core/tldr.go:407.2,408.27 2 0
github.com/bladeacer/ocd/internal/core/tldr.go:408.27,410.3 1 0
github.com/bladeacer/ocd/internal/core/tldr.go:411.2,412.32 2 0
github.com/bladeacer/ocd/internal/core/tldr.go:412.32,414.22 2 0
github.com/bladeacer/ocd/internal/core/tldr.go:414.22,416.4 1 0
github.com/bladeacer/ocd/internal/core/tldr.go:417.3,418.21 2 0
github.com/bladeacer/ocd/internal/core/tldr.go:418.21,420.4 1 0
github.com/bladeacer/ocd/internal/core/tldr.go:421.3,422.14 2 0
github.com/bladeacer/ocd/internal/core/tldr.go:422.14,425.4 2 0
github.com/bladeacer/ocd/internal/core/tldr.go:426.3,426.24 1 0
github.com/bladeacer/ocd/internal/core/tldr.go:428.2,428.21 1 0
github.com/bladeacer/ocd/internal/core/tldr.go:431.42,445.39 6 0
github.com/bladeacer/ocd/internal/core/tldr.go:445.39,447.3 1 0
github.com/bladeacer/ocd/internal/core/tldr.go:448.2,448.41 1 0
github.com/bladeacer/ocd/internal/core/tldr.go:448.41,450.3 1 0
github.com/bladeacer/ocd/internal/core/tldr.go:451.2,451.42 1 0
github.com/bladeacer/ocd/internal/core/tldr.go:451.42,453.3 1 0
github.com/bladeacer/ocd/internal/core/tldr.go:454.2,454.44 1 0
github.com/bladeacer/ocd/internal/core/tldr.go:454.44,456.3 1 0
github.com/bladeacer/ocd/internal/core/tldr.go:457.2,457.44 1 0
github.com/bladeacer/ocd/internal/core/tldr.go:457.44,459.3 1 0
github.com/bladeacer/ocd/internal/core/tldr.go:460.2,460.26 1 0
github.com/bladeacer/ocd/internal/core/tldr.go:460.26,462.3 1 0
github.com/bladeacer/ocd/internal/core/tldr.go:463.2,463.34 1 0
github.com/bladeacer/ocd/internal/core/tldr.go:463.34,465.3 1 0
github.com/bladeacer/ocd/internal/core/tldr.go:466.2,466.28 1 0
github.com/bladeacer/ocd/internal/core/tldr.go:466.28,468.32 2 0
github.com/bladeacer/ocd/internal/core/tldr.go:468.32,470.4 1 0
github.com/bladeacer/ocd/internal/core/tldr.go:471.3,473.28 3 0
github.com/bladeacer/ocd/internal/core/tldr.go:473.28,475.4 1 0
github.com/bladeacer/ocd/internal/core/tldr.go:476.3,476.55 1 0
github.com/bladeacer/ocd/internal/core/tldr.go:478.2,478.21 1 0
github.com/bladeacer/ocd/internal/core/tldr.go:478.21,480.21 2 0
github.com/bladeacer/ocd/internal/core/tldr.go:480.21,482.4 1 0
github.com/bladeacer/ocd/internal/core/tldr.go:483.3,484.20 2 0
github.com/bladeacer/ocd/internal/core/tldr.go:487.2,488.27 2 0
github.com/bladeacer/ocd/internal/core/tldr.go:488.27,490.3 1 0
github.com/bladeacer/ocd/internal/core/tldr.go:491.2,492.32 2 0
github.com/bladeacer/ocd/internal/core/tldr.go:492.32,494.22 2 0
github.com/bladeacer/ocd/internal/core/tldr.go:494.22,496.4 1 0
github.com/bladeacer/ocd/internal/core/tldr.go:497.3,498.21 2 0
github.com/bladeacer/ocd/internal/core/tldr.go:498.21,500.4 1 0
github.com/bladeacer/ocd/internal/core/tldr.go:501.3,502.14 2 0
github.com/bladeacer/ocd/internal/core/tldr.go:502.14,505.4 2 0
github.com/bladeacer/ocd/internal/core/tldr.go:506.3,506.24 1 0
github.com/bladeacer/ocd/internal/core/tldr.go:508.2,508.21 1 0
github.com/bladeacer/ocd/internal/sources/docker.go:20.32,22.2 1 0
github.com/bladeacer/ocd/internal/sources/docker.go:24.35,24.54 1 0
github.com/bladeacer/ocd/internal/sources/docker.go:39.57,43.16 3 0
github.com/bladeacer/ocd/internal/sources/docker.go:43.16,45.17 2 0
github.com/bladeacer/ocd/internal/sources/docker.go:45.17,47.4 1 0
github.com/bladeacer/ocd/internal/sources/docker.go:48.3,48.39 1 0
github.com/bladeacer/ocd/internal/sources/docker.go:48.39,51.4 2 0
github.com/bladeacer/ocd/internal/sources/docker.go:53.3,54.66 2 0
github.com/bladeacer/ocd/internal/sources/docker.go:54.66,57.4 2 0
github.com/bladeacer/ocd/internal/sources/docker.go:58.3,60.39 2 0
github.com/bladeacer/ocd/internal/sources/docker.go:60.39,61.45 1 0
github.com/bladeacer/ocd/internal/sources/docker.go:61.45,62.13 1 0
github.com/bladeacer/ocd/internal/sources/docker.go:64.4,68.44 4 0
github.com/bladeacer/ocd/internal/sources/docker.go:68.44,69.13 1 0
github.com/bladeacer/ocd/internal/sources/docker.go:72.4,76.6 1 0
github.com/bladeacer/ocd/internal/sources/docker.go:78.3,78.18 1 0
github.com/bladeacer/ocd/internal/sources/docker.go:81.2,81.18 1 0
github.com/bladeacer/ocd/internal/sources/electron.go:18.30,20.2 1 0
github.com/bladeacer/ocd/internal/sources/electron.go:22.34,22.55 1 0
github.com/bladeacer/ocd/internal/sources/electron.go:24.56,26.16 2 0
github.com/bladeacer/ocd/internal/sources/electron.go:26.16,28.3 1 0
github.com/bladeacer/ocd/internal/sources/electron.go:29.2,31.38 2 0
github.com/bladeacer/ocd/internal/sources/electron.go:31.38,33.3 1 0
github.com/bladeacer/ocd/internal/sources/electron.go:35.2,36.64 2 0
github.com/bladeacer/ocd/internal/sources/electron.go:36.64,38.3 1 0
github.com/bladeacer/ocd/internal/sources/electron.go:40.2,40.37 1 0
github.com/bladeacer/ocd/internal/sources/fetcher.go:22.42,29.2 1 0
github.com/bladeacer/ocd/internal/sources/fetcher.go:31.60,38.20 5 0
github.com/bladeacer/ocd/internal/sources/fetcher.go:38.20,39.10 1 0
github.com/bladeacer/ocd/internal/sources/fetcher.go:40.21,41.20 1 0
github.com/bladeacer/ocd/internal/sources/fetcher.go:42.11,42.11 0 0
github.com/bladeacer/ocd/internal/sources/fetcher.go:44.3,44.13 1 0
github.com/bladeacer/ocd/internal/sources/fetcher.go:44.13,46.63 2 0
github.com/bladeacer/ocd/internal/sources/fetcher.go:46.63,49.5 2 0
github.com/bladeacer/ocd/internal/sources/fetcher.go:51.3,52.17 2 0
github.com/bladeacer/ocd/internal/sources/fetcher.go:52.17,54.4 1 0
github.com/bladeacer/ocd/internal/sources/fetcher.go:55.3,55.59 1 0
github.com/bladeacer/ocd/internal/sources/fetcher.go:55.59,57.4 1 0
github.com/bladeacer/ocd/internal/sources/fetcher.go:58.3,59.13 2 0
github.com/bladeacer/ocd/internal/sources/fetcher.go:62.2,62.20 1 0
github.com/bladeacer/ocd/internal/sources/fetcher.go:62.20,63.10 1 0
github.com/bladeacer/ocd/internal/sources/fetcher.go:64.21,65.20 1 0
github.com/bladeacer/ocd/internal/sources/fetcher.go:66.11,66.11 0 0
github.com/bladeacer/ocd/internal/sources/fetcher.go:68.3,68.13 1 0
github.com/bladeacer/ocd/internal/sources/fetcher.go:68.13,70.66 2 0
github.com/bladeacer/ocd/internal/sources/fetcher.go:70.66,73.5 2 0
github.com/bladeacer/ocd/internal/sources/fetcher.go:75.3,76.17 2 0
github.com/bladeacer/ocd/internal/sources/fetcher.go:76.17,78.4 1 0
github.com/bladeacer/ocd/internal/sources/fetcher.go:79.3,79.62 1 0
github.com/bladeacer/ocd/internal/sources/fetcher.go:79.62,81.4 1 0
github.com/bladeacer/ocd/internal/sources/fetcher.go:82.3,83.13 2 0
github.com/bladeacer/ocd/internal/sources/fetcher.go:86.2,86.20 1 0
github.com/bladeacer/ocd/internal/sources/fetcher.go:86.20,87.10 1 0
github.com/bladeacer/ocd/internal/sources/fetcher.go:88.21,89.20 1 0
github.com/bladeacer/ocd/internal/sources/fetcher.go:90.11,90.11 0 0
github.com/bladeacer/ocd/internal/sources/fetcher.go:92.3,92.13 1 0
github.com/bladeacer/ocd/internal/sources/fetcher.go:92.13,94.68 2 0
github.com/bladeacer/ocd/internal/sources/fetcher.go:94.68,97.5 2 0
github.com/bladeacer/ocd/internal/sources/fetcher.go:99.3,100.17 2 0
github.com/bladeacer/ocd/internal/sources/fetcher.go:100.17,102.4 1 0
github.com/bladeacer/ocd/internal/sources/fetcher.go:103.3,103.64 1 0
github.com/bladeacer/ocd/internal/sources/fetcher.go:103.64,105.4 1 0
github.com/bladeacer/ocd/internal/sources/fetcher.go:106.3,107.13 2 0
github.com/bladeacer/ocd/internal/sources/fetcher.go:110.2,110.33 1 0
github.com/bladeacer/ocd/internal/sources/fetcher.go:110.33,112.3 1 0
github.com/bladeacer/ocd/internal/sources/fetcher.go:113.2,113.16 1 0
github.com/bladeacer/ocd/internal/sources/rss.go:17.20,19.2 1 0
github.com/bladeacer/ocd/internal/sources/rss.go:21.29,21.45 1 0
github.com/bladeacer/ocd/internal/sources/rss.go:23.52,26.16 3 0
github.com/bladeacer/ocd/internal/sources/rss.go:26.16,28.3 1 0
github.com/bladeacer/ocd/internal/sources/rss.go:30.2,35.35 4 0
github.com/bladeacer/ocd/internal/sources/rss.go:35.35,37.20 2 0
github.com/bladeacer/ocd/internal/sources/rss.go:37.20,38.12 1 0
github.com/bladeacer/ocd/internal/sources/rss.go:40.3,43.47 3 0
github.com/bladeacer/ocd/internal/sources/rss.go:43.47,45.4 1 0
github.com/bladeacer/ocd/internal/sources/rss.go:47.3,51.26 3 0
github.com/bladeacer/ocd/internal/sources/rss.go:51.26,53.22 2 0
github.com/bladeacer/ocd/internal/sources/rss.go:53.22,55.5 1 0
github.com/bladeacer/ocd/internal/sources/rss.go:56.9,56.37 1 0
github.com/bladeacer/ocd/internal/sources/rss.go:56.37,58.22 2 0
github.com/bladeacer/ocd/internal/sources/rss.go:58.22,60.5 1 0
github.com/bladeacer/ocd/internal/sources/rss.go:63.3,64.17 2 0
github.com/bladeacer/ocd/internal/sources/rss.go:64.17,66.4 1 0
github.com/bladeacer/ocd/internal/sources/rss.go:68.3,75.5 1 0
github.com/bladeacer/ocd/internal/sources/rss.go:78.2,78.24 1 0
github.com/bladeacer/ocd/internal/sources/rss.go:78.24,80.3 1 0
github.com/bladeacer/ocd/internal/sources/rss.go:82.2,83.22 2 0
github.com/bladeacer/ocd/internal/sources/rss.go:86.69,91.40 4 0
github.com/bladeacer/ocd/internal/sources/rss.go:91.40,92.31 1 0
github.com/bladeacer/ocd/internal/sources/rss.go:92.31,94.4 1 0
github.com/bladeacer/ocd/internal/sources/rss.go:94.9,96.4 1 0
github.com/bladeacer/ocd/internal/sources/rss.go:98.2,98.15 1 0
github.com/bladeacer/ocd/internal/tui/diffmodel.go:87.57,99.2 5 0
github.com/bladeacer/ocd/internal/tui/diffmodel.go:101.36,103.2 1 0
github.com/bladeacer/ocd/internal/tui/diffmodel.go:105.29,106.21 1 0
github.com/bladeacer/ocd/internal/tui/diffmodel.go:106.21,108.3 1 0
github.com/bladeacer/ocd/internal/tui/diffmodel.go:110.2,110.27 1 0
github.com/bladeacer/ocd/internal/tui/diffmodel.go:110.27,113.3 2 0
github.com/bladeacer/ocd/internal/tui/diffmodel.go:115.2,115.23 1 0
github.com/bladeacer/ocd/internal/tui/diffmodel.go:115.23,118.3 2 0
github.com/bladeacer/ocd/internal/tui/diffmodel.go:120.2,130.27 10 0
github.com/bladeacer/ocd/internal/tui/diffmodel.go:130.27,131.36 1 0
github.com/bladeacer/ocd/internal/tui/diffmodel.go:131.36,136.12 5 0
github.com/bladeacer/ocd/internal/tui/diffmodel.go:139.3,139.71 1 0
github.com/bladeacer/ocd/internal/tui/diffmodel.go:139.71,141.12 2 0
github.com/bladeacer/ocd/internal/tui/diffmodel.go:144.3,144.28 1 0
github.com/bladeacer/ocd/internal/tui/diffmodel.go:144.28,146.12 2 0
github.com/bladeacer/ocd/internal/tui/diffmodel.go:149.3,149.10 1 0
github.com/bladeacer/ocd/internal/tui/diffmodel.go:150.72,156.14 3 0
github.com/bladeacer/ocd/internal/tui/diffmodel.go:158.72,164.14 3 0
github.com/bladeacer/ocd/internal/tui/diffmodel.go:166.11,172.14 3 0
github.com/bladeacer/ocd/internal/tui/diffmodel.go:176.2,176.12 1 0
github.com/bladeacer/ocd/internal/tui/diffmodel.go:179.57,182.48 3 0
github.com/bladeacer/ocd/internal/tui/diffmodel.go:182.48,184.3 1 0
github.com/bladeacer/ocd/internal/tui/diffmodel.go:185.2,185.48 1 0
github.com/bladeacer/ocd/internal/tui/diffmodel.go:185.48,187.3 1 0
github.com/bladeacer/ocd/internal/tui/diffmodel.go:188.2,189.26 2 0
github.com/bladeacer/ocd/internal/tui/diffmodel.go:189.26,190.32 1 0
github.com/bladeacer/ocd/internal/tui/diffmodel.go:190.32,192.13 2 0
github.com/bladeacer/ocd/internal/tui/diffmodel.go:192.13,194.5 1 0
github.com/bladeacer/ocd/internal/tui/diffmodel.go:196.3,196.32 1 0
github.com/bladeacer/ocd/internal/tui/diffmodel.go:196.32,198.13 2 0
github.com/bladeacer/ocd/internal/tui/diffmodel.go:198.13,200.5 1 0
github.com/bladeacer/ocd/internal/tui/diffmodel.go:203.2,203.8 1 0
github.com/bladeacer/ocd/internal/tui/diffmodel.go:206.36,208.22 2 0
github.com/bladeacer/ocd/internal/tui/diffmodel.go:208.22,209.27 1 0
github.com/bladeacer/ocd/internal/tui/diffmodel.go:209.27,211.4 1 0
github.com/bladeacer/ocd/internal/tui/diffmodel.go:211.9,212.9 1 0
github.com/bladeacer/ocd/internal/tui/diffmodel.go:215.2,215.10 1 0
github.com/bladeacer/ocd/internal/tui/diffmodel.go:218.43,225.18 5 0
github.com/bladeacer/ocd/internal/tui/diffmodel.go:225.18,227.3 1 0
github.com/bladeacer/ocd/internal/tui/diffmodel.go:228.2,228.10 1 0
github.com/bladeacer/ocd/internal/tui/diffmodel.go:231.50,236.29 5 0
github.com/bladeacer/ocd/internal/tui/diffmodel.go:236.29,238.3 1 0
github.com/bladeacer/ocd/internal/tui/diffmodel.go:239.2,239.29 1 0
github.com/bladeacer/ocd/internal/tui/diffmodel.go:239.29,241.3 1 0
github.com/bladeacer/ocd/internal/tui/diffmodel.go:242.2,248.90 5 0
github.com/bladeacer/ocd/internal/tui/diffmodel.go:251.30,253.18 2 0
github.com/bladeacer/ocd/internal/tui/diffmodel.go:253.18,255.3 1 0
github.com/bladeacer/ocd/internal/tui/diffmodel.go:255.8,257.3 1 0
github.com/bladeacer/ocd/internal/tui/diffmodel.go:258.2,258.24 1 0
github.com/bladeacer/ocd/internal/tui/diffmodel.go:261.42,265.19 3 0
github.com/bladeacer/ocd/internal/tui/diffmodel.go:265.19,267.3 1 0
github.com/bladeacer/ocd/internal/tui/diffmodel.go:269.2,269.38 1 0
github.com/bladeacer/ocd/internal/tui/diffmodel.go:269.38,271.3 1 0
github.com/bladeacer/ocd/internal/tui/diffmodel.go:273.2,273.37 1 0
github.com/bladeacer/ocd/internal/tui/diffmodel.go:273.37,277.3 3 0
github.com/bladeacer/ocd/internal/tui/diffmodel.go:279.2,279.38 1 0
github.com/bladeacer/ocd/internal/tui/diffmodel.go:279.38,281.3 1 0
github.com/bladeacer/ocd/internal/tui/diffmodel.go:283.2,284.163 2 0
github.com/bladeacer/ocd/internal/tui/diffmodel.go:284.163,287.35 2 0
github.com/bladeacer/ocd/internal/tui/diffmodel.go:287.35,290.4 2 0
github.com/bladeacer/ocd/internal/tui/diffmodel.go:293.2,293.109 1 0
github.com/bladeacer/ocd/internal/tui/diffmodel.go:293.109,295.3 1 0
github.com/bladeacer/ocd/internal/tui/diffmodel.go:297.2,297.13 1 0
github.com/bladeacer/ocd/internal/tui/diffmodel.go:300.75,301.17 1 0
github.com/bladeacer/ocd/internal/tui/diffmodel.go:301.17,303.3 1 0
github.com/bladeacer/ocd/internal/tui/diffmodel.go:304.2,308.6 5 0
github.com/bladeacer/ocd/internal/tui/diffmodel.go:308.6,310.14 2 0
github.com/bladeacer/ocd/internal/tui/diffmodel.go:310.14,312.9 2 0
github.com/bladeacer/ocd/internal/tui/diffmodel.go:314.3,317.27 4 0
github.com/bladeacer/ocd/internal/tui/diffmodel.go:319.2,319.21 1 0
github.com/bladeacer/ocd/internal/tui/diffmodel.go:325.80,326.86 1 0
github.com/bladeacer/ocd/internal/tui/diffmodel.go:326.86,328.3 1 0
github.com/bladeacer/ocd/internal/tui/diffmodel.go:330.2,333.61 3 0
github.com/bladeacer/ocd/internal/tui/diffmodel.go:333.61,335.3 1 0
github.com/bladeacer/ocd/internal/tui/diffmodel.go:336.2,343.6 6 0
github.com/bladeacer/ocd/internal/tui/diffmodel.go:343.6,345.14 2 0
github.com/bladeacer/ocd/internal/tui/diffmodel.go:345.14,347.9 2 0
github.com/bladeacer/ocd/internal/tui/diffmodel.go:349.3,352.19 2 0
github.com/bladeacer/ocd/internal/tui/diffmodel.go:352.19,353.26 1 0
github.com/bladeacer/ocd/internal/tui/diffmodel.go:353.26,354.10 1 0
github.com/bladeacer/ocd/internal/tui/diffmodel.go:356.4,356.29 1 0
github.com/bladeacer/ocd/internal/tui/diffmodel.go:356.29,359.49 3 0
github.com/bladeacer/ocd/internal/tui/diffmodel.go:359.49,362.6 2 0
github.com/bladeacer/ocd/internal/tui/diffmodel.go:363.5,363.26 1 0
github.com/bladeacer/ocd/internal/tui/diffmodel.go:363.26,366.6 2 0
github.com/bladeacer/ocd/internal/tui/diffmodel.go:367.10,371.5 3 0
github.com/bladeacer/ocd/internal/tui/diffmodel.go:375.3,378.35 2 0
github.com/bladeacer/ocd/internal/tui/diffmodel.go:378.35,379.26 1 0
github.com/bladeacer/ocd/internal/tui/diffmodel.go:379.26,380.10 1 0
github.com/bladeacer/ocd/internal/tui/diffmodel.go:382.4,382.29 1 0
github.com/bladeacer/ocd/internal/tui/diffmodel.go:382.29,385.49 3 0
github.com/bladeacer/ocd/internal/tui/diffmodel.go:385.49,388.6 2 0
github.com/bladeacer/ocd/internal/tui/diffmodel.go:389.5,389.26 1 0
github.com/bladeacer/ocd/internal/tui/diffmodel.go:389.26,392.6 2 0
github.com/bladeacer/ocd/internal/tui/diffmodel.go:393.10,397.5 3 0
github.com/bladeacer/ocd/internal/tui/diffmodel.go:401.3,401.27 1 0
github.com/bladeacer/ocd/internal/tui/diffmodel.go:403.2,403.21 1 0
github.com/bladeacer/ocd/internal/tui/diffmodel.go:406.55,418.30 10 0
github.com/bladeacer/ocd/internal/tui/diffmodel.go:418.30,422.18 3 0
github.com/bladeacer/ocd/internal/tui/diffmodel.go:423.20,425.53 2 0
github.com/bladeacer/ocd/internal/tui/diffmodel.go:425.53,427.5 1 0
github.com/bladeacer/ocd/internal/tui/diffmodel.go:428.4,430.101 3 0
github.com/bladeacer/ocd/internal/tui/diffmodel.go:430.101,432.122 2 0
github.com/bladeacer/ocd/internal/tui/diffmodel.go:432.122,434.6 1 0
github.com/bladeacer/ocd/internal/tui/diffmodel.go:435.5,435.69 1 0
github.com/bladeacer/ocd/internal/tui/diffmodel.go:437.4,437.16 1 0
github.com/bladeacer/ocd/internal/tui/diffmodel.go:437.16,440.5 2 0
github.com/bladeacer/ocd/internal/tui/diffmodel.go:440.10,443.5 2 0
github.com/bladeacer/ocd/internal/tui/diffmodel.go:444.16,446.53 2 0
github.com/bladeacer/ocd/internal/tui/diffmodel.go:446.53,448.5 1 0
github.com/bladeacer/ocd/internal/tui/diffmodel.go:449.4,451.101 3 0
github.com/bladeacer/ocd/internal/tui/diffmodel.go:451.101,453.122 2 0
github.com/bladeacer/ocd/internal/tui/diffmodel.go:453.122,455.6 1 0
github.com/bladeacer/ocd/internal/tui/diffmodel.go:456.5,456.69 1 0
github.com/bladeacer/ocd/internal/tui/diffmodel.go:458.4,458.16 1 0
github.com/bladeacer/ocd/internal/tui/diffmodel.go:458.16,461.5 2 0
github.com/bladeacer/ocd/internal/tui/diffmodel.go:461.10,464.5 2 0
github.com/bladeacer/ocd/internal/tui/diffmodel.go:465.16,467.53 2 0
github.com/bladeacer/ocd/internal/tui/diffmodel.go:467.53,469.5 1 0
github.com/bladeacer/ocd/internal/tui/diffmodel.go:470.4,472.101 3 0
github.com/bladeacer/ocd/internal/tui/diffmodel.go:472.101,474.122 2 0
github.com/bladeacer/ocd/internal/tui/diffmodel.go:474.122,476.6 1 0
github.com/bladeacer/ocd/internal/tui/diffmodel.go:477.5,477.69 1 0
github.com/bladeacer/ocd/internal/tui/diffmodel.go:479.4,479.16 1 0
github.com/bladeacer/ocd/internal/tui/diffmodel.go:479.16,482.5 2 0
github.com/bladeacer/ocd/internal/tui/diffmodel.go:482.10,485.5 2 0
github.com/bladeacer/ocd/internal/tui/diffmodel.go:486.23,488.94 2 0
github.com/bladeacer/ocd/internal/tui/diffmodel.go:488.94,490.122 2 0
github.com/bladeacer/ocd/internal/tui/diffmodel.go:490.122,492.6 1 0
github.com/bladeacer/ocd/internal/tui/diffmodel.go:493.5,493.54 1 0
github.com/bladeacer/ocd/internal/tui/diffmodel.go:495.4,495.16 1 0
github.com/bladeacer/ocd/internal/tui/diffmodel.go:495.16,498.94 3 0
github.com/bladeacer/ocd/internal/tui/diffmodel.go:498.94,501.6 2 0
github.com/bladeacer/ocd/internal/tui/diffmodel.go:502.10,505.5 2 0
github.com/bladeacer/ocd/internal/tui/diffmodel.go:506.23,508.94 2 0
github.com/bladeacer/ocd/internal/tui/diffmodel.go:508.94,510.122 2 0
github.com/bladeacer/ocd/internal/tui/diffmodel.go:510.122,512.6 1 0
github.com/bladeacer/ocd/internal/tui/diffmodel.go:513.5,513.54 1 0
github.com/bladeacer/ocd/internal/tui/diffmodel.go:515.4,515.16 1 0
github.com/bladeacer/ocd/internal/tui/diffmodel.go:515.16,518.5 2 0
github.com/bladeacer/ocd/internal/tui/diffmodel.go:518.10,521.5 2 0
github.com/bladeacer/ocd/internal/tui/diffmodel.go:522.18,523.13 1 0
github.com/bladeacer/ocd/internal/tui/diffmodel.go:526.3,527.22 2 0
github.com/bladeacer/ocd/internal/tui/diffmodel.go:531.37,534.23 3 0
github.com/bladeacer/ocd/internal/tui/diffmodel.go:534.23,536.3 1 0
github.com/bladeacer/ocd/internal/tui/diffmodel.go:537.2,537.23 1 0
github.com/bladeacer/ocd/internal/tui/diffmodel.go:537.23,539.3 1 0
github.com/bladeacer/ocd/internal/tui/diffmodel.go:540.2,540.47 1 0
github.com/bladeacer/ocd/internal/tui/diffmodel.go:543.58,559.27 14 0
github.com/bladeacer/ocd/internal/tui/diffmodel.go:559.27,564.23 5 0
github.com/bladeacer/ocd/internal/tui/diffmodel.go:564.23,566.4 1 0
github.com/bladeacer/ocd/internal/tui/diffmodel.go:567.3,567.23 1 0
github.com/bladeacer/ocd/internal/tui/diffmodel.go:567.23,569.4 1 0
github.com/bladeacer/ocd/internal/tui/diffmodel.go:571.3,573.17 2 0
github.com/bladeacer/ocd/internal/tui/diffmodel.go:574.23,576.16 2 0
github.com/bladeacer/ocd/internal/tui/diffmodel.go:576.16,578.94 2 0
github.com/bladeacer/ocd/internal/tui/diffmodel.go:578.94,580.6 1 0
github.com/bladeacer/ocd/internal/tui/diffmodel.go:581.5,581.34 1 0
github.com/bladeacer/ocd/internal/tui/diffmodel.go:582.10,585.5 2 0
github.com/bladeacer/ocd/internal/tui/diffmodel.go:586.4,587.12 2 0
github.com/bladeacer/ocd/internal/tui/diffmodel.go:588.23,590.16 2 0
github.com/bladeacer/ocd/internal/tui/diffmodel.go:590.16,593.5 2 0
github.com/bladeacer/ocd/internal/tui/diffmodel.go:593.10,596.5 2 0
github.com/bladeacer/ocd/internal/tui/diffmodel.go:597.4,598.12 2 0
github.com/bladeacer/ocd/internal/tui/diffmodel.go:599.18,601.12 2 0
github.com/bladeacer/ocd/internal/tui/diffmodel.go:604.3,607.22 3 0
github.com/bladeacer/ocd/internal/tui/diffmodel.go:607.22,609.27 2 0
github.com/bladeacer/ocd/internal/tui/diffmodel.go:609.27,611.41 2 0
github.com/bladeacer/ocd/internal/tui/diffmodel.go:611.41,613.6 1 0
github.com/bladeacer/ocd/internal/tui/diffmodel.go:615.4,616.27 2 0
github.com/bladeacer/ocd/internal/tui/diffmodel.go:616.27,618.41 2 0
github.com/bladeacer/ocd/internal/tui/diffmodel.go:618.41,620.6 1 0
github.com/bladeacer/ocd/internal/tui/diffmodel.go:622.4,623.121 2 0
github.com/bladeacer/ocd/internal/tui/diffmodel.go:623.121,625.5 1 0
github.com/bladeacer/ocd/internal/tui/diffmodel.go:626.4,626.100 1 0
github.com/bladeacer/ocd/internal/tui/diffmodel.go:626.100,629.5 2 0
github.com/bladeacer/ocd/internal/tui/diffmodel.go:630.4,630.100 1 0
github.com/bladeacer/ocd/internal/tui/diffmodel.go:630.100,633.5 2 0
github.com/bladeacer/ocd/internal/tui/diffmodel.go:636.3,638.17 3 0
github.com/bladeacer/ocd/internal/tui/diffmodel.go:639.16,640.16 1 0
github.com/bladeacer/ocd/internal/tui/diffmodel.go:640.16,643.5 2 0
github.com/bladeacer/ocd/internal/tui/diffmodel.go:643.10,646.5 2 0
github.com/bladeacer/ocd/internal/tui/diffmodel.go:647.16,648.16 1 0
github.com/bladeacer/ocd/internal/tui/diffmodel.go:648.16,651.5 2 0
github.com/bladeacer/ocd/internal/tui/diffmodel.go:651.10,654.5 2 0
github.com/bladeacer/ocd/internal/tui/diffmodel.go:655.20,656.16 1 0
github.com/bladeacer/ocd/internal/tui/diffmodel.go:656.16,659.5 2 0
github.com/bladeacer/ocd/internal/tui/diffmodel.go:659.10,662.5 2 0
github.com/bladeacer/ocd/internal/tui/diffmodel.go:664.3,670.22 5 0
github.com/bladeacer/ocd/internal/tui/diffmodel.go:674.63,675.19 1 0
github.com/bladeacer/ocd/internal/tui/diffmodel.go:675.19,677.3 1 0
github.com/bladeacer/ocd/internal/tui/diffmodel.go:678.2,679.26 2 0
github.com/bladeacer/ocd/internal/tui/diffmodel.go:679.26,681.51 2 0
github.com/bladeacer/ocd/internal/tui/diffmodel.go:681.51,683.4 1 0
github.com/bladeacer/ocd/internal/tui/diffmodel.go:685.2,686.15 2 0
github.com/bladeacer/ocd/internal/tui/diffmodel.go:686.15,688.3 1 0
github.com/bladeacer/ocd/internal/tui/diffmodel.go:688.8,690.3 1 0
github.com/bladeacer/ocd/internal/tui/diffmodel.go:691.2,694.36 4 0
github.com/bladeacer/ocd/internal/tui/diffmodel.go:694.36,698.22 4 0
github.com/bladeacer/ocd/internal/tui/diffmodel.go:698.22,700.26 2 0
github.com/bladeacer/ocd/internal/tui/diffmodel.go:700.26,702.5 1 0
github.com/bladeacer/ocd/internal/tui/diffmodel.go:703.4,703.13 1 0
github.com/bladeacer/ocd/internal/tui/diffmodel.go:703.13,707.5 3 0
github.com/bladeacer/ocd/internal/tui/diffmodel.go:707.10,709.5 1 0
github.com/bladeacer/ocd/internal/tui/diffmodel.go:710.4,712.22 3 0
github.com/bladeacer/ocd/internal/tui/diffmodel.go:712.22,714.5 1 0
github.com/bladeacer/ocd/internal/tui/diffmodel.go:716.3,716.26 1 0
github.com/bladeacer/ocd/internal/tui/diffmodel.go:718.2,718.46 1 0
github.com/bladeacer/ocd/internal/tui/diffmodel.go:723.74,724.19 1 0
github.com/bladeacer/ocd/internal/tui/diffmodel.go:724.19,726.3 1 0
github.com/bladeacer/ocd/internal/tui/diffmodel.go:727.2,728.26 2 0
github.com/bladeacer/ocd/internal/tui/diffmodel.go:728.26,730.51 2 0
github.com/bladeacer/ocd/internal/tui/diffmodel.go:730.51,732.4 1 0
github.com/bladeacer/ocd/internal/tui/diffmodel.go:734.2,735.15 2 0
github.com/bladeacer/ocd/internal/tui/diffmodel.go:735.15,737.3 1 0
github.com/bladeacer/ocd/internal/tui/diffmodel.go:737.8,739.3 1 0
github.com/bladeacer/ocd/internal/tui/diffmodel.go:740.2,743.36 4 0
github.com/bladeacer/ocd/internal/tui/diffmodel.go:743.36,747.22 4 0
github.com/bladeacer/ocd/internal/tui/diffmodel.go:747.22,749.26 2 0
github.com/bladeacer/ocd/internal/tui/diffmodel.go:749.26,751.5 1 0
github.com/bladeacer/ocd/internal/tui/diffmodel.go:752.4,752.13 1 0
github.com/bladeacer/ocd/internal/tui/diffmodel.go:752.13,756.5 3 0
github.com/bladeacer/ocd/internal/tui/diffmodel.go:756.10,758.5 1 0
github.com/bladeacer/ocd/internal/tui/diffmodel.go:759.4,761.22 3 0
github.com/bladeacer/ocd/internal/tui/diffmodel.go:761.22,763.5 1 0
github.com/bladeacer/ocd/internal/tui/diffmodel.go:765.3,765.26 1 0
github.com/bladeacer/ocd/internal/tui/diffmodel.go:767.2,767.28 1 0
github.com/bladeacer/ocd/internal/tui/diffmodel.go:778.49,780.30 2 0
github.com/bladeacer/ocd/internal/tui/diffmodel.go:780.30,781.18 1 0
github.com/bladeacer/ocd/internal/tui/diffmodel.go:782.20,789.6 1 0
github.com/bladeacer/ocd/internal/tui/diffmodel.go:790.16,797.6 1 0
github.com/bladeacer/ocd/internal/tui/diffmodel.go:798.16,805.6 1 0
github.com/bladeacer/ocd/internal/tui/diffmodel.go:806.23,811.6 1 0
github.com/bladeacer/ocd/internal/tui/diffmodel.go:812.23,817.6 1 0
github.com/bladeacer/ocd/internal/tui/diffmodel.go:818.11,823.6 1 0
github.com/bladeacer/ocd/internal/tui/diffmodel.go:826.2,826.15 1 0
github.com/bladeacer/ocd/internal/tui/diffmodel.go:829.80,832.23 3 0
github.com/bladeacer/ocd/internal/tui/diffmodel.go:832.23,834.3 1 0
github.com/bladeacer/ocd/internal/tui/diffmodel.go:835.2,835.23 1 0
github.com/bladeacer/ocd/internal/tui/diffmodel.go:835.23,837.3 1 0
github.com/bladeacer/ocd/internal/tui/diffmodel.go:838.2,840.17 2 0
github.com/bladeacer/ocd/internal/tui/diffmodel.go:841.22,844.4 1 0
github.com/bladeacer/ocd/internal/tui/diffmodel.go:845.15,848.4 1 0
github.com/bladeacer/ocd/internal/tui/diffmodel.go:849.15,852.4 1 0
github.com/bladeacer/ocd/internal/tui/diffmodel.go:853.22,856.4 1 0
github.com/bladeacer/ocd/internal/tui/diffmodel.go:857.17,858.12 1 0
github.com/bladeacer/ocd/internal/tui/diffmodel.go:859.10,860.64 1 0
github.com/bladeacer/ocd/internal/tui/diffmodel.go:864.39,865.12 1 0
github.com/bladeacer/ocd/internal/tui/diffmodel.go:865.12,867.3 1 0
github.com/bladeacer/ocd/internal/tui/diffmodel.go:868.2,869.21 2 0
github.com/bladeacer/ocd/internal/tui/diffmodel.go:869.21,871.3 1 0
github.com/bladeacer/ocd/internal/tui/diffmodel.go:872.2,872.11 1 0
github.com/bladeacer/ocd/internal/tui/diffmodel.go:872.11,874.3 1 0
github.com/bladeacer/ocd/internal/tui/diffmodel.go:875.2,875.26 1 0
github.com/bladeacer/ocd/internal/tui/diffmodel.go:878.39,879.17 1 0
github.com/bladeacer/ocd/internal/tui/diffmodel.go:879.17,881.3 1 0
github.com/bladeacer/ocd/internal/tui/diffmodel.go:882.2,882.42 1 0
github.com/bladeacer/ocd/internal/tui/diffmodel.go:885.33,888.22 3 0
github.com/bladeacer/ocd/internal/tui/diffmodel.go:888.22,889.18 1 0
github.com/bladeacer/ocd/internal/tui/diffmodel.go:889.18,891.12 2 0
github.com/bladeacer/ocd/internal/tui/diffmodel.go:893.3,893.15 1 0
github.com/bladeacer/ocd/internal/tui/diffmodel.go:893.15,894.56 1 0
github.com/bladeacer/ocd/internal/tui/diffmodel.go:894.56,896.5 1 0
github.com/bladeacer/ocd/internal/tui/diffmodel.go:897.4,897.12 1 0
github.com/bladeacer/ocd/internal/tui/diffmodel.go:899.3,899.19 1 0
github.com/bladeacer/ocd/internal/tui/diffmodel.go:901.2,901.21 1 0
github.com/bladeacer/ocd/internal/tui/diffmodel.go:904.39,905.21 1 0
github.com/bladeacer/ocd/internal/tui/diffmodel.go:905.21,907.3 1 0
github.com/bladeacer/ocd/internal/tui/diffmodel.go:908.2,911.14 4 0
github.com/bladeacer/ocd/internal/tui/diffmodel.go:911.14,913.3 1 0
github.com/bladeacer/ocd/internal/tui/diffmodel.go:916.57,918.18 2 0
github.com/bladeacer/ocd/internal/tui/diffmodel.go:918.18,920.3 1 0
github.com/bladeacer/ocd/internal/tui/diffmodel.go:921.2,922.10 2 0
github.com/bladeacer/ocd/internal/tui/diffmodel.go:925.62,926.27 1 0
github.com/bladeacer/ocd/internal/tui/diffmodel.go:927.25,933.16 6 0
github.com/bladeacer/ocd/internal/tui/diffmodel.go:935.18,936.19 1 0
github.com/bladeacer/ocd/internal/tui/diffmodel.go:936.19,938.4 1 0
github.com/bladeacer/ocd/internal/tui/diffmodel.go:939.3,939.32 1 0
github.com/bladeacer/ocd/internal/tui/diffmodel.go:942.2,944.15 3 0
github.com/bladeacer/ocd/internal/tui/diffmodel.go:955.74,956.22 1 0
github.com/bladeacer/ocd/internal/tui/diffmodel.go:957.27,962.16 5 0
github.com/bladeacer/ocd/internal/tui/diffmodel.go:964.24,969.33 5 0
github.com/bladeacer/ocd/internal/tui/diffmodel.go:969.33,971.4 1 0
github.com/bladeacer/ocd/internal/tui/diffmodel.go:972.3,974.33 3 0
github.com/bladeacer/ocd/internal/tui/diffmodel.go:974.33,976.4 1 0
github.com/bladeacer/ocd/internal/tui/diffmodel.go:977.3,977.16 1 0
github.com/bladeacer/ocd/internal/tui/diffmodel.go:979.20,981.19 2 0
github.com/bladeacer/ocd/internal/tui/diffmodel.go:981.19,983.4 1 0
github.com/bladeacer/ocd/internal/tui/diffmodel.go:984.3,986.16 3 0
github.com/bladeacer/ocd/internal/tui/diffmodel.go:989.2,989.28 1 0
github.com/bladeacer/ocd/internal/tui/diffmodel.go:989.28,994.3 4 0
github.com/bladeacer/ocd/internal/tui/diffmodel.go:996.2,996.15 1 0
github.com/bladeacer/ocd/internal/tui/diffmodel.go:999.42,1002.21 3 0
github.com/bladeacer/ocd/internal/tui/diffmodel.go:1002.21,1004.3 1 0
github.com/bladeacer/ocd/internal/tui/diffmodel.go:1005.2,1006.30 2 0
github.com/bladeacer/ocd/internal/tui/diffmodel.go:1006.30,1007.52 1 0
github.com/bladeacer/ocd/internal/tui/diffmodel.go:1007.52,1009.4 1 0
github.com/bladeacer/ocd/internal/tui/diffmodel.go:1013.37,1014.33 1 0
github.com/bladeacer/ocd/internal/tui/diffmodel.go:1014.33,1016.3 1 0
github.com/bladeacer/ocd/internal/tui/diffmodel.go:1017.2,1019.27 3 0
github.com/bladeacer/ocd/internal/tui/diffmodel.go:1019.27,1021.3 1 0
github.com/bladeacer/ocd/internal/tui/diffmodel.go:1024.74,1027.16 2 0
github.com/bladeacer/ocd/internal/tui/diffmodel.go:1027.16,1031.3 3 0
github.com/bladeacer/ocd/internal/tui/diffmodel.go:1033.2,1033.17 1 0
github.com/bladeacer/ocd/internal/tui/diffmodel.go:1033.17,1034.14 1 0
github.com/bladeacer/ocd/internal/tui/diffmodel.go:1035.37,1036.15 1 0
github.com/bladeacer/ocd/internal/tui/diffmodel.go:1037.18,1038.28 1 0
github.com/bladeacer/ocd/internal/tui/diffmodel.go:1039.18,1040.28 1 0
github.com/bladeacer/ocd/internal/tui/diffmodel.go:1041.18,1042.28 1 0
github.com/bladeacer/ocd/internal/tui/diffmodel.go:1044.4,1046.22 3 0
github.com/bladeacer/ocd/internal/tui/diffmodel.go:1047.18,1050.17 3 0
github.com/bladeacer/ocd/internal/tui/diffmodel.go:1051.22,1054.22 3 0
github.com/bladeacer/ocd/internal/tui/diffmodel.go:1056.3,1057.16 2 0
github.com/bladeacer/ocd/internal/tui/diffmodel.go:1060.2,1060.35 1 0
github.com/bladeacer/ocd/internal/tui/diffmodel.go:1060.35,1064.3 3 0
github.com/bladeacer/ocd/internal/tui/diffmodel.go:1066.2,1066.22 1 0
github.com/bladeacer/ocd/internal/tui/diffmodel.go:1066.22,1069.19 3 0
github.com/bladeacer/ocd/internal/tui/diffmodel.go:1069.19,1074.4 4 0
github.com/bladeacer/ocd/internal/tui/diffmodel.go:1075.3,1075.16 1 0
github.com/bladeacer/ocd/internal/tui/diffmodel.go:1078.2,1078.16 1 0
github.com/bladeacer/ocd/internal/tui/diffmodel.go:1078.16,1081.14 3 0
github.com/bladeacer/ocd/internal/tui/diffmodel.go:1082.12,1083.26 1 0
github.com/bladeacer/ocd/internal/tui/diffmodel.go:1083.26,1086.19 3 0
github.com/bladeacer/ocd/internal/tui/diffmodel.go:1086.19,1088.6 1 0
github.com/bladeacer/ocd/internal/tui/diffmodel.go:1088.11,1090.6 1 0
github.com/bladeacer/ocd/internal/tui/diffmodel.go:1092.4,1093.17 2 0
github.com/bladeacer/ocd/internal/tui/diffmodel.go:1094.12,1095.26 1 0
github.com/bladeacer/ocd/internal/tui/diffmodel.go:1095.26,1097.5 1 0
github.com/bladeacer/ocd/internal/tui/diffmodel.go:1098.4,1099.17 2 0
github.com/bladeacer/ocd/internal/tui/diffmodel.go:1100.12,1101.26 1 0
github.com/bladeacer/ocd/internal/tui/diffmodel.go:1101.26,1104.19 3 0
github.com/bladeacer/ocd/internal/tui/diffmodel.go:1104.19,1106.6 1 0
github.com/bladeacer/ocd/internal/tui/diffmodel.go:1106.11,1108.6 1 0
github.com/bladeacer/ocd/internal/tui/diffmodel.go:1110.4,1111.17 2 0
github.com/bladeacer/ocd/internal/tui/diffmodel.go:1113.3,1114.16 2 0
github.com/bladeacer/ocd/internal/tui/diffmodel.go:1117.2,1117.13 1 0
github.com/bladeacer/ocd/internal/tui/diffmodel.go:1118.11,1122.16 4 0
github.com/bladeacer/ocd/internal/tui/diffmodel.go:1123.11,1127.16 4 0
github.com/bladeacer/ocd/internal/tui/diffmodel.go:1129.11,1133.52 4 0
github.com/bladeacer/ocd/internal/tui/diffmodel.go:1133.52,1140.4 6 0
github.com/bladeacer/ocd/internal/tui/diffmodel.go:1141.3,1142.16 2 0
github.com/bladeacer/ocd/internal/tui/diffmodel.go:1143.11,1147.52 4 0
github.com/bladeacer/ocd/internal/tui/diffmodel.go:1147.52,1154.4 6 0
github.com/bladeacer/ocd/internal/tui/diffmodel.go:1155.3,1157.26 3 0
github.com/bladeacer/ocd/internal/tui/diffmodel.go:1157.26,1159.4 1 0
github.com/bladeacer/ocd/internal/tui/diffmodel.go:1160.3,1161.16 2 0
github.com/bladeacer/ocd/internal/tui/diffmodel.go:1163.19,1169.16 6 0
github.com/bladeacer/ocd/internal/tui/diffmodel.go:1171.17,1177.16 6 0
github.com/bladeacer/ocd/internal/tui/diffmodel.go:1179.11,1185.39 6 0
github.com/bladeacer/ocd/internal/tui/diffmodel.go:1185.39,1187.4 1 0
github.com/bladeacer/ocd/internal/tui/diffmodel.go:1188.3,1188.16 1 0
github.com/bladeacer/ocd/internal/tui/diffmodel.go:1190.11,1192.17 2 0
github.com/bladeacer/ocd/internal/tui/diffmodel.go:1192.17,1195.4 2 0
github.com/bladeacer/ocd/internal/tui/diffmodel.go:1195.9,1197.4 1 0
github.com/bladeacer/ocd/internal/tui/diffmodel.go:1198.3,1199.16 2 0
github.com/bladeacer/ocd/internal/tui/diffmodel.go:1200.11,1205.16 5 0
github.com/bladeacer/ocd/internal/tui/diffmodel.go:1207.11,1209.17 2 0
github.com/bladeacer/ocd/internal/tui/diffmodel.go:1209.17,1212.26 3 0
github.com/bladeacer/ocd/internal/tui/diffmodel.go:1212.26,1215.30 3 0
github.com/bladeacer/ocd/internal/tui/diffmodel.go:1215.30,1217.6 1 0
github.com/bladeacer/ocd/internal/tui/diffmodel.go:1218.5,1219.19 2 0
github.com/bladeacer/ocd/internal/tui/diffmodel.go:1219.19,1221.6 1 0
github.com/bladeacer/ocd/internal/tui/diffmodel.go:1223.9,1225.4 1 0
github.com/bladeacer/ocd/internal/tui/diffmodel.go:1226.3,1227.16 2 0
github.com/bladeacer/ocd/internal/tui/diffmodel.go:1229.11,1237.16 8 0
github.com/bladeacer/ocd/internal/tui/diffmodel.go:1239.11,1242.17 3 0
github.com/bladeacer/ocd/internal/tui/diffmodel.go:1242.17,1245.4 2 0
github.com/bladeacer/ocd/internal/tui/diffmodel.go:1246.3,1247.16 2 0
github.com/bladeacer/ocd/internal/tui/diffmodel.go:1249.11,1253.24 4 0
github.com/bladeacer/ocd/internal/tui/diffmodel.go:1255.11,1259.29 4 0
github.com/bladeacer/ocd/internal/tui/diffmodel.go:1261.11,1267.16 6 0
github.com/bladeacer/ocd/internal/tui/diffmodel.go:1269.11,1275.16 6 0
github.com/bladeacer/ocd/internal/tui/diffmodel.go:1277.15,1281.16 4 0
github.com/bladeacer/ocd/internal/tui/diffmodel.go:1283.15,1287.16 4 0
github.com/bladeacer/ocd/internal/tui/diffmodel.go:1290.2,1290.16 1 0
github.com/bladeacer/ocd/internal/tui/diffmodel.go:1290.16,1293.3 2 0
github.com/bladeacer/ocd/internal/tui/diffmodel.go:1294.2,1298.53 4 0
github.com/bladeacer/ocd/internal/tui/diffmodel.go:1298.53,1300.25 2 0
github.com/bladeacer/ocd/internal/tui/diffmodel.go:1300.25,1303.4 2 0
github.com/bladeacer/ocd/internal/tui/diffmodel.go:1306.2,1308.15 3 0
github.com/bladeacer/ocd/internal/tui/diffmodel.go:1311.53,1313.52 2 0
github.com/bladeacer/ocd/internal/tui/diffmodel.go:1313.52,1315.3 1 0
github.com/bladeacer/ocd/internal/tui/diffmodel.go:1316.2,1316.34 1 0
github.com/bladeacer/ocd/internal/tui/diffmodel.go:1319.40,1320.24 1 0
github.com/bladeacer/ocd/internal/tui/diffmodel.go:1320.24,1321.26 1 0
github.com/bladeacer/ocd/internal/tui/diffmodel.go:1321.26,1323.4 1 0
github.com/bladeacer/ocd/internal/tui/diffmodel.go:1324.3,1326.39 3 0
github.com/bladeacer/ocd/internal/tui/diffmodel.go:1326.39,1328.4 1 0
github.com/bladeacer/ocd/internal/tui/diffmodel.go:1329.3,1330.50 2 0
github.com/bladeacer/ocd/internal/tui/diffmodel.go:1330.50,1332.4 1 0
github.com/bladeacer/ocd/internal/tui/diffmodel.go:1333.3,1333.13 1 0
github.com/bladeacer/ocd/internal/tui/diffmodel.go:1337.47,1338.24 1 0
github.com/bladeacer/ocd/internal/tui/diffmodel.go:1338.24,1339.61 1 0
github.com/bladeacer/ocd/internal/tui/diffmodel.go:1339.61,1341.4 1 0
github.com/bladeacer/ocd/internal/tui/diffmodel.go:1342.3,1343.42 2 0
github.com/bladeacer/ocd/internal/tui/diffmodel.go:1343.42,1345.37 2 0
github.com/bladeacer/ocd/internal/tui/diffmodel.go:1345.37,1346.60 1 0
github.com/bladeacer/ocd/internal/tui/diffmodel.go:1346.60,1348.6 1 0
github.com/bladeacer/ocd/internal/tui/diffmodel.go:1350.4,1350.51 1 0
github.com/bladeacer/ocd/internal/tui/diffmodel.go:1350.51,1352.5 1 0
github.com/bladeacer/ocd/internal/tui/diffmodel.go:1354.3,1354.13 1 0
github.com/bladeacer/ocd/internal/tui/diffmodel.go:1358.39,1359.24 1 0
github.com/bladeacer/ocd/internal/tui/diffmodel.go:1359.24,1360.22 1 0
github.com/bladeacer/ocd/internal/tui/diffmodel.go:1360.22,1362.4 1 0
github.com/bladeacer/ocd/internal/tui/diffmodel.go:1363.3,1363.26 1 0
github.com/bladeacer/ocd/internal/tui/diffmodel.go:1363.26,1368.4 4 0
github.com/bladeacer/ocd/internal/tui/diffmodel.go:1369.3,1371.65 3 0
github.com/bladeacer/ocd/internal/tui/diffmodel.go:1371.65,1373.4 1 0
github.com/bladeacer/ocd/internal/tui/diffmodel.go:1373.9,1375.4 1 0
github.com/bladeacer/ocd/internal/tui/diffmodel.go:1376.3,1376.13 1 0
github.com/bladeacer/ocd/internal/tui/diffmodel.go:1380.35,1381.21 1 0
github.com/bladeacer/ocd/internal/tui/diffmodel.go:1381.21,1383.3 1 0
github.com/bladeacer/ocd/internal/tui/diffmodel.go:1384.2,1387.81 4 0
github.com/bladeacer/ocd/internal/tui/diffmodel.go:1390.64,1393.16 3 0
github.com/bladeacer/ocd/internal/tui/diffmodel.go:1394.14,1395.30 1 0
github.com/bladeacer/ocd/internal/tui/diffmodel.go:1396.14,1397.30 1 0
github.com/bladeacer/ocd/internal/tui/diffmodel.go:1398.10,1399.30 1 0
github.com/bladeacer/ocd/internal/tui/diffmodel.go:1401.2,1401.16 1 0
github.com/bladeacer/ocd/internal/tui/diffmodel.go:1401.16,1403.3 1 0
github.com/bladeacer/ocd/internal/tui/diffmodel.go:1404.2,1404.39 1 0
github.com/bladeacer/ocd/internal/tui/diffmodel.go:1407.39,1408.24 1 0
github.com/bladeacer/ocd/internal/tui/diffmodel.go:1408.24,1410.50 2 0
github.com/bladeacer/ocd/internal/tui/diffmodel.go:1410.50,1412.4 1 0
github.com/bladeacer/ocd/internal/tui/diffmodel.go:1413.3,1413.13 1 0
github.com/bladeacer/ocd/internal/tui/diffmodel.go:1417.44,1419.16 2 0
github.com/bladeacer/ocd/internal/tui/diffmodel.go:1419.16,1421.3 1 0
github.com/bladeacer/ocd/internal/tui/diffmodel.go:1422.2,1423.56 2 0
github.com/bladeacer/ocd/internal/tui/diffmodel.go:1423.56,1426.3 2 0
github.com/bladeacer/ocd/internal/tui/diffmodel.go:1427.2,1430.18 3 0
github.com/bladeacer/ocd/internal/tui/diffmodel.go:1430.18,1432.3 1 0
github.com/bladeacer/ocd/internal/tui/diffmodel.go:1433.2,1433.18 1 0
github.com/bladeacer/ocd/internal/tui/diffmodel.go:1433.18,1434.51 1 0
github.com/bladeacer/ocd/internal/tui/diffmodel.go:1434.51,1436.4 1 0
github.com/bladeacer/ocd/internal/tui/diffmodel.go:1436.9,1438.4 1 0
github.com/bladeacer/ocd/internal/tui/diffmodel.go:1440.2,1440.22 1 0
github.com/bladeacer/ocd/internal/tui/diffmodel.go:1440.22,1442.55 2 0
github.com/bladeacer/ocd/internal/tui/diffmodel.go:1442.55,1445.4 2 0
github.com/bladeacer/ocd/internal/tui/diffmodel.go:1447.2,1448.54 2 0
github.com/bladeacer/ocd/internal/tui/diffmodel.go:1448.54,1451.3 2 0
github.com/bladeacer/ocd/internal/tui/diffmodel.go:1454.32,1455.25 1 0
github.com/bladeacer/ocd/internal/tui/diffmodel.go:1455.25,1457.3 1 0
github.com/bladeacer/ocd/internal/tui/diffmodel.go:1458.2,1461.28 4 0
github.com/bladeacer/ocd/internal/tui/diffmodel.go:1464.32,1465.25 1 0
github.com/bladeacer/ocd/internal/tui/diffmodel.go:1465.25,1467.3 1 0
github.com/bladeacer/ocd/internal/tui/diffmodel.go:1468.2,1469.23 2 0
github.com/bladeacer/ocd/internal/tui/diffmodel.go:1469.23,1471.3 1 0
github.com/bladeacer/ocd/internal/tui/diffmodel.go:1472.2,1474.28 3 0
github.com/bladeacer/ocd/internal/tui/diffmodel.go:1477.46,1478.25 1 0
github.com/bladeacer/ocd/internal/tui/diffmodel.go:1478.25,1480.3 1 0
github.com/bladeacer/ocd/internal/tui/diffmodel.go:1481.2,1483.38 3 0
github.com/bladeacer/ocd/internal/tui/diffmodel.go:1483.38,1485.3 1 0
github.com/bladeacer/ocd/internal/tui/diffmodel.go:1486.2,1486.19 1 0
github.com/bladeacer/ocd/internal/tui/diffmodel.go:1489.35,1490.14 1 0
github.com/bladeacer/ocd/internal/tui/diffmodel.go:1490.14,1492.3 1 0
github.com/bladeacer/ocd/internal/tui/diffmodel.go:1493.2,1493.66 1 0
github.com/bladeacer/ocd/internal/tui/diffmodel.go:1493.66,1496.3 2 0
github.com/bladeacer/ocd/internal/tui/diffmodel.go:1496.8,1496.55 1 0
github.com/bladeacer/ocd/internal/tui/diffmodel.go:1496.55,1498.3 1 0
github.com/bladeacer/ocd/internal/tui/diffmodel.go:1498.8,1498.34 1 0
github.com/bladeacer/ocd/internal/tui/diffmodel.go:1498.34,1500.3 1 0
github.com/bladeacer/ocd/internal/tui/diffmodel.go:1502.2,1502.17 1 0
github.com/bladeacer/ocd/internal/tui/diffmodel.go:1502.17,1504.3 1 0
github.com/bladeacer/ocd/internal/tui/diffmodel.go:1506.2,1506.16 1 0
github.com/bladeacer/ocd/internal/tui/diffmodel.go:1506.16,1508.3 1 0
github.com/bladeacer/ocd/internal/tui/diffmodel.go:1510.2,1512.18 3 0
github.com/bladeacer/ocd/internal/tui/diffmodel.go:1512.18,1514.3 1 0
github.com/bladeacer/ocd/internal/tui/diffmodel.go:1516.2,1517.24 2 0
github.com/bladeacer/ocd/internal/tui/diffmodel.go:1517.24,1521.3 1 0
github.com/bladeacer/ocd/internal/tui/diffmodel.go:1523.2,1529.59 2 0
github.com/bladeacer/ocd/internal/tui/diffmodel.go:1532.49,1547.2 8 0
github.com/bladeacer/ocd/internal/tui/diffmodel.go:1549.41,1578.2 7 0
github.com/bladeacer/ocd/internal/tui/diffmodel.go:1580.53,1584.16 4 0
github.com/bladeacer/ocd/internal/tui/diffmodel.go:1584.16,1586.3 1 0
github.com/bladeacer/ocd/internal/tui/diffmodel.go:1587.2,1588.51 2 0
github.com/bladeacer/ocd/internal/tui/diffmodel.go:1588.51,1591.75 3 0
github.com/bladeacer/ocd/internal/tui/diffmodel.go:1591.75,1593.4 1 0
github.com/bladeacer/ocd/internal/tui/diffmodel.go:1593.9,1595.4 1 0
github.com/bladeacer/ocd/internal/tui/diffmodel.go:1597.2,1597.12 1 0
github.com/bladeacer/ocd/internal/tui/model.go:68.49,117.2 12 0
github.com/bladeacer/ocd/internal/tui/model.go:119.32,121.2 1 0
github.com/bladeacer/ocd/internal/tui/model.go:123.38,126.2 2 0
github.com/bladeacer/ocd/internal/tui/model.go:128.37,131.2 2 0
github.com/bladeacer/ocd/internal/tui/model.go:133.58,134.27 1 0
github.com/bladeacer/ocd/internal/tui/model.go:135.25,138.16 3 0
github.com/bladeacer/ocd/internal/tui/model.go:140.21,142.30 2 0
github.com/bladeacer/ocd/internal/tui/model.go:142.30,145.4 2 0
github.com/bladeacer/ocd/internal/tui/model.go:146.3,149.16 4 0
github.com/bladeacer/ocd/internal/tui/model.go:151.15,152.30 1 0
github.com/bladeacer/ocd/internal/tui/model.go:152.30,154.42 2 0
github.com/bladeacer/ocd/internal/tui/model.go:154.42,156.5 1 0
github.com/bladeacer/ocd/internal/tui/model.go:157.4,157.26 1 0
github.com/bladeacer/ocd/internal/tui/model.go:159.3,159.16 1 0
github.com/bladeacer/ocd/internal/tui/model.go:161.18,162.26 1 0
github.com/bladeacer/ocd/internal/tui/model.go:164.23,167.16 3 0
github.com/bladeacer/ocd/internal/tui/model.go:170.2,170.15 1 0
github.com/bladeacer/ocd/internal/tui/model.go:173.64,174.17 1 0
github.com/bladeacer/ocd/internal/tui/model.go:175.20,176.33 1 0
github.com/bladeacer/ocd/internal/tui/model.go:177.18,178.31 1 0
github.com/bladeacer/ocd/internal/tui/model.go:179.19,180.32 1 0
github.com/bladeacer/ocd/internal/tui/model.go:181.20,182.33 1 0
github.com/bladeacer/ocd/internal/tui/model.go:184.2,184.15 1 0
github.com/bladeacer/ocd/internal/tui/model.go:187.71,188.53 1 0
github.com/bladeacer/ocd/internal/tui/model.go:188.53,190.3 1 0
github.com/bladeacer/ocd/internal/tui/model.go:191.2,191.15 1 0
github.com/bladeacer/ocd/internal/tui/model.go:194.69,197.16 2 0
github.com/bladeacer/ocd/internal/tui/model.go:197.16,200.3 2 0
github.com/bladeacer/ocd/internal/tui/model.go:202.2,202.13 1 0
github.com/bladeacer/ocd/internal/tui/model.go:203.21,204.21 1 0
github.com/bladeacer/ocd/internal/tui/model.go:206.17,208.16 2 0
github.com/bladeacer/ocd/internal/tui/model.go:210.16,211.23 1 0
github.com/bladeacer/ocd/internal/tui/model.go:213.11,217.16 4 0
github.com/bladeacer/ocd/internal/tui/model.go:219.11,221.19 2 0
github.com/bladeacer/ocd/internal/tui/model.go:223.11,225.19 2 0
github.com/bladeacer/ocd/internal/tui/model.go:227.11,229.19 2 0
github.com/bladeacer/ocd/internal/tui/model.go:231.11,233.19 2 0
github.com/bladeacer/ocd/internal/tui/model.go:235.11,237.16 2 0
github.com/bladeacer/ocd/internal/tui/model.go:240.2,242.15 3 0
github.com/bladeacer/ocd/internal/tui/model.go:245.70,246.22 1 0
github.com/bladeacer/ocd/internal/tui/model.go:247.27,253.16 6 0
github.com/bladeacer/ocd/internal/tui/model.go:255.24,260.16 5 0
github.com/bladeacer/ocd/internal/tui/model.go:262.19,264.19 2 0
github.com/bladeacer/ocd/internal/tui/model.go:264.19,266.4 1 0
github.com/bladeacer/ocd/internal/tui/model.go:267.3,269.16 3 0
github.com/bladeacer/ocd/internal/tui/model.go:270.11,277.16 7 0
github.com/bladeacer/ocd/internal/tui/model.go:280.2,280.28 1 0
github.com/bladeacer/ocd/internal/tui/model.go:280.28,285.3 4 0
github.com/bladeacer/ocd/internal/tui/model.go:287.2,287.15 1 0
github.com/bladeacer/ocd/internal/tui/model.go:290.71,291.22 1 0
github.com/bladeacer/ocd/internal/tui/model.go:292.21,293.21 1 0
github.com/bladeacer/ocd/internal/tui/model.go:294.27,297.16 3 0
github.com/bladeacer/ocd/internal/tui/model.go:299.2,299.15 1 0
github.com/bladeacer/ocd/internal/tui/model.go:302.50,304.16 2 0
github.com/bladeacer/ocd/internal/tui/model.go:304.16,306.3 1 0
github.com/bladeacer/ocd/internal/tui/model.go:307.2,309.15 3 0
github.com/bladeacer/ocd/internal/tui/model.go:312.32,315.29 2 0
github.com/bladeacer/ocd/internal/tui/model.go:315.29,320.42 4 0
github.com/bladeacer/ocd/internal/tui/model.go:320.42,321.12 1 0
github.com/bladeacer/ocd/internal/tui/model.go:323.3,323.25 1 0
github.com/bladeacer/ocd/internal/tui/model.go:323.25,325.35 2 0
github.com/bladeacer/ocd/internal/tui/model.go:325.35,326.29 1 0
github.com/bladeacer/ocd/internal/tui/model.go:326.29,328.11 2 0
github.com/bladeacer/ocd/internal/tui/model.go:331.4,331.15 1 0
github.com/bladeacer/ocd/internal/tui/model.go:331.15,332.13 1 0
github.com/bladeacer/ocd/internal/tui/model.go:335.3,335.46 1 0
github.com/bladeacer/ocd/internal/tui/model.go:335.46,336.12 1 0
github.com/bladeacer/ocd/internal/tui/model.go:338.3,338.26 1 0
github.com/bladeacer/ocd/internal/tui/model.go:338.26,340.69 2 0
github.com/bladeacer/ocd/internal/tui/model.go:340.69,341.13 1 0
github.com/bladeacer/ocd/internal/tui/model.go:344.3,344.35 1 0
github.com/bladeacer/ocd/internal/tui/model.go:347.2,348.21 2 0
github.com/bladeacer/ocd/internal/tui/model.go:351.50,353.2 1 0
github.com/bladeacer/ocd/internal/tui/model.go:355.35,357.17 2 0
github.com/bladeacer/ocd/internal/tui/model.go:357.17,359.3 1 0
github.com/bladeacer/ocd/internal/tui/model.go:361.2,364.41 3 0
github.com/bladeacer/ocd/internal/tui/model.go:364.41,368.23 3 0
github.com/bladeacer/ocd/internal/tui/model.go:368.23,371.22 3 0
github.com/bladeacer/ocd/internal/tui/model.go:371.22,373.5 1 0
github.com/bladeacer/ocd/internal/tui/model.go:375.3,375.37 1 0
github.com/bladeacer/ocd/internal/tui/model.go:378.2,378.23 1 0
github.com/bladeacer/ocd/internal/tui/model.go:381.29,385.37 3 0
github.com/bladeacer/ocd/internal/tui/model.go:385.37,387.3 1 0
github.com/bladeacer/ocd/internal/tui/model.go:389.2,392.46 3 0
github.com/bladeacer/ocd/internal/tui/model.go:392.46,397.3 1 0
github.com/bladeacer/ocd/internal/tui/model.go:399.2,401.36 2 0
github.com/bladeacer/ocd/internal/tui/model.go:401.36,404.16 3 0
github.com/bladeacer/ocd/internal/tui/model.go:404.16,405.12 1 0
github.com/bladeacer/ocd/internal/tui/model.go:407.3,411.16 4 0
github.com/bladeacer/ocd/internal/tui/model.go:411.16,412.38 1 0
github.com/bladeacer/ocd/internal/tui/model.go:412.38,414.5 1 0
github.com/bladeacer/ocd/internal/tui/model.go:417.3,419.33 3 0
github.com/bladeacer/ocd/internal/tui/model.go:419.33,420.17 1 0
github.com/bladeacer/ocd/internal/tui/model.go:420.17,422.5 1 0
github.com/bladeacer/ocd/internal/tui/model.go:422.10,424.5 1 0
github.com/bladeacer/ocd/internal/tui/model.go:427.3,428.52 2 0
github.com/bladeacer/ocd/internal/tui/model.go:428.52,430.4 1 0
github.com/bladeacer/ocd/internal/tui/model.go:432.3,433.21 2 0
github.com/bladeacer/ocd/internal/tui/model.go:433.21,435.4 1 0
github.com/bladeacer/ocd/internal/tui/model.go:437.3,446.5 1 0
github.com/bladeacer/ocd/internal/tui/model.go:449.2,450.19 2 0
github.com/bladeacer/ocd/internal/tui/model.go:453.41,464.2 1 0
github.com/bladeacer/ocd/internal/tui/model.go:466.42,469.16 3 0
github.com/bladeacer/ocd/internal/tui/model.go:469.16,471.3 1 0
github.com/bladeacer/ocd/internal/tui/model.go:472.2,473.9 2 0
github.com/bladeacer/ocd/internal/tui/model.go:473.9,475.3 1 0
github.com/bladeacer/ocd/internal/tui/model.go:476.2,476.30 1 0
github.com/bladeacer/ocd/internal/tui/model.go:476.30,478.3 1 0
github.com/bladeacer/ocd/internal/tui/model.go:479.2,479.25 1 0
github.com/bladeacer/ocd/internal/tui/model.go:482.35,485.26 3 0
github.com/bladeacer/ocd/internal/tui/model.go:485.26,486.12 1 0
github.com/bladeacer/ocd/internal/tui/model.go:486.12,488.4 1 0
github.com/bladeacer/ocd/internal/tui/model.go:490.2,490.13 1 0
github.com/bladeacer/ocd/internal/tui/model.go:493.25,495.22 2 0
github.com/bladeacer/ocd/internal/tui/model.go:495.22,496.27 1 0
github.com/bladeacer/ocd/internal/tui/model.go:496.27,498.4 1 0
github.com/bladeacer/ocd/internal/tui/model.go:500.2,500.10 1 0
github.com/bladeacer/ocd/internal/tui/model.go:503.38,504.25 1 0
github.com/bladeacer/ocd/internal/tui/model.go:504.25,507.17 3 0
github.com/bladeacer/ocd/internal/tui/model.go:507.17,509.4 1 0
github.com/bladeacer/ocd/internal/tui/model.go:510.3,510.17 1 0
github.com/bladeacer/ocd/internal/tui/model.go:510.17,512.4 1 0
github.com/bladeacer/ocd/internal/tui/model.go:513.3,513.15 1 0
github.com/bladeacer/ocd/internal/tui/model.go:513.15,515.4 1 0
github.com/bladeacer/ocd/internal/tui/model.go:517.2,517.10 1 0
github.com/bladeacer/ocd/internal/tui/model.go:520.38,521.37 1 0
github.com/bladeacer/ocd/internal/tui/model.go:521.37,523.3 1 0
github.com/bladeacer/ocd/internal/tui/model.go:524.2,524.16 1 0
github.com/bladeacer/ocd/internal/tui/model.go:525.22,526.11 1 0
github.com/bladeacer/ocd/internal/tui/model.go:527.19,528.11 1 0
github.com/bladeacer/ocd/internal/tui/model.go:529.24,530.11 1 0
github.com/bladeacer/ocd/internal/tui/model.go:532.2,532.10 1 0
github.com/bladeacer/ocd/internal/tui/model.go:535.35,536.13 1 0
github.com/bladeacer/ocd/internal/tui/model.go:536.13,538.3 1 0
github.com/bladeacer/ocd/internal/tui/model.go:539.2,539.16 1 0
github.com/bladeacer/ocd/internal/tui/pickermodel.go:47.61,77.2 8 0
github.com/bladeacer/ocd/internal/tui/pickermodel.go:79.38,81.2 1 0
github.com/bladeacer/ocd/internal/tui/pickermodel.go:83.42,86.2 2 0
github.com/bladeacer/ocd/internal/tui/pickermodel.go:88.64,89.27 1 0
github.com/bladeacer/ocd/internal/tui/pickermodel.go:90.21,92.30 2 0
github.com/bladeacer/ocd/internal/tui/pickermodel.go:92.30,95.4 2 0
github.com/bladeacer/ocd/internal/tui/pickermodel.go:96.3,98.16 3 0
github.com/bladeacer/ocd/internal/tui/pickermodel.go:100.32,103.16 3 0
github.com/bladeacer/ocd/internal/tui/pickermodel.go:105.18,106.38 1 0
github.com/bladeacer/ocd/internal/tui/pickermodel.go:106.38,107.55 1 0
github.com/bladeacer/ocd/internal/tui/pickermodel.go:107.55,110.5 2 0
github.com/bladeacer/ocd/internal/tui/pickermodel.go:111.4,111.17 1 0
github.com/bladeacer/ocd/internal/tui/pickermodel.go:114.3,114.26 1 0
github.com/bladeacer/ocd/internal/tui/pickermodel.go:117.2,117.15 1 0
github.com/bladeacer/ocd/internal/tui/pickermodel.go:120.70,121.18 1 0
github.com/bladeacer/ocd/internal/tui/pickermodel.go:121.18,123.3 1 0
github.com/bladeacer/ocd/internal/tui/pickermodel.go:125.2,127.16 2 0
github.com/bladeacer/ocd/internal/tui/pickermodel.go:127.16,130.3 2 0
github.com/bladeacer/ocd/internal/tui/pickermodel.go:132.2,132.13 1 0
github.com/bladeacer/ocd/internal/tui/pickermodel.go:133.21,135.21 2 0
github.com/bladeacer/ocd/internal/tui/pickermodel.go:136.17,138.16 2 0
github.com/bladeacer/ocd/internal/tui/pickermodel.go:139.11,143.16 4 0
github.com/bladeacer/ocd/internal/tui/pickermodel.go:144.16,145.27 1 0
github.com/bladeacer/ocd/internal/tui/pickermodel.go:146.11,148.18 2 0
github.com/bladeacer/ocd/internal/tui/pickermodel.go:149.11,151.18 2 0
github.com/bladeacer/ocd/internal/tui/pickermodel.go:152.11,154.16 2 0
github.com/bladeacer/ocd/internal/tui/pickermodel.go:157.2,159.15 3 0
github.com/bladeacer/ocd/internal/tui/pickermodel.go:162.76,163.22 1 0
github.com/bladeacer/ocd/internal/tui/pickermodel.go:164.27,170.16 6 0
github.com/bladeacer/ocd/internal/tui/pickermodel.go:171.24,176.16 5 0
github.com/bladeacer/ocd/internal/tui/pickermodel.go:177.20,179.19 2 0
github.com/bladeacer/ocd/internal/tui/pickermodel.go:179.19,181.4 1 0
github.com/bladeacer/ocd/internal/tui/pickermodel.go:182.3,184.16 3 0
github.com/bladeacer/ocd/internal/tui/pickermodel.go:185.11,192.16 7 0
github.com/bladeacer/ocd/internal/tui/pickermodel.go:195.2,195.28 1 0
github.com/bladeacer/ocd/internal/tui/pickermodel.go:195.28,200.3 4 0
github.com/bladeacer/ocd/internal/tui/pickermodel.go:202.2,202.15 1 0
github.com/bladeacer/ocd/internal/tui/pickermodel.go:205.60,207.16 2 0
github.com/bladeacer/ocd/internal/tui/pickermodel.go:207.16,209.3 1 0
github.com/bladeacer/ocd/internal/tui/pickermodel.go:210.2,211.29 2 0
github.com/bladeacer/ocd/internal/tui/pickermodel.go:211.29,217.3 5 0
github.com/bladeacer/ocd/internal/tui/pickermodel.go:217.8,221.3 3 0
github.com/bladeacer/ocd/internal/tui/pickermodel.go:222.2,222.15 1 0
github.com/bladeacer/ocd/internal/tui/pickermodel.go:225.35,227.38 2 0
github.com/bladeacer/ocd/internal/tui/pickermodel.go:227.38,232.3 1 0
github.com/bladeacer/ocd/internal/tui/pickermodel.go:234.2,236.37 3 0
github.com/bladeacer/ocd/internal/tui/pickermodel.go:236.37,238.3 1 0
github.com/bladeacer/ocd/internal/tui/pickermodel.go:240.2,240.24 1 0
github.com/bladeacer/ocd/internal/tui/pickermodel.go:240.24,241.58 1 0
github.com/bladeacer/ocd/internal/tui/pickermodel.go:241.58,242.12 1 0
github.com/bladeacer/ocd/internal/tui/pickermodel.go:244.3,245.21 2 0
github.com/bladeacer/ocd/internal/tui/pickermodel.go:245.21,247.4 1 0
github.com/bladeacer/ocd/internal/tui/pickermodel.go:249.3,250.31 2 0
github.com/bladeacer/ocd/internal/tui/pickermodel.go:250.31,251.28 1 0
github.com/bladeacer/ocd/internal/tui/pickermodel.go:251.28,253.5 1 0
github.com/bladeacer/ocd/internal/tui/pickermodel.go:253.10,255.5 1 0
github.com/bladeacer/ocd/internal/tui/pickermodel.go:258.3,259.16 2 0
github.com/bladeacer/ocd/internal/tui/pickermodel.go:259.16,261.4 1 0
github.com/bladeacer/ocd/internal/tui/pickermodel.go:261.9,263.4 1 0
github.com/bladeacer/ocd/internal/tui/pickermodel.go:265.3,271.5 1 0
github.com/bladeacer/ocd/internal/tui/pickermodel.go:273.2,273.15 1 0
github.com/bladeacer/ocd/internal/tui/pickermodel.go:276.57,279.2 2 0
github.com/bladeacer/ocd/internal/tui/pickermodel.go:281.37,284.29 2 0
github.com/bladeacer/ocd/internal/tui/pickermodel.go:284.29,285.43 1 0
github.com/bladeacer/ocd/internal/tui/pickermodel.go:285.43,286.12 1 0
github.com/bladeacer/ocd/internal/tui/pickermodel.go:288.3,288.44 1 0
github.com/bladeacer/ocd/internal/tui/pickermodel.go:288.44,290.35 2 0
github.com/bladeacer/ocd/internal/tui/pickermodel.go:290.35,291.28 1 0
github.com/bladeacer/ocd/internal/tui/pickermodel.go:291.28,293.11 2 0
github.com/bladeacer/ocd/internal/tui/pickermodel.go:296.4,296.15 1 0
github.com/bladeacer/ocd/internal/tui/pickermodel.go:296.15,297.13 1 0
github.com/bladeacer/ocd/internal/tui/pickermodel.go:300.3,300.22 1 0
github.com/bladeacer/ocd/internal/tui/pickermodel.go:300.22,302.63 2 0
github.com/bladeacer/ocd/internal/tui/pickermodel.go:302.63,303.13 1 0
github.com/bladeacer/ocd/internal/tui/pickermodel.go:306.3,306.35 1 0
github.com/bladeacer/ocd/internal/tui/pickermodel.go:309.2,309.49 1 0
github.com/bladeacer/ocd/internal/tui/pickermodel.go:309.49,312.19 3 0
github.com/bladeacer/ocd/internal/tui/pickermodel.go:312.19,314.4 1 0
github.com/bladeacer/ocd/internal/tui/pickermodel.go:315.3,318.8 1 0
github.com/bladeacer/ocd/internal/tui/pickermodel.go:321.2,321.25 1 0
github.com/bladeacer/ocd/internal/tui/pickermodel.go:324.37,325.18 1 0
github.com/bladeacer/ocd/internal/tui/pickermodel.go:325.18,327.3 1 0
github.com/bladeacer/ocd/internal/tui/pickermodel.go:328.2,328.21 1 0
github.com/bladeacer/ocd/internal/tui/pickermodel.go:328.21,330.3 1 0
github.com/bladeacer/ocd/internal/tui/pickermodel.go:332.2,332.16 1 0
github.com/bladeacer/ocd/internal/tui/pickermodel.go:332.16,347.3 4 0
github.com/bladeacer/ocd/internal/tui/pickermodel.go:349.2,350.30 2 0
github.com/bladeacer/ocd/internal/tui/pickermodel.go:350.30,352.3 1 0
github.com/bladeacer/ocd/internal/tui/pickermodel.go:354.2,355.18 2 0
github.com/bladeacer/ocd/internal/tui/pickermodel.go:355.18,357.3 1 0
github.com/bladeacer/ocd/internal/tui/pickermodel.go:359.2,366.92 3 0
github.com/bladeacer/ocd/internal/tui/pickermodel.go:369.75,373.16 4 0
github.com/bladeacer/ocd/internal/tui/pickermodel.go:373.16,375.3 1 0
github.com/bladeacer/ocd/internal/tui/pickermodel.go:376.2,377.25 2 0
github.com/bladeacer/ocd/internal/tui/pickermodel.go:377.25,379.3 1 0
github.com/bladeacer/ocd/internal/tui/pickermodel.go:380.2,380.47 1 0
github.com/bladeacer/ocd/internal/tui/spinner.go:18.55,27.2 4 0
github.com/bladeacer/ocd/internal/tui/spinner.go:29.39,31.2 1 0
github.com/bladeacer/ocd/internal/tui/spinner.go:33.45,36.2 2 0
github.com/bladeacer/ocd/internal/tui/spinner.go:38.69,39.27 1 0
github.com/bladeacer/ocd/internal/tui/spinner.go:40.15,42.37 2 0
github.com/bladeacer/ocd/internal/tui/spinner.go:42.37,44.4 1 0
github.com/bladeacer/ocd/internal/tui/spinner.go:45.3,45.25 1 0
github.com/bladeacer/ocd/internal/tui/spinner.go:46.23,49.16 3 0
github.com/bladeacer/ocd/internal/tui/spinner.go:51.2,51.15 1 0
github.com/bladeacer/ocd/internal/tui/spinner.go:54.38,58.2 3 0
github.com/bladeacer/ocd/internal/tui/spinner.go:60.39,62.2 1 0
github.com/bladeacer/ocd/internal/tui/styles.go:42.33,54.2 4 0
github.com/bladeacer/ocd/internal/tui/view.go:17.31,18.17 1 0
github.com/bladeacer/ocd/internal/tui/view.go:19.20,20.25 1 0
github.com/bladeacer/ocd/internal/tui/view.go:21.31,22.30 1 0
github.com/bladeacer/ocd/internal/tui/view.go:23.20,24.25 1 0
github.com/bladeacer/ocd/internal/tui/view.go:26.2,26.11 1 0
github.com/bladeacer/ocd/internal/tui/view.go:29.38,30.18 1 0
github.com/bladeacer/ocd/internal/tui/view.go:30.18,32.3 1 0
github.com/bladeacer/ocd/internal/tui/view.go:34.2,37.84 3 0
github.com/bladeacer/ocd/internal/tui/view.go:40.43,41.16 1 0
github.com/bladeacer/ocd/internal/tui/view.go:41.16,43.3 1 0
github.com/bladeacer/ocd/internal/tui/view.go:45.2,49.28 3 0
github.com/bladeacer/ocd/internal/tui/view.go:49.28,52.3 2 0
github.com/bladeacer/ocd/internal/tui/view.go:54.2,59.19 4 0
github.com/bladeacer/ocd/internal/tui/view.go:62.45,82.2 6 0
github.com/bladeacer/ocd/internal/tui/view.go:84.37,94.2 3 0
github.com/bladeacer/ocd/internal/tui/view.go:96.50,97.12 1 0
github.com/bladeacer/ocd/internal/tui/view.go:97.12,99.3 1 0
github.com/bladeacer/ocd/internal/tui/view.go:100.2,100.53 1 0
github.com/bladeacer/ocd/internal/tui/view.go:103.38,111.2 3 0
github.com/bladeacer/ocd/main.go:18.13,36.39 7 0
github.com/bladeacer/ocd/main.go:36.39,39.3 2 0
github.com/bladeacer/ocd/cmd/clean.go:12.35,16.55 1 0
github.com/bladeacer/ocd/cmd/clean.go:16.55,18.36 2 0
github.com/bladeacer/ocd/cmd/clean.go:18.36,20.5 1 0
github.com/bladeacer/ocd/cmd/clean.go:21.4,21.62 1 0
github.com/bladeacer/ocd/cmd/clean.go:21.62,23.5 1 0
github.com/bladeacer/ocd/cmd/clean.go:24.4,25.14 2 0
github.com/bladeacer/ocd/cmd/clean.go:29.2,29.12 1 0
github.com/bladeacer/ocd/cmd/diff.go:17.34,18.32 1 0
github.com/bladeacer/ocd/cmd/diff.go:18.32,21.3 2 0
github.com/bladeacer/ocd/cmd/diff.go:22.2,22.24 1 0
github.com/bladeacer/ocd/cmd/diff.go:25.64,28.16 3 0
github.com/bladeacer/ocd/cmd/diff.go:29.14,30.30 1 0
github.com/bladeacer/ocd/cmd/diff.go:31.14,32.30 1 0
github.com/bladeacer/ocd/cmd/diff.go:33.10,34.30 1 0
github.com/bladeacer/ocd/cmd/diff.go:36.2,36.16 1 0
github.com/bladeacer/ocd/cmd/diff.go:36.16,38.3 1 0
github.com/bladeacer/ocd/cmd/diff.go:39.2,39.39 1 0
github.com/bladeacer/ocd/cmd/diff.go:42.55,44.22 2 0
github.com/bladeacer/ocd/cmd/diff.go:44.22,46.3 1 0
github.com/bladeacer/ocd/cmd/diff.go:49.38,51.38 2 0
github.com/bladeacer/ocd/cmd/diff.go:51.38,53.3 1 0
github.com/bladeacer/ocd/cmd/diff.go:54.2,56.12 3 0
github.com/bladeacer/ocd/cmd/diff.go:59.34,77.55 6 0
github.com/bladeacer/ocd/cmd/diff.go:77.55,80.22 2 0
github.com/bladeacer/ocd/cmd/diff.go:80.22,83.5 2 0
github.com/bladeacer/ocd/cmd/diff.go:83.10,83.44 1 0
github.com/bladeacer/ocd/cmd/diff.go:83.44,89.19 5 0
github.com/bladeacer/ocd/cmd/diff.go:89.19,91.6 1 0
github.com/bladeacer/ocd/cmd/diff.go:92.5,92.41 1 0
github.com/bladeacer/ocd/cmd/diff.go:92.41,95.6 2 0
github.com/bladeacer/ocd/cmd/diff.go:96.10,98.5 1 0
github.com/bladeacer/ocd/cmd/diff.go:100.4,100.46 1 0
github.com/bladeacer/ocd/cmd/diff.go:100.46,102.5 1 0
github.com/bladeacer/ocd/cmd/diff.go:103.4,103.46 1 0
github.com/bladeacer/ocd/cmd/diff.go:103.46,105.5 1 0
github.com/bladeacer/ocd/cmd/diff.go:107.4,108.27 2 0
github.com/bladeacer/ocd/cmd/diff.go:108.27,110.5 1 0
github.com/bladeacer/ocd/cmd/diff.go:112.4,112.12 1 0
github.com/bladeacer/ocd/cmd/diff.go:112.12,118.25 6 0
github.com/bladeacer/ocd/cmd/diff.go:118.25,120.6 1 0
[...]
github.com/bladeacer/ocd/internal/tui/diffmodel.go:1458.2,1461.28 4 1
github.com/bladeacer/ocd/internal/tui/diffmodel.go:1464.32,1465.25 1 1
github.com/bladeacer/ocd/internal/tui/diffmodel.go:1465.25,1467.3 1 1
github.com/bladeacer/ocd/internal/tui/diffmodel.go:1468.2,1469.23 2 1
github.com/bladeacer/ocd/internal/tui/diffmodel.go:1469.23,1471.3 1 1
github.com/bladeacer/ocd/internal/tui/diffmodel.go:1472.2,1474.28 3 1
github.com/bladeacer/ocd/internal/tui/diffmodel.go:1477.46,1478.25 1 1
github.com/bladeacer/ocd/internal/tui/diffmodel.go:1478.25,1480.3 1 1
github.com/bladeacer/ocd/internal/tui/diffmodel.go:1481.2,1483.38 3 1
github.com/bladeacer/ocd/internal/tui/diffmodel.go:1483.38,1485.3 1 1
github.com/bladeacer/ocd/internal/tui/diffmodel.go:1486.2,1486.19 1 1
github.com/bladeacer/ocd/internal/tui/diffmodel.go:1489.35,1490.14 1 1
github.com/bladeacer/ocd/internal/tui/diffmodel.go:1490.14,1492.3 1 1
github.com/bladeacer/ocd/internal/tui/diffmodel.go:1493.2,1493.66 1 1
github.com/bladeacer/ocd/internal/tui/diffmodel.go:1493.66,1496.3 2 0
github.com/bladeacer/ocd/internal/tui/diffmodel.go:1496.8,1496.55 1 1
github.com/bladeacer/ocd/internal/tui/diffmodel.go:1496.55,1498.3 1 1
github.com/bladeacer/ocd/internal/tui/diffmodel.go:1498.8,1498.34 1 1
github.com/bladeacer/ocd/internal/tui/diffmodel.go:1498.34,1500.3 1 0
github.com/bladeacer/ocd/internal/tui/diffmodel.go:1502.2,1502.17 1 1
github.com/bladeacer/ocd/internal/tui/diffmodel.go:1502.17,1504.3 1 0
github.com/bladeacer/ocd/internal/tui/diffmodel.go:1506.2,1506.16 1 1
github.com/bladeacer/ocd/internal/tui/diffmodel.go:1506.16,1508.3 1 1
github.com/bladeacer/ocd/internal/tui/diffmodel.go:1510.2,1512.18 3 1
github.com/bladeacer/ocd/internal/tui/diffmodel.go:1512.18,1514.3 1 0
github.com/bladeacer/ocd/internal/tui/diffmodel.go:1516.2,1517.24 2 1
github.com/bladeacer/ocd/internal/tui/diffmodel.go:1517.24,1521.3 1 1
github.com/bladeacer/ocd/internal/tui/diffmodel.go:1523.2,1529.59 2 1
github.com/bladeacer/ocd/internal/tui/diffmodel.go:1532.49,1547.2 8 0
github.com/bladeacer/ocd/internal/tui/diffmodel.go:1549.41,1578.2 7 1
github.com/bladeacer/ocd/internal/tui/diffmodel.go:1580.53,1584.16 4 0
github.com/bladeacer/ocd/internal/tui/diffmodel.go:1584.16,1586.3 1 0
github.com/bladeacer/ocd/internal/tui/diffmodel.go:1587.2,1588.51 2 0
github.com/bladeacer/ocd/internal/tui/diffmodel.go:1588.51,1591.75 3 0
github.com/bladeacer/ocd/internal/tui/diffmodel.go:1591.75,1593.4 1 0
github.com/bladeacer/ocd/internal/tui/diffmodel.go:1593.9,1595.4 1 0
github.com/bladeacer/ocd/internal/tui/diffmodel.go:1597.2,1597.12 1 0
github.com/bladeacer/ocd/internal/tui/model.go:68.49,117.2 12 0
github.com/bladeacer/ocd/internal/tui/model.go:119.32,121.2 1 0
github.com/bladeacer/ocd/internal/tui/model.go:123.38,126.2 2 1
github.com/bladeacer/ocd/internal/tui/model.go:128.37,131.2 2 0
github.com/bladeacer/ocd/internal/tui/model.go:133.58,134.27 1 1
github.com/bladeacer/ocd/internal/tui/model.go:135.25,138.16 3 1
github.com/bladeacer/ocd/internal/tui/model.go:140.21,142.30 2 0
github.com/bladeacer/ocd/internal/tui/model.go:142.30,145.4 2 0
github.com/bladeacer/ocd/internal/tui/model.go:146.3,149.16 4 0
github.com/bladeacer/ocd/internal/tui/model.go:151.15,152.30 1 0
github.com/bladeacer/ocd/internal/tui/model.go:152.30,154.42 2 0
github.com/bladeacer/ocd/internal/tui/model.go:154.42,156.5 1 0
github.com/bladeacer/ocd/internal/tui/model.go:157.4,157.26 1 0
github.com/bladeacer/ocd/internal/tui/model.go:159.3,159.16 1 0
github.com/bladeacer/ocd/internal/tui/model.go:161.18,162.26 1 0
github.com/bladeacer/ocd/internal/tui/model.go:164.23,167.16 3 0
github.com/bladeacer/ocd/internal/tui/model.go:170.2,170.15 1 0
github.com/bladeacer/ocd/internal/tui/model.go:173.64,174.17 1 1
github.com/bladeacer/ocd/internal/tui/model.go:175.20,176.33 1 1
github.com/bladeacer/ocd/internal/tui/model.go:177.18,178.31 1 1
github.com/bladeacer/ocd/internal/tui/model.go:179.19,180.32 1 1
github.com/bladeacer/ocd/internal/tui/model.go:181.20,182.33 1 1
github.com/bladeacer/ocd/internal/tui/model.go:184.2,184.15 1 0
github.com/bladeacer/ocd/internal/tui/model.go:187.71,188.53 1 1
github.com/bladeacer/ocd/internal/tui/model.go:188.53,190.3 1 1
github.com/bladeacer/ocd/internal/tui/model.go:191.2,191.15 1 1
github.com/bladeacer/ocd/internal/tui/model.go:194.69,197.16 2 1
github.com/bladeacer/ocd/internal/tui/model.go:197.16,200.3 2 1
github.com/bladeacer/ocd/internal/tui/model.go:202.2,202.13 1 1
github.com/bladeacer/ocd/internal/tui/model.go:203.21,204.21 1 1
github.com/bladeacer/ocd/internal/tui/model.go:206.17,208.16 2 1
github.com/bladeacer/ocd/internal/tui/model.go:210.16,211.23 1 1
github.com/bladeacer/ocd/internal/tui/model.go:213.11,217.16 4 1
github.com/bladeacer/ocd/internal/tui/model.go:219.11,221.19 2 1
github.com/bladeacer/ocd/internal/tui/model.go:223.11,225.19 2 1
github.com/bladeacer/ocd/internal/tui/model.go:227.11,229.19 2 1
github.com/bladeacer/ocd/internal/tui/model.go:231.11,233.19 2 1
github.com/bladeacer/ocd/internal/tui/model.go:235.11,237.16 2 1
github.com/bladeacer/ocd/internal/tui/model.go:240.2,242.15 3 1
github.com/bladeacer/ocd/internal/tui/model.go:245.70,246.22 1 1
github.com/bladeacer/ocd/internal/tui/model.go:247.27,253.16 6 1
github.com/bladeacer/ocd/internal/tui/model.go:255.24,260.16 5 1
github.com/bladeacer/ocd/internal/tui/model.go:262.19,264.19 2 1
github.com/bladeacer/ocd/internal/tui/model.go:264.19,266.4 1 1
github.com/bladeacer/ocd/internal/tui/model.go:267.3,269.16 3 1
github.com/bladeacer/ocd/internal/tui/model.go:270.11,277.16 7 1
github.com/bladeacer/ocd/internal/tui/model.go:280.2,280.28 1 1
github.com/bladeacer/ocd/internal/tui/model.go:280.28,285.3 4 1
github.com/bladeacer/ocd/internal/tui/model.go:287.2,287.15 1 0
github.com/bladeacer/ocd/internal/tui/model.go:290.71,291.22 1 1
github.com/bladeacer/ocd/internal/tui/model.go:292.21,293.21 1 1
github.com/bladeacer/ocd/internal/tui/model.go:294.27,297.16 3 1
github.com/bladeacer/ocd/internal/tui/model.go:299.2,299.15 1 0
github.com/bladeacer/ocd/internal/tui/model.go:302.50,304.16 2 1
github.com/bladeacer/ocd/internal/tui/model.go:304.16,306.3 1 1
github.com/bladeacer/ocd/internal/tui/model.go:307.2,309.15 3 1
github.com/bladeacer/ocd/internal/tui/model.go:312.32,315.29 2 1
github.com/bladeacer/ocd/internal/tui/model.go:315.29,320.42 4 1
github.com/bladeacer/ocd/internal/tui/model.go:320.42,321.12 1 1
github.com/bladeacer/ocd/internal/tui/model.go:323.3,323.25 1 1
github.com/bladeacer/ocd/internal/tui/model.go:323.25,325.35 2 1
github.com/bladeacer/ocd/internal/tui/model.go:325.35,326.29 1 1
github.com/bladeacer/ocd/internal/tui/model.go:326.29,328.11 2 1
github.com/bladeacer/ocd/internal/tui/model.go:331.4,331.15 1 1
github.com/bladeacer/ocd/internal/tui/model.go:331.15,332.13 1 1
github.com/bladeacer/ocd/internal/tui/model.go:335.3,335.46 1 1
github.com/bladeacer/ocd/internal/tui/model.go:335.46,336.12 1 0
github.com/bladeacer/ocd/internal/tui/model.go:338.3,338.26 1 1
github.com/bladeacer/ocd/internal/tui/model.go:338.26,340.69 2 1
github.com/bladeacer/ocd/internal/tui/model.go:340.69,341.13 1 1
github.com/bladeacer/ocd/internal/tui/model.go:344.3,344.35 1 1
github.com/bladeacer/ocd/internal/tui/model.go:347.2,348.21 2 1
github.com/bladeacer/ocd/internal/tui/model.go:351.50,353.2 1 1
github.com/bladeacer/ocd/internal/tui/model.go:355.35,357.17 2 1
github.com/bladeacer/ocd/internal/tui/model.go:357.17,359.3 1 1
github.com/bladeacer/ocd/internal/tui/model.go:361.2,364.41 3 1
github.com/bladeacer/ocd/internal/tui/model.go:364.41,368.23 3 1
github.com/bladeacer/ocd/internal/tui/model.go:368.23,371.22 3 1
github.com/bladeacer/ocd/internal/tui/model.go:371.22,373.5 1 1
github.com/bladeacer/ocd/internal/tui/model.go:375.3,375.37 1 1
github.com/bladeacer/ocd/internal/tui/model.go:378.2,378.23 1 1
github.com/bladeacer/ocd/internal/tui/model.go:381.29,385.37 3 1
github.com/bladeacer/ocd/internal/tui/model.go:385.37,387.3 1 1
github.com/bladeacer/ocd/internal/tui/model.go:389.2,392.46 3 1
github.com/bladeacer/ocd/internal/tui/model.go:392.46,397.3 1 1
github.com/bladeacer/ocd/internal/tui/model.go:399.2,401.36 2 1
github.com/bladeacer/ocd/internal/tui/model.go:401.36,404.16 3 1
github.com/bladeacer/ocd/internal/tui/model.go:404.16,405.12 1 0
github.com/bladeacer/ocd/internal/tui/model.go:407.3,411.16 4 1
github.com/bladeacer/ocd/internal/tui/model.go:411.16,412.38 1 1
github.com/bladeacer/ocd/internal/tui/model.go:412.38,414.5 1 1
github.com/bladeacer/ocd/internal/tui/model.go:417.3,419.33 3 1
github.com/bladeacer/ocd/internal/tui/model.go:419.33,420.17 1 1
github.com/bladeacer/ocd/internal/tui/model.go:420.17,422.5 1 1
github.com/bladeacer/ocd/internal/tui/model.go:422.10,424.5 1 1
github.com/bladeacer/ocd/internal/tui/model.go:427.3,428.52 2 1
github.com/bladeacer/ocd/internal/tui/model.go:428.52,430.4 1 0
github.com/bladeacer/ocd/internal/tui/model.go:432.3,433.21 2 1
github.com/bladeacer/ocd/internal/tui/model.go:433.21,435.4 1 0
github.com/bladeacer/ocd/internal/tui/model.go:437.3,446.5 1 1
github.com/bladeacer/ocd/internal/tui/model.go:449.2,450.19 2 1
github.com/bladeacer/ocd/internal/tui/model.go:453.41,464.2 1 1
github.com/bladeacer/ocd/internal/tui/model.go:466.42,469.16 3 0
github.com/bladeacer/ocd/internal/tui/model.go:469.16,471.3 1 0
github.com/bladeacer/ocd/internal/tui/model.go:472.2,473.9 2 0
github.com/bladeacer/ocd/internal/tui/model.go:473.9,475.3 1 0
github.com/bladeacer/ocd/internal/tui/model.go:476.2,476.30 1 0
github.com/bladeacer/ocd/internal/tui/model.go:476.30,478.3 1 0
github.com/bladeacer/ocd/internal/tui/model.go:479.2,479.25 1 0
github.com/bladeacer/ocd/internal/tui/model.go:482.35,485.26 3 1
github.com/bladeacer/ocd/internal/tui/model.go:485.26,486.12 1 1
github.com/bladeacer/ocd/internal/tui/model.go:486.12,488.4 1 1
github.com/bladeacer/ocd/internal/tui/model.go:490.2,490.13 1 1
github.com/bladeacer/ocd/internal/tui/model.go:493.25,495.22 2 1
github.com/bladeacer/ocd/internal/tui/model.go:495.22,496.27 1 1
github.com/bladeacer/ocd/internal/tui/model.go:496.27,498.4 1 1
github.com/bladeacer/ocd/internal/tui/model.go:500.2,500.10 1 1
github.com/bladeacer/ocd/internal/tui/model.go:503.38,504.25 1 1
github.com/bladeacer/ocd/internal/tui/model.go:504.25,507.17 3 1
github.com/bladeacer/ocd/internal/tui/model.go:507.17,509.4 1 1
github.com/bladeacer/ocd/internal/tui/model.go:510.3,510.17 1 1
github.com/bladeacer/ocd/internal/tui/model.go:510.17,512.4 1 1
github.com/bladeacer/ocd/internal/tui/model.go:513.3,513.15 1 1
github.com/bladeacer/ocd/internal/tui/model.go:513.15,515.4 1 1
github.com/bladeacer/ocd/internal/tui/model.go:517.2,517.10 1 1
github.com/bladeacer/ocd/internal/tui/model.go:520.38,521.37 1 1
github.com/bladeacer/ocd/internal/tui/model.go:521.37,523.3 1 1
github.com/bladeacer/ocd/internal/tui/model.go:524.2,524.16 1 1
github.com/bladeacer/ocd/internal/tui/model.go:525.22,526.11 1 1
github.com/bladeacer/ocd/internal/tui/model.go:527.19,528.11 1 1
github.com/bladeacer/ocd/internal/tui/model.go:529.24,530.11 1 1
github.com/bladeacer/ocd/internal/tui/model.go:532.2,532.10 1 1
github.com/bladeacer/ocd/internal/tui/model.go:535.35,536.13 1 1
github.com/bladeacer/ocd/internal/tui/model.go:536.13,538.3 1 1
github.com/bladeacer/ocd/internal/tui/model.go:539.2,539.16 1 1
github.com/bladeacer/ocd/internal/tui/pickermodel.go:47.61,77.2 8 1
github.com/bladeacer/ocd/internal/tui/pickermodel.go:79.38,81.2 1 1
github.com/bladeacer/ocd/internal/tui/pickermodel.go:83.42,86.2 2 0
github.com/bladeacer/ocd/internal/tui/pickermodel.go:88.64,89.27 1 0
github.com/bladeacer/ocd/internal/tui/pickermodel.go:90.21,92.30 2 0
github.com/bladeacer/ocd/internal/tui/pickermodel.go:92.30,95.4 2 0
github.com/bladeacer/ocd/internal/tui/pickermodel.go:96.3,98.16 3 0
github.com/bladeacer/ocd/internal/tui/pickermodel.go:100.32,103.16 3 0
github.com/bladeacer/ocd/internal/tui/pickermodel.go:105.18,106.38 1 0
github.com/bladeacer/ocd/internal/tui/pickermodel.go:106.38,107.55 1 0
github.com/bladeacer/ocd/internal/tui/pickermodel.go:107.55,110.5 2 0
github.com/bladeacer/ocd/internal/tui/pickermodel.go:111.4,111.17 1 0
github.com/bladeacer/ocd/internal/tui/pickermodel.go:114.3,114.26 1 0
github.com/bladeacer/ocd/internal/tui/pickermodel.go:117.2,117.15 1 0
github.com/bladeacer/ocd/internal/tui/pickermodel.go:120.70,121.18 1 1
github.com/bladeacer/ocd/internal/tui/pickermodel.go:121.18,123.3 1 0
github.com/bladeacer/ocd/internal/tui/pickermodel.go:125.2,127.16 2 1
github.com/bladeacer/ocd/internal/tui/pickermodel.go:127.16,130.3 2 1
github.com/bladeacer/ocd/internal/tui/pickermodel.go:132.2,132.13 1 1
github.com/bladeacer/ocd/internal/tui/pickermodel.go:133.21,135.21 2 0
github.com/bladeacer/ocd/internal/tui/pickermodel.go:136.17,138.16 2 1
github.com/bladeacer/ocd/internal/tui/pickermodel.go:139.11,143.16 4 1
github.com/bladeacer/ocd/internal/tui/pickermodel.go:144.16,145.27 1 1
github.com/bladeacer/ocd/internal/tui/pickermodel.go:146.11,148.18 2 1
github.com/bladeacer/ocd/internal/tui/pickermodel.go:149.11,151.18 2 1
github.com/bladeacer/ocd/internal/tui/pickermodel.go:152.11,154.16 2 1
github.com/bladeacer/ocd/internal/tui/pickermodel.go:157.2,159.15 3 1
github.com/bladeacer/ocd/internal/tui/pickermodel.go:162.76,163.22 1 1
github.com/bladeacer/ocd/internal/tui/pickermodel.go:164.27,170.16 6 1
github.com/bladeacer/ocd/internal/tui/pickermodel.go:171.24,176.16 5 1
github.com/bladeacer/ocd/internal/tui/pickermodel.go:177.20,179.19 2 1
github.com/bladeacer/ocd/internal/tui/pickermodel.go:179.19,181.4 1 1
github.com/bladeacer/ocd/internal/tui/pickermodel.go:182.3,184.16 3 1
github.com/bladeacer/ocd/internal/tui/pickermodel.go:185.11,192.16 7 1
github.com/bladeacer/ocd/internal/tui/pickermodel.go:195.2,195.28 1 1
github.com/bladeacer/ocd/internal/tui/pickermodel.go:195.28,200.3 4 1
github.com/bladeacer/ocd/internal/tui/pickermodel.go:202.2,202.15 1 0
github.com/bladeacer/ocd/internal/tui/pickermodel.go:205.60,207.16 2 1
github.com/bladeacer/ocd/internal/tui/pickermodel.go:207.16,209.3 1 1
github.com/bladeacer/ocd/internal/tui/pickermodel.go:210.2,211.29 2 1
github.com/bladeacer/ocd/internal/tui/pickermodel.go:211.29,217.3 5 1
github.com/bladeacer/ocd/internal/tui/pickermodel.go:217.8,221.3 3 1
github.com/bladeacer/ocd/internal/tui/pickermodel.go:222.2,222.15 1 1
github.com/bladeacer/ocd/internal/tui/pickermodel.go:225.35,227.38 2 1
github.com/bladeacer/ocd/internal/tui/pickermodel.go:227.38,232.3 1 1
github.com/bladeacer/ocd/internal/tui/pickermodel.go:234.2,236.37 3 1
github.com/bladeacer/ocd/internal/tui/pickermodel.go:236.37,238.3 1 1
github.com/bladeacer/ocd/internal/tui/pickermodel.go:240.2,240.24 1 1
github.com/bladeacer/ocd/internal/tui/pickermodel.go:240.24,241.58 1 1
github.com/bladeacer/ocd/internal/tui/pickermodel.go:241.58,242.12 1 1
github.com/bladeacer/ocd/internal/tui/pickermodel.go:244.3,245.21 2 1
github.com/bladeacer/ocd/internal/tui/pickermodel.go:245.21,247.4 1 0
github.com/bladeacer/ocd/internal/tui/pickermodel.go:249.3,250.31 2 1
github.com/bladeacer/ocd/internal/tui/pickermodel.go:250.31,251.28 1 1
github.com/bladeacer/ocd/internal/tui/pickermodel.go:251.28,253.5 1 1
github.com/bladeacer/ocd/internal/tui/pickermodel.go:253.10,255.5 1 1
github.com/bladeacer/ocd/internal/tui/pickermodel.go:258.3,259.16 2 1
github.com/bladeacer/ocd/internal/tui/pickermodel.go:259.16,261.4 1 1
github.com/bladeacer/ocd/internal/tui/pickermodel.go:261.9,263.4 1 1
github.com/bladeacer/ocd/internal/tui/pickermodel.go:265.3,271.5 1 1
github.com/bladeacer/ocd/internal/tui/pickermodel.go:273.2,273.15 1 1
github.com/bladeacer/ocd/internal/tui/pickermodel.go:276.57,279.2 2 1
github.com/bladeacer/ocd/internal/tui/pickermodel.go:281.37,284.29 2 1
github.com/bladeacer/ocd/internal/tui/pickermodel.go:284.29,285.43 1 1
github.com/bladeacer/ocd/internal/tui/pickermodel.go:285.43,286.12 1 1
github.com/bladeacer/ocd/internal/tui/pickermodel.go:288.3,288.44 1 1
github.com/bladeacer/ocd/internal/tui/pickermodel.go:288.44,290.35 2 1
github.com/bladeacer/ocd/internal/tui/pickermodel.go:290.35,291.28 1 1
github.com/bladeacer/ocd/internal/tui/pickermodel.go:291.28,293.11 2 1
github.com/bladeacer/ocd/internal/tui/pickermodel.go:296.4,296.15 1 1
github.com/bladeacer/ocd/internal/tui/pickermodel.go:296.15,297.13 1 1
github.com/bladeacer/ocd/internal/tui/pickermodel.go:300.3,300.22 1 1
github.com/bladeacer/ocd/internal/tui/pickermodel.go:300.22,302.63 2 1
github.com/bladeacer/ocd/internal/tui/pickermodel.go:302.63,303.13 1 0
github.com/bladeacer/ocd/internal/tui/pickermodel.go:306.3,306.35 1 1
github.com/bladeacer/ocd/internal/tui/pickermodel.go:309.2,309.49 1 1
github.com/bladeacer/ocd/internal/tui/pickermodel.go:309.49,312.19 3 1
github.com/bladeacer/ocd/internal/tui/pickermodel.go:312.19,314.4 1 0
github.com/bladeacer/ocd/internal/tui/pickermodel.go:315.3,318.8 1 1
github.com/bladeacer/ocd/internal/tui/pickermodel.go:321.2,321.25 1 1
github.com/bladeacer/ocd/internal/tui/pickermodel.go:324.37,325.18 1 1
github.com/bladeacer/ocd/internal/tui/pickermodel.go:325.18,327.3 1 1
github.com/bladeacer/ocd/internal/tui/pickermodel.go:328.2,328.21 1 1
github.com/bladeacer/ocd/internal/tui/pickermodel.go:328.21,330.3 1 1
github.com/bladeacer/ocd/internal/tui/pickermodel.go:332.2,332.16 1 1
github.com/bladeacer/ocd/internal/tui/pickermodel.go:332.16,347.3 4 1
github.com/bladeacer/ocd/internal/tui/pickermodel.go:349.2,350.30 2 0
github.com/bladeacer/ocd/internal/tui/pickermodel.go:350.30,352.3 1 0
github.com/bladeacer/ocd/internal/tui/pickermodel.go:354.2,355.18 2 0
github.com/bladeacer/ocd/internal/tui/pickermodel.go:355.18,357.3 1 0
github.com/bladeacer/ocd/internal/tui/pickermodel.go:359.2,366.92 3 0
github.com/bladeacer/ocd/internal/tui/pickermodel.go:369.75,373.16 4 0
github.com/bladeacer/ocd/internal/tui/pickermodel.go:373.16,375.3 1 0
github.com/bladeacer/ocd/internal/tui/pickermodel.go:376.2,377.25 2 0
github.com/bladeacer/ocd/internal/tui/pickermodel.go:377.25,379.3 1 0
github.com/bladeacer/ocd/internal/tui/pickermodel.go:380.2,380.47 1 0
github.com/bladeacer/ocd/internal/tui/spinner.go:18.55,27.2 4 1
github.com/bladeacer/ocd/internal/tui/spinner.go:29.39,31.2 1 1
github.com/bladeacer/ocd/internal/tui/spinner.go:33.45,36.2 2 1
github.com/bladeacer/ocd/internal/tui/spinner.go:38.69,39.27 1 1
github.com/bladeacer/ocd/internal/tui/spinner.go:40.15,42.37 2 1
github.com/bladeacer/ocd/internal/tui/spinner.go:42.37,44.4 1 1
github.com/bladeacer/ocd/internal/tui/spinner.go:45.3,45.25 1 1
github.com/bladeacer/ocd/internal/tui/spinner.go:46.23,49.16 3 1
github.com/bladeacer/ocd/internal/tui/spinner.go:51.2,51.15 1 0
github.com/bladeacer/ocd/internal/tui/spinner.go:54.38,58.2 3 1
github.com/bladeacer/ocd/internal/tui/spinner.go:60.39,62.2 1 1
github.com/bladeacer/ocd/internal/tui/styles.go:42.33,54.2 4 1
github.com/bladeacer/ocd/internal/tui/view.go:17.31,18.17 1 1
github.com/bladeacer/ocd/internal/tui/view.go:19.20,20.25 1 1
github.com/bladeacer/ocd/internal/tui/view.go:21.31,22.30 1 1
github.com/bladeacer/ocd/internal/tui/view.go:23.20,24.25 1 1
github.com/bladeacer/ocd/internal/tui/view.go:26.2,26.11 1 0
github.com/bladeacer/ocd/internal/tui/view.go:29.38,30.18 1 1
github.com/bladeacer/ocd/internal/tui/view.go:30.18,32.3 1 1
github.com/bladeacer/ocd/internal/tui/view.go:34.2,37.84 3 1
github.com/bladeacer/ocd/internal/tui/view.go:40.43,41.16 1 1
github.com/bladeacer/ocd/internal/tui/view.go:41.16,43.3 1 0
github.com/bladeacer/ocd/internal/tui/view.go:45.2,49.28 3 1
github.com/bladeacer/ocd/internal/tui/view.go:49.28,52.3 2 1
github.com/bladeacer/ocd/internal/tui/view.go:54.2,59.19 4 1
github.com/bladeacer/ocd/internal/tui/view.go:62.45,82.2 6 1
github.com/bladeacer/ocd/internal/tui/view.go:84.37,94.2 3 1
github.com/bladeacer/ocd/internal/tui/view.go:96.50,97.12 1 1
github.com/bladeacer/ocd/internal/tui/view.go:97.12,99.3 1 1
github.com/bladeacer/ocd/internal/tui/view.go:100.2,100.53 1 1
github.com/bladeacer/ocd/internal/tui/view.go:103.38,111.2 3 1
