mode: set
github.com/bladeacer/ocd/main.go:18.13,33.39 6 0
github.com/bladeacer/ocd/main.go:33.39,36.3 2 0
github.com/bladeacer/ocd/cmd/clean.go:12.35,16.55 1 0
github.com/bladeacer/ocd/cmd/clean.go:16.55,18.36 2 0
github.com/bladeacer/ocd/cmd/clean.go:18.36,20.5 1 0
github.com/bladeacer/ocd/cmd/clean.go:21.4,21.62 1 0
github.com/bladeacer/ocd/cmd/clean.go:21.62,23.5 1 0
github.com/bladeacer/ocd/cmd/clean.go:24.4,25.14 2 0
github.com/bladeacer/ocd/cmd/clean.go:29.2,29.12 1 0
github.com/bladeacer/ocd/cmd/diff.go:14.34,27.55 3 0
github.com/bladeacer/ocd/cmd/diff.go:27.55,30.22 2 0
github.com/bladeacer/ocd/cmd/diff.go:30.22,33.5 2 0
github.com/bladeacer/ocd/cmd/diff.go:33.10,33.44 1 0
github.com/bladeacer/ocd/cmd/diff.go:33.44,39.19 5 0
github.com/bladeacer/ocd/cmd/diff.go:39.19,41.6 1 0
github.com/bladeacer/ocd/cmd/diff.go:42.5,42.41 1 0
github.com/bladeacer/ocd/cmd/diff.go:42.41,45.6 2 0
github.com/bladeacer/ocd/cmd/diff.go:46.10,48.5 1 0
github.com/bladeacer/ocd/cmd/diff.go:50.4,51.27 2 0
github.com/bladeacer/ocd/cmd/diff.go:51.27,53.5 1 0
github.com/bladeacer/ocd/cmd/diff.go:55.4,55.36 1 0
github.com/bladeacer/ocd/cmd/diff.go:59.2,61.12 3 0
github.com/bladeacer/ocd/cmd/extract.go:11.37,18.55 1 0
github.com/bladeacer/ocd/cmd/extract.go:18.55,21.18 3 0
github.com/bladeacer/ocd/cmd/extract.go:21.18,23.5 1 0
github.com/bladeacer/ocd/cmd/extract.go:24.4,25.14 2 0
github.com/bladeacer/ocd/cmd/extract.go:29.2,29.12 1 0
github.com/bladeacer/ocd/cmd/interact.go:14.38,23.55 2 0
github.com/bladeacer/ocd/cmd/interact.go:23.55,29.18 5 0
github.com/bladeacer/ocd/cmd/interact.go:29.18,31.5 1 0
github.com/bladeacer/ocd/cmd/interact.go:32.4,32.30 1 0
github.com/bladeacer/ocd/cmd/interact.go:32.30,35.5 2 0
github.com/bladeacer/ocd/cmd/interact.go:37.4,39.18 3 0
github.com/bladeacer/ocd/cmd/interact.go:39.18,41.5 1 0
github.com/bladeacer/ocd/cmd/interact.go:42.4,43.14 2 0
github.com/bladeacer/ocd/cmd/interact.go:47.2,48.12 2 0
github.com/bladeacer/ocd/internal/cache/cache.go:28.36,33.49 2 1
github.com/bladeacer/ocd/internal/cache/cache.go:33.49,34.13 1 0
github.com/bladeacer/ocd/internal/cache/cache.go:36.2,36.10 1 1
github.com/bladeacer/ocd/internal/cache/cache.go:39.42,41.2 1 1
github.com/bladeacer/ocd/internal/cache/cache.go:43.55,46.16 3 1
github.com/bladeacer/ocd/internal/cache/cache.go:46.16,47.25 1 1
github.com/bladeacer/ocd/internal/cache/cache.go:47.25,49.4 1 1
github.com/bladeacer/ocd/internal/cache/cache.go:50.3,50.13 1 0
github.com/bladeacer/ocd/internal/cache/cache.go:52.2,53.53 2 1
github.com/bladeacer/ocd/internal/cache/cache.go:53.53,55.3 1 1
github.com/bladeacer/ocd/internal/cache/cache.go:56.2,56.54 1 1
github.com/bladeacer/ocd/internal/cache/cache.go:56.54,58.3 1 1
github.com/bladeacer/ocd/internal/cache/cache.go:59.2,59.38 1 1
github.com/bladeacer/ocd/internal/cache/cache.go:62.55,65.16 3 1
github.com/bladeacer/ocd/internal/cache/cache.go:65.16,67.3 1 0
github.com/bladeacer/ocd/internal/cache/cache.go:68.2,73.16 3 1
github.com/bladeacer/ocd/internal/cache/cache.go:73.16,75.3 1 0
github.com/bladeacer/ocd/internal/cache/cache.go:76.2,76.35 1 1
github.com/bladeacer/ocd/internal/cache/cache.go:79.43,82.24 3 1
github.com/bladeacer/ocd/internal/cache/cache.go:82.24,84.3 1 1
github.com/bladeacer/ocd/internal/cache/cache.go:85.2,85.12 1 1
github.com/bladeacer/ocd/internal/cache/cache.go:88.31,90.16 2 1
github.com/bladeacer/ocd/internal/cache/cache.go:90.16,91.25 1 0
github.com/bladeacer/ocd/internal/cache/cache.go:91.25,93.4 1 0
github.com/bladeacer/ocd/internal/cache/cache.go:94.3,94.13 1 0
github.com/bladeacer/ocd/internal/cache/cache.go:96.2,98.16 3 1
github.com/bladeacer/ocd/internal/cache/cache.go:98.16,100.3 1 0
github.com/bladeacer/ocd/internal/cache/cache.go:101.2,101.29 1 1
github.com/bladeacer/ocd/internal/cache/cache.go:101.29,103.3 1 1
github.com/bladeacer/ocd/internal/cache/cache.go:104.2,104.12 1 1
github.com/bladeacer/ocd/internal/core/asar.go:31.61,33.16 2 0
github.com/bladeacer/ocd/internal/core/asar.go:33.16,35.3 1 0
github.com/bladeacer/ocd/internal/core/asar.go:36.2,39.47 3 0
github.com/bladeacer/ocd/internal/core/asar.go:39.47,41.3 1 0
github.com/bladeacer/ocd/internal/core/asar.go:43.2,44.71 2 0
github.com/bladeacer/ocd/internal/core/asar.go:44.71,46.3 1 0
github.com/bladeacer/ocd/internal/core/asar.go:47.2,47.51 1 0
github.com/bladeacer/ocd/internal/core/asar.go:47.51,49.3 1 0
github.com/bladeacer/ocd/internal/core/asar.go:51.2,52.51 2 0
github.com/bladeacer/ocd/internal/core/asar.go:52.51,54.3 1 0
github.com/bladeacer/ocd/internal/core/asar.go:56.2,57.57 2 0
github.com/bladeacer/ocd/internal/core/asar.go:57.57,59.3 1 0
github.com/bladeacer/ocd/internal/core/asar.go:61.2,62.9 2 0
github.com/bladeacer/ocd/internal/core/asar.go:62.9,64.3 1 0
github.com/bladeacer/ocd/internal/core/asar.go:66.2,67.67 2 0
github.com/bladeacer/ocd/internal/core/asar.go:67.67,69.3 1 0
github.com/bladeacer/ocd/internal/core/asar.go:71.2,74.16 3 0
github.com/bladeacer/ocd/internal/core/asar.go:74.16,76.3 1 0
github.com/bladeacer/ocd/internal/core/asar.go:77.2,80.49 3 0
github.com/bladeacer/ocd/internal/core/asar.go:80.49,82.3 1 0
github.com/bladeacer/ocd/internal/core/asar.go:84.2,84.12 1 0
github.com/bladeacer/ocd/internal/core/diff.go:17.60,22.16 4 0
github.com/bladeacer/ocd/internal/core/diff.go:22.16,28.3 1 0
github.com/bladeacer/ocd/internal/core/diff.go:30.2,31.16 2 0
github.com/bladeacer/ocd/internal/core/diff.go:31.16,37.3 1 0
github.com/bladeacer/ocd/internal/core/diff.go:39.2,52.49 4 0
github.com/bladeacer/ocd/internal/core/diff.go:52.49,53.67 1 0
github.com/bladeacer/ocd/internal/core/diff.go:53.67,55.9 2 0
github.com/bladeacer/ocd/internal/core/diff.go:59.2,64.3 1 0
github.com/bladeacer/ocd/internal/core/extract.go:19.49,23.45 3 0
github.com/bladeacer/ocd/internal/core/extract.go:23.45,25.3 1 0
github.com/bladeacer/ocd/internal/core/extract.go:27.2,27.51 1 0
github.com/bladeacer/ocd/internal/core/extract.go:27.51,29.3 1 0
github.com/bladeacer/ocd/internal/core/extract.go:31.2,34.16 3 0
github.com/bladeacer/ocd/internal/core/extract.go:34.16,36.3 1 0
github.com/bladeacer/ocd/internal/core/extract.go:37.2,39.44 2 0
github.com/bladeacer/ocd/internal/core/extract.go:39.44,41.3 1 0
github.com/bladeacer/ocd/internal/core/extract.go:42.2,42.38 1 0
github.com/bladeacer/ocd/internal/core/extract.go:42.38,44.3 1 0
github.com/bladeacer/ocd/internal/core/extract.go:46.2,47.16 2 0
github.com/bladeacer/ocd/internal/core/extract.go:47.16,49.3 1 0
github.com/bladeacer/ocd/internal/core/extract.go:50.2,53.16 3 0
github.com/bladeacer/ocd/internal/core/extract.go:53.16,55.3 1 0
github.com/bladeacer/ocd/internal/core/extract.go:56.2,59.54 3 0
github.com/bladeacer/ocd/internal/core/extract.go:59.54,62.3 2 0
github.com/bladeacer/ocd/internal/core/extract.go:63.2,65.65 2 0
github.com/bladeacer/ocd/internal/core/extract.go:65.65,67.3 1 0
github.com/bladeacer/ocd/internal/core/extract.go:69.2,69.22 1 0
github.com/bladeacer/ocd/internal/sources/docker.go:20.32,22.2 1 0
github.com/bladeacer/ocd/internal/sources/docker.go:24.35,24.54 1 0
github.com/bladeacer/ocd/internal/sources/docker.go:39.57,43.16 3 0
github.com/bladeacer/ocd/internal/sources/docker.go:43.16,45.17 2 0
github.com/bladeacer/ocd/internal/sources/docker.go:45.17,47.4 1 0
github.com/bladeacer/ocd/internal/sources/docker.go:48.3,48.39 1 0
github.com/bladeacer/ocd/internal/sources/docker.go:48.39,51.4 2 0
github.com/bladeacer/ocd/internal/sources/docker.go:53.3,54.66 2 0
github.com/bladeacer/ocd/internal/sources/docker.go:54.66,57.4 2 0
github.com/bladeacer/ocd/internal/sources/docker.go:58.3,60.39 2 0
github.com/bladeacer/ocd/internal/sources/docker.go:60.39,61.45 1 0
github.com/bladeacer/ocd/internal/sources/docker.go:61.45,62.13 1 0
github.com/bladeacer/ocd/internal/sources/docker.go:64.4,68.44 4 0
github.com/bladeacer/ocd/internal/sources/docker.go:68.44,69.13 1 0
github.com/bladeacer/ocd/internal/sources/docker.go:72.4,76.6 1 0
github.com/bladeacer/ocd/internal/sources/docker.go:78.3,78.18 1 0
github.com/bladeacer/ocd/internal/sources/docker.go:81.2,81.18 1 0
github.com/bladeacer/ocd/internal/sources/electron.go:18.30,20.2 1 0
github.com/bladeacer/ocd/internal/sources/electron.go:22.34,22.55 1 0
github.com/bladeacer/ocd/internal/sources/electron.go:24.56,26.16 2 0
github.com/bladeacer/ocd/internal/sources/electron.go:26.16,28.3 1 0
github.com/bladeacer/ocd/internal/sources/electron.go:29.2,31.38 2 0
github.com/bladeacer/ocd/internal/sources/electron.go:31.38,33.3 1 0
github.com/bladeacer/ocd/internal/sources/electron.go:35.2,36.64 2 0
github.com/bladeacer/ocd/internal/sources/electron.go:36.64,38.3 1 0
github.com/bladeacer/ocd/internal/sources/electron.go:40.2,40.37 1 0
github.com/bladeacer/ocd/internal/sources/fetcher.go:22.42,29.2 1 0
github.com/bladeacer/ocd/internal/sources/fetcher.go:31.60,38.20 5 0
github.com/bladeacer/ocd/internal/sources/fetcher.go:38.20,39.10 1 0
github.com/bladeacer/ocd/internal/sources/fetcher.go:40.21,41.20 1 0
github.com/bladeacer/ocd/internal/sources/fetcher.go:42.11,42.11 0 0
github.com/bladeacer/ocd/internal/sources/fetcher.go:44.3,44.13 1 0
github.com/bladeacer/ocd/internal/sources/fetcher.go:44.13,46.63 2 0
github.com/bladeacer/ocd/internal/sources/fetcher.go:46.63,49.5 2 0
github.com/bladeacer/ocd/internal/sources/fetcher.go:51.3,52.17 2 0
github.com/bladeacer/ocd/internal/sources/fetcher.go:52.17,54.4 1 0
github.com/bladeacer/ocd/internal/sources/fetcher.go:55.3,55.59 1 0
github.com/bladeacer/ocd/internal/sources/fetcher.go:55.59,57.4 1 0
github.com/bladeacer/ocd/internal/sources/fetcher.go:58.3,59.13 2 0
github.com/bladeacer/ocd/internal/sources/fetcher.go:62.2,62.20 1 0
github.com/bladeacer/ocd/internal/sources/fetcher.go:62.20,63.10 1 0
github.com/bladeacer/ocd/internal/sources/fetcher.go:64.21,65.20 1 0
github.com/bladeacer/ocd/internal/sources/fetcher.go:66.11,66.11 0 0
github.com/bladeacer/ocd/internal/sources/fetcher.go:68.3,68.13 1 0
github.com/bladeacer/ocd/internal/sources/fetcher.go:68.13,70.66 2 0
github.com/bladeacer/ocd/internal/sources/fetcher.go:70.66,73.5 2 0
github.com/bladeacer/ocd/internal/sources/fetcher.go:75.3,76.17 2 0
github.com/bladeacer/ocd/internal/sources/fetcher.go:76.17,78.4 1 0
github.com/bladeacer/ocd/internal/sources/fetcher.go:79.3,79.62 1 0
github.com/bladeacer/ocd/internal/sources/fetcher.go:79.62,81.4 1 0
github.com/bladeacer/ocd/internal/sources/fetcher.go:82.3,83.13 2 0
github.com/bladeacer/ocd/internal/sources/fetcher.go:86.2,86.20 1 0
github.com/bladeacer/ocd/internal/sources/fetcher.go:86.20,87.10 1 0
github.com/bladeacer/ocd/internal/sources/fetcher.go:88.21,89.20 1 0
github.com/bladeacer/ocd/internal/sources/fetcher.go:90.11,90.11 0 0
github.com/bladeacer/ocd/internal/sources/fetcher.go:92.3,92.13 1 0
github.com/bladeacer/ocd/internal/sources/fetcher.go:92.13,94.68 2 0
github.com/bladeacer/ocd/internal/sources/fetcher.go:94.68,97.5 2 0
github.com/bladeacer/ocd/internal/sources/fetcher.go:99.3,100.17 2 0
github.com/bladeacer/ocd/internal/sources/fetcher.go:100.17,102.4 1 0
github.com/bladeacer/ocd/internal/sources/fetcher.go:103.3,103.64 1 0
github.com/bladeacer/ocd/internal/sources/fetcher.go:103.64,105.4 1 0
github.com/bladeacer/ocd/internal/sources/fetcher.go:106.3,107.13 2 0
github.com/bladeacer/ocd/internal/sources/fetcher.go:110.2,110.33 1 0
github.com/bladeacer/ocd/internal/sources/fetcher.go:110.33,112.3 1 0
github.com/bladeacer/ocd/internal/sources/fetcher.go:113.2,113.16 1 0
github.com/bladeacer/ocd/internal/sources/rss.go:17.20,19.2 1 0
github.com/bladeacer/ocd/internal/sources/rss.go:21.29,21.45 1 0
github.com/bladeacer/ocd/internal/sources/rss.go:23.52,26.16 3 0
github.com/bladeacer/ocd/internal/sources/rss.go:26.16,28.3 1 0
github.com/bladeacer/ocd/internal/sources/rss.go:30.2,35.35 4 0
github.com/bladeacer/ocd/internal/sources/rss.go:35.35,37.20 2 0
github.com/bladeacer/ocd/internal/sources/rss.go:37.20,38.12 1 0
github.com/bladeacer/ocd/internal/sources/rss.go:40.3,43.47 3 0
github.com/bladeacer/ocd/internal/sources/rss.go:43.47,45.4 1 0
github.com/bladeacer/ocd/internal/sources/rss.go:47.3,51.26 3 0
github.com/bladeacer/ocd/internal/sources/rss.go:51.26,53.22 2 0
github.com/bladeacer/ocd/internal/sources/rss.go:53.22,55.5 1 0
github.com/bladeacer/ocd/internal/sources/rss.go:56.9,56.37 1 0
github.com/bladeacer/ocd/internal/sources/rss.go:56.37,58.22 2 0
github.com/bladeacer/ocd/internal/sources/rss.go:58.22,60.5 1 0
github.com/bladeacer/ocd/internal/sources/rss.go:63.3,64.17 2 0
github.com/bladeacer/ocd/internal/sources/rss.go:64.17,66.4 1 0
github.com/bladeacer/ocd/internal/sources/rss.go:68.3,75.5 1 0
github.com/bladeacer/ocd/internal/sources/rss.go:78.2,78.24 1 0
github.com/bladeacer/ocd/internal/sources/rss.go:78.24,80.3 1 0
github.com/bladeacer/ocd/internal/sources/rss.go:82.2,83.22 2 0
github.com/bladeacer/ocd/internal/sources/rss.go:86.69,91.40 4 0
github.com/bladeacer/ocd/internal/sources/rss.go:91.40,92.31 1 0
github.com/bladeacer/ocd/internal/sources/rss.go:92.31,94.4 1 0
github.com/bladeacer/ocd/internal/sources/rss.go:94.9,96.4 1 0
github.com/bladeacer/ocd/internal/sources/rss.go:98.2,98.15 1 0
github.com/bladeacer/ocd/internal/tui/diffmodel.go:43.57,55.2 5 0
github.com/bladeacer/ocd/internal/tui/diffmodel.go:57.36,59.2 1 0
github.com/bladeacer/ocd/internal/tui/diffmodel.go:61.29,62.21 1 0
github.com/bladeacer/ocd/internal/tui/diffmodel.go:62.21,64.3 1 0
github.com/bladeacer/ocd/internal/tui/diffmodel.go:66.2,66.27 1 0
github.com/bladeacer/ocd/internal/tui/diffmodel.go:66.27,69.3 2 0
github.com/bladeacer/ocd/internal/tui/diffmodel.go:71.2,74.23 3 0
github.com/bladeacer/ocd/internal/tui/diffmodel.go:74.23,77.3 2 0
github.com/bladeacer/ocd/internal/tui/diffmodel.go:79.2,84.34 5 0
github.com/bladeacer/ocd/internal/tui/diffmodel.go:84.34,86.10 2 0
github.com/bladeacer/ocd/internal/tui/diffmodel.go:87.38,91.5 2 0
github.com/bladeacer/ocd/internal/tui/diffmodel.go:92.72,96.5 2 0
github.com/bladeacer/ocd/internal/tui/diffmodel.go:97.72,101.5 2 0
github.com/bladeacer/ocd/internal/tui/diffmodel.go:102.73,103.83 1 0
github.com/bladeacer/ocd/internal/tui/diffmodel.go:104.11,105.38 1 0
github.com/bladeacer/ocd/internal/tui/diffmodel.go:107.3,107.28 1 0
github.com/bladeacer/ocd/internal/tui/diffmodel.go:110.2,110.19 1 0
github.com/bladeacer/ocd/internal/tui/diffmodel.go:113.37,125.37 7 0
github.com/bladeacer/ocd/internal/tui/diffmodel.go:125.37,126.22 1 0
github.com/bladeacer/ocd/internal/tui/diffmodel.go:126.22,128.76 2 0
github.com/bladeacer/ocd/internal/tui/diffmodel.go:128.76,131.13 3 0
github.com/bladeacer/ocd/internal/tui/diffmodel.go:134.3,135.22 2 0
github.com/bladeacer/ocd/internal/tui/diffmodel.go:138.2,141.24 3 0
github.com/bladeacer/ocd/internal/tui/diffmodel.go:144.33,147.22 3 0
github.com/bladeacer/ocd/internal/tui/diffmodel.go:147.22,148.18 1 0
github.com/bladeacer/ocd/internal/tui/diffmodel.go:148.18,150.12 2 0
github.com/bladeacer/ocd/internal/tui/diffmodel.go:152.3,152.15 1 0
github.com/bladeacer/ocd/internal/tui/diffmodel.go:152.15,153.56 1 0
github.com/bladeacer/ocd/internal/tui/diffmodel.go:153.56,155.5 1 0
github.com/bladeacer/ocd/internal/tui/diffmodel.go:156.4,156.12 1 0
github.com/bladeacer/ocd/internal/tui/diffmodel.go:158.3,158.19 1 0
github.com/bladeacer/ocd/internal/tui/diffmodel.go:160.2,160.21 1 0
github.com/bladeacer/ocd/internal/tui/diffmodel.go:163.39,166.2 2 0
github.com/bladeacer/ocd/internal/tui/diffmodel.go:168.62,169.27 1 0
github.com/bladeacer/ocd/internal/tui/diffmodel.go:170.25,176.16 6 0
github.com/bladeacer/ocd/internal/tui/diffmodel.go:178.18,179.19 1 0
github.com/bladeacer/ocd/internal/tui/diffmodel.go:179.19,181.4 1 0
github.com/bladeacer/ocd/internal/tui/diffmodel.go:182.3,182.32 1 0
github.com/bladeacer/ocd/internal/tui/diffmodel.go:185.2,187.15 3 0
github.com/bladeacer/ocd/internal/tui/diffmodel.go:198.74,199.22 1 0
github.com/bladeacer/ocd/internal/tui/diffmodel.go:200.27,205.16 5 0
github.com/bladeacer/ocd/internal/tui/diffmodel.go:207.24,213.16 6 0
github.com/bladeacer/ocd/internal/tui/diffmodel.go:215.20,217.19 2 0
github.com/bladeacer/ocd/internal/tui/diffmodel.go:217.19,219.4 1 0
github.com/bladeacer/ocd/internal/tui/diffmodel.go:220.3,222.16 3 0
github.com/bladeacer/ocd/internal/tui/diffmodel.go:225.2,225.28 1 0
github.com/bladeacer/ocd/internal/tui/diffmodel.go:225.28,230.3 4 0
github.com/bladeacer/ocd/internal/tui/diffmodel.go:232.2,232.15 1 0
github.com/bladeacer/ocd/internal/tui/diffmodel.go:235.37,236.45 1 0
github.com/bladeacer/ocd/internal/tui/diffmodel.go:236.45,238.3 1 0
github.com/bladeacer/ocd/internal/tui/diffmodel.go:239.2,241.34 3 0
github.com/bladeacer/ocd/internal/tui/diffmodel.go:241.34,242.49 1 0
github.com/bladeacer/ocd/internal/tui/diffmodel.go:242.49,243.27 1 0
github.com/bladeacer/ocd/internal/tui/diffmodel.go:243.27,245.5 1 0
github.com/bladeacer/ocd/internal/tui/diffmodel.go:246.4,246.10 1 0
github.com/bladeacer/ocd/internal/tui/diffmodel.go:251.74,252.22 1 0
github.com/bladeacer/ocd/internal/tui/diffmodel.go:253.32,254.21 1 0
github.com/bladeacer/ocd/internal/tui/diffmodel.go:256.11,258.16 2 0
github.com/bladeacer/ocd/internal/tui/diffmodel.go:259.11,261.16 2 0
github.com/bladeacer/ocd/internal/tui/diffmodel.go:263.11,264.17 1 0
github.com/bladeacer/ocd/internal/tui/diffmodel.go:264.17,267.4 2 0
github.com/bladeacer/ocd/internal/tui/diffmodel.go:267.9,269.4 1 0
github.com/bladeacer/ocd/internal/tui/diffmodel.go:270.3,270.16 1 0
github.com/bladeacer/ocd/internal/tui/diffmodel.go:271.11,274.16 3 0
github.com/bladeacer/ocd/internal/tui/diffmodel.go:276.11,282.16 6 0
github.com/bladeacer/ocd/internal/tui/diffmodel.go:284.11,286.25 2 0
github.com/bladeacer/ocd/internal/tui/diffmodel.go:288.11,290.24 2 0
github.com/bladeacer/ocd/internal/tui/diffmodel.go:292.11,294.29 2 0
github.com/bladeacer/ocd/internal/tui/diffmodel.go:297.2,301.15 4 0
github.com/bladeacer/ocd/internal/tui/diffmodel.go:304.40,305.24 1 0
github.com/bladeacer/ocd/internal/tui/diffmodel.go:305.24,306.28 1 0
github.com/bladeacer/ocd/internal/tui/diffmodel.go:306.28,308.4 1 0
github.com/bladeacer/ocd/internal/tui/diffmodel.go:309.3,311.41 3 0
github.com/bladeacer/ocd/internal/tui/diffmodel.go:311.41,313.4 1 0
github.com/bladeacer/ocd/internal/tui/diffmodel.go:314.3,315.50 2 0
github.com/bladeacer/ocd/internal/tui/diffmodel.go:315.50,317.4 1 0
github.com/bladeacer/ocd/internal/tui/diffmodel.go:318.3,318.13 1 0
github.com/bladeacer/ocd/internal/tui/diffmodel.go:322.39,323.24 1 0
github.com/bladeacer/ocd/internal/tui/diffmodel.go:323.24,325.50 2 0
github.com/bladeacer/ocd/internal/tui/diffmodel.go:325.50,327.4 1 0
github.com/bladeacer/ocd/internal/tui/diffmodel.go:328.3,328.13 1 0
github.com/bladeacer/ocd/internal/tui/diffmodel.go:332.44,333.24 1 0
github.com/bladeacer/ocd/internal/tui/diffmodel.go:333.24,335.17 2 0
github.com/bladeacer/ocd/internal/tui/diffmodel.go:335.17,337.4 1 0
github.com/bladeacer/ocd/internal/tui/diffmodel.go:338.3,339.57 2 0
github.com/bladeacer/ocd/internal/tui/diffmodel.go:339.57,342.4 2 0
github.com/bladeacer/ocd/internal/tui/diffmodel.go:343.3,347.19 4 0
github.com/bladeacer/ocd/internal/tui/diffmodel.go:347.19,349.4 1 0
github.com/bladeacer/ocd/internal/tui/diffmodel.go:350.3,355.13 6 0
github.com/bladeacer/ocd/internal/tui/diffmodel.go:359.32,360.27 1 0
github.com/bladeacer/ocd/internal/tui/diffmodel.go:360.27,362.3 1 0
github.com/bladeacer/ocd/internal/tui/diffmodel.go:363.2,365.50 3 0
github.com/bladeacer/ocd/internal/tui/diffmodel.go:365.50,367.3 1 0
github.com/bladeacer/ocd/internal/tui/diffmodel.go:370.32,371.27 1 0
github.com/bladeacer/ocd/internal/tui/diffmodel.go:371.27,373.3 1 0
github.com/bladeacer/ocd/internal/tui/diffmodel.go:374.2,375.23 2 0
github.com/bladeacer/ocd/internal/tui/diffmodel.go:375.23,377.3 1 0
github.com/bladeacer/ocd/internal/tui/diffmodel.go:378.2,379.50 2 0
github.com/bladeacer/ocd/internal/tui/diffmodel.go:379.50,381.3 1 0
github.com/bladeacer/ocd/internal/tui/diffmodel.go:384.35,385.14 1 0
github.com/bladeacer/ocd/internal/tui/diffmodel.go:385.14,387.3 1 0
github.com/bladeacer/ocd/internal/tui/diffmodel.go:388.2,388.21 1 0
github.com/bladeacer/ocd/internal/tui/diffmodel.go:388.21,391.3 2 0
github.com/bladeacer/ocd/internal/tui/diffmodel.go:393.2,394.18 2 0
github.com/bladeacer/ocd/internal/tui/diffmodel.go:394.18,396.3 1 0
github.com/bladeacer/ocd/internal/tui/diffmodel.go:398.2,399.26 2 0
github.com/bladeacer/ocd/internal/tui/diffmodel.go:399.26,403.3 1 0
github.com/bladeacer/ocd/internal/tui/diffmodel.go:405.2,411.41 2 0
github.com/bladeacer/ocd/internal/tui/diffmodel.go:414.53,419.2 4 0
github.com/bladeacer/ocd/internal/tui/model.go:67.49,116.2 12 0
github.com/bladeacer/ocd/internal/tui/model.go:118.32,120.2 1 0
github.com/bladeacer/ocd/internal/tui/model.go:122.38,125.2 2 0
github.com/bladeacer/ocd/internal/tui/model.go:127.37,130.2 2 0
github.com/bladeacer/ocd/internal/tui/model.go:132.58,133.27 1 0
github.com/bladeacer/ocd/internal/tui/model.go:134.25,137.16 3 0
github.com/bladeacer/ocd/internal/tui/model.go:139.21,141.30 2 0
github.com/bladeacer/ocd/internal/tui/model.go:141.30,144.4 2 0
github.com/bladeacer/ocd/internal/tui/model.go:145.3,148.16 4 0
github.com/bladeacer/ocd/internal/tui/model.go:150.15,151.30 1 0
github.com/bladeacer/ocd/internal/tui/model.go:151.30,153.42 2 0
github.com/bladeacer/ocd/internal/tui/model.go:153.42,155.5 1 0
github.com/bladeacer/ocd/internal/tui/model.go:156.4,156.26 1 0
github.com/bladeacer/ocd/internal/tui/model.go:158.3,158.16 1 0
github.com/bladeacer/ocd/internal/tui/model.go:160.18,161.26 1 0
github.com/bladeacer/ocd/internal/tui/model.go:163.23,166.16 3 0
github.com/bladeacer/ocd/internal/tui/model.go:169.2,169.15 1 0
github.com/bladeacer/ocd/internal/tui/model.go:172.64,173.17 1 0
github.com/bladeacer/ocd/internal/tui/model.go:174.20,175.33 1 0
github.com/bladeacer/ocd/internal/tui/model.go:176.18,177.31 1 0
github.com/bladeacer/ocd/internal/tui/model.go:178.19,179.32 1 0
github.com/bladeacer/ocd/internal/tui/model.go:180.20,181.33 1 0
github.com/bladeacer/ocd/internal/tui/model.go:183.2,183.15 1 0
github.com/bladeacer/ocd/internal/tui/model.go:186.71,187.53 1 0
github.com/bladeacer/ocd/internal/tui/model.go:187.53,189.3 1 0
github.com/bladeacer/ocd/internal/tui/model.go:190.2,190.15 1 0
github.com/bladeacer/ocd/internal/tui/model.go:193.69,194.22 1 0
github.com/bladeacer/ocd/internal/tui/model.go:195.21,196.21 1 0
github.com/bladeacer/ocd/internal/tui/model.go:198.16,199.23 1 0
github.com/bladeacer/ocd/internal/tui/model.go:201.11,205.16 4 0
github.com/bladeacer/ocd/internal/tui/model.go:207.11,209.19 2 0
github.com/bladeacer/ocd/internal/tui/model.go:211.11,213.19 2 0
github.com/bladeacer/ocd/internal/tui/model.go:215.11,217.19 2 0
github.com/bladeacer/ocd/internal/tui/model.go:219.11,221.19 2 0
github.com/bladeacer/ocd/internal/tui/model.go:224.2,226.15 3 0
github.com/bladeacer/ocd/internal/tui/model.go:229.70,230.22 1 0
github.com/bladeacer/ocd/internal/tui/model.go:231.27,237.16 6 0
github.com/bladeacer/ocd/internal/tui/model.go:239.24,244.16 5 0
github.com/bladeacer/ocd/internal/tui/model.go:246.19,248.19 2 0
github.com/bladeacer/ocd/internal/tui/model.go:248.19,250.4 1 0
github.com/bladeacer/ocd/internal/tui/model.go:251.3,253.16 3 0
github.com/bladeacer/ocd/internal/tui/model.go:256.2,256.28 1 0
github.com/bladeacer/ocd/internal/tui/model.go:256.28,261.3 4 0
github.com/bladeacer/ocd/internal/tui/model.go:263.2,263.15 1 0
github.com/bladeacer/ocd/internal/tui/model.go:266.71,267.22 1 0
github.com/bladeacer/ocd/internal/tui/model.go:268.21,269.21 1 0
github.com/bladeacer/ocd/internal/tui/model.go:270.27,273.16 3 0
github.com/bladeacer/ocd/internal/tui/model.go:275.2,275.15 1 0
github.com/bladeacer/ocd/internal/tui/model.go:278.50,280.16 2 0
github.com/bladeacer/ocd/internal/tui/model.go:280.16,282.3 1 0
github.com/bladeacer/ocd/internal/tui/model.go:283.2,285.15 3 0
github.com/bladeacer/ocd/internal/tui/model.go:288.32,291.29 2 0
github.com/bladeacer/ocd/internal/tui/model.go:291.29,296.41 4 0
github.com/bladeacer/ocd/internal/tui/model.go:296.41,297.12 1 0
github.com/bladeacer/ocd/internal/tui/model.go:299.3,299.25 1 0
github.com/bladeacer/ocd/internal/tui/model.go:299.25,301.35 2 0
github.com/bladeacer/ocd/internal/tui/model.go:301.35,302.29 1 0
github.com/bladeacer/ocd/internal/tui/model.go:302.29,304.11 2 0
github.com/bladeacer/ocd/internal/tui/model.go:307.4,307.15 1 0
github.com/bladeacer/ocd/internal/tui/model.go:307.15,308.13 1 0
github.com/bladeacer/ocd/internal/tui/model.go:311.3,311.46 1 0
github.com/bladeacer/ocd/internal/tui/model.go:311.46,312.12 1 0
github.com/bladeacer/ocd/internal/tui/model.go:314.3,314.26 1 0
github.com/bladeacer/ocd/internal/tui/model.go:314.26,316.69 2 0
github.com/bladeacer/ocd/internal/tui/model.go:316.69,317.13 1 0
github.com/bladeacer/ocd/internal/tui/model.go:320.3,320.35 1 0
github.com/bladeacer/ocd/internal/tui/model.go:323.2,324.21 2 0
github.com/bladeacer/ocd/internal/tui/model.go:327.50,329.2 1 0
github.com/bladeacer/ocd/internal/tui/model.go:331.35,333.17 2 0
github.com/bladeacer/ocd/internal/tui/model.go:333.17,335.3 1 0
github.com/bladeacer/ocd/internal/tui/model.go:337.2,340.41 3 0
github.com/bladeacer/ocd/internal/tui/model.go:340.41,344.23 3 0
github.com/bladeacer/ocd/internal/tui/model.go:344.23,347.22 3 0
github.com/bladeacer/ocd/internal/tui/model.go:347.22,349.5 1 0
github.com/bladeacer/ocd/internal/tui/model.go:351.3,351.37 1 0
github.com/bladeacer/ocd/internal/tui/model.go:354.2,354.23 1 0
github.com/bladeacer/ocd/internal/tui/model.go:357.29,361.37 3 0
github.com/bladeacer/ocd/internal/tui/model.go:361.37,363.3 1 0
github.com/bladeacer/ocd/internal/tui/model.go:365.2,368.46 3 0
github.com/bladeacer/ocd/internal/tui/model.go:368.46,373.3 1 0
github.com/bladeacer/ocd/internal/tui/model.go:375.2,377.36 2 0
github.com/bladeacer/ocd/internal/tui/model.go:377.36,380.16 3 0
github.com/bladeacer/ocd/internal/tui/model.go:380.16,381.12 1 0
github.com/bladeacer/ocd/internal/tui/model.go:383.3,387.16 4 0
github.com/bladeacer/ocd/internal/tui/model.go:387.16,388.38 1 0
github.com/bladeacer/ocd/internal/tui/model.go:388.38,390.5 1 0
github.com/bladeacer/ocd/internal/tui/model.go:393.3,395.33 3 0
github.com/bladeacer/ocd/internal/tui/model.go:395.33,396.17 1 0
github.com/bladeacer/ocd/internal/tui/model.go:396.17,398.5 1 0
github.com/bladeacer/ocd/internal/tui/model.go:398.10,400.5 1 0
github.com/bladeacer/ocd/internal/tui/model.go:403.3,404.52 2 0
github.com/bladeacer/ocd/internal/tui/model.go:404.52,406.4 1 0
github.com/bladeacer/ocd/internal/tui/model.go:408.3,409.21 2 0
github.com/bladeacer/ocd/internal/tui/model.go:409.21,411.4 1 0
github.com/bladeacer/ocd/internal/tui/model.go:413.3,422.5 1 0
github.com/bladeacer/ocd/internal/tui/model.go:425.2,426.19 2 0
github.com/bladeacer/ocd/internal/tui/model.go:429.41,440.2 1 0
github.com/bladeacer/ocd/internal/tui/model.go:442.42,445.16 3 0
github.com/bladeacer/ocd/internal/tui/model.go:445.16,447.3 1 0
github.com/bladeacer/ocd/internal/tui/model.go:448.2,449.9 2 0
github.com/bladeacer/ocd/internal/tui/model.go:449.9,451.3 1 0
github.com/bladeacer/ocd/internal/tui/model.go:452.2,452.30 1 0
github.com/bladeacer/ocd/internal/tui/model.go:452.30,454.3 1 0
github.com/bladeacer/ocd/internal/tui/model.go:455.2,455.25 1 0
github.com/bladeacer/ocd/internal/tui/model.go:458.35,461.26 3 0
github.com/bladeacer/ocd/internal/tui/model.go:461.26,462.12 1 0
github.com/bladeacer/ocd/internal/tui/model.go:462.12,464.4 1 0
github.com/bladeacer/ocd/internal/tui/model.go:466.2,466.13 1 0
github.com/bladeacer/ocd/internal/tui/model.go:469.25,471.22 2 0
github.com/bladeacer/ocd/internal/tui/model.go:471.22,472.27 1 0
github.com/bladeacer/ocd/internal/tui/model.go:472.27,474.4 1 0
github.com/bladeacer/ocd/internal/tui/model.go:476.2,476.10 1 0
github.com/bladeacer/ocd/internal/tui/model.go:479.38,480.25 1 0
github.com/bladeacer/ocd/internal/tui/model.go:480.25,483.17 3 0
github.com/bladeacer/ocd/internal/tui/model.go:483.17,485.4 1 0
github.com/bladeacer/ocd/internal/tui/model.go:486.3,486.17 1 0
github.com/bladeacer/ocd/internal/tui/model.go:486.17,488.4 1 0
github.com/bladeacer/ocd/internal/tui/model.go:489.3,489.15 1 0
github.com/bladeacer/ocd/internal/tui/model.go:489.15,491.4 1 0
github.com/bladeacer/ocd/internal/tui/model.go:493.2,493.10 1 0
github.com/bladeacer/ocd/internal/tui/model.go:496.38,497.40 1 0
github.com/bladeacer/ocd/internal/tui/model.go:497.40,499.3 1 0
github.com/bladeacer/ocd/internal/tui/model.go:500.2,500.16 1 0
github.com/bladeacer/ocd/internal/tui/model.go:501.22,502.11 1 0
github.com/bladeacer/ocd/internal/tui/model.go:503.19,504.11 1 0
github.com/bladeacer/ocd/internal/tui/model.go:505.24,506.11 1 0
github.com/bladeacer/ocd/internal/tui/model.go:508.2,508.10 1 0
github.com/bladeacer/ocd/internal/tui/model.go:511.35,512.13 1 0
github.com/bladeacer/ocd/internal/tui/model.go:512.13,514.3 1 0
github.com/bladeacer/ocd/internal/tui/model.go:515.2,515.16 1 0
github.com/bladeacer/ocd/internal/tui/pickermodel.go:43.61,72.2 8 0
github.com/bladeacer/ocd/internal/tui/pickermodel.go:74.38,76.2 1 0
github.com/bladeacer/ocd/internal/tui/pickermodel.go:78.42,81.2 2 0
github.com/bladeacer/ocd/internal/tui/pickermodel.go:83.64,84.27 1 0
github.com/bladeacer/ocd/internal/tui/pickermodel.go:85.21,87.30 2 0
github.com/bladeacer/ocd/internal/tui/pickermodel.go:87.30,90.4 2 0
github.com/bladeacer/ocd/internal/tui/pickermodel.go:91.3,93.16 3 0
github.com/bladeacer/ocd/internal/tui/pickermodel.go:95.18,96.38 1 0
github.com/bladeacer/ocd/internal/tui/pickermodel.go:96.38,97.55 1 0
github.com/bladeacer/ocd/internal/tui/pickermodel.go:97.55,100.5 2 0
github.com/bladeacer/ocd/internal/tui/pickermodel.go:101.4,101.17 1 0
github.com/bladeacer/ocd/internal/tui/pickermodel.go:104.3,104.26 1 0
github.com/bladeacer/ocd/internal/tui/pickermodel.go:107.2,107.15 1 0
github.com/bladeacer/ocd/internal/tui/pickermodel.go:110.70,111.18 1 0
github.com/bladeacer/ocd/internal/tui/pickermodel.go:111.18,113.3 1 0
github.com/bladeacer/ocd/internal/tui/pickermodel.go:115.2,115.22 1 0
github.com/bladeacer/ocd/internal/tui/pickermodel.go:116.21,118.21 2 0
github.com/bladeacer/ocd/internal/tui/pickermodel.go:119.11,123.16 4 0
github.com/bladeacer/ocd/internal/tui/pickermodel.go:124.16,125.27 1 0
github.com/bladeacer/ocd/internal/tui/pickermodel.go:126.11,128.18 2 0
github.com/bladeacer/ocd/internal/tui/pickermodel.go:131.2,133.15 3 0
github.com/bladeacer/ocd/internal/tui/pickermodel.go:136.76,137.22 1 0
github.com/bladeacer/ocd/internal/tui/pickermodel.go:138.27,144.16 6 0
github.com/bladeacer/ocd/internal/tui/pickermodel.go:145.24,150.16 5 0
github.com/bladeacer/ocd/internal/tui/pickermodel.go:151.20,153.19 2 0
github.com/bladeacer/ocd/internal/tui/pickermodel.go:153.19,155.4 1 0
github.com/bladeacer/ocd/internal/tui/pickermodel.go:156.3,158.16 3 0
github.com/bladeacer/ocd/internal/tui/pickermodel.go:161.2,161.28 1 0
github.com/bladeacer/ocd/internal/tui/pickermodel.go:161.28,166.3 4 0
github.com/bladeacer/ocd/internal/tui/pickermodel.go:168.2,168.15 1 0
github.com/bladeacer/ocd/internal/tui/pickermodel.go:171.60,173.16 2 0
github.com/bladeacer/ocd/internal/tui/pickermodel.go:173.16,175.3 1 0
github.com/bladeacer/ocd/internal/tui/pickermodel.go:176.2,177.29 2 0
github.com/bladeacer/ocd/internal/tui/pickermodel.go:177.29,183.3 5 0
github.com/bladeacer/ocd/internal/tui/pickermodel.go:183.8,187.3 3 0
github.com/bladeacer/ocd/internal/tui/pickermodel.go:188.2,188.15 1 0
github.com/bladeacer/ocd/internal/tui/pickermodel.go:191.35,193.38 2 0
github.com/bladeacer/ocd/internal/tui/pickermodel.go:193.38,198.3 1 0
github.com/bladeacer/ocd/internal/tui/pickermodel.go:200.2,202.37 3 0
github.com/bladeacer/ocd/internal/tui/pickermodel.go:202.37,204.3 1 0
github.com/bladeacer/ocd/internal/tui/pickermodel.go:206.2,206.24 1 0
github.com/bladeacer/ocd/internal/tui/pickermodel.go:206.24,207.58 1 0
github.com/bladeacer/ocd/internal/tui/pickermodel.go:207.58,208.12 1 0
github.com/bladeacer/ocd/internal/tui/pickermodel.go:210.3,211.21 2 0
github.com/bladeacer/ocd/internal/tui/pickermodel.go:211.21,213.4 1 0
github.com/bladeacer/ocd/internal/tui/pickermodel.go:215.3,216.31 2 0
github.com/bladeacer/ocd/internal/tui/pickermodel.go:216.31,217.28 1 0
github.com/bladeacer/ocd/internal/tui/pickermodel.go:217.28,219.5 1 0
github.com/bladeacer/ocd/internal/tui/pickermodel.go:219.10,221.5 1 0
github.com/bladeacer/ocd/internal/tui/pickermodel.go:224.3,225.16 2 0
github.com/bladeacer/ocd/internal/tui/pickermodel.go:225.16,227.4 1 0
github.com/bladeacer/ocd/internal/tui/pickermodel.go:227.9,229.4 1 0
github.com/bladeacer/ocd/internal/tui/pickermodel.go:231.3,237.5 1 0
github.com/bladeacer/ocd/internal/tui/pickermodel.go:239.2,239.15 1 0
github.com/bladeacer/ocd/internal/tui/pickermodel.go:242.57,245.2 2 0
github.com/bladeacer/ocd/internal/tui/pickermodel.go:247.37,250.29 2 0
github.com/bladeacer/ocd/internal/tui/pickermodel.go:250.29,251.42 1 0
github.com/bladeacer/ocd/internal/tui/pickermodel.go:251.42,252.12 1 0
github.com/bladeacer/ocd/internal/tui/pickermodel.go:254.3,254.22 1 0
github.com/bladeacer/ocd/internal/tui/pickermodel.go:254.22,256.63 2 0
github.com/bladeacer/ocd/internal/tui/pickermodel.go:256.63,257.13 1 0
github.com/bladeacer/ocd/internal/tui/pickermodel.go:260.3,260.35 1 0
github.com/bladeacer/ocd/internal/tui/pickermodel.go:263.2,263.49 1 0
github.com/bladeacer/ocd/internal/tui/pickermodel.go:263.49,266.19 3 0
github.com/bladeacer/ocd/internal/tui/pickermodel.go:266.19,268.4 1 0
github.com/bladeacer/ocd/internal/tui/pickermodel.go:269.3,272.8 1 0
github.com/bladeacer/ocd/internal/tui/pickermodel.go:275.2,275.25 1 0
github.com/bladeacer/ocd/internal/tui/pickermodel.go:278.37,279.18 1 0
github.com/bladeacer/ocd/internal/tui/pickermodel.go:279.18,281.3 1 0
github.com/bladeacer/ocd/internal/tui/pickermodel.go:282.2,282.21 1 0
github.com/bladeacer/ocd/internal/tui/pickermodel.go:282.21,284.3 1 0
github.com/bladeacer/ocd/internal/tui/pickermodel.go:286.2,287.30 2 0
github.com/bladeacer/ocd/internal/tui/pickermodel.go:287.30,289.3 1 0
github.com/bladeacer/ocd/internal/tui/pickermodel.go:291.2,292.18 2 0
github.com/bladeacer/ocd/internal/tui/pickermodel.go:292.18,294.3 1 0
github.com/bladeacer/ocd/internal/tui/pickermodel.go:296.2,302.92 3 0
github.com/bladeacer/ocd/internal/tui/pickermodel.go:305.75,309.16 4 0
github.com/bladeacer/ocd/internal/tui/pickermodel.go:309.16,311.3 1 0
github.com/bladeacer/ocd/internal/tui/pickermodel.go:312.2,313.25 2 0
github.com/bladeacer/ocd/internal/tui/pickermodel.go:313.25,315.3 1 0
github.com/bladeacer/ocd/internal/tui/pickermodel.go:316.2,316.47 1 0
github.com/bladeacer/ocd/internal/tui/styles.go:42.33,54.2 4 0
github.com/bladeacer/ocd/internal/tui/view.go:11.31,12.17 1 0
github.com/bladeacer/ocd/internal/tui/view.go:13.20,14.25 1 0
github.com/bladeacer/ocd/internal/tui/view.go:15.31,16.30 1 0
github.com/bladeacer/ocd/internal/tui/view.go:17.20,18.25 1 0
github.com/bladeacer/ocd/internal/tui/view.go:20.2,20.11 1 0
github.com/bladeacer/ocd/internal/tui/view.go:23.38,24.18 1 0
github.com/bladeacer/ocd/internal/tui/view.go:24.18,26.3 1 0
github.com/bladeacer/ocd/internal/tui/view.go:28.2,31.84 3 0
github.com/bladeacer/ocd/internal/tui/view.go:34.43,39.28 3 0
github.com/bladeacer/ocd/internal/tui/view.go:39.28,41.3 1 0
github.com/bladeacer/ocd/internal/tui/view.go:43.2,48.19 4 0
github.com/bladeacer/ocd/internal/tui/view.go:51.37,63.2 4 0
github.com/bladeacer/ocd/internal/tui/view.go:65.50,66.12 1 0
github.com/bladeacer/ocd/internal/tui/view.go:66.12,68.3 1 0
github.com/bladeacer/ocd/internal/tui/view.go:69.2,69.53 1 0
github.com/bladeacer/ocd/internal/tui/view.go:72.38,80.2 3 0
github.com/bladeacer/ocd/main.go:18.13,33.39 6 0
github.com/bladeacer/ocd/main.go:33.39,36.3 2 0
github.com/bladeacer/ocd/cmd/clean.go:12.35,16.55 1 0
github.com/bladeacer/ocd/cmd/clean.go:16.55,18.36 2 0
github.com/bladeacer/ocd/cmd/clean.go:18.36,20.5 1 0
github.com/bladeacer/ocd/cmd/clean.go:21.4,21.62 1 0
github.com/bladeacer/ocd/cmd/clean.go:21.62,23.5 1 0
github.com/bladeacer/ocd/cmd/clean.go:24.4,25.14 2 0
github.com/bladeacer/ocd/cmd/clean.go:29.2,29.12 1 0
github.com/bladeacer/ocd/cmd/diff.go:14.34,27.55 3 0
github.com/bladeacer/ocd/cmd/diff.go:27.55,30.22 2 0
github.com/bladeacer/ocd/cmd/diff.go:30.22,33.5 2 0
github.com/bladeacer/ocd/cmd/diff.go:33.10,33.44 1 0
github.com/bladeacer/ocd/cmd/diff.go:33.44,39.19 5 0
github.com/bladeacer/ocd/cmd/diff.go:39.19,41.6 1 0
github.com/bladeacer/ocd/cmd/diff.go:42.5,42.41 1 0
github.com/bladeacer/ocd/cmd/diff.go:42.41,45.6 2 0
github.com/bladeacer/ocd/cmd/diff.go:46.10,48.5 1 0
github.com/bladeacer/ocd/cmd/diff.go:50.4,51.27 2 0
github.com/bladeacer/ocd/cmd/diff.go:51.27,53.5 1 0
github.com/bladeacer/ocd/cmd/diff.go:55.4,55.36 1 0
github.com/bladeacer/ocd/cmd/diff.go:59.2,61.12 3 0
github.com/bladeacer/ocd/cmd/extract.go:11.37,18.55 1 0
github.com/bladeacer/ocd/cmd/extract.go:18.55,21.18 3 0
github.com/bladeacer/ocd/cmd/extract.go:21.18,23.5 1 0
github.com/bladeacer/ocd/cmd/extract.go:24.4,25.14 2 0
github.com/bladeacer/ocd/cmd/extract.go:29.2,29.12 1 0
github.com/bladeacer/ocd/cmd/interact.go:14.38,23.55 2 0
github.com/bladeacer/ocd/cmd/interact.go:23.55,29.18 5 0
github.com/bladeacer/ocd/cmd/interact.go:29.18,31.5 1 0
github.com/bladeacer/ocd/cmd/interact.go:32.4,32.30 1 0
github.com/bladeacer/ocd/cmd/interact.go:32.30,35.5 2 0
github.com/bladeacer/ocd/cmd/interact.go:37.4,39.18 3 0
github.com/bladeacer/ocd/cmd/interact.go:39.18,41.5 1 0
github.com/bladeacer/ocd/cmd/interact.go:42.4,43.14 2 0
github.com/bladeacer/ocd/cmd/interact.go:47.2,48.12 2 0
github.com/bladeacer/ocd/main.go:18.13,33.39 6 0
github.com/bladeacer/ocd/main.go:33.39,36.3 2 0
github.com/bladeacer/ocd/cmd/clean.go:12.35,16.55 1 0
github.com/bladeacer/ocd/cmd/clean.go:16.55,18.36 2 0
github.com/bladeacer/ocd/cmd/clean.go:18.36,20.5 1 0
github.com/bladeacer/ocd/cmd/clean.go:21.4,21.62 1 0
github.com/bladeacer/ocd/cmd/clean.go:21.62,23.5 1 0
github.com/bladeacer/ocd/cmd/clean.go:24.4,25.14 2 0
github.com/bladeacer/ocd/cmd/clean.go:29.2,29.12 1 0
github.com/bladeacer/ocd/cmd/diff.go:14.34,27.55 3 0
github.com/bladeacer/ocd/cmd/diff.go:27.55,30.22 2 0
github.com/bladeacer/ocd/cmd/diff.go:30.22,33.5 2 0
github.com/bladeacer/ocd/cmd/diff.go:33.10,33.44 1 0
github.com/bladeacer/ocd/cmd/diff.go:33.44,39.19 5 0
github.com/bladeacer/ocd/cmd/diff.go:39.19,41.6 1 0
github.com/bladeacer/ocd/cmd/diff.go:42.5,42.41 1 0
github.com/bladeacer/ocd/cmd/diff.go:42.41,45.6 2 0
github.com/bladeacer/ocd/cmd/diff.go:46.10,48.5 1 0
github.com/bladeacer/ocd/cmd/diff.go:50.4,51.27 2 0
github.com/bladeacer/ocd/cmd/diff.go:51.27,53.5 1 0
github.com/bladeacer/ocd/cmd/diff.go:55.4,55.36 1 0
github.com/bladeacer/ocd/cmd/diff.go:59.2,61.12 3 0
github.com/bladeacer/ocd/cmd/extract.go:11.37,18.55 1 0
github.com/bladeacer/ocd/cmd/extract.go:18.55,21.18 3 0
github.com/bladeacer/ocd/cmd/extract.go:21.18,23.5 1 0
github.com/bladeacer/ocd/cmd/extract.go:24.4,25.14 2 0
github.com/bladeacer/ocd/cmd/extract.go:29.2,29.12 1 0
github.com/bladeacer/ocd/cmd/interact.go:14.38,23.55 2 0
github.com/bladeacer/ocd/cmd/interact.go:23.55,29.18 5 0
github.com/bladeacer/ocd/cmd/interact.go:29.18,31.5 1 0
github.com/bladeacer/ocd/cmd/interact.go:32.4,32.30 1 0
github.com/bladeacer/ocd/cmd/interact.go:32.30,35.5 2 0
github.com/bladeacer/ocd/cmd/interact.go:37.4,39.18 3 0
github.com/bladeacer/ocd/cmd/interact.go:39.18,41.5 1 0
github.com/bladeacer/ocd/cmd/interact.go:42.4,43.14 2 0
github.com/bladeacer/ocd/cmd/interact.go:47.2,48.12 2 0
github.com/bladeacer/ocd/internal/cache/cache.go:28.36,33.49 2 1
github.com/bladeacer/ocd/internal/cache/cache.go:33.49,34.13 1 0
github.com/bladeacer/ocd/internal/cache/cache.go:36.2,36.10 1 1
github.com/bladeacer/ocd/internal/cache/cache.go:39.42,41.2 1 0
github.com/bladeacer/ocd/internal/cache/cache.go:43.55,46.16 3 0
github.com/bladeacer/ocd/internal/cache/cache.go:46.16,47.25 1 0
github.com/bladeacer/ocd/internal/cache/cache.go:47.25,49.4 1 0
github.com/bladeacer/ocd/internal/cache/cache.go:50.3,50.13 1 0
github.com/bladeacer/ocd/internal/cache/cache.go:52.2,53.53 2 0
github.com/bladeacer/ocd/internal/cache/cache.go:53.53,55.3 1 0
github.com/bladeacer/ocd/internal/cache/cache.go:56.2,56.54 1 0
github.com/bladeacer/ocd/internal/cache/cache.go:56.54,58.3 1 0
github.com/bladeacer/ocd/internal/cache/cache.go:59.2,59.38 1 0
github.com/bladeacer/ocd/internal/cache/cache.go:62.55,65.16 3 0
github.com/bladeacer/ocd/internal/cache/cache.go:65.16,67.3 1 0
github.com/bladeacer/ocd/internal/cache/cache.go:68.2,73.16 3 0
github.com/bladeacer/ocd/internal/cache/cache.go:73.16,75.3 1 0
github.com/bladeacer/ocd/internal/cache/cache.go:76.2,76.35 1 0
github.com/bladeacer/ocd/internal/cache/cache.go:79.43,82.24 3 0
github.com/bladeacer/ocd/internal/cache/cache.go:82.24,84.3 1 0
github.com/bladeacer/ocd/internal/cache/cache.go:85.2,85.12 1 0
github.com/bladeacer/ocd/internal/cache/cache.go:88.31,90.16 2 0
github.com/bladeacer/ocd/internal/cache/cache.go:90.16,91.25 1 0
github.com/bladeacer/ocd/internal/cache/cache.go:91.25,93.4 1 0
github.com/bladeacer/ocd/internal/cache/cache.go:94.3,94.13 1 0
github.com/bladeacer/ocd/internal/cache/cache.go:96.2,98.16 3 0
github.com/bladeacer/ocd/internal/cache/cache.go:98.16,100.3 1 0
github.com/bladeacer/ocd/internal/cache/cache.go:101.2,101.29 1 0
github.com/bladeacer/ocd/internal/cache/cache.go:101.29,103.3 1 0
github.com/bladeacer/ocd/internal/cache/cache.go:104.2,104.12 1 0
github.com/bladeacer/ocd/internal/core/asar.go:31.61,33.16 2 0
github.com/bladeacer/ocd/internal/core/asar.go:33.16,35.3 1 0
github.com/bladeacer/ocd/internal/core/asar.go:36.2,39.47 3 0
github.com/bladeacer/ocd/internal/core/asar.go:39.47,41.3 1 0
github.com/bladeacer/ocd/internal/core/asar.go:43.2,44.71 2 0
github.com/bladeacer/ocd/internal/core/asar.go:44.71,46.3 1 0
github.com/bladeacer/ocd/internal/core/asar.go:47.2,47.51 1 0
github.com/bladeacer/ocd/internal/core/asar.go:47.51,49.3 1 0
github.com/bladeacer/ocd/internal/core/asar.go:51.2,52.51 2 0
github.com/bladeacer/ocd/internal/core/asar.go:52.51,54.3 1 0
github.com/bladeacer/ocd/internal/core/asar.go:56.2,57.57 2 0
github.com/bladeacer/ocd/internal/core/asar.go:57.57,59.3 1 0
github.com/bladeacer/ocd/internal/core/asar.go:61.2,62.9 2 0
github.com/bladeacer/ocd/internal/core/asar.go:62.9,64.3 1 0
github.com/bladeacer/ocd/internal/core/asar.go:66.2,67.67 2 0
github.com/bladeacer/ocd/internal/core/asar.go:67.67,69.3 1 0
github.com/bladeacer/ocd/internal/core/asar.go:71.2,74.16 3 0
github.com/bladeacer/ocd/internal/core/asar.go:74.16,76.3 1 0
github.com/bladeacer/ocd/internal/core/asar.go:77.2,80.49 3 0
github.com/bladeacer/ocd/internal/core/asar.go:80.49,82.3 1 0
github.com/bladeacer/ocd/internal/core/asar.go:84.2,84.12 1 0
github.com/bladeacer/ocd/internal/core/diff.go:17.60,22.16 4 0
github.com/bladeacer/ocd/internal/core/diff.go:22.16,28.3 1 0
github.com/bladeacer/ocd/internal/core/diff.go:30.2,31.16 2 0
github.com/bladeacer/ocd/internal/core/diff.go:31.16,37.3 1 0
github.com/bladeacer/ocd/internal/core/diff.go:39.2,52.49 4 0
github.com/bladeacer/ocd/internal/core/diff.go:52.49,53.67 1 0
github.com/bladeacer/ocd/internal/core/diff.go:53.67,55.9 2 0
github.com/bladeacer/ocd/internal/core/diff.go:59.2,64.3 1 0
github.com/bladeacer/ocd/internal/core/extract.go:19.49,23.45 3 0
github.com/bladeacer/ocd/internal/core/extract.go:23.45,25.3 1 0
github.com/bladeacer/ocd/internal/core/extract.go:27.2,27.51 1 0
github.com/bladeacer/ocd/internal/core/extract.go:27.51,29.3 1 0
github.com/bladeacer/ocd/internal/core/extract.go:31.2,34.16 3 0
github.com/bladeacer/ocd/internal/core/extract.go:34.16,36.3 1 0
github.com/bladeacer/ocd/internal/core/extract.go:37.2,39.44 2 0
github.com/bladeacer/ocd/internal/core/extract.go:39.44,41.3 1 0
github.com/bladeacer/ocd/internal/core/extract.go:42.2,42.38 1 0
github.com/bladeacer/ocd/internal/core/extract.go:42.38,44.3 1 0
github.com/bladeacer/ocd/internal/core/extract.go:46.2,47.16 2 0
github.com/bladeacer/ocd/internal/core/extract.go:47.16,49.3 1 0
github.com/bladeacer/ocd/internal/core/extract.go:50.2,53.16 3 0
github.com/bladeacer/ocd/internal/core/extract.go:53.16,55.3 1 0
github.com/bladeacer/ocd/internal/core/extract.go:56.2,59.54 3 0
github.com/bladeacer/ocd/internal/core/extract.go:59.54,62.3 2 0
github.com/bladeacer/ocd/internal/core/extract.go:63.2,65.65 2 0
github.com/bladeacer/ocd/internal/core/extract.go:65.65,67.3 1 0
github.com/bladeacer/ocd/internal/core/extract.go:69.2,69.22 1 0
github.com/bladeacer/ocd/internal/sources/docker.go:20.32,22.2 1 1
github.com/bladeacer/ocd/internal/sources/docker.go:24.35,24.54 1 0
github.com/bladeacer/ocd/internal/sources/docker.go:39.57,43.16 3 1
github.com/bladeacer/ocd/internal/sources/docker.go:43.16,45.17 2 1
github.com/bladeacer/ocd/internal/sources/docker.go:45.17,47.4 1 0
github.com/bladeacer/ocd/internal/sources/docker.go:48.3,48.39 1 1
github.com/bladeacer/ocd/internal/sources/docker.go:48.39,51.4 2 1
github.com/bladeacer/ocd/internal/sources/docker.go:53.3,54.66 2 1
github.com/bladeacer/ocd/internal/sources/docker.go:54.66,57.4 2 0
github.com/bladeacer/ocd/internal/sources/docker.go:58.3,60.39 2 1
github.com/bladeacer/ocd/internal/sources/docker.go:60.39,61.45 1 1
github.com/bladeacer/ocd/internal/sources/docker.go:61.45,62.13 1 1
github.com/bladeacer/ocd/internal/sources/docker.go:64.4,68.44 4 1
github.com/bladeacer/ocd/internal/sources/docker.go:68.44,69.13 1 0
github.com/bladeacer/ocd/internal/sources/docker.go:72.4,76.6 1 1
github.com/bladeacer/ocd/internal/sources/docker.go:78.3,78.18 1 1
github.com/bladeacer/ocd/internal/sources/docker.go:81.2,81.18 1 1
github.com/bladeacer/ocd/internal/sources/electron.go:18.30,20.2 1 1
github.com/bladeacer/ocd/internal/sources/electron.go:22.34,22.55 1 0
github.com/bladeacer/ocd/internal/sources/electron.go:24.56,26.16 2 0
github.com/bladeacer/ocd/internal/sources/electron.go:26.16,28.3 1 0
github.com/bladeacer/ocd/internal/sources/electron.go:29.2,31.38 2 0
github.com/bladeacer/ocd/internal/sources/electron.go:31.38,33.3 1 0
github.com/bladeacer/ocd/internal/sources/electron.go:35.2,36.64 2 0
github.com/bladeacer/ocd/internal/sources/electron.go:36.64,38.3 1 0
github.com/bladeacer/ocd/internal/sources/electron.go:40.2,40.37 1 0
github.com/bladeacer/ocd/internal/sources/fetcher.go:22.42,29.2 1 1
github.com/bladeacer/ocd/internal/sources/fetcher.go:31.60,38.20 5 0
github.com/bladeacer/ocd/internal/sources/fetcher.go:38.20,39.10 1 0
github.com/bladeacer/ocd/internal/sources/fetcher.go:40.21,41.20 1 0
github.com/bladeacer/ocd/internal/sources/fetcher.go:42.11,42.11 0 0
github.com/bladeacer/ocd/internal/sources/fetcher.go:44.3,44.13 1 0
github.com/bladeacer/ocd/internal/sources/fetcher.go:44.13,46.63 2 0
github.com/bladeacer/ocd/internal/sources/fetcher.go:46.63,49.5 2 0
github.com/bladeacer/ocd/internal/sources/fetcher.go:51.3,52.17 2 0
github.com/bladeacer/ocd/internal/sources/fetcher.go:52.17,54.4 1 0
github.com/bladeacer/ocd/internal/sources/fetcher.go:55.3,55.59 1 0
github.com/bladeacer/ocd/internal/sources/fetcher.go:55.59,57.4 1 0
github.com/bladeacer/ocd/internal/sources/fetcher.go:58.3,59.13 2 0
github.com/bladeacer/ocd/internal/sources/fetcher.go:62.2,62.20 1 0
github.com/bladeacer/ocd/internal/sources/fetcher.go:62.20,63.10 1 0
github.com/bladeacer/ocd/internal/sources/fetcher.go:64.21,65.20 1 0
github.com/bladeacer/ocd/internal/sources/fetcher.go:66.11,66.11 0 0
github.com/bladeacer/ocd/internal/sources/fetcher.go:68.3,68.13 1 0
github.com/bladeacer/ocd/internal/sources/fetcher.go:68.13,70.66 2 0
github.com/bladeacer/ocd/internal/sources/fetcher.go:70.66,73.5 2 0
github.com/bladeacer/ocd/internal/sources/fetcher.go:75.3,76.17 2 0
github.com/bladeacer/ocd/internal/sources/fetcher.go:76.17,78.4 1 0
github.com/bladeacer/ocd/internal/sources/fetcher.go:79.3,79.62 1 0
github.com/bladeacer/ocd/internal/sources/fetcher.go:79.62,81.4 1 0
github.com/bladeacer/ocd/internal/sources/fetcher.go:82.3,83.13 2 0
github.com/bladeacer/ocd/internal/sources/fetcher.go:86.2,86.20 1 0
github.com/bladeacer/ocd/internal/sources/fetcher.go:86.20,87.10 1 0
github.com/bladeacer/ocd/internal/sources/fetcher.go:88.21,89.20 1 0
github.com/bladeacer/ocd/internal/sources/fetcher.go:90.11,90.11 0 0
github.com/bladeacer/ocd/internal/sources/fetcher.go:92.3,92.13 1 0
github.com/bladeacer/ocd/internal/sources/fetcher.go:92.13,94.68 2 0
github.com/bladeacer/ocd/internal/sources/fetcher.go:94.68,97.5 2 0
github.com/bladeacer/ocd/internal/sources/fetcher.go:99.3,100.17 2 0
github.com/bladeacer/ocd/internal/sources/fetcher.go:100.17,102.4 1 0
github.com/bladeacer/ocd/internal/sources/fetcher.go:103.3,103.64 1 0
github.com/bladeacer/ocd/internal/sources/fetcher.go:103.64,105.4 1 0
github.com/bladeacer/ocd/internal/sources/fetcher.go:106.3,107.13 2 0
github.com/bladeacer/ocd/internal/sources/fetcher.go:110.2,110.33 1 0
github.com/bladeacer/ocd/internal/sources/fetcher.go:110.33,112.3 1 0
github.com/bladeacer/ocd/internal/sources/fetcher.go:113.2,113.16 1 0
github.com/bladeacer/ocd/internal/sources/rss.go:17.20,19.2 1 1
github.com/bladeacer/ocd/internal/sources/rss.go:21.29,21.45 1 0
github.com/bladeacer/ocd/internal/sources/rss.go:23.52,26.16 3 0
github.com/bladeacer/ocd/internal/sources/rss.go:26.16,28.3 1 0
github.com/bladeacer/ocd/internal/sources/rss.go:30.2,35.35 4 0
github.com/bladeacer/ocd/internal/sources/rss.go:35.35,37.20 2 0
github.com/bladeacer/ocd/internal/sources/rss.go:37.20,38.12 1 0
github.com/bladeacer/ocd/internal/sources/rss.go:40.3,43.47 3 0
github.com/bladeacer/ocd/internal/sources/rss.go:43.47,45.4 1 0
github.com/bladeacer/ocd/internal/sources/rss.go:47.3,51.26 3 0
github.com/bladeacer/ocd/internal/sources/rss.go:51.26,53.22 2 0
github.com/bladeacer/ocd/internal/sources/rss.go:53.22,55.5 1 0
github.com/bladeacer/ocd/internal/sources/rss.go:56.9,56.37 1 0
github.com/bladeacer/ocd/internal/sources/rss.go:56.37,58.22 2 0
github.com/bladeacer/ocd/internal/sources/rss.go:58.22,60.5 1 0
github.com/bladeacer/ocd/internal/sources/rss.go:63.3,64.17 2 0
github.com/bladeacer/ocd/internal/sources/rss.go:64.17,66.4 1 0
github.com/bladeacer/ocd/internal/sources/rss.go:68.3,75.5 1 0
github.com/bladeacer/ocd/internal/sources/rss.go:78.2,78.24 1 0
github.com/bladeacer/ocd/internal/sources/rss.go:78.24,80.3 1 0
github.com/bladeacer/ocd/internal/sources/rss.go:82.2,83.22 2 0
github.com/bladeacer/ocd/internal/sources/rss.go:86.69,91.40 4 1
github.com/bladeacer/ocd/internal/sources/rss.go:91.40,92.31 1 1
github.com/bladeacer/ocd/internal/sources/rss.go:92.31,94.4 1 1
github.com/bladeacer/ocd/internal/sources/rss.go:94.9,96.4 1 1
github.com/bladeacer/ocd/internal/sources/rss.go:98.2,98.15 1 1
github.com/bladeacer/ocd/internal/tui/diffmodel.go:43.57,55.2 5 0
github.com/bladeacer/ocd/internal/tui/diffmodel.go:57.36,59.2 1 0
github.com/bladeacer/ocd/internal/tui/diffmodel.go:61.29,62.21 1 0
github.com/bladeacer/ocd/internal/tui/diffmodel.go:62.21,64.3 1 0
github.com/bladeacer/ocd/internal/tui/diffmodel.go:66.2,66.27 1 0
github.com/bladeacer/ocd/internal/tui/diffmodel.go:66.27,69.3 2 0
github.com/bladeacer/ocd/internal/tui/diffmodel.go:71.2,74.23 3 0
github.com/bladeacer/ocd/internal/tui/diffmodel.go:74.23,77.3 2 0
github.com/bladeacer/ocd/internal/tui/diffmodel.go:79.2,84.34 5 0
github.com/bladeacer/ocd/internal/tui/diffmodel.go:84.34,86.10 2 0
github.com/bladeacer/ocd/internal/tui/diffmodel.go:87.38,91.5 2 0
github.com/bladeacer/ocd/internal/tui/diffmodel.go:92.72,96.5 2 0
github.com/bladeacer/ocd/internal/tui/diffmodel.go:97.72,101.5 2 0
github.com/bladeacer/ocd/internal/tui/diffmodel.go:102.73,103.83 1 0
github.com/bladeacer/ocd/internal/tui/diffmodel.go:104.11,105.38 1 0
github.com/bladeacer/ocd/internal/tui/diffmodel.go:107.3,107.28 1 0
github.com/bladeacer/ocd/internal/tui/diffmodel.go:110.2,110.19 1 0
github.com/bladeacer/ocd/internal/tui/diffmodel.go:113.37,125.37 7 0
github.com/bladeacer/ocd/internal/tui/diffmodel.go:125.37,126.22 1 0
github.com/bladeacer/ocd/internal/tui/diffmodel.go:126.22,128.76 2 0
github.com/bladeacer/ocd/internal/tui/diffmodel.go:128.76,131.13 3 0
github.com/bladeacer/ocd/internal/tui/diffmodel.go:134.3,135.22 2 0
github.com/bladeacer/ocd/internal/tui/diffmodel.go:138.2,141.24 3 0
github.com/bladeacer/ocd/internal/tui/diffmodel.go:144.33,147.22 3 0
github.com/bladeacer/ocd/internal/tui/diffmodel.go:147.22,148.18 1 0
github.com/bladeacer/ocd/internal/tui/diffmodel.go:148.18,150.12 2 0
github.com/bladeacer/ocd/internal/tui/diffmodel.go:152.3,152.15 1 0
github.com/bladeacer/ocd/internal/tui/diffmodel.go:152.15,153.56 1 0
github.com/bladeacer/ocd/internal/tui/diffmodel.go:153.56,155.5 1 0
github.com/bladeacer/ocd/internal/tui/diffmodel.go:156.4,156.12 1 0
github.com/bladeacer/ocd/internal/tui/diffmodel.go:158.3,158.19 1 0
github.com/bladeacer/ocd/internal/tui/diffmodel.go:160.2,160.21 1 0
github.com/bladeacer/ocd/internal/tui/diffmodel.go:163.39,166.2 2 0
github.com/bladeacer/ocd/internal/tui/diffmodel.go:168.62,169.27 1 0
github.com/bladeacer/ocd/internal/tui/diffmodel.go:170.25,176.16 6 0
github.com/bladeacer/ocd/internal/tui/diffmodel.go:178.18,179.19 1 0
github.com/bladeacer/ocd/internal/tui/diffmodel.go:179.19,181.4 1 0
github.com/bladeacer/ocd/internal/tui/diffmodel.go:182.3,182.32 1 0
github.com/bladeacer/ocd/internal/tui/diffmodel.go:185.2,187.15 3 0
github.com/bladeacer/ocd/internal/tui/diffmodel.go:198.74,199.22 1 0
github.com/bladeacer/ocd/internal/tui/diffmodel.go:200.27,205.16 5 0
github.com/bladeacer/ocd/internal/tui/diffmodel.go:207.24,213.16 6 0
github.com/bladeacer/ocd/internal/tui/diffmodel.go:215.20,217.19 2 0
github.com/bladeacer/ocd/internal/tui/diffmodel.go:217.19,219.4 1 0
github.com/bladeacer/ocd/internal/tui/diffmodel.go:220.3,222.16 3 0
github.com/bladeacer/ocd/internal/tui/diffmodel.go:225.2,225.28 1 0
github.com/bladeacer/ocd/internal/tui/diffmodel.go:225.28,230.3 4 0
github.com/bladeacer/ocd/internal/tui/diffmodel.go:232.2,232.15 1 0
github.com/bladeacer/ocd/internal/tui/diffmodel.go:235.37,236.45 1 0
github.com/bladeacer/ocd/internal/tui/diffmodel.go:236.45,238.3 1 0
github.com/bladeacer/ocd/internal/tui/diffmodel.go:239.2,241.34 3 0
github.com/bladeacer/ocd/internal/tui/diffmodel.go:241.34,242.49 1 0
github.com/bladeacer/ocd/internal/tui/diffmodel.go:242.49,243.27 1 0
github.com/bladeacer/ocd/internal/tui/diffmodel.go:243.27,245.5 1 0
github.com/bladeacer/ocd/internal/tui/diffmodel.go:246.4,246.10 1 0
github.com/bladeacer/ocd/internal/tui/diffmodel.go:251.74,252.22 1 0
github.com/bladeacer/ocd/internal/tui/diffmodel.go:253.32,254.21 1 0
github.com/bladeacer/ocd/internal/tui/diffmodel.go:256.11,258.16 2 0
github.com/bladeacer/ocd/internal/tui/diffmodel.go:259.11,261.16 2 0
github.com/bladeacer/ocd/internal/tui/diffmodel.go:263.11,264.17 1 0
github.com/bladeacer/ocd/internal/tui/diffmodel.go:264.17,267.4 2 0
github.com/bladeacer/ocd/internal/tui/diffmodel.go:267.9,269.4 1 0
github.com/bladeacer/ocd/internal/tui/diffmodel.go:270.3,270.16 1 0
github.com/bladeacer/ocd/internal/tui/diffmodel.go:271.11,274.16 3 0
github.com/bladeacer/ocd/internal/tui/diffmodel.go:276.11,282.16 6 0
github.com/bladeacer/ocd/internal/tui/diffmodel.go:284.11,286.25 2 0
github.com/bladeacer/ocd/internal/tui/diffmodel.go:288.11,290.24 2 0
github.com/bladeacer/ocd/internal/tui/diffmodel.go:292.11,294.29 2 0
github.com/bladeacer/ocd/internal/tui/diffmodel.go:297.2,301.15 4 0
github.com/bladeacer/ocd/internal/tui/diffmodel.go:304.40,305.24 1 0
github.com/bladeacer/ocd/internal/tui/diffmodel.go:305.24,306.28 1 0
github.com/bladeacer/ocd/internal/tui/diffmodel.go:306.28,308.4 1 0
github.com/bladeacer/ocd/internal/tui/diffmodel.go:309.3,311.41 3 0
github.com/bladeacer/ocd/internal/tui/diffmodel.go:311.41,313.4 1 0
github.com/bladeacer/ocd/internal/tui/diffmodel.go:314.3,315.50 2 0
github.com/bladeacer/ocd/internal/tui/diffmodel.go:315.50,317.4 1 0
github.com/bladeacer/ocd/internal/tui/diffmodel.go:318.3,318.13 1 0
github.com/bladeacer/ocd/internal/tui/diffmodel.go:322.39,323.24 1 0
github.com/bladeacer/ocd/internal/tui/diffmodel.go:323.24,325.50 2 0
github.com/bladeacer/ocd/internal/tui/diffmodel.go:325.50,327.4 1 0
github.com/bladeacer/ocd/internal/tui/diffmodel.go:328.3,328.13 1 0
github.com/bladeacer/ocd/internal/tui/diffmodel.go:332.44,333.24 1 0
github.com/bladeacer/ocd/internal/tui/diffmodel.go:333.24,335.17 2 0
github.com/bladeacer/ocd/internal/tui/diffmodel.go:335.17,337.4 1 0
github.com/bladeacer/ocd/internal/tui/diffmodel.go:338.3,339.57 2 0
github.com/bladeacer/ocd/internal/tui/diffmodel.go:339.57,342.4 2 0
github.com/bladeacer/ocd/internal/tui/diffmodel.go:343.3,347.19 4 0
github.com/bladeacer/ocd/internal/tui/diffmodel.go:347.19,349.4 1 0
github.com/bladeacer/ocd/internal/tui/diffmodel.go:350.3,355.13 6 0
github.com/bladeacer/ocd/internal/tui/diffmodel.go:359.32,360.27 1 0
github.com/bladeacer/ocd/internal/tui/diffmodel.go:360.27,362.3 1 0
github.com/bladeacer/ocd/internal/tui/diffmodel.go:363.2,365.50 3 0
github.com/bladeacer/ocd/internal/tui/diffmodel.go:365.50,367.3 1 0
github.com/bladeacer/ocd/internal/tui/diffmodel.go:370.32,371.27 1 0
github.com/bladeacer/ocd/internal/tui/diffmodel.go:371.27,373.3 1 0
github.com/bladeacer/ocd/internal/tui/diffmodel.go:374.2,375.23 2 0
github.com/bladeacer/ocd/internal/tui/diffmodel.go:375.23,377.3 1 0
github.com/bladeacer/ocd/internal/tui/diffmodel.go:378.2,379.50 2 0
github.com/bladeacer/ocd/internal/tui/diffmodel.go:379.50,381.3 1 0
github.com/bladeacer/ocd/internal/tui/diffmodel.go:384.35,385.14 1 0
github.com/bladeacer/ocd/internal/tui/diffmodel.go:385.14,387.3 1 0
github.com/bladeacer/ocd/internal/tui/diffmodel.go:388.2,388.21 1 0
github.com/bladeacer/ocd/internal/tui/diffmodel.go:388.21,391.3 2 0
github.com/bladeacer/ocd/internal/tui/diffmodel.go:393.2,394.18 2 0
github.com/bladeacer/ocd/internal/tui/diffmodel.go:394.18,396.3 1 0
github.com/bladeacer/ocd/internal/tui/diffmodel.go:398.2,399.26 2 0
github.com/bladeacer/ocd/internal/tui/diffmodel.go:399.26,403.3 1 0
github.com/bladeacer/ocd/internal/tui/diffmodel.go:405.2,411.41 2 0
github.com/bladeacer/ocd/internal/tui/diffmodel.go:414.53,419.2 4 0
github.com/bladeacer/ocd/internal/tui/model.go:67.49,116.2 12 0
github.com/bladeacer/ocd/internal/tui/model.go:118.32,120.2 1 0
github.com/bladeacer/ocd/internal/tui/model.go:122.38,125.2 2 0
github.com/bladeacer/ocd/internal/tui/model.go:127.37,130.2 2 0
github.com/bladeacer/ocd/internal/tui/model.go:132.58,133.27 1 0
github.com/bladeacer/ocd/internal/tui/model.go:134.25,137.16 3 0
github.com/bladeacer/ocd/internal/tui/model.go:139.21,141.30 2 0
github.com/bladeacer/ocd/internal/tui/model.go:141.30,144.4 2 0
github.com/bladeacer/ocd/internal/tui/model.go:145.3,148.16 4 0
github.com/bladeacer/ocd/internal/tui/model.go:150.15,151.30 1 0
github.com/bladeacer/ocd/internal/tui/model.go:151.30,153.42 2 0
github.com/bladeacer/ocd/internal/tui/model.go:153.42,155.5 1 0
github.com/bladeacer/ocd/internal/tui/model.go:156.4,156.26 1 0
github.com/bladeacer/ocd/internal/tui/model.go:158.3,158.16 1 0
github.com/bladeacer/ocd/internal/tui/model.go:160.18,161.26 1 0
github.com/bladeacer/ocd/internal/tui/model.go:163.23,166.16 3 0
github.com/bladeacer/ocd/internal/tui/model.go:169.2,169.15 1 0
github.com/bladeacer/ocd/internal/tui/model.go:172.64,173.17 1 0
github.com/bladeacer/ocd/internal/tui/model.go:174.20,175.33 1 0
github.com/bladeacer/ocd/internal/tui/model.go:176.18,177.31 1 0
github.com/bladeacer/ocd/internal/tui/model.go:178.19,179.32 1 0
github.com/bladeacer/ocd/internal/tui/model.go:180.20,181.33 1 0
github.com/bladeacer/ocd/internal/tui/model.go:183.2,183.15 1 0
github.com/bladeacer/ocd/internal/tui/model.go:186.71,187.53 1 0
github.com/bladeacer/ocd/internal/tui/model.go:187.53,189.3 1 0
github.com/bladeacer/ocd/internal/tui/model.go:190.2,190.15 1 0
github.com/bladeacer/ocd/internal/tui/model.go:193.69,194.22 1 0
github.com/bladeacer/ocd/internal/tui/model.go:195.21,196.21 1 0
github.com/bladeacer/ocd/internal/tui/model.go:198.16,199.23 1 0
github.com/bladeacer/ocd/internal/tui/model.go:201.11,205.16 4 0
github.com/bladeacer/ocd/internal/tui/model.go:207.11,209.19 2 0
github.com/bladeacer/ocd/internal/tui/model.go:211.11,213.19 2 0
github.com/bladeacer/ocd/internal/tui/model.go:215.11,217.19 2 0
github.com/bladeacer/ocd/internal/tui/model.go:219.11,221.19 2 0
github.com/bladeacer/ocd/internal/tui/model.go:224.2,226.15 3 0
github.com/bladeacer/ocd/internal/tui/model.go:229.70,230.22 1 0
github.com/bladeacer/ocd/internal/tui/model.go:231.27,237.16 6 0
github.com/bladeacer/ocd/internal/tui/model.go:239.24,244.16 5 0
github.com/bladeacer/ocd/internal/tui/model.go:246.19,248.19 2 0
github.com/bladeacer/ocd/internal/tui/model.go:248.19,250.4 1 0
github.com/bladeacer/ocd/internal/tui/model.go:251.3,253.16 3 0
github.com/bladeacer/ocd/internal/tui/model.go:256.2,256.28 1 0
github.com/bladeacer/ocd/internal/tui/model.go:256.28,261.3 4 0
github.com/bladeacer/ocd/internal/tui/model.go:263.2,263.15 1 0
github.com/bladeacer/ocd/internal/tui/model.go:266.71,267.22 1 0
github.com/bladeacer/ocd/internal/tui/model.go:268.21,269.21 1 0
github.com/bladeacer/ocd/internal/tui/model.go:270.27,273.16 3 0
github.com/bladeacer/ocd/internal/tui/model.go:275.2,275.15 1 0
github.com/bladeacer/ocd/internal/tui/model.go:278.50,280.16 2 0
github.com/bladeacer/ocd/internal/tui/model.go:280.16,282.3 1 0
github.com/bladeacer/ocd/internal/tui/model.go:283.2,285.15 3 0
github.com/bladeacer/ocd/internal/tui/model.go:288.32,291.29 2 0
github.com/bladeacer/ocd/internal/tui/model.go:291.29,296.41 4 0
github.com/bladeacer/ocd/internal/tui/model.go:296.41,297.12 1 0
github.com/bladeacer/ocd/internal/tui/model.go:299.3,299.25 1 0
github.com/bladeacer/ocd/internal/tui/model.go:299.25,301.35 2 0
github.com/bladeacer/ocd/internal/tui/model.go:301.35,302.29 1 0
github.com/bladeacer/ocd/internal/tui/model.go:302.29,304.11 2 0
github.com/bladeacer/ocd/internal/tui/model.go:307.4,307.15 1 0
github.com/bladeacer/ocd/internal/tui/model.go:307.15,308.13 1 0
github.com/bladeacer/ocd/internal/tui/model.go:311.3,311.46 1 0
github.com/bladeacer/ocd/internal/tui/model.go:311.46,312.12 1 0
github.com/bladeacer/ocd/internal/tui/model.go:314.3,314.26 1 0
github.com/bladeacer/ocd/internal/tui/model.go:314.26,316.69 2 0
github.com/bladeacer/ocd/internal/tui/model.go:316.69,317.13 1 0
github.com/bladeacer/ocd/internal/tui/model.go:320.3,320.35 1 0
github.com/bladeacer/ocd/internal/tui/model.go:323.2,324.21 2 0
github.com/bladeacer/ocd/internal/tui/model.go:327.50,329.2 1 0
github.com/bladeacer/ocd/internal/tui/model.go:331.35,333.17 2 0
github.com/bladeacer/ocd/internal/tui/model.go:333.17,335.3 1 0
github.com/bladeacer/ocd/internal/tui/model.go:337.2,340.41 3 0
github.com/bladeacer/ocd/internal/tui/model.go:340.41,344.23 3 0
github.com/bladeacer/ocd/internal/tui/model.go:344.23,347.22 3 0
github.com/bladeacer/ocd/internal/tui/model.go:347.22,349.5 1 0
github.com/bladeacer/ocd/internal/tui/model.go:351.3,351.37 1 0
github.com/bladeacer/ocd/internal/tui/model.go:354.2,354.23 1 0
github.com/bladeacer/ocd/internal/tui/model.go:357.29,361.37 3 0
github.com/bladeacer/ocd/internal/tui/model.go:361.37,363.3 1 0
github.com/bladeacer/ocd/internal/tui/model.go:365.2,368.46 3 0
github.com/bladeacer/ocd/internal/tui/model.go:368.46,373.3 1 0
github.com/bladeacer/ocd/internal/tui/model.go:375.2,377.36 2 0
github.com/bladeacer/ocd/internal/tui/model.go:377.36,380.16 3 0
github.com/bladeacer/ocd/internal/tui/model.go:380.16,381.12 1 0
github.com/bladeacer/ocd/internal/tui/model.go:383.3,387.16 4 0
github.com/bladeacer/ocd/internal/tui/model.go:387.16,388.38 1 0
github.com/bladeacer/ocd/internal/tui/model.go:388.38,390.5 1 0
github.com/bladeacer/ocd/internal/tui/model.go:393.3,395.33 3 0
github.com/bladeacer/ocd/internal/tui/model.go:395.33,396.17 1 0
github.com/bladeacer/ocd/internal/tui/model.go:396.17,398.5 1 0
github.com/bladeacer/ocd/internal/tui/model.go:398.10,400.5 1 0
github.com/bladeacer/ocd/internal/tui/model.go:403.3,404.52 2 0
github.com/bladeacer/ocd/internal/tui/model.go:404.52,406.4 1 0
github.com/bladeacer/ocd/internal/tui/model.go:408.3,409.21 2 0
github.com/bladeacer/ocd/internal/tui/model.go:409.21,411.4 1 0
github.com/bladeacer/ocd/internal/tui/model.go:413.3,422.5 1 0
github.com/bladeacer/ocd/internal/tui/model.go:425.2,426.19 2 0
github.com/bladeacer/ocd/internal/tui/model.go:429.41,440.2 1 0
github.com/bladeacer/ocd/internal/tui/model.go:442.42,445.16 3 0
github.com/bladeacer/ocd/internal/tui/model.go:445.16,447.3 1 0
github.com/bladeacer/ocd/internal/tui/model.go:448.2,449.9 2 0
github.com/bladeacer/ocd/internal/tui/model.go:449.9,451.3 1 0
github.com/bladeacer/ocd/internal/tui/model.go:452.2,452.30 1 0
github.com/bladeacer/ocd/internal/tui/model.go:452.30,454.3 1 0
github.com/bladeacer/ocd/internal/tui/model.go:455.2,455.25 1 0
github.com/bladeacer/ocd/internal/tui/model.go:458.35,461.26 3 0
github.com/bladeacer/ocd/internal/tui/model.go:461.26,462.12 1 0
github.com/bladeacer/ocd/internal/tui/model.go:462.12,464.4 1 0
github.com/bladeacer/ocd/internal/tui/model.go:466.2,466.13 1 0
github.com/bladeacer/ocd/internal/tui/model.go:469.25,471.22 2 0
github.com/bladeacer/ocd/internal/tui/model.go:471.22,472.27 1 0
github.com/bladeacer/ocd/internal/tui/model.go:472.27,474.4 1 0
github.com/bladeacer/ocd/internal/tui/model.go:476.2,476.10 1 0
github.com/bladeacer/ocd/internal/tui/model.go:479.38,480.25 1 0
github.com/bladeacer/ocd/internal/tui/model.go:480.25,483.17 3 0
github.com/bladeacer/ocd/internal/tui/model.go:483.17,485.4 1 0
github.com/bladeacer/ocd/internal/tui/model.go:486.3,486.17 1 0
github.com/bladeacer/ocd/internal/tui/model.go:486.17,488.4 1 0
github.com/bladeacer/ocd/internal/tui/model.go:489.3,489.15 1 0
github.com/bladeacer/ocd/internal/tui/model.go:489.15,491.4 1 0
github.com/bladeacer/ocd/internal/tui/model.go:493.2,493.10 1 0
github.com/bladeacer/ocd/internal/tui/model.go:496.38,497.40 1 0
github.com/bladeacer/ocd/internal/tui/model.go:497.40,499.3 1 0
github.com/bladeacer/ocd/internal/tui/model.go:500.2,500.16 1 0
github.com/bladeacer/ocd/internal/tui/model.go:501.22,502.11 1 0
github.com/bladeacer/ocd/internal/tui/model.go:503.19,504.11 1 0
github.com/bladeacer/ocd/internal/tui/model.go:505.24,506.11 1 0
github.com/bladeacer/ocd/internal/tui/model.go:508.2,508.10 1 0
github.com/bladeacer/ocd/internal/tui/model.go:511.35,512.13 1 0
github.com/bladeacer/ocd/internal/tui/model.go:512.13,514.3 1 0
github.com/bladeacer/ocd/internal/tui/model.go:515.2,515.16 1 0
github.com/bladeacer/ocd/internal/tui/pickermodel.go:43.61,72.2 8 0
github.com/bladeacer/ocd/internal/tui/pickermodel.go:74.38,76.2 1 0
github.com/bladeacer/ocd/internal/tui/pickermodel.go:78.42,81.2 2 0
github.com/bladeacer/ocd/internal/tui/pickermodel.go:83.64,84.27 1 0
github.com/bladeacer/ocd/internal/tui/pickermodel.go:85.21,87.30 2 0
github.com/bladeacer/ocd/internal/tui/pickermodel.go:87.30,90.4 2 0
github.com/bladeacer/ocd/internal/tui/pickermodel.go:91.3,93.16 3 0
github.com/bladeacer/ocd/internal/tui/pickermodel.go:95.18,96.38 1 0
github.com/bladeacer/ocd/internal/tui/pickermodel.go:96.38,97.55 1 0
github.com/bladeacer/ocd/internal/tui/pickermodel.go:97.55,100.5 2 0
github.com/bladeacer/ocd/internal/tui/pickermodel.go:101.4,101.17 1 0
github.com/bladeacer/ocd/internal/tui/pickermodel.go:104.3,104.26 1 0
github.com/bladeacer/ocd/internal/tui/pickermodel.go:107.2,107.15 1 0
github.com/bladeacer/ocd/internal/tui/pickermodel.go:110.70,111.18 1 0
github.com/bladeacer/ocd/internal/tui/pickermodel.go:111.18,113.3 1 0
github.com/bladeacer/ocd/internal/tui/pickermodel.go:115.2,115.22 1 0
github.com/bladeacer/ocd/internal/tui/pickermodel.go:116.21,118.21 2 0
github.com/bladeacer/ocd/internal/tui/pickermodel.go:119.11,123.16 4 0
github.com/bladeacer/ocd/internal/tui/pickermodel.go:124.16,125.27 1 0
github.com/bladeacer/ocd/internal/tui/pickermodel.go:126.11,128.18 2 0
github.com/bladeacer/ocd/internal/tui/pickermodel.go:131.2,133.15 3 0
github.com/bladeacer/ocd/internal/tui/pickermodel.go:136.76,137.22 1 0
github.com/bladeacer/ocd/internal/tui/pickermodel.go:138.27,144.16 6 0
github.com/bladeacer/ocd/internal/tui/pickermodel.go:145.24,150.16 5 0
github.com/bladeacer/ocd/internal/tui/pickermodel.go:151.20,153.19 2 0
github.com/bladeacer/ocd/internal/tui/pickermodel.go:153.19,155.4 1 0
github.com/bladeacer/ocd/internal/tui/pickermodel.go:156.3,158.16 3 0
github.com/bladeacer/ocd/internal/tui/pickermodel.go:161.2,161.28 1 0
github.com/bladeacer/ocd/internal/tui/pickermodel.go:161.28,166.3 4 0
github.com/bladeacer/ocd/internal/tui/pickermodel.go:168.2,168.15 1 0
github.com/bladeacer/ocd/internal/tui/pickermodel.go:171.60,173.16 2 0
github.com/bladeacer/ocd/internal/tui/pickermodel.go:173.16,175.3 1 0
github.com/bladeacer/ocd/internal/tui/pickermodel.go:176.2,177.29 2 0
github.com/bladeacer/ocd/internal/tui/pickermodel.go:177.29,183.3 5 0
github.com/bladeacer/ocd/internal/tui/pickermodel.go:183.8,187.3 3 0
github.com/bladeacer/ocd/internal/tui/pickermodel.go:188.2,188.15 1 0
github.com/bladeacer/ocd/internal/tui/pickermodel.go:191.35,193.38 2 0
github.com/bladeacer/ocd/internal/tui/pickermodel.go:193.38,198.3 1 0
github.com/bladeacer/ocd/internal/tui/pickermodel.go:200.2,202.37 3 0
github.com/bladeacer/ocd/internal/tui/pickermodel.go:202.37,204.3 1 0
github.com/bladeacer/ocd/internal/tui/pickermodel.go:206.2,206.24 1 0
github.com/bladeacer/ocd/internal/tui/pickermodel.go:206.24,207.58 1 0
github.com/bladeacer/ocd/internal/tui/pickermodel.go:207.58,208.12 1 0
github.com/bladeacer/ocd/internal/tui/pickermodel.go:210.3,211.21 2 0
github.com/bladeacer/ocd/internal/tui/pickermodel.go:211.21,213.4 1 0
github.com/bladeacer/ocd/internal/tui/pickermodel.go:215.3,216.31 2 0
github.com/bladeacer/ocd/internal/tui/pickermodel.go:216.31,217.28 1 0
github.com/bladeacer/ocd/internal/tui/pickermodel.go:217.28,219.5 1 0
github.com/bladeacer/ocd/internal/tui/pickermodel.go:219.10,221.5 1 0
github.com/bladeacer/ocd/internal/tui/pickermodel.go:224.3,225.16 2 0
github.com/bladeacer/ocd/internal/tui/pickermodel.go:225.16,227.4 1 0
github.com/bladeacer/ocd/internal/tui/pickermodel.go:227.9,229.4 1 0
github.com/bladeacer/ocd/internal/tui/pickermodel.go:231.3,237.5 1 0
github.com/bladeacer/ocd/internal/tui/pickermodel.go:239.2,239.15 1 0
github.com/bladeacer/ocd/internal/tui/pickermodel.go:242.57,245.2 2 0
github.com/bladeacer/ocd/internal/tui/pickermodel.go:247.37,250.29 2 0
github.com/bladeacer/ocd/internal/tui/pickermodel.go:250.29,251.42 1 0
github.com/bladeacer/ocd/internal/tui/pickermodel.go:251.42,252.12 1 0
github.com/bladeacer/ocd/internal/tui/pickermodel.go:254.3,254.22 1 0
github.com/bladeacer/ocd/internal/tui/pickermodel.go:254.22,256.63 2 0
github.com/bladeacer/ocd/internal/tui/pickermodel.go:256.63,257.13 1 0
github.com/bladeacer/ocd/internal/tui/pickermodel.go:260.3,260.35 1 0
github.com/bladeacer/ocd/internal/tui/pickermodel.go:263.2,263.49 1 0
github.com/bladeacer/ocd/internal/tui/pickermodel.go:263.49,266.19 3 0
github.com/bladeacer/ocd/internal/tui/pickermodel.go:266.19,268.4 1 0
github.com/bladeacer/ocd/internal/tui/pickermodel.go:269.3,272.8 1 0
github.com/bladeacer/ocd/internal/tui/pickermodel.go:275.2,275.25 1 0
github.com/bladeacer/ocd/internal/tui/pickermodel.go:278.37,279.18 1 0
github.com/bladeacer/ocd/internal/tui/pickermodel.go:279.18,281.3 1 0
github.com/bladeacer/ocd/internal/tui/pickermodel.go:282.2,282.21 1 0
github.com/bladeacer/ocd/internal/tui/pickermodel.go:282.21,284.3 1 0
github.com/bladeacer/ocd/internal/tui/pickermodel.go:286.2,287.30 2 0
github.com/bladeacer/ocd/internal/tui/pickermodel.go:287.30,289.3 1 0
github.com/bladeacer/ocd/internal/tui/pickermodel.go:291.2,292.18 2 0
github.com/bladeacer/ocd/internal/tui/pickermodel.go:292.18,294.3 1 0
github.com/bladeacer/ocd/internal/tui/pickermodel.go:296.2,302.92 3 0
github.com/bladeacer/ocd/internal/tui/pickermodel.go:305.75,309.16 4 0
github.com/bladeacer/ocd/internal/tui/pickermodel.go:309.16,311.3 1 0
github.com/bladeacer/ocd/internal/tui/pickermodel.go:312.2,313.25 2 0
github.com/bladeacer/ocd/internal/tui/pickermodel.go:313.25,315.3 1 0
github.com/bladeacer/ocd/internal/tui/pickermodel.go:316.2,316.47 1 0
github.com/bladeacer/ocd/internal/tui/styles.go:42.33,54.2 4 0
github.com/bladeacer/ocd/internal/tui/view.go:11.31,12.17 1 0
github.com/bladeacer/ocd/internal/tui/view.go:13.20,14.25 1 0
github.com/bladeacer/ocd/internal/tui/view.go:15.31,16.30 1 0
github.com/bladeacer/ocd/internal/tui/view.go:17.20,18.25 1 0
github.com/bladeacer/ocd/internal/tui/view.go:20.2,20.11 1 0
github.com/bladeacer/ocd/internal/tui/view.go:23.38,24.18 1 0
github.com/bladeacer/ocd/internal/tui/view.go:24.18,26.3 1 0
github.com/bladeacer/ocd/internal/tui/view.go:28.2,31.84 3 0
github.com/bladeacer/ocd/internal/tui/view.go:34.43,39.28 3 0
github.com/bladeacer/ocd/internal/tui/view.go:39.28,41.3 1 0
github.com/bladeacer/ocd/internal/tui/view.go:43.2,48.19 4 0
github.com/bladeacer/ocd/internal/tui/view.go:51.37,63.2 4 0
github.com/bladeacer/ocd/internal/tui/view.go:65.50,66.12 1 0
github.com/bladeacer/ocd/internal/tui/view.go:66.12,68.3 1 0
github.com/bladeacer/ocd/internal/tui/view.go:69.2,69.53 1 0
github.com/bladeacer/ocd/internal/tui/view.go:72.38,80.2 3 0
github.com/bladeacer/ocd/main.go:18.13,33.39 6 0
github.com/bladeacer/ocd/main.go:33.39,36.3 2 0
github.com/bladeacer/ocd/cmd/clean.go:12.35,16.55 1 0
github.com/bladeacer/ocd/cmd/clean.go:16.55,18.36 2 0
github.com/bladeacer/ocd/cmd/clean.go:18.36,20.5 1 0
github.com/bladeacer/ocd/cmd/clean.go:21.4,21.62 1 0
github.com/bladeacer/ocd/cmd/clean.go:21.62,23.5 1 0
github.com/bladeacer/ocd/cmd/clean.go:24.4,25.14 2 0
github.com/bladeacer/ocd/cmd/clean.go:29.2,29.12 1 0
github.com/bladeacer/ocd/cmd/diff.go:14.34,27.55 3 0
github.com/bladeacer/ocd/cmd/diff.go:27.55,30.22 2 0
github.com/bladeacer/ocd/cmd/diff.go:30.22,33.5 2 0
github.com/bladeacer/ocd/cmd/diff.go:33.10,33.44 1 0
github.com/bladeacer/ocd/cmd/diff.go:33.44,39.19 5 0
github.com/bladeacer/ocd/cmd/diff.go:39.19,41.6 1 0
github.com/bladeacer/ocd/cmd/diff.go:42.5,42.41 1 0
github.com/bladeacer/ocd/cmd/diff.go:42.41,45.6 2 0
github.com/bladeacer/ocd/cmd/diff.go:46.10,48.5 1 0
github.com/bladeacer/ocd/cmd/diff.go:50.4,51.27 2 0
github.com/bladeacer/ocd/cmd/diff.go:51.27,53.5 1 0
github.com/bladeacer/ocd/cmd/diff.go:55.4,55.36 1 0
github.com/bladeacer/ocd/cmd/diff.go:59.2,61.12 3 0
github.com/bladeacer/ocd/cmd/extract.go:11.37,18.55 1 0
github.com/bladeacer/ocd/cmd/extract.go:18.55,21.18 3 0
github.com/bladeacer/ocd/cmd/extract.go:21.18,23.5 1 0
github.com/bladeacer/ocd/cmd/extract.go:24.4,25.14 2 0
github.com/bladeacer/ocd/cmd/extract.go:29.2,29.12 1 0
github.com/bladeacer/ocd/cmd/interact.go:14.38,23.55 2 0
github.com/bladeacer/ocd/cmd/interact.go:23.55,29.18 5 0
github.com/bladeacer/ocd/cmd/interact.go:29.18,31.5 1 0
github.com/bladeacer/ocd/cmd/interact.go:32.4,32.30 1 0
github.com/bladeacer/ocd/cmd/interact.go:32.30,35.5 2 0
github.com/bladeacer/ocd/cmd/interact.go:37.4,39.18 3 0
github.com/bladeacer/ocd/cmd/interact.go:39.18,41.5 1 0
github.com/bladeacer/ocd/cmd/interact.go:42.4,43.14 2 0
github.com/bladeacer/ocd/cmd/interact.go:47.2,48.12 2 0
github.com/bladeacer/ocd/internal/cache/cache.go:28.36,33.49 2 0
github.com/bladeacer/ocd/internal/cache/cache.go:33.49,34.13 1 0
github.com/bladeacer/ocd/internal/cache/cache.go:36.2,36.10 1 0
github.com/bladeacer/ocd/internal/cache/cache.go:39.42,41.2 1 0
github.com/bladeacer/ocd/internal/cache/cache.go:43.55,46.16 3 0
github.com/bladeacer/ocd/internal/cache/cache.go:46.16,47.25 1 0
github.com/bladeacer/ocd/internal/cache/cache.go:47.25,49.4 1 0
github.com/bladeacer/ocd/internal/cache/cache.go:50.3,50.13 1 0
github.com/bladeacer/ocd/internal/cache/cache.go:52.2,53.53 2 0
github.com/bladeacer/ocd/internal/cache/cache.go:53.53,55.3 1 0
github.com/bladeacer/ocd/internal/cache/cache.go:56.2,56.54 1 0
github.com/bladeacer/ocd/internal/cache/cache.go:56.54,58.3 1 0
github.com/bladeacer/ocd/internal/cache/cache.go:59.2,59.38 1 0
github.com/bladeacer/ocd/internal/cache/cache.go:62.55,65.16 3 0
github.com/bladeacer/ocd/internal/cache/cache.go:65.16,67.3 1 0
github.com/bladeacer/ocd/internal/cache/cache.go:68.2,73.16 3 0
github.com/bladeacer/ocd/internal/cache/cache.go:73.16,75.3 1 0
github.com/bladeacer/ocd/internal/cache/cache.go:76.2,76.35 1 0
github.com/bladeacer/ocd/internal/cache/cache.go:79.43,82.24 3 0
github.com/bladeacer/ocd/internal/cache/cache.go:82.24,84.3 1 0
github.com/bladeacer/ocd/internal/cache/cache.go:85.2,85.12 1 0
github.com/bladeacer/ocd/internal/cache/cache.go:88.31,90.16 2 0
github.com/bladeacer/ocd/internal/cache/cache.go:90.16,91.25 1 0
github.com/bladeacer/ocd/internal/cache/cache.go:91.25,93.4 1 0
github.com/bladeacer/ocd/internal/cache/cache.go:94.3,94.13 1 0
github.com/bladeacer/ocd/internal/cache/cache.go:96.2,98.16 3 0
github.com/bladeacer/ocd/internal/cache/cache.go:98.16,100.3 1 0
github.com/bladeacer/ocd/internal/cache/cache.go:101.2,101.29 1 0
github.com/bladeacer/ocd/internal/cache/cache.go:101.29,103.3 1 0
github.com/bladeacer/ocd/internal/cache/cache.go:104.2,104.12 1 0
github.com/bladeacer/ocd/internal/core/asar.go:31.61,33.16 2 1
github.com/bladeacer/ocd/internal/core/asar.go:33.16,35.3 1 0
github.com/bladeacer/ocd/internal/core/asar.go:36.2,39.47 3 1
github.com/bladeacer/ocd/internal/core/asar.go:39.47,41.3 1 0
github.com/bladeacer/ocd/internal/core/asar.go:43.2,44.71 2 1
github.com/bladeacer/ocd/internal/core/asar.go:44.71,46.3 1 1
github.com/bladeacer/ocd/internal/core/asar.go:47.2,47.51 1 1
github.com/bladeacer/ocd/internal/core/asar.go:47.51,49.3 1 0
github.com/bladeacer/ocd/internal/core/asar.go:51.2,52.51 2 1
github.com/bladeacer/ocd/internal/core/asar.go:52.51,54.3 1 0
github.com/bladeacer/ocd/internal/core/asar.go:56.2,57.57 2 1
github.com/bladeacer/ocd/internal/core/asar.go:57.57,59.3 1 0
github.com/bladeacer/ocd/internal/core/asar.go:61.2,62.9 2 1
github.com/bladeacer/ocd/internal/core/asar.go:62.9,64.3 1 1
github.com/bladeacer/ocd/internal/core/asar.go:66.2,67.67 2 1
github.com/bladeacer/ocd/internal/core/asar.go:67.67,69.3 1 0
github.com/bladeacer/ocd/internal/core/asar.go:71.2,74.16 3 1
github.com/bladeacer/ocd/internal/core/asar.go:74.16,76.3 1 0
github.com/bladeacer/ocd/internal/core/asar.go:77.2,80.49 3 1
github.com/bladeacer/ocd/internal/core/asar.go:80.49,82.3 1 0
github.com/bladeacer/ocd/internal/core/asar.go:84.2,84.12 1 1
github.com/bladeacer/ocd/internal/core/diff.go:17.60,22.16 4 1
github.com/bladeacer/ocd/internal/core/diff.go:22.16,28.3 1 1
github.com/bladeacer/ocd/internal/core/diff.go:30.2,31.16 2 1
github.com/bladeacer/ocd/internal/core/diff.go:31.16,37.3 1 0
github.com/bladeacer/ocd/internal/core/diff.go:39.2,52.49 4 1
github.com/bladeacer/ocd/internal/core/diff.go:52.49,53.67 1 1
github.com/bladeacer/ocd/internal/core/diff.go:53.67,55.9 2 1
github.com/bladeacer/ocd/internal/core/diff.go:59.2,64.3 1 1
github.com/bladeacer/ocd/internal/core/extract.go:19.49,23.45 3 1
github.com/bladeacer/ocd/internal/core/extract.go:23.45,25.3 1 1
github.com/bladeacer/ocd/internal/core/extract.go:27.2,27.51 1 1
github.com/bladeacer/ocd/internal/core/extract.go:27.51,29.3 1 0
github.com/bladeacer/ocd/internal/core/extract.go:31.2,34.16 3 1
github.com/bladeacer/ocd/internal/core/extract.go:34.16,36.3 1 0
github.com/bladeacer/ocd/internal/core/extract.go:37.2,39.44 2 1
github.com/bladeacer/ocd/internal/core/extract.go:39.44,41.3 1 1
github.com/bladeacer/ocd/internal/core/extract.go:42.2,42.38 1 0
github.com/bladeacer/ocd/internal/core/extract.go:42.38,44.3 1 0
github.com/bladeacer/ocd/internal/core/extract.go:46.2,47.16 2 0
github.com/bladeacer/ocd/internal/core/extract.go:47.16,49.3 1 0
github.com/bladeacer/ocd/internal/core/extract.go:50.2,53.16 3 0
github.com/bladeacer/ocd/internal/core/extract.go:53.16,55.3 1 0
github.com/bladeacer/ocd/internal/core/extract.go:56.2,59.54 3 0
github.com/bladeacer/ocd/internal/core/extract.go:59.54,62.3 2 0
github.com/bladeacer/ocd/internal/core/extract.go:63.2,65.65 2 0
github.com/bladeacer/ocd/internal/core/extract.go:65.65,67.3 1 0
[...]
github.com/bladeacer/ocd/internal/tui/diffmodel.go:185.2,187.15 3 0
github.com/bladeacer/ocd/internal/tui/diffmodel.go:198.74,199.22 1 0
github.com/bladeacer/ocd/internal/tui/diffmodel.go:200.27,205.16 5 0
github.com/bladeacer/ocd/internal/tui/diffmodel.go:207.24,213.16 6 0
github.com/bladeacer/ocd/internal/tui/diffmodel.go:215.20,217.19 2 0
github.com/bladeacer/ocd/internal/tui/diffmodel.go:217.19,219.4 1 0
github.com/bladeacer/ocd/internal/tui/diffmodel.go:220.3,222.16 3 0
github.com/bladeacer/ocd/internal/tui/diffmodel.go:225.2,225.28 1 0
github.com/bladeacer/ocd/internal/tui/diffmodel.go:225.28,230.3 4 0
github.com/bladeacer/ocd/internal/tui/diffmodel.go:232.2,232.15 1 0
github.com/bladeacer/ocd/internal/tui/diffmodel.go:235.37,236.45 1 0
github.com/bladeacer/ocd/internal/tui/diffmodel.go:236.45,238.3 1 0
github.com/bladeacer/ocd/internal/tui/diffmodel.go:239.2,241.34 3 0
github.com/bladeacer/ocd/internal/tui/diffmodel.go:241.34,242.49 1 0
github.com/bladeacer/ocd/internal/tui/diffmodel.go:242.49,243.27 1 0
github.com/bladeacer/ocd/internal/tui/diffmodel.go:243.27,245.5 1 0
github.com/bladeacer/ocd/internal/tui/diffmodel.go:246.4,246.10 1 0
github.com/bladeacer/ocd/internal/tui/diffmodel.go:251.74,252.22 1 0
github.com/bladeacer/ocd/internal/tui/diffmodel.go:253.32,254.21 1 0
github.com/bladeacer/ocd/internal/tui/diffmodel.go:256.11,258.16 2 0
github.com/bladeacer/ocd/internal/tui/diffmodel.go:259.11,261.16 2 0
github.com/bladeacer/ocd/internal/tui/diffmodel.go:263.11,264.17 1 0
github.com/bladeacer/ocd/internal/tui/diffmodel.go:264.17,267.4 2 0
github.com/bladeacer/ocd/internal/tui/diffmodel.go:267.9,269.4 1 0
github.com/bladeacer/ocd/internal/tui/diffmodel.go:270.3,270.16 1 0
github.com/bladeacer/ocd/internal/tui/diffmodel.go:271.11,274.16 3 0
github.com/bladeacer/ocd/internal/tui/diffmodel.go:276.11,282.16 6 0
github.com/bladeacer/ocd/internal/tui/diffmodel.go:284.11,286.25 2 0
github.com/bladeacer/ocd/internal/tui/diffmodel.go:288.11,290.24 2 0
github.com/bladeacer/ocd/internal/tui/diffmodel.go:292.11,294.29 2 0
github.com/bladeacer/ocd/internal/tui/diffmodel.go:297.2,301.15 4 0
github.com/bladeacer/ocd/internal/tui/diffmodel.go:304.40,305.24 1 0
github.com/bladeacer/ocd/internal/tui/diffmodel.go:305.24,306.28 1 0
github.com/bladeacer/ocd/internal/tui/diffmodel.go:306.28,308.4 1 0
github.com/bladeacer/ocd/internal/tui/diffmodel.go:309.3,311.41 3 0
github.com/bladeacer/ocd/internal/tui/diffmodel.go:311.41,313.4 1 0
github.com/bladeacer/ocd/internal/tui/diffmodel.go:314.3,315.50 2 0
github.com/bladeacer/ocd/internal/tui/diffmodel.go:315.50,317.4 1 0
github.com/bladeacer/ocd/internal/tui/diffmodel.go:318.3,318.13 1 0
github.com/bladeacer/ocd/internal/tui/diffmodel.go:322.39,323.24 1 0
github.com/bladeacer/ocd/internal/tui/diffmodel.go:323.24,325.50 2 0
github.com/bladeacer/ocd/internal/tui/diffmodel.go:325.50,327.4 1 0
github.com/bladeacer/ocd/internal/tui/diffmodel.go:328.3,328.13 1 0
github.com/bladeacer/ocd/internal/tui/diffmodel.go:332.44,333.24 1 0
github.com/bladeacer/ocd/internal/tui/diffmodel.go:333.24,335.17 2 0
github.com/bladeacer/ocd/internal/tui/diffmodel.go:335.17,337.4 1 0
github.com/bladeacer/ocd/internal/tui/diffmodel.go:338.3,339.57 2 0
github.com/bladeacer/ocd/internal/tui/diffmodel.go:339.57,342.4 2 0
github.com/bladeacer/ocd/internal/tui/diffmodel.go:343.3,347.19 4 0
github.com/bladeacer/ocd/internal/tui/diffmodel.go:347.19,349.4 1 0
github.com/bladeacer/ocd/internal/tui/diffmodel.go:350.3,355.13 6 0
github.com/bladeacer/ocd/internal/tui/diffmodel.go:359.32,360.27 1 0
github.com/bladeacer/ocd/internal/tui/diffmodel.go:360.27,362.3 1 0
github.com/bladeacer/ocd/internal/tui/diffmodel.go:363.2,365.50 3 0
github.com/bladeacer/ocd/internal/tui/diffmodel.go:365.50,367.3 1 0
github.com/bladeacer/ocd/internal/tui/diffmodel.go:370.32,371.27 1 0
github.com/bladeacer/ocd/internal/tui/diffmodel.go:371.27,373.3 1 0
github.com/bladeacer/ocd/internal/tui/diffmodel.go:374.2,375.23 2 0
github.com/bladeacer/ocd/internal/tui/diffmodel.go:375.23,377.3 1 0
github.com/bladeacer/ocd/internal/tui/diffmodel.go:378.2,379.50 2 0
github.com/bladeacer/ocd/internal/tui/diffmodel.go:379.50,381.3 1 0
github.com/bladeacer/ocd/internal/tui/diffmodel.go:384.35,385.14 1 0
github.com/bladeacer/ocd/internal/tui/diffmodel.go:385.14,387.3 1 0
github.com/bladeacer/ocd/internal/tui/diffmodel.go:388.2,388.21 1 0
github.com/bladeacer/ocd/internal/tui/diffmodel.go:388.21,391.3 2 0
github.com/bladeacer/ocd/internal/tui/diffmodel.go:393.2,394.18 2 0
github.com/bladeacer/ocd/internal/tui/diffmodel.go:394.18,396.3 1 0
github.com/bladeacer/ocd/internal/tui/diffmodel.go:398.2,399.26 2 0
github.com/bladeacer/ocd/internal/tui/diffmodel.go:399.26,403.3 1 0
github.com/bladeacer/ocd/internal/tui/diffmodel.go:405.2,411.41 2 0
github.com/bladeacer/ocd/internal/tui/diffmodel.go:414.53,419.2 4 0
github.com/bladeacer/ocd/internal/tui/model.go:67.49,116.2 12 0
github.com/bladeacer/ocd/internal/tui/model.go:118.32,120.2 1 0
github.com/bladeacer/ocd/internal/tui/model.go:122.38,125.2 2 0
github.com/bladeacer/ocd/internal/tui/model.go:127.37,130.2 2 0
github.com/bladeacer/ocd/internal/tui/model.go:132.58,133.27 1 0
github.com/bladeacer/ocd/internal/tui/model.go:134.25,137.16 3 0
github.com/bladeacer/ocd/internal/tui/model.go:139.21,141.30 2 0
github.com/bladeacer/ocd/internal/tui/model.go:141.30,144.4 2 0
github.com/bladeacer/ocd/internal/tui/model.go:145.3,148.16 4 0
github.com/bladeacer/ocd/internal/tui/model.go:150.15,151.30 1 0
github.com/bladeacer/ocd/internal/tui/model.go:151.30,153.42 2 0
github.com/bladeacer/ocd/internal/tui/model.go:153.42,155.5 1 0
github.com/bladeacer/ocd/internal/tui/model.go:156.4,156.26 1 0
github.com/bladeacer/ocd/internal/tui/model.go:158.3,158.16 1 0
github.com/bladeacer/ocd/internal/tui/model.go:160.18,161.26 1 0
github.com/bladeacer/ocd/internal/tui/model.go:163.23,166.16 3 0
github.com/bladeacer/ocd/internal/tui/model.go:169.2,169.15 1 0
github.com/bladeacer/ocd/internal/tui/model.go:172.64,173.17 1 0
github.com/bladeacer/ocd/internal/tui/model.go:174.20,175.33 1 0
github.com/bladeacer/ocd/internal/tui/model.go:176.18,177.31 1 0
github.com/bladeacer/ocd/internal/tui/model.go:178.19,179.32 1 0
github.com/bladeacer/ocd/internal/tui/model.go:180.20,181.33 1 0
github.com/bladeacer/ocd/internal/tui/model.go:183.2,183.15 1 0
github.com/bladeacer/ocd/internal/tui/model.go:186.71,187.53 1 0
github.com/bladeacer/ocd/internal/tui/model.go:187.53,189.3 1 0
github.com/bladeacer/ocd/internal/tui/model.go:190.2,190.15 1 0
github.com/bladeacer/ocd/internal/tui/model.go:193.69,194.22 1 0
github.com/bladeacer/ocd/internal/tui/model.go:195.21,196.21 1 0
github.com/bladeacer/ocd/internal/tui/model.go:198.16,199.23 1 0
github.com/bladeacer/ocd/internal/tui/model.go:201.11,205.16 4 0
github.com/bladeacer/ocd/internal/tui/model.go:207.11,209.19 2 0
github.com/bladeacer/ocd/internal/tui/model.go:211.11,213.19 2 0
github.com/bladeacer/ocd/internal/tui/model.go:215.11,217.19 2 0
github.com/bladeacer/ocd/internal/tui/model.go:219.11,221.19 2 0
github.com/bladeacer/ocd/internal/tui/model.go:224.2,226.15 3 0
github.com/bladeacer/ocd/internal/tui/model.go:229.70,230.22 1 0
github.com/bladeacer/ocd/internal/tui/model.go:231.27,237.16 6 0
github.com/bladeacer/ocd/internal/tui/model.go:239.24,244.16 5 0
github.com/bladeacer/ocd/internal/tui/model.go:246.19,248.19 2 0
github.com/bladeacer/ocd/internal/tui/model.go:248.19,250.4 1 0
github.com/bladeacer/ocd/internal/tui/model.go:251.3,253.16 3 0
github.com/bladeacer/ocd/internal/tui/model.go:256.2,256.28 1 0
github.com/bladeacer/ocd/internal/tui/model.go:256.28,261.3 4 0
github.com/bladeacer/ocd/internal/tui/model.go:263.2,263.15 1 0
github.com/bladeacer/ocd/internal/tui/model.go:266.71,267.22 1 0
github.com/bladeacer/ocd/internal/tui/model.go:268.21,269.21 1 0
github.com/bladeacer/ocd/internal/tui/model.go:270.27,273.16 3 0
github.com/bladeacer/ocd/internal/tui/model.go:275.2,275.15 1 0
github.com/bladeacer/ocd/internal/tui/model.go:278.50,280.16 2 0
github.com/bladeacer/ocd/internal/tui/model.go:280.16,282.3 1 0
github.com/bladeacer/ocd/internal/tui/model.go:283.2,285.15 3 0
github.com/bladeacer/ocd/internal/tui/model.go:288.32,291.29 2 0
github.com/bladeacer/ocd/internal/tui/model.go:291.29,296.41 4 0
github.com/bladeacer/ocd/internal/tui/model.go:296.41,297.12 1 0
github.com/bladeacer/ocd/internal/tui/model.go:299.3,299.25 1 0
github.com/bladeacer/ocd/internal/tui/model.go:299.25,301.35 2 0
github.com/bladeacer/ocd/internal/tui/model.go:301.35,302.29 1 0
github.com/bladeacer/ocd/internal/tui/model.go:302.29,304.11 2 0
github.com/bladeacer/ocd/internal/tui/model.go:307.4,307.15 1 0
github.com/bladeacer/ocd/internal/tui/model.go:307.15,308.13 1 0
github.com/bladeacer/ocd/internal/tui/model.go:311.3,311.46 1 0
github.com/bladeacer/ocd/internal/tui/model.go:311.46,312.12 1 0
github.com/bladeacer/ocd/internal/tui/model.go:314.3,314.26 1 0
github.com/bladeacer/ocd/internal/tui/model.go:314.26,316.69 2 0
github.com/bladeacer/ocd/internal/tui/model.go:316.69,317.13 1 0
github.com/bladeacer/ocd/internal/tui/model.go:320.3,320.35 1 0
github.com/bladeacer/ocd/internal/tui/model.go:323.2,324.21 2 0
github.com/bladeacer/ocd/internal/tui/model.go:327.50,329.2 1 0
github.com/bladeacer/ocd/internal/tui/model.go:331.35,333.17 2 0
github.com/bladeacer/ocd/internal/tui/model.go:333.17,335.3 1 0
github.com/bladeacer/ocd/internal/tui/model.go:337.2,340.41 3 0
github.com/bladeacer/ocd/internal/tui/model.go:340.41,344.23 3 0
github.com/bladeacer/ocd/internal/tui/model.go:344.23,347.22 3 0
github.com/bladeacer/ocd/internal/tui/model.go:347.22,349.5 1 0
github.com/bladeacer/ocd/internal/tui/model.go:351.3,351.37 1 0
github.com/bladeacer/ocd/internal/tui/model.go:354.2,354.23 1 0
github.com/bladeacer/ocd/internal/tui/model.go:357.29,361.37 3 0
github.com/bladeacer/ocd/internal/tui/model.go:361.37,363.3 1 0
github.com/bladeacer/ocd/internal/tui/model.go:365.2,368.46 3 0
github.com/bladeacer/ocd/internal/tui/model.go:368.46,373.3 1 0
github.com/bladeacer/ocd/internal/tui/model.go:375.2,377.36 2 0
github.com/bladeacer/ocd/internal/tui/model.go:377.36,380.16 3 0
github.com/bladeacer/ocd/internal/tui/model.go:380.16,381.12 1 0
github.com/bladeacer/ocd/internal/tui/model.go:383.3,387.16 4 0
github.com/bladeacer/ocd/internal/tui/model.go:387.16,388.38 1 0
github.com/bladeacer/ocd/internal/tui/model.go:388.38,390.5 1 0
github.com/bladeacer/ocd/internal/tui/model.go:393.3,395.33 3 0
github.com/bladeacer/ocd/internal/tui/model.go:395.33,396.17 1 0
github.com/bladeacer/ocd/internal/tui/model.go:396.17,398.5 1 0
github.com/bladeacer/ocd/internal/tui/model.go:398.10,400.5 1 0
github.com/bladeacer/ocd/internal/tui/model.go:403.3,404.52 2 0
github.com/bladeacer/ocd/internal/tui/model.go:404.52,406.4 1 0
github.com/bladeacer/ocd/internal/tui/model.go:408.3,409.21 2 0
github.com/bladeacer/ocd/internal/tui/model.go:409.21,411.4 1 0
github.com/bladeacer/ocd/internal/tui/model.go:413.3,422.5 1 0
github.com/bladeacer/ocd/internal/tui/model.go:425.2,426.19 2 0
github.com/bladeacer/ocd/internal/tui/model.go:429.41,440.2 1 0
github.com/bladeacer/ocd/internal/tui/model.go:442.42,445.16 3 0
github.com/bladeacer/ocd/internal/tui/model.go:445.16,447.3 1 0
github.com/bladeacer/ocd/internal/tui/model.go:448.2,449.9 2 0
github.com/bladeacer/ocd/internal/tui/model.go:449.9,451.3 1 0
github.com/bladeacer/ocd/internal/tui/model.go:452.2,452.30 1 0
github.com/bladeacer/ocd/internal/tui/model.go:452.30,454.3 1 0
github.com/bladeacer/ocd/internal/tui/model.go:455.2,455.25 1 0
github.com/bladeacer/ocd/internal/tui/model.go:458.35,461.26 3 0
github.com/bladeacer/ocd/internal/tui/model.go:461.26,462.12 1 0
github.com/bladeacer/ocd/internal/tui/model.go:462.12,464.4 1 0
github.com/bladeacer/ocd/internal/tui/model.go:466.2,466.13 1 0
github.com/bladeacer/ocd/internal/tui/model.go:469.25,471.22 2 0
github.com/bladeacer/ocd/internal/tui/model.go:471.22,472.27 1 0
github.com/bladeacer/ocd/internal/tui/model.go:472.27,474.4 1 0
github.com/bladeacer/ocd/internal/tui/model.go:476.2,476.10 1 0
github.com/bladeacer/ocd/internal/tui/model.go:479.38,480.25 1 0
github.com/bladeacer/ocd/internal/tui/model.go:480.25,483.17 3 0
github.com/bladeacer/ocd/internal/tui/model.go:483.17,485.4 1 0
github.com/bladeacer/ocd/internal/tui/model.go:486.3,486.17 1 0
github.com/bladeacer/ocd/internal/tui/model.go:486.17,488.4 1 0
github.com/bladeacer/ocd/internal/tui/model.go:489.3,489.15 1 0
github.com/bladeacer/ocd/internal/tui/model.go:489.15,491.4 1 0
github.com/bladeacer/ocd/internal/tui/model.go:493.2,493.10 1 0
github.com/bladeacer/ocd/internal/tui/model.go:496.38,497.40 1 0
github.com/bladeacer/ocd/internal/tui/model.go:497.40,499.3 1 0
github.com/bladeacer/ocd/internal/tui/model.go:500.2,500.16 1 0
github.com/bladeacer/ocd/internal/tui/model.go:501.22,502.11 1 0
github.com/bladeacer/ocd/internal/tui/model.go:503.19,504.11 1 0
github.com/bladeacer/ocd/internal/tui/model.go:505.24,506.11 1 0
github.com/bladeacer/ocd/internal/tui/model.go:508.2,508.10 1 0
github.com/bladeacer/ocd/internal/tui/model.go:511.35,512.13 1 0
github.com/bladeacer/ocd/internal/tui/model.go:512.13,514.3 1 0
github.com/bladeacer/ocd/internal/tui/model.go:515.2,515.16 1 0
github.com/bladeacer/ocd/internal/tui/pickermodel.go:43.61,72.2 8 0
github.com/bladeacer/ocd/internal/tui/pickermodel.go:74.38,76.2 1 0
github.com/bladeacer/ocd/internal/tui/pickermodel.go:78.42,81.2 2 0
github.com/bladeacer/ocd/internal/tui/pickermodel.go:83.64,84.27 1 0
github.com/bladeacer/ocd/internal/tui/pickermodel.go:85.21,87.30 2 0
github.com/bladeacer/ocd/internal/tui/pickermodel.go:87.30,90.4 2 0
github.com/bladeacer/ocd/internal/tui/pickermodel.go:91.3,93.16 3 0
github.com/bladeacer/ocd/internal/tui/pickermodel.go:95.18,96.38 1 0
github.com/bladeacer/ocd/internal/tui/pickermodel.go:96.38,97.55 1 0
github.com/bladeacer/ocd/internal/tui/pickermodel.go:97.55,100.5 2 0
github.com/bladeacer/ocd/internal/tui/pickermodel.go:101.4,101.17 1 0
github.com/bladeacer/ocd/internal/tui/pickermodel.go:104.3,104.26 1 0
github.com/bladeacer/ocd/internal/tui/pickermodel.go:107.2,107.15 1 0
github.com/bladeacer/ocd/internal/tui/pickermodel.go:110.70,111.18 1 0
github.com/bladeacer/ocd/internal/tui/pickermodel.go:111.18,113.3 1 0
github.com/bladeacer/ocd/internal/tui/pickermodel.go:115.2,115.22 1 0
github.com/bladeacer/ocd/internal/tui/pickermodel.go:116.21,118.21 2 0
github.com/bladeacer/ocd/internal/tui/pickermodel.go:119.11,123.16 4 0
github.com/bladeacer/ocd/internal/tui/pickermodel.go:124.16,125.27 1 0
github.com/bladeacer/ocd/internal/tui/pickermodel.go:126.11,128.18 2 0
github.com/bladeacer/ocd/internal/tui/pickermodel.go:131.2,133.15 3 0
github.com/bladeacer/ocd/internal/tui/pickermodel.go:136.76,137.22 1 0
github.com/bladeacer/ocd/internal/tui/pickermodel.go:138.27,144.16 6 0
github.com/bladeacer/ocd/internal/tui/pickermodel.go:145.24,150.16 5 0
github.com/bladeacer/ocd/internal/tui/pickermodel.go:151.20,153.19 2 0
github.com/bladeacer/ocd/internal/tui/pickermodel.go:153.19,155.4 1 0
github.com/bladeacer/ocd/internal/tui/pickermodel.go:156.3,158.16 3 0
github.com/bladeacer/ocd/internal/tui/pickermodel.go:161.2,161.28 1 0
github.com/bladeacer/ocd/internal/tui/pickermodel.go:161.28,166.3 4 0
github.com/bladeacer/ocd/internal/tui/pickermodel.go:168.2,168.15 1 0
github.com/bladeacer/ocd/internal/tui/pickermodel.go:171.60,173.16 2 0
github.com/bladeacer/ocd/internal/tui/pickermodel.go:173.16,175.3 1 0
github.com/bladeacer/ocd/internal/tui/pickermodel.go:176.2,177.29 2 0
github.com/bladeacer/ocd/internal/tui/pickermodel.go:177.29,183.3 5 0
github.com/bladeacer/ocd/internal/tui/pickermodel.go:183.8,187.3 3 0
github.com/bladeacer/ocd/internal/tui/pickermodel.go:188.2,188.15 1 0
github.com/bladeacer/ocd/internal/tui/pickermodel.go:191.35,193.38 2 0
github.com/bladeacer/ocd/internal/tui/pickermodel.go:193.38,198.3 1 0
github.com/bladeacer/ocd/internal/tui/pickermodel.go:200.2,202.37 3 0
github.com/bladeacer/ocd/internal/tui/pickermodel.go:202.37,204.3 1 0
github.com/bladeacer/ocd/internal/tui/pickermodel.go:206.2,206.24 1 0
github.com/bladeacer/ocd/internal/tui/pickermodel.go:206.24,207.58 1 0
github.com/bladeacer/ocd/internal/tui/pickermodel.go:207.58,208.12 1 0
github.com/bladeacer/ocd/internal/tui/pickermodel.go:210.3,211.21 2 0
github.com/bladeacer/ocd/internal/tui/pickermodel.go:211.21,213.4 1 0
github.com/bladeacer/ocd/internal/tui/pickermodel.go:215.3,216.31 2 0
github.com/bladeacer/ocd/internal/tui/pickermodel.go:216.31,217.28 1 0
github.com/bladeacer/ocd/internal/tui/pickermodel.go:217.28,219.5 1 0
github.com/bladeacer/ocd/internal/tui/pickermodel.go:219.10,221.5 1 0
github.com/bladeacer/ocd/internal/tui/pickermodel.go:224.3,225.16 2 0
github.com/bladeacer/ocd/internal/tui/pickermodel.go:225.16,227.4 1 0
github.com/bladeacer/ocd/internal/tui/pickermodel.go:227.9,229.4 1 0
github.com/bladeacer/ocd/internal/tui/pickermodel.go:231.3,237.5 1 0
github.com/bladeacer/ocd/internal/tui/pickermodel.go:239.2,239.15 1 0
github.com/bladeacer/ocd/internal/tui/pickermodel.go:242.57,245.2 2 0
github.com/bladeacer/ocd/internal/tui/pickermodel.go:247.37,250.29 2 0
github.com/bladeacer/ocd/internal/tui/pickermodel.go:250.29,251.42 1 0
github.com/bladeacer/ocd/internal/tui/pickermodel.go:251.42,252.12 1 0
github.com/bladeacer/ocd/internal/tui/pickermodel.go:254.3,254.22 1 0
github.com/bladeacer/ocd/internal/tui/pickermodel.go:254.22,256.63 2 0
github.com/bladeacer/ocd/internal/tui/pickermodel.go:256.63,257.13 1 0
github.com/bladeacer/ocd/internal/tui/pickermodel.go:260.3,260.35 1 0
github.com/bladeacer/ocd/internal/tui/pickermodel.go:263.2,263.49 1 0
github.com/bladeacer/ocd/internal/tui/pickermodel.go:263.49,266.19 3 0
github.com/bladeacer/ocd/internal/tui/pickermodel.go:266.19,268.4 1 0
github.com/bladeacer/ocd/internal/tui/pickermodel.go:269.3,272.8 1 0
github.com/bladeacer/ocd/internal/tui/pickermodel.go:275.2,275.25 1 0
github.com/bladeacer/ocd/internal/tui/pickermodel.go:278.37,279.18 1 0
github.com/bladeacer/ocd/internal/tui/pickermodel.go:279.18,281.3 1 0
github.com/bladeacer/ocd/internal/tui/pickermodel.go:282.2,282.21 1 0
github.com/bladeacer/ocd/internal/tui/pickermodel.go:282.21,284.3 1 0
github.com/bladeacer/ocd/internal/tui/pickermodel.go:286.2,287.30 2 0
github.com/bladeacer/ocd/internal/tui/pickermodel.go:287.30,289.3 1 0
github.com/bladeacer/ocd/internal/tui/pickermodel.go:291.2,292.18 2 0
github.com/bladeacer/ocd/internal/tui/pickermodel.go:292.18,294.3 1 0
github.com/bladeacer/ocd/internal/tui/pickermodel.go:296.2,302.92 3 0
github.com/bladeacer/ocd/internal/tui/pickermodel.go:305.75,309.16 4 0
github.com/bladeacer/ocd/internal/tui/pickermodel.go:309.16,311.3 1 0
github.com/bladeacer/ocd/internal/tui/pickermodel.go:312.2,313.25 2 0
github.com/bladeacer/ocd/internal/tui/pickermodel.go:313.25,315.3 1 0
github.com/bladeacer/ocd/internal/tui/pickermodel.go:316.2,316.47 1 0
github.com/bladeacer/ocd/internal/tui/styles.go:42.33,54.2 4 0
github.com/bladeacer/ocd/internal/tui/view.go:11.31,12.17 1 0
github.com/bladeacer/ocd/internal/tui/view.go:13.20,14.25 1 0
github.com/bladeacer/ocd/internal/tui/view.go:15.31,16.30 1 0
github.com/bladeacer/ocd/internal/tui/view.go:17.20,18.25 1 0
github.com/bladeacer/ocd/internal/tui/view.go:20.2,20.11 1 0
github.com/bladeacer/ocd/internal/tui/view.go:23.38,24.18 1 0
github.com/bladeacer/ocd/internal/tui/view.go:24.18,26.3 1 0
github.com/bladeacer/ocd/internal/tui/view.go:28.2,31.84 3 0
github.com/bladeacer/ocd/internal/tui/view.go:34.43,39.28 3 0
github.com/bladeacer/ocd/internal/tui/view.go:39.28,41.3 1 0
github.com/bladeacer/ocd/internal/tui/view.go:43.2,48.19 4 0
github.com/bladeacer/ocd/internal/tui/view.go:51.37,63.2 4 0
github.com/bladeacer/ocd/internal/tui/view.go:65.50,66.12 1 0
github.com/bladeacer/ocd/internal/tui/view.go:66.12,68.3 1 0
github.com/bladeacer/ocd/internal/tui/view.go:69.2,69.53 1 0
github.com/bladeacer/ocd/internal/tui/view.go:72.38,80.2 3 0
