mode: set
github.com/bladeacer/ocd/main.go:18.13,33.39 6 0
github.com/bladeacer/ocd/main.go:33.39,36.3 2 0
github.com/bladeacer/ocd/main.go:18.13,33.39 6 0
github.com/bladeacer/ocd/main.go:33.39,36.3 2 0
github.com/bladeacer/ocd/cmd/clean.go:12.35,16.55 1 0
github.com/bladeacer/ocd/cmd/clean.go:16.55,18.36 2 0
github.com/bladeacer/ocd/cmd/clean.go:18.36,20.5 1 0
github.com/bladeacer/ocd/cmd/clean.go:21.4,21.62 1 0
github.com/bladeacer/ocd/cmd/clean.go:21.62,23.5 1 0
github.com/bladeacer/ocd/cmd/clean.go:24.4,25.14 2 0
github.com/bladeacer/ocd/cmd/clean.go:29.2,29.12 1 0
github.com/bladeacer/ocd/cmd/diff.go:16.38,18.38 2 0
github.com/bladeacer/ocd/cmd/diff.go:18.38,20.3 1 0
github.com/bladeacer/ocd/cmd/diff.go:21.2,23.12 3 0
github.com/bladeacer/ocd/cmd/diff.go:26.34,39.55 3 0
github.com/bladeacer/ocd/cmd/diff.go:39.55,42.22 2 0
github.com/bladeacer/ocd/cmd/diff.go:42.22,45.5 2 0
github.com/bladeacer/ocd/cmd/diff.go:45.10,45.44 1 0
github.com/bladeacer/ocd/cmd/diff.go:45.44,51.19 5 0
github.com/bladeacer/ocd/cmd/diff.go:51.19,53.6 1 0
github.com/bladeacer/ocd/cmd/diff.go:54.5,54.41 1 0
github.com/bladeacer/ocd/cmd/diff.go:54.41,57.6 2 0
github.com/bladeacer/ocd/cmd/diff.go:58.10,60.5 1 0
github.com/bladeacer/ocd/cmd/diff.go:62.4,62.46 1 0
github.com/bladeacer/ocd/cmd/diff.go:62.46,64.5 1 0
github.com/bladeacer/ocd/cmd/diff.go:65.4,65.46 1 0
github.com/bladeacer/ocd/cmd/diff.go:65.46,67.5 1 0
github.com/bladeacer/ocd/cmd/diff.go:69.4,70.27 2 0
github.com/bladeacer/ocd/cmd/diff.go:70.27,72.5 1 0
github.com/bladeacer/ocd/cmd/diff.go:74.4,74.36 1 0
github.com/bladeacer/ocd/cmd/diff.go:78.2,80.12 3 0
github.com/bladeacer/ocd/cmd/extract.go:11.37,18.55 1 0
github.com/bladeacer/ocd/cmd/extract.go:18.55,21.18 3 0
github.com/bladeacer/ocd/cmd/extract.go:21.18,23.5 1 0
github.com/bladeacer/ocd/cmd/extract.go:24.4,25.14 2 0
github.com/bladeacer/ocd/cmd/extract.go:29.2,29.12 1 0
github.com/bladeacer/ocd/cmd/interact.go:14.38,23.55 2 0
github.com/bladeacer/ocd/cmd/interact.go:23.55,29.18 5 0
github.com/bladeacer/ocd/cmd/interact.go:29.18,31.5 1 0
github.com/bladeacer/ocd/cmd/interact.go:32.4,32.30 1 0
github.com/bladeacer/ocd/cmd/interact.go:32.30,35.5 2 0
github.com/bladeacer/ocd/cmd/interact.go:37.4,39.18 3 0
github.com/bladeacer/ocd/cmd/interact.go:39.18,41.5 1 0
github.com/bladeacer/ocd/cmd/interact.go:42.4,43.14 2 0
github.com/bladeacer/ocd/cmd/interact.go:47.2,48.12 2 0
github.com/bladeacer/ocd/internal/cache/cache.go:28.36,33.49 2 0
github.com/bladeacer/ocd/internal/cache/cache.go:33.49,34.13 1 0
github.com/bladeacer/ocd/internal/cache/cache.go:36.2,36.10 1 0
github.com/bladeacer/ocd/internal/cache/cache.go:39.42,41.2 1 0
github.com/bladeacer/ocd/internal/cache/cache.go:43.55,46.16 3 0
github.com/bladeacer/ocd/internal/cache/cache.go:46.16,47.25 1 0
github.com/bladeacer/ocd/internal/cache/cache.go:47.25,49.4 1 0
github.com/bladeacer/ocd/internal/cache/cache.go:50.3,50.13 1 0
github.com/bladeacer/ocd/internal/cache/cache.go:52.2,53.53 2 0
github.com/bladeacer/ocd/internal/cache/cache.go:53.53,55.3 1 0
github.com/bladeacer/ocd/internal/cache/cache.go:56.2,56.54 1 0
github.com/bladeacer/ocd/internal/cache/cache.go:56.54,58.3 1 0
github.com/bladeacer/ocd/internal/cache/cache.go:59.2,59.38 1 0
github.com/bladeacer/ocd/internal/cache/cache.go:62.55,65.16 3 0
github.com/bladeacer/ocd/internal/cache/cache.go:65.16,67.3 1 0
github.com/bladeacer/ocd/internal/cache/cache.go:68.2,73.16 3 0
github.com/bladeacer/ocd/internal/cache/cache.go:73.16,75.3 1 0
github.com/bladeacer/ocd/internal/cache/cache.go:76.2,76.35 1 0
github.com/bladeacer/ocd/internal/cache/cache.go:79.43,82.24 3 0
github.com/bladeacer/ocd/internal/cache/cache.go:82.24,84.3 1 0
github.com/bladeacer/ocd/internal/cache/cache.go:85.2,85.12 1 0
github.com/bladeacer/ocd/internal/cache/cache.go:88.31,90.16 2 0
github.com/bladeacer/ocd/internal/cache/cache.go:90.16,91.25 1 0
github.com/bladeacer/ocd/internal/cache/cache.go:91.25,93.4 1 0
github.com/bladeacer/ocd/internal/cache/cache.go:94.3,94.13 1 0
github.com/bladeacer/ocd/internal/cache/cache.go:96.2,98.16 3 0
github.com/bladeacer/ocd/internal/cache/cache.go:98.16,100.3 1 0
github.com/bladeacer/ocd/internal/cache/cache.go:101.2,101.29 1 0
github.com/bladeacer/ocd/internal/cache/cache.go:101.29,103.3 1 0
github.com/bladeacer/ocd/internal/cache/cache.go:104.2,104.12 1 0
github.com/bladeacer/ocd/internal/core/asar.go:31.61,33.16 2 0
github.com/bladeacer/ocd/internal/core/asar.go:33.16,35.3 1 0
github.com/bladeacer/ocd/internal/core/asar.go:36.2,39.47 3 0
github.com/bladeacer/ocd/internal/core/asar.go:39.47,41.3 1 0
github.com/bladeacer/ocd/internal/core/asar.go:43.2,44.71 2 0
github.com/bladeacer/ocd/internal/core/asar.go:44.71,46.3 1 0
github.com/bladeacer/ocd/internal/core/asar.go:47.2,47.51 1 0
github.com/bladeacer/ocd/internal/core/asar.go:47.51,49.3 1 0
github.com/bladeacer/ocd/internal/core/asar.go:51.2,52.51 2 0
github.com/bladeacer/ocd/internal/core/asar.go:52.51,54.3 1 0
github.com/bladeacer/ocd/internal/core/asar.go:56.2,57.57 2 0
github.com/bladeacer/ocd/internal/core/asar.go:57.57,59.3 1 0
github.com/bladeacer/ocd/internal/core/asar.go:61.2,62.9 2 0
github.com/bladeacer/ocd/internal/core/asar.go:62.9,64.3 1 0
github.com/bladeacer/ocd/internal/core/asar.go:66.2,67.67 2 0
github.com/bladeacer/ocd/internal/core/asar.go:67.67,69.3 1 0
github.com/bladeacer/ocd/internal/core/asar.go:71.2,74.16 3 0
github.com/bladeacer/ocd/internal/core/asar.go:74.16,76.3 1 0
github.com/bladeacer/ocd/internal/core/asar.go:77.2,80.49 3 0
github.com/bladeacer/ocd/internal/core/asar.go:80.49,82.3 1 0
github.com/bladeacer/ocd/internal/core/asar.go:84.2,84.12 1 0
github.com/bladeacer/ocd/internal/core/diff.go:17.60,22.16 4 0
github.com/bladeacer/ocd/internal/core/diff.go:22.16,28.3 1 0
github.com/bladeacer/ocd/internal/core/diff.go:30.2,31.16 2 0
github.com/bladeacer/ocd/internal/core/diff.go:31.16,37.3 1 0
github.com/bladeacer/ocd/internal/core/diff.go:39.2,52.49 4 0
github.com/bladeacer/ocd/internal/core/diff.go:52.49,53.67 1 0
github.com/bladeacer/ocd/internal/core/diff.go:53.67,55.9 2 0
github.com/bladeacer/ocd/internal/core/diff.go:59.2,64.3 1 0
github.com/bladeacer/ocd/internal/core/extract.go:19.49,23.45 3 0
github.com/bladeacer/ocd/internal/core/extract.go:23.45,25.3 1 0
github.com/bladeacer/ocd/internal/core/extract.go:27.2,27.51 1 0
github.com/bladeacer/ocd/internal/core/extract.go:27.51,29.3 1 0
github.com/bladeacer/ocd/internal/core/extract.go:31.2,34.16 3 0
github.com/bladeacer/ocd/internal/core/extract.go:34.16,36.3 1 0
github.com/bladeacer/ocd/internal/core/extract.go:37.2,39.44 2 0
github.com/bladeacer/ocd/internal/core/extract.go:39.44,41.3 1 0
github.com/bladeacer/ocd/internal/core/extract.go:42.2,42.38 1 0
github.com/bladeacer/ocd/internal/core/extract.go:42.38,44.3 1 0
github.com/bladeacer/ocd/internal/core/extract.go:46.2,47.16 2 0
github.com/bladeacer/ocd/internal/core/extract.go:47.16,49.3 1 0
github.com/bladeacer/ocd/internal/core/extract.go:50.2,53.16 3 0
github.com/bladeacer/ocd/internal/core/extract.go:53.16,55.3 1 0
github.com/bladeacer/ocd/internal/core/extract.go:56.2,59.54 3 0
github.com/bladeacer/ocd/internal/core/extract.go:59.54,62.3 2 0
github.com/bladeacer/ocd/internal/core/extract.go:63.2,65.65 2 0
github.com/bladeacer/ocd/internal/core/extract.go:65.65,67.3 1 0
github.com/bladeacer/ocd/internal/core/extract.go:69.2,69.22 1 0
github.com/bladeacer/ocd/internal/sources/docker.go:20.32,22.2 1 0
github.com/bladeacer/ocd/internal/sources/docker.go:24.35,24.54 1 0
github.com/bladeacer/ocd/internal/sources/docker.go:39.57,43.16 3 0
github.com/bladeacer/ocd/internal/sources/docker.go:43.16,45.17 2 0
github.com/bladeacer/ocd/internal/sources/docker.go:45.17,47.4 1 0
github.com/bladeacer/ocd/internal/sources/docker.go:48.3,48.39 1 0
github.com/bladeacer/ocd/internal/sources/docker.go:48.39,51.4 2 0
github.com/bladeacer/ocd/internal/sources/docker.go:53.3,54.66 2 0
github.com/bladeacer/ocd/internal/sources/docker.go:54.66,57.4 2 0
github.com/bladeacer/ocd/internal/sources/docker.go:58.3,60.39 2 0
github.com/bladeacer/ocd/internal/sources/docker.go:60.39,61.45 1 0
github.com/bladeacer/ocd/internal/sources/docker.go:61.45,62.13 1 0
github.com/bladeacer/ocd/internal/sources/docker.go:64.4,68.44 4 0
github.com/bladeacer/ocd/internal/sources/docker.go:68.44,69.13 1 0
github.com/bladeacer/ocd/internal/sources/docker.go:72.4,76.6 1 0
github.com/bladeacer/ocd/internal/sources/docker.go:78.3,78.18 1 0
github.com/bladeacer/ocd/internal/sources/docker.go:81.2,81.18 1 0
github.com/bladeacer/ocd/internal/sources/electron.go:18.30,20.2 1 0
github.com/bladeacer/ocd/internal/sources/electron.go:22.34,22.55 1 0
github.com/bladeacer/ocd/internal/sources/electron.go:24.56,26.16 2 0
github.com/bladeacer/ocd/internal/sources/electron.go:26.16,28.3 1 0
github.com/bladeacer/ocd/internal/sources/electron.go:29.2,31.38 2 0
github.com/bladeacer/ocd/internal/sources/electron.go:31.38,33.3 1 0
github.com/bladeacer/ocd/internal/sources/electron.go:35.2,36.64 2 0
github.com/bladeacer/ocd/internal/sources/electron.go:36.64,38.3 1 0
github.com/bladeacer/ocd/internal/sources/electron.go:40.2,40.37 1 0
github.com/bladeacer/ocd/internal/sources/fetcher.go:22.42,29.2 1 0
github.com/bladeacer/ocd/internal/sources/fetcher.go:31.60,38.20 5 0
github.com/bladeacer/ocd/internal/sources/fetcher.go:38.20,39.10 1 0
github.com/bladeacer/ocd/internal/sources/fetcher.go:40.21,41.20 1 0
github.com/bladeacer/ocd/internal/sources/fetcher.go:42.11,42.11 0 0
github.com/bladeacer/ocd/internal/sources/fetcher.go:44.3,44.13 1 0
github.com/bladeacer/ocd/internal/sources/fetcher.go:44.13,46.63 2 0
github.com/bladeacer/ocd/internal/sources/fetcher.go:46.63,49.5 2 0
github.com/bladeacer/ocd/internal/sources/fetcher.go:51.3,52.17 2 0
github.com/bladeacer/ocd/internal/sources/fetcher.go:52.17,54.4 1 0
github.com/bladeacer/ocd/internal/sources/fetcher.go:55.3,55.59 1 0
github.com/bladeacer/ocd/internal/sources/fetcher.go:55.59,57.4 1 0
github.com/bladeacer/ocd/internal/sources/fetcher.go:58.3,59.13 2 0
github.com/bladeacer/ocd/internal/sources/fetcher.go:62.2,62.20 1 0
github.com/bladeacer/ocd/internal/sources/fetcher.go:62.20,63.10 1 0
github.com/bladeacer/ocd/internal/sources/fetcher.go:64.21,65.20 1 0
github.com/bladeacer/ocd/internal/sources/fetcher.go:66.11,66.11 0 0
github.com/bladeacer/ocd/internal/sources/fetcher.go:68.3,68.13 1 0
github.com/bladeacer/ocd/internal/sources/fetcher.go:68.13,70.66 2 0
github.com/bladeacer/ocd/internal/sources/fetcher.go:70.66,73.5 2 0
github.com/bladeacer/ocd/internal/sources/fetcher.go:75.3,76.17 2 0
github.com/bladeacer/ocd/internal/sources/fetcher.go:76.17,78.4 1 0
github.com/bladeacer/ocd/internal/sources/fetcher.go:79.3,79.62 1 0
github.com/bladeacer/ocd/internal/sources/fetcher.go:79.62,81.4 1 0
github.com/bladeacer/ocd/internal/sources/fetcher.go:82.3,83.13 2 0
github.com/bladeacer/ocd/internal/sources/fetcher.go:86.2,86.20 1 0
github.com/bladeacer/ocd/internal/sources/fetcher.go:86.20,87.10 1 0
github.com/bladeacer/ocd/internal/sources/fetcher.go:88.21,89.20 1 0
github.com/bladeacer/ocd/internal/sources/fetcher.go:90.11,90.11 0 0
github.com/bladeacer/ocd/internal/sources/fetcher.go:92.3,92.13 1 0
github.com/bladeacer/ocd/internal/sources/fetcher.go:92.13,94.68 2 0
github.com/bladeacer/ocd/internal/sources/fetcher.go:94.68,97.5 2 0
github.com/bladeacer/ocd/internal/sources/fetcher.go:99.3,100.17 2 0
github.com/bladeacer/ocd/internal/sources/fetcher.go:100.17,102.4 1 0
github.com/bladeacer/ocd/internal/sources/fetcher.go:103.3,103.64 1 0
github.com/bladeacer/ocd/internal/sources/fetcher.go:103.64,105.4 1 0
github.com/bladeacer/ocd/internal/sources/fetcher.go:106.3,107.13 2 0
github.com/bladeacer/ocd/internal/sources/fetcher.go:110.2,110.33 1 0
github.com/bladeacer/ocd/internal/sources/fetcher.go:110.33,112.3 1 0
github.com/bladeacer/ocd/internal/sources/fetcher.go:113.2,113.16 1 0
github.com/bladeacer/ocd/internal/sources/rss.go:17.20,19.2 1 0
github.com/bladeacer/ocd/internal/sources/rss.go:21.29,21.45 1 0
github.com/bladeacer/ocd/internal/sources/rss.go:23.52,26.16 3 0
github.com/bladeacer/ocd/internal/sources/rss.go:26.16,28.3 1 0
github.com/bladeacer/ocd/internal/sources/rss.go:30.2,35.35 4 0
github.com/bladeacer/ocd/internal/sources/rss.go:35.35,37.20 2 0
github.com/bladeacer/ocd/internal/sources/rss.go:37.20,38.12 1 0
github.com/bladeacer/ocd/internal/sources/rss.go:40.3,43.47 3 0
github.com/bladeacer/ocd/internal/sources/rss.go:43.47,45.4 1 0
github.com/bladeacer/ocd/internal/sources/rss.go:47.3,51.26 3 0
github.com/bladeacer/ocd/internal/sources/rss.go:51.26,53.22 2 0
github.com/bladeacer/ocd/internal/sources/rss.go:53.22,55.5 1 0
github.com/bladeacer/ocd/internal/sources/rss.go:56.9,56.37 1 0
github.com/bladeacer/ocd/internal/sources/rss.go:56.37,58.22 2 0
github.com/bladeacer/ocd/internal/sources/rss.go:58.22,60.5 1 0
github.com/bladeacer/ocd/internal/sources/rss.go:63.3,64.17 2 0
github.com/bladeacer/ocd/internal/sources/rss.go:64.17,66.4 1 0
github.com/bladeacer/ocd/internal/sources/rss.go:68.3,75.5 1 0
github.com/bladeacer/ocd/internal/sources/rss.go:78.2,78.24 1 0
github.com/bladeacer/ocd/internal/sources/rss.go:78.24,80.3 1 0
github.com/bladeacer/ocd/internal/sources/rss.go:82.2,83.22 2 0
github.com/bladeacer/ocd/internal/sources/rss.go:86.69,91.40 4 0
github.com/bladeacer/ocd/internal/sources/rss.go:91.40,92.31 1 0
github.com/bladeacer/ocd/internal/sources/rss.go:92.31,94.4 1 0
github.com/bladeacer/ocd/internal/sources/rss.go:94.9,96.4 1 0
github.com/bladeacer/ocd/internal/sources/rss.go:98.2,98.15 1 0
github.com/bladeacer/ocd/internal/tui/diffmodel.go:78.57,90.2 5 0
github.com/bladeacer/ocd/internal/tui/diffmodel.go:92.36,94.2 1 0
github.com/bladeacer/ocd/internal/tui/diffmodel.go:96.29,97.21 1 0
github.com/bladeacer/ocd/internal/tui/diffmodel.go:97.21,99.3 1 0
github.com/bladeacer/ocd/internal/tui/diffmodel.go:101.2,101.27 1 0
github.com/bladeacer/ocd/internal/tui/diffmodel.go:101.27,104.3 2 0
github.com/bladeacer/ocd/internal/tui/diffmodel.go:106.2,106.23 1 0
github.com/bladeacer/ocd/internal/tui/diffmodel.go:106.23,109.3 2 0
github.com/bladeacer/ocd/internal/tui/diffmodel.go:111.2,121.27 10 0
github.com/bladeacer/ocd/internal/tui/diffmodel.go:121.27,122.36 1 0
github.com/bladeacer/ocd/internal/tui/diffmodel.go:122.36,127.12 5 0
github.com/bladeacer/ocd/internal/tui/diffmodel.go:130.3,130.71 1 0
github.com/bladeacer/ocd/internal/tui/diffmodel.go:130.71,132.12 2 0
github.com/bladeacer/ocd/internal/tui/diffmodel.go:135.3,135.28 1 0
github.com/bladeacer/ocd/internal/tui/diffmodel.go:135.28,137.12 2 0
github.com/bladeacer/ocd/internal/tui/diffmodel.go:140.3,140.10 1 0
github.com/bladeacer/ocd/internal/tui/diffmodel.go:141.72,147.14 3 0
github.com/bladeacer/ocd/internal/tui/diffmodel.go:149.72,155.14 3 0
github.com/bladeacer/ocd/internal/tui/diffmodel.go:157.11,163.14 3 0
github.com/bladeacer/ocd/internal/tui/diffmodel.go:167.2,167.12 1 0
github.com/bladeacer/ocd/internal/tui/diffmodel.go:170.57,173.48 3 0
github.com/bladeacer/ocd/internal/tui/diffmodel.go:173.48,175.3 1 0
github.com/bladeacer/ocd/internal/tui/diffmodel.go:176.2,176.48 1 0
github.com/bladeacer/ocd/internal/tui/diffmodel.go:176.48,178.3 1 0
github.com/bladeacer/ocd/internal/tui/diffmodel.go:179.2,180.26 2 0
github.com/bladeacer/ocd/internal/tui/diffmodel.go:180.26,181.32 1 0
github.com/bladeacer/ocd/internal/tui/diffmodel.go:181.32,183.13 2 0
github.com/bladeacer/ocd/internal/tui/diffmodel.go:183.13,185.5 1 0
github.com/bladeacer/ocd/internal/tui/diffmodel.go:187.3,187.32 1 0
github.com/bladeacer/ocd/internal/tui/diffmodel.go:187.32,189.13 2 0
github.com/bladeacer/ocd/internal/tui/diffmodel.go:189.13,191.5 1 0
github.com/bladeacer/ocd/internal/tui/diffmodel.go:194.2,194.8 1 0
github.com/bladeacer/ocd/internal/tui/diffmodel.go:197.36,199.22 2 0
github.com/bladeacer/ocd/internal/tui/diffmodel.go:199.22,200.27 1 0
github.com/bladeacer/ocd/internal/tui/diffmodel.go:200.27,202.4 1 0
github.com/bladeacer/ocd/internal/tui/diffmodel.go:202.9,203.9 1 0
github.com/bladeacer/ocd/internal/tui/diffmodel.go:206.2,206.10 1 0
github.com/bladeacer/ocd/internal/tui/diffmodel.go:209.43,215.18 4 0
github.com/bladeacer/ocd/internal/tui/diffmodel.go:215.18,217.3 1 0
github.com/bladeacer/ocd/internal/tui/diffmodel.go:218.2,218.10 1 0
github.com/bladeacer/ocd/internal/tui/diffmodel.go:221.50,223.15 2 0
github.com/bladeacer/ocd/internal/tui/diffmodel.go:223.15,225.3 1 0
github.com/bladeacer/ocd/internal/tui/diffmodel.go:226.2,228.29 3 0
github.com/bladeacer/ocd/internal/tui/diffmodel.go:228.29,230.3 1 0
github.com/bladeacer/ocd/internal/tui/diffmodel.go:231.2,231.29 1 0
github.com/bladeacer/ocd/internal/tui/diffmodel.go:231.29,233.3 1 0
github.com/bladeacer/ocd/internal/tui/diffmodel.go:234.2,240.90 5 0
github.com/bladeacer/ocd/internal/tui/diffmodel.go:243.30,245.18 2 0
github.com/bladeacer/ocd/internal/tui/diffmodel.go:245.18,247.3 1 0
github.com/bladeacer/ocd/internal/tui/diffmodel.go:247.8,249.3 1 0
github.com/bladeacer/ocd/internal/tui/diffmodel.go:250.2,250.24 1 0
github.com/bladeacer/ocd/internal/tui/diffmodel.go:253.42,257.19 3 0
github.com/bladeacer/ocd/internal/tui/diffmodel.go:257.19,259.3 1 0
github.com/bladeacer/ocd/internal/tui/diffmodel.go:261.2,261.38 1 0
github.com/bladeacer/ocd/internal/tui/diffmodel.go:261.38,263.3 1 0
github.com/bladeacer/ocd/internal/tui/diffmodel.go:265.2,265.37 1 0
github.com/bladeacer/ocd/internal/tui/diffmodel.go:265.37,268.3 2 0
github.com/bladeacer/ocd/internal/tui/diffmodel.go:270.2,270.38 1 0
github.com/bladeacer/ocd/internal/tui/diffmodel.go:270.38,272.3 1 0
github.com/bladeacer/ocd/internal/tui/diffmodel.go:274.2,275.163 2 0
github.com/bladeacer/ocd/internal/tui/diffmodel.go:275.163,278.35 2 0
github.com/bladeacer/ocd/internal/tui/diffmodel.go:278.35,282.4 3 0
github.com/bladeacer/ocd/internal/tui/diffmodel.go:285.2,285.109 1 0
github.com/bladeacer/ocd/internal/tui/diffmodel.go:285.109,287.3 1 0
github.com/bladeacer/ocd/internal/tui/diffmodel.go:289.2,289.13 1 0
github.com/bladeacer/ocd/internal/tui/diffmodel.go:292.55,301.30 7 0
github.com/bladeacer/ocd/internal/tui/diffmodel.go:301.30,304.73 2 0
github.com/bladeacer/ocd/internal/tui/diffmodel.go:304.73,306.4 1 0
github.com/bladeacer/ocd/internal/tui/diffmodel.go:308.3,310.22 2 0
github.com/bladeacer/ocd/internal/tui/diffmodel.go:310.22,311.76 1 0
github.com/bladeacer/ocd/internal/tui/diffmodel.go:311.76,312.122 1 0
github.com/bladeacer/ocd/internal/tui/diffmodel.go:312.122,314.6 1 0
github.com/bladeacer/ocd/internal/tui/diffmodel.go:314.11,316.6 1 0
github.com/bladeacer/ocd/internal/tui/diffmodel.go:317.5,318.13 2 0
github.com/bladeacer/ocd/internal/tui/diffmodel.go:322.3,322.40 1 0
github.com/bladeacer/ocd/internal/tui/diffmodel.go:322.40,323.93 1 0
github.com/bladeacer/ocd/internal/tui/diffmodel.go:323.93,325.5 1 0
github.com/bladeacer/ocd/internal/tui/diffmodel.go:326.9,326.34 1 0
github.com/bladeacer/ocd/internal/tui/diffmodel.go:326.34,328.4 1 0
github.com/bladeacer/ocd/internal/tui/diffmodel.go:330.3,331.22 2 0
github.com/bladeacer/ocd/internal/tui/diffmodel.go:335.58,337.15 2 0
github.com/bladeacer/ocd/internal/tui/diffmodel.go:337.15,339.3 1 0
github.com/bladeacer/ocd/internal/tui/diffmodel.go:340.2,349.27 8 0
github.com/bladeacer/ocd/internal/tui/diffmodel.go:349.27,354.23 5 0
github.com/bladeacer/ocd/internal/tui/diffmodel.go:354.23,356.4 1 0
github.com/bladeacer/ocd/internal/tui/diffmodel.go:357.3,357.23 1 0
github.com/bladeacer/ocd/internal/tui/diffmodel.go:357.23,359.4 1 0
github.com/bladeacer/ocd/internal/tui/diffmodel.go:361.3,361.17 1 0
github.com/bladeacer/ocd/internal/tui/diffmodel.go:362.23,364.130 2 0
github.com/bladeacer/ocd/internal/tui/diffmodel.go:364.130,366.5 1 0
github.com/bladeacer/ocd/internal/tui/diffmodel.go:367.4,369.12 3 0
github.com/bladeacer/ocd/internal/tui/diffmodel.go:370.23,374.12 4 0
github.com/bladeacer/ocd/internal/tui/diffmodel.go:375.18,377.12 2 0
github.com/bladeacer/ocd/internal/tui/diffmodel.go:380.3,388.22 6 0
github.com/bladeacer/ocd/internal/tui/diffmodel.go:388.22,390.76 2 0
github.com/bladeacer/ocd/internal/tui/diffmodel.go:390.76,391.122 1 0
github.com/bladeacer/ocd/internal/tui/diffmodel.go:391.122,393.6 1 0
github.com/bladeacer/ocd/internal/tui/diffmodel.go:393.11,395.6 1 0
github.com/bladeacer/ocd/internal/tui/diffmodel.go:397.9,397.47 1 0
github.com/bladeacer/ocd/internal/tui/diffmodel.go:397.47,398.83 1 0
github.com/bladeacer/ocd/internal/tui/diffmodel.go:398.83,401.5 2 0
github.com/bladeacer/ocd/internal/tui/diffmodel.go:402.9,402.89 1 0
github.com/bladeacer/ocd/internal/tui/diffmodel.go:402.89,405.4 2 0
github.com/bladeacer/ocd/internal/tui/diffmodel.go:407.3,408.22 2 0
github.com/bladeacer/ocd/internal/tui/diffmodel.go:412.81,413.19 1 0
github.com/bladeacer/ocd/internal/tui/diffmodel.go:413.19,415.3 1 0
github.com/bladeacer/ocd/internal/tui/diffmodel.go:416.2,417.15 2 0
github.com/bladeacer/ocd/internal/tui/diffmodel.go:417.15,419.3 1 0
github.com/bladeacer/ocd/internal/tui/diffmodel.go:419.8,421.3 1 0
github.com/bladeacer/ocd/internal/tui/diffmodel.go:422.2,424.20 3 0
github.com/bladeacer/ocd/internal/tui/diffmodel.go:424.20,426.3 1 0
github.com/bladeacer/ocd/internal/tui/diffmodel.go:427.2,427.36 1 0
github.com/bladeacer/ocd/internal/tui/diffmodel.go:427.36,430.22 3 0
github.com/bladeacer/ocd/internal/tui/diffmodel.go:430.22,432.26 2 0
github.com/bladeacer/ocd/internal/tui/diffmodel.go:432.26,434.5 1 0
github.com/bladeacer/ocd/internal/tui/diffmodel.go:435.4,437.22 3 0
github.com/bladeacer/ocd/internal/tui/diffmodel.go:437.22,439.5 1 0
github.com/bladeacer/ocd/internal/tui/diffmodel.go:440.4,440.28 1 0
github.com/bladeacer/ocd/internal/tui/diffmodel.go:442.3,444.18 3 0
github.com/bladeacer/ocd/internal/tui/diffmodel.go:444.18,445.39 1 0
github.com/bladeacer/ocd/internal/tui/diffmodel.go:445.39,447.5 1 0
github.com/bladeacer/ocd/internal/tui/diffmodel.go:447.10,447.46 1 0
github.com/bladeacer/ocd/internal/tui/diffmodel.go:447.46,449.5 1 0
github.com/bladeacer/ocd/internal/tui/diffmodel.go:451.3,451.16 1 0
github.com/bladeacer/ocd/internal/tui/diffmodel.go:453.2,455.17 3 0
github.com/bladeacer/ocd/internal/tui/diffmodel.go:455.17,456.38 1 0
github.com/bladeacer/ocd/internal/tui/diffmodel.go:456.38,458.4 1 0
github.com/bladeacer/ocd/internal/tui/diffmodel.go:458.9,458.45 1 0
github.com/bladeacer/ocd/internal/tui/diffmodel.go:458.45,460.4 1 0
github.com/bladeacer/ocd/internal/tui/diffmodel.go:462.2,462.15 1 0
github.com/bladeacer/ocd/internal/tui/diffmodel.go:473.49,475.30 2 0
github.com/bladeacer/ocd/internal/tui/diffmodel.go:475.30,476.18 1 0
github.com/bladeacer/ocd/internal/tui/diffmodel.go:477.20,484.6 1 0
github.com/bladeacer/ocd/internal/tui/diffmodel.go:485.16,492.6 1 0
github.com/bladeacer/ocd/internal/tui/diffmodel.go:493.16,500.6 1 0
github.com/bladeacer/ocd/internal/tui/diffmodel.go:501.23,506.6 1 0
github.com/bladeacer/ocd/internal/tui/diffmodel.go:507.23,512.6 1 0
github.com/bladeacer/ocd/internal/tui/diffmodel.go:513.11,518.6 1 0
github.com/bladeacer/ocd/internal/tui/diffmodel.go:521.2,521.15 1 0
github.com/bladeacer/ocd/internal/tui/diffmodel.go:524.80,527.23 3 0
github.com/bladeacer/ocd/internal/tui/diffmodel.go:527.23,529.3 1 0
github.com/bladeacer/ocd/internal/tui/diffmodel.go:530.2,530.23 1 0
github.com/bladeacer/ocd/internal/tui/diffmodel.go:530.23,532.3 1 0
github.com/bladeacer/ocd/internal/tui/diffmodel.go:533.2,535.17 2 0
github.com/bladeacer/ocd/internal/tui/diffmodel.go:536.22,539.4 1 0
github.com/bladeacer/ocd/internal/tui/diffmodel.go:540.15,543.4 1 0
github.com/bladeacer/ocd/internal/tui/diffmodel.go:544.15,547.4 1 0
github.com/bladeacer/ocd/internal/tui/diffmodel.go:548.22,551.4 1 0
github.com/bladeacer/ocd/internal/tui/diffmodel.go:552.17,553.12 1 0
github.com/bladeacer/ocd/internal/tui/diffmodel.go:554.10,555.64 1 0
github.com/bladeacer/ocd/internal/tui/diffmodel.go:559.39,560.12 1 0
github.com/bladeacer/ocd/internal/tui/diffmodel.go:560.12,562.3 1 0
github.com/bladeacer/ocd/internal/tui/diffmodel.go:563.2,564.21 2 0
github.com/bladeacer/ocd/internal/tui/diffmodel.go:564.21,566.3 1 0
github.com/bladeacer/ocd/internal/tui/diffmodel.go:567.2,567.11 1 0
github.com/bladeacer/ocd/internal/tui/diffmodel.go:567.11,569.3 1 0
github.com/bladeacer/ocd/internal/tui/diffmodel.go:570.2,570.26 1 0
github.com/bladeacer/ocd/internal/tui/diffmodel.go:573.39,574.17 1 0
github.com/bladeacer/ocd/internal/tui/diffmodel.go:574.17,576.3 1 0
github.com/bladeacer/ocd/internal/tui/diffmodel.go:577.2,577.42 1 0
github.com/bladeacer/ocd/internal/tui/diffmodel.go:580.33,583.22 3 0
github.com/bladeacer/ocd/internal/tui/diffmodel.go:583.22,584.18 1 0
github.com/bladeacer/ocd/internal/tui/diffmodel.go:584.18,586.12 2 0
github.com/bladeacer/ocd/internal/tui/diffmodel.go:588.3,588.15 1 0
github.com/bladeacer/ocd/internal/tui/diffmodel.go:588.15,589.56 1 0
github.com/bladeacer/ocd/internal/tui/diffmodel.go:589.56,591.5 1 0
github.com/bladeacer/ocd/internal/tui/diffmodel.go:592.4,592.12 1 0
github.com/bladeacer/ocd/internal/tui/diffmodel.go:594.3,594.19 1 0
github.com/bladeacer/ocd/internal/tui/diffmodel.go:596.2,596.21 1 0
github.com/bladeacer/ocd/internal/tui/diffmodel.go:599.39,600.21 1 0
github.com/bladeacer/ocd/internal/tui/diffmodel.go:600.21,602.3 1 0
github.com/bladeacer/ocd/internal/tui/diffmodel.go:603.2,606.14 4 0
github.com/bladeacer/ocd/internal/tui/diffmodel.go:606.14,608.3 1 0
github.com/bladeacer/ocd/internal/tui/diffmodel.go:611.57,613.18 2 0
github.com/bladeacer/ocd/internal/tui/diffmodel.go:613.18,615.3 1 0
github.com/bladeacer/ocd/internal/tui/diffmodel.go:616.2,616.11 1 0
github.com/bladeacer/ocd/internal/tui/diffmodel.go:616.11,618.3 1 0
github.com/bladeacer/ocd/internal/tui/diffmodel.go:619.2,619.10 1 0
github.com/bladeacer/ocd/internal/tui/diffmodel.go:622.62,623.27 1 0
github.com/bladeacer/ocd/internal/tui/diffmodel.go:624.25,630.16 6 0
github.com/bladeacer/ocd/internal/tui/diffmodel.go:632.18,633.19 1 0
github.com/bladeacer/ocd/internal/tui/diffmodel.go:633.19,635.4 1 0
github.com/bladeacer/ocd/internal/tui/diffmodel.go:636.3,636.32 1 0
github.com/bladeacer/ocd/internal/tui/diffmodel.go:639.2,641.15 3 0
github.com/bladeacer/ocd/internal/tui/diffmodel.go:652.74,653.22 1 0
github.com/bladeacer/ocd/internal/tui/diffmodel.go:654.27,659.16 5 0
github.com/bladeacer/ocd/internal/tui/diffmodel.go:661.24,666.33 5 0
github.com/bladeacer/ocd/internal/tui/diffmodel.go:666.33,668.4 1 0
github.com/bladeacer/ocd/internal/tui/diffmodel.go:669.3,671.33 3 0
github.com/bladeacer/ocd/internal/tui/diffmodel.go:671.33,673.4 1 0
github.com/bladeacer/ocd/internal/tui/diffmodel.go:674.3,674.16 1 0
github.com/bladeacer/ocd/internal/tui/diffmodel.go:676.20,678.19 2 0
github.com/bladeacer/ocd/internal/tui/diffmodel.go:678.19,680.4 1 0
github.com/bladeacer/ocd/internal/tui/diffmodel.go:681.3,683.16 3 0
github.com/bladeacer/ocd/internal/tui/diffmodel.go:686.2,686.28 1 0
github.com/bladeacer/ocd/internal/tui/diffmodel.go:686.28,691.3 4 0
github.com/bladeacer/ocd/internal/tui/diffmodel.go:693.2,693.15 1 0
github.com/bladeacer/ocd/internal/tui/diffmodel.go:696.42,699.21 3 0
github.com/bladeacer/ocd/internal/tui/diffmodel.go:699.21,701.3 1 0
github.com/bladeacer/ocd/internal/tui/diffmodel.go:702.2,703.30 2 0
github.com/bladeacer/ocd/internal/tui/diffmodel.go:703.30,704.52 1 0
github.com/bladeacer/ocd/internal/tui/diffmodel.go:704.52,706.4 1 0
github.com/bladeacer/ocd/internal/tui/diffmodel.go:710.37,711.33 1 0
github.com/bladeacer/ocd/internal/tui/diffmodel.go:711.33,713.3 1 0
github.com/bladeacer/ocd/internal/tui/diffmodel.go:714.2,716.27 3 0
github.com/bladeacer/ocd/internal/tui/diffmodel.go:716.27,718.3 1 0
github.com/bladeacer/ocd/internal/tui/diffmodel.go:721.74,724.16 2 0
github.com/bladeacer/ocd/internal/tui/diffmodel.go:724.16,728.3 3 0
github.com/bladeacer/ocd/internal/tui/diffmodel.go:730.2,730.35 1 0
github.com/bladeacer/ocd/internal/tui/diffmodel.go:730.35,734.3 3 0
github.com/bladeacer/ocd/internal/tui/diffmodel.go:736.2,736.22 1 0
github.com/bladeacer/ocd/internal/tui/diffmodel.go:736.22,739.19 3 0
github.com/bladeacer/ocd/internal/tui/diffmodel.go:739.19,744.4 4 0
github.com/bladeacer/ocd/internal/tui/diffmodel.go:745.3,745.16 1 0
github.com/bladeacer/ocd/internal/tui/diffmodel.go:748.2,748.16 1 0
github.com/bladeacer/ocd/internal/tui/diffmodel.go:748.16,751.14 3 0
github.com/bladeacer/ocd/internal/tui/diffmodel.go:752.12,754.26 2 0
github.com/bladeacer/ocd/internal/tui/diffmodel.go:754.26,757.30 3 0
github.com/bladeacer/ocd/internal/tui/diffmodel.go:757.30,759.6 1 0
github.com/bladeacer/ocd/internal/tui/diffmodel.go:760.5,761.19 2 0
github.com/bladeacer/ocd/internal/tui/diffmodel.go:761.19,763.6 1 0
github.com/bladeacer/ocd/internal/tui/diffmodel.go:765.4,766.17 2 0
github.com/bladeacer/ocd/internal/tui/diffmodel.go:767.12,769.26 2 0
github.com/bladeacer/ocd/internal/tui/diffmodel.go:769.26,771.30 2 0
github.com/bladeacer/ocd/internal/tui/diffmodel.go:771.30,773.6 1 0
github.com/bladeacer/ocd/internal/tui/diffmodel.go:775.4,776.17 2 0
github.com/bladeacer/ocd/internal/tui/diffmodel.go:777.12,778.26 1 0
github.com/bladeacer/ocd/internal/tui/diffmodel.go:778.26,783.24 5 0
github.com/bladeacer/ocd/internal/tui/diffmodel.go:783.24,785.6 1 0
github.com/bladeacer/ocd/internal/tui/diffmodel.go:785.11,786.31 1 0
github.com/bladeacer/ocd/internal/tui/diffmodel.go:786.31,788.7 1 0
github.com/bladeacer/ocd/internal/tui/diffmodel.go:791.4,792.17 2 0
github.com/bladeacer/ocd/internal/tui/diffmodel.go:794.3,795.16 2 0
github.com/bladeacer/ocd/internal/tui/diffmodel.go:798.2,798.13 1 0
github.com/bladeacer/ocd/internal/tui/diffmodel.go:799.11,803.16 4 0
github.com/bladeacer/ocd/internal/tui/diffmodel.go:804.11,808.16 4 0
github.com/bladeacer/ocd/internal/tui/diffmodel.go:810.11,814.52 4 0
github.com/bladeacer/ocd/internal/tui/diffmodel.go:814.52,821.4 6 0
github.com/bladeacer/ocd/internal/tui/diffmodel.go:822.3,823.12 2 0
github.com/bladeacer/ocd/internal/tui/diffmodel.go:823.12,825.4 1 0
github.com/bladeacer/ocd/internal/tui/diffmodel.go:826.3,826.26 1 0
github.com/bladeacer/ocd/internal/tui/diffmodel.go:826.26,828.4 1 0
github.com/bladeacer/ocd/internal/tui/diffmodel.go:829.3,830.16 2 0
github.com/bladeacer/ocd/internal/tui/diffmodel.go:831.11,835.52 4 0
github.com/bladeacer/ocd/internal/tui/diffmodel.go:835.52,842.4 6 0
github.com/bladeacer/ocd/internal/tui/diffmodel.go:843.3,844.12 2 0
github.com/bladeacer/ocd/internal/tui/diffmodel.go:844.12,846.4 1 0
github.com/bladeacer/ocd/internal/tui/diffmodel.go:847.3,847.26 1 0
github.com/bladeacer/ocd/internal/tui/diffmodel.go:847.26,849.4 1 0
github.com/bladeacer/ocd/internal/tui/diffmodel.go:850.3,851.16 2 0
github.com/bladeacer/ocd/internal/tui/diffmodel.go:853.19,856.12 3 0
github.com/bladeacer/ocd/internal/tui/diffmodel.go:856.12,858.4 1 0
github.com/bladeacer/ocd/internal/tui/diffmodel.go:859.3,861.16 3 0
github.com/bladeacer/ocd/internal/tui/diffmodel.go:863.17,866.12 3 0
github.com/bladeacer/ocd/internal/tui/diffmodel.go:866.12,868.4 1 0
github.com/bladeacer/ocd/internal/tui/diffmodel.go:869.3,871.16 3 0
github.com/bladeacer/ocd/internal/tui/diffmodel.go:873.11,879.39 6 0
github.com/bladeacer/ocd/internal/tui/diffmodel.go:879.39,881.4 1 0
github.com/bladeacer/ocd/internal/tui/diffmodel.go:882.3,882.16 1 0
github.com/bladeacer/ocd/internal/tui/diffmodel.go:884.11,886.17 2 0
github.com/bladeacer/ocd/internal/tui/diffmodel.go:886.17,889.4 2 0
github.com/bladeacer/ocd/internal/tui/diffmodel.go:889.9,891.4 1 0
github.com/bladeacer/ocd/internal/tui/diffmodel.go:892.3,893.16 2 0
github.com/bladeacer/ocd/internal/tui/diffmodel.go:894.11,899.16 5 0
github.com/bladeacer/ocd/internal/tui/diffmodel.go:901.11,903.17 2 0
github.com/bladeacer/ocd/internal/tui/diffmodel.go:903.17,906.26 3 0
github.com/bladeacer/ocd/internal/tui/diffmodel.go:906.26,909.30 3 0
github.com/bladeacer/ocd/internal/tui/diffmodel.go:909.30,911.6 1 0
github.com/bladeacer/ocd/internal/tui/diffmodel.go:912.5,913.19 2 0
github.com/bladeacer/ocd/internal/tui/diffmodel.go:913.19,915.6 1 0
github.com/bladeacer/ocd/internal/tui/diffmodel.go:917.9,919.4 1 0
github.com/bladeacer/ocd/internal/tui/diffmodel.go:920.3,921.16 2 0
github.com/bladeacer/ocd/internal/tui/diffmodel.go:923.11,931.16 8 0
github.com/bladeacer/ocd/internal/tui/diffmodel.go:933.11,936.17 3 0
github.com/bladeacer/ocd/internal/tui/diffmodel.go:936.17,939.4 2 0
github.com/bladeacer/ocd/internal/tui/diffmodel.go:940.3,941.25 2 0
github.com/bladeacer/ocd/internal/tui/diffmodel.go:943.11,947.24 4 0
github.com/bladeacer/ocd/internal/tui/diffmodel.go:949.11,953.29 4 0
github.com/bladeacer/ocd/internal/tui/diffmodel.go:955.11,961.16 6 0
github.com/bladeacer/ocd/internal/tui/diffmodel.go:963.15,967.16 4 0
github.com/bladeacer/ocd/internal/tui/diffmodel.go:969.15,973.16 4 0
github.com/bladeacer/ocd/internal/tui/diffmodel.go:976.2,980.53 4 0
github.com/bladeacer/ocd/internal/tui/diffmodel.go:980.53,982.25 2 0
github.com/bladeacer/ocd/internal/tui/diffmodel.go:982.25,985.4 2 0
github.com/bladeacer/ocd/internal/tui/diffmodel.go:988.2,990.15 3 0
github.com/bladeacer/ocd/internal/tui/diffmodel.go:993.53,995.52 2 0
github.com/bladeacer/ocd/internal/tui/diffmodel.go:995.52,997.3 1 0
github.com/bladeacer/ocd/internal/tui/diffmodel.go:998.2,998.34 1 0
github.com/bladeacer/ocd/internal/tui/diffmodel.go:1001.40,1002.24 1 0
github.com/bladeacer/ocd/internal/tui/diffmodel.go:1002.24,1003.26 1 0
github.com/bladeacer/ocd/internal/tui/diffmodel.go:1003.26,1005.4 1 0
github.com/bladeacer/ocd/internal/tui/diffmodel.go:1006.3,1008.39 3 0
github.com/bladeacer/ocd/internal/tui/diffmodel.go:1008.39,1010.4 1 0
github.com/bladeacer/ocd/internal/tui/diffmodel.go:1011.3,1012.50 2 0
github.com/bladeacer/ocd/internal/tui/diffmodel.go:1012.50,1014.4 1 0
github.com/bladeacer/ocd/internal/tui/diffmodel.go:1015.3,1015.13 1 0
github.com/bladeacer/ocd/internal/tui/diffmodel.go:1019.47,1020.24 1 0
github.com/bladeacer/ocd/internal/tui/diffmodel.go:1020.24,1021.26 1 0
github.com/bladeacer/ocd/internal/tui/diffmodel.go:1021.26,1023.4 1 0
github.com/bladeacer/ocd/internal/tui/diffmodel.go:1024.3,1025.42 2 0
github.com/bladeacer/ocd/internal/tui/diffmodel.go:1025.42,1026.67 1 0
github.com/bladeacer/ocd/internal/tui/diffmodel.go:1026.67,1028.5 1 0
github.com/bladeacer/ocd/internal/tui/diffmodel.go:1030.3,1030.13 1 0
github.com/bladeacer/ocd/internal/tui/diffmodel.go:1034.39,1035.24 1 0
github.com/bladeacer/ocd/internal/tui/diffmodel.go:1035.24,1037.50 2 0
github.com/bladeacer/ocd/internal/tui/diffmodel.go:1037.50,1039.4 1 0
github.com/bladeacer/ocd/internal/tui/diffmodel.go:1040.3,1040.13 1 0
github.com/bladeacer/ocd/internal/tui/diffmodel.go:1044.44,1046.16 2 0
github.com/bladeacer/ocd/internal/tui/diffmodel.go:1046.16,1048.3 1 0
github.com/bladeacer/ocd/internal/tui/diffmodel.go:1049.2,1050.56 2 0
github.com/bladeacer/ocd/internal/tui/diffmodel.go:1050.56,1053.3 2 0
github.com/bladeacer/ocd/internal/tui/diffmodel.go:1054.2,1057.18 3 0
github.com/bladeacer/ocd/internal/tui/diffmodel.go:1057.18,1059.3 1 0
github.com/bladeacer/ocd/internal/tui/diffmodel.go:1060.2,1061.54 2 0
github.com/bladeacer/ocd/internal/tui/diffmodel.go:1061.54,1064.3 2 0
github.com/bladeacer/ocd/internal/tui/diffmodel.go:1067.32,1068.25 1 0
github.com/bladeacer/ocd/internal/tui/diffmodel.go:1068.25,1070.3 1 0
github.com/bladeacer/ocd/internal/tui/diffmodel.go:1071.2,1073.48 3 0
github.com/bladeacer/ocd/internal/tui/diffmodel.go:1073.48,1075.3 1 0
github.com/bladeacer/ocd/internal/tui/diffmodel.go:1078.32,1079.25 1 0
github.com/bladeacer/ocd/internal/tui/diffmodel.go:1079.25,1081.3 1 0
github.com/bladeacer/ocd/internal/tui/diffmodel.go:1082.2,1083.23 2 0
github.com/bladeacer/ocd/internal/tui/diffmodel.go:1083.23,1085.3 1 0
github.com/bladeacer/ocd/internal/tui/diffmodel.go:1086.2,1087.48 2 0
github.com/bladeacer/ocd/internal/tui/diffmodel.go:1087.48,1089.3 1 0
github.com/bladeacer/ocd/internal/tui/diffmodel.go:1092.46,1093.25 1 0
github.com/bladeacer/ocd/internal/tui/diffmodel.go:1093.25,1095.3 1 0
github.com/bladeacer/ocd/internal/tui/diffmodel.go:1096.2,1098.38 3 0
github.com/bladeacer/ocd/internal/tui/diffmodel.go:1098.38,1100.3 1 0
github.com/bladeacer/ocd/internal/tui/diffmodel.go:1101.2,1101.19 1 0
github.com/bladeacer/ocd/internal/tui/diffmodel.go:1104.35,1105.14 1 0
github.com/bladeacer/ocd/internal/tui/diffmodel.go:1105.14,1107.3 1 0
github.com/bladeacer/ocd/internal/tui/diffmodel.go:1108.2,1108.66 1 0
github.com/bladeacer/ocd/internal/tui/diffmodel.go:1108.66,1111.3 2 0
github.com/bladeacer/ocd/internal/tui/diffmodel.go:1111.8,1111.55 1 0
github.com/bladeacer/ocd/internal/tui/diffmodel.go:1111.55,1113.3 1 0
github.com/bladeacer/ocd/internal/tui/diffmodel.go:1113.8,1113.34 1 0
github.com/bladeacer/ocd/internal/tui/diffmodel.go:1113.34,1115.3 1 0
github.com/bladeacer/ocd/internal/tui/diffmodel.go:1117.2,1117.16 1 0
github.com/bladeacer/ocd/internal/tui/diffmodel.go:1117.16,1119.3 1 0
github.com/bladeacer/ocd/internal/tui/diffmodel.go:1121.2,1123.18 3 0
github.com/bladeacer/ocd/internal/tui/diffmodel.go:1123.18,1125.3 1 0
github.com/bladeacer/ocd/internal/tui/diffmodel.go:1127.2,1128.24 2 0
github.com/bladeacer/ocd/internal/tui/diffmodel.go:1128.24,1132.3 1 0
github.com/bladeacer/ocd/internal/tui/diffmodel.go:1134.2,1140.59 2 0
github.com/bladeacer/ocd/internal/tui/diffmodel.go:1143.41,1168.2 4 0
github.com/bladeacer/ocd/internal/tui/diffmodel.go:1170.53,1175.2 4 0
github.com/bladeacer/ocd/internal/tui/model.go:68.49,117.2 12 0
github.com/bladeacer/ocd/internal/tui/model.go:119.32,121.2 1 0
github.com/bladeacer/ocd/internal/tui/model.go:123.38,126.2 2 0
github.com/bladeacer/ocd/internal/tui/model.go:128.37,131.2 2 0
github.com/bladeacer/ocd/internal/tui/model.go:133.58,134.27 1 0
github.com/bladeacer/ocd/internal/tui/model.go:135.25,138.16 3 0
github.com/bladeacer/ocd/internal/tui/model.go:140.21,142.30 2 0
github.com/bladeacer/ocd/internal/tui/model.go:142.30,145.4 2 0
github.com/bladeacer/ocd/internal/tui/model.go:146.3,149.16 4 0
github.com/bladeacer/ocd/internal/tui/model.go:151.15,152.30 1 0
github.com/bladeacer/ocd/internal/tui/model.go:152.30,154.42 2 0
github.com/bladeacer/ocd/internal/tui/model.go:154.42,156.5 1 0
github.com/bladeacer/ocd/internal/tui/model.go:157.4,157.26 1 0
github.com/bladeacer/ocd/internal/tui/model.go:159.3,159.16 1 0
github.com/bladeacer/ocd/internal/tui/model.go:161.18,162.26 1 0
github.com/bladeacer/ocd/internal/tui/model.go:164.23,167.16 3 0
github.com/bladeacer/ocd/internal/tui/model.go:170.2,170.15 1 0
github.com/bladeacer/ocd/internal/tui/model.go:173.64,174.17 1 0
github.com/bladeacer/ocd/internal/tui/model.go:175.20,176.33 1 0
github.com/bladeacer/ocd/internal/tui/model.go:177.18,178.31 1 0
github.com/bladeacer/ocd/internal/tui/model.go:179.19,180.32 1 0
github.com/bladeacer/ocd/internal/tui/model.go:181.20,182.33 1 0
github.com/bladeacer/ocd/internal/tui/model.go:184.2,184.15 1 0
github.com/bladeacer/ocd/internal/tui/model.go:187.71,188.53 1 0
github.com/bladeacer/ocd/internal/tui/model.go:188.53,190.3 1 0
github.com/bladeacer/ocd/internal/tui/model.go:191.2,191.15 1 0
github.com/bladeacer/ocd/internal/tui/model.go:194.69,197.16 2 0
github.com/bladeacer/ocd/internal/tui/model.go:197.16,200.3 2 0
github.com/bladeacer/ocd/internal/tui/model.go:202.2,202.13 1 0
github.com/bladeacer/ocd/internal/tui/model.go:203.21,204.21 1 0
github.com/bladeacer/ocd/internal/tui/model.go:206.17,208.16 2 0
github.com/bladeacer/ocd/internal/tui/model.go:210.16,211.23 1 0
github.com/bladeacer/ocd/internal/tui/model.go:213.11,217.16 4 0
github.com/bladeacer/ocd/internal/tui/model.go:219.11,221.19 2 0
github.com/bladeacer/ocd/internal/tui/model.go:223.11,225.19 2 0
github.com/bladeacer/ocd/internal/tui/model.go:227.11,229.19 2 0
github.com/bladeacer/ocd/internal/tui/model.go:231.11,233.19 2 0
github.com/bladeacer/ocd/internal/tui/model.go:235.11,237.16 2 0
github.com/bladeacer/ocd/internal/tui/model.go:240.2,242.15 3 0
github.com/bladeacer/ocd/internal/tui/model.go:245.70,246.22 1 0
github.com/bladeacer/ocd/internal/tui/model.go:247.27,253.16 6 0
github.com/bladeacer/ocd/internal/tui/model.go:255.24,260.16 5 0
github.com/bladeacer/ocd/internal/tui/model.go:262.19,264.19 2 0
github.com/bladeacer/ocd/internal/tui/model.go:264.19,266.4 1 0
github.com/bladeacer/ocd/internal/tui/model.go:267.3,269.16 3 0
github.com/bladeacer/ocd/internal/tui/model.go:270.11,277.16 7 0
github.com/bladeacer/ocd/internal/tui/model.go:280.2,280.28 1 0
github.com/bladeacer/ocd/internal/tui/model.go:280.28,285.3 4 0
github.com/bladeacer/ocd/internal/tui/model.go:287.2,287.15 1 0
github.com/bladeacer/ocd/internal/tui/model.go:290.71,291.22 1 0
github.com/bladeacer/ocd/internal/tui/model.go:292.21,293.21 1 0
github.com/bladeacer/ocd/internal/tui/model.go:294.27,297.16 3 0
github.com/bladeacer/ocd/internal/tui/model.go:299.2,299.15 1 0
github.com/bladeacer/ocd/internal/tui/model.go:302.50,304.16 2 0
github.com/bladeacer/ocd/internal/tui/model.go:304.16,306.3 1 0
github.com/bladeacer/ocd/internal/tui/model.go:307.2,309.15 3 0
github.com/bladeacer/ocd/internal/tui/model.go:312.32,315.29 2 0
github.com/bladeacer/ocd/internal/tui/model.go:315.29,320.42 4 0
github.com/bladeacer/ocd/internal/tui/model.go:320.42,321.12 1 0
github.com/bladeacer/ocd/internal/tui/model.go:323.3,323.25 1 0
github.com/bladeacer/ocd/internal/tui/model.go:323.25,325.35 2 0
github.com/bladeacer/ocd/internal/tui/model.go:325.35,326.29 1 0
github.com/bladeacer/ocd/internal/tui/model.go:326.29,328.11 2 0
github.com/bladeacer/ocd/internal/tui/model.go:331.4,331.15 1 0
github.com/bladeacer/ocd/internal/tui/model.go:331.15,332.13 1 0
github.com/bladeacer/ocd/internal/tui/model.go:335.3,335.46 1 0
github.com/bladeacer/ocd/internal/tui/model.go:335.46,336.12 1 0
github.com/bladeacer/ocd/internal/tui/model.go:338.3,338.26 1 0
github.com/bladeacer/ocd/internal/tui/model.go:338.26,340.69 2 0
github.com/bladeacer/ocd/internal/tui/model.go:340.69,341.13 1 0
github.com/bladeacer/ocd/internal/tui/model.go:344.3,344.35 1 0
github.com/bladeacer/ocd/internal/tui/model.go:347.2,348.21 2 0
github.com/bladeacer/ocd/internal/tui/model.go:351.50,353.2 1 0
github.com/bladeacer/ocd/internal/tui/model.go:355.35,357.17 2 0
github.com/bladeacer/ocd/internal/tui/model.go:357.17,359.3 1 0
github.com/bladeacer/ocd/internal/tui/model.go:361.2,364.41 3 0
github.com/bladeacer/ocd/internal/tui/model.go:364.41,368.23 3 0
github.com/bladeacer/ocd/internal/tui/model.go:368.23,371.22 3 0
github.com/bladeacer/ocd/internal/tui/model.go:371.22,373.5 1 0
github.com/bladeacer/ocd/internal/tui/model.go:375.3,375.37 1 0
github.com/bladeacer/ocd/internal/tui/model.go:378.2,378.23 1 0
github.com/bladeacer/ocd/internal/tui/model.go:381.29,385.37 3 0
github.com/bladeacer/ocd/internal/tui/model.go:385.37,387.3 1 0
github.com/bladeacer/ocd/internal/tui/model.go:389.2,392.46 3 0
github.com/bladeacer/ocd/internal/tui/model.go:392.46,397.3 1 0
github.com/bladeacer/ocd/internal/tui/model.go:399.2,401.36 2 0
github.com/bladeacer/ocd/internal/tui/model.go:401.36,404.16 3 0
github.com/bladeacer/ocd/internal/tui/model.go:404.16,405.12 1 0
github.com/bladeacer/ocd/internal/tui/model.go:407.3,411.16 4 0
github.com/bladeacer/ocd/internal/tui/model.go:411.16,412.38 1 0
github.com/bladeacer/ocd/internal/tui/model.go:412.38,414.5 1 0
github.com/bladeacer/ocd/internal/tui/model.go:417.3,419.33 3 0
github.com/bladeacer/ocd/internal/tui/model.go:419.33,420.17 1 0
github.com/bladeacer/ocd/internal/tui/model.go:420.17,422.5 1 0
github.com/bladeacer/ocd/internal/tui/model.go:422.10,424.5 1 0
github.com/bladeacer/ocd/internal/tui/model.go:427.3,428.52 2 0
github.com/bladeacer/ocd/internal/tui/model.go:428.52,430.4 1 0
github.com/bladeacer/ocd/internal/tui/model.go:432.3,433.21 2 0
github.com/bladeacer/ocd/internal/tui/model.go:433.21,435.4 1 0
github.com/bladeacer/ocd/internal/tui/model.go:437.3,446.5 1 0
github.com/bladeacer/ocd/internal/tui/model.go:449.2,450.19 2 0
github.com/bladeacer/ocd/internal/tui/model.go:453.41,464.2 1 0
github.com/bladeacer/ocd/internal/tui/model.go:466.42,469.16 3 0
github.com/bladeacer/ocd/internal/tui/model.go:469.16,471.3 1 0
github.com/bladeacer/ocd/internal/tui/model.go:472.2,473.9 2 0
github.com/bladeacer/ocd/internal/tui/model.go:473.9,475.3 1 0
github.com/bladeacer/ocd/internal/tui/model.go:476.2,476.30 1 0
github.com/bladeacer/ocd/internal/tui/model.go:476.30,478.3 1 0
github.com/bladeacer/ocd/internal/tui/model.go:479.2,479.25 1 0
github.com/bladeacer/ocd/internal/tui/model.go:482.35,485.26 3 0
github.com/bladeacer/ocd/internal/tui/model.go:485.26,486.12 1 0
github.com/bladeacer/ocd/internal/tui/model.go:486.12,488.4 1 0
github.com/bladeacer/ocd/internal/tui/model.go:490.2,490.13 1 0
github.com/bladeacer/ocd/internal/tui/model.go:493.25,495.22 2 0
github.com/bladeacer/ocd/internal/tui/model.go:495.22,496.27 1 0
github.com/bladeacer/ocd/internal/tui/model.go:496.27,498.4 1 0
github.com/bladeacer/ocd/internal/tui/model.go:500.2,500.10 1 0
github.com/bladeacer/ocd/internal/tui/model.go:503.38,504.25 1 0
github.com/bladeacer/ocd/internal/tui/model.go:504.25,507.17 3 0
github.com/bladeacer/ocd/internal/tui/model.go:507.17,509.4 1 0
github.com/bladeacer/ocd/internal/tui/model.go:510.3,510.17 1 0
github.com/bladeacer/ocd/internal/tui/model.go:510.17,512.4 1 0
github.com/bladeacer/ocd/internal/tui/model.go:513.3,513.15 1 0
github.com/bladeacer/ocd/internal/tui/model.go:513.15,515.4 1 0
github.com/bladeacer/ocd/internal/tui/model.go:517.2,517.10 1 0
github.com/bladeacer/ocd/internal/tui/model.go:520.38,521.37 1 0
github.com/bladeacer/ocd/internal/tui/model.go:521.37,523.3 1 0
github.com/bladeacer/ocd/internal/tui/model.go:524.2,524.16 1 0
github.com/bladeacer/ocd/internal/tui/model.go:525.22,526.11 1 0
github.com/bladeacer/ocd/internal/tui/model.go:527.19,528.11 1 0
github.com/bladeacer/ocd/internal/tui/model.go:529.24,530.11 1 0
github.com/bladeacer/ocd/internal/tui/model.go:532.2,532.10 1 0
github.com/bladeacer/ocd/internal/tui/model.go:535.35,536.13 1 0
github.com/bladeacer/ocd/internal/tui/model.go:536.13,538.3 1 0
github.com/bladeacer/ocd/internal/tui/model.go:539.2,539.16 1 0
github.com/bladeacer/ocd/internal/tui/pickermodel.go:47.61,77.2 8 0
github.com/bladeacer/ocd/internal/tui/pickermodel.go:79.38,81.2 1 0
github.com/bladeacer/ocd/internal/tui/pickermodel.go:83.42,86.2 2 0
github.com/bladeacer/ocd/internal/tui/pickermodel.go:88.64,89.27 1 0
github.com/bladeacer/ocd/internal/tui/pickermodel.go:90.21,92.30 2 0
github.com/bladeacer/ocd/internal/tui/pickermodel.go:92.30,95.4 2 0
github.com/bladeacer/ocd/internal/tui/pickermodel.go:96.3,98.16 3 0
github.com/bladeacer/ocd/internal/tui/pickermodel.go:100.32,103.16 3 0
github.com/bladeacer/ocd/internal/tui/pickermodel.go:105.18,106.38 1 0
github.com/bladeacer/ocd/internal/tui/pickermodel.go:106.38,107.55 1 0
github.com/bladeacer/ocd/internal/tui/pickermodel.go:107.55,110.5 2 0
github.com/bladeacer/ocd/internal/tui/pickermodel.go:111.4,111.17 1 0
github.com/bladeacer/ocd/internal/tui/pickermodel.go:114.3,114.26 1 0
github.com/bladeacer/ocd/internal/tui/pickermodel.go:117.2,117.15 1 0
github.com/bladeacer/ocd/internal/tui/pickermodel.go:120.70,121.18 1 0
github.com/bladeacer/ocd/internal/tui/pickermodel.go:121.18,123.3 1 0
github.com/bladeacer/ocd/internal/tui/pickermodel.go:125.2,127.16 2 0
github.com/bladeacer/ocd/internal/tui/pickermodel.go:127.16,130.3 2 0
github.com/bladeacer/ocd/internal/tui/pickermodel.go:132.2,132.13 1 0
github.com/bladeacer/ocd/internal/tui/pickermodel.go:133.21,135.21 2 0
github.com/bladeacer/ocd/internal/tui/pickermodel.go:136.17,138.16 2 0
github.com/bladeacer/ocd/internal/tui/pickermodel.go:139.11,143.16 4 0
github.com/bladeacer/ocd/internal/tui/pickermodel.go:144.16,145.27 1 0
github.com/bladeacer/ocd/internal/tui/pickermodel.go:146.11,148.18 2 0
github.com/bladeacer/ocd/internal/tui/pickermodel.go:149.11,151.18 2 0
github.com/bladeacer/ocd/internal/tui/pickermodel.go:152.11,154.16 2 0
github.com/bladeacer/ocd/internal/tui/pickermodel.go:157.2,159.15 3 0
github.com/bladeacer/ocd/internal/tui/pickermodel.go:162.76,163.22 1 0
github.com/bladeacer/ocd/internal/tui/pickermodel.go:164.27,170.16 6 0
github.com/bladeacer/ocd/internal/tui/pickermodel.go:171.24,176.16 5 0
github.com/bladeacer/ocd/internal/tui/pickermodel.go:177.20,179.19 2 0
github.com/bladeacer/ocd/internal/tui/pickermodel.go:179.19,181.4 1 0
github.com/bladeacer/ocd/internal/tui/pickermodel.go:182.3,184.16 3 0
github.com/bladeacer/ocd/internal/tui/pickermodel.go:185.11,192.16 7 0
github.com/bladeacer/ocd/internal/tui/pickermodel.go:195.2,195.28 1 0
github.com/bladeacer/ocd/internal/tui/pickermodel.go:195.28,200.3 4 0
github.com/bladeacer/ocd/internal/tui/pickermodel.go:202.2,202.15 1 0
github.com/bladeacer/ocd/internal/tui/pickermodel.go:205.60,207.16 2 0
github.com/bladeacer/ocd/internal/tui/pickermodel.go:207.16,209.3 1 0
github.com/bladeacer/ocd/internal/tui/pickermodel.go:210.2,211.29 2 0
github.com/bladeacer/ocd/internal/tui/pickermodel.go:211.29,217.3 5 0
github.com/bladeacer/ocd/internal/tui/pickermodel.go:217.8,221.3 3 0
github.com/bladeacer/ocd/internal/tui/pickermodel.go:222.2,222.15 1 0
github.com/bladeacer/ocd/internal/tui/pickermodel.go:225.35,227.38 2 0
github.com/bladeacer/ocd/internal/tui/pickermodel.go:227.38,232.3 1 0
github.com/bladeacer/ocd/internal/tui/pickermodel.go:234.2,236.37 3 0
github.com/bladeacer/ocd/internal/tui/pickermodel.go:236.37,238.3 1 0
github.com/bladeacer/ocd/internal/tui/pickermodel.go:240.2,240.24 1 0
github.com/bladeacer/ocd/internal/tui/pickermodel.go:240.24,241.58 1 0
github.com/bladeacer/ocd/internal/tui/pickermodel.go:241.58,242.12 1 0
github.com/bladeacer/ocd/internal/tui/pickermodel.go:244.3,245.21 2 0
github.com/bladeacer/ocd/internal/tui/pickermodel.go:245.21,247.4 1 0
github.com/bladeacer/ocd/internal/tui/pickermodel.go:249.3,250.31 2 0
github.com/bladeacer/ocd/internal/tui/pickermodel.go:250.31,251.28 1 0
github.com/bladeacer/ocd/internal/tui/pickermodel.go:251.28,253.5 1 0
github.com/bladeacer/ocd/internal/tui/pickermodel.go:253.10,255.5 1 0
github.com/bladeacer/ocd/internal/tui/pickermodel.go:258.3,259.16 2 0
github.com/bladeacer/ocd/internal/tui/pickermodel.go:259.16,261.4 1 0
github.com/bladeacer/ocd/internal/tui/pickermodel.go:261.9,263.4 1 0
github.com/bladeacer/ocd/internal/tui/pickermodel.go:265.3,271.5 1 0
github.com/bladeacer/ocd/internal/tui/pickermodel.go:273.2,273.15 1 0
github.com/bladeacer/ocd/internal/tui/pickermodel.go:276.57,279.2 2 0
github.com/bladeacer/ocd/internal/tui/pickermodel.go:281.37,284.29 2 0
github.com/bladeacer/ocd/internal/tui/pickermodel.go:284.29,285.43 1 0
github.com/bladeacer/ocd/internal/tui/pickermodel.go:285.43,286.12 1 0
github.com/bladeacer/ocd/internal/tui/pickermodel.go:288.3,288.44 1 0
github.com/bladeacer/ocd/internal/tui/pickermodel.go:288.44,290.35 2 0
github.com/bladeacer/ocd/internal/tui/pickermodel.go:290.35,291.28 1 0
github.com/bladeacer/ocd/internal/tui/pickermodel.go:291.28,293.11 2 0
github.com/bladeacer/ocd/internal/tui/pickermodel.go:296.4,296.15 1 0
github.com/bladeacer/ocd/internal/tui/pickermodel.go:296.15,297.13 1 0
github.com/bladeacer/ocd/internal/tui/pickermodel.go:300.3,300.22 1 0
github.com/bladeacer/ocd/internal/tui/pickermodel.go:300.22,302.63 2 0
github.com/bladeacer/ocd/internal/tui/pickermodel.go:302.63,303.13 1 0
github.com/bladeacer/ocd/internal/tui/pickermodel.go:306.3,306.35 1 0
github.com/bladeacer/ocd/internal/tui/pickermodel.go:309.2,309.49 1 0
github.com/bladeacer/ocd/internal/tui/pickermodel.go:309.49,312.19 3 0
github.com/bladeacer/ocd/internal/tui/pickermodel.go:312.19,314.4 1 0
github.com/bladeacer/ocd/internal/tui/pickermodel.go:315.3,318.8 1 0
github.com/bladeacer/ocd/internal/tui/pickermodel.go:321.2,321.25 1 0
github.com/bladeacer/ocd/internal/tui/pickermodel.go:324.37,325.18 1 0
github.com/bladeacer/ocd/internal/tui/pickermodel.go:325.18,327.3 1 0
github.com/bladeacer/ocd/internal/tui/pickermodel.go:328.2,328.21 1 0
github.com/bladeacer/ocd/internal/tui/pickermodel.go:328.21,330.3 1 0
github.com/bladeacer/ocd/internal/tui/pickermodel.go:332.2,332.16 1 0
github.com/bladeacer/ocd/internal/tui/pickermodel.go:332.16,346.3 3 0
github.com/bladeacer/ocd/internal/tui/pickermodel.go:348.2,349.30 2 0
github.com/bladeacer/ocd/internal/tui/pickermodel.go:349.30,351.3 1 0
github.com/bladeacer/ocd/internal/tui/pickermodel.go:353.2,354.18 2 0
github.com/bladeacer/ocd/internal/tui/pickermodel.go:354.18,356.3 1 0
github.com/bladeacer/ocd/internal/tui/pickermodel.go:358.2,365.92 3 0
github.com/bladeacer/ocd/internal/tui/pickermodel.go:368.75,372.16 4 0
github.com/bladeacer/ocd/internal/tui/pickermodel.go:372.16,374.3 1 0
github.com/bladeacer/ocd/internal/tui/pickermodel.go:375.2,376.25 2 0
github.com/bladeacer/ocd/internal/tui/pickermodel.go:376.25,378.3 1 0
github.com/bladeacer/ocd/internal/tui/pickermodel.go:379.2,379.47 1 0
github.com/bladeacer/ocd/internal/tui/spinner.go:18.55,27.2 4 0
github.com/bladeacer/ocd/internal/tui/spinner.go:29.39,31.2 1 0
github.com/bladeacer/ocd/internal/tui/spinner.go:33.45,36.2 2 0
github.com/bladeacer/ocd/internal/tui/spinner.go:38.69,39.27 1 0
github.com/bladeacer/ocd/internal/tui/spinner.go:40.15,42.37 2 0
github.com/bladeacer/ocd/internal/tui/spinner.go:42.37,44.4 1 0
github.com/bladeacer/ocd/internal/tui/spinner.go:45.3,45.25 1 0
github.com/bladeacer/ocd/internal/tui/spinner.go:46.23,49.16 3 0
github.com/bladeacer/ocd/internal/tui/spinner.go:51.2,51.15 1 0
github.com/bladeacer/ocd/internal/tui/spinner.go:54.38,58.2 3 0
github.com/bladeacer/ocd/internal/tui/spinner.go:60.39,62.2 1 0
github.com/bladeacer/ocd/internal/tui/styles.go:42.33,54.2 4 0
github.com/bladeacer/ocd/internal/tui/view.go:17.31,18.17 1 0
github.com/bladeacer/ocd/internal/tui/view.go:19.20,20.25 1 0
github.com/bladeacer/ocd/internal/tui/view.go:21.31,22.30 1 0
github.com/bladeacer/ocd/internal/tui/view.go:23.20,24.25 1 0
github.com/bladeacer/ocd/internal/tui/view.go:26.2,26.11 1 0
github.com/bladeacer/ocd/internal/tui/view.go:29.38,30.18 1 0
github.com/bladeacer/ocd/internal/tui/view.go:30.18,32.3 1 0
github.com/bladeacer/ocd/internal/tui/view.go:34.2,37.84 3 0
github.com/bladeacer/ocd/internal/tui/view.go:40.43,41.16 1 0
github.com/bladeacer/ocd/internal/tui/view.go:41.16,43.3 1 0
github.com/bladeacer/ocd/internal/tui/view.go:45.2,49.28 3 0
github.com/bladeacer/ocd/internal/tui/view.go:49.28,51.3 1 0
github.com/bladeacer/ocd/internal/tui/view.go:53.2,58.19 4 0
github.com/bladeacer/ocd/internal/tui/view.go:61.37,78.2 3 0
github.com/bladeacer/ocd/internal/tui/view.go:80.37,92.2 4 0
github.com/bladeacer/ocd/internal/tui/view.go:94.50,95.12 1 0
github.com/bladeacer/ocd/internal/tui/view.go:95.12,97.3 1 0
github.com/bladeacer/ocd/internal/tui/view.go:98.2,98.53 1 0
github.com/bladeacer/ocd/internal/tui/view.go:101.38,109.2 3 0
github.com/bladeacer/ocd/main.go:18.13,33.39 6 0
github.com/bladeacer/ocd/main.go:33.39,36.3 2 0
github.com/bladeacer/ocd/cmd/clean.go:12.35,16.55 1 0
github.com/bladeacer/ocd/cmd/clean.go:16.55,18.36 2 0
github.com/bladeacer/ocd/cmd/clean.go:18.36,20.5 1 0
github.com/bladeacer/ocd/cmd/clean.go:21.4,21.62 1 0
github.com/bladeacer/ocd/cmd/clean.go:21.62,23.5 1 0
github.com/bladeacer/ocd/cmd/clean.go:24.4,25.14 2 0
github.com/bladeacer/ocd/cmd/clean.go:29.2,29.12 1 0
github.com/bladeacer/ocd/cmd/diff.go:16.38,18.38 2 0
github.com/bladeacer/ocd/cmd/diff.go:18.38,20.3 1 0
github.com/bladeacer/ocd/cmd/diff.go:21.2,23.12 3 0
github.com/bladeacer/ocd/cmd/diff.go:26.34,39.55 3 0
github.com/bladeacer/ocd/cmd/diff.go:39.55,42.22 2 0
github.com/bladeacer/ocd/cmd/diff.go:42.22,45.5 2 0
github.com/bladeacer/ocd/cmd/diff.go:45.10,45.44 1 0
github.com/bladeacer/ocd/cmd/diff.go:45.44,51.19 5 0
github.com/bladeacer/ocd/cmd/diff.go:51.19,53.6 1 0
github.com/bladeacer/ocd/cmd/diff.go:54.5,54.41 1 0
github.com/bladeacer/ocd/cmd/diff.go:54.41,57.6 2 0
github.com/bladeacer/ocd/cmd/diff.go:58.10,60.5 1 0
github.com/bladeacer/ocd/cmd/diff.go:62.4,62.46 1 0
github.com/bladeacer/ocd/cmd/diff.go:62.46,64.5 1 0
github.com/bladeacer/ocd/cmd/diff.go:65.4,65.46 1 0
github.com/bladeacer/ocd/cmd/diff.go:65.46,67.5 1 0
github.com/bladeacer/ocd/cmd/diff.go:69.4,70.27 2 0
github.com/bladeacer/ocd/cmd/diff.go:70.27,72.5 1 0
github.com/bladeacer/ocd/cmd/diff.go:74.4,74.36 1 0
github.com/bladeacer/ocd/cmd/diff.go:78.2,80.12 3 0
github.com/bladeacer/ocd/cmd/extract.go:11.37,18.55 1 0
github.com/bladeacer/ocd/cmd/extract.go:18.55,21.18 3 0
github.com/bladeacer/ocd/cmd/extract.go:21.18,23.5 1 0
github.com/bladeacer/ocd/cmd/extract.go:24.4,25.14 2 0
github.com/bladeacer/ocd/cmd/extract.go:29.2,29.12 1 0
github.com/bladeacer/ocd/cmd/interact.go:14.38,23.55 2 0
github.com/bladeacer/ocd/cmd/interact.go:23.55,29.18 5 0
github.com/bladeacer/ocd/cmd/interact.go:29.18,31.5 1 0
github.com/bladeacer/ocd/cmd/interact.go:32.4,32.30 1 0
github.com/bladeacer/ocd/cmd/interact.go:32.30,35.5 2 0
github.com/bladeacer/ocd/cmd/interact.go:37.4,39.18 3 0
github.com/bladeacer/ocd/cmd/interact.go:39.18,41.5 1 0
github.com/bladeacer/ocd/cmd/interact.go:42.4,43.14 2 0
github.com/bladeacer/ocd/cmd/interact.go:47.2,48.12 2 0
github.com/bladeacer/ocd/internal/cache/cache.go:28.36,33.49 2 0
github.com/bladeacer/ocd/internal/cache/cache.go:33.49,34.13 1 0
github.com/bladeacer/ocd/internal/cache/cache.go:36.2,36.10 1 0
github.com/bladeacer/ocd/internal/cache/cache.go:39.42,41.2 1 0
github.com/bladeacer/ocd/internal/cache/cache.go:43.55,46.16 3 0
github.com/bladeacer/ocd/internal/cache/cache.go:46.16,47.25 1 0
github.com/bladeacer/ocd/internal/cache/cache.go:47.25,49.4 1 0
github.com/bladeacer/ocd/internal/cache/cache.go:50.3,50.13 1 0
github.com/bladeacer/ocd/internal/cache/cache.go:52.2,53.53 2 0
github.com/bladeacer/ocd/internal/cache/cache.go:53.53,55.3 1 0
github.com/bladeacer/ocd/internal/cache/cache.go:56.2,56.54 1 0
github.com/bladeacer/ocd/internal/cache/cache.go:56.54,58.3 1 0
github.com/bladeacer/ocd/internal/cache/cache.go:59.2,59.38 1 0
github.com/bladeacer/ocd/internal/cache/cache.go:62.55,65.16 3 0
github.com/bladeacer/ocd/internal/cache/cache.go:65.16,67.3 1 0
github.com/bladeacer/ocd/internal/cache/cache.go:68.2,73.16 3 0
github.com/bladeacer/ocd/internal/cache/cache.go:73.16,75.3 1 0
github.com/bladeacer/ocd/internal/cache/cache.go:76.2,76.35 1 0
github.com/bladeacer/ocd/internal/cache/cache.go:79.43,82.24 3 0
github.com/bladeacer/ocd/internal/cache/cache.go:82.24,84.3 1 0
github.com/bladeacer/ocd/internal/cache/cache.go:85.2,85.12 1 0
github.com/bladeacer/ocd/internal/cache/cache.go:88.31,90.16 2 0
github.com/bladeacer/ocd/internal/cache/cache.go:90.16,91.25 1 0
github.com/bladeacer/ocd/internal/cache/cache.go:91.25,93.4 1 0
github.com/bladeacer/ocd/internal/cache/cache.go:94.3,94.13 1 0
github.com/bladeacer/ocd/internal/cache/cache.go:96.2,98.16 3 0
github.com/bladeacer/ocd/internal/cache/cache.go:98.16,100.3 1 0
github.com/bladeacer/ocd/internal/cache/cache.go:101.2,101.29 1 0
github.com/bladeacer/ocd/internal/cache/cache.go:101.29,103.3 1 0
github.com/bladeacer/ocd/internal/cache/cache.go:104.2,104.12 1 0
github.com/bladeacer/ocd/internal/core/asar.go:31.61,33.16 2 1
github.com/bladeacer/ocd/internal/core/asar.go:33.16,35.3 1 0
github.com/bladeacer/ocd/internal/core/asar.go:36.2,39.47 3 1
github.com/bladeacer/ocd/internal/core/asar.go:39.47,41.3 1 1
github.com/bladeacer/ocd/internal/core/asar.go:43.2,44.71 2 1
github.com/bladeacer/ocd/internal/core/asar.go:44.71,46.3 1 1
github.com/bladeacer/ocd/internal/core/asar.go:47.2,47.51 1 1
github.com/bladeacer/ocd/internal/core/asar.go:47.51,49.3 1 0
github.com/bladeacer/ocd/internal/core/asar.go:51.2,52.51 2 1
github.com/bladeacer/ocd/internal/core/asar.go:52.51,54.3 1 0
github.com/bladeacer/ocd/internal/core/asar.go:56.2,57.57 2 1
github.com/bladeacer/ocd/internal/core/asar.go:57.57,59.3 1 0
github.com/bladeacer/ocd/internal/core/asar.go:61.2,62.9 2 1
github.com/bladeacer/ocd/internal/core/asar.go:62.9,64.3 1 1
github.com/bladeacer/ocd/internal/core/asar.go:66.2,67.67 2 1
github.com/bladeacer/ocd/internal/core/asar.go:67.67,69.3 1 0
github.com/bladeacer/ocd/internal/core/asar.go:71.2,74.16 3 1
github.com/bladeacer/ocd/internal/core/asar.go:74.16,76.3 1 0
github.com/bladeacer/ocd/internal/core/asar.go:77.2,80.49 3 1
github.com/bladeacer/ocd/internal/core/asar.go:80.49,82.3 1 0
github.com/bladeacer/ocd/internal/core/asar.go:84.2,84.12 1 1
github.com/bladeacer/ocd/internal/core/diff.go:17.60,22.16 4 1
github.com/bladeacer/ocd/internal/core/diff.go:22.16,28.3 1 1
github.com/bladeacer/ocd/internal/core/diff.go:30.2,31.16 2 1
github.com/bladeacer/ocd/internal/core/diff.go:31.16,37.3 1 0
github.com/bladeacer/ocd/internal/core/diff.go:39.2,52.49 4 1
github.com/bladeacer/ocd/internal/core/diff.go:52.49,53.67 1 1
github.com/bladeacer/ocd/internal/core/diff.go:53.67,55.9 2 1
github.com/bladeacer/ocd/internal/core/diff.go:59.2,64.3 1 1
github.com/bladeacer/ocd/internal/core/extract.go:19.49,23.45 3 1
github.com/bladeacer/ocd/internal/core/extract.go:23.45,25.3 1 1
github.com/bladeacer/ocd/internal/core/extract.go:27.2,27.51 1 1
github.com/bladeacer/ocd/internal/core/extract.go:27.51,29.3 1 0
github.com/bladeacer/ocd/internal/core/extract.go:31.2,34.16 3 1
github.com/bladeacer/ocd/internal/core/extract.go:34.16,36.3 1 0
github.com/bladeacer/ocd/internal/core/extract.go:37.2,39.44 2 1
github.com/bladeacer/ocd/internal/core/extract.go:39.44,41.3 1 1
github.com/bladeacer/ocd/internal/core/extract.go:42.2,42.38 1 1
github.com/bladeacer/ocd/internal/core/extract.go:42.38,44.3 1 1
github.com/bladeacer/ocd/internal/core/extract.go:46.2,47.16 2 1
github.com/bladeacer/ocd/internal/core/extract.go:47.16,49.3 1 1
github.com/bladeacer/ocd/internal/core/extract.go:50.2,53.16 3 1
github.com/bladeacer/ocd/internal/core/extract.go:53.16,55.3 1 0
github.com/bladeacer/ocd/internal/core/extract.go:56.2,59.54 3 1
github.com/bladeacer/ocd/internal/core/extract.go:59.54,62.3 2 0
github.com/bladeacer/ocd/internal/core/extract.go:63.2,65.65 2 1
github.com/bladeacer/ocd/internal/core/extract.go:65.65,67.3 1 1
github.com/bladeacer/ocd/internal/core/extract.go:69.2,69.22 1 0
github.com/bladeacer/ocd/internal/sources/docker.go:20.32,22.2 1 0
github.com/bladeacer/ocd/internal/sources/docker.go:24.35,24.54 1 0
github.com/bladeacer/ocd/internal/sources/docker.go:39.57,43.16 3 0
github.com/bladeacer/ocd/internal/sources/docker.go:43.16,45.17 2 0
github.com/bladeacer/ocd/internal/sources/docker.go:45.17,47.4 1 0
github.com/bladeacer/ocd/internal/sources/docker.go:48.3,48.39 1 0
github.com/bladeacer/ocd/internal/sources/docker.go:48.39,51.4 2 0
github.com/bladeacer/ocd/internal/sources/docker.go:53.3,54.66 2 0
github.com/bladeacer/ocd/internal/sources/docker.go:54.66,57.4 2 0
github.com/bladeacer/ocd/internal/sources/docker.go:58.3,60.39 2 0
github.com/bladeacer/ocd/internal/sources/docker.go:60.39,61.45 1 0
github.com/bladeacer/ocd/internal/sources/docker.go:61.45,62.13 1 0
github.com/bladeacer/ocd/internal/sources/docker.go:64.4,68.44 4 0
github.com/bladeacer/ocd/internal/sources/docker.go:68.44,69.13 1 0
github.com/bladeacer/ocd/internal/sources/docker.go:72.4,76.6 1 0
github.com/bladeacer/ocd/internal/sources/docker.go:78.3,78.18 1 0
github.com/bladeacer/ocd/internal/sources/docker.go:81.2,81.18 1 0
github.com/bladeacer/ocd/internal/sources/electron.go:18.30,20.2 1 0
github.com/bladeacer/ocd/internal/sources/electron.go:22.34,22.55 1 0
github.com/bladeacer/ocd/internal/sources/electron.go:24.56,26.16 2 0
github.com/bladeacer/ocd/internal/sources/electron.go:26.16,28.3 1 0
github.com/bladeacer/ocd/internal/sources/electron.go:29.2,31.38 2 0
github.com/bladeacer/ocd/internal/sources/electron.go:31.38,33.3 1 0
github.com/bladeacer/ocd/internal/sources/electron.go:35.2,36.64 2 0
github.com/bladeacer/ocd/internal/sources/electron.go:36.64,38.3 1 0
github.com/bladeacer/ocd/internal/sources/electron.go:40.2,40.37 1 0
github.com/bladeacer/ocd/internal/sources/fetcher.go:22.42,29.2 1 0
github.com/bladeacer/ocd/internal/sources/fetcher.go:31.60,38.20 5 0
github.com/bladeacer/ocd/internal/sources/fetcher.go:38.20,39.10 1 0
github.com/bladeacer/ocd/internal/sources/fetcher.go:40.21,41.20 1 0
github.com/bladeacer/ocd/internal/sources/fetcher.go:42.11,42.11 0 0
github.com/bladeacer/ocd/internal/sources/fetcher.go:44.3,44.13 1 0
github.com/bladeacer/ocd/internal/sources/fetcher.go:44.13,46.63 2 0
github.com/bladeacer/ocd/internal/sources/fetcher.go:46.63,49.5 2 0
github.com/bladeacer/ocd/internal/sources/fetcher.go:51.3,52.17 2 0
github.com/bladeacer/ocd/internal/sources/fetcher.go:52.17,54.4 1 0
github.com/bladeacer/ocd/internal/sources/fetcher.go:55.3,55.59 1 0
github.com/bladeacer/ocd/internal/sources/fetcher.go:55.59,57.4 1 0
github.com/bladeacer/ocd/internal/sources/fetcher.go:58.3,59.13 2 0
github.com/bladeacer/ocd/internal/sources/fetcher.go:62.2,62.20 1 0
github.com/bladeacer/ocd/internal/sources/fetcher.go:62.20,63.10 1 0
github.com/bladeacer/ocd/internal/sources/fetcher.go:64.21,65.20 1 0
github.com/bladeacer/ocd/internal/sources/fetcher.go:66.11,66.11 0 0
github.com/bladeacer/ocd/internal/sources/fetcher.go:68.3,68.13 1 0
github.com/bladeacer/ocd/internal/sources/fetcher.go:68.13,70.66 2 0
github.com/bladeacer/ocd/internal/sources/fetcher.go:70.66,73.5 2 0
github.com/bladeacer/ocd/internal/sources/fetcher.go:75.3,76.17 2 0
github.com/bladeacer/ocd/internal/sources/fetcher.go:76.17,78.4 1 0
github.com/bladeacer/ocd/internal/sources/fetcher.go:79.3,79.62 1 0
github.com/bladeacer/ocd/internal/sources/fetcher.go:79.62,81.4 1 0
github.com/bladeacer/ocd/internal/sources/fetcher.go:82.3,83.13 2 0
github.com/bladeacer/ocd/internal/sources/fetcher.go:86.2,86.20 1 0
github.com/bladeacer/ocd/internal/sources/fetcher.go:86.20,87.10 1 0
github.com/bladeacer/ocd/internal/sources/fetcher.go:88.21,89.20 1 0
github.com/bladeacer/ocd/internal/sources/fetcher.go:90.11,90.11 0 0
github.com/bladeacer/ocd/internal/sources/fetcher.go:92.3,92.13 1 0
github.com/bladeacer/ocd/internal/sources/fetcher.go:92.13,94.68 2 0
github.com/bladeacer/ocd/internal/sources/fetcher.go:94.68,97.5 2 0
github.com/bladeacer/ocd/internal/sources/fetcher.go:99.3,100.17 2 0
github.com/bladeacer/ocd/internal/sources/fetcher.go:100.17,102.4 1 0
github.com/bladeacer/ocd/internal/sources/fetcher.go:103.3,103.64 1 0
github.com/bladeacer/ocd/internal/sources/fetcher.go:103.64,105.4 1 0
github.com/bladeacer/ocd/internal/sources/fetcher.go:106.3,107.13 2 0
github.com/bladeacer/ocd/internal/sources/fetcher.go:110.2,110.33 1 0
github.com/bladeacer/ocd/internal/sources/fetcher.go:110.33,112.3 1 0
github.com/bladeacer/ocd/internal/sources/fetcher.go:113.2,113.16 1 0
github.com/bladeacer/ocd/internal/sources/rss.go:17.20,19.2 1 0
github.com/bladeacer/ocd/internal/sources/rss.go:21.29,21.45 1 0
github.com/bladeacer/ocd/internal/sources/rss.go:23.52,26.16 3 0
github.com/bladeacer/ocd/internal/sources/rss.go:26.16,28.3 1 0
github.com/bladeacer/ocd/internal/sources/rss.go:30.2,35.35 4 0
github.com/bladeacer/ocd/internal/sources/rss.go:35.35,37.20 2 0
github.com/bladeacer/ocd/internal/sources/rss.go:37.20,38.12 1 0
github.com/bladeacer/ocd/internal/sources/rss.go:40.3,43.47 3 0
github.com/bladeacer/ocd/internal/sources/rss.go:43.47,45.4 1 0
github.com/bladeacer/ocd/internal/sources/rss.go:47.3,51.26 3 0
github.com/bladeacer/ocd/internal/sources/rss.go:51.26,53.22 2 0
github.com/bladeacer/ocd/internal/sources/rss.go:53.22,55.5 1 0
github.com/bladeacer/ocd/internal/sources/rss.go:56.9,56.37 1 0
github.com/bladeacer/ocd/internal/sources/rss.go:56.37,58.22 2 0
github.com/bladeacer/ocd/internal/sources/rss.go:58.22,60.5 1 0
github.com/bladeacer/ocd/internal/sources/rss.go:63.3,64.17 2 0
github.com/bladeacer/ocd/internal/sources/rss.go:64.17,66.4 1 0
github.com/bladeacer/ocd/internal/sources/rss.go:68.3,75.5 1 0
github.com/bladeacer/ocd/internal/sources/rss.go:78.2,78.24 1 0
github.com/bladeacer/ocd/internal/sources/rss.go:78.24,80.3 1 0
github.com/bladeacer/ocd/internal/sources/rss.go:82.2,83.22 2 0
github.com/bladeacer/ocd/internal/sources/rss.go:86.69,91.40 4 0
github.com/bladeacer/ocd/internal/sources/rss.go:91.40,92.31 1 0
github.com/bladeacer/ocd/internal/sources/rss.go:92.31,94.4 1 0
github.com/bladeacer/ocd/internal/sources/rss.go:94.9,96.4 1 0
github.com/bladeacer/ocd/internal/sources/rss.go:98.2,98.15 1 0
github.com/bladeacer/ocd/internal/tui/diffmodel.go:78.57,90.2 5 0
github.com/bladeacer/ocd/internal/tui/diffmodel.go:92.36,94.2 1 0
github.com/bladeacer/ocd/internal/tui/diffmodel.go:96.29,97.21 1 0
github.com/bladeacer/ocd/internal/tui/diffmodel.go:97.21,99.3 1 0
github.com/bladeacer/ocd/internal/tui/diffmodel.go:101.2,101.27 1 0
github.com/bladeacer/ocd/internal/tui/diffmodel.go:101.27,104.3 2 0
github.com/bladeacer/ocd/internal/tui/diffmodel.go:106.2,106.23 1 0
github.com/bladeacer/ocd/internal/tui/diffmodel.go:106.23,109.3 2 0
github.com/bladeacer/ocd/internal/tui/diffmodel.go:111.2,121.27 10 0
github.com/bladeacer/ocd/internal/tui/diffmodel.go:121.27,122.36 1 0
github.com/bladeacer/ocd/internal/tui/diffmodel.go:122.36,127.12 5 0
github.com/bladeacer/ocd/internal/tui/diffmodel.go:130.3,130.71 1 0
github.com/bladeacer/ocd/internal/tui/diffmodel.go:130.71,132.12 2 0
github.com/bladeacer/ocd/internal/tui/diffmodel.go:135.3,135.28 1 0
github.com/bladeacer/ocd/internal/tui/diffmodel.go:135.28,137.12 2 0
github.com/bladeacer/ocd/internal/tui/diffmodel.go:140.3,140.10 1 0
github.com/bladeacer/ocd/internal/tui/diffmodel.go:141.72,147.14 3 0
github.com/bladeacer/ocd/internal/tui/diffmodel.go:149.72,155.14 3 0
github.com/bladeacer/ocd/internal/tui/diffmodel.go:157.11,163.14 3 0
github.com/bladeacer/ocd/internal/tui/diffmodel.go:167.2,167.12 1 0
github.com/bladeacer/ocd/internal/tui/diffmodel.go:170.57,173.48 3 0
github.com/bladeacer/ocd/internal/tui/diffmodel.go:173.48,175.3 1 0
github.com/bladeacer/ocd/internal/tui/diffmodel.go:176.2,176.48 1 0
github.com/bladeacer/ocd/internal/tui/diffmodel.go:176.48,178.3 1 0
github.com/bladeacer/ocd/internal/tui/diffmodel.go:179.2,180.26 2 0
github.com/bladeacer/ocd/internal/tui/diffmodel.go:180.26,181.32 1 0
github.com/bladeacer/ocd/internal/tui/diffmodel.go:181.32,183.13 2 0
github.com/bladeacer/ocd/internal/tui/diffmodel.go:183.13,185.5 1 0
github.com/bladeacer/ocd/internal/tui/diffmodel.go:187.3,187.32 1 0
github.com/bladeacer/ocd/internal/tui/diffmodel.go:187.32,189.13 2 0
github.com/bladeacer/ocd/internal/tui/diffmodel.go:189.13,191.5 1 0
github.com/bladeacer/ocd/internal/tui/diffmodel.go:194.2,194.8 1 0
github.com/bladeacer/ocd/internal/tui/diffmodel.go:197.36,199.22 2 0
github.com/bladeacer/ocd/internal/tui/diffmodel.go:199.22,200.27 1 0
github.com/bladeacer/ocd/internal/tui/diffmodel.go:200.27,202.4 1 0
github.com/bladeacer/ocd/internal/tui/diffmodel.go:202.9,203.9 1 0
github.com/bladeacer/ocd/internal/tui/diffmodel.go:206.2,206.10 1 0
github.com/bladeacer/ocd/internal/tui/diffmodel.go:209.43,215.18 4 0
github.com/bladeacer/ocd/internal/tui/diffmodel.go:215.18,217.3 1 0
github.com/bladeacer/ocd/internal/tui/diffmodel.go:218.2,218.10 1 0
github.com/bladeacer/ocd/internal/tui/diffmodel.go:221.50,223.15 2 0
github.com/bladeacer/ocd/internal/tui/diffmodel.go:223.15,225.3 1 0
github.com/bladeacer/ocd/internal/tui/diffmodel.go:226.2,228.29 3 0
github.com/bladeacer/ocd/internal/tui/diffmodel.go:228.29,230.3 1 0
github.com/bladeacer/ocd/internal/tui/diffmodel.go:231.2,231.29 1 0
github.com/bladeacer/ocd/internal/tui/diffmodel.go:231.29,233.3 1 0
github.com/bladeacer/ocd/internal/tui/diffmodel.go:234.2,240.90 5 0
github.com/bladeacer/ocd/internal/tui/diffmodel.go:243.30,245.18 2 0
github.com/bladeacer/ocd/internal/tui/diffmodel.go:245.18,247.3 1 0
github.com/bladeacer/ocd/internal/tui/diffmodel.go:247.8,249.3 1 0
github.com/bladeacer/ocd/internal/tui/diffmodel.go:250.2,250.24 1 0
github.com/bladeacer/ocd/internal/tui/diffmodel.go:253.42,257.19 3 0
github.com/bladeacer/ocd/internal/tui/diffmodel.go:257.19,259.3 1 0
github.com/bladeacer/ocd/internal/tui/diffmodel.go:261.2,261.38 1 0
github.com/bladeacer/ocd/internal/tui/diffmodel.go:261.38,263.3 1 0
github.com/bladeacer/ocd/internal/tui/diffmodel.go:265.2,265.37 1 0
github.com/bladeacer/ocd/internal/tui/diffmodel.go:265.37,268.3 2 0
github.com/bladeacer/ocd/internal/tui/diffmodel.go:270.2,270.38 1 0
github.com/bladeacer/ocd/internal/tui/diffmodel.go:270.38,272.3 1 0
github.com/bladeacer/ocd/internal/tui/diffmodel.go:274.2,275.163 2 0
github.com/bladeacer/ocd/internal/tui/diffmodel.go:275.163,278.35 2 0
github.com/bladeacer/ocd/internal/tui/diffmodel.go:278.35,282.4 3 0
github.com/bladeacer/ocd/internal/tui/diffmodel.go:285.2,285.109 1 0
github.com/bladeacer/ocd/internal/tui/diffmodel.go:285.109,287.3 1 0
github.com/bladeacer/ocd/internal/tui/diffmodel.go:289.2,289.13 1 0
github.com/bladeacer/ocd/internal/tui/diffmodel.go:292.55,301.30 7 0
github.com/bladeacer/ocd/internal/tui/diffmodel.go:301.30,304.73 2 0
github.com/bladeacer/ocd/internal/tui/diffmodel.go:304.73,306.4 1 0
github.com/bladeacer/ocd/internal/tui/diffmodel.go:308.3,310.22 2 0
github.com/bladeacer/ocd/internal/tui/diffmodel.go:310.22,311.76 1 0
github.com/bladeacer/ocd/internal/tui/diffmodel.go:311.76,312.122 1 0
github.com/bladeacer/ocd/internal/tui/diffmodel.go:312.122,314.6 1 0
github.com/bladeacer/ocd/internal/tui/diffmodel.go:314.11,316.6 1 0
github.com/bladeacer/ocd/internal/tui/diffmodel.go:317.5,318.13 2 0
github.com/bladeacer/ocd/internal/tui/diffmodel.go:322.3,322.40 1 0
github.com/bladeacer/ocd/internal/tui/diffmodel.go:322.40,323.93 1 0
github.com/bladeacer/ocd/internal/tui/diffmodel.go:323.93,325.5 1 0
github.com/bladeacer/ocd/internal/tui/diffmodel.go:326.9,326.34 1 0
github.com/bladeacer/ocd/internal/tui/diffmodel.go:326.34,328.4 1 0
github.com/bladeacer/ocd/internal/tui/diffmodel.go:330.3,331.22 2 0
github.com/bladeacer/ocd/internal/tui/diffmodel.go:335.58,337.15 2 0
github.com/bladeacer/ocd/internal/tui/diffmodel.go:337.15,339.3 1 0
github.com/bladeacer/ocd/internal/tui/diffmodel.go:340.2,349.27 8 0
github.com/bladeacer/ocd/internal/tui/diffmodel.go:349.27,354.23 5 0
github.com/bladeacer/ocd/internal/tui/diffmodel.go:354.23,356.4 1 0
github.com/bladeacer/ocd/internal/tui/diffmodel.go:357.3,357.23 1 0
github.com/bladeacer/ocd/internal/tui/diffmodel.go:357.23,359.4 1 0
github.com/bladeacer/ocd/internal/tui/diffmodel.go:361.3,361.17 1 0
github.com/bladeacer/ocd/internal/tui/diffmodel.go:362.23,364.130 2 0
github.com/bladeacer/ocd/internal/tui/diffmodel.go:364.130,366.5 1 0
github.com/bladeacer/ocd/internal/tui/diffmodel.go:367.4,369.12 3 0
github.com/bladeacer/ocd/internal/tui/diffmodel.go:370.23,374.12 4 0
github.com/bladeacer/ocd/internal/tui/diffmodel.go:375.18,377.12 2 0
github.com/bladeacer/ocd/internal/tui/diffmodel.go:380.3,388.22 6 0
github.com/bladeacer/ocd/internal/tui/diffmodel.go:388.22,390.76 2 0
github.com/bladeacer/ocd/internal/tui/diffmodel.go:390.76,391.122 1 0
github.com/bladeacer/ocd/internal/tui/diffmodel.go:391.122,393.6 1 0
github.com/bladeacer/ocd/internal/tui/diffmodel.go:393.11,395.6 1 0
github.com/bladeacer/ocd/internal/tui/diffmodel.go:397.9,397.47 1 0
github.com/bladeacer/ocd/internal/tui/diffmodel.go:397.47,398.83 1 0
github.com/bladeacer/ocd/internal/tui/diffmodel.go:398.83,401.5 2 0
github.com/bladeacer/ocd/internal/tui/diffmodel.go:402.9,402.89 1 0
github.com/bladeacer/ocd/internal/tui/diffmodel.go:402.89,405.4 2 0
github.com/bladeacer/ocd/internal/tui/diffmodel.go:407.3,408.22 2 0
github.com/bladeacer/ocd/internal/tui/diffmodel.go:412.81,413.19 1 0
github.com/bladeacer/ocd/internal/tui/diffmodel.go:413.19,415.3 1 0
github.com/bladeacer/ocd/internal/tui/diffmodel.go:416.2,417.15 2 0
github.com/bladeacer/ocd/internal/tui/diffmodel.go:417.15,419.3 1 0
github.com/bladeacer/ocd/internal/tui/diffmodel.go:419.8,421.3 1 0
github.com/bladeacer/ocd/internal/tui/diffmodel.go:422.2,424.20 3 0
github.com/bladeacer/ocd/internal/tui/diffmodel.go:424.20,426.3 1 0
github.com/bladeacer/ocd/internal/tui/diffmodel.go:427.2,427.36 1 0
github.com/bladeacer/ocd/internal/tui/diffmodel.go:427.36,430.22 3 0
github.com/bladeacer/ocd/internal/tui/diffmodel.go:430.22,432.26 2 0
github.com/bladeacer/ocd/internal/tui/diffmodel.go:432.26,434.5 1 0
github.com/bladeacer/ocd/internal/tui/diffmodel.go:435.4,437.22 3 0
github.com/bladeacer/ocd/internal/tui/diffmodel.go:437.22,439.5 1 0
github.com/bladeacer/ocd/internal/tui/diffmodel.go:440.4,440.28 1 0
github.com/bladeacer/ocd/internal/tui/diffmodel.go:442.3,444.18 3 0
github.com/bladeacer/ocd/internal/tui/diffmodel.go:444.18,445.39 1 0
github.com/bladeacer/ocd/internal/tui/diffmodel.go:445.39,447.5 1 0
github.com/bladeacer/ocd/internal/tui/diffmodel.go:447.10,447.46 1 0
github.com/bladeacer/ocd/internal/tui/diffmodel.go:447.46,449.5 1 0
github.com/bladeacer/ocd/internal/tui/diffmodel.go:451.3,451.16 1 0
github.com/bladeacer/ocd/internal/tui/diffmodel.go:453.2,455.17 3 0
github.com/bladeacer/ocd/internal/tui/diffmodel.go:455.17,456.38 1 0
github.com/bladeacer/ocd/internal/tui/diffmodel.go:456.38,458.4 1 0
github.com/bladeacer/ocd/internal/tui/diffmodel.go:458.9,458.45 1 0
github.com/bladeacer/ocd/internal/tui/diffmodel.go:458.45,460.4 1 0
github.com/bladeacer/ocd/internal/tui/diffmodel.go:462.2,462.15 1 0
github.com/bladeacer/ocd/internal/tui/diffmodel.go:473.49,475.30 2 0
github.com/bladeacer/ocd/internal/tui/diffmodel.go:475.30,476.18 1 0
github.com/bladeacer/ocd/internal/tui/diffmodel.go:477.20,484.6 1 0
github.com/bladeacer/ocd/internal/tui/diffmodel.go:485.16,492.6 1 0
github.com/bladeacer/ocd/internal/tui/diffmodel.go:493.16,500.6 1 0
github.com/bladeacer/ocd/internal/tui/diffmodel.go:501.23,506.6 1 0
github.com/bladeacer/ocd/internal/tui/diffmodel.go:507.23,512.6 1 0
github.com/bladeacer/ocd/internal/tui/diffmodel.go:513.11,518.6 1 0
github.com/bladeacer/ocd/internal/tui/diffmodel.go:521.2,521.15 1 0
github.com/bladeacer/ocd/internal/tui/diffmodel.go:524.80,527.23 3 0
github.com/bladeacer/ocd/internal/tui/diffmodel.go:527.23,529.3 1 0
github.com/bladeacer/ocd/internal/tui/diffmodel.go:530.2,530.23 1 0
github.com/bladeacer/ocd/internal/tui/diffmodel.go:530.23,532.3 1 0
github.com/bladeacer/ocd/internal/tui/diffmodel.go:533.2,535.17 2 0
github.com/bladeacer/ocd/internal/tui/diffmodel.go:536.22,539.4 1 0
github.com/bladeacer/ocd/internal/tui/diffmodel.go:540.15,543.4 1 0
github.com/bladeacer/ocd/internal/tui/diffmodel.go:544.15,547.4 1 0
github.com/bladeacer/ocd/internal/tui/diffmodel.go:548.22,551.4 1 0
github.com/bladeacer/ocd/internal/tui/diffmodel.go:552.17,553.12 1 0
github.com/bladeacer/ocd/internal/tui/diffmodel.go:554.10,555.64 1 0
github.com/bladeacer/ocd/internal/tui/diffmodel.go:559.39,560.12 1 0
github.com/bladeacer/ocd/internal/tui/diffmodel.go:560.12,562.3 1 0
github.com/bladeacer/ocd/internal/tui/diffmodel.go:563.2,564.21 2 0
github.com/bladeacer/ocd/internal/tui/diffmodel.go:564.21,566.3 1 0
github.com/bladeacer/ocd/internal/tui/diffmodel.go:567.2,567.11 1 0
github.com/bladeacer/ocd/internal/tui/diffmodel.go:567.11,569.3 1 0
github.com/bladeacer/ocd/internal/tui/diffmodel.go:570.2,570.26 1 0
github.com/bladeacer/ocd/internal/tui/diffmodel.go:573.39,574.17 1 0
github.com/bladeacer/ocd/internal/tui/diffmodel.go:574.17,576.3 1 0
github.com/bladeacer/ocd/internal/tui/diffmodel.go:577.2,577.42 1 0
github.com/bladeacer/ocd/internal/tui/diffmodel.go:580.33,583.22 3 0
github.com/bladeacer/ocd/internal/tui/diffmodel.go:583.22,584.18 1 0
github.com/bladeacer/ocd/internal/tui/diffmodel.go:584.18,586.12 2 0
github.com/bladeacer/ocd/internal/tui/diffmodel.go:588.3,588.15 1 0
github.com/bladeacer/ocd/internal/tui/diffmodel.go:588.15,589.56 1 0
github.com/bladeacer/ocd/internal/tui/diffmodel.go:589.56,591.5 1 0
github.com/bladeacer/ocd/internal/tui/diffmodel.go:592.4,592.12 1 0
github.com/bladeacer/ocd/internal/tui/diffmodel.go:594.3,594.19 1 0
github.com/bladeacer/ocd/internal/tui/diffmodel.go:596.2,596.21 1 0
github.com/bladeacer/ocd/internal/tui/diffmodel.go:599.39,600.21 1 0
github.com/bladeacer/ocd/internal/tui/diffmodel.go:600.21,602.3 1 0
github.com/bladeacer/ocd/internal/tui/diffmodel.go:603.2,606.14 4 0
[...]
github.com/bladeacer/ocd/internal/tui/diffmodel.go:1050.56,1053.3 2 0
github.com/bladeacer/ocd/internal/tui/diffmodel.go:1054.2,1057.18 3 1
github.com/bladeacer/ocd/internal/tui/diffmodel.go:1057.18,1059.3 1 0
github.com/bladeacer/ocd/internal/tui/diffmodel.go:1060.2,1061.54 2 1
github.com/bladeacer/ocd/internal/tui/diffmodel.go:1061.54,1064.3 2 0
github.com/bladeacer/ocd/internal/tui/diffmodel.go:1067.32,1068.25 1 1
github.com/bladeacer/ocd/internal/tui/diffmodel.go:1068.25,1070.3 1 1
github.com/bladeacer/ocd/internal/tui/diffmodel.go:1071.2,1073.48 3 1
github.com/bladeacer/ocd/internal/tui/diffmodel.go:1073.48,1075.3 1 1
github.com/bladeacer/ocd/internal/tui/diffmodel.go:1078.32,1079.25 1 1
github.com/bladeacer/ocd/internal/tui/diffmodel.go:1079.25,1081.3 1 1
github.com/bladeacer/ocd/internal/tui/diffmodel.go:1082.2,1083.23 2 1
github.com/bladeacer/ocd/internal/tui/diffmodel.go:1083.23,1085.3 1 1
github.com/bladeacer/ocd/internal/tui/diffmodel.go:1086.2,1087.48 2 1
github.com/bladeacer/ocd/internal/tui/diffmodel.go:1087.48,1089.3 1 1
github.com/bladeacer/ocd/internal/tui/diffmodel.go:1092.46,1093.25 1 1
github.com/bladeacer/ocd/internal/tui/diffmodel.go:1093.25,1095.3 1 1
github.com/bladeacer/ocd/internal/tui/diffmodel.go:1096.2,1098.38 3 1
github.com/bladeacer/ocd/internal/tui/diffmodel.go:1098.38,1100.3 1 1
github.com/bladeacer/ocd/internal/tui/diffmodel.go:1101.2,1101.19 1 1
github.com/bladeacer/ocd/internal/tui/diffmodel.go:1104.35,1105.14 1 1
github.com/bladeacer/ocd/internal/tui/diffmodel.go:1105.14,1107.3 1 1
github.com/bladeacer/ocd/internal/tui/diffmodel.go:1108.2,1108.66 1 1
github.com/bladeacer/ocd/internal/tui/diffmodel.go:1108.66,1111.3 2 0
github.com/bladeacer/ocd/internal/tui/diffmodel.go:1111.8,1111.55 1 1
github.com/bladeacer/ocd/internal/tui/diffmodel.go:1111.55,1113.3 1 1
github.com/bladeacer/ocd/internal/tui/diffmodel.go:1113.8,1113.34 1 1
github.com/bladeacer/ocd/internal/tui/diffmodel.go:1113.34,1115.3 1 0
github.com/bladeacer/ocd/internal/tui/diffmodel.go:1117.2,1117.16 1 1
github.com/bladeacer/ocd/internal/tui/diffmodel.go:1117.16,1119.3 1 1
github.com/bladeacer/ocd/internal/tui/diffmodel.go:1121.2,1123.18 3 1
github.com/bladeacer/ocd/internal/tui/diffmodel.go:1123.18,1125.3 1 0
github.com/bladeacer/ocd/internal/tui/diffmodel.go:1127.2,1128.24 2 1
github.com/bladeacer/ocd/internal/tui/diffmodel.go:1128.24,1132.3 1 1
github.com/bladeacer/ocd/internal/tui/diffmodel.go:1134.2,1140.59 2 1
github.com/bladeacer/ocd/internal/tui/diffmodel.go:1143.41,1168.2 4 1
github.com/bladeacer/ocd/internal/tui/diffmodel.go:1170.53,1175.2 4 0
github.com/bladeacer/ocd/internal/tui/model.go:68.49,117.2 12 0
github.com/bladeacer/ocd/internal/tui/model.go:119.32,121.2 1 0
github.com/bladeacer/ocd/internal/tui/model.go:123.38,126.2 2 1
github.com/bladeacer/ocd/internal/tui/model.go:128.37,131.2 2 0
github.com/bladeacer/ocd/internal/tui/model.go:133.58,134.27 1 0
github.com/bladeacer/ocd/internal/tui/model.go:135.25,138.16 3 0
github.com/bladeacer/ocd/internal/tui/model.go:140.21,142.30 2 0
github.com/bladeacer/ocd/internal/tui/model.go:142.30,145.4 2 0
github.com/bladeacer/ocd/internal/tui/model.go:146.3,149.16 4 0
github.com/bladeacer/ocd/internal/tui/model.go:151.15,152.30 1 0
github.com/bladeacer/ocd/internal/tui/model.go:152.30,154.42 2 0
github.com/bladeacer/ocd/internal/tui/model.go:154.42,156.5 1 0
github.com/bladeacer/ocd/internal/tui/model.go:157.4,157.26 1 0
github.com/bladeacer/ocd/internal/tui/model.go:159.3,159.16 1 0
github.com/bladeacer/ocd/internal/tui/model.go:161.18,162.26 1 0
github.com/bladeacer/ocd/internal/tui/model.go:164.23,167.16 3 0
github.com/bladeacer/ocd/internal/tui/model.go:170.2,170.15 1 0
github.com/bladeacer/ocd/internal/tui/model.go:173.64,174.17 1 1
github.com/bladeacer/ocd/internal/tui/model.go:175.20,176.33 1 1
github.com/bladeacer/ocd/internal/tui/model.go:177.18,178.31 1 1
github.com/bladeacer/ocd/internal/tui/model.go:179.19,180.32 1 1
github.com/bladeacer/ocd/internal/tui/model.go:181.20,182.33 1 1
github.com/bladeacer/ocd/internal/tui/model.go:184.2,184.15 1 0
github.com/bladeacer/ocd/internal/tui/model.go:187.71,188.53 1 1
github.com/bladeacer/ocd/internal/tui/model.go:188.53,190.3 1 1
github.com/bladeacer/ocd/internal/tui/model.go:191.2,191.15 1 1
github.com/bladeacer/ocd/internal/tui/model.go:194.69,197.16 2 1
github.com/bladeacer/ocd/internal/tui/model.go:197.16,200.3 2 0
github.com/bladeacer/ocd/internal/tui/model.go:202.2,202.13 1 1
github.com/bladeacer/ocd/internal/tui/model.go:203.21,204.21 1 1
github.com/bladeacer/ocd/internal/tui/model.go:206.17,208.16 2 0
github.com/bladeacer/ocd/internal/tui/model.go:210.16,211.23 1 1
github.com/bladeacer/ocd/internal/tui/model.go:213.11,217.16 4 1
github.com/bladeacer/ocd/internal/tui/model.go:219.11,221.19 2 1
github.com/bladeacer/ocd/internal/tui/model.go:223.11,225.19 2 1
github.com/bladeacer/ocd/internal/tui/model.go:227.11,229.19 2 1
github.com/bladeacer/ocd/internal/tui/model.go:231.11,233.19 2 1
github.com/bladeacer/ocd/internal/tui/model.go:235.11,237.16 2 0
github.com/bladeacer/ocd/internal/tui/model.go:240.2,242.15 3 1
github.com/bladeacer/ocd/internal/tui/model.go:245.70,246.22 1 1
github.com/bladeacer/ocd/internal/tui/model.go:247.27,253.16 6 1
github.com/bladeacer/ocd/internal/tui/model.go:255.24,260.16 5 1
github.com/bladeacer/ocd/internal/tui/model.go:262.19,264.19 2 1
github.com/bladeacer/ocd/internal/tui/model.go:264.19,266.4 1 1
github.com/bladeacer/ocd/internal/tui/model.go:267.3,269.16 3 1
github.com/bladeacer/ocd/internal/tui/model.go:270.11,277.16 7 0
github.com/bladeacer/ocd/internal/tui/model.go:280.2,280.28 1 1
github.com/bladeacer/ocd/internal/tui/model.go:280.28,285.3 4 1
github.com/bladeacer/ocd/internal/tui/model.go:287.2,287.15 1 0
github.com/bladeacer/ocd/internal/tui/model.go:290.71,291.22 1 1
github.com/bladeacer/ocd/internal/tui/model.go:292.21,293.21 1 1
github.com/bladeacer/ocd/internal/tui/model.go:294.27,297.16 3 1
github.com/bladeacer/ocd/internal/tui/model.go:299.2,299.15 1 0
github.com/bladeacer/ocd/internal/tui/model.go:302.50,304.16 2 1
github.com/bladeacer/ocd/internal/tui/model.go:304.16,306.3 1 1
github.com/bladeacer/ocd/internal/tui/model.go:307.2,309.15 3 1
github.com/bladeacer/ocd/internal/tui/model.go:312.32,315.29 2 1
github.com/bladeacer/ocd/internal/tui/model.go:315.29,320.42 4 1
github.com/bladeacer/ocd/internal/tui/model.go:320.42,321.12 1 1
github.com/bladeacer/ocd/internal/tui/model.go:323.3,323.25 1 1
github.com/bladeacer/ocd/internal/tui/model.go:323.25,325.35 2 1
github.com/bladeacer/ocd/internal/tui/model.go:325.35,326.29 1 1
github.com/bladeacer/ocd/internal/tui/model.go:326.29,328.11 2 1
github.com/bladeacer/ocd/internal/tui/model.go:331.4,331.15 1 1
github.com/bladeacer/ocd/internal/tui/model.go:331.15,332.13 1 1
github.com/bladeacer/ocd/internal/tui/model.go:335.3,335.46 1 1
github.com/bladeacer/ocd/internal/tui/model.go:335.46,336.12 1 0
github.com/bladeacer/ocd/internal/tui/model.go:338.3,338.26 1 1
github.com/bladeacer/ocd/internal/tui/model.go:338.26,340.69 2 1
github.com/bladeacer/ocd/internal/tui/model.go:340.69,341.13 1 1
github.com/bladeacer/ocd/internal/tui/model.go:344.3,344.35 1 1
github.com/bladeacer/ocd/internal/tui/model.go:347.2,348.21 2 1
github.com/bladeacer/ocd/internal/tui/model.go:351.50,353.2 1 1
github.com/bladeacer/ocd/internal/tui/model.go:355.35,357.17 2 1
github.com/bladeacer/ocd/internal/tui/model.go:357.17,359.3 1 1
github.com/bladeacer/ocd/internal/tui/model.go:361.2,364.41 3 1
github.com/bladeacer/ocd/internal/tui/model.go:364.41,368.23 3 1
github.com/bladeacer/ocd/internal/tui/model.go:368.23,371.22 3 1
github.com/bladeacer/ocd/internal/tui/model.go:371.22,373.5 1 1
github.com/bladeacer/ocd/internal/tui/model.go:375.3,375.37 1 1
github.com/bladeacer/ocd/internal/tui/model.go:378.2,378.23 1 1
github.com/bladeacer/ocd/internal/tui/model.go:381.29,385.37 3 1
github.com/bladeacer/ocd/internal/tui/model.go:385.37,387.3 1 1
github.com/bladeacer/ocd/internal/tui/model.go:389.2,392.46 3 1
github.com/bladeacer/ocd/internal/tui/model.go:392.46,397.3 1 1
github.com/bladeacer/ocd/internal/tui/model.go:399.2,401.36 2 1
github.com/bladeacer/ocd/internal/tui/model.go:401.36,404.16 3 1
github.com/bladeacer/ocd/internal/tui/model.go:404.16,405.12 1 0
github.com/bladeacer/ocd/internal/tui/model.go:407.3,411.16 4 1
github.com/bladeacer/ocd/internal/tui/model.go:411.16,412.38 1 1
github.com/bladeacer/ocd/internal/tui/model.go:412.38,414.5 1 1
github.com/bladeacer/ocd/internal/tui/model.go:417.3,419.33 3 1
github.com/bladeacer/ocd/internal/tui/model.go:419.33,420.17 1 1
github.com/bladeacer/ocd/internal/tui/model.go:420.17,422.5 1 1
github.com/bladeacer/ocd/internal/tui/model.go:422.10,424.5 1 1
github.com/bladeacer/ocd/internal/tui/model.go:427.3,428.52 2 1
github.com/bladeacer/ocd/internal/tui/model.go:428.52,430.4 1 0
github.com/bladeacer/ocd/internal/tui/model.go:432.3,433.21 2 1
github.com/bladeacer/ocd/internal/tui/model.go:433.21,435.4 1 0
github.com/bladeacer/ocd/internal/tui/model.go:437.3,446.5 1 1
github.com/bladeacer/ocd/internal/tui/model.go:449.2,450.19 2 1
github.com/bladeacer/ocd/internal/tui/model.go:453.41,464.2 1 1
github.com/bladeacer/ocd/internal/tui/model.go:466.42,469.16 3 0
github.com/bladeacer/ocd/internal/tui/model.go:469.16,471.3 1 0
github.com/bladeacer/ocd/internal/tui/model.go:472.2,473.9 2 0
github.com/bladeacer/ocd/internal/tui/model.go:473.9,475.3 1 0
github.com/bladeacer/ocd/internal/tui/model.go:476.2,476.30 1 0
github.com/bladeacer/ocd/internal/tui/model.go:476.30,478.3 1 0
github.com/bladeacer/ocd/internal/tui/model.go:479.2,479.25 1 0
github.com/bladeacer/ocd/internal/tui/model.go:482.35,485.26 3 1
github.com/bladeacer/ocd/internal/tui/model.go:485.26,486.12 1 1
github.com/bladeacer/ocd/internal/tui/model.go:486.12,488.4 1 1
github.com/bladeacer/ocd/internal/tui/model.go:490.2,490.13 1 1
github.com/bladeacer/ocd/internal/tui/model.go:493.25,495.22 2 1
github.com/bladeacer/ocd/internal/tui/model.go:495.22,496.27 1 1
github.com/bladeacer/ocd/internal/tui/model.go:496.27,498.4 1 1
github.com/bladeacer/ocd/internal/tui/model.go:500.2,500.10 1 1
github.com/bladeacer/ocd/internal/tui/model.go:503.38,504.25 1 1
github.com/bladeacer/ocd/internal/tui/model.go:504.25,507.17 3 1
github.com/bladeacer/ocd/internal/tui/model.go:507.17,509.4 1 1
github.com/bladeacer/ocd/internal/tui/model.go:510.3,510.17 1 1
github.com/bladeacer/ocd/internal/tui/model.go:510.17,512.4 1 1
github.com/bladeacer/ocd/internal/tui/model.go:513.3,513.15 1 1
github.com/bladeacer/ocd/internal/tui/model.go:513.15,515.4 1 1
github.com/bladeacer/ocd/internal/tui/model.go:517.2,517.10 1 1
github.com/bladeacer/ocd/internal/tui/model.go:520.38,521.37 1 1
github.com/bladeacer/ocd/internal/tui/model.go:521.37,523.3 1 1
github.com/bladeacer/ocd/internal/tui/model.go:524.2,524.16 1 1
github.com/bladeacer/ocd/internal/tui/model.go:525.22,526.11 1 1
github.com/bladeacer/ocd/internal/tui/model.go:527.19,528.11 1 1
github.com/bladeacer/ocd/internal/tui/model.go:529.24,530.11 1 1
github.com/bladeacer/ocd/internal/tui/model.go:532.2,532.10 1 1
github.com/bladeacer/ocd/internal/tui/model.go:535.35,536.13 1 1
github.com/bladeacer/ocd/internal/tui/model.go:536.13,538.3 1 1
github.com/bladeacer/ocd/internal/tui/model.go:539.2,539.16 1 1
github.com/bladeacer/ocd/internal/tui/pickermodel.go:47.61,77.2 8 0
github.com/bladeacer/ocd/internal/tui/pickermodel.go:79.38,81.2 1 0
github.com/bladeacer/ocd/internal/tui/pickermodel.go:83.42,86.2 2 0
github.com/bladeacer/ocd/internal/tui/pickermodel.go:88.64,89.27 1 0
github.com/bladeacer/ocd/internal/tui/pickermodel.go:90.21,92.30 2 0
github.com/bladeacer/ocd/internal/tui/pickermodel.go:92.30,95.4 2 0
github.com/bladeacer/ocd/internal/tui/pickermodel.go:96.3,98.16 3 0
github.com/bladeacer/ocd/internal/tui/pickermodel.go:100.32,103.16 3 0
github.com/bladeacer/ocd/internal/tui/pickermodel.go:105.18,106.38 1 0
github.com/bladeacer/ocd/internal/tui/pickermodel.go:106.38,107.55 1 0
github.com/bladeacer/ocd/internal/tui/pickermodel.go:107.55,110.5 2 0
github.com/bladeacer/ocd/internal/tui/pickermodel.go:111.4,111.17 1 0
github.com/bladeacer/ocd/internal/tui/pickermodel.go:114.3,114.26 1 0
github.com/bladeacer/ocd/internal/tui/pickermodel.go:117.2,117.15 1 0
github.com/bladeacer/ocd/internal/tui/pickermodel.go:120.70,121.18 1 1
github.com/bladeacer/ocd/internal/tui/pickermodel.go:121.18,123.3 1 0
github.com/bladeacer/ocd/internal/tui/pickermodel.go:125.2,127.16 2 1
github.com/bladeacer/ocd/internal/tui/pickermodel.go:127.16,130.3 2 0
github.com/bladeacer/ocd/internal/tui/pickermodel.go:132.2,132.13 1 1
github.com/bladeacer/ocd/internal/tui/pickermodel.go:133.21,135.21 2 0
github.com/bladeacer/ocd/internal/tui/pickermodel.go:136.17,138.16 2 0
github.com/bladeacer/ocd/internal/tui/pickermodel.go:139.11,143.16 4 1
github.com/bladeacer/ocd/internal/tui/pickermodel.go:144.16,145.27 1 1
github.com/bladeacer/ocd/internal/tui/pickermodel.go:146.11,148.18 2 1
github.com/bladeacer/ocd/internal/tui/pickermodel.go:149.11,151.18 2 0
github.com/bladeacer/ocd/internal/tui/pickermodel.go:152.11,154.16 2 0
github.com/bladeacer/ocd/internal/tui/pickermodel.go:157.2,159.15 3 1
github.com/bladeacer/ocd/internal/tui/pickermodel.go:162.76,163.22 1 1
github.com/bladeacer/ocd/internal/tui/pickermodel.go:164.27,170.16 6 1
github.com/bladeacer/ocd/internal/tui/pickermodel.go:171.24,176.16 5 1
github.com/bladeacer/ocd/internal/tui/pickermodel.go:177.20,179.19 2 1
github.com/bladeacer/ocd/internal/tui/pickermodel.go:179.19,181.4 1 1
github.com/bladeacer/ocd/internal/tui/pickermodel.go:182.3,184.16 3 1
github.com/bladeacer/ocd/internal/tui/pickermodel.go:185.11,192.16 7 0
github.com/bladeacer/ocd/internal/tui/pickermodel.go:195.2,195.28 1 1
github.com/bladeacer/ocd/internal/tui/pickermodel.go:195.28,200.3 4 1
github.com/bladeacer/ocd/internal/tui/pickermodel.go:202.2,202.15 1 0
github.com/bladeacer/ocd/internal/tui/pickermodel.go:205.60,207.16 2 1
github.com/bladeacer/ocd/internal/tui/pickermodel.go:207.16,209.3 1 1
github.com/bladeacer/ocd/internal/tui/pickermodel.go:210.2,211.29 2 1
github.com/bladeacer/ocd/internal/tui/pickermodel.go:211.29,217.3 5 1
github.com/bladeacer/ocd/internal/tui/pickermodel.go:217.8,221.3 3 1
github.com/bladeacer/ocd/internal/tui/pickermodel.go:222.2,222.15 1 1
github.com/bladeacer/ocd/internal/tui/pickermodel.go:225.35,227.38 2 1
github.com/bladeacer/ocd/internal/tui/pickermodel.go:227.38,232.3 1 1
github.com/bladeacer/ocd/internal/tui/pickermodel.go:234.2,236.37 3 1
github.com/bladeacer/ocd/internal/tui/pickermodel.go:236.37,238.3 1 1
github.com/bladeacer/ocd/internal/tui/pickermodel.go:240.2,240.24 1 1
github.com/bladeacer/ocd/internal/tui/pickermodel.go:240.24,241.58 1 1
github.com/bladeacer/ocd/internal/tui/pickermodel.go:241.58,242.12 1 1
github.com/bladeacer/ocd/internal/tui/pickermodel.go:244.3,245.21 2 1
github.com/bladeacer/ocd/internal/tui/pickermodel.go:245.21,247.4 1 0
github.com/bladeacer/ocd/internal/tui/pickermodel.go:249.3,250.31 2 1
github.com/bladeacer/ocd/internal/tui/pickermodel.go:250.31,251.28 1 1
github.com/bladeacer/ocd/internal/tui/pickermodel.go:251.28,253.5 1 1
github.com/bladeacer/ocd/internal/tui/pickermodel.go:253.10,255.5 1 1
github.com/bladeacer/ocd/internal/tui/pickermodel.go:258.3,259.16 2 1
github.com/bladeacer/ocd/internal/tui/pickermodel.go:259.16,261.4 1 1
github.com/bladeacer/ocd/internal/tui/pickermodel.go:261.9,263.4 1 1
github.com/bladeacer/ocd/internal/tui/pickermodel.go:265.3,271.5 1 1
github.com/bladeacer/ocd/internal/tui/pickermodel.go:273.2,273.15 1 1
github.com/bladeacer/ocd/internal/tui/pickermodel.go:276.57,279.2 2 1
github.com/bladeacer/ocd/internal/tui/pickermodel.go:281.37,284.29 2 1
github.com/bladeacer/ocd/internal/tui/pickermodel.go:284.29,285.43 1 1
github.com/bladeacer/ocd/internal/tui/pickermodel.go:285.43,286.12 1 1
github.com/bladeacer/ocd/internal/tui/pickermodel.go:288.3,288.44 1 1
github.com/bladeacer/ocd/internal/tui/pickermodel.go:288.44,290.35 2 0
github.com/bladeacer/ocd/internal/tui/pickermodel.go:290.35,291.28 1 0
github.com/bladeacer/ocd/internal/tui/pickermodel.go:291.28,293.11 2 0
github.com/bladeacer/ocd/internal/tui/pickermodel.go:296.4,296.15 1 0
github.com/bladeacer/ocd/internal/tui/pickermodel.go:296.15,297.13 1 0
github.com/bladeacer/ocd/internal/tui/pickermodel.go:300.3,300.22 1 1
github.com/bladeacer/ocd/internal/tui/pickermodel.go:300.22,302.63 2 1
github.com/bladeacer/ocd/internal/tui/pickermodel.go:302.63,303.13 1 0
github.com/bladeacer/ocd/internal/tui/pickermodel.go:306.3,306.35 1 1
github.com/bladeacer/ocd/internal/tui/pickermodel.go:309.2,309.49 1 1
github.com/bladeacer/ocd/internal/tui/pickermodel.go:309.49,312.19 3 1
github.com/bladeacer/ocd/internal/tui/pickermodel.go:312.19,314.4 1 0
github.com/bladeacer/ocd/internal/tui/pickermodel.go:315.3,318.8 1 1
github.com/bladeacer/ocd/internal/tui/pickermodel.go:321.2,321.25 1 1
github.com/bladeacer/ocd/internal/tui/pickermodel.go:324.37,325.18 1 0
github.com/bladeacer/ocd/internal/tui/pickermodel.go:325.18,327.3 1 0
github.com/bladeacer/ocd/internal/tui/pickermodel.go:328.2,328.21 1 0
github.com/bladeacer/ocd/internal/tui/pickermodel.go:328.21,330.3 1 0
github.com/bladeacer/ocd/internal/tui/pickermodel.go:332.2,332.16 1 0
github.com/bladeacer/ocd/internal/tui/pickermodel.go:332.16,346.3 3 0
github.com/bladeacer/ocd/internal/tui/pickermodel.go:348.2,349.30 2 0
github.com/bladeacer/ocd/internal/tui/pickermodel.go:349.30,351.3 1 0
github.com/bladeacer/ocd/internal/tui/pickermodel.go:353.2,354.18 2 0
github.com/bladeacer/ocd/internal/tui/pickermodel.go:354.18,356.3 1 0
github.com/bladeacer/ocd/internal/tui/pickermodel.go:358.2,365.92 3 0
github.com/bladeacer/ocd/internal/tui/pickermodel.go:368.75,372.16 4 0
github.com/bladeacer/ocd/internal/tui/pickermodel.go:372.16,374.3 1 0
github.com/bladeacer/ocd/internal/tui/pickermodel.go:375.2,376.25 2 0
github.com/bladeacer/ocd/internal/tui/pickermodel.go:376.25,378.3 1 0
github.com/bladeacer/ocd/internal/tui/pickermodel.go:379.2,379.47 1 0
github.com/bladeacer/ocd/internal/tui/spinner.go:18.55,27.2 4 1
github.com/bladeacer/ocd/internal/tui/spinner.go:29.39,31.2 1 1
github.com/bladeacer/ocd/internal/tui/spinner.go:33.45,36.2 2 0
github.com/bladeacer/ocd/internal/tui/spinner.go:38.69,39.27 1 1
github.com/bladeacer/ocd/internal/tui/spinner.go:40.15,42.37 2 1
github.com/bladeacer/ocd/internal/tui/spinner.go:42.37,44.4 1 1
github.com/bladeacer/ocd/internal/tui/spinner.go:45.3,45.25 1 1
github.com/bladeacer/ocd/internal/tui/spinner.go:46.23,49.16 3 1
github.com/bladeacer/ocd/internal/tui/spinner.go:51.2,51.15 1 0
github.com/bladeacer/ocd/internal/tui/spinner.go:54.38,58.2 3 1
github.com/bladeacer/ocd/internal/tui/spinner.go:60.39,62.2 1 1
github.com/bladeacer/ocd/internal/tui/styles.go:42.33,54.2 4 1
github.com/bladeacer/ocd/internal/tui/view.go:17.31,18.17 1 1
github.com/bladeacer/ocd/internal/tui/view.go:19.20,20.25 1 1
github.com/bladeacer/ocd/internal/tui/view.go:21.31,22.30 1 1
github.com/bladeacer/ocd/internal/tui/view.go:23.20,24.25 1 0
github.com/bladeacer/ocd/internal/tui/view.go:26.2,26.11 1 0
github.com/bladeacer/ocd/internal/tui/view.go:29.38,30.18 1 1
github.com/bladeacer/ocd/internal/tui/view.go:30.18,32.3 1 1
github.com/bladeacer/ocd/internal/tui/view.go:34.2,37.84 3 1
github.com/bladeacer/ocd/internal/tui/view.go:40.43,41.16 1 1
github.com/bladeacer/ocd/internal/tui/view.go:41.16,43.3 1 0
github.com/bladeacer/ocd/internal/tui/view.go:45.2,49.28 3 1
github.com/bladeacer/ocd/internal/tui/view.go:49.28,51.3 1 1
github.com/bladeacer/ocd/internal/tui/view.go:53.2,58.19 4 1
github.com/bladeacer/ocd/internal/tui/view.go:61.37,78.2 3 0
github.com/bladeacer/ocd/internal/tui/view.go:80.37,92.2 4 1
github.com/bladeacer/ocd/internal/tui/view.go:94.50,95.12 1 1
github.com/bladeacer/ocd/internal/tui/view.go:95.12,97.3 1 1
github.com/bladeacer/ocd/internal/tui/view.go:98.2,98.53 1 1
github.com/bladeacer/ocd/internal/tui/view.go:101.38,109.2 3 1
