mode: set
github.com/bladeacer/ocd/main.go:18.13,33.39 6 0
github.com/bladeacer/ocd/main.go:33.39,36.3 2 0
github.com/bladeacer/ocd/main.go:18.13,33.39 6 0
github.com/bladeacer/ocd/main.go:33.39,36.3 2 0
github.com/bladeacer/ocd/cmd/clean.go:12.35,16.55 1 0
github.com/bladeacer/ocd/cmd/clean.go:16.55,18.36 2 0
github.com/bladeacer/ocd/cmd/clean.go:18.36,20.5 1 0
github.com/bladeacer/ocd/cmd/clean.go:21.4,21.62 1 0
github.com/bladeacer/ocd/cmd/clean.go:21.62,23.5 1 0
github.com/bladeacer/ocd/cmd/clean.go:24.4,25.14 2 0
github.com/bladeacer/ocd/cmd/clean.go:29.2,29.12 1 0
github.com/bladeacer/ocd/cmd/diff.go:16.38,18.38 2 0
github.com/bladeacer/ocd/cmd/diff.go:18.38,20.3 1 0
github.com/bladeacer/ocd/cmd/diff.go:21.2,23.12 3 0
github.com/bladeacer/ocd/cmd/diff.go:26.34,39.55 3 0
github.com/bladeacer/ocd/cmd/diff.go:39.55,42.22 2 0
github.com/bladeacer/ocd/cmd/diff.go:42.22,45.5 2 0
github.com/bladeacer/ocd/cmd/diff.go:45.10,45.44 1 0
github.com/bladeacer/ocd/cmd/diff.go:45.44,51.19 5 0
github.com/bladeacer/ocd/cmd/diff.go:51.19,53.6 1 0
github.com/bladeacer/ocd/cmd/diff.go:54.5,54.41 1 0
github.com/bladeacer/ocd/cmd/diff.go:54.41,57.6 2 0
github.com/bladeacer/ocd/cmd/diff.go:58.10,60.5 1 0
github.com/bladeacer/ocd/cmd/diff.go:62.4,62.46 1 0
github.com/bladeacer/ocd/cmd/diff.go:62.46,64.5 1 0
github.com/bladeacer/ocd/cmd/diff.go:65.4,65.46 1 0
github.com/bladeacer/ocd/cmd/diff.go:65.46,67.5 1 0
github.com/bladeacer/ocd/cmd/diff.go:69.4,70.27 2 0
github.com/bladeacer/ocd/cmd/diff.go:70.27,72.5 1 0
github.com/bladeacer/ocd/cmd/diff.go:74.4,74.36 1 0
github.com/bladeacer/ocd/cmd/diff.go:78.2,80.12 3 0
github.com/bladeacer/ocd/cmd/extract.go:11.37,18.55 1 0
github.com/bladeacer/ocd/cmd/extract.go:18.55,21.18 3 0
github.com/bladeacer/ocd/cmd/extract.go:21.18,23.5 1 0
github.com/bladeacer/ocd/cmd/extract.go:24.4,25.14 2 0
github.com/bladeacer/ocd/cmd/extract.go:29.2,29.12 1 0
github.com/bladeacer/ocd/cmd/interact.go:14.38,23.55 2 0
github.com/bladeacer/ocd/cmd/interact.go:23.55,29.18 5 0
github.com/bladeacer/ocd/cmd/interact.go:29.18,31.5 1 0
github.com/bladeacer/ocd/cmd/interact.go:32.4,32.30 1 0
github.com/bladeacer/ocd/cmd/interact.go:32.30,35.5 2 0
github.com/bladeacer/ocd/cmd/interact.go:37.4,39.18 3 0
github.com/bladeacer/ocd/cmd/interact.go:39.18,41.5 1 0
github.com/bladeacer/ocd/cmd/interact.go:42.4,43.14 2 0
github.com/bladeacer/ocd/cmd/interact.go:47.2,48.12 2 0
github.com/bladeacer/ocd/internal/cache/cache.go:28.36,33.49 2 0
github.com/bladeacer/ocd/internal/cache/cache.go:33.49,34.13 1 0
github.com/bladeacer/ocd/internal/cache/cache.go:36.2,36.10 1 0
github.com/bladeacer/ocd/internal/cache/cache.go:39.42,41.2 1 0
github.com/bladeacer/ocd/internal/cache/cache.go:43.55,46.16 3 0
github.com/bladeacer/ocd/internal/cache/cache.go:46.16,47.25 1 0
github.com/bladeacer/ocd/internal/cache/cache.go:47.25,49.4 1 0
github.com/bladeacer/ocd/internal/cache/cache.go:50.3,50.13 1 0
github.com/bladeacer/ocd/internal/cache/cache.go:52.2,53.53 2 0
github.com/bladeacer/ocd/internal/cache/cache.go:53.53,55.3 1 0
github.com/bladeacer/ocd/internal/cache/cache.go:56.2,56.54 1 0
github.com/bladeacer/ocd/internal/cache/cache.go:56.54,58.3 1 0
github.com/bladeacer/ocd/internal/cache/cache.go:59.2,59.38 1 0
github.com/bladeacer/ocd/internal/cache/cache.go:62.55,65.16 3 0
github.com/bladeacer/ocd/internal/cache/cache.go:65.16,67.3 1 0
github.com/bladeacer/ocd/internal/cache/cache.go:68.2,73.16 3 0
github.com/bladeacer/ocd/internal/cache/cache.go:73.16,75.3 1 0
github.com/bladeacer/ocd/internal/cache/cache.go:76.2,76.35 1 0
github.com/bladeacer/ocd/internal/cache/cache.go:79.43,82.24 3 0
github.com/bladeacer/ocd/internal/cache/cache.go:82.24,84.3 1 0
github.com/bladeacer/ocd/internal/cache/cache.go:85.2,85.12 1 0
github.com/bladeacer/ocd/internal/cache/cache.go:88.31,90.16 2 0
github.com/bladeacer/ocd/internal/cache/cache.go:90.16,91.25 1 0
github.com/bladeacer/ocd/internal/cache/cache.go:91.25,93.4 1 0
github.com/bladeacer/ocd/internal/cache/cache.go:94.3,94.13 1 0
github.com/bladeacer/ocd/internal/cache/cache.go:96.2,98.16 3 0
github.com/bladeacer/ocd/internal/cache/cache.go:98.16,100.3 1 0
github.com/bladeacer/ocd/internal/cache/cache.go:101.2,101.29 1 0
github.com/bladeacer/ocd/internal/cache/cache.go:101.29,103.3 1 0
github.com/bladeacer/ocd/internal/cache/cache.go:104.2,104.12 1 0
github.com/bladeacer/ocd/internal/core/asar.go:31.61,33.16 2 1
github.com/bladeacer/ocd/internal/core/asar.go:33.16,35.3 1 0
github.com/bladeacer/ocd/internal/core/asar.go:36.2,39.47 3 1
github.com/bladeacer/ocd/internal/core/asar.go:39.47,41.3 1 0
github.com/bladeacer/ocd/internal/core/asar.go:43.2,44.71 2 1
github.com/bladeacer/ocd/internal/core/asar.go:44.71,46.3 1 1
github.com/bladeacer/ocd/internal/core/asar.go:47.2,47.51 1 1
github.com/bladeacer/ocd/internal/core/asar.go:47.51,49.3 1 0
github.com/bladeacer/ocd/internal/core/asar.go:51.2,52.51 2 1
github.com/bladeacer/ocd/internal/core/asar.go:52.51,54.3 1 0
github.com/bladeacer/ocd/internal/core/asar.go:56.2,57.57 2 1
github.com/bladeacer/ocd/internal/core/asar.go:57.57,59.3 1 0
github.com/bladeacer/ocd/internal/core/asar.go:61.2,62.9 2 1
github.com/bladeacer/ocd/internal/core/asar.go:62.9,64.3 1 1
github.com/bladeacer/ocd/internal/core/asar.go:66.2,67.67 2 1
github.com/bladeacer/ocd/internal/core/asar.go:67.67,69.3 1 0
github.com/bladeacer/ocd/internal/core/asar.go:71.2,74.16 3 1
github.com/bladeacer/ocd/internal/core/asar.go:74.16,76.3 1 0
github.com/bladeacer/ocd/internal/core/asar.go:77.2,80.49 3 1
github.com/bladeacer/ocd/internal/core/asar.go:80.49,82.3 1 0
github.com/bladeacer/ocd/internal/core/asar.go:84.2,84.12 1 1
github.com/bladeacer/ocd/internal/core/diff.go:17.60,22.16 4 1
github.com/bladeacer/ocd/internal/core/diff.go:22.16,28.3 1 1
github.com/bladeacer/ocd/internal/core/diff.go:30.2,31.16 2 1
github.com/bladeacer/ocd/internal/core/diff.go:31.16,37.3 1 0
github.com/bladeacer/ocd/internal/core/diff.go:39.2,52.49 4 1
github.com/bladeacer/ocd/internal/core/diff.go:52.49,53.67 1 1
github.com/bladeacer/ocd/internal/core/diff.go:53.67,55.9 2 1
github.com/bladeacer/ocd/internal/core/diff.go:59.2,64.3 1 1
github.com/bladeacer/ocd/internal/core/extract.go:19.49,23.45 3 1
github.com/bladeacer/ocd/internal/core/extract.go:23.45,25.3 1 1
github.com/bladeacer/ocd/internal/core/extract.go:27.2,27.51 1 1
github.com/bladeacer/ocd/internal/core/extract.go:27.51,29.3 1 0
github.com/bladeacer/ocd/internal/core/extract.go:31.2,34.16 3 1
github.com/bladeacer/ocd/internal/core/extract.go:34.16,36.3 1 1
github.com/bladeacer/ocd/internal/core/extract.go:37.2,39.44 2 0
github.com/bladeacer/ocd/internal/core/extract.go:39.44,41.3 1 0
github.com/bladeacer/ocd/internal/core/extract.go:42.2,42.38 1 0
github.com/bladeacer/ocd/internal/core/extract.go:42.38,44.3 1 0
github.com/bladeacer/ocd/internal/core/extract.go:46.2,47.16 2 0
github.com/bladeacer/ocd/internal/core/extract.go:47.16,49.3 1 0
github.com/bladeacer/ocd/internal/core/extract.go:50.2,53.16 3 0
github.com/bladeacer/ocd/internal/core/extract.go:53.16,55.3 1 0
github.com/bladeacer/ocd/internal/core/extract.go:56.2,59.54 3 0
github.com/bladeacer/ocd/internal/core/extract.go:59.54,62.3 2 0
github.com/bladeacer/ocd/internal/core/extract.go:63.2,65.65 2 0
github.com/bladeacer/ocd/internal/core/extract.go:65.65,67.3 1 0
github.com/bladeacer/ocd/internal/core/extract.go:69.2,69.22 1 0
github.com/bladeacer/ocd/internal/sources/docker.go:20.32,22.2 1 0
github.com/bladeacer/ocd/internal/sources/docker.go:24.35,24.54 1 0
github.com/bladeacer/ocd/internal/sources/docker.go:39.57,43.16 3 0
github.com/bladeacer/ocd/internal/sources/docker.go:43.16,45.17 2 0
github.com/bladeacer/ocd/internal/sources/docker.go:45.17,47.4 1 0
github.com/bladeacer/ocd/internal/sources/docker.go:48.3,48.39 1 0
github.com/bladeacer/ocd/internal/sources/docker.go:48.39,51.4 2 0
github.com/bladeacer/ocd/internal/sources/docker.go:53.3,54.66 2 0
github.com/bladeacer/ocd/internal/sources/docker.go:54.66,57.4 2 0
github.com/bladeacer/ocd/internal/sources/docker.go:58.3,60.39 2 0
github.com/bladeacer/ocd/internal/sources/docker.go:60.39,61.45 1 0
github.com/bladeacer/ocd/internal/sources/docker.go:61.45,62.13 1 0
github.com/bladeacer/ocd/internal/sources/docker.go:64.4,68.44 4 0
github.com/bladeacer/ocd/internal/sources/docker.go:68.44,69.13 1 0
github.com/bladeacer/ocd/internal/sources/docker.go:72.4,76.6 1 0
github.com/bladeacer/ocd/internal/sources/docker.go:78.3,78.18 1 0
github.com/bladeacer/ocd/internal/sources/docker.go:81.2,81.18 1 0
github.com/bladeacer/ocd/internal/sources/electron.go:18.30,20.2 1 0
github.com/bladeacer/ocd/internal/sources/electron.go:22.34,22.55 1 0
github.com/bladeacer/ocd/internal/sources/electron.go:24.56,26.16 2 0
github.com/bladeacer/ocd/internal/sources/electron.go:26.16,28.3 1 0
github.com/bladeacer/ocd/internal/sources/electron.go:29.2,31.38 2 0
github.com/bladeacer/ocd/internal/sources/electron.go:31.38,33.3 1 0
github.com/bladeacer/ocd/internal/sources/electron.go:35.2,36.64 2 0
github.com/bladeacer/ocd/internal/sources/electron.go:36.64,38.3 1 0
github.com/bladeacer/ocd/internal/sources/electron.go:40.2,40.37 1 0
github.com/bladeacer/ocd/internal/sources/fetcher.go:22.42,29.2 1 0
github.com/bladeacer/ocd/internal/sources/fetcher.go:31.60,38.20 5 0
github.com/bladeacer/ocd/internal/sources/fetcher.go:38.20,39.10 1 0
github.com/bladeacer/ocd/internal/sources/fetcher.go:40.21,41.20 1 0
github.com/bladeacer/ocd/internal/sources/fetcher.go:42.11,42.11 0 0
github.com/bladeacer/ocd/internal/sources/fetcher.go:44.3,44.13 1 0
github.com/bladeacer/ocd/internal/sources/fetcher.go:44.13,46.63 2 0
github.com/bladeacer/ocd/internal/sources/fetcher.go:46.63,49.5 2 0
github.com/bladeacer/ocd/internal/sources/fetcher.go:51.3,52.17 2 0
github.com/bladeacer/ocd/internal/sources/fetcher.go:52.17,54.4 1 0
github.com/bladeacer/ocd/internal/sources/fetcher.go:55.3,55.59 1 0
github.com/bladeacer/ocd/internal/sources/fetcher.go:55.59,57.4 1 0
github.com/bladeacer/ocd/internal/sources/fetcher.go:58.3,59.13 2 0
github.com/bladeacer/ocd/internal/sources/fetcher.go:62.2,62.20 1 0
github.com/bladeacer/ocd/internal/sources/fetcher.go:62.20,63.10 1 0
github.com/bladeacer/ocd/internal/sources/fetcher.go:64.21,65.20 1 0
github.com/bladeacer/ocd/internal/sources/fetcher.go:66.11,66.11 0 0
github.com/bladeacer/ocd/internal/sources/fetcher.go:68.3,68.13 1 0
github.com/bladeacer/ocd/internal/sources/fetcher.go:68.13,70.66 2 0
github.com/bladeacer/ocd/internal/sources/fetcher.go:70.66,73.5 2 0
github.com/bladeacer/ocd/internal/sources/fetcher.go:75.3,76.17 2 0
github.com/bladeacer/ocd/internal/sources/fetcher.go:76.17,78.4 1 0
github.com/bladeacer/ocd/internal/sources/fetcher.go:79.3,79.62 1 0
github.com/bladeacer/ocd/internal/sources/fetcher.go:79.62,81.4 1 0
github.com/bladeacer/ocd/internal/sources/fetcher.go:82.3,83.13 2 0
github.com/bladeacer/ocd/internal/sources/fetcher.go:86.2,86.20 1 0
github.com/bladeacer/ocd/internal/sources/fetcher.go:86.20,87.10 1 0
github.com/bladeacer/ocd/internal/sources/fetcher.go:88.21,89.20 1 0
github.com/bladeacer/ocd/internal/sources/fetcher.go:90.11,90.11 0 0
github.com/bladeacer/ocd/internal/sources/fetcher.go:92.3,92.13 1 0
github.com/bladeacer/ocd/internal/sources/fetcher.go:92.13,94.68 2 0
github.com/bladeacer/ocd/internal/sources/fetcher.go:94.68,97.5 2 0
github.com/bladeacer/ocd/internal/sources/fetcher.go:99.3,100.17 2 0
github.com/bladeacer/ocd/internal/sources/fetcher.go:100.17,102.4 1 0
github.com/bladeacer/ocd/internal/sources/fetcher.go:103.3,103.64 1 0
github.com/bladeacer/ocd/internal/sources/fetcher.go:103.64,105.4 1 0
github.com/bladeacer/ocd/internal/sources/fetcher.go:106.3,107.13 2 0
github.com/bladeacer/ocd/internal/sources/fetcher.go:110.2,110.33 1 0
github.com/bladeacer/ocd/internal/sources/fetcher.go:110.33,112.3 1 0
github.com/bladeacer/ocd/internal/sources/fetcher.go:113.2,113.16 1 0
github.com/bladeacer/ocd/internal/sources/rss.go:17.20,19.2 1 0
github.com/bladeacer/ocd/internal/sources/rss.go:21.29,21.45 1 0
github.com/bladeacer/ocd/internal/sources/rss.go:23.52,26.16 3 0
github.com/bladeacer/ocd/internal/sources/rss.go:26.16,28.3 1 0
github.com/bladeacer/ocd/internal/sources/rss.go:30.2,35.35 4 0
github.com/bladeacer/ocd/internal/sources/rss.go:35.35,37.20 2 0
github.com/bladeacer/ocd/internal/sources/rss.go:37.20,38.12 1 0
github.com/bladeacer/ocd/internal/sources/rss.go:40.3,43.47 3 0
github.com/bladeacer/ocd/internal/sources/rss.go:43.47,45.4 1 0
github.com/bladeacer/ocd/internal/sources/rss.go:47.3,51.26 3 0
github.com/bladeacer/ocd/internal/sources/rss.go:51.26,53.22 2 0
github.com/bladeacer/ocd/internal/sources/rss.go:53.22,55.5 1 0
github.com/bladeacer/ocd/internal/sources/rss.go:56.9,56.37 1 0
github.com/bladeacer/ocd/internal/sources/rss.go:56.37,58.22 2 0
github.com/bladeacer/ocd/internal/sources/rss.go:58.22,60.5 1 0
github.com/bladeacer/ocd/internal/sources/rss.go:63.3,64.17 2 0
github.com/bladeacer/ocd/internal/sources/rss.go:64.17,66.4 1 0
github.com/bladeacer/ocd/internal/sources/rss.go:68.3,75.5 1 0
github.com/bladeacer/ocd/internal/sources/rss.go:78.2,78.24 1 0
github.com/bladeacer/ocd/internal/sources/rss.go:78.24,80.3 1 0
github.com/bladeacer/ocd/internal/sources/rss.go:82.2,83.22 2 0
github.com/bladeacer/ocd/internal/sources/rss.go:86.69,91.40 4 0
github.com/bladeacer/ocd/internal/sources/rss.go:91.40,92.31 1 0
github.com/bladeacer/ocd/internal/sources/rss.go:92.31,94.4 1 0
github.com/bladeacer/ocd/internal/sources/rss.go:94.9,96.4 1 0
github.com/bladeacer/ocd/internal/sources/rss.go:98.2,98.15 1 0
github.com/bladeacer/ocd/internal/tui/diffmodel.go:62.57,74.2 5 0
github.com/bladeacer/ocd/internal/tui/diffmodel.go:76.36,78.2 1 0
github.com/bladeacer/ocd/internal/tui/diffmodel.go:80.29,81.21 1 0
github.com/bladeacer/ocd/internal/tui/diffmodel.go:81.21,83.3 1 0
github.com/bladeacer/ocd/internal/tui/diffmodel.go:85.2,85.27 1 0
github.com/bladeacer/ocd/internal/tui/diffmodel.go:85.27,88.3 2 0
github.com/bladeacer/ocd/internal/tui/diffmodel.go:90.2,90.23 1 0
github.com/bladeacer/ocd/internal/tui/diffmodel.go:90.23,93.3 2 0
github.com/bladeacer/ocd/internal/tui/diffmodel.go:95.2,103.27 8 0
github.com/bladeacer/ocd/internal/tui/diffmodel.go:103.27,104.36 1 0
github.com/bladeacer/ocd/internal/tui/diffmodel.go:104.36,109.12 5 0
github.com/bladeacer/ocd/internal/tui/diffmodel.go:112.3,112.71 1 0
github.com/bladeacer/ocd/internal/tui/diffmodel.go:112.71,114.12 2 0
github.com/bladeacer/ocd/internal/tui/diffmodel.go:117.3,117.28 1 0
github.com/bladeacer/ocd/internal/tui/diffmodel.go:117.28,119.12 2 0
github.com/bladeacer/ocd/internal/tui/diffmodel.go:122.3,122.10 1 0
github.com/bladeacer/ocd/internal/tui/diffmodel.go:123.72,129.14 3 0
github.com/bladeacer/ocd/internal/tui/diffmodel.go:131.72,137.14 3 0
github.com/bladeacer/ocd/internal/tui/diffmodel.go:139.11,145.14 3 0
github.com/bladeacer/ocd/internal/tui/diffmodel.go:149.2,149.12 1 0
github.com/bladeacer/ocd/internal/tui/diffmodel.go:152.57,155.48 3 0
github.com/bladeacer/ocd/internal/tui/diffmodel.go:155.48,157.3 1 0
github.com/bladeacer/ocd/internal/tui/diffmodel.go:158.2,158.48 1 0
github.com/bladeacer/ocd/internal/tui/diffmodel.go:158.48,160.3 1 0
github.com/bladeacer/ocd/internal/tui/diffmodel.go:161.2,162.26 2 0
github.com/bladeacer/ocd/internal/tui/diffmodel.go:162.26,163.32 1 0
github.com/bladeacer/ocd/internal/tui/diffmodel.go:163.32,165.13 2 0
github.com/bladeacer/ocd/internal/tui/diffmodel.go:165.13,167.5 1 0
github.com/bladeacer/ocd/internal/tui/diffmodel.go:169.3,169.32 1 0
github.com/bladeacer/ocd/internal/tui/diffmodel.go:169.32,171.13 2 0
github.com/bladeacer/ocd/internal/tui/diffmodel.go:171.13,173.5 1 0
github.com/bladeacer/ocd/internal/tui/diffmodel.go:176.2,176.8 1 0
github.com/bladeacer/ocd/internal/tui/diffmodel.go:179.36,181.22 2 0
github.com/bladeacer/ocd/internal/tui/diffmodel.go:181.22,182.27 1 0
github.com/bladeacer/ocd/internal/tui/diffmodel.go:182.27,184.4 1 0
github.com/bladeacer/ocd/internal/tui/diffmodel.go:184.9,185.9 1 0
github.com/bladeacer/ocd/internal/tui/diffmodel.go:188.2,188.10 1 0
github.com/bladeacer/ocd/internal/tui/diffmodel.go:191.30,203.18 8 0
github.com/bladeacer/ocd/internal/tui/diffmodel.go:203.18,205.3 1 0
github.com/bladeacer/ocd/internal/tui/diffmodel.go:205.8,207.3 1 0
github.com/bladeacer/ocd/internal/tui/diffmodel.go:209.2,209.24 1 0
github.com/bladeacer/ocd/internal/tui/diffmodel.go:212.55,216.30 3 0
github.com/bladeacer/ocd/internal/tui/diffmodel.go:216.30,218.22 2 0
github.com/bladeacer/ocd/internal/tui/diffmodel.go:218.22,220.76 2 0
github.com/bladeacer/ocd/internal/tui/diffmodel.go:220.76,223.13 3 0
github.com/bladeacer/ocd/internal/tui/diffmodel.go:226.3,227.22 2 0
github.com/bladeacer/ocd/internal/tui/diffmodel.go:231.58,233.15 2 0
github.com/bladeacer/ocd/internal/tui/diffmodel.go:233.15,235.3 1 0
github.com/bladeacer/ocd/internal/tui/diffmodel.go:236.2,240.27 3 0
github.com/bladeacer/ocd/internal/tui/diffmodel.go:240.27,245.23 5 0
github.com/bladeacer/ocd/internal/tui/diffmodel.go:245.23,247.4 1 0
github.com/bladeacer/ocd/internal/tui/diffmodel.go:248.3,248.23 1 0
github.com/bladeacer/ocd/internal/tui/diffmodel.go:248.23,250.4 1 0
github.com/bladeacer/ocd/internal/tui/diffmodel.go:252.3,253.15 2 0
github.com/bladeacer/ocd/internal/tui/diffmodel.go:253.15,255.4 1 0
github.com/bladeacer/ocd/internal/tui/diffmodel.go:256.3,257.15 2 0
github.com/bladeacer/ocd/internal/tui/diffmodel.go:257.15,259.4 1 0
github.com/bladeacer/ocd/internal/tui/diffmodel.go:261.3,263.17 2 0
github.com/bladeacer/ocd/internal/tui/diffmodel.go:264.23,268.12 4 0
github.com/bladeacer/ocd/internal/tui/diffmodel.go:269.23,273.12 4 0
github.com/bladeacer/ocd/internal/tui/diffmodel.go:274.16,277.5 1 0
github.com/bladeacer/ocd/internal/tui/diffmodel.go:278.16,281.5 1 0
github.com/bladeacer/ocd/internal/tui/diffmodel.go:282.11,284.44 2 0
github.com/bladeacer/ocd/internal/tui/diffmodel.go:287.3,295.22 6 0
github.com/bladeacer/ocd/internal/tui/diffmodel.go:295.22,297.76 2 0
github.com/bladeacer/ocd/internal/tui/diffmodel.go:297.76,299.5 1 0
github.com/bladeacer/ocd/internal/tui/diffmodel.go:302.3,303.22 2 0
github.com/bladeacer/ocd/internal/tui/diffmodel.go:315.49,317.30 2 0
github.com/bladeacer/ocd/internal/tui/diffmodel.go:317.30,318.18 1 0
github.com/bladeacer/ocd/internal/tui/diffmodel.go:319.20,326.6 1 0
github.com/bladeacer/ocd/internal/tui/diffmodel.go:327.16,334.6 1 0
github.com/bladeacer/ocd/internal/tui/diffmodel.go:335.16,342.6 1 0
github.com/bladeacer/ocd/internal/tui/diffmodel.go:343.23,348.6 1 0
github.com/bladeacer/ocd/internal/tui/diffmodel.go:349.23,354.6 1 0
github.com/bladeacer/ocd/internal/tui/diffmodel.go:355.11,360.6 1 0
github.com/bladeacer/ocd/internal/tui/diffmodel.go:363.2,363.15 1 0
github.com/bladeacer/ocd/internal/tui/diffmodel.go:366.80,369.23 3 0
github.com/bladeacer/ocd/internal/tui/diffmodel.go:369.23,371.3 1 0
github.com/bladeacer/ocd/internal/tui/diffmodel.go:372.2,372.23 1 0
github.com/bladeacer/ocd/internal/tui/diffmodel.go:372.23,374.3 1 0
github.com/bladeacer/ocd/internal/tui/diffmodel.go:375.2,377.17 2 0
github.com/bladeacer/ocd/internal/tui/diffmodel.go:378.22,381.4 1 0
github.com/bladeacer/ocd/internal/tui/diffmodel.go:382.15,385.4 1 0
github.com/bladeacer/ocd/internal/tui/diffmodel.go:386.15,389.4 1 0
github.com/bladeacer/ocd/internal/tui/diffmodel.go:390.22,393.4 1 0
github.com/bladeacer/ocd/internal/tui/diffmodel.go:394.10,395.64 1 0
github.com/bladeacer/ocd/internal/tui/diffmodel.go:399.39,400.12 1 0
github.com/bladeacer/ocd/internal/tui/diffmodel.go:400.12,402.3 1 0
github.com/bladeacer/ocd/internal/tui/diffmodel.go:403.2,404.21 2 0
github.com/bladeacer/ocd/internal/tui/diffmodel.go:404.21,406.3 1 0
github.com/bladeacer/ocd/internal/tui/diffmodel.go:407.2,407.11 1 0
github.com/bladeacer/ocd/internal/tui/diffmodel.go:407.11,409.3 1 0
github.com/bladeacer/ocd/internal/tui/diffmodel.go:410.2,410.26 1 0
github.com/bladeacer/ocd/internal/tui/diffmodel.go:413.39,414.17 1 0
github.com/bladeacer/ocd/internal/tui/diffmodel.go:414.17,416.3 1 0
github.com/bladeacer/ocd/internal/tui/diffmodel.go:417.2,417.42 1 0
github.com/bladeacer/ocd/internal/tui/diffmodel.go:420.33,423.22 3 0
github.com/bladeacer/ocd/internal/tui/diffmodel.go:423.22,424.18 1 0
github.com/bladeacer/ocd/internal/tui/diffmodel.go:424.18,426.12 2 0
github.com/bladeacer/ocd/internal/tui/diffmodel.go:428.3,428.15 1 0
github.com/bladeacer/ocd/internal/tui/diffmodel.go:428.15,429.56 1 0
github.com/bladeacer/ocd/internal/tui/diffmodel.go:429.56,431.5 1 0
github.com/bladeacer/ocd/internal/tui/diffmodel.go:432.4,432.12 1 0
github.com/bladeacer/ocd/internal/tui/diffmodel.go:434.3,434.19 1 0
github.com/bladeacer/ocd/internal/tui/diffmodel.go:436.2,436.21 1 0
github.com/bladeacer/ocd/internal/tui/diffmodel.go:439.39,442.2 2 0
github.com/bladeacer/ocd/internal/tui/diffmodel.go:444.62,445.27 1 0
github.com/bladeacer/ocd/internal/tui/diffmodel.go:446.25,452.16 6 0
github.com/bladeacer/ocd/internal/tui/diffmodel.go:454.18,455.19 1 0
github.com/bladeacer/ocd/internal/tui/diffmodel.go:455.19,457.4 1 0
github.com/bladeacer/ocd/internal/tui/diffmodel.go:458.3,458.32 1 0
github.com/bladeacer/ocd/internal/tui/diffmodel.go:461.2,463.15 3 0
github.com/bladeacer/ocd/internal/tui/diffmodel.go:474.74,475.22 1 0
github.com/bladeacer/ocd/internal/tui/diffmodel.go:476.27,481.16 5 0
github.com/bladeacer/ocd/internal/tui/diffmodel.go:483.24,489.16 6 0
github.com/bladeacer/ocd/internal/tui/diffmodel.go:491.20,493.19 2 0
github.com/bladeacer/ocd/internal/tui/diffmodel.go:493.19,495.4 1 0
github.com/bladeacer/ocd/internal/tui/diffmodel.go:496.3,498.16 3 0
github.com/bladeacer/ocd/internal/tui/diffmodel.go:501.2,501.28 1 0
github.com/bladeacer/ocd/internal/tui/diffmodel.go:501.28,506.3 4 0
github.com/bladeacer/ocd/internal/tui/diffmodel.go:508.2,508.15 1 0
github.com/bladeacer/ocd/internal/tui/diffmodel.go:511.37,512.43 1 0
github.com/bladeacer/ocd/internal/tui/diffmodel.go:512.43,514.3 1 0
github.com/bladeacer/ocd/internal/tui/diffmodel.go:515.2,517.30 3 0
github.com/bladeacer/ocd/internal/tui/diffmodel.go:517.30,518.52 1 0
github.com/bladeacer/ocd/internal/tui/diffmodel.go:518.52,519.27 1 0
github.com/bladeacer/ocd/internal/tui/diffmodel.go:519.27,521.5 1 0
github.com/bladeacer/ocd/internal/tui/diffmodel.go:522.4,522.10 1 0
github.com/bladeacer/ocd/internal/tui/diffmodel.go:527.74,528.22 1 0
github.com/bladeacer/ocd/internal/tui/diffmodel.go:529.32,530.21 1 0
github.com/bladeacer/ocd/internal/tui/diffmodel.go:532.11,534.16 2 0
github.com/bladeacer/ocd/internal/tui/diffmodel.go:535.11,537.16 2 0
github.com/bladeacer/ocd/internal/tui/diffmodel.go:539.11,543.16 4 0
github.com/bladeacer/ocd/internal/tui/diffmodel.go:545.11,546.17 1 0
github.com/bladeacer/ocd/internal/tui/diffmodel.go:546.17,549.4 2 0
github.com/bladeacer/ocd/internal/tui/diffmodel.go:549.9,551.4 1 0
github.com/bladeacer/ocd/internal/tui/diffmodel.go:552.3,552.16 1 0
github.com/bladeacer/ocd/internal/tui/diffmodel.go:553.11,556.16 3 0
github.com/bladeacer/ocd/internal/tui/diffmodel.go:558.11,564.16 6 0
github.com/bladeacer/ocd/internal/tui/diffmodel.go:566.11,568.25 2 0
github.com/bladeacer/ocd/internal/tui/diffmodel.go:570.11,572.24 2 0
github.com/bladeacer/ocd/internal/tui/diffmodel.go:574.11,576.29 2 0
github.com/bladeacer/ocd/internal/tui/diffmodel.go:579.2,583.15 4 0
github.com/bladeacer/ocd/internal/tui/diffmodel.go:586.53,588.52 2 0
github.com/bladeacer/ocd/internal/tui/diffmodel.go:588.52,590.3 1 0
github.com/bladeacer/ocd/internal/tui/diffmodel.go:591.2,591.34 1 0
github.com/bladeacer/ocd/internal/tui/diffmodel.go:594.40,595.24 1 0
github.com/bladeacer/ocd/internal/tui/diffmodel.go:595.24,596.26 1 0
github.com/bladeacer/ocd/internal/tui/diffmodel.go:596.26,598.4 1 0
github.com/bladeacer/ocd/internal/tui/diffmodel.go:599.3,601.39 3 0
github.com/bladeacer/ocd/internal/tui/diffmodel.go:601.39,603.4 1 0
github.com/bladeacer/ocd/internal/tui/diffmodel.go:604.3,605.50 2 0
github.com/bladeacer/ocd/internal/tui/diffmodel.go:605.50,607.4 1 0
github.com/bladeacer/ocd/internal/tui/diffmodel.go:608.3,608.13 1 0
github.com/bladeacer/ocd/internal/tui/diffmodel.go:612.39,613.24 1 0
github.com/bladeacer/ocd/internal/tui/diffmodel.go:613.24,615.50 2 0
github.com/bladeacer/ocd/internal/tui/diffmodel.go:615.50,617.4 1 0
github.com/bladeacer/ocd/internal/tui/diffmodel.go:618.3,618.13 1 0
github.com/bladeacer/ocd/internal/tui/diffmodel.go:622.44,624.16 2 0
github.com/bladeacer/ocd/internal/tui/diffmodel.go:624.16,626.3 1 0
github.com/bladeacer/ocd/internal/tui/diffmodel.go:627.2,628.56 2 0
github.com/bladeacer/ocd/internal/tui/diffmodel.go:628.56,631.3 2 0
github.com/bladeacer/ocd/internal/tui/diffmodel.go:632.2,635.18 3 0
github.com/bladeacer/ocd/internal/tui/diffmodel.go:635.18,637.3 1 0
github.com/bladeacer/ocd/internal/tui/diffmodel.go:638.2,639.54 2 0
github.com/bladeacer/ocd/internal/tui/diffmodel.go:639.54,642.3 2 0
github.com/bladeacer/ocd/internal/tui/diffmodel.go:645.32,646.25 1 0
github.com/bladeacer/ocd/internal/tui/diffmodel.go:646.25,648.3 1 0
github.com/bladeacer/ocd/internal/tui/diffmodel.go:649.2,651.48 3 0
github.com/bladeacer/ocd/internal/tui/diffmodel.go:651.48,653.3 1 0
github.com/bladeacer/ocd/internal/tui/diffmodel.go:656.32,657.25 1 0
github.com/bladeacer/ocd/internal/tui/diffmodel.go:657.25,659.3 1 0
github.com/bladeacer/ocd/internal/tui/diffmodel.go:660.2,661.23 2 0
github.com/bladeacer/ocd/internal/tui/diffmodel.go:661.23,663.3 1 0
github.com/bladeacer/ocd/internal/tui/diffmodel.go:664.2,665.48 2 0
github.com/bladeacer/ocd/internal/tui/diffmodel.go:665.48,667.3 1 0
github.com/bladeacer/ocd/internal/tui/diffmodel.go:670.35,671.14 1 0
github.com/bladeacer/ocd/internal/tui/diffmodel.go:671.14,673.3 1 0
github.com/bladeacer/ocd/internal/tui/diffmodel.go:674.2,674.21 1 0
github.com/bladeacer/ocd/internal/tui/diffmodel.go:674.21,677.3 2 0
github.com/bladeacer/ocd/internal/tui/diffmodel.go:679.2,680.18 2 0
github.com/bladeacer/ocd/internal/tui/diffmodel.go:680.18,682.3 1 0
github.com/bladeacer/ocd/internal/tui/diffmodel.go:684.2,685.24 2 0
github.com/bladeacer/ocd/internal/tui/diffmodel.go:685.24,689.3 1 0
github.com/bladeacer/ocd/internal/tui/diffmodel.go:691.2,692.18 2 0
github.com/bladeacer/ocd/internal/tui/diffmodel.go:692.18,694.3 1 0
github.com/bladeacer/ocd/internal/tui/diffmodel.go:696.2,702.41 2 0
github.com/bladeacer/ocd/internal/tui/diffmodel.go:705.53,710.2 4 0
github.com/bladeacer/ocd/internal/tui/model.go:67.49,116.2 12 0
github.com/bladeacer/ocd/internal/tui/model.go:118.32,120.2 1 0
github.com/bladeacer/ocd/internal/tui/model.go:122.38,125.2 2 0
github.com/bladeacer/ocd/internal/tui/model.go:127.37,130.2 2 0
github.com/bladeacer/ocd/internal/tui/model.go:132.58,133.27 1 0
github.com/bladeacer/ocd/internal/tui/model.go:134.25,137.16 3 0
github.com/bladeacer/ocd/internal/tui/model.go:139.21,141.30 2 0
github.com/bladeacer/ocd/internal/tui/model.go:141.30,144.4 2 0
github.com/bladeacer/ocd/internal/tui/model.go:145.3,148.16 4 0
github.com/bladeacer/ocd/internal/tui/model.go:150.15,151.30 1 0
github.com/bladeacer/ocd/internal/tui/model.go:151.30,153.42 2 0
github.com/bladeacer/ocd/internal/tui/model.go:153.42,155.5 1 0
github.com/bladeacer/ocd/internal/tui/model.go:156.4,156.26 1 0
github.com/bladeacer/ocd/internal/tui/model.go:158.3,158.16 1 0
github.com/bladeacer/ocd/internal/tui/model.go:160.18,161.26 1 0
github.com/bladeacer/ocd/internal/tui/model.go:163.23,166.16 3 0
github.com/bladeacer/ocd/internal/tui/model.go:169.2,169.15 1 0
github.com/bladeacer/ocd/internal/tui/model.go:172.64,173.17 1 0
github.com/bladeacer/ocd/internal/tui/model.go:174.20,175.33 1 0
github.com/bladeacer/ocd/internal/tui/model.go:176.18,177.31 1 0
github.com/bladeacer/ocd/internal/tui/model.go:178.19,179.32 1 0
github.com/bladeacer/ocd/internal/tui/model.go:180.20,181.33 1 0
github.com/bladeacer/ocd/internal/tui/model.go:183.2,183.15 1 0
github.com/bladeacer/ocd/internal/tui/model.go:186.71,187.53 1 0
github.com/bladeacer/ocd/internal/tui/model.go:187.53,189.3 1 0
github.com/bladeacer/ocd/internal/tui/model.go:190.2,190.15 1 0
github.com/bladeacer/ocd/internal/tui/model.go:193.69,194.22 1 0
github.com/bladeacer/ocd/internal/tui/model.go:195.21,196.21 1 0
github.com/bladeacer/ocd/internal/tui/model.go:198.16,199.23 1 0
github.com/bladeacer/ocd/internal/tui/model.go:201.11,205.16 4 0
github.com/bladeacer/ocd/internal/tui/model.go:207.11,209.19 2 0
github.com/bladeacer/ocd/internal/tui/model.go:211.11,213.19 2 0
github.com/bladeacer/ocd/internal/tui/model.go:215.11,217.19 2 0
github.com/bladeacer/ocd/internal/tui/model.go:219.11,221.19 2 0
github.com/bladeacer/ocd/internal/tui/model.go:224.2,226.15 3 0
github.com/bladeacer/ocd/internal/tui/model.go:229.70,230.22 1 0
github.com/bladeacer/ocd/internal/tui/model.go:231.27,237.16 6 0
github.com/bladeacer/ocd/internal/tui/model.go:239.24,244.16 5 0
github.com/bladeacer/ocd/internal/tui/model.go:246.19,248.19 2 0
github.com/bladeacer/ocd/internal/tui/model.go:248.19,250.4 1 0
github.com/bladeacer/ocd/internal/tui/model.go:251.3,253.16 3 0
github.com/bladeacer/ocd/internal/tui/model.go:256.2,256.28 1 0
github.com/bladeacer/ocd/internal/tui/model.go:256.28,261.3 4 0
github.com/bladeacer/ocd/internal/tui/model.go:263.2,263.15 1 0
github.com/bladeacer/ocd/internal/tui/model.go:266.71,267.22 1 0
github.com/bladeacer/ocd/internal/tui/model.go:268.21,269.21 1 0
github.com/bladeacer/ocd/internal/tui/model.go:270.27,273.16 3 0
github.com/bladeacer/ocd/internal/tui/model.go:275.2,275.15 1 0
github.com/bladeacer/ocd/internal/tui/model.go:278.50,280.16 2 0
github.com/bladeacer/ocd/internal/tui/model.go:280.16,282.3 1 0
github.com/bladeacer/ocd/internal/tui/model.go:283.2,285.15 3 0
github.com/bladeacer/ocd/internal/tui/model.go:288.32,291.29 2 0
github.com/bladeacer/ocd/internal/tui/model.go:291.29,296.41 4 0
github.com/bladeacer/ocd/internal/tui/model.go:296.41,297.12 1 0
github.com/bladeacer/ocd/internal/tui/model.go:299.3,299.25 1 0
github.com/bladeacer/ocd/internal/tui/model.go:299.25,301.35 2 0
github.com/bladeacer/ocd/internal/tui/model.go:301.35,302.29 1 0
github.com/bladeacer/ocd/internal/tui/model.go:302.29,304.11 2 0
github.com/bladeacer/ocd/internal/tui/model.go:307.4,307.15 1 0
github.com/bladeacer/ocd/internal/tui/model.go:307.15,308.13 1 0
github.com/bladeacer/ocd/internal/tui/model.go:311.3,311.46 1 0
github.com/bladeacer/ocd/internal/tui/model.go:311.46,312.12 1 0
github.com/bladeacer/ocd/internal/tui/model.go:314.3,314.26 1 0
github.com/bladeacer/ocd/internal/tui/model.go:314.26,316.69 2 0
github.com/bladeacer/ocd/internal/tui/model.go:316.69,317.13 1 0
github.com/bladeacer/ocd/internal/tui/model.go:320.3,320.35 1 0
github.com/bladeacer/ocd/internal/tui/model.go:323.2,324.21 2 0
github.com/bladeacer/ocd/internal/tui/model.go:327.50,329.2 1 0
github.com/bladeacer/ocd/internal/tui/model.go:331.35,333.17 2 0
github.com/bladeacer/ocd/internal/tui/model.go:333.17,335.3 1 0
github.com/bladeacer/ocd/internal/tui/model.go:337.2,340.41 3 0
github.com/bladeacer/ocd/internal/tui/model.go:340.41,344.23 3 0
github.com/bladeacer/ocd/internal/tui/model.go:344.23,347.22 3 0
github.com/bladeacer/ocd/internal/tui/model.go:347.22,349.5 1 0
github.com/bladeacer/ocd/internal/tui/model.go:351.3,351.37 1 0
github.com/bladeacer/ocd/internal/tui/model.go:354.2,354.23 1 0
github.com/bladeacer/ocd/internal/tui/model.go:357.29,361.37 3 0
github.com/bladeacer/ocd/internal/tui/model.go:361.37,363.3 1 0
github.com/bladeacer/ocd/internal/tui/model.go:365.2,368.46 3 0
github.com/bladeacer/ocd/internal/tui/model.go:368.46,373.3 1 0
github.com/bladeacer/ocd/internal/tui/model.go:375.2,377.36 2 0
github.com/bladeacer/ocd/internal/tui/model.go:377.36,380.16 3 0
github.com/bladeacer/ocd/internal/tui/model.go:380.16,381.12 1 0
github.com/bladeacer/ocd/internal/tui/model.go:383.3,387.16 4 0
github.com/bladeacer/ocd/internal/tui/model.go:387.16,388.38 1 0
github.com/bladeacer/ocd/internal/tui/model.go:388.38,390.5 1 0
github.com/bladeacer/ocd/internal/tui/model.go:393.3,395.33 3 0
github.com/bladeacer/ocd/internal/tui/model.go:395.33,396.17 1 0
github.com/bladeacer/ocd/internal/tui/model.go:396.17,398.5 1 0
github.com/bladeacer/ocd/internal/tui/model.go:398.10,400.5 1 0
github.com/bladeacer/ocd/internal/tui/model.go:403.3,404.52 2 0
github.com/bladeacer/ocd/internal/tui/model.go:404.52,406.4 1 0
github.com/bladeacer/ocd/internal/tui/model.go:408.3,409.21 2 0
github.com/bladeacer/ocd/internal/tui/model.go:409.21,411.4 1 0
github.com/bladeacer/ocd/internal/tui/model.go:413.3,422.5 1 0
github.com/bladeacer/ocd/internal/tui/model.go:425.2,426.19 2 0
github.com/bladeacer/ocd/internal/tui/model.go:429.41,440.2 1 0
github.com/bladeacer/ocd/internal/tui/model.go:442.42,445.16 3 0
github.com/bladeacer/ocd/internal/tui/model.go:445.16,447.3 1 0
github.com/bladeacer/ocd/internal/tui/model.go:448.2,449.9 2 0
github.com/bladeacer/ocd/internal/tui/model.go:449.9,451.3 1 0
github.com/bladeacer/ocd/internal/tui/model.go:452.2,452.30 1 0
github.com/bladeacer/ocd/internal/tui/model.go:452.30,454.3 1 0
github.com/bladeacer/ocd/internal/tui/model.go:455.2,455.25 1 0
github.com/bladeacer/ocd/internal/tui/model.go:458.35,461.26 3 0
github.com/bladeacer/ocd/internal/tui/model.go:461.26,462.12 1 0
github.com/bladeacer/ocd/internal/tui/model.go:462.12,464.4 1 0
github.com/bladeacer/ocd/internal/tui/model.go:466.2,466.13 1 0
github.com/bladeacer/ocd/internal/tui/model.go:469.25,471.22 2 0
github.com/bladeacer/ocd/internal/tui/model.go:471.22,472.27 1 0
github.com/bladeacer/ocd/internal/tui/model.go:472.27,474.4 1 0
github.com/bladeacer/ocd/internal/tui/model.go:476.2,476.10 1 0
github.com/bladeacer/ocd/internal/tui/model.go:479.38,480.25 1 0
github.com/bladeacer/ocd/internal/tui/model.go:480.25,483.17 3 0
github.com/bladeacer/ocd/internal/tui/model.go:483.17,485.4 1 0
github.com/bladeacer/ocd/internal/tui/model.go:486.3,486.17 1 0
github.com/bladeacer/ocd/internal/tui/model.go:486.17,488.4 1 0
github.com/bladeacer/ocd/internal/tui/model.go:489.3,489.15 1 0
github.com/bladeacer/ocd/internal/tui/model.go:489.15,491.4 1 0
github.com/bladeacer/ocd/internal/tui/model.go:493.2,493.10 1 0
github.com/bladeacer/ocd/internal/tui/model.go:496.38,497.37 1 0
github.com/bladeacer/ocd/internal/tui/model.go:497.37,499.3 1 0
github.com/bladeacer/ocd/internal/tui/model.go:500.2,500.16 1 0
github.com/bladeacer/ocd/internal/tui/model.go:501.22,502.11 1 0
github.com/bladeacer/ocd/internal/tui/model.go:503.19,504.11 1 0
github.com/bladeacer/ocd/internal/tui/model.go:505.24,506.11 1 0
github.com/bladeacer/ocd/internal/tui/model.go:508.2,508.10 1 0
github.com/bladeacer/ocd/internal/tui/model.go:511.35,512.13 1 0
github.com/bladeacer/ocd/internal/tui/model.go:512.13,514.3 1 0
github.com/bladeacer/ocd/internal/tui/model.go:515.2,515.16 1 0
github.com/bladeacer/ocd/internal/tui/pickermodel.go:45.61,75.2 8 0
github.com/bladeacer/ocd/internal/tui/pickermodel.go:77.38,79.2 1 0
github.com/bladeacer/ocd/internal/tui/pickermodel.go:81.42,84.2 2 0
github.com/bladeacer/ocd/internal/tui/pickermodel.go:86.64,87.27 1 0
github.com/bladeacer/ocd/internal/tui/pickermodel.go:88.21,90.30 2 0
github.com/bladeacer/ocd/internal/tui/pickermodel.go:90.30,93.4 2 0
github.com/bladeacer/ocd/internal/tui/pickermodel.go:94.3,96.16 3 0
github.com/bladeacer/ocd/internal/tui/pickermodel.go:98.32,101.16 3 0
github.com/bladeacer/ocd/internal/tui/pickermodel.go:103.18,104.38 1 0
github.com/bladeacer/ocd/internal/tui/pickermodel.go:104.38,105.55 1 0
github.com/bladeacer/ocd/internal/tui/pickermodel.go:105.55,108.5 2 0
github.com/bladeacer/ocd/internal/tui/pickermodel.go:109.4,109.17 1 0
github.com/bladeacer/ocd/internal/tui/pickermodel.go:112.3,112.26 1 0
github.com/bladeacer/ocd/internal/tui/pickermodel.go:115.2,115.15 1 0
github.com/bladeacer/ocd/internal/tui/pickermodel.go:118.70,119.18 1 0
github.com/bladeacer/ocd/internal/tui/pickermodel.go:119.18,121.3 1 0
github.com/bladeacer/ocd/internal/tui/pickermodel.go:123.2,123.22 1 0
github.com/bladeacer/ocd/internal/tui/pickermodel.go:124.21,126.21 2 0
github.com/bladeacer/ocd/internal/tui/pickermodel.go:127.11,131.16 4 0
github.com/bladeacer/ocd/internal/tui/pickermodel.go:132.16,133.27 1 0
github.com/bladeacer/ocd/internal/tui/pickermodel.go:134.11,136.18 2 0
github.com/bladeacer/ocd/internal/tui/pickermodel.go:139.2,141.15 3 0
github.com/bladeacer/ocd/internal/tui/pickermodel.go:144.76,145.22 1 0
github.com/bladeacer/ocd/internal/tui/pickermodel.go:146.27,152.16 6 0
github.com/bladeacer/ocd/internal/tui/pickermodel.go:153.24,158.16 5 0
github.com/bladeacer/ocd/internal/tui/pickermodel.go:159.20,161.19 2 0
github.com/bladeacer/ocd/internal/tui/pickermodel.go:161.19,163.4 1 0
github.com/bladeacer/ocd/internal/tui/pickermodel.go:164.3,166.16 3 0
github.com/bladeacer/ocd/internal/tui/pickermodel.go:169.2,169.28 1 0
github.com/bladeacer/ocd/internal/tui/pickermodel.go:169.28,174.3 4 0
github.com/bladeacer/ocd/internal/tui/pickermodel.go:176.2,176.15 1 0
github.com/bladeacer/ocd/internal/tui/pickermodel.go:179.60,181.16 2 0
github.com/bladeacer/ocd/internal/tui/pickermodel.go:181.16,183.3 1 0
github.com/bladeacer/ocd/internal/tui/pickermodel.go:184.2,185.29 2 0
github.com/bladeacer/ocd/internal/tui/pickermodel.go:185.29,191.3 5 0
github.com/bladeacer/ocd/internal/tui/pickermodel.go:191.8,195.3 3 0
github.com/bladeacer/ocd/internal/tui/pickermodel.go:196.2,196.15 1 0
github.com/bladeacer/ocd/internal/tui/pickermodel.go:199.35,201.38 2 0
github.com/bladeacer/ocd/internal/tui/pickermodel.go:201.38,206.3 1 0
github.com/bladeacer/ocd/internal/tui/pickermodel.go:208.2,210.37 3 0
github.com/bladeacer/ocd/internal/tui/pickermodel.go:210.37,212.3 1 0
github.com/bladeacer/ocd/internal/tui/pickermodel.go:214.2,214.24 1 0
github.com/bladeacer/ocd/internal/tui/pickermodel.go:214.24,215.58 1 0
github.com/bladeacer/ocd/internal/tui/pickermodel.go:215.58,216.12 1 0
github.com/bladeacer/ocd/internal/tui/pickermodel.go:218.3,219.21 2 0
github.com/bladeacer/ocd/internal/tui/pickermodel.go:219.21,221.4 1 0
github.com/bladeacer/ocd/internal/tui/pickermodel.go:223.3,224.31 2 0
github.com/bladeacer/ocd/internal/tui/pickermodel.go:224.31,225.28 1 0
github.com/bladeacer/ocd/internal/tui/pickermodel.go:225.28,227.5 1 0
github.com/bladeacer/ocd/internal/tui/pickermodel.go:227.10,229.5 1 0
github.com/bladeacer/ocd/internal/tui/pickermodel.go:232.3,233.16 2 0
github.com/bladeacer/ocd/internal/tui/pickermodel.go:233.16,235.4 1 0
github.com/bladeacer/ocd/internal/tui/pickermodel.go:235.9,237.4 1 0
github.com/bladeacer/ocd/internal/tui/pickermodel.go:239.3,245.5 1 0
github.com/bladeacer/ocd/internal/tui/pickermodel.go:247.2,247.15 1 0
github.com/bladeacer/ocd/internal/tui/pickermodel.go:250.57,253.2 2 0
github.com/bladeacer/ocd/internal/tui/pickermodel.go:255.37,258.29 2 0
github.com/bladeacer/ocd/internal/tui/pickermodel.go:258.29,259.42 1 0
github.com/bladeacer/ocd/internal/tui/pickermodel.go:259.42,260.12 1 0
github.com/bladeacer/ocd/internal/tui/pickermodel.go:262.3,262.22 1 0
github.com/bladeacer/ocd/internal/tui/pickermodel.go:262.22,264.63 2 0
github.com/bladeacer/ocd/internal/tui/pickermodel.go:264.63,265.13 1 0
github.com/bladeacer/ocd/internal/tui/pickermodel.go:268.3,268.35 1 0
github.com/bladeacer/ocd/internal/tui/pickermodel.go:271.2,271.49 1 0
github.com/bladeacer/ocd/internal/tui/pickermodel.go:271.49,274.19 3 0
github.com/bladeacer/ocd/internal/tui/pickermodel.go:274.19,276.4 1 0
github.com/bladeacer/ocd/internal/tui/pickermodel.go:277.3,280.8 1 0
github.com/bladeacer/ocd/internal/tui/pickermodel.go:283.2,283.25 1 0
github.com/bladeacer/ocd/internal/tui/pickermodel.go:286.37,287.18 1 0
github.com/bladeacer/ocd/internal/tui/pickermodel.go:287.18,289.3 1 0
github.com/bladeacer/ocd/internal/tui/pickermodel.go:290.2,290.21 1 0
github.com/bladeacer/ocd/internal/tui/pickermodel.go:290.21,292.3 1 0
github.com/bladeacer/ocd/internal/tui/pickermodel.go:294.2,295.30 2 0
github.com/bladeacer/ocd/internal/tui/pickermodel.go:295.30,297.3 1 0
github.com/bladeacer/ocd/internal/tui/pickermodel.go:299.2,300.18 2 0
github.com/bladeacer/ocd/internal/tui/pickermodel.go:300.18,302.3 1 0
github.com/bladeacer/ocd/internal/tui/pickermodel.go:304.2,310.92 3 0
github.com/bladeacer/ocd/internal/tui/pickermodel.go:313.75,317.16 4 0
github.com/bladeacer/ocd/internal/tui/pickermodel.go:317.16,319.3 1 0
github.com/bladeacer/ocd/internal/tui/pickermodel.go:320.2,321.25 2 0
github.com/bladeacer/ocd/internal/tui/pickermodel.go:321.25,323.3 1 0
github.com/bladeacer/ocd/internal/tui/pickermodel.go:324.2,324.47 1 0
github.com/bladeacer/ocd/internal/tui/spinner.go:19.55,28.2 4 0
github.com/bladeacer/ocd/internal/tui/spinner.go:30.39,32.2 1 0
github.com/bladeacer/ocd/internal/tui/spinner.go:34.45,37.2 2 0
github.com/bladeacer/ocd/internal/tui/spinner.go:39.69,40.27 1 0
github.com/bladeacer/ocd/internal/tui/spinner.go:41.15,43.37 2 0
github.com/bladeacer/ocd/internal/tui/spinner.go:43.37,45.4 1 0
github.com/bladeacer/ocd/internal/tui/spinner.go:46.3,46.25 1 0
github.com/bladeacer/ocd/internal/tui/spinner.go:47.23,50.16 3 0
github.com/bladeacer/ocd/internal/tui/spinner.go:52.2,52.15 1 0
github.com/bladeacer/ocd/internal/tui/spinner.go:55.38,59.2 3 0
github.com/bladeacer/ocd/internal/tui/spinner.go:61.39,63.2 1 0
github.com/bladeacer/ocd/internal/tui/styles.go:42.33,54.2 4 0
github.com/bladeacer/ocd/internal/tui/view.go:11.31,12.17 1 0
github.com/bladeacer/ocd/internal/tui/view.go:13.20,14.25 1 0
github.com/bladeacer/ocd/internal/tui/view.go:15.31,16.30 1 0
github.com/bladeacer/ocd/internal/tui/view.go:17.20,18.25 1 0
github.com/bladeacer/ocd/internal/tui/view.go:20.2,20.11 1 0
github.com/bladeacer/ocd/internal/tui/view.go:23.38,24.18 1 0
github.com/bladeacer/ocd/internal/tui/view.go:24.18,26.3 1 0
github.com/bladeacer/ocd/internal/tui/view.go:28.2,31.84 3 0
github.com/bladeacer/ocd/internal/tui/view.go:34.43,39.28 3 0
github.com/bladeacer/ocd/internal/tui/view.go:39.28,41.3 1 0
github.com/bladeacer/ocd/internal/tui/view.go:43.2,48.19 4 0
github.com/bladeacer/ocd/internal/tui/view.go:51.37,63.2 4 0
github.com/bladeacer/ocd/internal/tui/view.go:65.50,66.12 1 0
github.com/bladeacer/ocd/internal/tui/view.go:66.12,68.3 1 0
github.com/bladeacer/ocd/internal/tui/view.go:69.2,69.53 1 0
github.com/bladeacer/ocd/internal/tui/view.go:72.38,80.2 3 0
github.com/bladeacer/ocd/main.go:18.13,33.39 6 0
github.com/bladeacer/ocd/main.go:33.39,36.3 2 0
github.com/bladeacer/ocd/cmd/clean.go:12.35,16.55 1 0
github.com/bladeacer/ocd/cmd/clean.go:16.55,18.36 2 0
github.com/bladeacer/ocd/cmd/clean.go:18.36,20.5 1 0
github.com/bladeacer/ocd/cmd/clean.go:21.4,21.62 1 0
github.com/bladeacer/ocd/cmd/clean.go:21.62,23.5 1 0
github.com/bladeacer/ocd/cmd/clean.go:24.4,25.14 2 0
github.com/bladeacer/ocd/cmd/clean.go:29.2,29.12 1 0
github.com/bladeacer/ocd/cmd/diff.go:16.38,18.38 2 0
github.com/bladeacer/ocd/cmd/diff.go:18.38,20.3 1 0
github.com/bladeacer/ocd/cmd/diff.go:21.2,23.12 3 0
github.com/bladeacer/ocd/cmd/diff.go:26.34,39.55 3 0
github.com/bladeacer/ocd/cmd/diff.go:39.55,42.22 2 0
github.com/bladeacer/ocd/cmd/diff.go:42.22,45.5 2 0
github.com/bladeacer/ocd/cmd/diff.go:45.10,45.44 1 0
github.com/bladeacer/ocd/cmd/diff.go:45.44,51.19 5 0
github.com/bladeacer/ocd/cmd/diff.go:51.19,53.6 1 0
github.com/bladeacer/ocd/cmd/diff.go:54.5,54.41 1 0
github.com/bladeacer/ocd/cmd/diff.go:54.41,57.6 2 0
github.com/bladeacer/ocd/cmd/diff.go:58.10,60.5 1 0
github.com/bladeacer/ocd/cmd/diff.go:62.4,62.46 1 0
github.com/bladeacer/ocd/cmd/diff.go:62.46,64.5 1 0
github.com/bladeacer/ocd/cmd/diff.go:65.4,65.46 1 0
github.com/bladeacer/ocd/cmd/diff.go:65.46,67.5 1 0
github.com/bladeacer/ocd/cmd/diff.go:69.4,70.27 2 0
github.com/bladeacer/ocd/cmd/diff.go:70.27,72.5 1 0
github.com/bladeacer/ocd/cmd/diff.go:74.4,74.36 1 0
github.com/bladeacer/ocd/cmd/diff.go:78.2,80.12 3 0
github.com/bladeacer/ocd/cmd/extract.go:11.37,18.55 1 0
github.com/bladeacer/ocd/cmd/extract.go:18.55,21.18 3 0
github.com/bladeacer/ocd/cmd/extract.go:21.18,23.5 1 0
github.com/bladeacer/ocd/cmd/extract.go:24.4,25.14 2 0
github.com/bladeacer/ocd/cmd/extract.go:29.2,29.12 1 0
github.com/bladeacer/ocd/cmd/interact.go:14.38,23.55 2 0
github.com/bladeacer/ocd/cmd/interact.go:23.55,29.18 5 0
github.com/bladeacer/ocd/cmd/interact.go:29.18,31.5 1 0
github.com/bladeacer/ocd/cmd/interact.go:32.4,32.30 1 0
github.com/bladeacer/ocd/cmd/interact.go:32.30,35.5 2 0
github.com/bladeacer/ocd/cmd/interact.go:37.4,39.18 3 0
github.com/bladeacer/ocd/cmd/interact.go:39.18,41.5 1 0
github.com/bladeacer/ocd/cmd/interact.go:42.4,43.14 2 0
github.com/bladeacer/ocd/cmd/interact.go:47.2,48.12 2 0
github.com/bladeacer/ocd/internal/cache/cache.go:28.36,33.49 2 1
github.com/bladeacer/ocd/internal/cache/cache.go:33.49,34.13 1 0
github.com/bladeacer/ocd/internal/cache/cache.go:36.2,36.10 1 1
github.com/bladeacer/ocd/internal/cache/cache.go:39.42,41.2 1 1
github.com/bladeacer/ocd/internal/cache/cache.go:43.55,46.16 3 1
github.com/bladeacer/ocd/internal/cache/cache.go:46.16,47.25 1 1
github.com/bladeacer/ocd/internal/cache/cache.go:47.25,49.4 1 1
github.com/bladeacer/ocd/internal/cache/cache.go:50.3,50.13 1 0
github.com/bladeacer/ocd/internal/cache/cache.go:52.2,53.53 2 1
github.com/bladeacer/ocd/internal/cache/cache.go:53.53,55.3 1 1
github.com/bladeacer/ocd/internal/cache/cache.go:56.2,56.54 1 1
github.com/bladeacer/ocd/internal/cache/cache.go:56.54,58.3 1 1
github.com/bladeacer/ocd/internal/cache/cache.go:59.2,59.38 1 1
github.com/bladeacer/ocd/internal/cache/cache.go:62.55,65.16 3 1
github.com/bladeacer/ocd/internal/cache/cache.go:65.16,67.3 1 0
github.com/bladeacer/ocd/internal/cache/cache.go:68.2,73.16 3 1
github.com/bladeacer/ocd/internal/cache/cache.go:73.16,75.3 1 0
github.com/bladeacer/ocd/internal/cache/cache.go:76.2,76.35 1 1
github.com/bladeacer/ocd/internal/cache/cache.go:79.43,82.24 3 1
github.com/bladeacer/ocd/internal/cache/cache.go:82.24,84.3 1 1
github.com/bladeacer/ocd/internal/cache/cache.go:85.2,85.12 1 1
github.com/bladeacer/ocd/internal/cache/cache.go:88.31,90.16 2 1
github.com/bladeacer/ocd/internal/cache/cache.go:90.16,91.25 1 0
github.com/bladeacer/ocd/internal/cache/cache.go:91.25,93.4 1 0
github.com/bladeacer/ocd/internal/cache/cache.go:94.3,94.13 1 0
github.com/bladeacer/ocd/internal/cache/cache.go:96.2,98.16 3 1
github.com/bladeacer/ocd/internal/cache/cache.go:98.16,100.3 1 0
github.com/bladeacer/ocd/internal/cache/cache.go:101.2,101.29 1 1
github.com/bladeacer/ocd/internal/cache/cache.go:101.29,103.3 1 1
github.com/bladeacer/ocd/internal/cache/cache.go:104.2,104.12 1 1
github.com/bladeacer/ocd/internal/core/asar.go:31.61,33.16 2 0
github.com/bladeacer/ocd/internal/core/asar.go:33.16,35.3 1 0
github.com/bladeacer/ocd/internal/core/asar.go:36.2,39.47 3 0
github.com/bladeacer/ocd/internal/core/asar.go:39.47,41.3 1 0
github.com/bladeacer/ocd/internal/core/asar.go:43.2,44.71 2 0
github.com/bladeacer/ocd/internal/core/asar.go:44.71,46.3 1 0
github.com/bladeacer/ocd/internal/core/asar.go:47.2,47.51 1 0
github.com/bladeacer/ocd/internal/core/asar.go:47.51,49.3 1 0
github.com/bladeacer/ocd/internal/core/asar.go:51.2,52.51 2 0
github.com/bladeacer/ocd/internal/core/asar.go:52.51,54.3 1 0
github.com/bladeacer/ocd/internal/core/asar.go:56.2,57.57 2 0
github.com/bladeacer/ocd/internal/core/asar.go:57.57,59.3 1 0
github.com/bladeacer/ocd/internal/core/asar.go:61.2,62.9 2 0
github.com/bladeacer/ocd/internal/core/asar.go:62.9,64.3 1 0
github.com/bladeacer/ocd/internal/core/asar.go:66.2,67.67 2 0
github.com/bladeacer/ocd/internal/core/asar.go:67.67,69.3 1 0
github.com/bladeacer/ocd/internal/core/asar.go:71.2,74.16 3 0
github.com/bladeacer/ocd/internal/core/asar.go:74.16,76.3 1 0
github.com/bladeacer/ocd/internal/core/asar.go:77.2,80.49 3 0
github.com/bladeacer/ocd/internal/core/asar.go:80.49,82.3 1 0
github.com/bladeacer/ocd/internal/core/asar.go:84.2,84.12 1 0
github.com/bladeacer/ocd/internal/core/diff.go:17.60,22.16 4 0
github.com/bladeacer/ocd/internal/core/diff.go:22.16,28.3 1 0
github.com/bladeacer/ocd/internal/core/diff.go:30.2,31.16 2 0
github.com/bladeacer/ocd/internal/core/diff.go:31.16,37.3 1 0
github.com/bladeacer/ocd/internal/core/diff.go:39.2,52.49 4 0
github.com/bladeacer/ocd/internal/core/diff.go:52.49,53.67 1 0
github.com/bladeacer/ocd/internal/core/diff.go:53.67,55.9 2 0
github.com/bladeacer/ocd/internal/core/diff.go:59.2,64.3 1 0
github.com/bladeacer/ocd/internal/core/extract.go:19.49,23.45 3 0
github.com/bladeacer/ocd/internal/core/extract.go:23.45,25.3 1 0
github.com/bladeacer/ocd/internal/core/extract.go:27.2,27.51 1 0
github.com/bladeacer/ocd/internal/core/extract.go:27.51,29.3 1 0
github.com/bladeacer/ocd/internal/core/extract.go:31.2,34.16 3 0
github.com/bladeacer/ocd/internal/core/extract.go:34.16,36.3 1 0
github.com/bladeacer/ocd/internal/core/extract.go:37.2,39.44 2 0
github.com/bladeacer/ocd/internal/core/extract.go:39.44,41.3 1 0
github.com/bladeacer/ocd/internal/core/extract.go:42.2,42.38 1 0
github.com/bladeacer/ocd/internal/core/extract.go:42.38,44.3 1 0
github.com/bladeacer/ocd/internal/core/extract.go:46.2,47.16 2 0
github.com/bladeacer/ocd/internal/core/extract.go:47.16,49.3 1 0
github.com/bladeacer/ocd/internal/core/extract.go:50.2,53.16 3 0
github.com/bladeacer/ocd/internal/core/extract.go:53.16,55.3 1 0
github.com/bladeacer/ocd/internal/core/extract.go:56.2,59.54 3 0
github.com/bladeacer/ocd/internal/core/extract.go:59.54,62.3 2 0
github.com/bladeacer/ocd/internal/core/extract.go:63.2,65.65 2 0
github.com/bladeacer/ocd/internal/core/extract.go:65.65,67.3 1 0
github.com/bladeacer/ocd/internal/core/extract.go:69.2,69.22 1 0
github.com/bladeacer/ocd/internal/sources/docker.go:20.32,22.2 1 0
github.com/bladeacer/ocd/internal/sources/docker.go:24.35,24.54 1 0
github.com/bladeacer/ocd/internal/sources/docker.go:39.57,43.16 3 0
github.com/bladeacer/ocd/internal/sources/docker.go:43.16,45.17 2 0
github.com/bladeacer/ocd/internal/sources/docker.go:45.17,47.4 1 0
github.com/bladeacer/ocd/internal/sources/docker.go:48.3,48.39 1 0
github.com/bladeacer/ocd/internal/sources/docker.go:48.39,51.4 2 0
github.com/bladeacer/ocd/internal/sources/docker.go:53.3,54.66 2 0
github.com/bladeacer/ocd/internal/sources/docker.go:54.66,57.4 2 0
github.com/bladeacer/ocd/internal/sources/docker.go:58.3,60.39 2 0
github.com/bladeacer/ocd/internal/sources/docker.go:60.39,61.45 1 0
github.com/bladeacer/ocd/internal/sources/docker.go:61.45,62.13 1 0
github.com/bladeacer/ocd/internal/sources/docker.go:64.4,68.44 4 0
github.com/bladeacer/ocd/internal/sources/docker.go:68.44,69.13 1 0
github.com/bladeacer/ocd/internal/sources/docker.go:72.4,76.6 1 0
github.com/bladeacer/ocd/internal/sources/docker.go:78.3,78.18 1 0
github.com/bladeacer/ocd/internal/sources/docker.go:81.2,81.18 1 0
github.com/bladeacer/ocd/internal/sources/electron.go:18.30,20.2 1 0
github.com/bladeacer/ocd/internal/sources/electron.go:22.34,22.55 1 0
github.com/bladeacer/ocd/internal/sources/electron.go:24.56,26.16 2 0
github.com/bladeacer/ocd/internal/sources/electron.go:26.16,28.3 1 0
github.com/bladeacer/ocd/internal/sources/electron.go:29.2,31.38 2 0
github.com/bladeacer/ocd/internal/sources/electron.go:31.38,33.3 1 0
github.com/bladeacer/ocd/internal/sources/electron.go:35.2,36.64 2 0
github.com/bladeacer/ocd/internal/sources/electron.go:36.64,38.3 1 0
github.com/bladeacer/ocd/internal/sources/electron.go:40.2,40.37 1 0
github.com/bladeacer/ocd/internal/sources/fetcher.go:22.42,29.2 1 0
github.com/bladeacer/ocd/internal/sources/fetcher.go:31.60,38.20 5 0
github.com/bladeacer/ocd/internal/sources/fetcher.go:38.20,39.10 1 0
github.com/bladeacer/ocd/internal/sources/fetcher.go:40.21,41.20 1 0
github.com/bladeacer/ocd/internal/sources/fetcher.go:42.11,42.11 0 0
github.com/bladeacer/ocd/internal/sources/fetcher.go:44.3,44.13 1 0
github.com/bladeacer/ocd/internal/sources/fetcher.go:44.13,46.63 2 0
github.com/bladeacer/ocd/internal/sources/fetcher.go:46.63,49.5 2 0
github.com/bladeacer/ocd/internal/sources/fetcher.go:51.3,52.17 2 0
github.com/bladeacer/ocd/internal/sources/fetcher.go:52.17,54.4 1 0
github.com/bladeacer/ocd/internal/sources/fetcher.go:55.3,55.59 1 0
github.com/bladeacer/ocd/internal/sources/fetcher.go:55.59,57.4 1 0
github.com/bladeacer/ocd/internal/sources/fetcher.go:58.3,59.13 2 0
github.com/bladeacer/ocd/internal/sources/fetcher.go:62.2,62.20 1 0
github.com/bladeacer/ocd/internal/sources/fetcher.go:62.20,63.10 1 0
github.com/bladeacer/ocd/internal/sources/fetcher.go:64.21,65.20 1 0
github.com/bladeacer/ocd/internal/sources/fetcher.go:66.11,66.11 0 0
github.com/bladeacer/ocd/internal/sources/fetcher.go:68.3,68.13 1 0
github.com/bladeacer/ocd/internal/sources/fetcher.go:68.13,70.66 2 0
github.com/bladeacer/ocd/internal/sources/fetcher.go:70.66,73.5 2 0
github.com/bladeacer/ocd/internal/sources/fetcher.go:75.3,76.17 2 0
github.com/bladeacer/ocd/internal/sources/fetcher.go:76.17,78.4 1 0
github.com/bladeacer/ocd/internal/sources/fetcher.go:79.3,79.62 1 0
github.com/bladeacer/ocd/internal/sources/fetcher.go:79.62,81.4 1 0
github.com/bladeacer/ocd/internal/sources/fetcher.go:82.3,83.13 2 0
github.com/bladeacer/ocd/internal/sources/fetcher.go:86.2,86.20 1 0
github.com/bladeacer/ocd/internal/sources/fetcher.go:86.20,87.10 1 0
github.com/bladeacer/ocd/internal/sources/fetcher.go:88.21,89.20 1 0
github.com/bladeacer/ocd/internal/sources/fetcher.go:90.11,90.11 0 0
github.com/bladeacer/ocd/internal/sources/fetcher.go:92.3,92.13 1 0
github.com/bladeacer/ocd/internal/sources/fetcher.go:92.13,94.68 2 0
github.com/bladeacer/ocd/internal/sources/fetcher.go:94.68,97.5 2 0
github.com/bladeacer/ocd/internal/sources/fetcher.go:99.3,100.17 2 0
github.com/bladeacer/ocd/internal/sources/fetcher.go:100.17,102.4 1 0
github.com/bladeacer/ocd/internal/sources/fetcher.go:103.3,103.64 1 0
github.com/bladeacer/ocd/internal/sources/fetcher.go:103.64,105.4 1 0
github.com/bladeacer/ocd/internal/sources/fetcher.go:106.3,107.13 2 0
github.com/bladeacer/ocd/internal/sources/fetcher.go:110.2,110.33 1 0
github.com/bladeacer/ocd/internal/sources/fetcher.go:110.33,112.3 1 0
github.com/bladeacer/ocd/internal/sources/fetcher.go:113.2,113.16 1 0
github.com/bladeacer/ocd/internal/sources/rss.go:17.20,19.2 1 0
github.com/bladeacer/ocd/internal/sources/rss.go:21.29,21.45 1 0
github.com/bladeacer/ocd/internal/sources/rss.go:23.52,26.16 3 0
github.com/bladeacer/ocd/internal/sources/rss.go:26.16,28.3 1 0
github.com/bladeacer/ocd/internal/sources/rss.go:30.2,35.35 4 0
github.com/bladeacer/ocd/internal/sources/rss.go:35.35,37.20 2 0
github.com/bladeacer/ocd/internal/sources/rss.go:37.20,38.12 1 0
github.com/bladeacer/ocd/internal/sources/rss.go:40.3,43.47 3 0
github.com/bladeacer/ocd/internal/sources/rss.go:43.47,45.4 1 0
github.com/bladeacer/ocd/internal/sources/rss.go:47.3,51.26 3 0
github.com/bladeacer/ocd/internal/sources/rss.go:51.26,53.22 2 0
github.com/bladeacer/ocd/internal/sources/rss.go:53.22,55.5 1 0
github.com/bladeacer/ocd/internal/sources/rss.go:56.9,56.37 1 0
github.com/bladeacer/ocd/internal/sources/rss.go:56.37,58.22 2 0
github.com/bladeacer/ocd/internal/sources/rss.go:58.22,60.5 1 0
github.com/bladeacer/ocd/internal/sources/rss.go:63.3,64.17 2 0
github.com/bladeacer/ocd/internal/sources/rss.go:64.17,66.4 1 0
github.com/bladeacer/ocd/internal/sources/rss.go:68.3,75.5 1 0
github.com/bladeacer/ocd/internal/sources/rss.go:78.2,78.24 1 0
github.com/bladeacer/ocd/internal/sources/rss.go:78.24,80.3 1 0
github.com/bladeacer/ocd/internal/sources/rss.go:82.2,83.22 2 0
github.com/bladeacer/ocd/internal/sources/rss.go:86.69,91.40 4 0
github.com/bladeacer/ocd/internal/sources/rss.go:91.40,92.31 1 0
github.com/bladeacer/ocd/internal/sources/rss.go:92.31,94.4 1 0
github.com/bladeacer/ocd/internal/sources/rss.go:94.9,96.4 1 0
github.com/bladeacer/ocd/internal/sources/rss.go:98.2,98.15 1 0
github.com/bladeacer/ocd/internal/tui/diffmodel.go:62.57,74.2 5 0
github.com/bladeacer/ocd/internal/tui/diffmodel.go:76.36,78.2 1 0
github.com/bladeacer/ocd/internal/tui/diffmodel.go:80.29,81.21 1 0
github.com/bladeacer/ocd/internal/tui/diffmodel.go:81.21,83.3 1 0
github.com/bladeacer/ocd/internal/tui/diffmodel.go:85.2,85.27 1 0
github.com/bladeacer/ocd/internal/tui/diffmodel.go:85.27,88.3 2 0
github.com/bladeacer/ocd/internal/tui/diffmodel.go:90.2,90.23 1 0
github.com/bladeacer/ocd/internal/tui/diffmodel.go:90.23,93.3 2 0
github.com/bladeacer/ocd/internal/tui/diffmodel.go:95.2,103.27 8 0
github.com/bladeacer/ocd/internal/tui/diffmodel.go:103.27,104.36 1 0
github.com/bladeacer/ocd/internal/tui/diffmodel.go:104.36,109.12 5 0
github.com/bladeacer/ocd/internal/tui/diffmodel.go:112.3,112.71 1 0
github.com/bladeacer/ocd/internal/tui/diffmodel.go:112.71,114.12 2 0
github.com/bladeacer/ocd/internal/tui/diffmodel.go:117.3,117.28 1 0
github.com/bladeacer/ocd/internal/tui/diffmodel.go:117.28,119.12 2 0
github.com/bladeacer/ocd/internal/tui/diffmodel.go:122.3,122.10 1 0
github.com/bladeacer/ocd/internal/tui/diffmodel.go:123.72,129.14 3 0
github.com/bladeacer/ocd/internal/tui/diffmodel.go:131.72,137.14 3 0
github.com/bladeacer/ocd/internal/tui/diffmodel.go:139.11,145.14 3 0
github.com/bladeacer/ocd/internal/tui/diffmodel.go:149.2,149.12 1 0
github.com/bladeacer/ocd/internal/tui/diffmodel.go:152.57,155.48 3 0
github.com/bladeacer/ocd/internal/tui/diffmodel.go:155.48,157.3 1 0
github.com/bladeacer/ocd/internal/tui/diffmodel.go:158.2,158.48 1 0
github.com/bladeacer/ocd/internal/tui/diffmodel.go:158.48,160.3 1 0
github.com/bladeacer/ocd/internal/tui/diffmodel.go:161.2,162.26 2 0
github.com/bladeacer/ocd/internal/tui/diffmodel.go:162.26,163.32 1 0
github.com/bladeacer/ocd/internal/tui/diffmodel.go:163.32,165.13 2 0
github.com/bladeacer/ocd/internal/tui/diffmodel.go:165.13,167.5 1 0
github.com/bladeacer/ocd/internal/tui/diffmodel.go:169.3,169.32 1 0
github.com/bladeacer/ocd/internal/tui/diffmodel.go:169.32,171.13 2 0
github.com/bladeacer/ocd/internal/tui/diffmodel.go:171.13,173.5 1 0
github.com/bladeacer/ocd/internal/tui/diffmodel.go:176.2,176.8 1 0
github.com/bladeacer/ocd/internal/tui/diffmodel.go:179.36,181.22 2 0
github.com/bladeacer/ocd/internal/tui/diffmodel.go:181.22,182.27 1 0
github.com/bladeacer/ocd/internal/tui/diffmodel.go:182.27,184.4 1 0
github.com/bladeacer/ocd/internal/tui/diffmodel.go:184.9,185.9 1 0
github.com/bladeacer/ocd/internal/tui/diffmodel.go:188.2,188.10 1 0
github.com/bladeacer/ocd/internal/tui/diffmodel.go:191.30,203.18 8 0
github.com/bladeacer/ocd/internal/tui/diffmodel.go:203.18,205.3 1 0
github.com/bladeacer/ocd/internal/tui/diffmodel.go:205.8,207.3 1 0
github.com/bladeacer/ocd/internal/tui/diffmodel.go:209.2,209.24 1 0
github.com/bladeacer/ocd/internal/tui/diffmodel.go:212.55,216.30 3 0
github.com/bladeacer/ocd/internal/tui/diffmodel.go:216.30,218.22 2 0
github.com/bladeacer/ocd/internal/tui/diffmodel.go:218.22,220.76 2 0
github.com/bladeacer/ocd/internal/tui/diffmodel.go:220.76,223.13 3 0
github.com/bladeacer/ocd/internal/tui/diffmodel.go:226.3,227.22 2 0
github.com/bladeacer/ocd/internal/tui/diffmodel.go:231.58,233.15 2 0
github.com/bladeacer/ocd/internal/tui/diffmodel.go:233.15,235.3 1 0
github.com/bladeacer/ocd/internal/tui/diffmodel.go:236.2,240.27 3 0
github.com/bladeacer/ocd/internal/tui/diffmodel.go:240.27,245.23 5 0
github.com/bladeacer/ocd/internal/tui/diffmodel.go:245.23,247.4 1 0
github.com/bladeacer/ocd/internal/tui/diffmodel.go:248.3,248.23 1 0
github.com/bladeacer/ocd/internal/tui/diffmodel.go:248.23,250.4 1 0
github.com/bladeacer/ocd/internal/tui/diffmodel.go:252.3,253.15 2 0
github.com/bladeacer/ocd/internal/tui/diffmodel.go:253.15,255.4 1 0
github.com/bladeacer/ocd/internal/tui/diffmodel.go:256.3,257.15 2 0
github.com/bladeacer/ocd/internal/tui/diffmodel.go:257.15,259.4 1 0
github.com/bladeacer/ocd/internal/tui/diffmodel.go:261.3,263.17 2 0
github.com/bladeacer/ocd/internal/tui/diffmodel.go:264.23,268.12 4 0
github.com/bladeacer/ocd/internal/tui/diffmodel.go:269.23,273.12 4 0
github.com/bladeacer/ocd/internal/tui/diffmodel.go:274.16,277.5 1 0
github.com/bladeacer/ocd/internal/tui/diffmodel.go:278.16,281.5 1 0
github.com/bladeacer/ocd/internal/tui/diffmodel.go:282.11,284.44 2 0
github.com/bladeacer/ocd/internal/tui/diffmodel.go:287.3,295.22 6 0
github.com/bladeacer/ocd/internal/tui/diffmodel.go:295.22,297.76 2 0
github.com/bladeacer/ocd/internal/tui/diffmodel.go:297.76,299.5 1 0
github.com/bladeacer/ocd/internal/tui/diffmodel.go:302.3,303.22 2 0
github.com/bladeacer/ocd/internal/tui/diffmodel.go:315.49,317.30 2 0
github.com/bladeacer/ocd/internal/tui/diffmodel.go:317.30,318.18 1 0
github.com/bladeacer/ocd/internal/tui/diffmodel.go:319.20,326.6 1 0
github.com/bladeacer/ocd/internal/tui/diffmodel.go:327.16,334.6 1 0
github.com/bladeacer/ocd/internal/tui/diffmodel.go:335.16,342.6 1 0
github.com/bladeacer/ocd/internal/tui/diffmodel.go:343.23,348.6 1 0
github.com/bladeacer/ocd/internal/tui/diffmodel.go:349.23,354.6 1 0
github.com/bladeacer/ocd/internal/tui/diffmodel.go:355.11,360.6 1 0
github.com/bladeacer/ocd/internal/tui/diffmodel.go:363.2,363.15 1 0
github.com/bladeacer/ocd/internal/tui/diffmodel.go:366.80,369.23 3 0
github.com/bladeacer/ocd/internal/tui/diffmodel.go:369.23,371.3 1 0
github.com/bladeacer/ocd/internal/tui/diffmodel.go:372.2,372.23 1 0
github.com/bladeacer/ocd/internal/tui/diffmodel.go:372.23,374.3 1 0
github.com/bladeacer/ocd/internal/tui/diffmodel.go:375.2,377.17 2 0
github.com/bladeacer/ocd/internal/tui/diffmodel.go:378.22,381.4 1 0
github.com/bladeacer/ocd/internal/tui/diffmodel.go:382.15,385.4 1 0
github.com/bladeacer/ocd/internal/tui/diffmodel.go:386.15,389.4 1 0
github.com/bladeacer/ocd/internal/tui/diffmodel.go:390.22,393.4 1 0
github.com/bladeacer/ocd/internal/tui/diffmodel.go:394.10,395.64 1 0
github.com/bladeacer/ocd/internal/tui/diffmodel.go:399.39,400.12 1 0
github.com/bladeacer/ocd/internal/tui/diffmodel.go:400.12,402.3 1 0
github.com/bladeacer/ocd/internal/tui/diffmodel.go:403.2,404.21 2 0
github.com/bladeacer/ocd/internal/tui/diffmodel.go:404.21,406.3 1 0
github.com/bladeacer/ocd/internal/tui/diffmodel.go:407.2,407.11 1 0
github.com/bladeacer/ocd/internal/tui/diffmodel.go:407.11,409.3 1 0
github.com/bladeacer/ocd/internal/tui/diffmodel.go:410.2,410.26 1 0
github.com/bladeacer/ocd/internal/tui/diffmodel.go:413.39,414.17 1 0
github.com/bladeacer/ocd/internal/tui/diffmodel.go:414.17,416.3 1 0
github.com/bladeacer/ocd/internal/tui/diffmodel.go:417.2,417.42 1 0
github.com/bladeacer/ocd/internal/tui/diffmodel.go:420.33,423.22 3 0
github.com/bladeacer/ocd/internal/tui/diffmodel.go:423.22,424.18 1 0
github.com/bladeacer/ocd/internal/tui/diffmodel.go:424.18,426.12 2 0
github.com/bladeacer/ocd/internal/tui/diffmodel.go:428.3,428.15 1 0
github.com/bladeacer/ocd/internal/tui/diffmodel.go:428.15,429.56 1 0
github.com/bladeacer/ocd/internal/tui/diffmodel.go:429.56,431.5 1 0
github.com/bladeacer/ocd/internal/tui/diffmodel.go:432.4,432.12 1 0
github.com/bladeacer/ocd/internal/tui/diffmodel.go:434.3,434.19 1 0
github.com/bladeacer/ocd/internal/tui/diffmodel.go:436.2,436.21 1 0
github.com/bladeacer/ocd/internal/tui/diffmodel.go:439.39,442.2 2 0
github.com/bladeacer/ocd/internal/tui/diffmodel.go:444.62,445.27 1 0
github.com/bladeacer/ocd/internal/tui/diffmodel.go:446.25,452.16 6 0
github.com/bladeacer/ocd/internal/tui/diffmodel.go:454.18,455.19 1 0
github.com/bladeacer/ocd/internal/tui/diffmodel.go:455.19,457.4 1 0
github.com/bladeacer/ocd/internal/tui/diffmodel.go:458.3,458.32 1 0
github.com/bladeacer/ocd/internal/tui/diffmodel.go:461.2,463.15 3 0
github.com/bladeacer/ocd/internal/tui/diffmodel.go:474.74,475.22 1 0
github.com/bladeacer/ocd/internal/tui/diffmodel.go:476.27,481.16 5 0
github.com/bladeacer/ocd/internal/tui/diffmodel.go:483.24,489.16 6 0
github.com/bladeacer/ocd/internal/tui/diffmodel.go:491.20,493.19 2 0
github.com/bladeacer/ocd/internal/tui/diffmodel.go:493.19,495.4 1 0
github.com/bladeacer/ocd/internal/tui/diffmodel.go:496.3,498.16 3 0
github.com/bladeacer/ocd/internal/tui/diffmodel.go:501.2,501.28 1 0
github.com/bladeacer/ocd/internal/tui/diffmodel.go:501.28,506.3 4 0
github.com/bladeacer/ocd/internal/tui/diffmodel.go:508.2,508.15 1 0
github.com/bladeacer/ocd/internal/tui/diffmodel.go:511.37,512.43 1 0
github.com/bladeacer/ocd/internal/tui/diffmodel.go:512.43,514.3 1 0
github.com/bladeacer/ocd/internal/tui/diffmodel.go:515.2,517.30 3 0
github.com/bladeacer/ocd/internal/tui/diffmodel.go:517.30,518.52 1 0
github.com/bladeacer/ocd/internal/tui/diffmodel.go:518.52,519.27 1 0
github.com/bladeacer/ocd/internal/tui/diffmodel.go:519.27,521.5 1 0
github.com/bladeacer/ocd/internal/tui/diffmodel.go:522.4,522.10 1 0
github.com/bladeacer/ocd/internal/tui/diffmodel.go:527.74,528.22 1 0
github.com/bladeacer/ocd/internal/tui/diffmodel.go:529.32,530.21 1 0
github.com/bladeacer/ocd/internal/tui/diffmodel.go:532.11,534.16 2 0
github.com/bladeacer/ocd/internal/tui/diffmodel.go:535.11,537.16 2 0
github.com/bladeacer/ocd/internal/tui/diffmodel.go:539.11,543.16 4 0
github.com/bladeacer/ocd/internal/tui/diffmodel.go:545.11,546.17 1 0
github.com/bladeacer/ocd/internal/tui/diffmodel.go:546.17,549.4 2 0
github.com/bladeacer/ocd/internal/tui/diffmodel.go:549.9,551.4 1 0
github.com/bladeacer/ocd/internal/tui/diffmodel.go:552.3,552.16 1 0
github.com/bladeacer/ocd/internal/tui/diffmodel.go:553.11,556.16 3 0
github.com/bladeacer/ocd/internal/tui/diffmodel.go:558.11,564.16 6 0
github.com/bladeacer/ocd/internal/tui/diffmodel.go:566.11,568.25 2 0
github.com/bladeacer/ocd/internal/tui/diffmodel.go:570.11,572.24 2 0
github.com/bladeacer/ocd/internal/tui/diffmodel.go:574.11,576.29 2 0
github.com/bladeacer/ocd/internal/tui/diffmodel.go:579.2,583.15 4 0
github.com/bladeacer/ocd/internal/tui/diffmodel.go:586.53,588.52 2 0
github.com/bladeacer/ocd/internal/tui/diffmodel.go:588.52,590.3 1 0
github.com/bladeacer/ocd/internal/tui/diffmodel.go:591.2,591.34 1 0
github.com/bladeacer/ocd/internal/tui/diffmodel.go:594.40,595.24 1 0
github.com/bladeacer/ocd/internal/tui/diffmodel.go:595.24,596.26 1 0
github.com/bladeacer/ocd/internal/tui/diffmodel.go:596.26,598.4 1 0
github.com/bladeacer/ocd/internal/tui/diffmodel.go:599.3,601.39 3 0
github.com/bladeacer/ocd/internal/tui/diffmodel.go:601.39,603.4 1 0
github.com/bladeacer/ocd/internal/tui/diffmodel.go:604.3,605.50 2 0
github.com/bladeacer/ocd/internal/tui/diffmodel.go:605.50,607.4 1 0
github.com/bladeacer/ocd/internal/tui/diffmodel.go:608.3,608.13 1 0
github.com/bladeacer/ocd/internal/tui/diffmodel.go:612.39,613.24 1 0
github.com/bladeacer/ocd/internal/tui/diffmodel.go:613.24,615.50 2 0
github.com/bladeacer/ocd/internal/tui/diffmodel.go:615.50,617.4 1 0
github.com/bladeacer/ocd/internal/tui/diffmodel.go:618.3,618.13 1 0
github.com/bladeacer/ocd/internal/tui/diffmodel.go:622.44,624.16 2 0
github.com/bladeacer/ocd/internal/tui/diffmodel.go:624.16,626.3 1 0
github.com/bladeacer/ocd/internal/tui/diffmodel.go:627.2,628.56 2 0
github.com/bladeacer/ocd/internal/tui/diffmodel.go:628.56,631.3 2 0
github.com/bladeacer/ocd/internal/tui/diffmodel.go:632.2,635.18 3 0
github.com/bladeacer/ocd/internal/tui/diffmodel.go:635.18,637.3 1 0
github.com/bladeacer/ocd/internal/tui/diffmodel.go:638.2,639.54 2 0
github.com/bladeacer/ocd/internal/tui/diffmodel.go:639.54,642.3 2 0
github.com/bladeacer/ocd/internal/tui/diffmodel.go:645.32,646.25 1 0
github.com/bladeacer/ocd/internal/tui/diffmodel.go:646.25,648.3 1 0
github.com/bladeacer/ocd/internal/tui/diffmodel.go:649.2,651.48 3 0
github.com/bladeacer/ocd/internal/tui/diffmodel.go:651.48,653.3 1 0
github.com/bladeacer/ocd/internal/tui/diffmodel.go:656.32,657.25 1 0
github.com/bladeacer/ocd/internal/tui/diffmodel.go:657.25,659.3 1 0
github.com/bladeacer/ocd/internal/tui/diffmodel.go:660.2,661.23 2 0
github.com/bladeacer/ocd/internal/tui/diffmodel.go:661.23,663.3 1 0
github.com/bladeacer/ocd/internal/tui/diffmodel.go:664.2,665.48 2 0
github.com/bladeacer/ocd/internal/tui/diffmodel.go:665.48,667.3 1 0
github.com/bladeacer/ocd/internal/tui/diffmodel.go:670.35,671.14 1 0
github.com/bladeacer/ocd/internal/tui/diffmodel.go:671.14,673.3 1 0
github.com/bladeacer/ocd/internal/tui/diffmodel.go:674.2,674.21 1 0
github.com/bladeacer/ocd/internal/tui/diffmodel.go:674.21,677.3 2 0
github.com/bladeacer/ocd/internal/tui/diffmodel.go:679.2,680.18 2 0
github.com/bladeacer/ocd/internal/tui/diffmodel.go:680.18,682.3 1 0
github.com/bladeacer/ocd/internal/tui/diffmodel.go:684.2,685.24 2 0
github.com/bladeacer/ocd/internal/tui/diffmodel.go:685.24,689.3 1 0
github.com/bladeacer/ocd/internal/tui/diffmodel.go:691.2,692.18 2 0
github.com/bladeacer/ocd/internal/tui/diffmodel.go:692.18,694.3 1 0
github.com/bladeacer/ocd/internal/tui/diffmodel.go:696.2,702.41 2 0
github.com/bladeacer/ocd/internal/tui/diffmodel.go:705.53,710.2 4 0
github.com/bladeacer/ocd/internal/tui/model.go:67.49,116.2 12 0
github.com/bladeacer/ocd/internal/tui/model.go:118.32,120.2 1 0
github.com/bladeacer/ocd/internal/tui/model.go:122.38,125.2 2 0
github.com/bladeacer/ocd/internal/tui/model.go:127.37,130.2 2 0
github.com/bladeacer/ocd/internal/tui/model.go:132.58,133.27 1 0
github.com/bladeacer/ocd/internal/tui/model.go:134.25,137.16 3 0
github.com/bladeacer/ocd/internal/tui/model.go:139.21,141.30 2 0
github.com/bladeacer/ocd/internal/tui/model.go:141.30,144.4 2 0
github.com/bladeacer/ocd/internal/tui/model.go:145.3,148.16 4 0
github.com/bladeacer/ocd/internal/tui/model.go:150.15,151.30 1 0
github.com/bladeacer/ocd/internal/tui/model.go:151.30,153.42 2 0
github.com/bladeacer/ocd/internal/tui/model.go:153.42,155.5 1 0
github.com/bladeacer/ocd/internal/tui/model.go:156.4,156.26 1 0
github.com/bladeacer/ocd/internal/tui/model.go:158.3,158.16 1 0
github.com/bladeacer/ocd/internal/tui/model.go:160.18,161.26 1 0
github.com/bladeacer/ocd/internal/tui/model.go:163.23,166.16 3 0
github.com/bladeacer/ocd/internal/tui/model.go:169.2,169.15 1 0
github.com/bladeacer/ocd/internal/tui/model.go:172.64,173.17 1 0
github.com/bladeacer/ocd/internal/tui/model.go:174.20,175.33 1 0
github.com/bladeacer/ocd/internal/tui/model.go:176.18,177.31 1 0
github.com/bladeacer/ocd/internal/tui/model.go:178.19,179.32 1 0
github.com/bladeacer/ocd/internal/tui/model.go:180.20,181.33 1 0
github.com/bladeacer/ocd/internal/tui/model.go:183.2,183.15 1 0
github.com/bladeacer/ocd/internal/tui/model.go:186.71,187.53 1 0
github.com/bladeacer/ocd/internal/tui/model.go:187.53,189.3 1 0
github.com/bladeacer/ocd/internal/tui/model.go:190.2,190.15 1 0
github.com/bladeacer/ocd/internal/tui/model.go:193.69,194.22 1 0
github.com/bladeacer/ocd/internal/tui/model.go:195.21,196.21 1 0
github.com/bladeacer/ocd/internal/tui/model.go:198.16,199.23 1 0
github.com/bladeacer/ocd/internal/tui/model.go:201.11,205.16 4 0
github.com/bladeacer/ocd/internal/tui/model.go:207.11,209.19 2 0
github.com/bladeacer/ocd/internal/tui/model.go:211.11,213.19 2 0
github.com/bladeacer/ocd/internal/tui/model.go:215.11,217.19 2 0
github.com/bladeacer/ocd/internal/tui/model.go:219.11,221.19 2 0
github.com/bladeacer/ocd/internal/tui/model.go:224.2,226.15 3 0
github.com/bladeacer/ocd/internal/tui/model.go:229.70,230.22 1 0
github.com/bladeacer/ocd/internal/tui/model.go:231.27,237.16 6 0
github.com/bladeacer/ocd/internal/tui/model.go:239.24,244.16 5 0
github.com/bladeacer/ocd/internal/tui/model.go:246.19,248.19 2 0
github.com/bladeacer/ocd/internal/tui/model.go:248.19,250.4 1 0
github.com/bladeacer/ocd/internal/tui/model.go:251.3,253.16 3 0
github.com/bladeacer/ocd/internal/tui/model.go:256.2,256.28 1 0
github.com/bladeacer/ocd/internal/tui/model.go:256.28,261.3 4 0
github.com/bladeacer/ocd/internal/tui/model.go:263.2,263.15 1 0
github.com/bladeacer/ocd/internal/tui/model.go:266.71,267.22 1 0
github.com/bladeacer/ocd/internal/tui/model.go:268.21,269.21 1 0
github.com/bladeacer/ocd/internal/tui/model.go:270.27,273.16 3 0
github.com/bladeacer/ocd/internal/tui/model.go:275.2,275.15 1 0
github.com/bladeacer/ocd/internal/tui/model.go:278.50,280.16 2 0
github.com/bladeacer/ocd/internal/tui/model.go:280.16,282.3 1 0
github.com/bladeacer/ocd/internal/tui/model.go:283.2,285.15 3 0
github.com/bladeacer/ocd/internal/tui/model.go:288.32,291.29 2 0
github.com/bladeacer/ocd/internal/tui/model.go:291.29,296.41 4 0
github.com/bladeacer/ocd/internal/tui/model.go:296.41,297.12 1 0
github.com/bladeacer/ocd/internal/tui/model.go:299.3,299.25 1 0
github.com/bladeacer/ocd/internal/tui/model.go:299.25,301.35 2 0
github.com/bladeacer/ocd/internal/tui/model.go:301.35,302.29 1 0
github.com/bladeacer/ocd/internal/tui/model.go:302.29,304.11 2 0
github.com/bladeacer/ocd/internal/tui/model.go:307.4,307.15 1 0
github.com/bladeacer/ocd/internal/tui/model.go:307.15,308.13 1 0
github.com/bladeacer/ocd/internal/tui/model.go:311.3,311.46 1 0
github.com/bladeacer/ocd/internal/tui/model.go:311.46,312.12 1 0
github.com/bladeacer/ocd/internal/tui/model.go:314.3,314.26 1 0
github.com/bladeacer/ocd/internal/tui/model.go:314.26,316.69 2 0
github.com/bladeacer/ocd/internal/tui/model.go:316.69,317.13 1 0
github.com/bladeacer/ocd/internal/tui/model.go:320.3,320.35 1 0
github.com/bladeacer/ocd/internal/tui/model.go:323.2,324.21 2 0
github.com/bladeacer/ocd/internal/tui/model.go:327.50,329.2 1 0
github.com/bladeacer/ocd/internal/tui/model.go:331.35,333.17 2 0
github.com/bladeacer/ocd/internal/tui/model.go:333.17,335.3 1 0
github.com/bladeacer/ocd/internal/tui/model.go:337.2,340.41 3 0
github.com/bladeacer/ocd/internal/tui/model.go:340.41,344.23 3 0
github.com/bladeacer/ocd/internal/tui/model.go:344.23,347.22 3 0
github.com/bladeacer/ocd/internal/tui/model.go:347.22,349.5 1 0
github.com/bladeacer/ocd/internal/tui/model.go:351.3,351.37 1 0
github.com/bladeacer/ocd/internal/tui/model.go:354.2,354.23 1 0
github.com/bladeacer/ocd/internal/tui/model.go:357.29,361.37 3 0
github.com/bladeacer/ocd/internal/tui/model.go:361.37,363.3 1 0
github.com/bladeacer/ocd/internal/tui/model.go:365.2,368.46 3 0
github.com/bladeacer/ocd/internal/tui/model.go:368.46,373.3 1 0
github.com/bladeacer/ocd/internal/tui/model.go:375.2,377.36 2 0
github.com/bladeacer/ocd/internal/tui/model.go:377.36,380.16 3 0
github.com/bladeacer/ocd/internal/tui/model.go:380.16,381.12 1 0
github.com/bladeacer/ocd/internal/tui/model.go:383.3,387.16 4 0
github.com/bladeacer/ocd/internal/tui/model.go:387.16,388.38 1 0
github.com/bladeacer/ocd/internal/tui/model.go:388.38,390.5 1 0
github.com/bladeacer/ocd/internal/tui/model.go:393.3,395.33 3 0
github.com/bladeacer/ocd/internal/tui/model.go:395.33,396.17 1 0
github.com/bladeacer/ocd/internal/tui/model.go:396.17,398.5 1 0
github.com/bladeacer/ocd/internal/tui/model.go:398.10,400.5 1 0
github.com/bladeacer/ocd/internal/tui/model.go:403.3,404.52 2 0
github.com/bladeacer/ocd/internal/tui/model.go:404.52,406.4 1 0
github.com/bladeacer/ocd/internal/tui/model.go:408.3,409.21 2 0
github.com/bladeacer/ocd/internal/tui/model.go:409.21,411.4 1 0
github.com/bladeacer/ocd/internal/tui/model.go:413.3,422.5 1 0
github.com/bladeacer/ocd/internal/tui/model.go:425.2,426.19 2 0
github.com/bladeacer/ocd/internal/tui/model.go:429.41,440.2 1 0
github.com/bladeacer/ocd/internal/tui/model.go:442.42,445.16 3 0
github.com/bladeacer/ocd/internal/tui/model.go:445.16,447.3 1 0
github.com/bladeacer/ocd/internal/tui/model.go:448.2,449.9 2 0
github.com/bladeacer/ocd/internal/tui/model.go:449.9,451.3 1 0
github.com/bladeacer/ocd/internal/tui/model.go:452.2,452.30 1 0
github.com/bladeacer/ocd/internal/tui/model.go:452.30,454.3 1 0
github.com/bladeacer/ocd/internal/tui/model.go:455.2,455.25 1 0
github.com/bladeacer/ocd/internal/tui/model.go:458.35,461.26 3 0
github.com/bladeacer/ocd/internal/tui/model.go:461.26,462.12 1 0
github.com/bladeacer/ocd/internal/tui/model.go:462.12,464.4 1 0
github.com/bladeacer/ocd/internal/tui/model.go:466.2,466.13 1 0
github.com/bladeacer/ocd/internal/tui/model.go:469.25,471.22 2 0
github.com/bladeacer/ocd/internal/tui/model.go:471.22,472.27 1 0
github.com/bladeacer/ocd/internal/tui/model.go:472.27,474.4 1 0
github.com/bladeacer/ocd/internal/tui/model.go:476.2,476.10 1 0
github.com/bladeacer/ocd/internal/tui/model.go:479.38,480.25 1 0
github.com/bladeacer/ocd/internal/tui/model.go:480.25,483.17 3 0
github.com/bladeacer/ocd/internal/tui/model.go:483.17,485.4 1 0
github.com/bladeacer/ocd/internal/tui/model.go:486.3,486.17 1 0
github.com/bladeacer/ocd/internal/tui/model.go:486.17,488.4 1 0
github.com/bladeacer/ocd/internal/tui/model.go:489.3,489.15 1 0
github.com/bladeacer/ocd/internal/tui/model.go:489.15,491.4 1 0
github.com/bladeacer/ocd/internal/tui/model.go:493.2,493.10 1 0
github.com/bladeacer/ocd/internal/tui/model.go:496.38,497.37 1 0
github.com/bladeacer/ocd/internal/tui/model.go:497.37,499.3 1 0
github.com/bladeacer/ocd/internal/tui/model.go:500.2,500.16 1 0
github.com/bladeacer/ocd/internal/tui/model.go:501.22,502.11 1 0
github.com/bladeacer/ocd/internal/tui/model.go:503.19,504.11 1 0
github.com/bladeacer/ocd/internal/tui/model.go:505.24,506.11 1 0
github.com/bladeacer/ocd/internal/tui/model.go:508.2,508.10 1 0
github.com/bladeacer/ocd/internal/tui/model.go:511.35,512.13 1 0
github.com/bladeacer/ocd/internal/tui/model.go:512.13,514.3 1 0
github.com/bladeacer/ocd/internal/tui/model.go:515.2,515.16 1 0
github.com/bladeacer/ocd/internal/tui/pickermodel.go:45.61,75.2 8 0
github.com/bladeacer/ocd/internal/tui/pickermodel.go:77.38,79.2 1 0
github.com/bladeacer/ocd/internal/tui/pickermodel.go:81.42,84.2 2 0
github.com/bladeacer/ocd/internal/tui/pickermodel.go:86.64,87.27 1 0
github.com/bladeacer/ocd/internal/tui/pickermodel.go:88.21,90.30 2 0
github.com/bladeacer/ocd/internal/tui/pickermodel.go:90.30,93.4 2 0
github.com/bladeacer/ocd/internal/tui/pickermodel.go:94.3,96.16 3 0
github.com/bladeacer/ocd/internal/tui/pickermodel.go:98.32,101.16 3 0
github.com/bladeacer/ocd/internal/tui/pickermodel.go:103.18,104.38 1 0
github.com/bladeacer/ocd/internal/tui/pickermodel.go:104.38,105.55 1 0
github.com/bladeacer/ocd/internal/tui/pickermodel.go:105.55,108.5 2 0
github.com/bladeacer/ocd/internal/tui/pickermodel.go:109.4,109.17 1 0
github.com/bladeacer/ocd/internal/tui/pickermodel.go:112.3,112.26 1 0
github.com/bladeacer/ocd/internal/tui/pickermodel.go:115.2,115.15 1 0
github.com/bladeacer/ocd/internal/tui/pickermodel.go:118.70,119.18 1 0
github.com/bladeacer/ocd/internal/tui/pickermodel.go:119.18,121.3 1 0
github.com/bladeacer/ocd/internal/tui/pickermodel.go:123.2,123.22 1 0
github.com/bladeacer/ocd/internal/tui/pickermodel.go:124.21,126.21 2 0
github.com/bladeacer/ocd/internal/tui/pickermodel.go:127.11,131.16 4 0
github.com/bladeacer/ocd/internal/tui/pickermodel.go:132.16,133.27 1 0
github.com/bladeacer/ocd/internal/tui/pickermodel.go:134.11,136.18 2 0
github.com/bladeacer/ocd/internal/tui/pickermodel.go:139.2,141.15 3 0
github.com/bladeacer/ocd/internal/tui/pickermodel.go:144.76,145.22 1 0
github.com/bladeacer/ocd/internal/tui/pickermodel.go:146.27,152.16 6 0
github.com/bladeacer/ocd/internal/tui/pickermodel.go:153.24,158.16 5 0
github.com/bladeacer/ocd/internal/tui/pickermodel.go:159.20,161.19 2 0
github.com/bladeacer/ocd/internal/tui/pickermodel.go:161.19,163.4 1 0
github.com/bladeacer/ocd/internal/tui/pickermodel.go:164.3,166.16 3 0
github.com/bladeacer/ocd/internal/tui/pickermodel.go:169.2,169.28 1 0
github.com/bladeacer/ocd/internal/tui/pickermodel.go:169.28,174.3 4 0
github.com/bladeacer/ocd/internal/tui/pickermodel.go:176.2,176.15 1 0
github.com/bladeacer/ocd/internal/tui/pickermodel.go:179.60,181.16 2 0
github.com/bladeacer/ocd/internal/tui/pickermodel.go:181.16,183.3 1 0
github.com/bladeacer/ocd/internal/tui/pickermodel.go:184.2,185.29 2 0
github.com/bladeacer/ocd/internal/tui/pickermodel.go:185.29,191.3 5 0
github.com/bladeacer/ocd/internal/tui/pickermodel.go:191.8,195.3 3 0
github.com/bladeacer/ocd/internal/tui/pickermodel.go:196.2,196.15 1 0
github.com/bladeacer/ocd/internal/tui/pickermodel.go:199.35,201.38 2 0
github.com/bladeacer/ocd/internal/tui/pickermodel.go:201.38,206.3 1 0
github.com/bladeacer/ocd/internal/tui/pickermodel.go:208.2,210.37 3 0
github.com/bladeacer/ocd/internal/tui/pickermodel.go:210.37,212.3 1 0
github.com/bladeacer/ocd/internal/tui/pickermodel.go:214.2,214.24 1 0
github.com/bladeacer/ocd/internal/tui/pickermodel.go:214.24,215.58 1 0
[...]
github.com/bladeacer/ocd/internal/tui/diffmodel.go:527.74,528.22 1 0
github.com/bladeacer/ocd/internal/tui/diffmodel.go:529.32,530.21 1 0
github.com/bladeacer/ocd/internal/tui/diffmodel.go:532.11,534.16 2 0
github.com/bladeacer/ocd/internal/tui/diffmodel.go:535.11,537.16 2 0
github.com/bladeacer/ocd/internal/tui/diffmodel.go:539.11,543.16 4 0
github.com/bladeacer/ocd/internal/tui/diffmodel.go:545.11,546.17 1 0
github.com/bladeacer/ocd/internal/tui/diffmodel.go:546.17,549.4 2 0
github.com/bladeacer/ocd/internal/tui/diffmodel.go:549.9,551.4 1 0
github.com/bladeacer/ocd/internal/tui/diffmodel.go:552.3,552.16 1 0
github.com/bladeacer/ocd/internal/tui/diffmodel.go:553.11,556.16 3 0
github.com/bladeacer/ocd/internal/tui/diffmodel.go:558.11,564.16 6 0
github.com/bladeacer/ocd/internal/tui/diffmodel.go:566.11,568.25 2 0
github.com/bladeacer/ocd/internal/tui/diffmodel.go:570.11,572.24 2 0
github.com/bladeacer/ocd/internal/tui/diffmodel.go:574.11,576.29 2 0
github.com/bladeacer/ocd/internal/tui/diffmodel.go:579.2,583.15 4 0
github.com/bladeacer/ocd/internal/tui/diffmodel.go:586.53,588.52 2 0
github.com/bladeacer/ocd/internal/tui/diffmodel.go:588.52,590.3 1 0
github.com/bladeacer/ocd/internal/tui/diffmodel.go:591.2,591.34 1 0
github.com/bladeacer/ocd/internal/tui/diffmodel.go:594.40,595.24 1 0
github.com/bladeacer/ocd/internal/tui/diffmodel.go:595.24,596.26 1 0
github.com/bladeacer/ocd/internal/tui/diffmodel.go:596.26,598.4 1 0
github.com/bladeacer/ocd/internal/tui/diffmodel.go:599.3,601.39 3 0
github.com/bladeacer/ocd/internal/tui/diffmodel.go:601.39,603.4 1 0
github.com/bladeacer/ocd/internal/tui/diffmodel.go:604.3,605.50 2 0
github.com/bladeacer/ocd/internal/tui/diffmodel.go:605.50,607.4 1 0
github.com/bladeacer/ocd/internal/tui/diffmodel.go:608.3,608.13 1 0
github.com/bladeacer/ocd/internal/tui/diffmodel.go:612.39,613.24 1 0
github.com/bladeacer/ocd/internal/tui/diffmodel.go:613.24,615.50 2 0
github.com/bladeacer/ocd/internal/tui/diffmodel.go:615.50,617.4 1 0
github.com/bladeacer/ocd/internal/tui/diffmodel.go:618.3,618.13 1 0
github.com/bladeacer/ocd/internal/tui/diffmodel.go:622.44,624.16 2 0
github.com/bladeacer/ocd/internal/tui/diffmodel.go:624.16,626.3 1 0
github.com/bladeacer/ocd/internal/tui/diffmodel.go:627.2,628.56 2 0
github.com/bladeacer/ocd/internal/tui/diffmodel.go:628.56,631.3 2 0
github.com/bladeacer/ocd/internal/tui/diffmodel.go:632.2,635.18 3 0
github.com/bladeacer/ocd/internal/tui/diffmodel.go:635.18,637.3 1 0
github.com/bladeacer/ocd/internal/tui/diffmodel.go:638.2,639.54 2 0
github.com/bladeacer/ocd/internal/tui/diffmodel.go:639.54,642.3 2 0
github.com/bladeacer/ocd/internal/tui/diffmodel.go:645.32,646.25 1 0
github.com/bladeacer/ocd/internal/tui/diffmodel.go:646.25,648.3 1 0
github.com/bladeacer/ocd/internal/tui/diffmodel.go:649.2,651.48 3 0
github.com/bladeacer/ocd/internal/tui/diffmodel.go:651.48,653.3 1 0
github.com/bladeacer/ocd/internal/tui/diffmodel.go:656.32,657.25 1 0
github.com/bladeacer/ocd/internal/tui/diffmodel.go:657.25,659.3 1 0
github.com/bladeacer/ocd/internal/tui/diffmodel.go:660.2,661.23 2 0
github.com/bladeacer/ocd/internal/tui/diffmodel.go:661.23,663.3 1 0
github.com/bladeacer/ocd/internal/tui/diffmodel.go:664.2,665.48 2 0
github.com/bladeacer/ocd/internal/tui/diffmodel.go:665.48,667.3 1 0
github.com/bladeacer/ocd/internal/tui/diffmodel.go:670.35,671.14 1 0
github.com/bladeacer/ocd/internal/tui/diffmodel.go:671.14,673.3 1 0
github.com/bladeacer/ocd/internal/tui/diffmodel.go:674.2,674.21 1 0
github.com/bladeacer/ocd/internal/tui/diffmodel.go:674.21,677.3 2 0
github.com/bladeacer/ocd/internal/tui/diffmodel.go:679.2,680.18 2 0
github.com/bladeacer/ocd/internal/tui/diffmodel.go:680.18,682.3 1 0
github.com/bladeacer/ocd/internal/tui/diffmodel.go:684.2,685.24 2 0
github.com/bladeacer/ocd/internal/tui/diffmodel.go:685.24,689.3 1 0
github.com/bladeacer/ocd/internal/tui/diffmodel.go:691.2,692.18 2 0
github.com/bladeacer/ocd/internal/tui/diffmodel.go:692.18,694.3 1 0
github.com/bladeacer/ocd/internal/tui/diffmodel.go:696.2,702.41 2 0
github.com/bladeacer/ocd/internal/tui/diffmodel.go:705.53,710.2 4 0
github.com/bladeacer/ocd/internal/tui/model.go:67.49,116.2 12 0
github.com/bladeacer/ocd/internal/tui/model.go:118.32,120.2 1 0
github.com/bladeacer/ocd/internal/tui/model.go:122.38,125.2 2 0
github.com/bladeacer/ocd/internal/tui/model.go:127.37,130.2 2 0
github.com/bladeacer/ocd/internal/tui/model.go:132.58,133.27 1 0
github.com/bladeacer/ocd/internal/tui/model.go:134.25,137.16 3 0
github.com/bladeacer/ocd/internal/tui/model.go:139.21,141.30 2 0
github.com/bladeacer/ocd/internal/tui/model.go:141.30,144.4 2 0
github.com/bladeacer/ocd/internal/tui/model.go:145.3,148.16 4 0
github.com/bladeacer/ocd/internal/tui/model.go:150.15,151.30 1 0
github.com/bladeacer/ocd/internal/tui/model.go:151.30,153.42 2 0
github.com/bladeacer/ocd/internal/tui/model.go:153.42,155.5 1 0
github.com/bladeacer/ocd/internal/tui/model.go:156.4,156.26 1 0
github.com/bladeacer/ocd/internal/tui/model.go:158.3,158.16 1 0
github.com/bladeacer/ocd/internal/tui/model.go:160.18,161.26 1 0
github.com/bladeacer/ocd/internal/tui/model.go:163.23,166.16 3 0
github.com/bladeacer/ocd/internal/tui/model.go:169.2,169.15 1 0
github.com/bladeacer/ocd/internal/tui/model.go:172.64,173.17 1 0
github.com/bladeacer/ocd/internal/tui/model.go:174.20,175.33 1 0
github.com/bladeacer/ocd/internal/tui/model.go:176.18,177.31 1 0
github.com/bladeacer/ocd/internal/tui/model.go:178.19,179.32 1 0
github.com/bladeacer/ocd/internal/tui/model.go:180.20,181.33 1 0
github.com/bladeacer/ocd/internal/tui/model.go:183.2,183.15 1 0
github.com/bladeacer/ocd/internal/tui/model.go:186.71,187.53 1 0
github.com/bladeacer/ocd/internal/tui/model.go:187.53,189.3 1 0
github.com/bladeacer/ocd/internal/tui/model.go:190.2,190.15 1 0
github.com/bladeacer/ocd/internal/tui/model.go:193.69,194.22 1 0
github.com/bladeacer/ocd/internal/tui/model.go:195.21,196.21 1 0
github.com/bladeacer/ocd/internal/tui/model.go:198.16,199.23 1 0
github.com/bladeacer/ocd/internal/tui/model.go:201.11,205.16 4 0
github.com/bladeacer/ocd/internal/tui/model.go:207.11,209.19 2 0
github.com/bladeacer/ocd/internal/tui/model.go:211.11,213.19 2 0
github.com/bladeacer/ocd/internal/tui/model.go:215.11,217.19 2 0
github.com/bladeacer/ocd/internal/tui/model.go:219.11,221.19 2 0
github.com/bladeacer/ocd/internal/tui/model.go:224.2,226.15 3 0
github.com/bladeacer/ocd/internal/tui/model.go:229.70,230.22 1 0
github.com/bladeacer/ocd/internal/tui/model.go:231.27,237.16 6 0
github.com/bladeacer/ocd/internal/tui/model.go:239.24,244.16 5 0
github.com/bladeacer/ocd/internal/tui/model.go:246.19,248.19 2 0
github.com/bladeacer/ocd/internal/tui/model.go:248.19,250.4 1 0
github.com/bladeacer/ocd/internal/tui/model.go:251.3,253.16 3 0
github.com/bladeacer/ocd/internal/tui/model.go:256.2,256.28 1 0
github.com/bladeacer/ocd/internal/tui/model.go:256.28,261.3 4 0
github.com/bladeacer/ocd/internal/tui/model.go:263.2,263.15 1 0
github.com/bladeacer/ocd/internal/tui/model.go:266.71,267.22 1 0
github.com/bladeacer/ocd/internal/tui/model.go:268.21,269.21 1 0
github.com/bladeacer/ocd/internal/tui/model.go:270.27,273.16 3 0
github.com/bladeacer/ocd/internal/tui/model.go:275.2,275.15 1 0
github.com/bladeacer/ocd/internal/tui/model.go:278.50,280.16 2 0
github.com/bladeacer/ocd/internal/tui/model.go:280.16,282.3 1 0
github.com/bladeacer/ocd/internal/tui/model.go:283.2,285.15 3 0
github.com/bladeacer/ocd/internal/tui/model.go:288.32,291.29 2 0
github.com/bladeacer/ocd/internal/tui/model.go:291.29,296.41 4 0
github.com/bladeacer/ocd/internal/tui/model.go:296.41,297.12 1 0
github.com/bladeacer/ocd/internal/tui/model.go:299.3,299.25 1 0
github.com/bladeacer/ocd/internal/tui/model.go:299.25,301.35 2 0
github.com/bladeacer/ocd/internal/tui/model.go:301.35,302.29 1 0
github.com/bladeacer/ocd/internal/tui/model.go:302.29,304.11 2 0
github.com/bladeacer/ocd/internal/tui/model.go:307.4,307.15 1 0
github.com/bladeacer/ocd/internal/tui/model.go:307.15,308.13 1 0
github.com/bladeacer/ocd/internal/tui/model.go:311.3,311.46 1 0
github.com/bladeacer/ocd/internal/tui/model.go:311.46,312.12 1 0
github.com/bladeacer/ocd/internal/tui/model.go:314.3,314.26 1 0
github.com/bladeacer/ocd/internal/tui/model.go:314.26,316.69 2 0
github.com/bladeacer/ocd/internal/tui/model.go:316.69,317.13 1 0
github.com/bladeacer/ocd/internal/tui/model.go:320.3,320.35 1 0
github.com/bladeacer/ocd/internal/tui/model.go:323.2,324.21 2 0
github.com/bladeacer/ocd/internal/tui/model.go:327.50,329.2 1 0
github.com/bladeacer/ocd/internal/tui/model.go:331.35,333.17 2 0
github.com/bladeacer/ocd/internal/tui/model.go:333.17,335.3 1 0
github.com/bladeacer/ocd/internal/tui/model.go:337.2,340.41 3 0
github.com/bladeacer/ocd/internal/tui/model.go:340.41,344.23 3 0
github.com/bladeacer/ocd/internal/tui/model.go:344.23,347.22 3 0
github.com/bladeacer/ocd/internal/tui/model.go:347.22,349.5 1 0
github.com/bladeacer/ocd/internal/tui/model.go:351.3,351.37 1 0
github.com/bladeacer/ocd/internal/tui/model.go:354.2,354.23 1 0
github.com/bladeacer/ocd/internal/tui/model.go:357.29,361.37 3 0
github.com/bladeacer/ocd/internal/tui/model.go:361.37,363.3 1 0
github.com/bladeacer/ocd/internal/tui/model.go:365.2,368.46 3 0
github.com/bladeacer/ocd/internal/tui/model.go:368.46,373.3 1 0
github.com/bladeacer/ocd/internal/tui/model.go:375.2,377.36 2 0
github.com/bladeacer/ocd/internal/tui/model.go:377.36,380.16 3 0
github.com/bladeacer/ocd/internal/tui/model.go:380.16,381.12 1 0
github.com/bladeacer/ocd/internal/tui/model.go:383.3,387.16 4 0
github.com/bladeacer/ocd/internal/tui/model.go:387.16,388.38 1 0
github.com/bladeacer/ocd/internal/tui/model.go:388.38,390.5 1 0
github.com/bladeacer/ocd/internal/tui/model.go:393.3,395.33 3 0
github.com/bladeacer/ocd/internal/tui/model.go:395.33,396.17 1 0
github.com/bladeacer/ocd/internal/tui/model.go:396.17,398.5 1 0
github.com/bladeacer/ocd/internal/tui/model.go:398.10,400.5 1 0
github.com/bladeacer/ocd/internal/tui/model.go:403.3,404.52 2 0
github.com/bladeacer/ocd/internal/tui/model.go:404.52,406.4 1 0
github.com/bladeacer/ocd/internal/tui/model.go:408.3,409.21 2 0
github.com/bladeacer/ocd/internal/tui/model.go:409.21,411.4 1 0
github.com/bladeacer/ocd/internal/tui/model.go:413.3,422.5 1 0
github.com/bladeacer/ocd/internal/tui/model.go:425.2,426.19 2 0
github.com/bladeacer/ocd/internal/tui/model.go:429.41,440.2 1 0
github.com/bladeacer/ocd/internal/tui/model.go:442.42,445.16 3 0
github.com/bladeacer/ocd/internal/tui/model.go:445.16,447.3 1 0
github.com/bladeacer/ocd/internal/tui/model.go:448.2,449.9 2 0
github.com/bladeacer/ocd/internal/tui/model.go:449.9,451.3 1 0
github.com/bladeacer/ocd/internal/tui/model.go:452.2,452.30 1 0
github.com/bladeacer/ocd/internal/tui/model.go:452.30,454.3 1 0
github.com/bladeacer/ocd/internal/tui/model.go:455.2,455.25 1 0
github.com/bladeacer/ocd/internal/tui/model.go:458.35,461.26 3 0
github.com/bladeacer/ocd/internal/tui/model.go:461.26,462.12 1 0
github.com/bladeacer/ocd/internal/tui/model.go:462.12,464.4 1 0
github.com/bladeacer/ocd/internal/tui/model.go:466.2,466.13 1 0
github.com/bladeacer/ocd/internal/tui/model.go:469.25,471.22 2 0
github.com/bladeacer/ocd/internal/tui/model.go:471.22,472.27 1 0
github.com/bladeacer/ocd/internal/tui/model.go:472.27,474.4 1 0
github.com/bladeacer/ocd/internal/tui/model.go:476.2,476.10 1 0
github.com/bladeacer/ocd/internal/tui/model.go:479.38,480.25 1 0
github.com/bladeacer/ocd/internal/tui/model.go:480.25,483.17 3 0
github.com/bladeacer/ocd/internal/tui/model.go:483.17,485.4 1 0
github.com/bladeacer/ocd/internal/tui/model.go:486.3,486.17 1 0
github.com/bladeacer/ocd/internal/tui/model.go:486.17,488.4 1 0
github.com/bladeacer/ocd/internal/tui/model.go:489.3,489.15 1 0
github.com/bladeacer/ocd/internal/tui/model.go:489.15,491.4 1 0
github.com/bladeacer/ocd/internal/tui/model.go:493.2,493.10 1 0
github.com/bladeacer/ocd/internal/tui/model.go:496.38,497.37 1 0
github.com/bladeacer/ocd/internal/tui/model.go:497.37,499.3 1 0
github.com/bladeacer/ocd/internal/tui/model.go:500.2,500.16 1 0
github.com/bladeacer/ocd/internal/tui/model.go:501.22,502.11 1 0
github.com/bladeacer/ocd/internal/tui/model.go:503.19,504.11 1 0
github.com/bladeacer/ocd/internal/tui/model.go:505.24,506.11 1 0
github.com/bladeacer/ocd/internal/tui/model.go:508.2,508.10 1 0
github.com/bladeacer/ocd/internal/tui/model.go:511.35,512.13 1 0
github.com/bladeacer/ocd/internal/tui/model.go:512.13,514.3 1 0
github.com/bladeacer/ocd/internal/tui/model.go:515.2,515.16 1 0
github.com/bladeacer/ocd/internal/tui/pickermodel.go:45.61,75.2 8 0
github.com/bladeacer/ocd/internal/tui/pickermodel.go:77.38,79.2 1 0
github.com/bladeacer/ocd/internal/tui/pickermodel.go:81.42,84.2 2 0
github.com/bladeacer/ocd/internal/tui/pickermodel.go:86.64,87.27 1 0
github.com/bladeacer/ocd/internal/tui/pickermodel.go:88.21,90.30 2 0
github.com/bladeacer/ocd/internal/tui/pickermodel.go:90.30,93.4 2 0
github.com/bladeacer/ocd/internal/tui/pickermodel.go:94.3,96.16 3 0
github.com/bladeacer/ocd/internal/tui/pickermodel.go:98.32,101.16 3 0
github.com/bladeacer/ocd/internal/tui/pickermodel.go:103.18,104.38 1 0
github.com/bladeacer/ocd/internal/tui/pickermodel.go:104.38,105.55 1 0
github.com/bladeacer/ocd/internal/tui/pickermodel.go:105.55,108.5 2 0
github.com/bladeacer/ocd/internal/tui/pickermodel.go:109.4,109.17 1 0
github.com/bladeacer/ocd/internal/tui/pickermodel.go:112.3,112.26 1 0
github.com/bladeacer/ocd/internal/tui/pickermodel.go:115.2,115.15 1 0
github.com/bladeacer/ocd/internal/tui/pickermodel.go:118.70,119.18 1 0
github.com/bladeacer/ocd/internal/tui/pickermodel.go:119.18,121.3 1 0
github.com/bladeacer/ocd/internal/tui/pickermodel.go:123.2,123.22 1 0
github.com/bladeacer/ocd/internal/tui/pickermodel.go:124.21,126.21 2 0
github.com/bladeacer/ocd/internal/tui/pickermodel.go:127.11,131.16 4 0
github.com/bladeacer/ocd/internal/tui/pickermodel.go:132.16,133.27 1 0
github.com/bladeacer/ocd/internal/tui/pickermodel.go:134.11,136.18 2 0
github.com/bladeacer/ocd/internal/tui/pickermodel.go:139.2,141.15 3 0
github.com/bladeacer/ocd/internal/tui/pickermodel.go:144.76,145.22 1 0
github.com/bladeacer/ocd/internal/tui/pickermodel.go:146.27,152.16 6 0
github.com/bladeacer/ocd/internal/tui/pickermodel.go:153.24,158.16 5 0
github.com/bladeacer/ocd/internal/tui/pickermodel.go:159.20,161.19 2 0
github.com/bladeacer/ocd/internal/tui/pickermodel.go:161.19,163.4 1 0
github.com/bladeacer/ocd/internal/tui/pickermodel.go:164.3,166.16 3 0
github.com/bladeacer/ocd/internal/tui/pickermodel.go:169.2,169.28 1 0
github.com/bladeacer/ocd/internal/tui/pickermodel.go:169.28,174.3 4 0
github.com/bladeacer/ocd/internal/tui/pickermodel.go:176.2,176.15 1 0
github.com/bladeacer/ocd/internal/tui/pickermodel.go:179.60,181.16 2 0
github.com/bladeacer/ocd/internal/tui/pickermodel.go:181.16,183.3 1 0
github.com/bladeacer/ocd/internal/tui/pickermodel.go:184.2,185.29 2 0
github.com/bladeacer/ocd/internal/tui/pickermodel.go:185.29,191.3 5 0
github.com/bladeacer/ocd/internal/tui/pickermodel.go:191.8,195.3 3 0
github.com/bladeacer/ocd/internal/tui/pickermodel.go:196.2,196.15 1 0
github.com/bladeacer/ocd/internal/tui/pickermodel.go:199.35,201.38 2 0
github.com/bladeacer/ocd/internal/tui/pickermodel.go:201.38,206.3 1 0
github.com/bladeacer/ocd/internal/tui/pickermodel.go:208.2,210.37 3 0
github.com/bladeacer/ocd/internal/tui/pickermodel.go:210.37,212.3 1 0
github.com/bladeacer/ocd/internal/tui/pickermodel.go:214.2,214.24 1 0
github.com/bladeacer/ocd/internal/tui/pickermodel.go:214.24,215.58 1 0
github.com/bladeacer/ocd/internal/tui/pickermodel.go:215.58,216.12 1 0
github.com/bladeacer/ocd/internal/tui/pickermodel.go:218.3,219.21 2 0
github.com/bladeacer/ocd/internal/tui/pickermodel.go:219.21,221.4 1 0
github.com/bladeacer/ocd/internal/tui/pickermodel.go:223.3,224.31 2 0
github.com/bladeacer/ocd/internal/tui/pickermodel.go:224.31,225.28 1 0
github.com/bladeacer/ocd/internal/tui/pickermodel.go:225.28,227.5 1 0
github.com/bladeacer/ocd/internal/tui/pickermodel.go:227.10,229.5 1 0
github.com/bladeacer/ocd/internal/tui/pickermodel.go:232.3,233.16 2 0
github.com/bladeacer/ocd/internal/tui/pickermodel.go:233.16,235.4 1 0
github.com/bladeacer/ocd/internal/tui/pickermodel.go:235.9,237.4 1 0
github.com/bladeacer/ocd/internal/tui/pickermodel.go:239.3,245.5 1 0
github.com/bladeacer/ocd/internal/tui/pickermodel.go:247.2,247.15 1 0
github.com/bladeacer/ocd/internal/tui/pickermodel.go:250.57,253.2 2 0
github.com/bladeacer/ocd/internal/tui/pickermodel.go:255.37,258.29 2 0
github.com/bladeacer/ocd/internal/tui/pickermodel.go:258.29,259.42 1 0
github.com/bladeacer/ocd/internal/tui/pickermodel.go:259.42,260.12 1 0
github.com/bladeacer/ocd/internal/tui/pickermodel.go:262.3,262.22 1 0
github.com/bladeacer/ocd/internal/tui/pickermodel.go:262.22,264.63 2 0
github.com/bladeacer/ocd/internal/tui/pickermodel.go:264.63,265.13 1 0
github.com/bladeacer/ocd/internal/tui/pickermodel.go:268.3,268.35 1 0
github.com/bladeacer/ocd/internal/tui/pickermodel.go:271.2,271.49 1 0
github.com/bladeacer/ocd/internal/tui/pickermodel.go:271.49,274.19 3 0
github.com/bladeacer/ocd/internal/tui/pickermodel.go:274.19,276.4 1 0
github.com/bladeacer/ocd/internal/tui/pickermodel.go:277.3,280.8 1 0
github.com/bladeacer/ocd/internal/tui/pickermodel.go:283.2,283.25 1 0
github.com/bladeacer/ocd/internal/tui/pickermodel.go:286.37,287.18 1 0
github.com/bladeacer/ocd/internal/tui/pickermodel.go:287.18,289.3 1 0
github.com/bladeacer/ocd/internal/tui/pickermodel.go:290.2,290.21 1 0
github.com/bladeacer/ocd/internal/tui/pickermodel.go:290.21,292.3 1 0
github.com/bladeacer/ocd/internal/tui/pickermodel.go:294.2,295.30 2 0
github.com/bladeacer/ocd/internal/tui/pickermodel.go:295.30,297.3 1 0
github.com/bladeacer/ocd/internal/tui/pickermodel.go:299.2,300.18 2 0
github.com/bladeacer/ocd/internal/tui/pickermodel.go:300.18,302.3 1 0
github.com/bladeacer/ocd/internal/tui/pickermodel.go:304.2,310.92 3 0
github.com/bladeacer/ocd/internal/tui/pickermodel.go:313.75,317.16 4 0
github.com/bladeacer/ocd/internal/tui/pickermodel.go:317.16,319.3 1 0
github.com/bladeacer/ocd/internal/tui/pickermodel.go:320.2,321.25 2 0
github.com/bladeacer/ocd/internal/tui/pickermodel.go:321.25,323.3 1 0
github.com/bladeacer/ocd/internal/tui/pickermodel.go:324.2,324.47 1 0
github.com/bladeacer/ocd/internal/tui/spinner.go:19.55,28.2 4 0
github.com/bladeacer/ocd/internal/tui/spinner.go:30.39,32.2 1 0
github.com/bladeacer/ocd/internal/tui/spinner.go:34.45,37.2 2 0
github.com/bladeacer/ocd/internal/tui/spinner.go:39.69,40.27 1 0
github.com/bladeacer/ocd/internal/tui/spinner.go:41.15,43.37 2 0
github.com/bladeacer/ocd/internal/tui/spinner.go:43.37,45.4 1 0
github.com/bladeacer/ocd/internal/tui/spinner.go:46.3,46.25 1 0
github.com/bladeacer/ocd/internal/tui/spinner.go:47.23,50.16 3 0
github.com/bladeacer/ocd/internal/tui/spinner.go:52.2,52.15 1 0
github.com/bladeacer/ocd/internal/tui/spinner.go:55.38,59.2 3 0
github.com/bladeacer/ocd/internal/tui/spinner.go:61.39,63.2 1 0
github.com/bladeacer/ocd/internal/tui/styles.go:42.33,54.2 4 0
github.com/bladeacer/ocd/internal/tui/view.go:11.31,12.17 1 0
github.com/bladeacer/ocd/internal/tui/view.go:13.20,14.25 1 0
github.com/bladeacer/ocd/internal/tui/view.go:15.31,16.30 1 0
github.com/bladeacer/ocd/internal/tui/view.go:17.20,18.25 1 0
github.com/bladeacer/ocd/internal/tui/view.go:20.2,20.11 1 0
github.com/bladeacer/ocd/internal/tui/view.go:23.38,24.18 1 0
github.com/bladeacer/ocd/internal/tui/view.go:24.18,26.3 1 0
github.com/bladeacer/ocd/internal/tui/view.go:28.2,31.84 3 0
github.com/bladeacer/ocd/internal/tui/view.go:34.43,39.28 3 0
github.com/bladeacer/ocd/internal/tui/view.go:39.28,41.3 1 0
github.com/bladeacer/ocd/internal/tui/view.go:43.2,48.19 4 0
github.com/bladeacer/ocd/internal/tui/view.go:51.37,63.2 4 0
github.com/bladeacer/ocd/internal/tui/view.go:65.50,66.12 1 0
github.com/bladeacer/ocd/internal/tui/view.go:66.12,68.3 1 0
github.com/bladeacer/ocd/internal/tui/view.go:69.2,69.53 1 0
github.com/bladeacer/ocd/internal/tui/view.go:72.38,80.2 3 0
