mode: set
github.com/bladeacer/ocd/main.go:18.13,35.39 6 0
github.com/bladeacer/ocd/main.go:35.39,38.3 2 0
github.com/bladeacer/ocd/main.go:18.13,35.39 6 0
github.com/bladeacer/ocd/main.go:35.39,38.3 2 0
github.com/bladeacer/ocd/cmd/clean.go:12.35,16.55 1 0
github.com/bladeacer/ocd/cmd/clean.go:16.55,18.36 2 0
github.com/bladeacer/ocd/cmd/clean.go:18.36,20.5 1 0
github.com/bladeacer/ocd/cmd/clean.go:21.4,21.62 1 0
github.com/bladeacer/ocd/cmd/clean.go:21.62,23.5 1 0
github.com/bladeacer/ocd/cmd/clean.go:24.4,25.14 2 0
github.com/bladeacer/ocd/cmd/clean.go:29.2,29.12 1 0
github.com/bladeacer/ocd/cmd/diff.go:17.34,18.32 1 0
github.com/bladeacer/ocd/cmd/diff.go:18.32,21.3 2 0
github.com/bladeacer/ocd/cmd/diff.go:22.2,22.24 1 0
github.com/bladeacer/ocd/cmd/diff.go:25.64,28.16 3 0
github.com/bladeacer/ocd/cmd/diff.go:29.14,30.30 1 0
github.com/bladeacer/ocd/cmd/diff.go:31.14,32.30 1 0
github.com/bladeacer/ocd/cmd/diff.go:33.10,34.30 1 0
github.com/bladeacer/ocd/cmd/diff.go:36.2,36.16 1 0
github.com/bladeacer/ocd/cmd/diff.go:36.16,38.3 1 0
github.com/bladeacer/ocd/cmd/diff.go:39.2,39.39 1 0
github.com/bladeacer/ocd/cmd/diff.go:42.55,44.22 2 0
github.com/bladeacer/ocd/cmd/diff.go:44.22,46.3 1 0
github.com/bladeacer/ocd/cmd/diff.go:49.38,51.38 2 0
github.com/bladeacer/ocd/cmd/diff.go:51.38,53.3 1 0
github.com/bladeacer/ocd/cmd/diff.go:54.2,56.12 3 0
github.com/bladeacer/ocd/cmd/diff.go:59.34,77.55 6 0
github.com/bladeacer/ocd/cmd/diff.go:77.55,80.22 2 0
github.com/bladeacer/ocd/cmd/diff.go:80.22,83.5 2 0
github.com/bladeacer/ocd/cmd/diff.go:83.10,83.44 1 0
github.com/bladeacer/ocd/cmd/diff.go:83.44,89.19 5 0
github.com/bladeacer/ocd/cmd/diff.go:89.19,91.6 1 0
github.com/bladeacer/ocd/cmd/diff.go:92.5,92.41 1 0
github.com/bladeacer/ocd/cmd/diff.go:92.41,95.6 2 0
github.com/bladeacer/ocd/cmd/diff.go:96.10,98.5 1 0
github.com/bladeacer/ocd/cmd/diff.go:100.4,100.46 1 0
github.com/bladeacer/ocd/cmd/diff.go:100.46,102.5 1 0
github.com/bladeacer/ocd/cmd/diff.go:103.4,103.46 1 0
github.com/bladeacer/ocd/cmd/diff.go:103.46,105.5 1 0
github.com/bladeacer/ocd/cmd/diff.go:107.4,108.27 2 0
github.com/bladeacer/ocd/cmd/diff.go:108.27,110.5 1 0
github.com/bladeacer/ocd/cmd/diff.go:112.4,112.12 1 0
github.com/bladeacer/ocd/cmd/diff.go:112.12,117.25 5 0
github.com/bladeacer/ocd/cmd/diff.go:117.25,119.6 1 0
github.com/bladeacer/ocd/cmd/diff.go:119.11,121.6 1 0
github.com/bladeacer/ocd/cmd/diff.go:122.5,125.72 4 0
github.com/bladeacer/ocd/cmd/diff.go:125.72,127.6 1 0
github.com/bladeacer/ocd/cmd/diff.go:128.5,129.15 2 0
github.com/bladeacer/ocd/cmd/diff.go:132.4,132.36 1 0
github.com/bladeacer/ocd/cmd/diff.go:136.2,141.12 6 0
github.com/bladeacer/ocd/cmd/extract.go:11.37,18.55 1 0
github.com/bladeacer/ocd/cmd/extract.go:18.55,21.18 3 0
github.com/bladeacer/ocd/cmd/extract.go:21.18,23.5 1 0
github.com/bladeacer/ocd/cmd/extract.go:24.4,25.14 2 0
github.com/bladeacer/ocd/cmd/extract.go:29.2,29.12 1 0
github.com/bladeacer/ocd/cmd/interact.go:14.38,23.55 2 0
github.com/bladeacer/ocd/cmd/interact.go:23.55,29.18 5 0
github.com/bladeacer/ocd/cmd/interact.go:29.18,31.5 1 0
github.com/bladeacer/ocd/cmd/interact.go:32.4,32.30 1 0
github.com/bladeacer/ocd/cmd/interact.go:32.30,35.5 2 0
github.com/bladeacer/ocd/cmd/interact.go:37.4,39.18 3 0
github.com/bladeacer/ocd/cmd/interact.go:39.18,41.5 1 0
github.com/bladeacer/ocd/cmd/interact.go:42.4,43.14 2 0
github.com/bladeacer/ocd/cmd/interact.go:47.2,48.12 2 0
github.com/bladeacer/ocd/internal/cache/cache.go:28.36,33.49 2 0
github.com/bladeacer/ocd/internal/cache/cache.go:33.49,34.13 1 0
github.com/bladeacer/ocd/internal/cache/cache.go:36.2,36.10 1 0
github.com/bladeacer/ocd/internal/cache/cache.go:39.42,41.2 1 0
github.com/bladeacer/ocd/internal/cache/cache.go:43.55,46.16 3 0
github.com/bladeacer/ocd/internal/cache/cache.go:46.16,47.25 1 0
github.com/bladeacer/ocd/internal/cache/cache.go:47.25,49.4 1 0
github.com/bladeacer/ocd/internal/cache/cache.go:50.3,50.13 1 0
github.com/bladeacer/ocd/internal/cache/cache.go:52.2,53.53 2 0
github.com/bladeacer/ocd/internal/cache/cache.go:53.53,55.3 1 0
github.com/bladeacer/ocd/internal/cache/cache.go:56.2,56.54 1 0
github.com/bladeacer/ocd/internal/cache/cache.go:56.54,58.3 1 0
github.com/bladeacer/ocd/internal/cache/cache.go:59.2,59.38 1 0
github.com/bladeacer/ocd/internal/cache/cache.go:62.55,65.16 3 0
github.com/bladeacer/ocd/internal/cache/cache.go:65.16,67.3 1 0
github.com/bladeacer/ocd/internal/cache/cache.go:68.2,73.16 3 0
github.com/bladeacer/ocd/internal/cache/cache.go:73.16,75.3 1 0
github.com/bladeacer/ocd/internal/cache/cache.go:76.2,76.35 1 0
github.com/bladeacer/ocd/internal/cache/cache.go:79.43,82.24 3 0
github.com/bladeacer/ocd/internal/cache/cache.go:82.24,84.3 1 0
github.com/bladeacer/ocd/internal/cache/cache.go:85.2,85.12 1 0
github.com/bladeacer/ocd/internal/cache/cache.go:88.31,90.16 2 0
github.com/bladeacer/ocd/internal/cache/cache.go:90.16,91.25 1 0
github.com/bladeacer/ocd/internal/cache/cache.go:91.25,93.4 1 0
github.com/bladeacer/ocd/internal/cache/cache.go:94.3,94.13 1 0
github.com/bladeacer/ocd/internal/cache/cache.go:96.2,98.16 3 0
github.com/bladeacer/ocd/internal/cache/cache.go:98.16,100.3 1 0
github.com/bladeacer/ocd/internal/cache/cache.go:101.2,101.29 1 0
github.com/bladeacer/ocd/internal/cache/cache.go:101.29,103.3 1 0
github.com/bladeacer/ocd/internal/cache/cache.go:104.2,104.12 1 0
github.com/bladeacer/ocd/internal/core/asar.go:31.61,33.16 2 0
github.com/bladeacer/ocd/internal/core/asar.go:33.16,35.3 1 0
github.com/bladeacer/ocd/internal/core/asar.go:36.2,39.47 3 0
github.com/bladeacer/ocd/internal/core/asar.go:39.47,41.3 1 0
github.com/bladeacer/ocd/internal/core/asar.go:43.2,44.71 2 0
github.com/bladeacer/ocd/internal/core/asar.go:44.71,46.3 1 0
github.com/bladeacer/ocd/internal/core/asar.go:47.2,47.51 1 0
github.com/bladeacer/ocd/internal/core/asar.go:47.51,49.3 1 0
github.com/bladeacer/ocd/internal/core/asar.go:51.2,52.51 2 0
github.com/bladeacer/ocd/internal/core/asar.go:52.51,54.3 1 0
github.com/bladeacer/ocd/internal/core/asar.go:56.2,57.57 2 0
github.com/bladeacer/ocd/internal/core/asar.go:57.57,59.3 1 0
github.com/bladeacer/ocd/internal/core/asar.go:61.2,62.9 2 0
github.com/bladeacer/ocd/internal/core/asar.go:62.9,64.3 1 0
github.com/bladeacer/ocd/internal/core/asar.go:66.2,67.67 2 0
github.com/bladeacer/ocd/internal/core/asar.go:67.67,69.3 1 0
github.com/bladeacer/ocd/internal/core/asar.go:71.2,74.16 3 0
github.com/bladeacer/ocd/internal/core/asar.go:74.16,76.3 1 0
github.com/bladeacer/ocd/internal/core/asar.go:77.2,80.49 3 0
github.com/bladeacer/ocd/internal/core/asar.go:80.49,82.3 1 0
github.com/bladeacer/ocd/internal/core/asar.go:84.2,84.12 1 0
github.com/bladeacer/ocd/internal/core/diff.go:17.60,22.16 4 0
github.com/bladeacer/ocd/internal/core/diff.go:22.16,28.3 1 0
github.com/bladeacer/ocd/internal/core/diff.go:30.2,31.16 2 0
github.com/bladeacer/ocd/internal/core/diff.go:31.16,37.3 1 0
github.com/bladeacer/ocd/internal/core/diff.go:39.2,52.49 4 0
github.com/bladeacer/ocd/internal/core/diff.go:52.49,53.67 1 0
github.com/bladeacer/ocd/internal/core/diff.go:53.67,55.9 2 0
github.com/bladeacer/ocd/internal/core/diff.go:59.2,64.3 1 0
github.com/bladeacer/ocd/internal/core/extract.go:19.49,23.45 3 0
github.com/bladeacer/ocd/internal/core/extract.go:23.45,25.3 1 0
github.com/bladeacer/ocd/internal/core/extract.go:27.2,27.51 1 0
github.com/bladeacer/ocd/internal/core/extract.go:27.51,29.3 1 0
github.com/bladeacer/ocd/internal/core/extract.go:31.2,34.16 3 0
github.com/bladeacer/ocd/internal/core/extract.go:34.16,36.3 1 0
github.com/bladeacer/ocd/internal/core/extract.go:37.2,39.44 2 0
github.com/bladeacer/ocd/internal/core/extract.go:39.44,41.3 1 0
github.com/bladeacer/ocd/internal/core/extract.go:42.2,42.38 1 0
github.com/bladeacer/ocd/internal/core/extract.go:42.38,44.3 1 0
github.com/bladeacer/ocd/internal/core/extract.go:46.2,47.16 2 0
github.com/bladeacer/ocd/internal/core/extract.go:47.16,49.3 1 0
github.com/bladeacer/ocd/internal/core/extract.go:50.2,53.16 3 0
github.com/bladeacer/ocd/internal/core/extract.go:53.16,55.3 1 0
github.com/bladeacer/ocd/internal/core/extract.go:56.2,59.54 3 0
github.com/bladeacer/ocd/internal/core/extract.go:59.54,62.3 2 0
github.com/bladeacer/ocd/internal/core/extract.go:63.2,65.65 2 0
github.com/bladeacer/ocd/internal/core/extract.go:65.65,67.3 1 0
github.com/bladeacer/ocd/internal/core/extract.go:69.2,69.22 1 0
github.com/bladeacer/ocd/internal/core/tldr.go:42.43,44.16 2 0
github.com/bladeacer/ocd/internal/core/tldr.go:44.16,46.3 1 0
github.com/bladeacer/ocd/internal/core/tldr.go:48.2,53.49 5 0
github.com/bladeacer/ocd/internal/core/tldr.go:53.49,54.70 1 0
github.com/bladeacer/ocd/internal/core/tldr.go:54.70,58.4 3 0
github.com/bladeacer/ocd/internal/core/tldr.go:58.9,58.77 1 0
github.com/bladeacer/ocd/internal/core/tldr.go:58.77,62.4 3 0
github.com/bladeacer/ocd/internal/core/tldr.go:62.9,62.114 1 0
github.com/bladeacer/ocd/internal/core/tldr.go:62.114,63.47 1 0
github.com/bladeacer/ocd/internal/core/tldr.go:63.47,65.5 1 0
github.com/bladeacer/ocd/internal/core/tldr.go:69.2,69.38 1 0
github.com/bladeacer/ocd/internal/core/tldr.go:69.38,70.42 1 0
github.com/bladeacer/ocd/internal/core/tldr.go:70.42,76.4 1 0
github.com/bladeacer/ocd/internal/core/tldr.go:76.9,78.4 1 0
github.com/bladeacer/ocd/internal/core/tldr.go:80.2,80.32 1 0
github.com/bladeacer/ocd/internal/core/tldr.go:80.32,81.36 1 0
github.com/bladeacer/ocd/internal/core/tldr.go:81.36,83.4 1 0
github.com/bladeacer/ocd/internal/core/tldr.go:86.2,86.10 1 0
github.com/bladeacer/ocd/internal/core/tldr.go:89.155,90.48 1 0
github.com/bladeacer/ocd/internal/core/tldr.go:90.48,95.20 5 0
github.com/bladeacer/ocd/internal/core/tldr.go:95.20,97.4 1 0
github.com/bladeacer/ocd/internal/core/tldr.go:97.9,97.27 1 0
github.com/bladeacer/ocd/internal/core/tldr.go:97.27,99.4 1 0
github.com/bladeacer/ocd/internal/core/tldr.go:102.2,102.60 1 0
github.com/bladeacer/ocd/internal/core/tldr.go:102.60,103.31 1 0
github.com/bladeacer/ocd/internal/core/tldr.go:103.31,105.21 2 0
github.com/bladeacer/ocd/internal/core/tldr.go:105.21,107.5 1 0
github.com/bladeacer/ocd/internal/core/tldr.go:107.10,107.28 1 0
github.com/bladeacer/ocd/internal/core/tldr.go:107.28,109.5 1 0
github.com/bladeacer/ocd/internal/core/tldr.go:113.2,113.38 1 0
github.com/bladeacer/ocd/internal/core/tldr.go:113.38,115.3 1 0
github.com/bladeacer/ocd/internal/core/tldr.go:118.61,119.16 1 0
github.com/bladeacer/ocd/internal/core/tldr.go:119.16,121.3 1 0
github.com/bladeacer/ocd/internal/core/tldr.go:122.2,123.23 2 0
github.com/bladeacer/ocd/internal/core/tldr.go:123.23,125.3 1 0
github.com/bladeacer/ocd/internal/core/tldr.go:126.2,126.11 1 0
github.com/bladeacer/ocd/internal/core/tldr.go:129.40,132.2 2 0
github.com/bladeacer/ocd/internal/core/tldr.go:134.42,137.22 3 0
github.com/bladeacer/ocd/internal/core/tldr.go:137.22,139.3 1 0
github.com/bladeacer/ocd/internal/core/tldr.go:140.2,140.11 1 0
github.com/bladeacer/ocd/internal/core/tldr.go:143.38,145.53 2 0
github.com/bladeacer/ocd/internal/core/tldr.go:145.53,147.3 1 0
github.com/bladeacer/ocd/internal/core/tldr.go:148.2,148.26 1 0
github.com/bladeacer/ocd/internal/core/tldr.go:148.26,149.32 1 0
github.com/bladeacer/ocd/internal/core/tldr.go:149.32,151.4 1 0
github.com/bladeacer/ocd/internal/core/tldr.go:151.9,151.39 1 0
github.com/bladeacer/ocd/internal/core/tldr.go:151.39,153.4 1 0
github.com/bladeacer/ocd/internal/core/tldr.go:153.9,155.4 1 0
github.com/bladeacer/ocd/internal/core/tldr.go:157.2,157.14 1 0
github.com/bladeacer/ocd/internal/core/tldr.go:160.52,163.2 2 0
github.com/bladeacer/ocd/internal/core/tldr.go:165.52,168.2 2 0
github.com/bladeacer/ocd/internal/core/tldr.go:170.52,187.42 4 0
github.com/bladeacer/ocd/internal/core/tldr.go:187.42,189.3 1 0
github.com/bladeacer/ocd/internal/core/tldr.go:190.2,190.25 1 0
github.com/bladeacer/ocd/internal/core/tldr.go:193.38,202.2 8 0
github.com/bladeacer/ocd/internal/sources/docker.go:20.32,22.2 1 0
github.com/bladeacer/ocd/internal/sources/docker.go:24.35,24.54 1 0
github.com/bladeacer/ocd/internal/sources/docker.go:39.57,43.16 3 0
github.com/bladeacer/ocd/internal/sources/docker.go:43.16,45.17 2 0
github.com/bladeacer/ocd/internal/sources/docker.go:45.17,47.4 1 0
github.com/bladeacer/ocd/internal/sources/docker.go:48.3,48.39 1 0
github.com/bladeacer/ocd/internal/sources/docker.go:48.39,51.4 2 0
github.com/bladeacer/ocd/internal/sources/docker.go:53.3,54.66 2 0
github.com/bladeacer/ocd/internal/sources/docker.go:54.66,57.4 2 0
github.com/bladeacer/ocd/internal/sources/docker.go:58.3,60.39 2 0
github.com/bladeacer/ocd/internal/sources/docker.go:60.39,61.45 1 0
github.com/bladeacer/ocd/internal/sources/docker.go:61.45,62.13 1 0
github.com/bladeacer/ocd/internal/sources/docker.go:64.4,68.44 4 0
github.com/bladeacer/ocd/internal/sources/docker.go:68.44,69.13 1 0
github.com/bladeacer/ocd/internal/sources/docker.go:72.4,76.6 1 0
github.com/bladeacer/ocd/internal/sources/docker.go:78.3,78.18 1 0
github.com/bladeacer/ocd/internal/sources/docker.go:81.2,81.18 1 0
github.com/bladeacer/ocd/internal/sources/electron.go:18.30,20.2 1 0
github.com/bladeacer/ocd/internal/sources/electron.go:22.34,22.55 1 0
github.com/bladeacer/ocd/internal/sources/electron.go:24.56,26.16 2 0
github.com/bladeacer/ocd/internal/sources/electron.go:26.16,28.3 1 0
github.com/bladeacer/ocd/internal/sources/electron.go:29.2,31.38 2 0
github.com/bladeacer/ocd/internal/sources/electron.go:31.38,33.3 1 0
github.com/bladeacer/ocd/internal/sources/electron.go:35.2,36.64 2 0
github.com/bladeacer/ocd/internal/sources/electron.go:36.64,38.3 1 0
github.com/bladeacer/ocd/internal/sources/electron.go:40.2,40.37 1 0
github.com/bladeacer/ocd/internal/sources/fetcher.go:22.42,29.2 1 0
github.com/bladeacer/ocd/internal/sources/fetcher.go:31.60,38.20 5 0
github.com/bladeacer/ocd/internal/sources/fetcher.go:38.20,39.10 1 0
github.com/bladeacer/ocd/internal/sources/fetcher.go:40.21,41.20 1 0
github.com/bladeacer/ocd/internal/sources/fetcher.go:42.11,42.11 0 0
github.com/bladeacer/ocd/internal/sources/fetcher.go:44.3,44.13 1 0
github.com/bladeacer/ocd/internal/sources/fetcher.go:44.13,46.63 2 0
github.com/bladeacer/ocd/internal/sources/fetcher.go:46.63,49.5 2 0
github.com/bladeacer/ocd/internal/sources/fetcher.go:51.3,52.17 2 0
github.com/bladeacer/ocd/internal/sources/fetcher.go:52.17,54.4 1 0
github.com/bladeacer/ocd/internal/sources/fetcher.go:55.3,55.59 1 0
github.com/bladeacer/ocd/internal/sources/fetcher.go:55.59,57.4 1 0
github.com/bladeacer/ocd/internal/sources/fetcher.go:58.3,59.13 2 0
github.com/bladeacer/ocd/internal/sources/fetcher.go:62.2,62.20 1 0
github.com/bladeacer/ocd/internal/sources/fetcher.go:62.20,63.10 1 0
github.com/bladeacer/ocd/internal/sources/fetcher.go:64.21,65.20 1 0
github.com/bladeacer/ocd/internal/sources/fetcher.go:66.11,66.11 0 0
github.com/bladeacer/ocd/internal/sources/fetcher.go:68.3,68.13 1 0
github.com/bladeacer/ocd/internal/sources/fetcher.go:68.13,70.66 2 0
github.com/bladeacer/ocd/internal/sources/fetcher.go:70.66,73.5 2 0
github.com/bladeacer/ocd/internal/sources/fetcher.go:75.3,76.17 2 0
github.com/bladeacer/ocd/internal/sources/fetcher.go:76.17,78.4 1 0
github.com/bladeacer/ocd/internal/sources/fetcher.go:79.3,79.62 1 0
github.com/bladeacer/ocd/internal/sources/fetcher.go:79.62,81.4 1 0
github.com/bladeacer/ocd/internal/sources/fetcher.go:82.3,83.13 2 0
github.com/bladeacer/ocd/internal/sources/fetcher.go:86.2,86.20 1 0
github.com/bladeacer/ocd/internal/sources/fetcher.go:86.20,87.10 1 0
github.com/bladeacer/ocd/internal/sources/fetcher.go:88.21,89.20 1 0
github.com/bladeacer/ocd/internal/sources/fetcher.go:90.11,90.11 0 0
github.com/bladeacer/ocd/internal/sources/fetcher.go:92.3,92.13 1 0
github.com/bladeacer/ocd/internal/sources/fetcher.go:92.13,94.68 2 0
github.com/bladeacer/ocd/internal/sources/fetcher.go:94.68,97.5 2 0
github.com/bladeacer/ocd/internal/sources/fetcher.go:99.3,100.17 2 0
github.com/bladeacer/ocd/internal/sources/fetcher.go:100.17,102.4 1 0
github.com/bladeacer/ocd/internal/sources/fetcher.go:103.3,103.64 1 0
github.com/bladeacer/ocd/internal/sources/fetcher.go:103.64,105.4 1 0
github.com/bladeacer/ocd/internal/sources/fetcher.go:106.3,107.13 2 0
github.com/bladeacer/ocd/internal/sources/fetcher.go:110.2,110.33 1 0
github.com/bladeacer/ocd/internal/sources/fetcher.go:110.33,112.3 1 0
github.com/bladeacer/ocd/internal/sources/fetcher.go:113.2,113.16 1 0
github.com/bladeacer/ocd/internal/sources/rss.go:17.20,19.2 1 0
github.com/bladeacer/ocd/internal/sources/rss.go:21.29,21.45 1 0
github.com/bladeacer/ocd/internal/sources/rss.go:23.52,26.16 3 0
github.com/bladeacer/ocd/internal/sources/rss.go:26.16,28.3 1 0
github.com/bladeacer/ocd/internal/sources/rss.go:30.2,35.35 4 0
github.com/bladeacer/ocd/internal/sources/rss.go:35.35,37.20 2 0
github.com/bladeacer/ocd/internal/sources/rss.go:37.20,38.12 1 0
github.com/bladeacer/ocd/internal/sources/rss.go:40.3,43.47 3 0
github.com/bladeacer/ocd/internal/sources/rss.go:43.47,45.4 1 0
github.com/bladeacer/ocd/internal/sources/rss.go:47.3,51.26 3 0
github.com/bladeacer/ocd/internal/sources/rss.go:51.26,53.22 2 0
github.com/bladeacer/ocd/internal/sources/rss.go:53.22,55.5 1 0
github.com/bladeacer/ocd/internal/sources/rss.go:56.9,56.37 1 0
github.com/bladeacer/ocd/internal/sources/rss.go:56.37,58.22 2 0
github.com/bladeacer/ocd/internal/sources/rss.go:58.22,60.5 1 0
github.com/bladeacer/ocd/internal/sources/rss.go:63.3,64.17 2 0
github.com/bladeacer/ocd/internal/sources/rss.go:64.17,66.4 1 0
github.com/bladeacer/ocd/internal/sources/rss.go:68.3,75.5 1 0
github.com/bladeacer/ocd/internal/sources/rss.go:78.2,78.24 1 0
github.com/bladeacer/ocd/internal/sources/rss.go:78.24,80.3 1 0
github.com/bladeacer/ocd/internal/sources/rss.go:82.2,83.22 2 0
github.com/bladeacer/ocd/internal/sources/rss.go:86.69,91.40 4 0
github.com/bladeacer/ocd/internal/sources/rss.go:91.40,92.31 1 0
github.com/bladeacer/ocd/internal/sources/rss.go:92.31,94.4 1 0
github.com/bladeacer/ocd/internal/sources/rss.go:94.9,96.4 1 0
github.com/bladeacer/ocd/internal/sources/rss.go:98.2,98.15 1 0
github.com/bladeacer/ocd/internal/tui/diffmodel.go:85.57,97.2 5 0
github.com/bladeacer/ocd/internal/tui/diffmodel.go:99.36,101.2 1 0
github.com/bladeacer/ocd/internal/tui/diffmodel.go:103.29,104.21 1 0
github.com/bladeacer/ocd/internal/tui/diffmodel.go:104.21,106.3 1 0
github.com/bladeacer/ocd/internal/tui/diffmodel.go:108.2,108.27 1 0
github.com/bladeacer/ocd/internal/tui/diffmodel.go:108.27,111.3 2 0
github.com/bladeacer/ocd/internal/tui/diffmodel.go:113.2,113.23 1 0
github.com/bladeacer/ocd/internal/tui/diffmodel.go:113.23,116.3 2 0
github.com/bladeacer/ocd/internal/tui/diffmodel.go:118.2,128.27 10 0
github.com/bladeacer/ocd/internal/tui/diffmodel.go:128.27,129.36 1 0
github.com/bladeacer/ocd/internal/tui/diffmodel.go:129.36,134.12 5 0
github.com/bladeacer/ocd/internal/tui/diffmodel.go:137.3,137.71 1 0
github.com/bladeacer/ocd/internal/tui/diffmodel.go:137.71,139.12 2 0
github.com/bladeacer/ocd/internal/tui/diffmodel.go:142.3,142.28 1 0
github.com/bladeacer/ocd/internal/tui/diffmodel.go:142.28,144.12 2 0
github.com/bladeacer/ocd/internal/tui/diffmodel.go:147.3,147.10 1 0
github.com/bladeacer/ocd/internal/tui/diffmodel.go:148.72,154.14 3 0
github.com/bladeacer/ocd/internal/tui/diffmodel.go:156.72,162.14 3 0
github.com/bladeacer/ocd/internal/tui/diffmodel.go:164.11,170.14 3 0
github.com/bladeacer/ocd/internal/tui/diffmodel.go:174.2,174.12 1 0
github.com/bladeacer/ocd/internal/tui/diffmodel.go:177.57,180.48 3 0
github.com/bladeacer/ocd/internal/tui/diffmodel.go:180.48,182.3 1 0
github.com/bladeacer/ocd/internal/tui/diffmodel.go:183.2,183.48 1 0
github.com/bladeacer/ocd/internal/tui/diffmodel.go:183.48,185.3 1 0
github.com/bladeacer/ocd/internal/tui/diffmodel.go:186.2,187.26 2 0
github.com/bladeacer/ocd/internal/tui/diffmodel.go:187.26,188.32 1 0
github.com/bladeacer/ocd/internal/tui/diffmodel.go:188.32,190.13 2 0
github.com/bladeacer/ocd/internal/tui/diffmodel.go:190.13,192.5 1 0
github.com/bladeacer/ocd/internal/tui/diffmodel.go:194.3,194.32 1 0
github.com/bladeacer/ocd/internal/tui/diffmodel.go:194.32,196.13 2 0
github.com/bladeacer/ocd/internal/tui/diffmodel.go:196.13,198.5 1 0
github.com/bladeacer/ocd/internal/tui/diffmodel.go:201.2,201.8 1 0
github.com/bladeacer/ocd/internal/tui/diffmodel.go:204.36,206.22 2 0
github.com/bladeacer/ocd/internal/tui/diffmodel.go:206.22,207.27 1 0
github.com/bladeacer/ocd/internal/tui/diffmodel.go:207.27,209.4 1 0
github.com/bladeacer/ocd/internal/tui/diffmodel.go:209.9,210.9 1 0
github.com/bladeacer/ocd/internal/tui/diffmodel.go:213.2,213.10 1 0
github.com/bladeacer/ocd/internal/tui/diffmodel.go:216.43,222.18 4 0
github.com/bladeacer/ocd/internal/tui/diffmodel.go:222.18,224.3 1 0
github.com/bladeacer/ocd/internal/tui/diffmodel.go:225.2,225.10 1 0
github.com/bladeacer/ocd/internal/tui/diffmodel.go:228.50,230.15 2 0
github.com/bladeacer/ocd/internal/tui/diffmodel.go:230.15,232.3 1 0
github.com/bladeacer/ocd/internal/tui/diffmodel.go:233.2,235.29 3 0
github.com/bladeacer/ocd/internal/tui/diffmodel.go:235.29,237.3 1 0
github.com/bladeacer/ocd/internal/tui/diffmodel.go:238.2,238.29 1 0
github.com/bladeacer/ocd/internal/tui/diffmodel.go:238.29,240.3 1 0
github.com/bladeacer/ocd/internal/tui/diffmodel.go:241.2,247.90 5 0
github.com/bladeacer/ocd/internal/tui/diffmodel.go:250.30,252.18 2 0
github.com/bladeacer/ocd/internal/tui/diffmodel.go:252.18,254.3 1 0
github.com/bladeacer/ocd/internal/tui/diffmodel.go:254.8,256.3 1 0
github.com/bladeacer/ocd/internal/tui/diffmodel.go:257.2,257.24 1 0
github.com/bladeacer/ocd/internal/tui/diffmodel.go:260.42,264.19 3 0
github.com/bladeacer/ocd/internal/tui/diffmodel.go:264.19,266.3 1 0
github.com/bladeacer/ocd/internal/tui/diffmodel.go:268.2,268.38 1 0
github.com/bladeacer/ocd/internal/tui/diffmodel.go:268.38,270.3 1 0
github.com/bladeacer/ocd/internal/tui/diffmodel.go:272.2,272.37 1 0
github.com/bladeacer/ocd/internal/tui/diffmodel.go:272.37,275.3 2 0
github.com/bladeacer/ocd/internal/tui/diffmodel.go:277.2,277.38 1 0
github.com/bladeacer/ocd/internal/tui/diffmodel.go:277.38,279.3 1 0
github.com/bladeacer/ocd/internal/tui/diffmodel.go:281.2,282.163 2 0
github.com/bladeacer/ocd/internal/tui/diffmodel.go:282.163,285.35 2 0
github.com/bladeacer/ocd/internal/tui/diffmodel.go:285.35,289.4 3 0
github.com/bladeacer/ocd/internal/tui/diffmodel.go:292.2,292.109 1 0
github.com/bladeacer/ocd/internal/tui/diffmodel.go:292.109,294.3 1 0
github.com/bladeacer/ocd/internal/tui/diffmodel.go:296.2,296.13 1 0
github.com/bladeacer/ocd/internal/tui/diffmodel.go:299.75,300.17 1 0
github.com/bladeacer/ocd/internal/tui/diffmodel.go:300.17,302.3 1 0
github.com/bladeacer/ocd/internal/tui/diffmodel.go:303.2,307.6 5 0
github.com/bladeacer/ocd/internal/tui/diffmodel.go:307.6,309.14 2 0
github.com/bladeacer/ocd/internal/tui/diffmodel.go:309.14,311.9 2 0
github.com/bladeacer/ocd/internal/tui/diffmodel.go:313.3,316.27 4 0
github.com/bladeacer/ocd/internal/tui/diffmodel.go:318.2,318.21 1 0
github.com/bladeacer/ocd/internal/tui/diffmodel.go:321.55,330.30 7 0
github.com/bladeacer/ocd/internal/tui/diffmodel.go:330.30,333.73 2 0
github.com/bladeacer/ocd/internal/tui/diffmodel.go:333.73,335.4 1 0
github.com/bladeacer/ocd/internal/tui/diffmodel.go:337.3,339.22 2 0
github.com/bladeacer/ocd/internal/tui/diffmodel.go:339.22,340.76 1 0
github.com/bladeacer/ocd/internal/tui/diffmodel.go:340.76,342.122 2 0
github.com/bladeacer/ocd/internal/tui/diffmodel.go:342.122,344.6 1 0
github.com/bladeacer/ocd/internal/tui/diffmodel.go:345.5,347.13 3 0
github.com/bladeacer/ocd/internal/tui/diffmodel.go:351.3,351.40 1 0
github.com/bladeacer/ocd/internal/tui/diffmodel.go:351.40,352.93 1 0
github.com/bladeacer/ocd/internal/tui/diffmodel.go:352.93,354.5 1 0
github.com/bladeacer/ocd/internal/tui/diffmodel.go:355.9,355.34 1 0
github.com/bladeacer/ocd/internal/tui/diffmodel.go:355.34,357.4 1 0
github.com/bladeacer/ocd/internal/tui/diffmodel.go:359.3,360.22 2 0
github.com/bladeacer/ocd/internal/tui/diffmodel.go:364.58,366.15 2 0
github.com/bladeacer/ocd/internal/tui/diffmodel.go:366.15,368.3 1 0
github.com/bladeacer/ocd/internal/tui/diffmodel.go:369.2,378.27 8 0
github.com/bladeacer/ocd/internal/tui/diffmodel.go:378.27,383.23 5 0
github.com/bladeacer/ocd/internal/tui/diffmodel.go:383.23,385.4 1 0
github.com/bladeacer/ocd/internal/tui/diffmodel.go:386.3,386.23 1 0
github.com/bladeacer/ocd/internal/tui/diffmodel.go:386.23,388.4 1 0
github.com/bladeacer/ocd/internal/tui/diffmodel.go:390.3,390.17 1 0
github.com/bladeacer/ocd/internal/tui/diffmodel.go:391.23,393.130 2 0
github.com/bladeacer/ocd/internal/tui/diffmodel.go:393.130,395.5 1 0
github.com/bladeacer/ocd/internal/tui/diffmodel.go:396.4,398.12 3 0
github.com/bladeacer/ocd/internal/tui/diffmodel.go:399.23,403.12 4 0
github.com/bladeacer/ocd/internal/tui/diffmodel.go:404.18,406.12 2 0
github.com/bladeacer/ocd/internal/tui/diffmodel.go:409.3,417.22 6 0
github.com/bladeacer/ocd/internal/tui/diffmodel.go:417.22,419.76 2 0
github.com/bladeacer/ocd/internal/tui/diffmodel.go:419.76,421.122 2 0
github.com/bladeacer/ocd/internal/tui/diffmodel.go:421.122,423.6 1 0
github.com/bladeacer/ocd/internal/tui/diffmodel.go:424.5,424.55 1 0
github.com/bladeacer/ocd/internal/tui/diffmodel.go:426.9,426.47 1 0
github.com/bladeacer/ocd/internal/tui/diffmodel.go:426.47,427.83 1 0
github.com/bladeacer/ocd/internal/tui/diffmodel.go:427.83,429.5 1 0
github.com/bladeacer/ocd/internal/tui/diffmodel.go:430.9,430.89 1 0
github.com/bladeacer/ocd/internal/tui/diffmodel.go:430.89,432.4 1 0
github.com/bladeacer/ocd/internal/tui/diffmodel.go:434.3,435.22 2 0
github.com/bladeacer/ocd/internal/tui/diffmodel.go:439.81,440.19 1 0
github.com/bladeacer/ocd/internal/tui/diffmodel.go:440.19,442.3 1 0
github.com/bladeacer/ocd/internal/tui/diffmodel.go:443.2,444.15 2 0
github.com/bladeacer/ocd/internal/tui/diffmodel.go:444.15,446.3 1 0
github.com/bladeacer/ocd/internal/tui/diffmodel.go:446.8,448.3 1 0
github.com/bladeacer/ocd/internal/tui/diffmodel.go:449.2,451.20 3 0
github.com/bladeacer/ocd/internal/tui/diffmodel.go:451.20,453.3 1 0
github.com/bladeacer/ocd/internal/tui/diffmodel.go:454.2,454.36 1 0
github.com/bladeacer/ocd/internal/tui/diffmodel.go:454.36,457.22 3 0
github.com/bladeacer/ocd/internal/tui/diffmodel.go:457.22,459.26 2 0
github.com/bladeacer/ocd/internal/tui/diffmodel.go:459.26,461.5 1 0
github.com/bladeacer/ocd/internal/tui/diffmodel.go:462.4,464.22 3 0
github.com/bladeacer/ocd/internal/tui/diffmodel.go:464.22,466.5 1 0
github.com/bladeacer/ocd/internal/tui/diffmodel.go:467.4,467.28 1 0
github.com/bladeacer/ocd/internal/tui/diffmodel.go:469.3,471.18 3 0
github.com/bladeacer/ocd/internal/tui/diffmodel.go:471.18,472.39 1 0
github.com/bladeacer/ocd/internal/tui/diffmodel.go:472.39,474.5 1 0
github.com/bladeacer/ocd/internal/tui/diffmodel.go:474.10,474.46 1 0
github.com/bladeacer/ocd/internal/tui/diffmodel.go:474.46,476.5 1 0
github.com/bladeacer/ocd/internal/tui/diffmodel.go:478.3,478.16 1 0
github.com/bladeacer/ocd/internal/tui/diffmodel.go:480.2,482.17 3 0
github.com/bladeacer/ocd/internal/tui/diffmodel.go:482.17,483.38 1 0
github.com/bladeacer/ocd/internal/tui/diffmodel.go:483.38,485.4 1 0
github.com/bladeacer/ocd/internal/tui/diffmodel.go:485.9,485.45 1 0
github.com/bladeacer/ocd/internal/tui/diffmodel.go:485.45,487.4 1 0
github.com/bladeacer/ocd/internal/tui/diffmodel.go:489.2,489.15 1 0
github.com/bladeacer/ocd/internal/tui/diffmodel.go:500.49,502.30 2 0
github.com/bladeacer/ocd/internal/tui/diffmodel.go:502.30,503.18 1 0
github.com/bladeacer/ocd/internal/tui/diffmodel.go:504.20,511.6 1 0
github.com/bladeacer/ocd/internal/tui/diffmodel.go:512.16,519.6 1 0
github.com/bladeacer/ocd/internal/tui/diffmodel.go:520.16,527.6 1 0
github.com/bladeacer/ocd/internal/tui/diffmodel.go:528.23,533.6 1 0
github.com/bladeacer/ocd/internal/tui/diffmodel.go:534.23,539.6 1 0
github.com/bladeacer/ocd/internal/tui/diffmodel.go:540.11,545.6 1 0
github.com/bladeacer/ocd/internal/tui/diffmodel.go:548.2,548.15 1 0
github.com/bladeacer/ocd/internal/tui/diffmodel.go:551.80,554.23 3 0
github.com/bladeacer/ocd/internal/tui/diffmodel.go:554.23,556.3 1 0
github.com/bladeacer/ocd/internal/tui/diffmodel.go:557.2,557.23 1 0
github.com/bladeacer/ocd/internal/tui/diffmodel.go:557.23,559.3 1 0
github.com/bladeacer/ocd/internal/tui/diffmodel.go:560.2,562.17 2 0
github.com/bladeacer/ocd/internal/tui/diffmodel.go:563.22,566.4 1 0
github.com/bladeacer/ocd/internal/tui/diffmodel.go:567.15,570.4 1 0
github.com/bladeacer/ocd/internal/tui/diffmodel.go:571.15,574.4 1 0
github.com/bladeacer/ocd/internal/tui/diffmodel.go:575.22,578.4 1 0
github.com/bladeacer/ocd/internal/tui/diffmodel.go:579.17,580.12 1 0
github.com/bladeacer/ocd/internal/tui/diffmodel.go:581.10,582.64 1 0
github.com/bladeacer/ocd/internal/tui/diffmodel.go:586.39,587.12 1 0
github.com/bladeacer/ocd/internal/tui/diffmodel.go:587.12,589.3 1 0
github.com/bladeacer/ocd/internal/tui/diffmodel.go:590.2,591.21 2 0
github.com/bladeacer/ocd/internal/tui/diffmodel.go:591.21,593.3 1 0
github.com/bladeacer/ocd/internal/tui/diffmodel.go:594.2,594.11 1 0
github.com/bladeacer/ocd/internal/tui/diffmodel.go:594.11,596.3 1 0
github.com/bladeacer/ocd/internal/tui/diffmodel.go:597.2,597.26 1 0
github.com/bladeacer/ocd/internal/tui/diffmodel.go:600.39,601.17 1 0
github.com/bladeacer/ocd/internal/tui/diffmodel.go:601.17,603.3 1 0
github.com/bladeacer/ocd/internal/tui/diffmodel.go:604.2,604.42 1 0
github.com/bladeacer/ocd/internal/tui/diffmodel.go:607.33,610.22 3 0
github.com/bladeacer/ocd/internal/tui/diffmodel.go:610.22,611.18 1 0
github.com/bladeacer/ocd/internal/tui/diffmodel.go:611.18,613.12 2 0
github.com/bladeacer/ocd/internal/tui/diffmodel.go:615.3,615.15 1 0
github.com/bladeacer/ocd/internal/tui/diffmodel.go:615.15,616.56 1 0
github.com/bladeacer/ocd/internal/tui/diffmodel.go:616.56,618.5 1 0
github.com/bladeacer/ocd/internal/tui/diffmodel.go:619.4,619.12 1 0
github.com/bladeacer/ocd/internal/tui/diffmodel.go:621.3,621.19 1 0
github.com/bladeacer/ocd/internal/tui/diffmodel.go:623.2,623.21 1 0
github.com/bladeacer/ocd/internal/tui/diffmodel.go:626.39,627.21 1 0
github.com/bladeacer/ocd/internal/tui/diffmodel.go:627.21,629.3 1 0
github.com/bladeacer/ocd/internal/tui/diffmodel.go:630.2,633.14 4 0
github.com/bladeacer/ocd/internal/tui/diffmodel.go:633.14,635.3 1 0
github.com/bladeacer/ocd/internal/tui/diffmodel.go:638.57,640.18 2 0
github.com/bladeacer/ocd/internal/tui/diffmodel.go:640.18,642.3 1 0
github.com/bladeacer/ocd/internal/tui/diffmodel.go:643.2,643.11 1 0
github.com/bladeacer/ocd/internal/tui/diffmodel.go:643.11,645.3 1 0
github.com/bladeacer/ocd/internal/tui/diffmodel.go:646.2,646.10 1 0
github.com/bladeacer/ocd/internal/tui/diffmodel.go:649.62,650.27 1 0
github.com/bladeacer/ocd/internal/tui/diffmodel.go:651.25,657.16 6 0
github.com/bladeacer/ocd/internal/tui/diffmodel.go:659.18,660.19 1 0
github.com/bladeacer/ocd/internal/tui/diffmodel.go:660.19,662.4 1 0
github.com/bladeacer/ocd/internal/tui/diffmodel.go:663.3,663.32 1 0
github.com/bladeacer/ocd/internal/tui/diffmodel.go:666.2,668.15 3 0
github.com/bladeacer/ocd/internal/tui/diffmodel.go:679.74,680.22 1 0
github.com/bladeacer/ocd/internal/tui/diffmodel.go:681.27,686.16 5 0
github.com/bladeacer/ocd/internal/tui/diffmodel.go:688.24,693.33 5 0
github.com/bladeacer/ocd/internal/tui/diffmodel.go:693.33,695.4 1 0
github.com/bladeacer/ocd/internal/tui/diffmodel.go:696.3,698.33 3 0
github.com/bladeacer/ocd/internal/tui/diffmodel.go:698.33,700.4 1 0
github.com/bladeacer/ocd/internal/tui/diffmodel.go:701.3,701.16 1 0
github.com/bladeacer/ocd/internal/tui/diffmodel.go:703.20,705.19 2 0
github.com/bladeacer/ocd/internal/tui/diffmodel.go:705.19,707.4 1 0
github.com/bladeacer/ocd/internal/tui/diffmodel.go:708.3,710.16 3 0
github.com/bladeacer/ocd/internal/tui/diffmodel.go:713.2,713.28 1 0
github.com/bladeacer/ocd/internal/tui/diffmodel.go:713.28,718.3 4 0
github.com/bladeacer/ocd/internal/tui/diffmodel.go:720.2,720.15 1 0
github.com/bladeacer/ocd/internal/tui/diffmodel.go:723.42,726.21 3 0
github.com/bladeacer/ocd/internal/tui/diffmodel.go:726.21,728.3 1 0
github.com/bladeacer/ocd/internal/tui/diffmodel.go:729.2,730.30 2 0
github.com/bladeacer/ocd/internal/tui/diffmodel.go:730.30,731.52 1 0
github.com/bladeacer/ocd/internal/tui/diffmodel.go:731.52,733.4 1 0
github.com/bladeacer/ocd/internal/tui/diffmodel.go:737.37,738.33 1 0
github.com/bladeacer/ocd/internal/tui/diffmodel.go:738.33,740.3 1 0
github.com/bladeacer/ocd/internal/tui/diffmodel.go:741.2,743.27 3 0
github.com/bladeacer/ocd/internal/tui/diffmodel.go:743.27,745.3 1 0
github.com/bladeacer/ocd/internal/tui/diffmodel.go:748.74,751.16 2 0
github.com/bladeacer/ocd/internal/tui/diffmodel.go:751.16,755.3 3 0
github.com/bladeacer/ocd/internal/tui/diffmodel.go:757.2,757.35 1 0
github.com/bladeacer/ocd/internal/tui/diffmodel.go:757.35,761.3 3 0
github.com/bladeacer/ocd/internal/tui/diffmodel.go:763.2,763.22 1 0
github.com/bladeacer/ocd/internal/tui/diffmodel.go:763.22,766.19 3 0
github.com/bladeacer/ocd/internal/tui/diffmodel.go:766.19,771.4 4 0
github.com/bladeacer/ocd/internal/tui/diffmodel.go:772.3,772.16 1 0
github.com/bladeacer/ocd/internal/tui/diffmodel.go:775.2,775.16 1 0
github.com/bladeacer/ocd/internal/tui/diffmodel.go:775.16,778.14 3 0
github.com/bladeacer/ocd/internal/tui/diffmodel.go:779.12,781.26 2 0
github.com/bladeacer/ocd/internal/tui/diffmodel.go:781.26,784.30 3 0
github.com/bladeacer/ocd/internal/tui/diffmodel.go:784.30,786.6 1 0
github.com/bladeacer/ocd/internal/tui/diffmodel.go:787.5,788.19 2 0
github.com/bladeacer/ocd/internal/tui/diffmodel.go:788.19,790.6 1 0
github.com/bladeacer/ocd/internal/tui/diffmodel.go:792.4,793.17 2 0
github.com/bladeacer/ocd/internal/tui/diffmodel.go:794.12,796.26 2 0
github.com/bladeacer/ocd/internal/tui/diffmodel.go:796.26,798.30 2 0
github.com/bladeacer/ocd/internal/tui/diffmodel.go:798.30,800.6 1 0
github.com/bladeacer/ocd/internal/tui/diffmodel.go:802.4,803.17 2 0
github.com/bladeacer/ocd/internal/tui/diffmodel.go:804.12,805.26 1 0
github.com/bladeacer/ocd/internal/tui/diffmodel.go:805.26,810.24 5 0
github.com/bladeacer/ocd/internal/tui/diffmodel.go:810.24,812.6 1 0
github.com/bladeacer/ocd/internal/tui/diffmodel.go:812.11,813.31 1 0
github.com/bladeacer/ocd/internal/tui/diffmodel.go:813.31,815.7 1 0
github.com/bladeacer/ocd/internal/tui/diffmodel.go:818.4,819.17 2 0
github.com/bladeacer/ocd/internal/tui/diffmodel.go:821.3,822.16 2 0
github.com/bladeacer/ocd/internal/tui/diffmodel.go:825.2,825.13 1 0
github.com/bladeacer/ocd/internal/tui/diffmodel.go:826.11,830.16 4 0
github.com/bladeacer/ocd/internal/tui/diffmodel.go:831.11,835.16 4 0
github.com/bladeacer/ocd/internal/tui/diffmodel.go:837.11,841.52 4 0
github.com/bladeacer/ocd/internal/tui/diffmodel.go:841.52,848.4 6 0
github.com/bladeacer/ocd/internal/tui/diffmodel.go:849.3,850.12 2 0
github.com/bladeacer/ocd/internal/tui/diffmodel.go:850.12,852.4 1 0
github.com/bladeacer/ocd/internal/tui/diffmodel.go:853.3,853.26 1 0
github.com/bladeacer/ocd/internal/tui/diffmodel.go:853.26,855.4 1 0
github.com/bladeacer/ocd/internal/tui/diffmodel.go:856.3,857.16 2 0
github.com/bladeacer/ocd/internal/tui/diffmodel.go:858.11,862.52 4 0
github.com/bladeacer/ocd/internal/tui/diffmodel.go:862.52,869.4 6 0
github.com/bladeacer/ocd/internal/tui/diffmodel.go:870.3,871.12 2 0
github.com/bladeacer/ocd/internal/tui/diffmodel.go:871.12,873.4 1 0
github.com/bladeacer/ocd/internal/tui/diffmodel.go:874.3,874.26 1 0
github.com/bladeacer/ocd/internal/tui/diffmodel.go:874.26,876.4 1 0
github.com/bladeacer/ocd/internal/tui/diffmodel.go:877.3,878.16 2 0
github.com/bladeacer/ocd/internal/tui/diffmodel.go:880.19,883.12 3 0
github.com/bladeacer/ocd/internal/tui/diffmodel.go:883.12,885.4 1 0
github.com/bladeacer/ocd/internal/tui/diffmodel.go:886.3,888.16 3 0
github.com/bladeacer/ocd/internal/tui/diffmodel.go:890.17,893.12 3 0
github.com/bladeacer/ocd/internal/tui/diffmodel.go:893.12,895.4 1 0
github.com/bladeacer/ocd/internal/tui/diffmodel.go:896.3,898.16 3 0
github.com/bladeacer/ocd/internal/tui/diffmodel.go:900.11,906.39 6 0
github.com/bladeacer/ocd/internal/tui/diffmodel.go:906.39,908.4 1 0
github.com/bladeacer/ocd/internal/tui/diffmodel.go:909.3,909.16 1 0
github.com/bladeacer/ocd/internal/tui/diffmodel.go:911.11,913.17 2 0
github.com/bladeacer/ocd/internal/tui/diffmodel.go:913.17,916.4 2 0
github.com/bladeacer/ocd/internal/tui/diffmodel.go:916.9,918.4 1 0
github.com/bladeacer/ocd/internal/tui/diffmodel.go:919.3,920.16 2 0
github.com/bladeacer/ocd/internal/tui/diffmodel.go:921.11,926.16 5 0
github.com/bladeacer/ocd/internal/tui/diffmodel.go:928.11,930.17 2 0
github.com/bladeacer/ocd/internal/tui/diffmodel.go:930.17,933.26 3 0
github.com/bladeacer/ocd/internal/tui/diffmodel.go:933.26,936.30 3 0
github.com/bladeacer/ocd/internal/tui/diffmodel.go:936.30,938.6 1 0
github.com/bladeacer/ocd/internal/tui/diffmodel.go:939.5,940.19 2 0
github.com/bladeacer/ocd/internal/tui/diffmodel.go:940.19,942.6 1 0
github.com/bladeacer/ocd/internal/tui/diffmodel.go:944.9,946.4 1 0
github.com/bladeacer/ocd/internal/tui/diffmodel.go:947.3,948.16 2 0
github.com/bladeacer/ocd/internal/tui/diffmodel.go:950.11,958.16 8 0
github.com/bladeacer/ocd/internal/tui/diffmodel.go:960.11,963.17 3 0
github.com/bladeacer/ocd/internal/tui/diffmodel.go:963.17,966.4 2 0
github.com/bladeacer/ocd/internal/tui/diffmodel.go:967.3,968.16 2 0
github.com/bladeacer/ocd/internal/tui/diffmodel.go:970.11,974.24 4 0
github.com/bladeacer/ocd/internal/tui/diffmodel.go:976.11,980.29 4 0
github.com/bladeacer/ocd/internal/tui/diffmodel.go:982.11,987.24 5 0
github.com/bladeacer/ocd/internal/tui/diffmodel.go:989.11,995.16 6 0
github.com/bladeacer/ocd/internal/tui/diffmodel.go:997.15,1001.16 4 0
github.com/bladeacer/ocd/internal/tui/diffmodel.go:1003.15,1007.16 4 0
github.com/bladeacer/ocd/internal/tui/diffmodel.go:1010.2,1010.16 1 0
github.com/bladeacer/ocd/internal/tui/diffmodel.go:1010.16,1013.3 2 0
github.com/bladeacer/ocd/internal/tui/diffmodel.go:1014.2,1018.53 4 0
github.com/bladeacer/ocd/internal/tui/diffmodel.go:1018.53,1020.25 2 0
github.com/bladeacer/ocd/internal/tui/diffmodel.go:1020.25,1023.4 2 0
github.com/bladeacer/ocd/internal/tui/diffmodel.go:1026.2,1028.15 3 0
github.com/bladeacer/ocd/internal/tui/diffmodel.go:1031.53,1033.52 2 0
github.com/bladeacer/ocd/internal/tui/diffmodel.go:1033.52,1035.3 1 0
github.com/bladeacer/ocd/internal/tui/diffmodel.go:1036.2,1036.34 1 0
github.com/bladeacer/ocd/internal/tui/diffmodel.go:1039.40,1040.24 1 0
github.com/bladeacer/ocd/internal/tui/diffmodel.go:1040.24,1041.26 1 0
github.com/bladeacer/ocd/internal/tui/diffmodel.go:1041.26,1043.4 1 0
github.com/bladeacer/ocd/internal/tui/diffmodel.go:1044.3,1046.39 3 0
github.com/bladeacer/ocd/internal/tui/diffmodel.go:1046.39,1048.4 1 0
github.com/bladeacer/ocd/internal/tui/diffmodel.go:1049.3,1050.50 2 0
github.com/bladeacer/ocd/internal/tui/diffmodel.go:1050.50,1052.4 1 0
github.com/bladeacer/ocd/internal/tui/diffmodel.go:1053.3,1053.13 1 0
github.com/bladeacer/ocd/internal/tui/diffmodel.go:1057.47,1058.24 1 0
github.com/bladeacer/ocd/internal/tui/diffmodel.go:1058.24,1059.61 1 0
github.com/bladeacer/ocd/internal/tui/diffmodel.go:1059.61,1061.4 1 0
github.com/bladeacer/ocd/internal/tui/diffmodel.go:1062.3,1063.42 2 0
github.com/bladeacer/ocd/internal/tui/diffmodel.go:1063.42,1065.37 2 0
github.com/bladeacer/ocd/internal/tui/diffmodel.go:1065.37,1066.60 1 0
github.com/bladeacer/ocd/internal/tui/diffmodel.go:1066.60,1068.6 1 0
github.com/bladeacer/ocd/internal/tui/diffmodel.go:1070.4,1070.51 1 0
github.com/bladeacer/ocd/internal/tui/diffmodel.go:1070.51,1072.5 1 0
github.com/bladeacer/ocd/internal/tui/diffmodel.go:1074.3,1074.13 1 0
github.com/bladeacer/ocd/internal/tui/diffmodel.go:1078.39,1079.24 1 0
github.com/bladeacer/ocd/internal/tui/diffmodel.go:1079.24,1080.22 1 0
github.com/bladeacer/ocd/internal/tui/diffmodel.go:1080.22,1082.4 1 0
github.com/bladeacer/ocd/internal/tui/diffmodel.go:1083.3,1083.26 1 0
github.com/bladeacer/ocd/internal/tui/diffmodel.go:1083.26,1087.4 3 0
github.com/bladeacer/ocd/internal/tui/diffmodel.go:1088.3,1093.13 6 0
github.com/bladeacer/ocd/internal/tui/diffmodel.go:1097.58,1099.16 2 0
github.com/bladeacer/ocd/internal/tui/diffmodel.go:1100.14,1101.44 1 0
github.com/bladeacer/ocd/internal/tui/diffmodel.go:1102.14,1103.28 1 0
github.com/bladeacer/ocd/internal/tui/diffmodel.go:1104.10,1108.21 4 0
github.com/bladeacer/ocd/internal/tui/diffmodel.go:1110.2,1110.32 1 0
github.com/bladeacer/ocd/internal/tui/diffmodel.go:1113.39,1114.24 1 0
github.com/bladeacer/ocd/internal/tui/diffmodel.go:1114.24,1116.50 2 0
github.com/bladeacer/ocd/internal/tui/diffmodel.go:1116.50,1118.4 1 0
github.com/bladeacer/ocd/internal/tui/diffmodel.go:1119.3,1119.13 1 0
github.com/bladeacer/ocd/internal/tui/diffmodel.go:1123.44,1125.16 2 0
github.com/bladeacer/ocd/internal/tui/diffmodel.go:1125.16,1127.3 1 0
github.com/bladeacer/ocd/internal/tui/diffmodel.go:1128.2,1129.56 2 0
github.com/bladeacer/ocd/internal/tui/diffmodel.go:1129.56,1132.3 2 0
github.com/bladeacer/ocd/internal/tui/diffmodel.go:1133.2,1136.18 3 0
github.com/bladeacer/ocd/internal/tui/diffmodel.go:1136.18,1138.3 1 0
github.com/bladeacer/ocd/internal/tui/diffmodel.go:1139.2,1139.18 1 0
github.com/bladeacer/ocd/internal/tui/diffmodel.go:1139.18,1140.51 1 0
github.com/bladeacer/ocd/internal/tui/diffmodel.go:1140.51,1142.4 1 0
github.com/bladeacer/ocd/internal/tui/diffmodel.go:1142.9,1144.4 1 0
github.com/bladeacer/ocd/internal/tui/diffmodel.go:1146.2,1146.22 1 0
github.com/bladeacer/ocd/internal/tui/diffmodel.go:1146.22,1148.55 2 0
github.com/bladeacer/ocd/internal/tui/diffmodel.go:1148.55,1151.4 2 0
github.com/bladeacer/ocd/internal/tui/diffmodel.go:1153.2,1154.54 2 0
github.com/bladeacer/ocd/internal/tui/diffmodel.go:1154.54,1157.3 2 0
github.com/bladeacer/ocd/internal/tui/diffmodel.go:1160.32,1161.25 1 0
github.com/bladeacer/ocd/internal/tui/diffmodel.go:1161.25,1163.3 1 0
github.com/bladeacer/ocd/internal/tui/diffmodel.go:1164.2,1166.48 3 0
github.com/bladeacer/ocd/internal/tui/diffmodel.go:1166.48,1168.3 1 0
github.com/bladeacer/ocd/internal/tui/diffmodel.go:1169.2,1170.28 2 0
github.com/bladeacer/ocd/internal/tui/diffmodel.go:1173.32,1174.25 1 0
github.com/bladeacer/ocd/internal/tui/diffmodel.go:1174.25,1176.3 1 0
github.com/bladeacer/ocd/internal/tui/diffmodel.go:1177.2,1178.23 2 0
github.com/bladeacer/ocd/internal/tui/diffmodel.go:1178.23,1180.3 1 0
github.com/bladeacer/ocd/internal/tui/diffmodel.go:1181.2,1182.48 2 0
github.com/bladeacer/ocd/internal/tui/diffmodel.go:1182.48,1184.3 1 0
github.com/bladeacer/ocd/internal/tui/diffmodel.go:1185.2,1186.28 2 0
github.com/bladeacer/ocd/internal/tui/diffmodel.go:1189.46,1190.25 1 0
github.com/bladeacer/ocd/internal/tui/diffmodel.go:1190.25,1192.3 1 0
github.com/bladeacer/ocd/internal/tui/diffmodel.go:1193.2,1195.38 3 0
github.com/bladeacer/ocd/internal/tui/diffmodel.go:1195.38,1197.3 1 0
github.com/bladeacer/ocd/internal/tui/diffmodel.go:1198.2,1198.19 1 0
github.com/bladeacer/ocd/internal/tui/diffmodel.go:1201.35,1202.14 1 0
github.com/bladeacer/ocd/internal/tui/diffmodel.go:1202.14,1204.3 1 0
github.com/bladeacer/ocd/internal/tui/diffmodel.go:1205.2,1205.66 1 0
github.com/bladeacer/ocd/internal/tui/diffmodel.go:1205.66,1208.3 2 0
github.com/bladeacer/ocd/internal/tui/diffmodel.go:1208.8,1208.55 1 0
github.com/bladeacer/ocd/internal/tui/diffmodel.go:1208.55,1210.3 1 0
github.com/bladeacer/ocd/internal/tui/diffmodel.go:1210.8,1210.34 1 0
github.com/bladeacer/ocd/internal/tui/diffmodel.go:1210.34,1212.3 1 0
github.com/bladeacer/ocd/internal/tui/diffmodel.go:1214.2,1214.16 1 0
github.com/bladeacer/ocd/internal/tui/diffmodel.go:1214.16,1216.3 1 0
github.com/bladeacer/ocd/internal/tui/diffmodel.go:1218.2,1220.18 3 0
github.com/bladeacer/ocd/internal/tui/diffmodel.go:1220.18,1222.3 1 0
github.com/bladeacer/ocd/internal/tui/diffmodel.go:1224.2,1225.24 2 0
github.com/bladeacer/ocd/internal/tui/diffmodel.go:1225.24,1229.3 1 0
github.com/bladeacer/ocd/internal/tui/diffmodel.go:1231.2,1237.59 2 0
github.com/bladeacer/ocd/internal/tui/diffmodel.go:1240.41,1266.16 6 0
github.com/bladeacer/ocd/internal/tui/diffmodel.go:1266.16,1268.3 1 0
github.com/bladeacer/ocd/internal/tui/diffmodel.go:1269.2,1270.13 2 0
github.com/bladeacer/ocd/internal/tui/diffmodel.go:1270.13,1272.3 1 0
github.com/bladeacer/ocd/internal/tui/diffmodel.go:1273.2,1273.107 1 0
github.com/bladeacer/ocd/internal/tui/diffmodel.go:1276.53,1281.2 4 0
github.com/bladeacer/ocd/internal/tui/model.go:68.49,117.2 12 0
github.com/bladeacer/ocd/internal/tui/model.go:119.32,121.2 1 0
github.com/bladeacer/ocd/internal/tui/model.go:123.38,126.2 2 0
github.com/bladeacer/ocd/internal/tui/model.go:128.37,131.2 2 0
github.com/bladeacer/ocd/internal/tui/model.go:133.58,134.27 1 0
github.com/bladeacer/ocd/internal/tui/model.go:135.25,138.16 3 0
github.com/bladeacer/ocd/internal/tui/model.go:140.21,142.30 2 0
github.com/bladeacer/ocd/internal/tui/model.go:142.30,145.4 2 0
github.com/bladeacer/ocd/internal/tui/model.go:146.3,149.16 4 0
github.com/bladeacer/ocd/internal/tui/model.go:151.15,152.30 1 0
github.com/bladeacer/ocd/internal/tui/model.go:152.30,154.42 2 0
github.com/bladeacer/ocd/internal/tui/model.go:154.42,156.5 1 0
github.com/bladeacer/ocd/internal/tui/model.go:157.4,157.26 1 0
github.com/bladeacer/ocd/internal/tui/model.go:159.3,159.16 1 0
github.com/bladeacer/ocd/internal/tui/model.go:161.18,162.26 1 0
github.com/bladeacer/ocd/internal/tui/model.go:164.23,167.16 3 0
github.com/bladeacer/ocd/internal/tui/model.go:170.2,170.15 1 0
github.com/bladeacer/ocd/internal/tui/model.go:173.64,174.17 1 0
github.com/bladeacer/ocd/internal/tui/model.go:175.20,176.33 1 0
github.com/bladeacer/ocd/internal/tui/model.go:177.18,178.31 1 0
github.com/bladeacer/ocd/internal/tui/model.go:179.19,180.32 1 0
github.com/bladeacer/ocd/internal/tui/model.go:181.20,182.33 1 0
github.com/bladeacer/ocd/internal/tui/model.go:184.2,184.15 1 0
github.com/bladeacer/ocd/internal/tui/model.go:187.71,188.53 1 0
github.com/bladeacer/ocd/internal/tui/model.go:188.53,190.3 1 0
github.com/bladeacer/ocd/internal/tui/model.go:191.2,191.15 1 0
github.com/bladeacer/ocd/internal/tui/model.go:194.69,197.16 2 0
github.com/bladeacer/ocd/internal/tui/model.go:197.16,200.3 2 0
github.com/bladeacer/ocd/internal/tui/model.go:202.2,202.13 1 0
github.com/bladeacer/ocd/internal/tui/model.go:203.21,204.21 1 0
github.com/bladeacer/ocd/internal/tui/model.go:206.17,208.16 2 0
github.com/bladeacer/ocd/internal/tui/model.go:210.16,211.23 1 0
github.com/bladeacer/ocd/internal/tui/model.go:213.11,217.16 4 0
github.com/bladeacer/ocd/internal/tui/model.go:219.11,221.19 2 0
github.com/bladeacer/ocd/internal/tui/model.go:223.11,225.19 2 0
github.com/bladeacer/ocd/internal/tui/model.go:227.11,229.19 2 0
github.com/bladeacer/ocd/internal/tui/model.go:231.11,233.19 2 0
github.com/bladeacer/ocd/internal/tui/model.go:235.11,237.16 2 0
github.com/bladeacer/ocd/internal/tui/model.go:240.2,242.15 3 0
github.com/bladeacer/ocd/internal/tui/model.go:245.70,246.22 1 0
github.com/bladeacer/ocd/internal/tui/model.go:247.27,253.16 6 0
github.com/bladeacer/ocd/internal/tui/model.go:255.24,260.16 5 0
github.com/bladeacer/ocd/internal/tui/model.go:262.19,264.19 2 0
github.com/bladeacer/ocd/internal/tui/model.go:264.19,266.4 1 0
github.com/bladeacer/ocd/internal/tui/model.go:267.3,269.16 3 0
github.com/bladeacer/ocd/internal/tui/model.go:270.11,277.16 7 0
github.com/bladeacer/ocd/internal/tui/model.go:280.2,280.28 1 0
github.com/bladeacer/ocd/internal/tui/model.go:280.28,285.3 4 0
github.com/bladeacer/ocd/internal/tui/model.go:287.2,287.15 1 0
github.com/bladeacer/ocd/internal/tui/model.go:290.71,291.22 1 0
github.com/bladeacer/ocd/internal/tui/model.go:292.21,293.21 1 0
github.com/bladeacer/ocd/internal/tui/model.go:294.27,297.16 3 0
github.com/bladeacer/ocd/internal/tui/model.go:299.2,299.15 1 0
github.com/bladeacer/ocd/internal/tui/model.go:302.50,304.16 2 0
github.com/bladeacer/ocd/internal/tui/model.go:304.16,306.3 1 0
github.com/bladeacer/ocd/internal/tui/model.go:307.2,309.15 3 0
github.com/bladeacer/ocd/internal/tui/model.go:312.32,315.29 2 0
github.com/bladeacer/ocd/internal/tui/model.go:315.29,320.42 4 0
github.com/bladeacer/ocd/internal/tui/model.go:320.42,321.12 1 0
github.com/bladeacer/ocd/internal/tui/model.go:323.3,323.25 1 0
github.com/bladeacer/ocd/internal/tui/model.go:323.25,325.35 2 0
github.com/bladeacer/ocd/internal/tui/model.go:325.35,326.29 1 0
github.com/bladeacer/ocd/internal/tui/model.go:326.29,328.11 2 0
github.com/bladeacer/ocd/internal/tui/model.go:331.4,331.15 1 0
github.com/bladeacer/ocd/internal/tui/model.go:331.15,332.13 1 0
github.com/bladeacer/ocd/internal/tui/model.go:335.3,335.46 1 0
github.com/bladeacer/ocd/internal/tui/model.go:335.46,336.12 1 0
github.com/bladeacer/ocd/internal/tui/model.go:338.3,338.26 1 0
github.com/bladeacer/ocd/internal/tui/model.go:338.26,340.69 2 0
github.com/bladeacer/ocd/internal/tui/model.go:340.69,341.13 1 0
github.com/bladeacer/ocd/internal/tui/model.go:344.3,344.35 1 0
github.com/bladeacer/ocd/internal/tui/model.go:347.2,348.21 2 0
github.com/bladeacer/ocd/internal/tui/model.go:351.50,353.2 1 0
github.com/bladeacer/ocd/internal/tui/model.go:355.35,357.17 2 0
github.com/bladeacer/ocd/internal/tui/model.go:357.17,359.3 1 0
github.com/bladeacer/ocd/internal/tui/model.go:361.2,364.41 3 0
github.com/bladeacer/ocd/internal/tui/model.go:364.41,368.23 3 0
github.com/bladeacer/ocd/internal/tui/model.go:368.23,371.22 3 0
github.com/bladeacer/ocd/internal/tui/model.go:371.22,373.5 1 0
github.com/bladeacer/ocd/internal/tui/model.go:375.3,375.37 1 0
github.com/bladeacer/ocd/internal/tui/model.go:378.2,378.23 1 0
github.com/bladeacer/ocd/internal/tui/model.go:381.29,385.37 3 0
github.com/bladeacer/ocd/internal/tui/model.go:385.37,387.3 1 0
github.com/bladeacer/ocd/internal/tui/model.go:389.2,392.46 3 0
github.com/bladeacer/ocd/internal/tui/model.go:392.46,397.3 1 0
github.com/bladeacer/ocd/internal/tui/model.go:399.2,401.36 2 0
github.com/bladeacer/ocd/internal/tui/model.go:401.36,404.16 3 0
github.com/bladeacer/ocd/internal/tui/model.go:404.16,405.12 1 0
github.com/bladeacer/ocd/internal/tui/model.go:407.3,411.16 4 0
github.com/bladeacer/ocd/internal/tui/model.go:411.16,412.38 1 0
github.com/bladeacer/ocd/internal/tui/model.go:412.38,414.5 1 0
github.com/bladeacer/ocd/internal/tui/model.go:417.3,419.33 3 0
github.com/bladeacer/ocd/internal/tui/model.go:419.33,420.17 1 0
github.com/bladeacer/ocd/internal/tui/model.go:420.17,422.5 1 0
github.com/bladeacer/ocd/internal/tui/model.go:422.10,424.5 1 0
github.com/bladeacer/ocd/internal/tui/model.go:427.3,428.52 2 0
github.com/bladeacer/ocd/internal/tui/model.go:428.52,430.4 1 0
github.com/bladeacer/ocd/internal/tui/model.go:432.3,433.21 2 0
github.com/bladeacer/ocd/internal/tui/model.go:433.21,435.4 1 0
github.com/bladeacer/ocd/internal/tui/model.go:437.3,446.5 1 0
github.com/bladeacer/ocd/internal/tui/model.go:449.2,450.19 2 0
github.com/bladeacer/ocd/internal/tui/model.go:453.41,464.2 1 0
github.com/bladeacer/ocd/internal/tui/model.go:466.42,469.16 3 0
github.com/bladeacer/ocd/internal/tui/model.go:469.16,471.3 1 0
github.com/bladeacer/ocd/internal/tui/model.go:472.2,473.9 2 0
github.com/bladeacer/ocd/internal/tui/model.go:473.9,475.3 1 0
github.com/bladeacer/ocd/internal/tui/model.go:476.2,476.30 1 0
github.com/bladeacer/ocd/internal/tui/model.go:476.30,478.3 1 0
github.com/bladeacer/ocd/internal/tui/model.go:479.2,479.25 1 0
github.com/bladeacer/ocd/internal/tui/model.go:482.35,485.26 3 0
github.com/bladeacer/ocd/internal/tui/model.go:485.26,486.12 1 0
github.com/bladeacer/ocd/internal/tui/model.go:486.12,488.4 1 0
github.com/bladeacer/ocd/internal/tui/model.go:490.2,490.13 1 0
github.com/bladeacer/ocd/internal/tui/model.go:493.25,495.22 2 0
github.com/bladeacer/ocd/internal/tui/model.go:495.22,496.27 1 0
github.com/bladeacer/ocd/internal/tui/model.go:496.27,498.4 1 0
github.com/bladeacer/ocd/internal/tui/model.go:500.2,500.10 1 0
github.com/bladeacer/ocd/internal/tui/model.go:503.38,504.25 1 0
github.com/bladeacer/ocd/internal/tui/model.go:504.25,507.17 3 0
github.com/bladeacer/ocd/internal/tui/model.go:507.17,509.4 1 0
github.com/bladeacer/ocd/internal/tui/model.go:510.3,510.17 1 0
github.com/bladeacer/ocd/internal/tui/model.go:510.17,512.4 1 0
github.com/bladeacer/ocd/internal/tui/model.go:513.3,513.15 1 0
github.com/bladeacer/ocd/internal/tui/model.go:513.15,515.4 1 0
github.com/bladeacer/ocd/internal/tui/model.go:517.2,517.10 1 0
github.com/bladeacer/ocd/internal/tui/model.go:520.38,521.37 1 0
github.com/bladeacer/ocd/internal/tui/model.go:521.37,523.3 1 0
github.com/bladeacer/ocd/internal/tui/model.go:524.2,524.16 1 0
github.com/bladeacer/ocd/internal/tui/model.go:525.22,526.11 1 0
github.com/bladeacer/ocd/internal/tui/model.go:527.19,528.11 1 0
github.com/bladeacer/ocd/internal/tui/model.go:529.24,530.11 1 0
github.com/bladeacer/ocd/internal/tui/model.go:532.2,532.10 1 0
github.com/bladeacer/ocd/internal/tui/model.go:535.35,536.13 1 0
github.com/bladeacer/ocd/internal/tui/model.go:536.13,538.3 1 0
github.com/bladeacer/ocd/internal/tui/model.go:539.2,539.16 1 0
github.com/bladeacer/ocd/internal/tui/pickermodel.go:47.61,77.2 8 0
github.com/bladeacer/ocd/internal/tui/pickermodel.go:79.38,81.2 1 0
github.com/bladeacer/ocd/internal/tui/pickermodel.go:83.42,86.2 2 0
github.com/bladeacer/ocd/internal/tui/pickermodel.go:88.64,89.27 1 0
github.com/bladeacer/ocd/internal/tui/pickermodel.go:90.21,92.30 2 0
github.com/bladeacer/ocd/internal/tui/pickermodel.go:92.30,95.4 2 0
github.com/bladeacer/ocd/internal/tui/pickermodel.go:96.3,98.16 3 0
github.com/bladeacer/ocd/internal/tui/pickermodel.go:100.32,103.16 3 0
github.com/bladeacer/ocd/internal/tui/pickermodel.go:105.18,106.38 1 0
github.com/bladeacer/ocd/internal/tui/pickermodel.go:106.38,107.55 1 0
github.com/bladeacer/ocd/internal/tui/pickermodel.go:107.55,110.5 2 0
github.com/bladeacer/ocd/internal/tui/pickermodel.go:111.4,111.17 1 0
github.com/bladeacer/ocd/internal/tui/pickermodel.go:114.3,114.26 1 0
github.com/bladeacer/ocd/internal/tui/pickermodel.go:117.2,117.15 1 0
github.com/bladeacer/ocd/internal/tui/pickermodel.go:120.70,121.18 1 0
github.com/bladeacer/ocd/internal/tui/pickermodel.go:121.18,123.3 1 0
github.com/bladeacer/ocd/internal/tui/pickermodel.go:125.2,127.16 2 0
github.com/bladeacer/ocd/internal/tui/pickermodel.go:127.16,130.3 2 0
github.com/bladeacer/ocd/internal/tui/pickermodel.go:132.2,132.13 1 0
github.com/bladeacer/ocd/internal/tui/pickermodel.go:133.21,135.21 2 0
github.com/bladeacer/ocd/internal/tui/pickermodel.go:136.17,138.16 2 0
github.com/bladeacer/ocd/internal/tui/pickermodel.go:139.11,143.16 4 0
github.com/bladeacer/ocd/internal/tui/pickermodel.go:144.16,145.27 1 0
github.com/bladeacer/ocd/internal/tui/pickermodel.go:146.11,148.18 2 0
github.com/bladeacer/ocd/internal/tui/pickermodel.go:149.11,151.18 2 0
github.com/bladeacer/ocd/internal/tui/pickermodel.go:152.11,154.16 2 0
github.com/bladeacer/ocd/internal/tui/pickermodel.go:157.2,159.15 3 0
github.com/bladeacer/ocd/internal/tui/pickermodel.go:162.76,163.22 1 0
github.com/bladeacer/ocd/internal/tui/pickermodel.go:164.27,170.16 6 0
github.com/bladeacer/ocd/internal/tui/pickermodel.go:171.24,176.16 5 0
github.com/bladeacer/ocd/internal/tui/pickermodel.go:177.20,179.19 2 0
github.com/bladeacer/ocd/internal/tui/pickermodel.go:179.19,181.4 1 0
github.com/bladeacer/ocd/internal/tui/pickermodel.go:182.3,184.16 3 0
github.com/bladeacer/ocd/internal/tui/pickermodel.go:185.11,192.16 7 0
github.com/bladeacer/ocd/internal/tui/pickermodel.go:195.2,195.28 1 0
github.com/bladeacer/ocd/internal/tui/pickermodel.go:195.28,200.3 4 0
github.com/bladeacer/ocd/internal/tui/pickermodel.go:202.2,202.15 1 0
github.com/bladeacer/ocd/internal/tui/pickermodel.go:205.60,207.16 2 0
github.com/bladeacer/ocd/internal/tui/pickermodel.go:207.16,209.3 1 0
github.com/bladeacer/ocd/internal/tui/pickermodel.go:210.2,211.29 2 0
github.com/bladeacer/ocd/internal/tui/pickermodel.go:211.29,217.3 5 0
github.com/bladeacer/ocd/internal/tui/pickermodel.go:217.8,221.3 3 0
github.com/bladeacer/ocd/internal/tui/pickermodel.go:222.2,222.15 1 0
github.com/bladeacer/ocd/internal/tui/pickermodel.go:225.35,227.38 2 0
github.com/bladeacer/ocd/internal/tui/pickermodel.go:227.38,232.3 1 0
github.com/bladeacer/ocd/internal/tui/pickermodel.go:234.2,236.37 3 0
github.com/bladeacer/ocd/internal/tui/pickermodel.go:236.37,238.3 1 0
github.com/bladeacer/ocd/internal/tui/pickermodel.go:240.2,240.24 1 0
github.com/bladeacer/ocd/internal/tui/pickermodel.go:240.24,241.58 1 0
github.com/bladeacer/ocd/internal/tui/pickermodel.go:241.58,242.12 1 0
github.com/bladeacer/ocd/internal/tui/pickermodel.go:244.3,245.21 2 0
github.com/bladeacer/ocd/internal/tui/pickermodel.go:245.21,247.4 1 0
github.com/bladeacer/ocd/internal/tui/pickermodel.go:249.3,250.31 2 0
github.com/bladeacer/ocd/internal/tui/pickermodel.go:250.31,251.28 1 0
github.com/bladeacer/ocd/internal/tui/pickermodel.go:251.28,253.5 1 0
github.com/bladeacer/ocd/internal/tui/pickermodel.go:253.10,255.5 1 0
github.com/bladeacer/ocd/internal/tui/pickermodel.go:258.3,259.16 2 0
github.com/bladeacer/ocd/internal/tui/pickermodel.go:259.16,261.4 1 0
github.com/bladeacer/ocd/internal/tui/pickermodel.go:261.9,263.4 1 0
github.com/bladeacer/ocd/internal/tui/pickermodel.go:265.3,271.5 1 0
github.com/bladeacer/ocd/internal/tui/pickermodel.go:273.2,273.15 1 0
github.com/bladeacer/ocd/internal/tui/pickermodel.go:276.57,279.2 2 0
github.com/bladeacer/ocd/internal/tui/pickermodel.go:281.37,284.29 2 0
github.com/bladeacer/ocd/internal/tui/pickermodel.go:284.29,285.43 1 0
github.com/bladeacer/ocd/internal/tui/pickermodel.go:285.43,286.12 1 0
github.com/bladeacer/ocd/internal/tui/pickermodel.go:288.3,288.44 1 0
github.com/bladeacer/ocd/internal/tui/pickermodel.go:288.44,290.35 2 0
github.com/bladeacer/ocd/internal/tui/pickermodel.go:290.35,291.28 1 0
github.com/bladeacer/ocd/internal/tui/pickermodel.go:291.28,293.11 2 0
github.com/bladeacer/ocd/internal/tui/pickermodel.go:296.4,296.15 1 0
github.com/bladeacer/ocd/internal/tui/pickermodel.go:296.15,297.13 1 0
github.com/bladeacer/ocd/internal/tui/pickermodel.go:300.3,300.22 1 0
github.com/bladeacer/ocd/internal/tui/pickermodel.go:300.22,302.63 2 0
github.com/bladeacer/ocd/internal/tui/pickermodel.go:302.63,303.13 1 0
github.com/bladeacer/ocd/internal/tui/pickermodel.go:306.3,306.35 1 0
github.com/bladeacer/ocd/internal/tui/pickermodel.go:309.2,309.49 1 0
github.com/bladeacer/ocd/internal/tui/pickermodel.go:309.49,312.19 3 0
github.com/bladeacer/ocd/internal/tui/pickermodel.go:312.19,314.4 1 0
github.com/bladeacer/ocd/internal/tui/pickermodel.go:315.3,318.8 1 0
github.com/bladeacer/ocd/internal/tui/pickermodel.go:321.2,321.25 1 0
github.com/bladeacer/ocd/internal/tui/pickermodel.go:324.37,325.18 1 0
github.com/bladeacer/ocd/internal/tui/pickermodel.go:325.18,327.3 1 0
github.com/bladeacer/ocd/internal/tui/pickermodel.go:328.2,328.21 1 0
github.com/bladeacer/ocd/internal/tui/pickermodel.go:328.21,330.3 1 0
github.com/bladeacer/ocd/internal/tui/pickermodel.go:332.2,332.16 1 0
github.com/bladeacer/ocd/internal/tui/pickermodel.go:332.16,347.3 4 0
github.com/bladeacer/ocd/internal/tui/pickermodel.go:349.2,350.30 2 0
github.com/bladeacer/ocd/internal/tui/pickermodel.go:350.30,352.3 1 0
github.com/bladeacer/ocd/internal/tui/pickermodel.go:354.2,355.18 2 0
github.com/bladeacer/ocd/internal/tui/pickermodel.go:355.18,357.3 1 0
github.com/bladeacer/ocd/internal/tui/pickermodel.go:359.2,366.92 3 0
github.com/bladeacer/ocd/internal/tui/pickermodel.go:369.75,373.16 4 0
github.com/bladeacer/ocd/internal/tui/pickermodel.go:373.16,375.3 1 0
github.com/bladeacer/ocd/internal/tui/pickermodel.go:376.2,377.25 2 0
github.com/bladeacer/ocd/internal/tui/pickermodel.go:377.25,379.3 1 0
github.com/bladeacer/ocd/internal/tui/pickermodel.go:380.2,380.47 1 0
github.com/bladeacer/ocd/internal/tui/spinner.go:18.55,27.2 4 0
github.com/bladeacer/ocd/internal/tui/spinner.go:29.39,31.2 1 0
github.com/bladeacer/ocd/internal/tui/spinner.go:33.45,36.2 2 0
github.com/bladeacer/ocd/internal/tui/spinner.go:38.69,39.27 1 0
github.com/bladeacer/ocd/internal/tui/spinner.go:40.15,42.37 2 0
github.com/bladeacer/ocd/internal/tui/spinner.go:42.37,44.4 1 0
github.com/bladeacer/ocd/internal/tui/spinner.go:45.3,45.25 1 0
github.com/bladeacer/ocd/internal/tui/spinner.go:46.23,49.16 3 0
github.com/bladeacer/ocd/internal/tui/spinner.go:51.2,51.15 1 0
github.com/bladeacer/ocd/internal/tui/spinner.go:54.38,58.2 3 0
github.com/bladeacer/ocd/internal/tui/spinner.go:60.39,62.2 1 0
github.com/bladeacer/ocd/internal/tui/styles.go:42.33,54.2 4 0
github.com/bladeacer/ocd/internal/tui/view.go:17.31,18.17 1 0
github.com/bladeacer/ocd/internal/tui/view.go:19.20,20.25 1 0
github.com/bladeacer/ocd/internal/tui/view.go:21.31,22.30 1 0
github.com/bladeacer/ocd/internal/tui/view.go:23.20,24.25 1 0
github.com/bladeacer/ocd/internal/tui/view.go:26.2,26.11 1 0
github.com/bladeacer/ocd/internal/tui/view.go:29.38,30.18 1 0
github.com/bladeacer/ocd/internal/tui/view.go:30.18,32.3 1 0
github.com/bladeacer/ocd/internal/tui/view.go:34.2,37.84 3 0
github.com/bladeacer/ocd/internal/tui/view.go:40.43,41.16 1 0
github.com/bladeacer/ocd/internal/tui/view.go:41.16,43.3 1 0
github.com/bladeacer/ocd/internal/tui/view.go:45.2,49.28 3 0
github.com/bladeacer/ocd/internal/tui/view.go:49.28,51.3 1 0
github.com/bladeacer/ocd/internal/tui/view.go:53.2,58.19 4 0
github.com/bladeacer/ocd/internal/tui/view.go:61.45,79.16 5 0
github.com/bladeacer/ocd/internal/tui/view.go:79.16,81.3 1 0
github.com/bladeacer/ocd/internal/tui/view.go:82.2,83.13 2 0
github.com/bladeacer/ocd/internal/tui/view.go:83.13,85.3 1 0
github.com/bladeacer/ocd/internal/tui/view.go:86.2,87.26 2 0
github.com/bladeacer/ocd/internal/tui/view.go:90.37,102.2 4 0
github.com/bladeacer/ocd/internal/tui/view.go:104.50,105.12 1 0
github.com/bladeacer/ocd/internal/tui/view.go:105.12,107.3 1 0
github.com/bladeacer/ocd/internal/tui/view.go:108.2,108.53 1 0
github.com/bladeacer/ocd/internal/tui/view.go:111.38,119.2 3 0
github.com/bladeacer/ocd/main.go:18.13,35.39 6 0
github.com/bladeacer/ocd/main.go:35.39,38.3 2 0
github.com/bladeacer/ocd/cmd/clean.go:12.35,16.55 1 0
github.com/bladeacer/ocd/cmd/clean.go:16.55,18.36 2 0
github.com/bladeacer/ocd/cmd/clean.go:18.36,20.5 1 0
github.com/bladeacer/ocd/cmd/clean.go:21.4,21.62 1 0
github.com/bladeacer/ocd/cmd/clean.go:21.62,23.5 1 0
github.com/bladeacer/ocd/cmd/clean.go:24.4,25.14 2 0
github.com/bladeacer/ocd/cmd/clean.go:29.2,29.12 1 0
github.com/bladeacer/ocd/cmd/diff.go:17.34,18.32 1 0
github.com/bladeacer/ocd/cmd/diff.go:18.32,21.3 2 0
github.com/bladeacer/ocd/cmd/diff.go:22.2,22.24 1 0
github.com/bladeacer/ocd/cmd/diff.go:25.64,28.16 3 0
github.com/bladeacer/ocd/cmd/diff.go:29.14,30.30 1 0
github.com/bladeacer/ocd/cmd/diff.go:31.14,32.30 1 0
github.com/bladeacer/ocd/cmd/diff.go:33.10,34.30 1 0
github.com/bladeacer/ocd/cmd/diff.go:36.2,36.16 1 0
github.com/bladeacer/ocd/cmd/diff.go:36.16,38.3 1 0
github.com/bladeacer/ocd/cmd/diff.go:39.2,39.39 1 0
github.com/bladeacer/ocd/cmd/diff.go:42.55,44.22 2 0
github.com/bladeacer/ocd/cmd/diff.go:44.22,46.3 1 0
github.com/bladeacer/ocd/cmd/diff.go:49.38,51.38 2 0
github.com/bladeacer/ocd/cmd/diff.go:51.38,53.3 1 0
github.com/bladeacer/ocd/cmd/diff.go:54.2,56.12 3 0
github.com/bladeacer/ocd/cmd/diff.go:59.34,77.55 6 0
github.com/bladeacer/ocd/cmd/diff.go:77.55,80.22 2 0
github.com/bladeacer/ocd/cmd/diff.go:80.22,83.5 2 0
github.com/bladeacer/ocd/cmd/diff.go:83.10,83.44 1 0
github.com/bladeacer/ocd/cmd/diff.go:83.44,89.19 5 0
github.com/bladeacer/ocd/cmd/diff.go:89.19,91.6 1 0
github.com/bladeacer/ocd/cmd/diff.go:92.5,92.41 1 0
github.com/bladeacer/ocd/cmd/diff.go:92.41,95.6 2 0
github.com/bladeacer/ocd/cmd/diff.go:96.10,98.5 1 0
github.com/bladeacer/ocd/cmd/diff.go:100.4,100.46 1 0
github.com/bladeacer/ocd/cmd/diff.go:100.46,102.5 1 0
github.com/bladeacer/ocd/cmd/diff.go:103.4,103.46 1 0
github.com/bladeacer/ocd/cmd/diff.go:103.46,105.5 1 0
github.com/bladeacer/ocd/cmd/diff.go:107.4,108.27 2 0
github.com/bladeacer/ocd/cmd/diff.go:108.27,110.5 1 0
github.com/bladeacer/ocd/cmd/diff.go:112.4,112.12 1 0
github.com/bladeacer/ocd/cmd/diff.go:112.12,117.25 5 0
github.com/bladeacer/ocd/cmd/diff.go:117.25,119.6 1 0
github.com/bladeacer/ocd/cmd/diff.go:119.11,121.6 1 0
github.com/bladeacer/ocd/cmd/diff.go:122.5,125.72 4 0
github.com/bladeacer/ocd/cmd/diff.go:125.72,127.6 1 0
github.com/bladeacer/ocd/cmd/diff.go:128.5,129.15 2 0
github.com/bladeacer/ocd/cmd/diff.go:132.4,132.36 1 0
github.com/bladeacer/ocd/cmd/diff.go:136.2,141.12 6 0
github.com/bladeacer/ocd/cmd/extract.go:11.37,18.55 1 0
github.com/bladeacer/ocd/cmd/extract.go:18.55,21.18 3 0
github.com/bladeacer/ocd/cmd/extract.go:21.18,23.5 1 0
github.com/bladeacer/ocd/cmd/extract.go:24.4,25.14 2 0
github.com/bladeacer/ocd/cmd/extract.go:29.2,29.12 1 0
github.com/bladeacer/ocd/cmd/interact.go:14.38,23.55 2 0
github.com/bladeacer/ocd/cmd/interact.go:23.55,29.18 5 0
github.com/bladeacer/ocd/cmd/interact.go:29.18,31.5 1 0
github.com/bladeacer/ocd/cmd/interact.go:32.4,32.30 1 0
github.com/bladeacer/ocd/cmd/interact.go:32.30,35.5 2 0
github.com/bladeacer/ocd/cmd/interact.go:37.4,39.18 3 0
github.com/bladeacer/ocd/cmd/interact.go:39.18,41.5 1 0
github.com/bladeacer/ocd/cmd/interact.go:42.4,43.14 2 0
github.com/bladeacer/ocd/cmd/interact.go:47.2,48.12 2 0
github.com/bladeacer/ocd/internal/cache/cache.go:28.36,33.49 2 1
github.com/bladeacer/ocd/internal/cache/cache.go:33.49,34.13 1 0
github.com/bladeacer/ocd/internal/cache/cache.go:36.2,36.10 1 1
github.com/bladeacer/ocd/internal/cache/cache.go:39.42,41.2 1 1
github.com/bladeacer/ocd/internal/cache/cache.go:43.55,46.16 3 1
github.com/bladeacer/ocd/internal/cache/cache.go:46.16,47.25 1 1
github.com/bladeacer/ocd/internal/cache/cache.go:47.25,49.4 1 1
github.com/bladeacer/ocd/internal/cache/cache.go:50.3,50.13 1 0
github.com/bladeacer/ocd/internal/cache/cache.go:52.2,53.53 2 1
github.com/bladeacer/ocd/internal/cache/cache.go:53.53,55.3 1 1
github.com/bladeacer/ocd/internal/cache/cache.go:56.2,56.54 1 1
github.com/bladeacer/ocd/internal/cache/cache.go:56.54,58.3 1 1
github.com/bladeacer/ocd/internal/cache/cache.go:59.2,59.38 1 1
github.com/bladeacer/ocd/internal/cache/cache.go:62.55,65.16 3 1
github.com/bladeacer/ocd/internal/cache/cache.go:65.16,67.3 1 0
github.com/bladeacer/ocd/internal/cache/cache.go:68.2,73.16 3 1
github.com/bladeacer/ocd/internal/cache/cache.go:73.16,75.3 1 0
github.com/bladeacer/ocd/internal/cache/cache.go:76.2,76.35 1 1
github.com/bladeacer/ocd/internal/cache/cache.go:79.43,82.24 3 1
github.com/bladeacer/ocd/internal/cache/cache.go:82.24,84.3 1 1
github.com/bladeacer/ocd/internal/cache/cache.go:85.2,85.12 1 1
github.com/bladeacer/ocd/internal/cache/cache.go:88.31,90.16 2 1
github.com/bladeacer/ocd/internal/cache/cache.go:90.16,91.25 1 0
github.com/bladeacer/ocd/internal/cache/cache.go:91.25,93.4 1 0
github.com/bladeacer/ocd/internal/cache/cache.go:94.3,94.13 1 0
github.com/bladeacer/ocd/internal/cache/cache.go:96.2,98.16 3 1
github.com/bladeacer/ocd/internal/cache/cache.go:98.16,100.3 1 0
github.com/bladeacer/ocd/internal/cache/cache.go:101.2,101.29 1 1
github.com/bladeacer/ocd/internal/cache/cache.go:101.29,103.3 1 1
github.com/bladeacer/ocd/internal/cache/cache.go:104.2,104.12 1 1
github.com/bladeacer/ocd/internal/core/asar.go:31.61,33.16 2 0
github.com/bladeacer/ocd/internal/core/asar.go:33.16,35.3 1 0
github.com/bladeacer/ocd/internal/core/asar.go:36.2,39.47 3 0
github.com/bladeacer/ocd/internal/core/asar.go:39.47,41.3 1 0
github.com/bladeacer/ocd/internal/core/asar.go:43.2,44.71 2 0
github.com/bladeacer/ocd/internal/core/asar.go:44.71,46.3 1 0
github.com/bladeacer/ocd/internal/core/asar.go:47.2,47.51 1 0
github.com/bladeacer/ocd/internal/core/asar.go:47.51,49.3 1 0
github.com/bladeacer/ocd/internal/core/asar.go:51.2,52.51 2 0
github.com/bladeacer/ocd/internal/core/asar.go:52.51,54.3 1 0
github.com/bladeacer/ocd/internal/core/asar.go:56.2,57.57 2 0
github.com/bladeacer/ocd/internal/core/asar.go:57.57,59.3 1 0
github.com/bladeacer/ocd/internal/core/asar.go:61.2,62.9 2 0
github.com/bladeacer/ocd/internal/core/asar.go:62.9,64.3 1 0
github.com/bladeacer/ocd/internal/core/asar.go:66.2,67.67 2 0
github.com/bladeacer/ocd/internal/core/asar.go:67.67,69.3 1 0
github.com/bladeacer/ocd/internal/core/asar.go:71.2,74.16 3 0
github.com/bladeacer/ocd/internal/core/asar.go:74.16,76.3 1 0
github.com/bladeacer/ocd/internal/core/asar.go:77.2,80.49 3 0
github.com/bladeacer/ocd/internal/core/asar.go:80.49,82.3 1 0
github.com/bladeacer/ocd/internal/core/asar.go:84.2,84.12 1 0
github.com/bladeacer/ocd/internal/core/diff.go:17.60,22.16 4 0
github.com/bladeacer/ocd/internal/core/diff.go:22.16,28.3 1 0
github.com/bladeacer/ocd/internal/core/diff.go:30.2,31.16 2 0
github.com/bladeacer/ocd/internal/core/diff.go:31.16,37.3 1 0
github.com/bladeacer/ocd/internal/core/diff.go:39.2,52.49 4 0
github.com/bladeacer/ocd/internal/core/diff.go:52.49,53.67 1 0
github.com/bladeacer/ocd/internal/core/diff.go:53.67,55.9 2 0
github.com/bladeacer/ocd/internal/core/diff.go:59.2,64.3 1 0
github.com/bladeacer/ocd/internal/core/extract.go:19.49,23.45 3 0
github.com/bladeacer/ocd/internal/core/extract.go:23.45,25.3 1 0
github.com/bladeacer/ocd/internal/core/extract.go:27.2,27.51 1 0
github.com/bladeacer/ocd/internal/core/extract.go:27.51,29.3 1 0
github.com/bladeacer/ocd/internal/core/extract.go:31.2,34.16 3 0
github.com/bladeacer/ocd/internal/core/extract.go:34.16,36.3 1 0
github.com/bladeacer/ocd/internal/core/extract.go:37.2,39.44 2 0
github.com/bladeacer/ocd/internal/core/extract.go:39.44,41.3 1 0
github.com/bladeacer/ocd/internal/core/extract.go:42.2,42.38 1 0
github.com/bladeacer/ocd/internal/core/extract.go:42.38,44.3 1 0
github.com/bladeacer/ocd/internal/core/extract.go:46.2,47.16 2 0
github.com/bladeacer/ocd/internal/core/extract.go:47.16,49.3 1 0
github.com/bladeacer/ocd/internal/core/extract.go:50.2,53.16 3 0
github.com/bladeacer/ocd/internal/core/extract.go:53.16,55.3 1 0
github.com/bladeacer/ocd/internal/core/extract.go:56.2,59.54 3 0
github.com/bladeacer/ocd/internal/core/extract.go:59.54,62.3 2 0
github.com/bladeacer/ocd/internal/core/extract.go:63.2,65.65 2 0
github.com/bladeacer/ocd/internal/core/extract.go:65.65,67.3 1 0
github.com/bladeacer/ocd/internal/core/extract.go:69.2,69.22 1 0
github.com/bladeacer/ocd/internal/core/tldr.go:42.43,44.16 2 0
github.com/bladeacer/ocd/internal/core/tldr.go:44.16,46.3 1 0
github.com/bladeacer/ocd/internal/core/tldr.go:48.2,53.49 5 0
github.com/bladeacer/ocd/internal/core/tldr.go:53.49,54.70 1 0
github.com/bladeacer/ocd/internal/core/tldr.go:54.70,58.4 3 0
github.com/bladeacer/ocd/internal/core/tldr.go:58.9,58.77 1 0
github.com/bladeacer/ocd/internal/core/tldr.go:58.77,62.4 3 0
github.com/bladeacer/ocd/internal/core/tldr.go:62.9,62.114 1 0
github.com/bladeacer/ocd/internal/core/tldr.go:62.114,63.47 1 0
github.com/bladeacer/ocd/internal/core/tldr.go:63.47,65.5 1 0
github.com/bladeacer/ocd/internal/core/tldr.go:69.2,69.38 1 0
github.com/bladeacer/ocd/internal/core/tldr.go:69.38,70.42 1 0
github.com/bladeacer/ocd/internal/core/tldr.go:70.42,76.4 1 0
github.com/bladeacer/ocd/internal/core/tldr.go:76.9,78.4 1 0
github.com/bladeacer/ocd/internal/core/tldr.go:80.2,80.32 1 0
github.com/bladeacer/ocd/internal/core/tldr.go:80.32,81.36 1 0
github.com/bladeacer/ocd/internal/core/tldr.go:81.36,83.4 1 0
github.com/bladeacer/ocd/internal/core/tldr.go:86.2,86.10 1 0
github.com/bladeacer/ocd/internal/core/tldr.go:89.155,90.48 1 0
github.com/bladeacer/ocd/internal/core/tldr.go:90.48,95.20 5 0
github.com/bladeacer/ocd/internal/core/tldr.go:95.20,97.4 1 0
github.com/bladeacer/ocd/internal/core/tldr.go:97.9,97.27 1 0
github.com/bladeacer/ocd/internal/core/tldr.go:97.27,99.4 1 0
github.com/bladeacer/ocd/internal/core/tldr.go:102.2,102.60 1 0
github.com/bladeacer/ocd/internal/core/tldr.go:102.60,103.31 1 0
github.com/bladeacer/ocd/internal/core/tldr.go:103.31,105.21 2 0
github.com/bladeacer/ocd/internal/core/tldr.go:105.21,107.5 1 0
github.com/bladeacer/ocd/internal/core/tldr.go:107.10,107.28 1 0
github.com/bladeacer/ocd/internal/core/tldr.go:107.28,109.5 1 0
github.com/bladeacer/ocd/internal/core/tldr.go:113.2,113.38 1 0
github.com/bladeacer/ocd/internal/core/tldr.go:113.38,115.3 1 0
github.com/bladeacer/ocd/internal/core/tldr.go:118.61,119.16 1 0
github.com/bladeacer/ocd/internal/core/tldr.go:119.16,121.3 1 0
github.com/bladeacer/ocd/internal/core/tldr.go:122.2,123.23 2 0
github.com/bladeacer/ocd/internal/core/tldr.go:123.23,125.3 1 0
github.com/bladeacer/ocd/internal/core/tldr.go:126.2,126.11 1 0
github.com/bladeacer/ocd/internal/core/tldr.go:129.40,132.2 2 0
github.com/bladeacer/ocd/internal/core/tldr.go:134.42,137.22 3 0
github.com/bladeacer/ocd/internal/core/tldr.go:137.22,139.3 1 0
github.com/bladeacer/ocd/internal/core/tldr.go:140.2,140.11 1 0
github.com/bladeacer/ocd/internal/core/tldr.go:143.38,145.53 2 0
github.com/bladeacer/ocd/internal/core/tldr.go:145.53,147.3 1 0
github.com/bladeacer/ocd/internal/core/tldr.go:148.2,148.26 1 0
github.com/bladeacer/ocd/internal/core/tldr.go:148.26,149.32 1 0
github.com/bladeacer/ocd/internal/core/tldr.go:149.32,151.4 1 0
github.com/bladeacer/ocd/internal/core/tldr.go:151.9,151.39 1 0
github.com/bladeacer/ocd/internal/core/tldr.go:151.39,153.4 1 0
github.com/bladeacer/ocd/internal/core/tldr.go:153.9,155.4 1 0
github.com/bladeacer/ocd/internal/core/tldr.go:157.2,157.14 1 0
github.com/bladeacer/ocd/internal/core/tldr.go:160.52,163.2 2 0
github.com/bladeacer/ocd/internal/core/tldr.go:165.52,168.2 2 0
github.com/bladeacer/ocd/internal/core/tldr.go:170.52,187.42 4 0
github.com/bladeacer/ocd/internal/core/tldr.go:187.42,189.3 1 0
github.com/bladeacer/ocd/internal/core/tldr.go:190.2,190.25 1 0
github.com/bladeacer/ocd/internal/core/tldr.go:193.38,202.2 8 0
github.com/bladeacer/ocd/internal/sources/docker.go:20.32,22.2 1 0
github.com/bladeacer/ocd/internal/sources/docker.go:24.35,24.54 1 0
github.com/bladeacer/ocd/internal/sources/docker.go:39.57,43.16 3 0
github.com/bladeacer/ocd/internal/sources/docker.go:43.16,45.17 2 0
github.com/bladeacer/ocd/internal/sources/docker.go:45.17,47.4 1 0
github.com/bladeacer/ocd/internal/sources/docker.go:48.3,48.39 1 0
github.com/bladeacer/ocd/internal/sources/docker.go:48.39,51.4 2 0
github.com/bladeacer/ocd/internal/sources/docker.go:53.3,54.66 2 0
github.com/bladeacer/ocd/internal/sources/docker.go:54.66,57.4 2 0
github.com/bladeacer/ocd/internal/sources/docker.go:58.3,60.39 2 0
github.com/bladeacer/ocd/internal/sources/docker.go:60.39,61.45 1 0
github.com/bladeacer/ocd/internal/sources/docker.go:61.45,62.13 1 0
github.com/bladeacer/ocd/internal/sources/docker.go:64.4,68.44 4 0
github.com/bladeacer/ocd/internal/sources/docker.go:68.44,69.13 1 0
github.com/bladeacer/ocd/internal/sources/docker.go:72.4,76.6 1 0
github.com/bladeacer/ocd/internal/sources/docker.go:78.3,78.18 1 0
github.com/bladeacer/ocd/internal/sources/docker.go:81.2,81.18 1 0
github.com/bladeacer/ocd/internal/sources/electron.go:18.30,20.2 1 0
github.com/bladeacer/ocd/internal/sources/electron.go:22.34,22.55 1 0
github.com/bladeacer/ocd/internal/sources/electron.go:24.56,26.16 2 0
github.com/bladeacer/ocd/internal/sources/electron.go:26.16,28.3 1 0
github.com/bladeacer/ocd/internal/sources/electron.go:29.2,31.38 2 0
github.com/bladeacer/ocd/internal/sources/electron.go:31.38,33.3 1 0
github.com/bladeacer/ocd/internal/sources/electron.go:35.2,36.64 2 0
github.com/bladeacer/ocd/internal/sources/electron.go:36.64,38.3 1 0
github.com/bladeacer/ocd/internal/sources/electron.go:40.2,40.37 1 0
github.com/bladeacer/ocd/internal/sources/fetcher.go:22.42,29.2 1 0
github.com/bladeacer/ocd/internal/sources/fetcher.go:31.60,38.20 5 0
github.com/bladeacer/ocd/internal/sources/fetcher.go:38.20,39.10 1 0
github.com/bladeacer/ocd/internal/sources/fetcher.go:40.21,41.20 1 0
github.com/bladeacer/ocd/internal/sources/fetcher.go:42.11,42.11 0 0
github.com/bladeacer/ocd/internal/sources/fetcher.go:44.3,44.13 1 0
github.com/bladeacer/ocd/internal/sources/fetcher.go:44.13,46.63 2 0
github.com/bladeacer/ocd/internal/sources/fetcher.go:46.63,49.5 2 0
github.com/bladeacer/ocd/internal/sources/fetcher.go:51.3,52.17 2 0
github.com/bladeacer/ocd/internal/sources/fetcher.go:52.17,54.4 1 0
github.com/bladeacer/ocd/internal/sources/fetcher.go:55.3,55.59 1 0
github.com/bladeacer/ocd/internal/sources/fetcher.go:55.59,57.4 1 0
github.com/bladeacer/ocd/internal/sources/fetcher.go:58.3,59.13 2 0
github.com/bladeacer/ocd/internal/sources/fetcher.go:62.2,62.20 1 0
github.com/bladeacer/ocd/internal/sources/fetcher.go:62.20,63.10 1 0
github.com/bladeacer/ocd/internal/sources/fetcher.go:64.21,65.20 1 0
github.com/bladeacer/ocd/internal/sources/fetcher.go:66.11,66.11 0 0
github.com/bladeacer/ocd/internal/sources/fetcher.go:68.3,68.13 1 0
github.com/bladeacer/ocd/internal/sources/fetcher.go:68.13,70.66 2 0
github.com/bladeacer/ocd/internal/sources/fetcher.go:70.66,73.5 2 0
github.com/bladeacer/ocd/internal/sources/fetcher.go:75.3,76.17 2 0
github.com/bladeacer/ocd/internal/sources/fetcher.go:76.17,78.4 1 0
github.com/bladeacer/ocd/internal/sources/fetcher.go:79.3,79.62 1 0
github.com/bladeacer/ocd/internal/sources/fetcher.go:79.62,81.4 1 0
github.com/bladeacer/ocd/internal/sources/fetcher.go:82.3,83.13 2 0
github.com/bladeacer/ocd/internal/sources/fetcher.go:86.2,86.20 1 0
github.com/bladeacer/ocd/internal/sources/fetcher.go:86.20,87.10 1 0
github.com/bladeacer/ocd/internal/sources/fetcher.go:88.21,89.20 1 0
github.com/bladeacer/ocd/internal/sources/fetcher.go:90.11,90.11 0 0
github.com/bladeacer/ocd/internal/sources/fetcher.go:92.3,92.13 1 0
github.com/bladeacer/ocd/internal/sources/fetcher.go:92.13,94.68 2 0
github.com/bladeacer/ocd/internal/sources/fetcher.go:94.68,97.5 2 0
github.com/bladeacer/ocd/internal/sources/fetcher.go:99.3,100.17 2 0
github.com/bladeacer/ocd/internal/sources/fetcher.go:100.17,102.4 1 0
github.com/bladeacer/ocd/internal/sources/fetcher.go:103.3,103.64 1 0
github.com/bladeacer/ocd/internal/sources/fetcher.go:103.64,105.4 1 0
github.com/bladeacer/ocd/internal/sources/fetcher.go:106.3,107.13 2 0
github.com/bladeacer/ocd/internal/sources/fetcher.go:110.2,110.33 1 0
github.com/bladeacer/ocd/internal/sources/fetcher.go:110.33,112.3 1 0
github.com/bladeacer/ocd/internal/sources/fetcher.go:113.2,113.16 1 0
github.com/bladeacer/ocd/internal/sources/rss.go:17.20,19.2 1 0
github.com/bladeacer/ocd/internal/sources/rss.go:21.29,21.45 1 0
github.com/bladeacer/ocd/internal/sources/rss.go:23.52,26.16 3 0
github.com/bladeacer/ocd/internal/sources/rss.go:26.16,28.3 1 0
github.com/bladeacer/ocd/internal/sources/rss.go:30.2,35.35 4 0
github.com/bladeacer/ocd/internal/sources/rss.go:35.35,37.20 2 0
github.com/bladeacer/ocd/internal/sources/rss.go:37.20,38.12 1 0
github.com/bladeacer/ocd/internal/sources/rss.go:40.3,43.47 3 0
github.com/bladeacer/ocd/internal/sources/rss.go:43.47,45.4 1 0
github.com/bladeacer/ocd/internal/sources/rss.go:47.3,51.26 3 0
github.com/bladeacer/ocd/internal/sources/rss.go:51.26,53.22 2 0
github.com/bladeacer/ocd/internal/sources/rss.go:53.22,55.5 1 0
github.com/bladeacer/ocd/internal/sources/rss.go:56.9,56.37 1 0
github.com/bladeacer/ocd/internal/sources/rss.go:56.37,58.22 2 0
github.com/bladeacer/ocd/internal/sources/rss.go:58.22,60.5 1 0
github.com/bladeacer/ocd/internal/sources/rss.go:63.3,64.17 2 0
github.com/bladeacer/ocd/internal/sources/rss.go:64.17,66.4 1 0
github.com/bladeacer/ocd/internal/sources/rss.go:68.3,75.5 1 0
github.com/bladeacer/ocd/internal/sources/rss.go:78.2,78.24 1 0
github.com/bladeacer/ocd/internal/sources/rss.go:78.24,80.3 1 0
github.com/bladeacer/ocd/internal/sources/rss.go:82.2,83.22 2 0
github.com/bladeacer/ocd/internal/sources/rss.go:86.69,91.40 4 0
github.com/bladeacer/ocd/internal/sources/rss.go:91.40,92.31 1 0
github.com/bladeacer/ocd/internal/sources/rss.go:92.31,94.4 1 0
github.com/bladeacer/ocd/internal/sources/rss.go:94.9,96.4 1 0
[...]
github.com/bladeacer/ocd/internal/tui/diffmodel.go:1173.32,1174.25 1 1
github.com/bladeacer/ocd/internal/tui/diffmodel.go:1174.25,1176.3 1 1
github.com/bladeacer/ocd/internal/tui/diffmodel.go:1177.2,1178.23 2 1
github.com/bladeacer/ocd/internal/tui/diffmodel.go:1178.23,1180.3 1 1
github.com/bladeacer/ocd/internal/tui/diffmodel.go:1181.2,1182.48 2 1
github.com/bladeacer/ocd/internal/tui/diffmodel.go:1182.48,1184.3 1 1
github.com/bladeacer/ocd/internal/tui/diffmodel.go:1185.2,1186.28 2 1
github.com/bladeacer/ocd/internal/tui/diffmodel.go:1189.46,1190.25 1 1
github.com/bladeacer/ocd/internal/tui/diffmodel.go:1190.25,1192.3 1 1
github.com/bladeacer/ocd/internal/tui/diffmodel.go:1193.2,1195.38 3 1
github.com/bladeacer/ocd/internal/tui/diffmodel.go:1195.38,1197.3 1 1
github.com/bladeacer/ocd/internal/tui/diffmodel.go:1198.2,1198.19 1 1
github.com/bladeacer/ocd/internal/tui/diffmodel.go:1201.35,1202.14 1 1
github.com/bladeacer/ocd/internal/tui/diffmodel.go:1202.14,1204.3 1 1
github.com/bladeacer/ocd/internal/tui/diffmodel.go:1205.2,1205.66 1 1
github.com/bladeacer/ocd/internal/tui/diffmodel.go:1205.66,1208.3 2 0
github.com/bladeacer/ocd/internal/tui/diffmodel.go:1208.8,1208.55 1 1
github.com/bladeacer/ocd/internal/tui/diffmodel.go:1208.55,1210.3 1 1
github.com/bladeacer/ocd/internal/tui/diffmodel.go:1210.8,1210.34 1 1
github.com/bladeacer/ocd/internal/tui/diffmodel.go:1210.34,1212.3 1 0
github.com/bladeacer/ocd/internal/tui/diffmodel.go:1214.2,1214.16 1 1
github.com/bladeacer/ocd/internal/tui/diffmodel.go:1214.16,1216.3 1 1
github.com/bladeacer/ocd/internal/tui/diffmodel.go:1218.2,1220.18 3 1
github.com/bladeacer/ocd/internal/tui/diffmodel.go:1220.18,1222.3 1 0
github.com/bladeacer/ocd/internal/tui/diffmodel.go:1224.2,1225.24 2 1
github.com/bladeacer/ocd/internal/tui/diffmodel.go:1225.24,1229.3 1 1
github.com/bladeacer/ocd/internal/tui/diffmodel.go:1231.2,1237.59 2 1
github.com/bladeacer/ocd/internal/tui/diffmodel.go:1240.41,1266.16 6 1
github.com/bladeacer/ocd/internal/tui/diffmodel.go:1266.16,1268.3 1 1
github.com/bladeacer/ocd/internal/tui/diffmodel.go:1269.2,1270.13 2 1
github.com/bladeacer/ocd/internal/tui/diffmodel.go:1270.13,1272.3 1 1
github.com/bladeacer/ocd/internal/tui/diffmodel.go:1273.2,1273.107 1 1
github.com/bladeacer/ocd/internal/tui/diffmodel.go:1276.53,1281.2 4 0
github.com/bladeacer/ocd/internal/tui/model.go:68.49,117.2 12 0
github.com/bladeacer/ocd/internal/tui/model.go:119.32,121.2 1 0
github.com/bladeacer/ocd/internal/tui/model.go:123.38,126.2 2 1
github.com/bladeacer/ocd/internal/tui/model.go:128.37,131.2 2 0
github.com/bladeacer/ocd/internal/tui/model.go:133.58,134.27 1 1
github.com/bladeacer/ocd/internal/tui/model.go:135.25,138.16 3 1
github.com/bladeacer/ocd/internal/tui/model.go:140.21,142.30 2 0
github.com/bladeacer/ocd/internal/tui/model.go:142.30,145.4 2 0
github.com/bladeacer/ocd/internal/tui/model.go:146.3,149.16 4 0
github.com/bladeacer/ocd/internal/tui/model.go:151.15,152.30 1 0
github.com/bladeacer/ocd/internal/tui/model.go:152.30,154.42 2 0
github.com/bladeacer/ocd/internal/tui/model.go:154.42,156.5 1 0
github.com/bladeacer/ocd/internal/tui/model.go:157.4,157.26 1 0
github.com/bladeacer/ocd/internal/tui/model.go:159.3,159.16 1 0
github.com/bladeacer/ocd/internal/tui/model.go:161.18,162.26 1 0
github.com/bladeacer/ocd/internal/tui/model.go:164.23,167.16 3 0
github.com/bladeacer/ocd/internal/tui/model.go:170.2,170.15 1 0
github.com/bladeacer/ocd/internal/tui/model.go:173.64,174.17 1 1
github.com/bladeacer/ocd/internal/tui/model.go:175.20,176.33 1 1
github.com/bladeacer/ocd/internal/tui/model.go:177.18,178.31 1 1
github.com/bladeacer/ocd/internal/tui/model.go:179.19,180.32 1 1
github.com/bladeacer/ocd/internal/tui/model.go:181.20,182.33 1 1
github.com/bladeacer/ocd/internal/tui/model.go:184.2,184.15 1 0
github.com/bladeacer/ocd/internal/tui/model.go:187.71,188.53 1 1
github.com/bladeacer/ocd/internal/tui/model.go:188.53,190.3 1 1
github.com/bladeacer/ocd/internal/tui/model.go:191.2,191.15 1 1
github.com/bladeacer/ocd/internal/tui/model.go:194.69,197.16 2 1
github.com/bladeacer/ocd/internal/tui/model.go:197.16,200.3 2 1
github.com/bladeacer/ocd/internal/tui/model.go:202.2,202.13 1 1
github.com/bladeacer/ocd/internal/tui/model.go:203.21,204.21 1 1
github.com/bladeacer/ocd/internal/tui/model.go:206.17,208.16 2 1
github.com/bladeacer/ocd/internal/tui/model.go:210.16,211.23 1 1
github.com/bladeacer/ocd/internal/tui/model.go:213.11,217.16 4 1
github.com/bladeacer/ocd/internal/tui/model.go:219.11,221.19 2 1
github.com/bladeacer/ocd/internal/tui/model.go:223.11,225.19 2 1
github.com/bladeacer/ocd/internal/tui/model.go:227.11,229.19 2 1
github.com/bladeacer/ocd/internal/tui/model.go:231.11,233.19 2 1
github.com/bladeacer/ocd/internal/tui/model.go:235.11,237.16 2 1
github.com/bladeacer/ocd/internal/tui/model.go:240.2,242.15 3 1
github.com/bladeacer/ocd/internal/tui/model.go:245.70,246.22 1 1
github.com/bladeacer/ocd/internal/tui/model.go:247.27,253.16 6 1
github.com/bladeacer/ocd/internal/tui/model.go:255.24,260.16 5 1
github.com/bladeacer/ocd/internal/tui/model.go:262.19,264.19 2 1
github.com/bladeacer/ocd/internal/tui/model.go:264.19,266.4 1 1
github.com/bladeacer/ocd/internal/tui/model.go:267.3,269.16 3 1
github.com/bladeacer/ocd/internal/tui/model.go:270.11,277.16 7 1
github.com/bladeacer/ocd/internal/tui/model.go:280.2,280.28 1 1
github.com/bladeacer/ocd/internal/tui/model.go:280.28,285.3 4 1
github.com/bladeacer/ocd/internal/tui/model.go:287.2,287.15 1 0
github.com/bladeacer/ocd/internal/tui/model.go:290.71,291.22 1 1
github.com/bladeacer/ocd/internal/tui/model.go:292.21,293.21 1 1
github.com/bladeacer/ocd/internal/tui/model.go:294.27,297.16 3 1
github.com/bladeacer/ocd/internal/tui/model.go:299.2,299.15 1 0
github.com/bladeacer/ocd/internal/tui/model.go:302.50,304.16 2 1
github.com/bladeacer/ocd/internal/tui/model.go:304.16,306.3 1 1
github.com/bladeacer/ocd/internal/tui/model.go:307.2,309.15 3 1
github.com/bladeacer/ocd/internal/tui/model.go:312.32,315.29 2 1
github.com/bladeacer/ocd/internal/tui/model.go:315.29,320.42 4 1
github.com/bladeacer/ocd/internal/tui/model.go:320.42,321.12 1 1
github.com/bladeacer/ocd/internal/tui/model.go:323.3,323.25 1 1
github.com/bladeacer/ocd/internal/tui/model.go:323.25,325.35 2 1
github.com/bladeacer/ocd/internal/tui/model.go:325.35,326.29 1 1
github.com/bladeacer/ocd/internal/tui/model.go:326.29,328.11 2 1
github.com/bladeacer/ocd/internal/tui/model.go:331.4,331.15 1 1
github.com/bladeacer/ocd/internal/tui/model.go:331.15,332.13 1 1
github.com/bladeacer/ocd/internal/tui/model.go:335.3,335.46 1 1
github.com/bladeacer/ocd/internal/tui/model.go:335.46,336.12 1 0
github.com/bladeacer/ocd/internal/tui/model.go:338.3,338.26 1 1
github.com/bladeacer/ocd/internal/tui/model.go:338.26,340.69 2 1
github.com/bladeacer/ocd/internal/tui/model.go:340.69,341.13 1 1
github.com/bladeacer/ocd/internal/tui/model.go:344.3,344.35 1 1
github.com/bladeacer/ocd/internal/tui/model.go:347.2,348.21 2 1
github.com/bladeacer/ocd/internal/tui/model.go:351.50,353.2 1 1
github.com/bladeacer/ocd/internal/tui/model.go:355.35,357.17 2 1
github.com/bladeacer/ocd/internal/tui/model.go:357.17,359.3 1 1
github.com/bladeacer/ocd/internal/tui/model.go:361.2,364.41 3 1
github.com/bladeacer/ocd/internal/tui/model.go:364.41,368.23 3 1
github.com/bladeacer/ocd/internal/tui/model.go:368.23,371.22 3 1
github.com/bladeacer/ocd/internal/tui/model.go:371.22,373.5 1 1
github.com/bladeacer/ocd/internal/tui/model.go:375.3,375.37 1 1
github.com/bladeacer/ocd/internal/tui/model.go:378.2,378.23 1 1
github.com/bladeacer/ocd/internal/tui/model.go:381.29,385.37 3 1
github.com/bladeacer/ocd/internal/tui/model.go:385.37,387.3 1 1
github.com/bladeacer/ocd/internal/tui/model.go:389.2,392.46 3 1
github.com/bladeacer/ocd/internal/tui/model.go:392.46,397.3 1 1
github.com/bladeacer/ocd/internal/tui/model.go:399.2,401.36 2 1
github.com/bladeacer/ocd/internal/tui/model.go:401.36,404.16 3 1
github.com/bladeacer/ocd/internal/tui/model.go:404.16,405.12 1 0
github.com/bladeacer/ocd/internal/tui/model.go:407.3,411.16 4 1
github.com/bladeacer/ocd/internal/tui/model.go:411.16,412.38 1 1
github.com/bladeacer/ocd/internal/tui/model.go:412.38,414.5 1 1
github.com/bladeacer/ocd/internal/tui/model.go:417.3,419.33 3 1
github.com/bladeacer/ocd/internal/tui/model.go:419.33,420.17 1 1
github.com/bladeacer/ocd/internal/tui/model.go:420.17,422.5 1 1
github.com/bladeacer/ocd/internal/tui/model.go:422.10,424.5 1 1
github.com/bladeacer/ocd/internal/tui/model.go:427.3,428.52 2 1
github.com/bladeacer/ocd/internal/tui/model.go:428.52,430.4 1 0
github.com/bladeacer/ocd/internal/tui/model.go:432.3,433.21 2 1
github.com/bladeacer/ocd/internal/tui/model.go:433.21,435.4 1 0
github.com/bladeacer/ocd/internal/tui/model.go:437.3,446.5 1 1
github.com/bladeacer/ocd/internal/tui/model.go:449.2,450.19 2 1
github.com/bladeacer/ocd/internal/tui/model.go:453.41,464.2 1 1
github.com/bladeacer/ocd/internal/tui/model.go:466.42,469.16 3 0
github.com/bladeacer/ocd/internal/tui/model.go:469.16,471.3 1 0
github.com/bladeacer/ocd/internal/tui/model.go:472.2,473.9 2 0
github.com/bladeacer/ocd/internal/tui/model.go:473.9,475.3 1 0
github.com/bladeacer/ocd/internal/tui/model.go:476.2,476.30 1 0
github.com/bladeacer/ocd/internal/tui/model.go:476.30,478.3 1 0
github.com/bladeacer/ocd/internal/tui/model.go:479.2,479.25 1 0
github.com/bladeacer/ocd/internal/tui/model.go:482.35,485.26 3 1
github.com/bladeacer/ocd/internal/tui/model.go:485.26,486.12 1 1
github.com/bladeacer/ocd/internal/tui/model.go:486.12,488.4 1 1
github.com/bladeacer/ocd/internal/tui/model.go:490.2,490.13 1 1
github.com/bladeacer/ocd/internal/tui/model.go:493.25,495.22 2 1
github.com/bladeacer/ocd/internal/tui/model.go:495.22,496.27 1 1
github.com/bladeacer/ocd/internal/tui/model.go:496.27,498.4 1 1
github.com/bladeacer/ocd/internal/tui/model.go:500.2,500.10 1 1
github.com/bladeacer/ocd/internal/tui/model.go:503.38,504.25 1 1
github.com/bladeacer/ocd/internal/tui/model.go:504.25,507.17 3 1
github.com/bladeacer/ocd/internal/tui/model.go:507.17,509.4 1 1
github.com/bladeacer/ocd/internal/tui/model.go:510.3,510.17 1 1
github.com/bladeacer/ocd/internal/tui/model.go:510.17,512.4 1 1
github.com/bladeacer/ocd/internal/tui/model.go:513.3,513.15 1 1
github.com/bladeacer/ocd/internal/tui/model.go:513.15,515.4 1 1
github.com/bladeacer/ocd/internal/tui/model.go:517.2,517.10 1 1
github.com/bladeacer/ocd/internal/tui/model.go:520.38,521.37 1 1
github.com/bladeacer/ocd/internal/tui/model.go:521.37,523.3 1 1
github.com/bladeacer/ocd/internal/tui/model.go:524.2,524.16 1 1
github.com/bladeacer/ocd/internal/tui/model.go:525.22,526.11 1 1
github.com/bladeacer/ocd/internal/tui/model.go:527.19,528.11 1 1
github.com/bladeacer/ocd/internal/tui/model.go:529.24,530.11 1 1
github.com/bladeacer/ocd/internal/tui/model.go:532.2,532.10 1 1
github.com/bladeacer/ocd/internal/tui/model.go:535.35,536.13 1 1
github.com/bladeacer/ocd/internal/tui/model.go:536.13,538.3 1 1
github.com/bladeacer/ocd/internal/tui/model.go:539.2,539.16 1 1
github.com/bladeacer/ocd/internal/tui/pickermodel.go:47.61,77.2 8 1
github.com/bladeacer/ocd/internal/tui/pickermodel.go:79.38,81.2 1 1
github.com/bladeacer/ocd/internal/tui/pickermodel.go:83.42,86.2 2 0
github.com/bladeacer/ocd/internal/tui/pickermodel.go:88.64,89.27 1 0
github.com/bladeacer/ocd/internal/tui/pickermodel.go:90.21,92.30 2 0
github.com/bladeacer/ocd/internal/tui/pickermodel.go:92.30,95.4 2 0
github.com/bladeacer/ocd/internal/tui/pickermodel.go:96.3,98.16 3 0
github.com/bladeacer/ocd/internal/tui/pickermodel.go:100.32,103.16 3 0
github.com/bladeacer/ocd/internal/tui/pickermodel.go:105.18,106.38 1 0
github.com/bladeacer/ocd/internal/tui/pickermodel.go:106.38,107.55 1 0
github.com/bladeacer/ocd/internal/tui/pickermodel.go:107.55,110.5 2 0
github.com/bladeacer/ocd/internal/tui/pickermodel.go:111.4,111.17 1 0
github.com/bladeacer/ocd/internal/tui/pickermodel.go:114.3,114.26 1 0
github.com/bladeacer/ocd/internal/tui/pickermodel.go:117.2,117.15 1 0
github.com/bladeacer/ocd/internal/tui/pickermodel.go:120.70,121.18 1 1
github.com/bladeacer/ocd/internal/tui/pickermodel.go:121.18,123.3 1 0
github.com/bladeacer/ocd/internal/tui/pickermodel.go:125.2,127.16 2 1
github.com/bladeacer/ocd/internal/tui/pickermodel.go:127.16,130.3 2 1
github.com/bladeacer/ocd/internal/tui/pickermodel.go:132.2,132.13 1 1
github.com/bladeacer/ocd/internal/tui/pickermodel.go:133.21,135.21 2 0
github.com/bladeacer/ocd/internal/tui/pickermodel.go:136.17,138.16 2 1
github.com/bladeacer/ocd/internal/tui/pickermodel.go:139.11,143.16 4 1
github.com/bladeacer/ocd/internal/tui/pickermodel.go:144.16,145.27 1 1
github.com/bladeacer/ocd/internal/tui/pickermodel.go:146.11,148.18 2 1
github.com/bladeacer/ocd/internal/tui/pickermodel.go:149.11,151.18 2 1
github.com/bladeacer/ocd/internal/tui/pickermodel.go:152.11,154.16 2 1
github.com/bladeacer/ocd/internal/tui/pickermodel.go:157.2,159.15 3 1
github.com/bladeacer/ocd/internal/tui/pickermodel.go:162.76,163.22 1 1
github.com/bladeacer/ocd/internal/tui/pickermodel.go:164.27,170.16 6 1
github.com/bladeacer/ocd/internal/tui/pickermodel.go:171.24,176.16 5 1
github.com/bladeacer/ocd/internal/tui/pickermodel.go:177.20,179.19 2 1
github.com/bladeacer/ocd/internal/tui/pickermodel.go:179.19,181.4 1 1
github.com/bladeacer/ocd/internal/tui/pickermodel.go:182.3,184.16 3 1
github.com/bladeacer/ocd/internal/tui/pickermodel.go:185.11,192.16 7 1
github.com/bladeacer/ocd/internal/tui/pickermodel.go:195.2,195.28 1 1
github.com/bladeacer/ocd/internal/tui/pickermodel.go:195.28,200.3 4 1
github.com/bladeacer/ocd/internal/tui/pickermodel.go:202.2,202.15 1 0
github.com/bladeacer/ocd/internal/tui/pickermodel.go:205.60,207.16 2 1
github.com/bladeacer/ocd/internal/tui/pickermodel.go:207.16,209.3 1 1
github.com/bladeacer/ocd/internal/tui/pickermodel.go:210.2,211.29 2 1
github.com/bladeacer/ocd/internal/tui/pickermodel.go:211.29,217.3 5 1
github.com/bladeacer/ocd/internal/tui/pickermodel.go:217.8,221.3 3 1
github.com/bladeacer/ocd/internal/tui/pickermodel.go:222.2,222.15 1 1
github.com/bladeacer/ocd/internal/tui/pickermodel.go:225.35,227.38 2 1
github.com/bladeacer/ocd/internal/tui/pickermodel.go:227.38,232.3 1 1
github.com/bladeacer/ocd/internal/tui/pickermodel.go:234.2,236.37 3 1
github.com/bladeacer/ocd/internal/tui/pickermodel.go:236.37,238.3 1 1
github.com/bladeacer/ocd/internal/tui/pickermodel.go:240.2,240.24 1 1
github.com/bladeacer/ocd/internal/tui/pickermodel.go:240.24,241.58 1 1
github.com/bladeacer/ocd/internal/tui/pickermodel.go:241.58,242.12 1 1
github.com/bladeacer/ocd/internal/tui/pickermodel.go:244.3,245.21 2 1
github.com/bladeacer/ocd/internal/tui/pickermodel.go:245.21,247.4 1 0
github.com/bladeacer/ocd/internal/tui/pickermodel.go:249.3,250.31 2 1
github.com/bladeacer/ocd/internal/tui/pickermodel.go:250.31,251.28 1 1
github.com/bladeacer/ocd/internal/tui/pickermodel.go:251.28,253.5 1 1
github.com/bladeacer/ocd/internal/tui/pickermodel.go:253.10,255.5 1 1
github.com/bladeacer/ocd/internal/tui/pickermodel.go:258.3,259.16 2 1
github.com/bladeacer/ocd/internal/tui/pickermodel.go:259.16,261.4 1 1
github.com/bladeacer/ocd/internal/tui/pickermodel.go:261.9,263.4 1 1
github.com/bladeacer/ocd/internal/tui/pickermodel.go:265.3,271.5 1 1
github.com/bladeacer/ocd/internal/tui/pickermodel.go:273.2,273.15 1 1
github.com/bladeacer/ocd/internal/tui/pickermodel.go:276.57,279.2 2 1
github.com/bladeacer/ocd/internal/tui/pickermodel.go:281.37,284.29 2 1
github.com/bladeacer/ocd/internal/tui/pickermodel.go:284.29,285.43 1 1
github.com/bladeacer/ocd/internal/tui/pickermodel.go:285.43,286.12 1 1
github.com/bladeacer/ocd/internal/tui/pickermodel.go:288.3,288.44 1 1
github.com/bladeacer/ocd/internal/tui/pickermodel.go:288.44,290.35 2 1
github.com/bladeacer/ocd/internal/tui/pickermodel.go:290.35,291.28 1 1
github.com/bladeacer/ocd/internal/tui/pickermodel.go:291.28,293.11 2 1
github.com/bladeacer/ocd/internal/tui/pickermodel.go:296.4,296.15 1 1
github.com/bladeacer/ocd/internal/tui/pickermodel.go:296.15,297.13 1 1
github.com/bladeacer/ocd/internal/tui/pickermodel.go:300.3,300.22 1 1
github.com/bladeacer/ocd/internal/tui/pickermodel.go:300.22,302.63 2 1
github.com/bladeacer/ocd/internal/tui/pickermodel.go:302.63,303.13 1 0
github.com/bladeacer/ocd/internal/tui/pickermodel.go:306.3,306.35 1 1
github.com/bladeacer/ocd/internal/tui/pickermodel.go:309.2,309.49 1 1
github.com/bladeacer/ocd/internal/tui/pickermodel.go:309.49,312.19 3 1
github.com/bladeacer/ocd/internal/tui/pickermodel.go:312.19,314.4 1 0
github.com/bladeacer/ocd/internal/tui/pickermodel.go:315.3,318.8 1 1
github.com/bladeacer/ocd/internal/tui/pickermodel.go:321.2,321.25 1 1
github.com/bladeacer/ocd/internal/tui/pickermodel.go:324.37,325.18 1 1
github.com/bladeacer/ocd/internal/tui/pickermodel.go:325.18,327.3 1 1
github.com/bladeacer/ocd/internal/tui/pickermodel.go:328.2,328.21 1 1
github.com/bladeacer/ocd/internal/tui/pickermodel.go:328.21,330.3 1 1
github.com/bladeacer/ocd/internal/tui/pickermodel.go:332.2,332.16 1 1
github.com/bladeacer/ocd/internal/tui/pickermodel.go:332.16,347.3 4 1
github.com/bladeacer/ocd/internal/tui/pickermodel.go:349.2,350.30 2 0
github.com/bladeacer/ocd/internal/tui/pickermodel.go:350.30,352.3 1 0
github.com/bladeacer/ocd/internal/tui/pickermodel.go:354.2,355.18 2 0
github.com/bladeacer/ocd/internal/tui/pickermodel.go:355.18,357.3 1 0
github.com/bladeacer/ocd/internal/tui/pickermodel.go:359.2,366.92 3 0
github.com/bladeacer/ocd/internal/tui/pickermodel.go:369.75,373.16 4 0
github.com/bladeacer/ocd/internal/tui/pickermodel.go:373.16,375.3 1 0
github.com/bladeacer/ocd/internal/tui/pickermodel.go:376.2,377.25 2 0
github.com/bladeacer/ocd/internal/tui/pickermodel.go:377.25,379.3 1 0
github.com/bladeacer/ocd/internal/tui/pickermodel.go:380.2,380.47 1 0
github.com/bladeacer/ocd/internal/tui/spinner.go:18.55,27.2 4 1
github.com/bladeacer/ocd/internal/tui/spinner.go:29.39,31.2 1 1
github.com/bladeacer/ocd/internal/tui/spinner.go:33.45,36.2 2 1
github.com/bladeacer/ocd/internal/tui/spinner.go:38.69,39.27 1 1
github.com/bladeacer/ocd/internal/tui/spinner.go:40.15,42.37 2 1
github.com/bladeacer/ocd/internal/tui/spinner.go:42.37,44.4 1 1
github.com/bladeacer/ocd/internal/tui/spinner.go:45.3,45.25 1 1
github.com/bladeacer/ocd/internal/tui/spinner.go:46.23,49.16 3 1
github.com/bladeacer/ocd/internal/tui/spinner.go:51.2,51.15 1 0
github.com/bladeacer/ocd/internal/tui/spinner.go:54.38,58.2 3 1
github.com/bladeacer/ocd/internal/tui/spinner.go:60.39,62.2 1 1
github.com/bladeacer/ocd/internal/tui/styles.go:42.33,54.2 4 1
github.com/bladeacer/ocd/internal/tui/view.go:17.31,18.17 1 1
github.com/bladeacer/ocd/internal/tui/view.go:19.20,20.25 1 1
github.com/bladeacer/ocd/internal/tui/view.go:21.31,22.30 1 1
github.com/bladeacer/ocd/internal/tui/view.go:23.20,24.25 1 1
github.com/bladeacer/ocd/internal/tui/view.go:26.2,26.11 1 0
github.com/bladeacer/ocd/internal/tui/view.go:29.38,30.18 1 1
github.com/bladeacer/ocd/internal/tui/view.go:30.18,32.3 1 1
github.com/bladeacer/ocd/internal/tui/view.go:34.2,37.84 3 1
github.com/bladeacer/ocd/internal/tui/view.go:40.43,41.16 1 1
github.com/bladeacer/ocd/internal/tui/view.go:41.16,43.3 1 0
github.com/bladeacer/ocd/internal/tui/view.go:45.2,49.28 3 1
github.com/bladeacer/ocd/internal/tui/view.go:49.28,51.3 1 1
github.com/bladeacer/ocd/internal/tui/view.go:53.2,58.19 4 1
github.com/bladeacer/ocd/internal/tui/view.go:61.45,79.16 5 1
github.com/bladeacer/ocd/internal/tui/view.go:79.16,81.3 1 1
github.com/bladeacer/ocd/internal/tui/view.go:82.2,83.13 2 1
github.com/bladeacer/ocd/internal/tui/view.go:83.13,85.3 1 0
github.com/bladeacer/ocd/internal/tui/view.go:86.2,87.26 2 1
github.com/bladeacer/ocd/internal/tui/view.go:90.37,102.2 4 1
github.com/bladeacer/ocd/internal/tui/view.go:104.50,105.12 1 1
github.com/bladeacer/ocd/internal/tui/view.go:105.12,107.3 1 1
github.com/bladeacer/ocd/internal/tui/view.go:108.2,108.53 1 1
github.com/bladeacer/ocd/internal/tui/view.go:111.38,119.2 3 1
