mode: set
github.com/bladeacer/ocd/main.go:18.13,33.39 6 0
github.com/bladeacer/ocd/main.go:33.39,36.3 2 0
github.com/bladeacer/ocd/main.go:18.13,33.39 6 0
github.com/bladeacer/ocd/main.go:33.39,36.3 2 0
github.com/bladeacer/ocd/cmd/clean.go:12.35,16.55 1 0
github.com/bladeacer/ocd/cmd/clean.go:16.55,18.36 2 0
github.com/bladeacer/ocd/cmd/clean.go:18.36,20.5 1 0
github.com/bladeacer/ocd/cmd/clean.go:21.4,21.62 1 0
github.com/bladeacer/ocd/cmd/clean.go:21.62,23.5 1 0
github.com/bladeacer/ocd/cmd/clean.go:24.4,25.14 2 0
github.com/bladeacer/ocd/cmd/clean.go:29.2,29.12 1 0
github.com/bladeacer/ocd/cmd/diff.go:16.38,18.38 2 0
github.com/bladeacer/ocd/cmd/diff.go:18.38,20.3 1 0
github.com/bladeacer/ocd/cmd/diff.go:21.2,23.12 3 0
github.com/bladeacer/ocd/cmd/diff.go:26.34,39.55 3 0
github.com/bladeacer/ocd/cmd/diff.go:39.55,42.22 2 0
github.com/bladeacer/ocd/cmd/diff.go:42.22,45.5 2 0
github.com/bladeacer/ocd/cmd/diff.go:45.10,45.44 1 0
github.com/bladeacer/ocd/cmd/diff.go:45.44,51.19 5 0
github.com/bladeacer/ocd/cmd/diff.go:51.19,53.6 1 0
github.com/bladeacer/ocd/cmd/diff.go:54.5,54.41 1 0
github.com/bladeacer/ocd/cmd/diff.go:54.41,57.6 2 0
github.com/bladeacer/ocd/cmd/diff.go:58.10,60.5 1 0
github.com/bladeacer/ocd/cmd/diff.go:62.4,62.46 1 0
github.com/bladeacer/ocd/cmd/diff.go:62.46,64.5 1 0
github.com/bladeacer/ocd/cmd/diff.go:65.4,65.46 1 0
github.com/bladeacer/ocd/cmd/diff.go:65.46,67.5 1 0
github.com/bladeacer/ocd/cmd/diff.go:69.4,70.27 2 0
github.com/bladeacer/ocd/cmd/diff.go:70.27,72.5 1 0
github.com/bladeacer/ocd/cmd/diff.go:74.4,74.36 1 0
github.com/bladeacer/ocd/cmd/diff.go:78.2,80.12 3 0
github.com/bladeacer/ocd/cmd/extract.go:11.37,18.55 1 0
github.com/bladeacer/ocd/cmd/extract.go:18.55,21.18 3 0
github.com/bladeacer/ocd/cmd/extract.go:21.18,23.5 1 0
github.com/bladeacer/ocd/cmd/extract.go:24.4,25.14 2 0
github.com/bladeacer/ocd/cmd/extract.go:29.2,29.12 1 0
github.com/bladeacer/ocd/cmd/interact.go:14.38,23.55 2 0
github.com/bladeacer/ocd/cmd/interact.go:23.55,29.18 5 0
github.com/bladeacer/ocd/cmd/interact.go:29.18,31.5 1 0
github.com/bladeacer/ocd/cmd/interact.go:32.4,32.30 1 0
github.com/bladeacer/ocd/cmd/interact.go:32.30,35.5 2 0
github.com/bladeacer/ocd/cmd/interact.go:37.4,39.18 3 0
github.com/bladeacer/ocd/cmd/interact.go:39.18,41.5 1 0
github.com/bladeacer/ocd/cmd/interact.go:42.4,43.14 2 0
github.com/bladeacer/ocd/cmd/interact.go:47.2,48.12 2 0
github.com/bladeacer/ocd/internal/cache/cache.go:28.36,33.49 2 0
github.com/bladeacer/ocd/internal/cache/cache.go:33.49,34.13 1 0
github.com/bladeacer/ocd/internal/cache/cache.go:36.2,36.10 1 0
github.com/bladeacer/ocd/internal/cache/cache.go:39.42,41.2 1 0
github.com/bladeacer/ocd/internal/cache/cache.go:43.55,46.16 3 0
github.com/bladeacer/ocd/internal/cache/cache.go:46.16,47.25 1 0
github.com/bladeacer/ocd/internal/cache/cache.go:47.25,49.4 1 0
github.com/bladeacer/ocd/internal/cache/cache.go:50.3,50.13 1 0
github.com/bladeacer/ocd/internal/cache/cache.go:52.2,53.53 2 0
github.com/bladeacer/ocd/internal/cache/cache.go:53.53,55.3 1 0
github.com/bladeacer/ocd/internal/cache/cache.go:56.2,56.54 1 0
github.com/bladeacer/ocd/internal/cache/cache.go:56.54,58.3 1 0
github.com/bladeacer/ocd/internal/cache/cache.go:59.2,59.38 1 0
github.com/bladeacer/ocd/internal/cache/cache.go:62.55,65.16 3 0
github.com/bladeacer/ocd/internal/cache/cache.go:65.16,67.3 1 0
github.com/bladeacer/ocd/internal/cache/cache.go:68.2,73.16 3 0
github.com/bladeacer/ocd/internal/cache/cache.go:73.16,75.3 1 0
github.com/bladeacer/ocd/internal/cache/cache.go:76.2,76.35 1 0
github.com/bladeacer/ocd/internal/cache/cache.go:79.43,82.24 3 0
github.com/bladeacer/ocd/internal/cache/cache.go:82.24,84.3 1 0
github.com/bladeacer/ocd/internal/cache/cache.go:85.2,85.12 1 0
github.com/bladeacer/ocd/internal/cache/cache.go:88.31,90.16 2 0
github.com/bladeacer/ocd/internal/cache/cache.go:90.16,91.25 1 0
github.com/bladeacer/ocd/internal/cache/cache.go:91.25,93.4 1 0
github.com/bladeacer/ocd/internal/cache/cache.go:94.3,94.13 1 0
github.com/bladeacer/ocd/internal/cache/cache.go:96.2,98.16 3 0
github.com/bladeacer/ocd/internal/cache/cache.go:98.16,100.3 1 0
github.com/bladeacer/ocd/internal/cache/cache.go:101.2,101.29 1 0
github.com/bladeacer/ocd/internal/cache/cache.go:101.29,103.3 1 0
github.com/bladeacer/ocd/internal/cache/cache.go:104.2,104.12 1 0
github.com/bladeacer/ocd/internal/core/asar.go:31.61,33.16 2 0
github.com/bladeacer/ocd/internal/core/asar.go:33.16,35.3 1 0
github.com/bladeacer/ocd/internal/core/asar.go:36.2,39.47 3 0
github.com/bladeacer/ocd/internal/core/asar.go:39.47,41.3 1 0
github.com/bladeacer/ocd/internal/core/asar.go:43.2,44.71 2 0
github.com/bladeacer/ocd/internal/core/asar.go:44.71,46.3 1 0
github.com/bladeacer/ocd/internal/core/asar.go:47.2,47.51 1 0
github.com/bladeacer/ocd/internal/core/asar.go:47.51,49.3 1 0
github.com/bladeacer/ocd/internal/core/asar.go:51.2,52.51 2 0
github.com/bladeacer/ocd/internal/core/asar.go:52.51,54.3 1 0
github.com/bladeacer/ocd/internal/core/asar.go:56.2,57.57 2 0
github.com/bladeacer/ocd/internal/core/asar.go:57.57,59.3 1 0
github.com/bladeacer/ocd/internal/core/asar.go:61.2,62.9 2 0
github.com/bladeacer/ocd/internal/core/asar.go:62.9,64.3 1 0
github.com/bladeacer/ocd/internal/core/asar.go:66.2,67.67 2 0
github.com/bladeacer/ocd/internal/core/asar.go:67.67,69.3 1 0
github.com/bladeacer/ocd/internal/core/asar.go:71.2,74.16 3 0
github.com/bladeacer/ocd/internal/core/asar.go:74.16,76.3 1 0
github.com/bladeacer/ocd/internal/core/asar.go:77.2,80.49 3 0
github.com/bladeacer/ocd/internal/core/asar.go:80.49,82.3 1 0
github.com/bladeacer/ocd/internal/core/asar.go:84.2,84.12 1 0
github.com/bladeacer/ocd/internal/core/diff.go:17.60,22.16 4 0
github.com/bladeacer/ocd/internal/core/diff.go:22.16,28.3 1 0
github.com/bladeacer/ocd/internal/core/diff.go:30.2,31.16 2 0
github.com/bladeacer/ocd/internal/core/diff.go:31.16,37.3 1 0
github.com/bladeacer/ocd/internal/core/diff.go:39.2,52.49 4 0
github.com/bladeacer/ocd/internal/core/diff.go:52.49,53.67 1 0
github.com/bladeacer/ocd/internal/core/diff.go:53.67,55.9 2 0
github.com/bladeacer/ocd/internal/core/diff.go:59.2,64.3 1 0
github.com/bladeacer/ocd/internal/core/extract.go:19.49,23.45 3 0
github.com/bladeacer/ocd/internal/core/extract.go:23.45,25.3 1 0
github.com/bladeacer/ocd/internal/core/extract.go:27.2,27.51 1 0
github.com/bladeacer/ocd/internal/core/extract.go:27.51,29.3 1 0
github.com/bladeacer/ocd/internal/core/extract.go:31.2,34.16 3 0
github.com/bladeacer/ocd/internal/core/extract.go:34.16,36.3 1 0
github.com/bladeacer/ocd/internal/core/extract.go:37.2,39.44 2 0
github.com/bladeacer/ocd/internal/core/extract.go:39.44,41.3 1 0
github.com/bladeacer/ocd/internal/core/extract.go:42.2,42.38 1 0
github.com/bladeacer/ocd/internal/core/extract.go:42.38,44.3 1 0
github.com/bladeacer/ocd/internal/core/extract.go:46.2,47.16 2 0
github.com/bladeacer/ocd/internal/core/extract.go:47.16,49.3 1 0
github.com/bladeacer/ocd/internal/core/extract.go:50.2,53.16 3 0
github.com/bladeacer/ocd/internal/core/extract.go:53.16,55.3 1 0
github.com/bladeacer/ocd/internal/core/extract.go:56.2,59.54 3 0
github.com/bladeacer/ocd/internal/core/extract.go:59.54,62.3 2 0
github.com/bladeacer/ocd/internal/core/extract.go:63.2,65.65 2 0
github.com/bladeacer/ocd/internal/core/extract.go:65.65,67.3 1 0
github.com/bladeacer/ocd/internal/core/extract.go:69.2,69.22 1 0
github.com/bladeacer/ocd/internal/sources/docker.go:20.32,22.2 1 0
github.com/bladeacer/ocd/internal/sources/docker.go:24.35,24.54 1 0
github.com/bladeacer/ocd/internal/sources/docker.go:39.57,43.16 3 0
github.com/bladeacer/ocd/internal/sources/docker.go:43.16,45.17 2 0
github.com/bladeacer/ocd/internal/sources/docker.go:45.17,47.4 1 0
github.com/bladeacer/ocd/internal/sources/docker.go:48.3,48.39 1 0
github.com/bladeacer/ocd/internal/sources/docker.go:48.39,51.4 2 0
github.com/bladeacer/ocd/internal/sources/docker.go:53.3,54.66 2 0
github.com/bladeacer/ocd/internal/sources/docker.go:54.66,57.4 2 0
github.com/bladeacer/ocd/internal/sources/docker.go:58.3,60.39 2 0
github.com/bladeacer/ocd/internal/sources/docker.go:60.39,61.45 1 0
github.com/bladeacer/ocd/internal/sources/docker.go:61.45,62.13 1 0
github.com/bladeacer/ocd/internal/sources/docker.go:64.4,68.44 4 0
github.com/bladeacer/ocd/internal/sources/docker.go:68.44,69.13 1 0
github.com/bladeacer/ocd/internal/sources/docker.go:72.4,76.6 1 0
github.com/bladeacer/ocd/internal/sources/docker.go:78.3,78.18 1 0
github.com/bladeacer/ocd/internal/sources/docker.go:81.2,81.18 1 0
github.com/bladeacer/ocd/internal/sources/electron.go:18.30,20.2 1 0
github.com/bladeacer/ocd/internal/sources/electron.go:22.34,22.55 1 0
github.com/bladeacer/ocd/internal/sources/electron.go:24.56,26.16 2 0
github.com/bladeacer/ocd/internal/sources/electron.go:26.16,28.3 1 0
github.com/bladeacer/ocd/internal/sources/electron.go:29.2,31.38 2 0
github.com/bladeacer/ocd/internal/sources/electron.go:31.38,33.3 1 0
github.com/bladeacer/ocd/internal/sources/electron.go:35.2,36.64 2 0
github.com/bladeacer/ocd/internal/sources/electron.go:36.64,38.3 1 0
github.com/bladeacer/ocd/internal/sources/electron.go:40.2,40.37 1 0
github.com/bladeacer/ocd/internal/sources/fetcher.go:22.42,29.2 1 0
github.com/bladeacer/ocd/internal/sources/fetcher.go:31.60,38.20 5 0
github.com/bladeacer/ocd/internal/sources/fetcher.go:38.20,39.10 1 0
github.com/bladeacer/ocd/internal/sources/fetcher.go:40.21,41.20 1 0
github.com/bladeacer/ocd/internal/sources/fetcher.go:42.11,42.11 0 0
github.com/bladeacer/ocd/internal/sources/fetcher.go:44.3,44.13 1 0
github.com/bladeacer/ocd/internal/sources/fetcher.go:44.13,46.63 2 0
github.com/bladeacer/ocd/internal/sources/fetcher.go:46.63,49.5 2 0
github.com/bladeacer/ocd/internal/sources/fetcher.go:51.3,52.17 2 0
github.com/bladeacer/ocd/internal/sources/fetcher.go:52.17,54.4 1 0
github.com/bladeacer/ocd/internal/sources/fetcher.go:55.3,55.59 1 0
github.com/bladeacer/ocd/internal/sources/fetcher.go:55.59,57.4 1 0
github.com/bladeacer/ocd/internal/sources/fetcher.go:58.3,59.13 2 0
github.com/bladeacer/ocd/internal/sources/fetcher.go:62.2,62.20 1 0
github.com/bladeacer/ocd/internal/sources/fetcher.go:62.20,63.10 1 0
github.com/bladeacer/ocd/internal/sources/fetcher.go:64.21,65.20 1 0
github.com/bladeacer/ocd/internal/sources/fetcher.go:66.11,66.11 0 0
github.com/bladeacer/ocd/internal/sources/fetcher.go:68.3,68.13 1 0
github.com/bladeacer/ocd/internal/sources/fetcher.go:68.13,70.66 2 0
github.com/bladeacer/ocd/internal/sources/fetcher.go:70.66,73.5 2 0
github.com/bladeacer/ocd/internal/sources/fetcher.go:75.3,76.17 2 0
github.com/bladeacer/ocd/internal/sources/fetcher.go:76.17,78.4 1 0
github.com/bladeacer/ocd/internal/sources/fetcher.go:79.3,79.62 1 0
github.com/bladeacer/ocd/internal/sources/fetcher.go:79.62,81.4 1 0
github.com/bladeacer/ocd/internal/sources/fetcher.go:82.3,83.13 2 0
github.com/bladeacer/ocd/internal/sources/fetcher.go:86.2,86.20 1 0
github.com/bladeacer/ocd/internal/sources/fetcher.go:86.20,87.10 1 0
github.com/bladeacer/ocd/internal/sources/fetcher.go:88.21,89.20 1 0
github.com/bladeacer/ocd/internal/sources/fetcher.go:90.11,90.11 0 0
github.com/bladeacer/ocd/internal/sources/fetcher.go:92.3,92.13 1 0
github.com/bladeacer/ocd/internal/sources/fetcher.go:92.13,94.68 2 0
github.com/bladeacer/ocd/internal/sources/fetcher.go:94.68,97.5 2 0
github.com/bladeacer/ocd/internal/sources/fetcher.go:99.3,100.17 2 0
github.com/bladeacer/ocd/internal/sources/fetcher.go:100.17,102.4 1 0
github.com/bladeacer/ocd/internal/sources/fetcher.go:103.3,103.64 1 0
github.com/bladeacer/ocd/internal/sources/fetcher.go:103.64,105.4 1 0
github.com/bladeacer/ocd/internal/sources/fetcher.go:106.3,107.13 2 0
github.com/bladeacer/ocd/internal/sources/fetcher.go:110.2,110.33 1 0
github.com/bladeacer/ocd/internal/sources/fetcher.go:110.33,112.3 1 0
github.com/bladeacer/ocd/internal/sources/fetcher.go:113.2,113.16 1 0
github.com/bladeacer/ocd/internal/sources/rss.go:17.20,19.2 1 0
github.com/bladeacer/ocd/internal/sources/rss.go:21.29,21.45 1 0
github.com/bladeacer/ocd/internal/sources/rss.go:23.52,26.16 3 0
github.com/bladeacer/ocd/internal/sources/rss.go:26.16,28.3 1 0
github.com/bladeacer/ocd/internal/sources/rss.go:30.2,35.35 4 0
github.com/bladeacer/ocd/internal/sources/rss.go:35.35,37.20 2 0
github.com/bladeacer/ocd/internal/sources/rss.go:37.20,38.12 1 0
github.com/bladeacer/ocd/internal/sources/rss.go:40.3,43.47 3 0
github.com/bladeacer/ocd/internal/sources/rss.go:43.47,45.4 1 0
github.com/bladeacer/ocd/internal/sources/rss.go:47.3,51.26 3 0
github.com/bladeacer/ocd/internal/sources/rss.go:51.26,53.22 2 0
github.com/bladeacer/ocd/internal/sources/rss.go:53.22,55.5 1 0
github.com/bladeacer/ocd/internal/sources/rss.go:56.9,56.37 1 0
github.com/bladeacer/ocd/internal/sources/rss.go:56.37,58.22 2 0
github.com/bladeacer/ocd/internal/sources/rss.go:58.22,60.5 1 0
github.com/bladeacer/ocd/internal/sources/rss.go:63.3,64.17 2 0
github.com/bladeacer/ocd/internal/sources/rss.go:64.17,66.4 1 0
github.com/bladeacer/ocd/internal/sources/rss.go:68.3,75.5 1 0
github.com/bladeacer/ocd/internal/sources/rss.go:78.2,78.24 1 0
github.com/bladeacer/ocd/internal/sources/rss.go:78.24,80.3 1 0
github.com/bladeacer/ocd/internal/sources/rss.go:82.2,83.22 2 0
github.com/bladeacer/ocd/internal/sources/rss.go:86.69,91.40 4 0
github.com/bladeacer/ocd/internal/sources/rss.go:91.40,92.31 1 0
github.com/bladeacer/ocd/internal/sources/rss.go:92.31,94.4 1 0
github.com/bladeacer/ocd/internal/sources/rss.go:94.9,96.4 1 0
github.com/bladeacer/ocd/internal/sources/rss.go:98.2,98.15 1 0
github.com/bladeacer/ocd/internal/tui/diffmodel.go:62.57,74.2 5 0
github.com/bladeacer/ocd/internal/tui/diffmodel.go:76.36,78.2 1 0
github.com/bladeacer/ocd/internal/tui/diffmodel.go:80.29,81.21 1 0
github.com/bladeacer/ocd/internal/tui/diffmodel.go:81.21,83.3 1 0
github.com/bladeacer/ocd/internal/tui/diffmodel.go:85.2,85.27 1 0
github.com/bladeacer/ocd/internal/tui/diffmodel.go:85.27,88.3 2 0
github.com/bladeacer/ocd/internal/tui/diffmodel.go:90.2,90.23 1 0
github.com/bladeacer/ocd/internal/tui/diffmodel.go:90.23,93.3 2 0
github.com/bladeacer/ocd/internal/tui/diffmodel.go:95.2,103.27 8 0
github.com/bladeacer/ocd/internal/tui/diffmodel.go:103.27,104.36 1 0
github.com/bladeacer/ocd/internal/tui/diffmodel.go:104.36,109.12 5 0
github.com/bladeacer/ocd/internal/tui/diffmodel.go:112.3,112.71 1 0
github.com/bladeacer/ocd/internal/tui/diffmodel.go:112.71,114.12 2 0
github.com/bladeacer/ocd/internal/tui/diffmodel.go:117.3,117.28 1 0
github.com/bladeacer/ocd/internal/tui/diffmodel.go:117.28,119.12 2 0
github.com/bladeacer/ocd/internal/tui/diffmodel.go:122.3,122.10 1 0
github.com/bladeacer/ocd/internal/tui/diffmodel.go:123.72,129.14 3 0
github.com/bladeacer/ocd/internal/tui/diffmodel.go:131.72,137.14 3 0
github.com/bladeacer/ocd/internal/tui/diffmodel.go:139.11,145.14 3 0
github.com/bladeacer/ocd/internal/tui/diffmodel.go:149.2,149.12 1 0
github.com/bladeacer/ocd/internal/tui/diffmodel.go:152.57,155.48 3 0
github.com/bladeacer/ocd/internal/tui/diffmodel.go:155.48,157.3 1 0
github.com/bladeacer/ocd/internal/tui/diffmodel.go:158.2,158.48 1 0
github.com/bladeacer/ocd/internal/tui/diffmodel.go:158.48,160.3 1 0
github.com/bladeacer/ocd/internal/tui/diffmodel.go:161.2,162.26 2 0
github.com/bladeacer/ocd/internal/tui/diffmodel.go:162.26,163.32 1 0
github.com/bladeacer/ocd/internal/tui/diffmodel.go:163.32,165.13 2 0
github.com/bladeacer/ocd/internal/tui/diffmodel.go:165.13,167.5 1 0
github.com/bladeacer/ocd/internal/tui/diffmodel.go:169.3,169.32 1 0
github.com/bladeacer/ocd/internal/tui/diffmodel.go:169.32,171.13 2 0
github.com/bladeacer/ocd/internal/tui/diffmodel.go:171.13,173.5 1 0
github.com/bladeacer/ocd/internal/tui/diffmodel.go:176.2,176.8 1 0
github.com/bladeacer/ocd/internal/tui/diffmodel.go:179.36,181.22 2 0
github.com/bladeacer/ocd/internal/tui/diffmodel.go:181.22,182.27 1 0
github.com/bladeacer/ocd/internal/tui/diffmodel.go:182.27,184.4 1 0
github.com/bladeacer/ocd/internal/tui/diffmodel.go:184.9,185.9 1 0
github.com/bladeacer/ocd/internal/tui/diffmodel.go:188.2,188.10 1 0
github.com/bladeacer/ocd/internal/tui/diffmodel.go:191.30,203.18 8 0
github.com/bladeacer/ocd/internal/tui/diffmodel.go:203.18,205.3 1 0
github.com/bladeacer/ocd/internal/tui/diffmodel.go:205.8,207.3 1 0
github.com/bladeacer/ocd/internal/tui/diffmodel.go:209.2,209.24 1 0
github.com/bladeacer/ocd/internal/tui/diffmodel.go:212.55,216.30 3 0
github.com/bladeacer/ocd/internal/tui/diffmodel.go:216.30,218.22 2 0
github.com/bladeacer/ocd/internal/tui/diffmodel.go:218.22,220.76 2 0
github.com/bladeacer/ocd/internal/tui/diffmodel.go:220.76,223.13 3 0
github.com/bladeacer/ocd/internal/tui/diffmodel.go:226.3,227.22 2 0
github.com/bladeacer/ocd/internal/tui/diffmodel.go:231.58,233.15 2 0
github.com/bladeacer/ocd/internal/tui/diffmodel.go:233.15,235.3 1 0
github.com/bladeacer/ocd/internal/tui/diffmodel.go:236.2,240.27 3 0
github.com/bladeacer/ocd/internal/tui/diffmodel.go:240.27,245.23 5 0
github.com/bladeacer/ocd/internal/tui/diffmodel.go:245.23,247.4 1 0
github.com/bladeacer/ocd/internal/tui/diffmodel.go:248.3,248.23 1 0
github.com/bladeacer/ocd/internal/tui/diffmodel.go:248.23,250.4 1 0
github.com/bladeacer/ocd/internal/tui/diffmodel.go:252.3,254.17 2 0
github.com/bladeacer/ocd/internal/tui/diffmodel.go:255.23,259.12 4 0
github.com/bladeacer/ocd/internal/tui/diffmodel.go:260.23,264.12 4 0
github.com/bladeacer/ocd/internal/tui/diffmodel.go:265.16,268.5 1 0
github.com/bladeacer/ocd/internal/tui/diffmodel.go:269.16,272.5 1 0
github.com/bladeacer/ocd/internal/tui/diffmodel.go:273.11,275.44 2 0
github.com/bladeacer/ocd/internal/tui/diffmodel.go:278.3,286.22 6 0
github.com/bladeacer/ocd/internal/tui/diffmodel.go:286.22,288.76 2 0
github.com/bladeacer/ocd/internal/tui/diffmodel.go:288.76,290.5 1 0
github.com/bladeacer/ocd/internal/tui/diffmodel.go:293.3,294.22 2 0
github.com/bladeacer/ocd/internal/tui/diffmodel.go:306.49,308.30 2 0
github.com/bladeacer/ocd/internal/tui/diffmodel.go:308.30,309.18 1 0
github.com/bladeacer/ocd/internal/tui/diffmodel.go:310.20,317.6 1 0
github.com/bladeacer/ocd/internal/tui/diffmodel.go:318.16,325.6 1 0
github.com/bladeacer/ocd/internal/tui/diffmodel.go:326.16,333.6 1 0
github.com/bladeacer/ocd/internal/tui/diffmodel.go:334.23,339.6 1 0
github.com/bladeacer/ocd/internal/tui/diffmodel.go:340.23,345.6 1 0
github.com/bladeacer/ocd/internal/tui/diffmodel.go:346.11,351.6 1 0
github.com/bladeacer/ocd/internal/tui/diffmodel.go:354.2,354.15 1 0
github.com/bladeacer/ocd/internal/tui/diffmodel.go:357.80,360.23 3 0
github.com/bladeacer/ocd/internal/tui/diffmodel.go:360.23,362.3 1 0
github.com/bladeacer/ocd/internal/tui/diffmodel.go:363.2,363.23 1 0
github.com/bladeacer/ocd/internal/tui/diffmodel.go:363.23,365.3 1 0
github.com/bladeacer/ocd/internal/tui/diffmodel.go:366.2,368.17 2 0
github.com/bladeacer/ocd/internal/tui/diffmodel.go:369.22,372.4 1 0
github.com/bladeacer/ocd/internal/tui/diffmodel.go:373.15,376.4 1 0
github.com/bladeacer/ocd/internal/tui/diffmodel.go:377.15,380.4 1 0
github.com/bladeacer/ocd/internal/tui/diffmodel.go:381.22,384.4 1 0
github.com/bladeacer/ocd/internal/tui/diffmodel.go:385.10,386.64 1 0
github.com/bladeacer/ocd/internal/tui/diffmodel.go:390.39,391.12 1 0
github.com/bladeacer/ocd/internal/tui/diffmodel.go:391.12,393.3 1 0
github.com/bladeacer/ocd/internal/tui/diffmodel.go:394.2,395.21 2 0
github.com/bladeacer/ocd/internal/tui/diffmodel.go:395.21,397.3 1 0
github.com/bladeacer/ocd/internal/tui/diffmodel.go:398.2,398.11 1 0
github.com/bladeacer/ocd/internal/tui/diffmodel.go:398.11,400.3 1 0
github.com/bladeacer/ocd/internal/tui/diffmodel.go:401.2,401.26 1 0
github.com/bladeacer/ocd/internal/tui/diffmodel.go:404.39,405.17 1 0
github.com/bladeacer/ocd/internal/tui/diffmodel.go:405.17,407.3 1 0
github.com/bladeacer/ocd/internal/tui/diffmodel.go:408.2,408.42 1 0
github.com/bladeacer/ocd/internal/tui/diffmodel.go:411.33,414.22 3 0
github.com/bladeacer/ocd/internal/tui/diffmodel.go:414.22,415.18 1 0
github.com/bladeacer/ocd/internal/tui/diffmodel.go:415.18,417.12 2 0
github.com/bladeacer/ocd/internal/tui/diffmodel.go:419.3,419.15 1 0
github.com/bladeacer/ocd/internal/tui/diffmodel.go:419.15,420.56 1 0
github.com/bladeacer/ocd/internal/tui/diffmodel.go:420.56,422.5 1 0
github.com/bladeacer/ocd/internal/tui/diffmodel.go:423.4,423.12 1 0
github.com/bladeacer/ocd/internal/tui/diffmodel.go:425.3,425.19 1 0
github.com/bladeacer/ocd/internal/tui/diffmodel.go:427.2,427.21 1 0
github.com/bladeacer/ocd/internal/tui/diffmodel.go:430.39,433.2 2 0
github.com/bladeacer/ocd/internal/tui/diffmodel.go:435.62,436.27 1 0
github.com/bladeacer/ocd/internal/tui/diffmodel.go:437.25,443.16 6 0
github.com/bladeacer/ocd/internal/tui/diffmodel.go:445.18,446.19 1 0
github.com/bladeacer/ocd/internal/tui/diffmodel.go:446.19,448.4 1 0
github.com/bladeacer/ocd/internal/tui/diffmodel.go:449.3,449.32 1 0
github.com/bladeacer/ocd/internal/tui/diffmodel.go:452.2,454.15 3 0
github.com/bladeacer/ocd/internal/tui/diffmodel.go:465.74,466.22 1 0
github.com/bladeacer/ocd/internal/tui/diffmodel.go:467.27,472.16 5 0
github.com/bladeacer/ocd/internal/tui/diffmodel.go:474.24,480.16 6 0
github.com/bladeacer/ocd/internal/tui/diffmodel.go:482.20,484.19 2 0
github.com/bladeacer/ocd/internal/tui/diffmodel.go:484.19,486.4 1 0
github.com/bladeacer/ocd/internal/tui/diffmodel.go:487.3,489.16 3 0
github.com/bladeacer/ocd/internal/tui/diffmodel.go:492.2,492.28 1 0
github.com/bladeacer/ocd/internal/tui/diffmodel.go:492.28,497.3 4 0
github.com/bladeacer/ocd/internal/tui/diffmodel.go:499.2,499.15 1 0
github.com/bladeacer/ocd/internal/tui/diffmodel.go:502.37,503.43 1 0
github.com/bladeacer/ocd/internal/tui/diffmodel.go:503.43,505.3 1 0
github.com/bladeacer/ocd/internal/tui/diffmodel.go:506.2,508.30 3 0
github.com/bladeacer/ocd/internal/tui/diffmodel.go:508.30,509.52 1 0
github.com/bladeacer/ocd/internal/tui/diffmodel.go:509.52,510.27 1 0
github.com/bladeacer/ocd/internal/tui/diffmodel.go:510.27,512.5 1 0
github.com/bladeacer/ocd/internal/tui/diffmodel.go:513.4,513.10 1 0
github.com/bladeacer/ocd/internal/tui/diffmodel.go:518.74,519.22 1 0
github.com/bladeacer/ocd/internal/tui/diffmodel.go:520.32,521.21 1 0
github.com/bladeacer/ocd/internal/tui/diffmodel.go:523.11,525.16 2 0
github.com/bladeacer/ocd/internal/tui/diffmodel.go:526.11,528.16 2 0
github.com/bladeacer/ocd/internal/tui/diffmodel.go:530.11,534.16 4 0
github.com/bladeacer/ocd/internal/tui/diffmodel.go:536.11,537.17 1 0
github.com/bladeacer/ocd/internal/tui/diffmodel.go:537.17,540.4 2 0
github.com/bladeacer/ocd/internal/tui/diffmodel.go:540.9,542.4 1 0
github.com/bladeacer/ocd/internal/tui/diffmodel.go:543.3,543.16 1 0
github.com/bladeacer/ocd/internal/tui/diffmodel.go:544.11,547.16 3 0
github.com/bladeacer/ocd/internal/tui/diffmodel.go:549.11,555.16 6 0
github.com/bladeacer/ocd/internal/tui/diffmodel.go:557.11,559.25 2 0
github.com/bladeacer/ocd/internal/tui/diffmodel.go:561.11,563.24 2 0
github.com/bladeacer/ocd/internal/tui/diffmodel.go:565.11,567.29 2 0
github.com/bladeacer/ocd/internal/tui/diffmodel.go:570.2,574.15 4 0
github.com/bladeacer/ocd/internal/tui/diffmodel.go:577.53,579.52 2 0
github.com/bladeacer/ocd/internal/tui/diffmodel.go:579.52,581.3 1 0
github.com/bladeacer/ocd/internal/tui/diffmodel.go:582.2,582.34 1 0
github.com/bladeacer/ocd/internal/tui/diffmodel.go:585.40,586.24 1 0
github.com/bladeacer/ocd/internal/tui/diffmodel.go:586.24,587.26 1 0
github.com/bladeacer/ocd/internal/tui/diffmodel.go:587.26,589.4 1 0
github.com/bladeacer/ocd/internal/tui/diffmodel.go:590.3,592.39 3 0
github.com/bladeacer/ocd/internal/tui/diffmodel.go:592.39,594.4 1 0
github.com/bladeacer/ocd/internal/tui/diffmodel.go:595.3,596.50 2 0
github.com/bladeacer/ocd/internal/tui/diffmodel.go:596.50,598.4 1 0
github.com/bladeacer/ocd/internal/tui/diffmodel.go:599.3,599.13 1 0
github.com/bladeacer/ocd/internal/tui/diffmodel.go:603.39,604.24 1 0
github.com/bladeacer/ocd/internal/tui/diffmodel.go:604.24,606.50 2 0
github.com/bladeacer/ocd/internal/tui/diffmodel.go:606.50,608.4 1 0
github.com/bladeacer/ocd/internal/tui/diffmodel.go:609.3,609.13 1 0
github.com/bladeacer/ocd/internal/tui/diffmodel.go:613.44,615.16 2 0
github.com/bladeacer/ocd/internal/tui/diffmodel.go:615.16,617.3 1 0
github.com/bladeacer/ocd/internal/tui/diffmodel.go:618.2,619.56 2 0
github.com/bladeacer/ocd/internal/tui/diffmodel.go:619.56,622.3 2 0
github.com/bladeacer/ocd/internal/tui/diffmodel.go:623.2,626.18 3 0
github.com/bladeacer/ocd/internal/tui/diffmodel.go:626.18,628.3 1 0
github.com/bladeacer/ocd/internal/tui/diffmodel.go:629.2,630.54 2 0
github.com/bladeacer/ocd/internal/tui/diffmodel.go:630.54,633.3 2 0
github.com/bladeacer/ocd/internal/tui/diffmodel.go:636.32,637.25 1 0
github.com/bladeacer/ocd/internal/tui/diffmodel.go:637.25,639.3 1 0
github.com/bladeacer/ocd/internal/tui/diffmodel.go:640.2,642.48 3 0
github.com/bladeacer/ocd/internal/tui/diffmodel.go:642.48,644.3 1 0
github.com/bladeacer/ocd/internal/tui/diffmodel.go:647.32,648.25 1 0
github.com/bladeacer/ocd/internal/tui/diffmodel.go:648.25,650.3 1 0
github.com/bladeacer/ocd/internal/tui/diffmodel.go:651.2,652.23 2 0
github.com/bladeacer/ocd/internal/tui/diffmodel.go:652.23,654.3 1 0
github.com/bladeacer/ocd/internal/tui/diffmodel.go:655.2,656.48 2 0
github.com/bladeacer/ocd/internal/tui/diffmodel.go:656.48,658.3 1 0
github.com/bladeacer/ocd/internal/tui/diffmodel.go:661.35,662.14 1 0
github.com/bladeacer/ocd/internal/tui/diffmodel.go:662.14,664.3 1 0
github.com/bladeacer/ocd/internal/tui/diffmodel.go:665.2,665.21 1 0
github.com/bladeacer/ocd/internal/tui/diffmodel.go:665.21,668.3 2 0
github.com/bladeacer/ocd/internal/tui/diffmodel.go:670.2,671.18 2 0
github.com/bladeacer/ocd/internal/tui/diffmodel.go:671.18,673.3 1 0
github.com/bladeacer/ocd/internal/tui/diffmodel.go:675.2,676.24 2 0
github.com/bladeacer/ocd/internal/tui/diffmodel.go:676.24,680.3 1 0
github.com/bladeacer/ocd/internal/tui/diffmodel.go:682.2,683.18 2 0
github.com/bladeacer/ocd/internal/tui/diffmodel.go:683.18,685.3 1 0
github.com/bladeacer/ocd/internal/tui/diffmodel.go:687.2,693.41 2 0
github.com/bladeacer/ocd/internal/tui/diffmodel.go:696.53,701.2 4 0
github.com/bladeacer/ocd/internal/tui/model.go:67.49,116.2 12 0
github.com/bladeacer/ocd/internal/tui/model.go:118.32,120.2 1 0
github.com/bladeacer/ocd/internal/tui/model.go:122.38,125.2 2 0
github.com/bladeacer/ocd/internal/tui/model.go:127.37,130.2 2 0
github.com/bladeacer/ocd/internal/tui/model.go:132.58,133.27 1 0
github.com/bladeacer/ocd/internal/tui/model.go:134.25,137.16 3 0
github.com/bladeacer/ocd/internal/tui/model.go:139.21,141.30 2 0
github.com/bladeacer/ocd/internal/tui/model.go:141.30,144.4 2 0
github.com/bladeacer/ocd/internal/tui/model.go:145.3,148.16 4 0
github.com/bladeacer/ocd/internal/tui/model.go:150.15,151.30 1 0
github.com/bladeacer/ocd/internal/tui/model.go:151.30,153.42 2 0
github.com/bladeacer/ocd/internal/tui/model.go:153.42,155.5 1 0
github.com/bladeacer/ocd/internal/tui/model.go:156.4,156.26 1 0
github.com/bladeacer/ocd/internal/tui/model.go:158.3,158.16 1 0
github.com/bladeacer/ocd/internal/tui/model.go:160.18,161.26 1 0
github.com/bladeacer/ocd/internal/tui/model.go:163.23,166.16 3 0
github.com/bladeacer/ocd/internal/tui/model.go:169.2,169.15 1 0
github.com/bladeacer/ocd/internal/tui/model.go:172.64,173.17 1 0
github.com/bladeacer/ocd/internal/tui/model.go:174.20,175.33 1 0
github.com/bladeacer/ocd/internal/tui/model.go:176.18,177.31 1 0
github.com/bladeacer/ocd/internal/tui/model.go:178.19,179.32 1 0
github.com/bladeacer/ocd/internal/tui/model.go:180.20,181.33 1 0
github.com/bladeacer/ocd/internal/tui/model.go:183.2,183.15 1 0
github.com/bladeacer/ocd/internal/tui/model.go:186.71,187.53 1 0
github.com/bladeacer/ocd/internal/tui/model.go:187.53,189.3 1 0
github.com/bladeacer/ocd/internal/tui/model.go:190.2,190.15 1 0
github.com/bladeacer/ocd/internal/tui/model.go:193.69,194.22 1 0
github.com/bladeacer/ocd/internal/tui/model.go:195.21,196.21 1 0
github.com/bladeacer/ocd/internal/tui/model.go:198.16,199.23 1 0
github.com/bladeacer/ocd/internal/tui/model.go:201.11,205.16 4 0
github.com/bladeacer/ocd/internal/tui/model.go:207.11,209.19 2 0
github.com/bladeacer/ocd/internal/tui/model.go:211.11,213.19 2 0
github.com/bladeacer/ocd/internal/tui/model.go:215.11,217.19 2 0
github.com/bladeacer/ocd/internal/tui/model.go:219.11,221.19 2 0
github.com/bladeacer/ocd/internal/tui/model.go:224.2,226.15 3 0
github.com/bladeacer/ocd/internal/tui/model.go:229.70,230.22 1 0
github.com/bladeacer/ocd/internal/tui/model.go:231.27,237.16 6 0
github.com/bladeacer/ocd/internal/tui/model.go:239.24,244.16 5 0
github.com/bladeacer/ocd/internal/tui/model.go:246.19,248.19 2 0
github.com/bladeacer/ocd/internal/tui/model.go:248.19,250.4 1 0
github.com/bladeacer/ocd/internal/tui/model.go:251.3,253.16 3 0
github.com/bladeacer/ocd/internal/tui/model.go:256.2,256.28 1 0
github.com/bladeacer/ocd/internal/tui/model.go:256.28,261.3 4 0
github.com/bladeacer/ocd/internal/tui/model.go:263.2,263.15 1 0
github.com/bladeacer/ocd/internal/tui/model.go:266.71,267.22 1 0
github.com/bladeacer/ocd/internal/tui/model.go:268.21,269.21 1 0
github.com/bladeacer/ocd/internal/tui/model.go:270.27,273.16 3 0
github.com/bladeacer/ocd/internal/tui/model.go:275.2,275.15 1 0
github.com/bladeacer/ocd/internal/tui/model.go:278.50,280.16 2 0
github.com/bladeacer/ocd/internal/tui/model.go:280.16,282.3 1 0
github.com/bladeacer/ocd/internal/tui/model.go:283.2,285.15 3 0
github.com/bladeacer/ocd/internal/tui/model.go:288.32,291.29 2 0
github.com/bladeacer/ocd/internal/tui/model.go:291.29,296.42 4 0
github.com/bladeacer/ocd/internal/tui/model.go:296.42,297.12 1 0
github.com/bladeacer/ocd/internal/tui/model.go:299.3,299.25 1 0
github.com/bladeacer/ocd/internal/tui/model.go:299.25,301.35 2 0
github.com/bladeacer/ocd/internal/tui/model.go:301.35,302.29 1 0
github.com/bladeacer/ocd/internal/tui/model.go:302.29,304.11 2 0
github.com/bladeacer/ocd/internal/tui/model.go:307.4,307.15 1 0
github.com/bladeacer/ocd/internal/tui/model.go:307.15,308.13 1 0
github.com/bladeacer/ocd/internal/tui/model.go:311.3,311.46 1 0
github.com/bladeacer/ocd/internal/tui/model.go:311.46,312.12 1 0
github.com/bladeacer/ocd/internal/tui/model.go:314.3,314.26 1 0
github.com/bladeacer/ocd/internal/tui/model.go:314.26,316.69 2 0
github.com/bladeacer/ocd/internal/tui/model.go:316.69,317.13 1 0
github.com/bladeacer/ocd/internal/tui/model.go:320.3,320.35 1 0
github.com/bladeacer/ocd/internal/tui/model.go:323.2,324.21 2 0
github.com/bladeacer/ocd/internal/tui/model.go:327.50,329.2 1 0
github.com/bladeacer/ocd/internal/tui/model.go:331.35,333.17 2 0
github.com/bladeacer/ocd/internal/tui/model.go:333.17,335.3 1 0
github.com/bladeacer/ocd/internal/tui/model.go:337.2,340.41 3 0
github.com/bladeacer/ocd/internal/tui/model.go:340.41,344.23 3 0
github.com/bladeacer/ocd/internal/tui/model.go:344.23,347.22 3 0
github.com/bladeacer/ocd/internal/tui/model.go:347.22,349.5 1 0
github.com/bladeacer/ocd/internal/tui/model.go:351.3,351.37 1 0
github.com/bladeacer/ocd/internal/tui/model.go:354.2,354.23 1 0
github.com/bladeacer/ocd/internal/tui/model.go:357.29,361.37 3 0
github.com/bladeacer/ocd/internal/tui/model.go:361.37,363.3 1 0
github.com/bladeacer/ocd/internal/tui/model.go:365.2,368.46 3 0
github.com/bladeacer/ocd/internal/tui/model.go:368.46,373.3 1 0
github.com/bladeacer/ocd/internal/tui/model.go:375.2,377.36 2 0
github.com/bladeacer/ocd/internal/tui/model.go:377.36,380.16 3 0
github.com/bladeacer/ocd/internal/tui/model.go:380.16,381.12 1 0
github.com/bladeacer/ocd/internal/tui/model.go:383.3,387.16 4 0
github.com/bladeacer/ocd/internal/tui/model.go:387.16,388.38 1 0
github.com/bladeacer/ocd/internal/tui/model.go:388.38,390.5 1 0
github.com/bladeacer/ocd/internal/tui/model.go:393.3,395.33 3 0
github.com/bladeacer/ocd/internal/tui/model.go:395.33,396.17 1 0
github.com/bladeacer/ocd/internal/tui/model.go:396.17,398.5 1 0
github.com/bladeacer/ocd/internal/tui/model.go:398.10,400.5 1 0
github.com/bladeacer/ocd/internal/tui/model.go:403.3,404.52 2 0
github.com/bladeacer/ocd/internal/tui/model.go:404.52,406.4 1 0
github.com/bladeacer/ocd/internal/tui/model.go:408.3,409.21 2 0
github.com/bladeacer/ocd/internal/tui/model.go:409.21,411.4 1 0
github.com/bladeacer/ocd/internal/tui/model.go:413.3,422.5 1 0
github.com/bladeacer/ocd/internal/tui/model.go:425.2,426.19 2 0
github.com/bladeacer/ocd/internal/tui/model.go:429.41,440.2 1 0
github.com/bladeacer/ocd/internal/tui/model.go:442.42,445.16 3 0
github.com/bladeacer/ocd/internal/tui/model.go:445.16,447.3 1 0
github.com/bladeacer/ocd/internal/tui/model.go:448.2,449.9 2 0
github.com/bladeacer/ocd/internal/tui/model.go:449.9,451.3 1 0
github.com/bladeacer/ocd/internal/tui/model.go:452.2,452.30 1 0
github.com/bladeacer/ocd/internal/tui/model.go:452.30,454.3 1 0
github.com/bladeacer/ocd/internal/tui/model.go:455.2,455.25 1 0
github.com/bladeacer/ocd/internal/tui/model.go:458.35,461.26 3 0
github.com/bladeacer/ocd/internal/tui/model.go:461.26,462.12 1 0
github.com/bladeacer/ocd/internal/tui/model.go:462.12,464.4 1 0
github.com/bladeacer/ocd/internal/tui/model.go:466.2,466.13 1 0
github.com/bladeacer/ocd/internal/tui/model.go:469.25,471.22 2 0
github.com/bladeacer/ocd/internal/tui/model.go:471.22,472.27 1 0
github.com/bladeacer/ocd/internal/tui/model.go:472.27,474.4 1 0
github.com/bladeacer/ocd/internal/tui/model.go:476.2,476.10 1 0
github.com/bladeacer/ocd/internal/tui/model.go:479.38,480.25 1 0
github.com/bladeacer/ocd/internal/tui/model.go:480.25,483.17 3 0
github.com/bladeacer/ocd/internal/tui/model.go:483.17,485.4 1 0
github.com/bladeacer/ocd/internal/tui/model.go:486.3,486.17 1 0
github.com/bladeacer/ocd/internal/tui/model.go:486.17,488.4 1 0
github.com/bladeacer/ocd/internal/tui/model.go:489.3,489.15 1 0
github.com/bladeacer/ocd/internal/tui/model.go:489.15,491.4 1 0
github.com/bladeacer/ocd/internal/tui/model.go:493.2,493.10 1 0
github.com/bladeacer/ocd/internal/tui/model.go:496.38,497.37 1 0
github.com/bladeacer/ocd/internal/tui/model.go:497.37,499.3 1 0
github.com/bladeacer/ocd/internal/tui/model.go:500.2,500.16 1 0
github.com/bladeacer/ocd/internal/tui/model.go:501.22,502.11 1 0
github.com/bladeacer/ocd/internal/tui/model.go:503.19,504.11 1 0
github.com/bladeacer/ocd/internal/tui/model.go:505.24,506.11 1 0
github.com/bladeacer/ocd/internal/tui/model.go:508.2,508.10 1 0
github.com/bladeacer/ocd/internal/tui/model.go:511.35,512.13 1 0
github.com/bladeacer/ocd/internal/tui/model.go:512.13,514.3 1 0
github.com/bladeacer/ocd/internal/tui/model.go:515.2,515.16 1 0
github.com/bladeacer/ocd/internal/tui/pickermodel.go:45.61,75.2 8 0
github.com/bladeacer/ocd/internal/tui/pickermodel.go:77.38,79.2 1 0
github.com/bladeacer/ocd/internal/tui/pickermodel.go:81.42,84.2 2 0
github.com/bladeacer/ocd/internal/tui/pickermodel.go:86.64,87.27 1 0
github.com/bladeacer/ocd/internal/tui/pickermodel.go:88.21,90.30 2 0
github.com/bladeacer/ocd/internal/tui/pickermodel.go:90.30,93.4 2 0
github.com/bladeacer/ocd/internal/tui/pickermodel.go:94.3,96.16 3 0
github.com/bladeacer/ocd/internal/tui/pickermodel.go:98.32,101.16 3 0
github.com/bladeacer/ocd/internal/tui/pickermodel.go:103.18,104.38 1 0
github.com/bladeacer/ocd/internal/tui/pickermodel.go:104.38,105.55 1 0
github.com/bladeacer/ocd/internal/tui/pickermodel.go:105.55,108.5 2 0
github.com/bladeacer/ocd/internal/tui/pickermodel.go:109.4,109.17 1 0
github.com/bladeacer/ocd/internal/tui/pickermodel.go:112.3,112.26 1 0
github.com/bladeacer/ocd/internal/tui/pickermodel.go:115.2,115.15 1 0
github.com/bladeacer/ocd/internal/tui/pickermodel.go:118.70,119.18 1 0
github.com/bladeacer/ocd/internal/tui/pickermodel.go:119.18,121.3 1 0
github.com/bladeacer/ocd/internal/tui/pickermodel.go:123.2,123.22 1 0
github.com/bladeacer/ocd/internal/tui/pickermodel.go:124.21,126.21 2 0
github.com/bladeacer/ocd/internal/tui/pickermodel.go:127.11,131.16 4 0
github.com/bladeacer/ocd/internal/tui/pickermodel.go:132.16,133.27 1 0
github.com/bladeacer/ocd/internal/tui/pickermodel.go:134.11,136.18 2 0
github.com/bladeacer/ocd/internal/tui/pickermodel.go:139.2,141.15 3 0
github.com/bladeacer/ocd/internal/tui/pickermodel.go:144.76,145.22 1 0
github.com/bladeacer/ocd/internal/tui/pickermodel.go:146.27,152.16 6 0
github.com/bladeacer/ocd/internal/tui/pickermodel.go:153.24,158.16 5 0
github.com/bladeacer/ocd/internal/tui/pickermodel.go:159.20,161.19 2 0
github.com/bladeacer/ocd/internal/tui/pickermodel.go:161.19,163.4 1 0
github.com/bladeacer/ocd/internal/tui/pickermodel.go:164.3,166.16 3 0
github.com/bladeacer/ocd/internal/tui/pickermodel.go:169.2,169.28 1 0
github.com/bladeacer/ocd/internal/tui/pickermodel.go:169.28,174.3 4 0
github.com/bladeacer/ocd/internal/tui/pickermodel.go:176.2,176.15 1 0
github.com/bladeacer/ocd/internal/tui/pickermodel.go:179.60,181.16 2 0
github.com/bladeacer/ocd/internal/tui/pickermodel.go:181.16,183.3 1 0
github.com/bladeacer/ocd/internal/tui/pickermodel.go:184.2,185.29 2 0
github.com/bladeacer/ocd/internal/tui/pickermodel.go:185.29,191.3 5 0
github.com/bladeacer/ocd/internal/tui/pickermodel.go:191.8,195.3 3 0
github.com/bladeacer/ocd/internal/tui/pickermodel.go:196.2,196.15 1 0
github.com/bladeacer/ocd/internal/tui/pickermodel.go:199.35,201.38 2 0
github.com/bladeacer/ocd/internal/tui/pickermodel.go:201.38,206.3 1 0
github.com/bladeacer/ocd/internal/tui/pickermodel.go:208.2,210.37 3 0
github.com/bladeacer/ocd/internal/tui/pickermodel.go:210.37,212.3 1 0
github.com/bladeacer/ocd/internal/tui/pickermodel.go:214.2,214.24 1 0
github.com/bladeacer/ocd/internal/tui/pickermodel.go:214.24,215.58 1 0
github.com/bladeacer/ocd/internal/tui/pickermodel.go:215.58,216.12 1 0
github.com/bladeacer/ocd/internal/tui/pickermodel.go:218.3,219.21 2 0
github.com/bladeacer/ocd/internal/tui/pickermodel.go:219.21,221.4 1 0
github.com/bladeacer/ocd/internal/tui/pickermodel.go:223.3,224.31 2 0
github.com/bladeacer/ocd/internal/tui/pickermodel.go:224.31,225.28 1 0
github.com/bladeacer/ocd/internal/tui/pickermodel.go:225.28,227.5 1 0
github.com/bladeacer/ocd/internal/tui/pickermodel.go:227.10,229.5 1 0
github.com/bladeacer/ocd/internal/tui/pickermodel.go:232.3,233.16 2 0
github.com/bladeacer/ocd/internal/tui/pickermodel.go:233.16,235.4 1 0
github.com/bladeacer/ocd/internal/tui/pickermodel.go:235.9,237.4 1 0
github.com/bladeacer/ocd/internal/tui/pickermodel.go:239.3,245.5 1 0
github.com/bladeacer/ocd/internal/tui/pickermodel.go:247.2,247.15 1 0
github.com/bladeacer/ocd/internal/tui/pickermodel.go:250.57,253.2 2 0
github.com/bladeacer/ocd/internal/tui/pickermodel.go:255.37,258.29 2 0
github.com/bladeacer/ocd/internal/tui/pickermodel.go:258.29,259.43 1 0
github.com/bladeacer/ocd/internal/tui/pickermodel.go:259.43,260.12 1 0
github.com/bladeacer/ocd/internal/tui/pickermodel.go:262.3,262.22 1 0
github.com/bladeacer/ocd/internal/tui/pickermodel.go:262.22,264.63 2 0
github.com/bladeacer/ocd/internal/tui/pickermodel.go:264.63,265.13 1 0
github.com/bladeacer/ocd/internal/tui/pickermodel.go:268.3,268.35 1 0
github.com/bladeacer/ocd/internal/tui/pickermodel.go:271.2,271.49 1 0
github.com/bladeacer/ocd/internal/tui/pickermodel.go:271.49,274.19 3 0
github.com/bladeacer/ocd/internal/tui/pickermodel.go:274.19,276.4 1 0
github.com/bladeacer/ocd/internal/tui/pickermodel.go:277.3,280.8 1 0
github.com/bladeacer/ocd/internal/tui/pickermodel.go:283.2,283.25 1 0
github.com/bladeacer/ocd/internal/tui/pickermodel.go:286.37,287.18 1 0
github.com/bladeacer/ocd/internal/tui/pickermodel.go:287.18,289.3 1 0
github.com/bladeacer/ocd/internal/tui/pickermodel.go:290.2,290.21 1 0
github.com/bladeacer/ocd/internal/tui/pickermodel.go:290.21,292.3 1 0
github.com/bladeacer/ocd/internal/tui/pickermodel.go:294.2,295.30 2 0
github.com/bladeacer/ocd/internal/tui/pickermodel.go:295.30,297.3 1 0
github.com/bladeacer/ocd/internal/tui/pickermodel.go:299.2,300.18 2 0
github.com/bladeacer/ocd/internal/tui/pickermodel.go:300.18,302.3 1 0
github.com/bladeacer/ocd/internal/tui/pickermodel.go:304.2,310.92 3 0
github.com/bladeacer/ocd/internal/tui/pickermodel.go:313.75,317.16 4 0
github.com/bladeacer/ocd/internal/tui/pickermodel.go:317.16,319.3 1 0
github.com/bladeacer/ocd/internal/tui/pickermodel.go:320.2,321.25 2 0
github.com/bladeacer/ocd/internal/tui/pickermodel.go:321.25,323.3 1 0
github.com/bladeacer/ocd/internal/tui/pickermodel.go:324.2,324.47 1 0
github.com/bladeacer/ocd/internal/tui/spinner.go:18.55,27.2 4 0
github.com/bladeacer/ocd/internal/tui/spinner.go:29.39,31.2 1 0
github.com/bladeacer/ocd/internal/tui/spinner.go:33.45,36.2 2 0
github.com/bladeacer/ocd/internal/tui/spinner.go:38.69,39.27 1 0
github.com/bladeacer/ocd/internal/tui/spinner.go:40.15,42.37 2 0
github.com/bladeacer/ocd/internal/tui/spinner.go:42.37,44.4 1 0
github.com/bladeacer/ocd/internal/tui/spinner.go:45.3,45.25 1 0
github.com/bladeacer/ocd/internal/tui/spinner.go:46.23,49.16 3 0
github.com/bladeacer/ocd/internal/tui/spinner.go:51.2,51.15 1 0
github.com/bladeacer/ocd/internal/tui/spinner.go:54.38,58.2 3 0
github.com/bladeacer/ocd/internal/tui/spinner.go:60.39,62.2 1 0
github.com/bladeacer/ocd/internal/tui/styles.go:42.33,54.2 4 0
github.com/bladeacer/ocd/internal/tui/view.go:11.31,12.17 1 0
github.com/bladeacer/ocd/internal/tui/view.go:13.20,14.25 1 0
github.com/bladeacer/ocd/internal/tui/view.go:15.31,16.30 1 0
github.com/bladeacer/ocd/internal/tui/view.go:17.20,18.25 1 0
github.com/bladeacer/ocd/internal/tui/view.go:20.2,20.11 1 0
github.com/bladeacer/ocd/internal/tui/view.go:23.38,24.18 1 0
github.com/bladeacer/ocd/internal/tui/view.go:24.18,26.3 1 0
github.com/bladeacer/ocd/internal/tui/view.go:28.2,31.84 3 0
github.com/bladeacer/ocd/internal/tui/view.go:34.43,39.28 3 0
github.com/bladeacer/ocd/internal/tui/view.go:39.28,41.3 1 0
github.com/bladeacer/ocd/internal/tui/view.go:43.2,48.19 4 0
github.com/bladeacer/ocd/internal/tui/view.go:51.37,63.2 4 0
github.com/bladeacer/ocd/internal/tui/view.go:65.50,66.12 1 0
github.com/bladeacer/ocd/internal/tui/view.go:66.12,68.3 1 0
github.com/bladeacer/ocd/internal/tui/view.go:69.2,69.53 1 0
github.com/bladeacer/ocd/internal/tui/view.go:72.38,80.2 3 0
github.com/bladeacer/ocd/main.go:18.13,33.39 6 0
github.com/bladeacer/ocd/main.go:33.39,36.3 2 0
github.com/bladeacer/ocd/cmd/clean.go:12.35,16.55 1 0
github.com/bladeacer/ocd/cmd/clean.go:16.55,18.36 2 0
github.com/bladeacer/ocd/cmd/clean.go:18.36,20.5 1 0
github.com/bladeacer/ocd/cmd/clean.go:21.4,21.62 1 0
github.com/bladeacer/ocd/cmd/clean.go:21.62,23.5 1 0
github.com/bladeacer/ocd/cmd/clean.go:24.4,25.14 2 0
github.com/bladeacer/ocd/cmd/clean.go:29.2,29.12 1 0
github.com/bladeacer/ocd/cmd/diff.go:16.38,18.38 2 0
github.com/bladeacer/ocd/cmd/diff.go:18.38,20.3 1 0
github.com/bladeacer/ocd/cmd/diff.go:21.2,23.12 3 0
github.com/bladeacer/ocd/cmd/diff.go:26.34,39.55 3 0
github.com/bladeacer/ocd/cmd/diff.go:39.55,42.22 2 0
github.com/bladeacer/ocd/cmd/diff.go:42.22,45.5 2 0
github.com/bladeacer/ocd/cmd/diff.go:45.10,45.44 1 0
github.com/bladeacer/ocd/cmd/diff.go:45.44,51.19 5 0
github.com/bladeacer/ocd/cmd/diff.go:51.19,53.6 1 0
github.com/bladeacer/ocd/cmd/diff.go:54.5,54.41 1 0
github.com/bladeacer/ocd/cmd/diff.go:54.41,57.6 2 0
github.com/bladeacer/ocd/cmd/diff.go:58.10,60.5 1 0
github.com/bladeacer/ocd/cmd/diff.go:62.4,62.46 1 0
github.com/bladeacer/ocd/cmd/diff.go:62.46,64.5 1 0
github.com/bladeacer/ocd/cmd/diff.go:65.4,65.46 1 0
github.com/bladeacer/ocd/cmd/diff.go:65.46,67.5 1 0
github.com/bladeacer/ocd/cmd/diff.go:69.4,70.27 2 0
github.com/bladeacer/ocd/cmd/diff.go:70.27,72.5 1 0
github.com/bladeacer/ocd/cmd/diff.go:74.4,74.36 1 0
github.com/bladeacer/ocd/cmd/diff.go:78.2,80.12 3 0
github.com/bladeacer/ocd/cmd/extract.go:11.37,18.55 1 0
github.com/bladeacer/ocd/cmd/extract.go:18.55,21.18 3 0
github.com/bladeacer/ocd/cmd/extract.go:21.18,23.5 1 0
github.com/bladeacer/ocd/cmd/extract.go:24.4,25.14 2 0
github.com/bladeacer/ocd/cmd/extract.go:29.2,29.12 1 0
github.com/bladeacer/ocd/cmd/interact.go:14.38,23.55 2 0
github.com/bladeacer/ocd/cmd/interact.go:23.55,29.18 5 0
github.com/bladeacer/ocd/cmd/interact.go:29.18,31.5 1 0
github.com/bladeacer/ocd/cmd/interact.go:32.4,32.30 1 0
github.com/bladeacer/ocd/cmd/interact.go:32.30,35.5 2 0
github.com/bladeacer/ocd/cmd/interact.go:37.4,39.18 3 0
github.com/bladeacer/ocd/cmd/interact.go:39.18,41.5 1 0
github.com/bladeacer/ocd/cmd/interact.go:42.4,43.14 2 0
github.com/bladeacer/ocd/cmd/interact.go:47.2,48.12 2 0
github.com/bladeacer/ocd/internal/cache/cache.go:28.36,33.49 2 1
github.com/bladeacer/ocd/internal/cache/cache.go:33.49,34.13 1 0
github.com/bladeacer/ocd/internal/cache/cache.go:36.2,36.10 1 1
github.com/bladeacer/ocd/internal/cache/cache.go:39.42,41.2 1 1
github.com/bladeacer/ocd/internal/cache/cache.go:43.55,46.16 3 1
github.com/bladeacer/ocd/internal/cache/cache.go:46.16,47.25 1 1
github.com/bladeacer/ocd/internal/cache/cache.go:47.25,49.4 1 1
github.com/bladeacer/ocd/internal/cache/cache.go:50.3,50.13 1 0
github.com/bladeacer/ocd/internal/cache/cache.go:52.2,53.53 2 1
github.com/bladeacer/ocd/internal/cache/cache.go:53.53,55.3 1 1
github.com/bladeacer/ocd/internal/cache/cache.go:56.2,56.54 1 1
github.com/bladeacer/ocd/internal/cache/cache.go:56.54,58.3 1 1
github.com/bladeacer/ocd/internal/cache/cache.go:59.2,59.38 1 1
github.com/bladeacer/ocd/internal/cache/cache.go:62.55,65.16 3 1
github.com/bladeacer/ocd/internal/cache/cache.go:65.16,67.3 1 0
github.com/bladeacer/ocd/internal/cache/cache.go:68.2,73.16 3 1
github.com/bladeacer/ocd/internal/cache/cache.go:73.16,75.3 1 0
github.com/bladeacer/ocd/internal/cache/cache.go:76.2,76.35 1 1
github.com/bladeacer/ocd/internal/cache/cache.go:79.43,82.24 3 1
github.com/bladeacer/ocd/internal/cache/cache.go:82.24,84.3 1 1
github.com/bladeacer/ocd/internal/cache/cache.go:85.2,85.12 1 1
github.com/bladeacer/ocd/internal/cache/cache.go:88.31,90.16 2 1
github.com/bladeacer/ocd/internal/cache/cache.go:90.16,91.25 1 0
github.com/bladeacer/ocd/internal/cache/cache.go:91.25,93.4 1 0
github.com/bladeacer/ocd/internal/cache/cache.go:94.3,94.13 1 0
github.com/bladeacer/ocd/internal/cache/cache.go:96.2,98.16 3 1
github.com/bladeacer/ocd/internal/cache/cache.go:98.16,100.3 1 0
github.com/bladeacer/ocd/internal/cache/cache.go:101.2,101.29 1 1
github.com/bladeacer/ocd/internal/cache/cache.go:101.29,103.3 1 1
github.com/bladeacer/ocd/internal/cache/cache.go:104.2,104.12 1 1
github.com/bladeacer/ocd/internal/core/asar.go:31.61,33.16 2 0
github.com/bladeacer/ocd/internal/core/asar.go:33.16,35.3 1 0
github.com/bladeacer/ocd/internal/core/asar.go:36.2,39.47 3 0
github.com/bladeacer/ocd/internal/core/asar.go:39.47,41.3 1 0
github.com/bladeacer/ocd/internal/core/asar.go:43.2,44.71 2 0
github.com/bladeacer/ocd/internal/core/asar.go:44.71,46.3 1 0
github.com/bladeacer/ocd/internal/core/asar.go:47.2,47.51 1 0
github.com/bladeacer/ocd/internal/core/asar.go:47.51,49.3 1 0
github.com/bladeacer/ocd/internal/core/asar.go:51.2,52.51 2 0
github.com/bladeacer/ocd/internal/core/asar.go:52.51,54.3 1 0
github.com/bladeacer/ocd/internal/core/asar.go:56.2,57.57 2 0
github.com/bladeacer/ocd/internal/core/asar.go:57.57,59.3 1 0
github.com/bladeacer/ocd/internal/core/asar.go:61.2,62.9 2 0
github.com/bladeacer/ocd/internal/core/asar.go:62.9,64.3 1 0
github.com/bladeacer/ocd/internal/core/asar.go:66.2,67.67 2 0
github.com/bladeacer/ocd/internal/core/asar.go:67.67,69.3 1 0
github.com/bladeacer/ocd/internal/core/asar.go:71.2,74.16 3 0
github.com/bladeacer/ocd/internal/core/asar.go:74.16,76.3 1 0
github.com/bladeacer/ocd/internal/core/asar.go:77.2,80.49 3 0
github.com/bladeacer/ocd/internal/core/asar.go:80.49,82.3 1 0
github.com/bladeacer/ocd/internal/core/asar.go:84.2,84.12 1 0
github.com/bladeacer/ocd/internal/core/diff.go:17.60,22.16 4 0
github.com/bladeacer/ocd/internal/core/diff.go:22.16,28.3 1 0
github.com/bladeacer/ocd/internal/core/diff.go:30.2,31.16 2 0
github.com/bladeacer/ocd/internal/core/diff.go:31.16,37.3 1 0
github.com/bladeacer/ocd/internal/core/diff.go:39.2,52.49 4 0
github.com/bladeacer/ocd/internal/core/diff.go:52.49,53.67 1 0
github.com/bladeacer/ocd/internal/core/diff.go:53.67,55.9 2 0
github.com/bladeacer/ocd/internal/core/diff.go:59.2,64.3 1 0
github.com/bladeacer/ocd/internal/core/extract.go:19.49,23.45 3 0
github.com/bladeacer/ocd/internal/core/extract.go:23.45,25.3 1 0
github.com/bladeacer/ocd/internal/core/extract.go:27.2,27.51 1 0
github.com/bladeacer/ocd/internal/core/extract.go:27.51,29.3 1 0
github.com/bladeacer/ocd/internal/core/extract.go:31.2,34.16 3 0
github.com/bladeacer/ocd/internal/core/extract.go:34.16,36.3 1 0
github.com/bladeacer/ocd/internal/core/extract.go:37.2,39.44 2 0
github.com/bladeacer/ocd/internal/core/extract.go:39.44,41.3 1 0
github.com/bladeacer/ocd/internal/core/extract.go:42.2,42.38 1 0
github.com/bladeacer/ocd/internal/core/extract.go:42.38,44.3 1 0
github.com/bladeacer/ocd/internal/core/extract.go:46.2,47.16 2 0
github.com/bladeacer/ocd/internal/core/extract.go:47.16,49.3 1 0
github.com/bladeacer/ocd/internal/core/extract.go:50.2,53.16 3 0
github.com/bladeacer/ocd/internal/core/extract.go:53.16,55.3 1 0
github.com/bladeacer/ocd/internal/core/extract.go:56.2,59.54 3 0
github.com/bladeacer/ocd/internal/core/extract.go:59.54,62.3 2 0
github.com/bladeacer/ocd/internal/core/extract.go:63.2,65.65 2 0
github.com/bladeacer/ocd/internal/core/extract.go:65.65,67.3 1 0
github.com/bladeacer/ocd/internal/core/extract.go:69.2,69.22 1 0
github.com/bladeacer/ocd/internal/sources/docker.go:20.32,22.2 1 0
github.com/bladeacer/ocd/internal/sources/docker.go:24.35,24.54 1 0
github.com/bladeacer/ocd/internal/sources/docker.go:39.57,43.16 3 0
github.com/bladeacer/ocd/internal/sources/docker.go:43.16,45.17 2 0
github.com/bladeacer/ocd/internal/sources/docker.go:45.17,47.4 1 0
github.com/bladeacer/ocd/internal/sources/docker.go:48.3,48.39 1 0
github.com/bladeacer/ocd/internal/sources/docker.go:48.39,51.4 2 0
github.com/bladeacer/ocd/internal/sources/docker.go:53.3,54.66 2 0
github.com/bladeacer/ocd/internal/sources/docker.go:54.66,57.4 2 0
github.com/bladeacer/ocd/internal/sources/docker.go:58.3,60.39 2 0
github.com/bladeacer/ocd/internal/sources/docker.go:60.39,61.45 1 0
github.com/bladeacer/ocd/internal/sources/docker.go:61.45,62.13 1 0
github.com/bladeacer/ocd/internal/sources/docker.go:64.4,68.44 4 0
github.com/bladeacer/ocd/internal/sources/docker.go:68.44,69.13 1 0
github.com/bladeacer/ocd/internal/sources/docker.go:72.4,76.6 1 0
github.com/bladeacer/ocd/internal/sources/docker.go:78.3,78.18 1 0
github.com/bladeacer/ocd/internal/sources/docker.go:81.2,81.18 1 0
github.com/bladeacer/ocd/internal/sources/electron.go:18.30,20.2 1 0
github.com/bladeacer/ocd/internal/sources/electron.go:22.34,22.55 1 0
github.com/bladeacer/ocd/internal/sources/electron.go:24.56,26.16 2 0
github.com/bladeacer/ocd/internal/sources/electron.go:26.16,28.3 1 0
github.com/bladeacer/ocd/internal/sources/electron.go:29.2,31.38 2 0
github.com/bladeacer/ocd/internal/sources/electron.go:31.38,33.3 1 0
github.com/bladeacer/ocd/internal/sources/electron.go:35.2,36.64 2 0
github.com/bladeacer/ocd/internal/sources/electron.go:36.64,38.3 1 0
github.com/bladeacer/ocd/internal/sources/electron.go:40.2,40.37 1 0
github.com/bladeacer/ocd/internal/sources/fetcher.go:22.42,29.2 1 0
github.com/bladeacer/ocd/internal/sources/fetcher.go:31.60,38.20 5 0
github.com/bladeacer/ocd/internal/sources/fetcher.go:38.20,39.10 1 0
github.com/bladeacer/ocd/internal/sources/fetcher.go:40.21,41.20 1 0
github.com/bladeacer/ocd/internal/sources/fetcher.go:42.11,42.11 0 0
github.com/bladeacer/ocd/internal/sources/fetcher.go:44.3,44.13 1 0
github.com/bladeacer/ocd/internal/sources/fetcher.go:44.13,46.63 2 0
github.com/bladeacer/ocd/internal/sources/fetcher.go:46.63,49.5 2 0
github.com/bladeacer/ocd/internal/sources/fetcher.go:51.3,52.17 2 0
github.com/bladeacer/ocd/internal/sources/fetcher.go:52.17,54.4 1 0
github.com/bladeacer/ocd/internal/sources/fetcher.go:55.3,55.59 1 0
github.com/bladeacer/ocd/internal/sources/fetcher.go:55.59,57.4 1 0
github.com/bladeacer/ocd/internal/sources/fetcher.go:58.3,59.13 2 0
github.com/bladeacer/ocd/internal/sources/fetcher.go:62.2,62.20 1 0
github.com/bladeacer/ocd/internal/sources/fetcher.go:62.20,63.10 1 0
github.com/bladeacer/ocd/internal/sources/fetcher.go:64.21,65.20 1 0
github.com/bladeacer/ocd/internal/sources/fetcher.go:66.11,66.11 0 0
github.com/bladeacer/ocd/internal/sources/fetcher.go:68.3,68.13 1 0
github.com/bladeacer/ocd/internal/sources/fetcher.go:68.13,70.66 2 0
github.com/bladeacer/ocd/internal/sources/fetcher.go:70.66,73.5 2 0
github.com/bladeacer/ocd/internal/sources/fetcher.go:75.3,76.17 2 0
github.com/bladeacer/ocd/internal/sources/fetcher.go:76.17,78.4 1 0
github.com/bladeacer/ocd/internal/sources/fetcher.go:79.3,79.62 1 0
github.com/bladeacer/ocd/internal/sources/fetcher.go:79.62,81.4 1 0
github.com/bladeacer/ocd/internal/sources/fetcher.go:82.3,83.13 2 0
github.com/bladeacer/ocd/internal/sources/fetcher.go:86.2,86.20 1 0
github.com/bladeacer/ocd/internal/sources/fetcher.go:86.20,87.10 1 0
github.com/bladeacer/ocd/internal/sources/fetcher.go:88.21,89.20 1 0
github.com/bladeacer/ocd/internal/sources/fetcher.go:90.11,90.11 0 0
github.com/bladeacer/ocd/internal/sources/fetcher.go:92.3,92.13 1 0
github.com/bladeacer/ocd/internal/sources/fetcher.go:92.13,94.68 2 0
github.com/bladeacer/ocd/internal/sources/fetcher.go:94.68,97.5 2 0
github.com/bladeacer/ocd/internal/sources/fetcher.go:99.3,100.17 2 0
github.com/bladeacer/ocd/internal/sources/fetcher.go:100.17,102.4 1 0
github.com/bladeacer/ocd/internal/sources/fetcher.go:103.3,103.64 1 0
github.com/bladeacer/ocd/internal/sources/fetcher.go:103.64,105.4 1 0
github.com/bladeacer/ocd/internal/sources/fetcher.go:106.3,107.13 2 0
github.com/bladeacer/ocd/internal/sources/fetcher.go:110.2,110.33 1 0
github.com/bladeacer/ocd/internal/sources/fetcher.go:110.33,112.3 1 0
github.com/bladeacer/ocd/internal/sources/fetcher.go:113.2,113.16 1 0
github.com/bladeacer/ocd/internal/sources/rss.go:17.20,19.2 1 0
github.com/bladeacer/ocd/internal/sources/rss.go:21.29,21.45 1 0
github.com/bladeacer/ocd/internal/sources/rss.go:23.52,26.16 3 0
github.com/bladeacer/ocd/internal/sources/rss.go:26.16,28.3 1 0
github.com/bladeacer/ocd/internal/sources/rss.go:30.2,35.35 4 0
github.com/bladeacer/ocd/internal/sources/rss.go:35.35,37.20 2 0
github.com/bladeacer/ocd/internal/sources/rss.go:37.20,38.12 1 0
github.com/bladeacer/ocd/internal/sources/rss.go:40.3,43.47 3 0
github.com/bladeacer/ocd/internal/sources/rss.go:43.47,45.4 1 0
github.com/bladeacer/ocd/internal/sources/rss.go:47.3,51.26 3 0
github.com/bladeacer/ocd/internal/sources/rss.go:51.26,53.22 2 0
github.com/bladeacer/ocd/internal/sources/rss.go:53.22,55.5 1 0
github.com/bladeacer/ocd/internal/sources/rss.go:56.9,56.37 1 0
github.com/bladeacer/ocd/internal/sources/rss.go:56.37,58.22 2 0
github.com/bladeacer/ocd/internal/sources/rss.go:58.22,60.5 1 0
github.com/bladeacer/ocd/internal/sources/rss.go:63.3,64.17 2 0
github.com/bladeacer/ocd/internal/sources/rss.go:64.17,66.4 1 0
github.com/bladeacer/ocd/internal/sources/rss.go:68.3,75.5 1 0
github.com/bladeacer/ocd/internal/sources/rss.go:78.2,78.24 1 0
github.com/bladeacer/ocd/internal/sources/rss.go:78.24,80.3 1 0
github.com/bladeacer/ocd/internal/sources/rss.go:82.2,83.22 2 0
github.com/bladeacer/ocd/internal/sources/rss.go:86.69,91.40 4 0
github.com/bladeacer/ocd/internal/sources/rss.go:91.40,92.31 1 0
github.com/bladeacer/ocd/internal/sources/rss.go:92.31,94.4 1 0
github.com/bladeacer/ocd/internal/sources/rss.go:94.9,96.4 1 0
github.com/bladeacer/ocd/internal/sources/rss.go:98.2,98.15 1 0
github.com/bladeacer/ocd/internal/tui/diffmodel.go:62.57,74.2 5 0
github.com/bladeacer/ocd/internal/tui/diffmodel.go:76.36,78.2 1 0
github.com/bladeacer/ocd/internal/tui/diffmodel.go:80.29,81.21 1 0
github.com/bladeacer/ocd/internal/tui/diffmodel.go:81.21,83.3 1 0
github.com/bladeacer/ocd/internal/tui/diffmodel.go:85.2,85.27 1 0
github.com/bladeacer/ocd/internal/tui/diffmodel.go:85.27,88.3 2 0
github.com/bladeacer/ocd/internal/tui/diffmodel.go:90.2,90.23 1 0
github.com/bladeacer/ocd/internal/tui/diffmodel.go:90.23,93.3 2 0
github.com/bladeacer/ocd/internal/tui/diffmodel.go:95.2,103.27 8 0
github.com/bladeacer/ocd/internal/tui/diffmodel.go:103.27,104.36 1 0
github.com/bladeacer/ocd/internal/tui/diffmodel.go:104.36,109.12 5 0
github.com/bladeacer/ocd/internal/tui/diffmodel.go:112.3,112.71 1 0
github.com/bladeacer/ocd/internal/tui/diffmodel.go:112.71,114.12 2 0
github.com/bladeacer/ocd/internal/tui/diffmodel.go:117.3,117.28 1 0
github.com/bladeacer/ocd/internal/tui/diffmodel.go:117.28,119.12 2 0
github.com/bladeacer/ocd/internal/tui/diffmodel.go:122.3,122.10 1 0
github.com/bladeacer/ocd/internal/tui/diffmodel.go:123.72,129.14 3 0
github.com/bladeacer/ocd/internal/tui/diffmodel.go:131.72,137.14 3 0
github.com/bladeacer/ocd/internal/tui/diffmodel.go:139.11,145.14 3 0
github.com/bladeacer/ocd/internal/tui/diffmodel.go:149.2,149.12 1 0
github.com/bladeacer/ocd/internal/tui/diffmodel.go:152.57,155.48 3 0
github.com/bladeacer/ocd/internal/tui/diffmodel.go:155.48,157.3 1 0
github.com/bladeacer/ocd/internal/tui/diffmodel.go:158.2,158.48 1 0
github.com/bladeacer/ocd/internal/tui/diffmodel.go:158.48,160.3 1 0
github.com/bladeacer/ocd/internal/tui/diffmodel.go:161.2,162.26 2 0
github.com/bladeacer/ocd/internal/tui/diffmodel.go:162.26,163.32 1 0
github.com/bladeacer/ocd/internal/tui/diffmodel.go:163.32,165.13 2 0
github.com/bladeacer/ocd/internal/tui/diffmodel.go:165.13,167.5 1 0
github.com/bladeacer/ocd/internal/tui/diffmodel.go:169.3,169.32 1 0
github.com/bladeacer/ocd/internal/tui/diffmodel.go:169.32,171.13 2 0
github.com/bladeacer/ocd/internal/tui/diffmodel.go:171.13,173.5 1 0
github.com/bladeacer/ocd/internal/tui/diffmodel.go:176.2,176.8 1 0
github.com/bladeacer/ocd/internal/tui/diffmodel.go:179.36,181.22 2 0
github.com/bladeacer/ocd/internal/tui/diffmodel.go:181.22,182.27 1 0
github.com/bladeacer/ocd/internal/tui/diffmodel.go:182.27,184.4 1 0
github.com/bladeacer/ocd/internal/tui/diffmodel.go:184.9,185.9 1 0
github.com/bladeacer/ocd/internal/tui/diffmodel.go:188.2,188.10 1 0
github.com/bladeacer/ocd/internal/tui/diffmodel.go:191.30,203.18 8 0
github.com/bladeacer/ocd/internal/tui/diffmodel.go:203.18,205.3 1 0
github.com/bladeacer/ocd/internal/tui/diffmodel.go:205.8,207.3 1 0
github.com/bladeacer/ocd/internal/tui/diffmodel.go:209.2,209.24 1 0
github.com/bladeacer/ocd/internal/tui/diffmodel.go:212.55,216.30 3 0
github.com/bladeacer/ocd/internal/tui/diffmodel.go:216.30,218.22 2 0
github.com/bladeacer/ocd/internal/tui/diffmodel.go:218.22,220.76 2 0
github.com/bladeacer/ocd/internal/tui/diffmodel.go:220.76,223.13 3 0
github.com/bladeacer/ocd/internal/tui/diffmodel.go:226.3,227.22 2 0
github.com/bladeacer/ocd/internal/tui/diffmodel.go:231.58,233.15 2 0
github.com/bladeacer/ocd/internal/tui/diffmodel.go:233.15,235.3 1 0
github.com/bladeacer/ocd/internal/tui/diffmodel.go:236.2,240.27 3 0
github.com/bladeacer/ocd/internal/tui/diffmodel.go:240.27,245.23 5 0
github.com/bladeacer/ocd/internal/tui/diffmodel.go:245.23,247.4 1 0
github.com/bladeacer/ocd/internal/tui/diffmodel.go:248.3,248.23 1 0
github.com/bladeacer/ocd/internal/tui/diffmodel.go:248.23,250.4 1 0
github.com/bladeacer/ocd/internal/tui/diffmodel.go:252.3,254.17 2 0
github.com/bladeacer/ocd/internal/tui/diffmodel.go:255.23,259.12 4 0
github.com/bladeacer/ocd/internal/tui/diffmodel.go:260.23,264.12 4 0
github.com/bladeacer/ocd/internal/tui/diffmodel.go:265.16,268.5 1 0
github.com/bladeacer/ocd/internal/tui/diffmodel.go:269.16,272.5 1 0
github.com/bladeacer/ocd/internal/tui/diffmodel.go:273.11,275.44 2 0
github.com/bladeacer/ocd/internal/tui/diffmodel.go:278.3,286.22 6 0
github.com/bladeacer/ocd/internal/tui/diffmodel.go:286.22,288.76 2 0
github.com/bladeacer/ocd/internal/tui/diffmodel.go:288.76,290.5 1 0
github.com/bladeacer/ocd/internal/tui/diffmodel.go:293.3,294.22 2 0
github.com/bladeacer/ocd/internal/tui/diffmodel.go:306.49,308.30 2 0
github.com/bladeacer/ocd/internal/tui/diffmodel.go:308.30,309.18 1 0
github.com/bladeacer/ocd/internal/tui/diffmodel.go:310.20,317.6 1 0
github.com/bladeacer/ocd/internal/tui/diffmodel.go:318.16,325.6 1 0
github.com/bladeacer/ocd/internal/tui/diffmodel.go:326.16,333.6 1 0
github.com/bladeacer/ocd/internal/tui/diffmodel.go:334.23,339.6 1 0
github.com/bladeacer/ocd/internal/tui/diffmodel.go:340.23,345.6 1 0
github.com/bladeacer/ocd/internal/tui/diffmodel.go:346.11,351.6 1 0
github.com/bladeacer/ocd/internal/tui/diffmodel.go:354.2,354.15 1 0
github.com/bladeacer/ocd/internal/tui/diffmodel.go:357.80,360.23 3 0
github.com/bladeacer/ocd/internal/tui/diffmodel.go:360.23,362.3 1 0
github.com/bladeacer/ocd/internal/tui/diffmodel.go:363.2,363.23 1 0
github.com/bladeacer/ocd/internal/tui/diffmodel.go:363.23,365.3 1 0
github.com/bladeacer/ocd/internal/tui/diffmodel.go:366.2,368.17 2 0
github.com/bladeacer/ocd/internal/tui/diffmodel.go:369.22,372.4 1 0
github.com/bladeacer/ocd/internal/tui/diffmodel.go:373.15,376.4 1 0
github.com/bladeacer/ocd/internal/tui/diffmodel.go:377.15,380.4 1 0
github.com/bladeacer/ocd/internal/tui/diffmodel.go:381.22,384.4 1 0
github.com/bladeacer/ocd/internal/tui/diffmodel.go:385.10,386.64 1 0
github.com/bladeacer/ocd/internal/tui/diffmodel.go:390.39,391.12 1 0
github.com/bladeacer/ocd/internal/tui/diffmodel.go:391.12,393.3 1 0
github.com/bladeacer/ocd/internal/tui/diffmodel.go:394.2,395.21 2 0
github.com/bladeacer/ocd/internal/tui/diffmodel.go:395.21,397.3 1 0
github.com/bladeacer/ocd/internal/tui/diffmodel.go:398.2,398.11 1 0
github.com/bladeacer/ocd/internal/tui/diffmodel.go:398.11,400.3 1 0
github.com/bladeacer/ocd/internal/tui/diffmodel.go:401.2,401.26 1 0
github.com/bladeacer/ocd/internal/tui/diffmodel.go:404.39,405.17 1 0
github.com/bladeacer/ocd/internal/tui/diffmodel.go:405.17,407.3 1 0
github.com/bladeacer/ocd/internal/tui/diffmodel.go:408.2,408.42 1 0
github.com/bladeacer/ocd/internal/tui/diffmodel.go:411.33,414.22 3 0
github.com/bladeacer/ocd/internal/tui/diffmodel.go:414.22,415.18 1 0
github.com/bladeacer/ocd/internal/tui/diffmodel.go:415.18,417.12 2 0
github.com/bladeacer/ocd/internal/tui/diffmodel.go:419.3,419.15 1 0
github.com/bladeacer/ocd/internal/tui/diffmodel.go:419.15,420.56 1 0
github.com/bladeacer/ocd/internal/tui/diffmodel.go:420.56,422.5 1 0
github.com/bladeacer/ocd/internal/tui/diffmodel.go:423.4,423.12 1 0
github.com/bladeacer/ocd/internal/tui/diffmodel.go:425.3,425.19 1 0
github.com/bladeacer/ocd/internal/tui/diffmodel.go:427.2,427.21 1 0
github.com/bladeacer/ocd/internal/tui/diffmodel.go:430.39,433.2 2 0
github.com/bladeacer/ocd/internal/tui/diffmodel.go:435.62,436.27 1 0
github.com/bladeacer/ocd/internal/tui/diffmodel.go:437.25,443.16 6 0
github.com/bladeacer/ocd/internal/tui/diffmodel.go:445.18,446.19 1 0
github.com/bladeacer/ocd/internal/tui/diffmodel.go:446.19,448.4 1 0
github.com/bladeacer/ocd/internal/tui/diffmodel.go:449.3,449.32 1 0
github.com/bladeacer/ocd/internal/tui/diffmodel.go:452.2,454.15 3 0
github.com/bladeacer/ocd/internal/tui/diffmodel.go:465.74,466.22 1 0
github.com/bladeacer/ocd/internal/tui/diffmodel.go:467.27,472.16 5 0
github.com/bladeacer/ocd/internal/tui/diffmodel.go:474.24,480.16 6 0
github.com/bladeacer/ocd/internal/tui/diffmodel.go:482.20,484.19 2 0
github.com/bladeacer/ocd/internal/tui/diffmodel.go:484.19,486.4 1 0
github.com/bladeacer/ocd/internal/tui/diffmodel.go:487.3,489.16 3 0
github.com/bladeacer/ocd/internal/tui/diffmodel.go:492.2,492.28 1 0
github.com/bladeacer/ocd/internal/tui/diffmodel.go:492.28,497.3 4 0
github.com/bladeacer/ocd/internal/tui/diffmodel.go:499.2,499.15 1 0
github.com/bladeacer/ocd/internal/tui/diffmodel.go:502.37,503.43 1 0
github.com/bladeacer/ocd/internal/tui/diffmodel.go:503.43,505.3 1 0
github.com/bladeacer/ocd/internal/tui/diffmodel.go:506.2,508.30 3 0
github.com/bladeacer/ocd/internal/tui/diffmodel.go:508.30,509.52 1 0
github.com/bladeacer/ocd/internal/tui/diffmodel.go:509.52,510.27 1 0
github.com/bladeacer/ocd/internal/tui/diffmodel.go:510.27,512.5 1 0
github.com/bladeacer/ocd/internal/tui/diffmodel.go:513.4,513.10 1 0
github.com/bladeacer/ocd/internal/tui/diffmodel.go:518.74,519.22 1 0
github.com/bladeacer/ocd/internal/tui/diffmodel.go:520.32,521.21 1 0
github.com/bladeacer/ocd/internal/tui/diffmodel.go:523.11,525.16 2 0
github.com/bladeacer/ocd/internal/tui/diffmodel.go:526.11,528.16 2 0
github.com/bladeacer/ocd/internal/tui/diffmodel.go:530.11,534.16 4 0
github.com/bladeacer/ocd/internal/tui/diffmodel.go:536.11,537.17 1 0
github.com/bladeacer/ocd/internal/tui/diffmodel.go:537.17,540.4 2 0
github.com/bladeacer/ocd/internal/tui/diffmodel.go:540.9,542.4 1 0
github.com/bladeacer/ocd/internal/tui/diffmodel.go:543.3,543.16 1 0
github.com/bladeacer/ocd/internal/tui/diffmodel.go:544.11,547.16 3 0
github.com/bladeacer/ocd/internal/tui/diffmodel.go:549.11,555.16 6 0
github.com/bladeacer/ocd/internal/tui/diffmodel.go:557.11,559.25 2 0
github.com/bladeacer/ocd/internal/tui/diffmodel.go:561.11,563.24 2 0
github.com/bladeacer/ocd/internal/tui/diffmodel.go:565.11,567.29 2 0
github.com/bladeacer/ocd/internal/tui/diffmodel.go:570.2,574.15 4 0
github.com/bladeacer/ocd/internal/tui/diffmodel.go:577.53,579.52 2 0
github.com/bladeacer/ocd/internal/tui/diffmodel.go:579.52,581.3 1 0
github.com/bladeacer/ocd/internal/tui/diffmodel.go:582.2,582.34 1 0
github.com/bladeacer/ocd/internal/tui/diffmodel.go:585.40,586.24 1 0
github.com/bladeacer/ocd/internal/tui/diffmodel.go:586.24,587.26 1 0
github.com/bladeacer/ocd/internal/tui/diffmodel.go:587.26,589.4 1 0
github.com/bladeacer/ocd/internal/tui/diffmodel.go:590.3,592.39 3 0
github.com/bladeacer/ocd/internal/tui/diffmodel.go:592.39,594.4 1 0
github.com/bladeacer/ocd/internal/tui/diffmodel.go:595.3,596.50 2 0
github.com/bladeacer/ocd/internal/tui/diffmodel.go:596.50,598.4 1 0
github.com/bladeacer/ocd/internal/tui/diffmodel.go:599.3,599.13 1 0
github.com/bladeacer/ocd/internal/tui/diffmodel.go:603.39,604.24 1 0
github.com/bladeacer/ocd/internal/tui/diffmodel.go:604.24,606.50 2 0
github.com/bladeacer/ocd/internal/tui/diffmodel.go:606.50,608.4 1 0
github.com/bladeacer/ocd/internal/tui/diffmodel.go:609.3,609.13 1 0
github.com/bladeacer/ocd/internal/tui/diffmodel.go:613.44,615.16 2 0
github.com/bladeacer/ocd/internal/tui/diffmodel.go:615.16,617.3 1 0
github.com/bladeacer/ocd/internal/tui/diffmodel.go:618.2,619.56 2 0
github.com/bladeacer/ocd/internal/tui/diffmodel.go:619.56,622.3 2 0
github.com/bladeacer/ocd/internal/tui/diffmodel.go:623.2,626.18 3 0
github.com/bladeacer/ocd/internal/tui/diffmodel.go:626.18,628.3 1 0
github.com/bladeacer/ocd/internal/tui/diffmodel.go:629.2,630.54 2 0
github.com/bladeacer/ocd/internal/tui/diffmodel.go:630.54,633.3 2 0
github.com/bladeacer/ocd/internal/tui/diffmodel.go:636.32,637.25 1 0
github.com/bladeacer/ocd/internal/tui/diffmodel.go:637.25,639.3 1 0
github.com/bladeacer/ocd/internal/tui/diffmodel.go:640.2,642.48 3 0
github.com/bladeacer/ocd/internal/tui/diffmodel.go:642.48,644.3 1 0
github.com/bladeacer/ocd/internal/tui/diffmodel.go:647.32,648.25 1 0
github.com/bladeacer/ocd/internal/tui/diffmodel.go:648.25,650.3 1 0
github.com/bladeacer/ocd/internal/tui/diffmodel.go:651.2,652.23 2 0
github.com/bladeacer/ocd/internal/tui/diffmodel.go:652.23,654.3 1 0
github.com/bladeacer/ocd/internal/tui/diffmodel.go:655.2,656.48 2 0
github.com/bladeacer/ocd/internal/tui/diffmodel.go:656.48,658.3 1 0
github.com/bladeacer/ocd/internal/tui/diffmodel.go:661.35,662.14 1 0
github.com/bladeacer/ocd/internal/tui/diffmodel.go:662.14,664.3 1 0
github.com/bladeacer/ocd/internal/tui/diffmodel.go:665.2,665.21 1 0
github.com/bladeacer/ocd/internal/tui/diffmodel.go:665.21,668.3 2 0
github.com/bladeacer/ocd/internal/tui/diffmodel.go:670.2,671.18 2 0
github.com/bladeacer/ocd/internal/tui/diffmodel.go:671.18,673.3 1 0
github.com/bladeacer/ocd/internal/tui/diffmodel.go:675.2,676.24 2 0
github.com/bladeacer/ocd/internal/tui/diffmodel.go:676.24,680.3 1 0
github.com/bladeacer/ocd/internal/tui/diffmodel.go:682.2,683.18 2 0
github.com/bladeacer/ocd/internal/tui/diffmodel.go:683.18,685.3 1 0
github.com/bladeacer/ocd/internal/tui/diffmodel.go:687.2,693.41 2 0
github.com/bladeacer/ocd/internal/tui/diffmodel.go:696.53,701.2 4 0
github.com/bladeacer/ocd/internal/tui/model.go:67.49,116.2 12 0
github.com/bladeacer/ocd/internal/tui/model.go:118.32,120.2 1 0
github.com/bladeacer/ocd/internal/tui/model.go:122.38,125.2 2 0
github.com/bladeacer/ocd/internal/tui/model.go:127.37,130.2 2 0
github.com/bladeacer/ocd/internal/tui/model.go:132.58,133.27 1 0
github.com/bladeacer/ocd/internal/tui/model.go:134.25,137.16 3 0
github.com/bladeacer/ocd/internal/tui/model.go:139.21,141.30 2 0
github.com/bladeacer/ocd/internal/tui/model.go:141.30,144.4 2 0
github.com/bladeacer/ocd/internal/tui/model.go:145.3,148.16 4 0
github.com/bladeacer/ocd/internal/tui/model.go:150.15,151.30 1 0
github.com/bladeacer/ocd/internal/tui/model.go:151.30,153.42 2 0
github.com/bladeacer/ocd/internal/tui/model.go:153.42,155.5 1 0
github.com/bladeacer/ocd/internal/tui/model.go:156.4,156.26 1 0
github.com/bladeacer/ocd/internal/tui/model.go:158.3,158.16 1 0
github.com/bladeacer/ocd/internal/tui/model.go:160.18,161.26 1 0
github.com/bladeacer/ocd/internal/tui/model.go:163.23,166.16 3 0
github.com/bladeacer/ocd/internal/tui/model.go:169.2,169.15 1 0
github.com/bladeacer/ocd/internal/tui/model.go:172.64,173.17 1 0
github.com/bladeacer/ocd/internal/tui/model.go:174.20,175.33 1 0
github.com/bladeacer/ocd/internal/tui/model.go:176.18,177.31 1 0
github.com/bladeacer/ocd/internal/tui/model.go:178.19,179.32 1 0
github.com/bladeacer/ocd/internal/tui/model.go:180.20,181.33 1 0
github.com/bladeacer/ocd/internal/tui/model.go:183.2,183.15 1 0
github.com/bladeacer/ocd/internal/tui/model.go:186.71,187.53 1 0
github.com/bladeacer/ocd/internal/tui/model.go:187.53,189.3 1 0
github.com/bladeacer/ocd/internal/tui/model.go:190.2,190.15 1 0
github.com/bladeacer/ocd/internal/tui/model.go:193.69,194.22 1 0
github.com/bladeacer/ocd/internal/tui/model.go:195.21,196.21 1 0
github.com/bladeacer/ocd/internal/tui/model.go:198.16,199.23 1 0
github.com/bladeacer/ocd/internal/tui/model.go:201.11,205.16 4 0
github.com/bladeacer/ocd/internal/tui/model.go:207.11,209.19 2 0
github.com/bladeacer/ocd/internal/tui/model.go:211.11,213.19 2 0
github.com/bladeacer/ocd/internal/tui/model.go:215.11,217.19 2 0
github.com/bladeacer/ocd/internal/tui/model.go:219.11,221.19 2 0
github.com/bladeacer/ocd/internal/tui/model.go:224.2,226.15 3 0
github.com/bladeacer/ocd/internal/tui/model.go:229.70,230.22 1 0
github.com/bladeacer/ocd/internal/tui/model.go:231.27,237.16 6 0
github.com/bladeacer/ocd/internal/tui/model.go:239.24,244.16 5 0
github.com/bladeacer/ocd/internal/tui/model.go:246.19,248.19 2 0
github.com/bladeacer/ocd/internal/tui/model.go:248.19,250.4 1 0
github.com/bladeacer/ocd/internal/tui/model.go:251.3,253.16 3 0
github.com/bladeacer/ocd/internal/tui/model.go:256.2,256.28 1 0
github.com/bladeacer/ocd/internal/tui/model.go:256.28,261.3 4 0
github.com/bladeacer/ocd/internal/tui/model.go:263.2,263.15 1 0
github.com/bladeacer/ocd/internal/tui/model.go:266.71,267.22 1 0
github.com/bladeacer/ocd/internal/tui/model.go:268.21,269.21 1 0
github.com/bladeacer/ocd/internal/tui/model.go:270.27,273.16 3 0
github.com/bladeacer/ocd/internal/tui/model.go:275.2,275.15 1 0
github.com/bladeacer/ocd/internal/tui/model.go:278.50,280.16 2 0
github.com/bladeacer/ocd/internal/tui/model.go:280.16,282.3 1 0
github.com/bladeacer/ocd/internal/tui/model.go:283.2,285.15 3 0
github.com/bladeacer/ocd/internal/tui/model.go:288.32,291.29 2 0
github.com/bladeacer/ocd/internal/tui/model.go:291.29,296.42 4 0
github.com/bladeacer/ocd/internal/tui/model.go:296.42,297.12 1 0
github.com/bladeacer/ocd/internal/tui/model.go:299.3,299.25 1 0
github.com/bladeacer/ocd/internal/tui/model.go:299.25,301.35 2 0
github.com/bladeacer/ocd/internal/tui/model.go:301.35,302.29 1 0
github.com/bladeacer/ocd/internal/tui/model.go:302.29,304.11 2 0
github.com/bladeacer/ocd/internal/tui/model.go:307.4,307.15 1 0
github.com/bladeacer/ocd/internal/tui/model.go:307.15,308.13 1 0
github.com/bladeacer/ocd/internal/tui/model.go:311.3,311.46 1 0
github.com/bladeacer/ocd/internal/tui/model.go:311.46,312.12 1 0
github.com/bladeacer/ocd/internal/tui/model.go:314.3,314.26 1 0
github.com/bladeacer/ocd/internal/tui/model.go:314.26,316.69 2 0
github.com/bladeacer/ocd/internal/tui/model.go:316.69,317.13 1 0
github.com/bladeacer/ocd/internal/tui/model.go:320.3,320.35 1 0
github.com/bladeacer/ocd/internal/tui/model.go:323.2,324.21 2 0
github.com/bladeacer/ocd/internal/tui/model.go:327.50,329.2 1 0
github.com/bladeacer/ocd/internal/tui/model.go:331.35,333.17 2 0
github.com/bladeacer/ocd/internal/tui/model.go:333.17,335.3 1 0
github.com/bladeacer/ocd/internal/tui/model.go:337.2,340.41 3 0
github.com/bladeacer/ocd/internal/tui/model.go:340.41,344.23 3 0
github.com/bladeacer/ocd/internal/tui/model.go:344.23,347.22 3 0
github.com/bladeacer/ocd/internal/tui/model.go:347.22,349.5 1 0
github.com/bladeacer/ocd/internal/tui/model.go:351.3,351.37 1 0
github.com/bladeacer/ocd/internal/tui/model.go:354.2,354.23 1 0
github.com/bladeacer/ocd/internal/tui/model.go:357.29,361.37 3 0
github.com/bladeacer/ocd/internal/tui/model.go:361.37,363.3 1 0
github.com/bladeacer/ocd/internal/tui/model.go:365.2,368.46 3 0
github.com/bladeacer/ocd/internal/tui/model.go:368.46,373.3 1 0
github.com/bladeacer/ocd/internal/tui/model.go:375.2,377.36 2 0
github.com/bladeacer/ocd/internal/tui/model.go:377.36,380.16 3 0
github.com/bladeacer/ocd/internal/tui/model.go:380.16,381.12 1 0
github.com/bladeacer/ocd/internal/tui/model.go:383.3,387.16 4 0
github.com/bladeacer/ocd/internal/tui/model.go:387.16,388.38 1 0
github.com/bladeacer/ocd/internal/tui/model.go:388.38,390.5 1 0
github.com/bladeacer/ocd/internal/tui/model.go:393.3,395.33 3 0
github.com/bladeacer/ocd/internal/tui/model.go:395.33,396.17 1 0
github.com/bladeacer/ocd/internal/tui/model.go:396.17,398.5 1 0
github.com/bladeacer/ocd/internal/tui/model.go:398.10,400.5 1 0
github.com/bladeacer/ocd/internal/tui/model.go:403.3,404.52 2 0
github.com/bladeacer/ocd/internal/tui/model.go:404.52,406.4 1 0
github.com/bladeacer/ocd/internal/tui/model.go:408.3,409.21 2 0
github.com/bladeacer/ocd/internal/tui/model.go:409.21,411.4 1 0
github.com/bladeacer/ocd/internal/tui/model.go:413.3,422.5 1 0
github.com/bladeacer/ocd/internal/tui/model.go:425.2,426.19 2 0
github.com/bladeacer/ocd/internal/tui/model.go:429.41,440.2 1 0
github.com/bladeacer/ocd/internal/tui/model.go:442.42,445.16 3 0
github.com/bladeacer/ocd/internal/tui/model.go:445.16,447.3 1 0
github.com/bladeacer/ocd/internal/tui/model.go:448.2,449.9 2 0
github.com/bladeacer/ocd/internal/tui/model.go:449.9,451.3 1 0
github.com/bladeacer/ocd/internal/tui/model.go:452.2,452.30 1 0
github.com/bladeacer/ocd/internal/tui/model.go:452.30,454.3 1 0
github.com/bladeacer/ocd/internal/tui/model.go:455.2,455.25 1 0
github.com/bladeacer/ocd/internal/tui/model.go:458.35,461.26 3 0
github.com/bladeacer/ocd/internal/tui/model.go:461.26,462.12 1 0
github.com/bladeacer/ocd/internal/tui/model.go:462.12,464.4 1 0
github.com/bladeacer/ocd/internal/tui/model.go:466.2,466.13 1 0
github.com/bladeacer/ocd/internal/tui/model.go:469.25,471.22 2 0
github.com/bladeacer/ocd/internal/tui/model.go:471.22,472.27 1 0
github.com/bladeacer/ocd/internal/tui/model.go:472.27,474.4 1 0
github.com/bladeacer/ocd/internal/tui/model.go:476.2,476.10 1 0
github.com/bladeacer/ocd/internal/tui/model.go:479.38,480.25 1 0
github.com/bladeacer/ocd/internal/tui/model.go:480.25,483.17 3 0
github.com/bladeacer/ocd/internal/tui/model.go:483.17,485.4 1 0
github.com/bladeacer/ocd/internal/tui/model.go:486.3,486.17 1 0
github.com/bladeacer/ocd/internal/tui/model.go:486.17,488.4 1 0
github.com/bladeacer/ocd/internal/tui/model.go:489.3,489.15 1 0
github.com/bladeacer/ocd/internal/tui/model.go:489.15,491.4 1 0
github.com/bladeacer/ocd/internal/tui/model.go:493.2,493.10 1 0
github.com/bladeacer/ocd/internal/tui/model.go:496.38,497.37 1 0
github.com/bladeacer/ocd/internal/tui/model.go:497.37,499.3 1 0
github.com/bladeacer/ocd/internal/tui/model.go:500.2,500.16 1 0
github.com/bladeacer/ocd/internal/tui/model.go:501.22,502.11 1 0
github.com/bladeacer/ocd/internal/tui/model.go:503.19,504.11 1 0
github.com/bladeacer/ocd/internal/tui/model.go:505.24,506.11 1 0
github.com/bladeacer/ocd/internal/tui/model.go:508.2,508.10 1 0
github.com/bladeacer/ocd/internal/tui/model.go:511.35,512.13 1 0
github.com/bladeacer/ocd/internal/tui/model.go:512.13,514.3 1 0
github.com/bladeacer/ocd/internal/tui/model.go:515.2,515.16 1 0
github.com/bladeacer/ocd/internal/tui/pickermodel.go:45.61,75.2 8 0
github.com/bladeacer/ocd/internal/tui/pickermodel.go:77.38,79.2 1 0
github.com/bladeacer/ocd/internal/tui/pickermodel.go:81.42,84.2 2 0
github.com/bladeacer/ocd/internal/tui/pickermodel.go:86.64,87.27 1 0
github.com/bladeacer/ocd/internal/tui/pickermodel.go:88.21,90.30 2 0
github.com/bladeacer/ocd/internal/tui/pickermodel.go:90.30,93.4 2 0
github.com/bladeacer/ocd/internal/tui/pickermodel.go:94.3,96.16 3 0
github.com/bladeacer/ocd/internal/tui/pickermodel.go:98.32,101.16 3 0
github.com/bladeacer/ocd/internal/tui/pickermodel.go:103.18,104.38 1 0
github.com/bladeacer/ocd/internal/tui/pickermodel.go:104.38,105.55 1 0
github.com/bladeacer/ocd/internal/tui/pickermodel.go:105.55,108.5 2 0
github.com/bladeacer/ocd/internal/tui/pickermodel.go:109.4,109.17 1 0
github.com/bladeacer/ocd/internal/tui/pickermodel.go:112.3,112.26 1 0
github.com/bladeacer/ocd/internal/tui/pickermodel.go:115.2,115.15 1 0
github.com/bladeacer/ocd/internal/tui/pickermodel.go:118.70,119.18 1 0
github.com/bladeacer/ocd/internal/tui/pickermodel.go:119.18,121.3 1 0
github.com/bladeacer/ocd/internal/tui/pickermodel.go:123.2,123.22 1 0
github.com/bladeacer/ocd/internal/tui/pickermodel.go:124.21,126.21 2 0
github.com/bladeacer/ocd/internal/tui/pickermodel.go:127.11,131.16 4 0
github.com/bladeacer/ocd/internal/tui/pickermodel.go:132.16,133.27 1 0
github.com/bladeacer/ocd/internal/tui/pickermodel.go:134.11,136.18 2 0
github.com/bladeacer/ocd/internal/tui/pickermodel.go:139.2,141.15 3 0
github.com/bladeacer/ocd/internal/tui/pickermodel.go:144.76,145.22 1 0
github.com/bladeacer/ocd/internal/tui/pickermodel.go:146.27,152.16 6 0
github.com/bladeacer/ocd/internal/tui/pickermodel.go:153.24,158.16 5 0
github.com/bladeacer/ocd/internal/tui/pickermodel.go:159.20,161.19 2 0
github.com/bladeacer/ocd/internal/tui/pickermodel.go:161.19,163.4 1 0
github.com/bladeacer/ocd/internal/tui/pickermodel.go:164.3,166.16 3 0
github.com/bladeacer/ocd/internal/tui/pickermodel.go:169.2,169.28 1 0
github.com/bladeacer/ocd/internal/tui/pickermodel.go:169.28,174.3 4 0
github.com/bladeacer/ocd/internal/tui/pickermodel.go:176.2,176.15 1 0
github.com/bladeacer/ocd/internal/tui/pickermodel.go:179.60,181.16 2 0
github.com/bladeacer/ocd/internal/tui/pickermodel.go:181.16,183.3 1 0
github.com/bladeacer/ocd/internal/tui/pickermodel.go:184.2,185.29 2 0
github.com/bladeacer/ocd/internal/tui/pickermodel.go:185.29,191.3 5 0
github.com/bladeacer/ocd/internal/tui/pickermodel.go:191.8,195.3 3 0
github.com/bladeacer/ocd/internal/tui/pickermodel.go:196.2,196.15 1 0
github.com/bladeacer/ocd/internal/tui/pickermodel.go:199.35,201.38 2 0
github.com/bladeacer/ocd/internal/tui/pickermodel.go:201.38,206.3 1 0
github.com/bladeacer/ocd/internal/tui/pickermodel.go:208.2,210.37 3 0
github.com/bladeacer/ocd/internal/tui/pickermodel.go:210.37,212.3 1 0
github.com/bladeacer/ocd/internal/tui/pickermodel.go:214.2,214.24 1 0
github.com/bladeacer/ocd/internal/tui/pickermodel.go:214.24,215.58 1 0
github.com/bladeacer/ocd/internal/tui/pickermodel.go:215.58,216.12 1 0
github.com/bladeacer/ocd/internal/tui/pickermodel.go:218.3,219.21 2 0
github.com/bladeacer/ocd/internal/tui/pickermodel.go:219.21,221.4 1 0
github.com/bladeacer/ocd/internal/tui/pickermodel.go:223.3,224.31 2 0
github.com/bladeacer/ocd/internal/tui/pickermodel.go:224.31,225.28 1 0
github.com/bladeacer/ocd/internal/tui/pickermodel.go:225.28,227.5 1 0
github.com/bladeacer/ocd/internal/tui/pickermodel.go:227.10,229.5 1 0
github.com/bladeacer/ocd/internal/tui/pickermodel.go:232.3,233.16 2 0
[...]
github.com/bladeacer/ocd/internal/tui/diffmodel.go:518.74,519.22 1 1
github.com/bladeacer/ocd/internal/tui/diffmodel.go:520.32,521.21 1 1
github.com/bladeacer/ocd/internal/tui/diffmodel.go:523.11,525.16 2 1
github.com/bladeacer/ocd/internal/tui/diffmodel.go:526.11,528.16 2 1
github.com/bladeacer/ocd/internal/tui/diffmodel.go:530.11,534.16 4 1
github.com/bladeacer/ocd/internal/tui/diffmodel.go:536.11,537.17 1 1
github.com/bladeacer/ocd/internal/tui/diffmodel.go:537.17,540.4 2 1
github.com/bladeacer/ocd/internal/tui/diffmodel.go:540.9,542.4 1 1
github.com/bladeacer/ocd/internal/tui/diffmodel.go:543.3,543.16 1 1
github.com/bladeacer/ocd/internal/tui/diffmodel.go:544.11,547.16 3 1
github.com/bladeacer/ocd/internal/tui/diffmodel.go:549.11,555.16 6 1
github.com/bladeacer/ocd/internal/tui/diffmodel.go:557.11,559.25 2 1
github.com/bladeacer/ocd/internal/tui/diffmodel.go:561.11,563.24 2 1
github.com/bladeacer/ocd/internal/tui/diffmodel.go:565.11,567.29 2 1
github.com/bladeacer/ocd/internal/tui/diffmodel.go:570.2,574.15 4 1
github.com/bladeacer/ocd/internal/tui/diffmodel.go:577.53,579.52 2 1
github.com/bladeacer/ocd/internal/tui/diffmodel.go:579.52,581.3 1 1
github.com/bladeacer/ocd/internal/tui/diffmodel.go:582.2,582.34 1 1
github.com/bladeacer/ocd/internal/tui/diffmodel.go:585.40,586.24 1 1
github.com/bladeacer/ocd/internal/tui/diffmodel.go:586.24,587.26 1 1
github.com/bladeacer/ocd/internal/tui/diffmodel.go:587.26,589.4 1 1
github.com/bladeacer/ocd/internal/tui/diffmodel.go:590.3,592.39 3 1
github.com/bladeacer/ocd/internal/tui/diffmodel.go:592.39,594.4 1 0
github.com/bladeacer/ocd/internal/tui/diffmodel.go:595.3,596.50 2 1
github.com/bladeacer/ocd/internal/tui/diffmodel.go:596.50,598.4 1 0
github.com/bladeacer/ocd/internal/tui/diffmodel.go:599.3,599.13 1 1
github.com/bladeacer/ocd/internal/tui/diffmodel.go:603.39,604.24 1 1
github.com/bladeacer/ocd/internal/tui/diffmodel.go:604.24,606.50 2 1
github.com/bladeacer/ocd/internal/tui/diffmodel.go:606.50,608.4 1 0
github.com/bladeacer/ocd/internal/tui/diffmodel.go:609.3,609.13 1 1
github.com/bladeacer/ocd/internal/tui/diffmodel.go:613.44,615.16 2 1
github.com/bladeacer/ocd/internal/tui/diffmodel.go:615.16,617.3 1 0
github.com/bladeacer/ocd/internal/tui/diffmodel.go:618.2,619.56 2 1
github.com/bladeacer/ocd/internal/tui/diffmodel.go:619.56,622.3 2 0
github.com/bladeacer/ocd/internal/tui/diffmodel.go:623.2,626.18 3 1
github.com/bladeacer/ocd/internal/tui/diffmodel.go:626.18,628.3 1 0
github.com/bladeacer/ocd/internal/tui/diffmodel.go:629.2,630.54 2 1
github.com/bladeacer/ocd/internal/tui/diffmodel.go:630.54,633.3 2 0
github.com/bladeacer/ocd/internal/tui/diffmodel.go:636.32,637.25 1 1
github.com/bladeacer/ocd/internal/tui/diffmodel.go:637.25,639.3 1 1
github.com/bladeacer/ocd/internal/tui/diffmodel.go:640.2,642.48 3 1
github.com/bladeacer/ocd/internal/tui/diffmodel.go:642.48,644.3 1 1
github.com/bladeacer/ocd/internal/tui/diffmodel.go:647.32,648.25 1 1
github.com/bladeacer/ocd/internal/tui/diffmodel.go:648.25,650.3 1 1
github.com/bladeacer/ocd/internal/tui/diffmodel.go:651.2,652.23 2 1
github.com/bladeacer/ocd/internal/tui/diffmodel.go:652.23,654.3 1 1
github.com/bladeacer/ocd/internal/tui/diffmodel.go:655.2,656.48 2 1
github.com/bladeacer/ocd/internal/tui/diffmodel.go:656.48,658.3 1 1
github.com/bladeacer/ocd/internal/tui/diffmodel.go:661.35,662.14 1 1
github.com/bladeacer/ocd/internal/tui/diffmodel.go:662.14,664.3 1 1
github.com/bladeacer/ocd/internal/tui/diffmodel.go:665.2,665.21 1 1
github.com/bladeacer/ocd/internal/tui/diffmodel.go:665.21,668.3 2 0
github.com/bladeacer/ocd/internal/tui/diffmodel.go:670.2,671.18 2 1
github.com/bladeacer/ocd/internal/tui/diffmodel.go:671.18,673.3 1 0
github.com/bladeacer/ocd/internal/tui/diffmodel.go:675.2,676.24 2 1
github.com/bladeacer/ocd/internal/tui/diffmodel.go:676.24,680.3 1 1
github.com/bladeacer/ocd/internal/tui/diffmodel.go:682.2,683.18 2 1
github.com/bladeacer/ocd/internal/tui/diffmodel.go:683.18,685.3 1 0
github.com/bladeacer/ocd/internal/tui/diffmodel.go:687.2,693.41 2 1
github.com/bladeacer/ocd/internal/tui/diffmodel.go:696.53,701.2 4 0
github.com/bladeacer/ocd/internal/tui/model.go:67.49,116.2 12 0
github.com/bladeacer/ocd/internal/tui/model.go:118.32,120.2 1 0
github.com/bladeacer/ocd/internal/tui/model.go:122.38,125.2 2 1
github.com/bladeacer/ocd/internal/tui/model.go:127.37,130.2 2 0
github.com/bladeacer/ocd/internal/tui/model.go:132.58,133.27 1 0
github.com/bladeacer/ocd/internal/tui/model.go:134.25,137.16 3 0
github.com/bladeacer/ocd/internal/tui/model.go:139.21,141.30 2 0
github.com/bladeacer/ocd/internal/tui/model.go:141.30,144.4 2 0
github.com/bladeacer/ocd/internal/tui/model.go:145.3,148.16 4 0
github.com/bladeacer/ocd/internal/tui/model.go:150.15,151.30 1 0
github.com/bladeacer/ocd/internal/tui/model.go:151.30,153.42 2 0
github.com/bladeacer/ocd/internal/tui/model.go:153.42,155.5 1 0
github.com/bladeacer/ocd/internal/tui/model.go:156.4,156.26 1 0
github.com/bladeacer/ocd/internal/tui/model.go:158.3,158.16 1 0
github.com/bladeacer/ocd/internal/tui/model.go:160.18,161.26 1 0
github.com/bladeacer/ocd/internal/tui/model.go:163.23,166.16 3 0
github.com/bladeacer/ocd/internal/tui/model.go:169.2,169.15 1 0
github.com/bladeacer/ocd/internal/tui/model.go:172.64,173.17 1 1
github.com/bladeacer/ocd/internal/tui/model.go:174.20,175.33 1 1
github.com/bladeacer/ocd/internal/tui/model.go:176.18,177.31 1 1
github.com/bladeacer/ocd/internal/tui/model.go:178.19,179.32 1 1
github.com/bladeacer/ocd/internal/tui/model.go:180.20,181.33 1 1
github.com/bladeacer/ocd/internal/tui/model.go:183.2,183.15 1 0
github.com/bladeacer/ocd/internal/tui/model.go:186.71,187.53 1 1
github.com/bladeacer/ocd/internal/tui/model.go:187.53,189.3 1 1
github.com/bladeacer/ocd/internal/tui/model.go:190.2,190.15 1 1
github.com/bladeacer/ocd/internal/tui/model.go:193.69,194.22 1 1
github.com/bladeacer/ocd/internal/tui/model.go:195.21,196.21 1 1
github.com/bladeacer/ocd/internal/tui/model.go:198.16,199.23 1 1
github.com/bladeacer/ocd/internal/tui/model.go:201.11,205.16 4 1
github.com/bladeacer/ocd/internal/tui/model.go:207.11,209.19 2 1
github.com/bladeacer/ocd/internal/tui/model.go:211.11,213.19 2 1
github.com/bladeacer/ocd/internal/tui/model.go:215.11,217.19 2 1
github.com/bladeacer/ocd/internal/tui/model.go:219.11,221.19 2 1
github.com/bladeacer/ocd/internal/tui/model.go:224.2,226.15 3 1
github.com/bladeacer/ocd/internal/tui/model.go:229.70,230.22 1 1
github.com/bladeacer/ocd/internal/tui/model.go:231.27,237.16 6 1
github.com/bladeacer/ocd/internal/tui/model.go:239.24,244.16 5 1
github.com/bladeacer/ocd/internal/tui/model.go:246.19,248.19 2 1
github.com/bladeacer/ocd/internal/tui/model.go:248.19,250.4 1 1
github.com/bladeacer/ocd/internal/tui/model.go:251.3,253.16 3 1
github.com/bladeacer/ocd/internal/tui/model.go:256.2,256.28 1 1
github.com/bladeacer/ocd/internal/tui/model.go:256.28,261.3 4 1
github.com/bladeacer/ocd/internal/tui/model.go:263.2,263.15 1 0
github.com/bladeacer/ocd/internal/tui/model.go:266.71,267.22 1 1
github.com/bladeacer/ocd/internal/tui/model.go:268.21,269.21 1 1
github.com/bladeacer/ocd/internal/tui/model.go:270.27,273.16 3 1
github.com/bladeacer/ocd/internal/tui/model.go:275.2,275.15 1 0
github.com/bladeacer/ocd/internal/tui/model.go:278.50,280.16 2 1
github.com/bladeacer/ocd/internal/tui/model.go:280.16,282.3 1 1
github.com/bladeacer/ocd/internal/tui/model.go:283.2,285.15 3 1
github.com/bladeacer/ocd/internal/tui/model.go:288.32,291.29 2 1
github.com/bladeacer/ocd/internal/tui/model.go:291.29,296.42 4 1
github.com/bladeacer/ocd/internal/tui/model.go:296.42,297.12 1 1
github.com/bladeacer/ocd/internal/tui/model.go:299.3,299.25 1 1
github.com/bladeacer/ocd/internal/tui/model.go:299.25,301.35 2 1
github.com/bladeacer/ocd/internal/tui/model.go:301.35,302.29 1 1
github.com/bladeacer/ocd/internal/tui/model.go:302.29,304.11 2 1
github.com/bladeacer/ocd/internal/tui/model.go:307.4,307.15 1 1
github.com/bladeacer/ocd/internal/tui/model.go:307.15,308.13 1 1
github.com/bladeacer/ocd/internal/tui/model.go:311.3,311.46 1 1
github.com/bladeacer/ocd/internal/tui/model.go:311.46,312.12 1 0
github.com/bladeacer/ocd/internal/tui/model.go:314.3,314.26 1 1
github.com/bladeacer/ocd/internal/tui/model.go:314.26,316.69 2 1
github.com/bladeacer/ocd/internal/tui/model.go:316.69,317.13 1 1
github.com/bladeacer/ocd/internal/tui/model.go:320.3,320.35 1 1
github.com/bladeacer/ocd/internal/tui/model.go:323.2,324.21 2 1
github.com/bladeacer/ocd/internal/tui/model.go:327.50,329.2 1 1
github.com/bladeacer/ocd/internal/tui/model.go:331.35,333.17 2 1
github.com/bladeacer/ocd/internal/tui/model.go:333.17,335.3 1 1
github.com/bladeacer/ocd/internal/tui/model.go:337.2,340.41 3 1
github.com/bladeacer/ocd/internal/tui/model.go:340.41,344.23 3 1
github.com/bladeacer/ocd/internal/tui/model.go:344.23,347.22 3 1
github.com/bladeacer/ocd/internal/tui/model.go:347.22,349.5 1 1
github.com/bladeacer/ocd/internal/tui/model.go:351.3,351.37 1 1
github.com/bladeacer/ocd/internal/tui/model.go:354.2,354.23 1 1
github.com/bladeacer/ocd/internal/tui/model.go:357.29,361.37 3 1
github.com/bladeacer/ocd/internal/tui/model.go:361.37,363.3 1 1
github.com/bladeacer/ocd/internal/tui/model.go:365.2,368.46 3 1
github.com/bladeacer/ocd/internal/tui/model.go:368.46,373.3 1 1
github.com/bladeacer/ocd/internal/tui/model.go:375.2,377.36 2 1
github.com/bladeacer/ocd/internal/tui/model.go:377.36,380.16 3 1
github.com/bladeacer/ocd/internal/tui/model.go:380.16,381.12 1 0
github.com/bladeacer/ocd/internal/tui/model.go:383.3,387.16 4 1
github.com/bladeacer/ocd/internal/tui/model.go:387.16,388.38 1 1
github.com/bladeacer/ocd/internal/tui/model.go:388.38,390.5 1 1
github.com/bladeacer/ocd/internal/tui/model.go:393.3,395.33 3 1
github.com/bladeacer/ocd/internal/tui/model.go:395.33,396.17 1 1
github.com/bladeacer/ocd/internal/tui/model.go:396.17,398.5 1 1
github.com/bladeacer/ocd/internal/tui/model.go:398.10,400.5 1 1
github.com/bladeacer/ocd/internal/tui/model.go:403.3,404.52 2 1
github.com/bladeacer/ocd/internal/tui/model.go:404.52,406.4 1 0
github.com/bladeacer/ocd/internal/tui/model.go:408.3,409.21 2 1
github.com/bladeacer/ocd/internal/tui/model.go:409.21,411.4 1 0
github.com/bladeacer/ocd/internal/tui/model.go:413.3,422.5 1 1
github.com/bladeacer/ocd/internal/tui/model.go:425.2,426.19 2 1
github.com/bladeacer/ocd/internal/tui/model.go:429.41,440.2 1 1
github.com/bladeacer/ocd/internal/tui/model.go:442.42,445.16 3 0
github.com/bladeacer/ocd/internal/tui/model.go:445.16,447.3 1 0
github.com/bladeacer/ocd/internal/tui/model.go:448.2,449.9 2 0
github.com/bladeacer/ocd/internal/tui/model.go:449.9,451.3 1 0
github.com/bladeacer/ocd/internal/tui/model.go:452.2,452.30 1 0
github.com/bladeacer/ocd/internal/tui/model.go:452.30,454.3 1 0
github.com/bladeacer/ocd/internal/tui/model.go:455.2,455.25 1 0
github.com/bladeacer/ocd/internal/tui/model.go:458.35,461.26 3 1
github.com/bladeacer/ocd/internal/tui/model.go:461.26,462.12 1 1
github.com/bladeacer/ocd/internal/tui/model.go:462.12,464.4 1 1
github.com/bladeacer/ocd/internal/tui/model.go:466.2,466.13 1 1
github.com/bladeacer/ocd/internal/tui/model.go:469.25,471.22 2 1
github.com/bladeacer/ocd/internal/tui/model.go:471.22,472.27 1 1
github.com/bladeacer/ocd/internal/tui/model.go:472.27,474.4 1 1
github.com/bladeacer/ocd/internal/tui/model.go:476.2,476.10 1 1
github.com/bladeacer/ocd/internal/tui/model.go:479.38,480.25 1 1
github.com/bladeacer/ocd/internal/tui/model.go:480.25,483.17 3 1
github.com/bladeacer/ocd/internal/tui/model.go:483.17,485.4 1 1
github.com/bladeacer/ocd/internal/tui/model.go:486.3,486.17 1 1
github.com/bladeacer/ocd/internal/tui/model.go:486.17,488.4 1 1
github.com/bladeacer/ocd/internal/tui/model.go:489.3,489.15 1 1
github.com/bladeacer/ocd/internal/tui/model.go:489.15,491.4 1 1
github.com/bladeacer/ocd/internal/tui/model.go:493.2,493.10 1 1
github.com/bladeacer/ocd/internal/tui/model.go:496.38,497.37 1 1
github.com/bladeacer/ocd/internal/tui/model.go:497.37,499.3 1 1
github.com/bladeacer/ocd/internal/tui/model.go:500.2,500.16 1 1
github.com/bladeacer/ocd/internal/tui/model.go:501.22,502.11 1 1
github.com/bladeacer/ocd/internal/tui/model.go:503.19,504.11 1 1
github.com/bladeacer/ocd/internal/tui/model.go:505.24,506.11 1 1
github.com/bladeacer/ocd/internal/tui/model.go:508.2,508.10 1 1
github.com/bladeacer/ocd/internal/tui/model.go:511.35,512.13 1 1
github.com/bladeacer/ocd/internal/tui/model.go:512.13,514.3 1 1
github.com/bladeacer/ocd/internal/tui/model.go:515.2,515.16 1 1
github.com/bladeacer/ocd/internal/tui/pickermodel.go:45.61,75.2 8 0
github.com/bladeacer/ocd/internal/tui/pickermodel.go:77.38,79.2 1 0
github.com/bladeacer/ocd/internal/tui/pickermodel.go:81.42,84.2 2 0
github.com/bladeacer/ocd/internal/tui/pickermodel.go:86.64,87.27 1 0
github.com/bladeacer/ocd/internal/tui/pickermodel.go:88.21,90.30 2 0
github.com/bladeacer/ocd/internal/tui/pickermodel.go:90.30,93.4 2 0
github.com/bladeacer/ocd/internal/tui/pickermodel.go:94.3,96.16 3 0
github.com/bladeacer/ocd/internal/tui/pickermodel.go:98.32,101.16 3 0
github.com/bladeacer/ocd/internal/tui/pickermodel.go:103.18,104.38 1 0
github.com/bladeacer/ocd/internal/tui/pickermodel.go:104.38,105.55 1 0
github.com/bladeacer/ocd/internal/tui/pickermodel.go:105.55,108.5 2 0
github.com/bladeacer/ocd/internal/tui/pickermodel.go:109.4,109.17 1 0
github.com/bladeacer/ocd/internal/tui/pickermodel.go:112.3,112.26 1 0
github.com/bladeacer/ocd/internal/tui/pickermodel.go:115.2,115.15 1 0
github.com/bladeacer/ocd/internal/tui/pickermodel.go:118.70,119.18 1 1
github.com/bladeacer/ocd/internal/tui/pickermodel.go:119.18,121.3 1 0
github.com/bladeacer/ocd/internal/tui/pickermodel.go:123.2,123.22 1 1
github.com/bladeacer/ocd/internal/tui/pickermodel.go:124.21,126.21 2 0
github.com/bladeacer/ocd/internal/tui/pickermodel.go:127.11,131.16 4 1
github.com/bladeacer/ocd/internal/tui/pickermodel.go:132.16,133.27 1 1
github.com/bladeacer/ocd/internal/tui/pickermodel.go:134.11,136.18 2 1
github.com/bladeacer/ocd/internal/tui/pickermodel.go:139.2,141.15 3 1
github.com/bladeacer/ocd/internal/tui/pickermodel.go:144.76,145.22 1 1
github.com/bladeacer/ocd/internal/tui/pickermodel.go:146.27,152.16 6 1
github.com/bladeacer/ocd/internal/tui/pickermodel.go:153.24,158.16 5 1
github.com/bladeacer/ocd/internal/tui/pickermodel.go:159.20,161.19 2 1
github.com/bladeacer/ocd/internal/tui/pickermodel.go:161.19,163.4 1 1
github.com/bladeacer/ocd/internal/tui/pickermodel.go:164.3,166.16 3 1
github.com/bladeacer/ocd/internal/tui/pickermodel.go:169.2,169.28 1 1
github.com/bladeacer/ocd/internal/tui/pickermodel.go:169.28,174.3 4 1
github.com/bladeacer/ocd/internal/tui/pickermodel.go:176.2,176.15 1 0
github.com/bladeacer/ocd/internal/tui/pickermodel.go:179.60,181.16 2 1
github.com/bladeacer/ocd/internal/tui/pickermodel.go:181.16,183.3 1 1
github.com/bladeacer/ocd/internal/tui/pickermodel.go:184.2,185.29 2 1
github.com/bladeacer/ocd/internal/tui/pickermodel.go:185.29,191.3 5 1
github.com/bladeacer/ocd/internal/tui/pickermodel.go:191.8,195.3 3 1
github.com/bladeacer/ocd/internal/tui/pickermodel.go:196.2,196.15 1 1
github.com/bladeacer/ocd/internal/tui/pickermodel.go:199.35,201.38 2 1
github.com/bladeacer/ocd/internal/tui/pickermodel.go:201.38,206.3 1 1
github.com/bladeacer/ocd/internal/tui/pickermodel.go:208.2,210.37 3 1
github.com/bladeacer/ocd/internal/tui/pickermodel.go:210.37,212.3 1 1
github.com/bladeacer/ocd/internal/tui/pickermodel.go:214.2,214.24 1 1
github.com/bladeacer/ocd/internal/tui/pickermodel.go:214.24,215.58 1 1
github.com/bladeacer/ocd/internal/tui/pickermodel.go:215.58,216.12 1 1
github.com/bladeacer/ocd/internal/tui/pickermodel.go:218.3,219.21 2 1
github.com/bladeacer/ocd/internal/tui/pickermodel.go:219.21,221.4 1 0
github.com/bladeacer/ocd/internal/tui/pickermodel.go:223.3,224.31 2 1
github.com/bladeacer/ocd/internal/tui/pickermodel.go:224.31,225.28 1 1
github.com/bladeacer/ocd/internal/tui/pickermodel.go:225.28,227.5 1 1
github.com/bladeacer/ocd/internal/tui/pickermodel.go:227.10,229.5 1 1
github.com/bladeacer/ocd/internal/tui/pickermodel.go:232.3,233.16 2 1
github.com/bladeacer/ocd/internal/tui/pickermodel.go:233.16,235.4 1 1
github.com/bladeacer/ocd/internal/tui/pickermodel.go:235.9,237.4 1 1
github.com/bladeacer/ocd/internal/tui/pickermodel.go:239.3,245.5 1 1
github.com/bladeacer/ocd/internal/tui/pickermodel.go:247.2,247.15 1 1
github.com/bladeacer/ocd/internal/tui/pickermodel.go:250.57,253.2 2 1
github.com/bladeacer/ocd/internal/tui/pickermodel.go:255.37,258.29 2 1
github.com/bladeacer/ocd/internal/tui/pickermodel.go:258.29,259.43 1 1
github.com/bladeacer/ocd/internal/tui/pickermodel.go:259.43,260.12 1 1
github.com/bladeacer/ocd/internal/tui/pickermodel.go:262.3,262.22 1 1
github.com/bladeacer/ocd/internal/tui/pickermodel.go:262.22,264.63 2 1
github.com/bladeacer/ocd/internal/tui/pickermodel.go:264.63,265.13 1 0
github.com/bladeacer/ocd/internal/tui/pickermodel.go:268.3,268.35 1 1
github.com/bladeacer/ocd/internal/tui/pickermodel.go:271.2,271.49 1 1
github.com/bladeacer/ocd/internal/tui/pickermodel.go:271.49,274.19 3 1
github.com/bladeacer/ocd/internal/tui/pickermodel.go:274.19,276.4 1 0
github.com/bladeacer/ocd/internal/tui/pickermodel.go:277.3,280.8 1 1
github.com/bladeacer/ocd/internal/tui/pickermodel.go:283.2,283.25 1 1
github.com/bladeacer/ocd/internal/tui/pickermodel.go:286.37,287.18 1 0
github.com/bladeacer/ocd/internal/tui/pickermodel.go:287.18,289.3 1 0
github.com/bladeacer/ocd/internal/tui/pickermodel.go:290.2,290.21 1 0
github.com/bladeacer/ocd/internal/tui/pickermodel.go:290.21,292.3 1 0
github.com/bladeacer/ocd/internal/tui/pickermodel.go:294.2,295.30 2 0
github.com/bladeacer/ocd/internal/tui/pickermodel.go:295.30,297.3 1 0
github.com/bladeacer/ocd/internal/tui/pickermodel.go:299.2,300.18 2 0
github.com/bladeacer/ocd/internal/tui/pickermodel.go:300.18,302.3 1 0
github.com/bladeacer/ocd/internal/tui/pickermodel.go:304.2,310.92 3 0
github.com/bladeacer/ocd/internal/tui/pickermodel.go:313.75,317.16 4 0
github.com/bladeacer/ocd/internal/tui/pickermodel.go:317.16,319.3 1 0
github.com/bladeacer/ocd/internal/tui/pickermodel.go:320.2,321.25 2 0
github.com/bladeacer/ocd/internal/tui/pickermodel.go:321.25,323.3 1 0
github.com/bladeacer/ocd/internal/tui/pickermodel.go:324.2,324.47 1 0
github.com/bladeacer/ocd/internal/tui/spinner.go:18.55,27.2 4 1
github.com/bladeacer/ocd/internal/tui/spinner.go:29.39,31.2 1 1
github.com/bladeacer/ocd/internal/tui/spinner.go:33.45,36.2 2 0
github.com/bladeacer/ocd/internal/tui/spinner.go:38.69,39.27 1 1
github.com/bladeacer/ocd/internal/tui/spinner.go:40.15,42.37 2 1
github.com/bladeacer/ocd/internal/tui/spinner.go:42.37,44.4 1 1
github.com/bladeacer/ocd/internal/tui/spinner.go:45.3,45.25 1 1
github.com/bladeacer/ocd/internal/tui/spinner.go:46.23,49.16 3 1
github.com/bladeacer/ocd/internal/tui/spinner.go:51.2,51.15 1 0
github.com/bladeacer/ocd/internal/tui/spinner.go:54.38,58.2 3 1
github.com/bladeacer/ocd/internal/tui/spinner.go:60.39,62.2 1 1
github.com/bladeacer/ocd/internal/tui/styles.go:42.33,54.2 4 1
github.com/bladeacer/ocd/internal/tui/view.go:11.31,12.17 1 1
github.com/bladeacer/ocd/internal/tui/view.go:13.20,14.25 1 1
github.com/bladeacer/ocd/internal/tui/view.go:15.31,16.30 1 1
github.com/bladeacer/ocd/internal/tui/view.go:17.20,18.25 1 0
github.com/bladeacer/ocd/internal/tui/view.go:20.2,20.11 1 0
github.com/bladeacer/ocd/internal/tui/view.go:23.38,24.18 1 1
github.com/bladeacer/ocd/internal/tui/view.go:24.18,26.3 1 1
github.com/bladeacer/ocd/internal/tui/view.go:28.2,31.84 3 1
github.com/bladeacer/ocd/internal/tui/view.go:34.43,39.28 3 1
github.com/bladeacer/ocd/internal/tui/view.go:39.28,41.3 1 1
github.com/bladeacer/ocd/internal/tui/view.go:43.2,48.19 4 1
github.com/bladeacer/ocd/internal/tui/view.go:51.37,63.2 4 1
github.com/bladeacer/ocd/internal/tui/view.go:65.50,66.12 1 1
github.com/bladeacer/ocd/internal/tui/view.go:66.12,68.3 1 1
github.com/bladeacer/ocd/internal/tui/view.go:69.2,69.53 1 1
github.com/bladeacer/ocd/internal/tui/view.go:72.38,80.2 3 1
